
R version 4.1.2 (2021-11-01) -- "Bird Hippie"
Copyright (C) 2021 The R Foundation for Statistical Computing
Platform: x86_64-pc-linux-gnu (64-bit)

R is free software and comes with ABSOLUTELY NO WARRANTY.
You are welcome to redistribute it under certain conditions.
Type 'license()' or 'licence()' for distribution details.

  Natural language support but running in an English locale

R is a collaborative project with many contributors.
Type 'contributors()' for more information and
'citation()' on how to cite R or R packages in publications.

Type 'demo()' for some demos, 'help()' for on-line help, or
'help.start()' for an HTML browser interface to help.
Type 'q()' to quit R.

> library("lglasso")
> library("glasso")
> library("BDgraph")
> library("GGMselect")
Loading required package: mvtnorm

Attaching package: 'mvtnorm'

The following object is masked from 'package:BDgraph':

    rmvnorm

> library("Matrix")
> m=30
> n=20
> e=2.302
> Nsim=50
> rho=vector("list",5)
> rho[[1]]=seq(0.001,0.3,length=20)
> rho[[2]]=seq(0.001,0.3,length=20)
> rho[[3]]=seq(0.001,0.3,length=20)
> rho[[4]]=seq(0.00001,0.1,length=10)
> rho[[5]]=seq(0.00001,0.1,length=10)
> set.seed(m+n+e)
> simures=power_compare1(m=m,n=n,p=80,coe=c(e,0,0),l=Nsim,rho=rho,prob=0.01,heter=F,community2=F)
[1] "The 1th simulation:"
[1] "homo data are generated"
 [1] "lglasso's bic is -23528.3500925198" "lglasso's bic is -28997.4340993403"
 [3] "lglasso's bic is -32892.2647641655" "lglasso's bic is -35554.5714727748"
 [5] "lglasso's bic is -37168.7104281097" "lglasso's bic is -38071.959166141" 
 [7] "lglasso's bic is -38271.6464865685" "lglasso's bic is -38330.5980653307"
 [9] "lglasso's bic is -38213.2805969101" "lglasso's bic is -38044.6337846386"
[11] "lglasso's bic is -37843.5962084905" "lglasso's bic is -37629.6039456716"
[13] "lglasso's bic is -37415.2664893995" "lglasso's bic is -37191.3683749723"
[15] "lglasso's bic is -36978.5594716627" "lglasso's bic is -36751.607154958" 
[17] "lglasso's bic is -36529.7041372268" "lglasso's bic is -36300.1429000403"
[19] "lglasso's bic is -36085.3670649153" "lglasso's bic is -35859.8780477805"
[1] "The 2th simulation:"
[1] "homo data are generated"
 [1] "lglasso's bic is -23539.4077789317" "lglasso's bic is -29237.3179193622"
 [3] "lglasso's bic is -33049.0238624063" "lglasso's bic is -35454.3595580809"
 [5] "lglasso's bic is -36836.5126325552" "lglasso's bic is -37782.4639996337"
 [7] "lglasso's bic is -38184.5412577703" "lglasso's bic is -38234.5625179704"
 [9] "lglasso's bic is -38098.3057793965" "lglasso's bic is -37926.6956365231"
[11] "lglasso's bic is -37712.6425778322" "lglasso's bic is -37502.470923341" 
[13] "lglasso's bic is -37278.5176296266" "lglasso's bic is -37062.7593426045"
[15] "lglasso's bic is -36838.7332807735" "lglasso's bic is -36626.3422517999"
[17] "lglasso's bic is -36400.0861506428" "lglasso's bic is -36180.7983014042"
[19] "lglasso's bic is -35962.2333841714" "lglasso's bic is -35737.8085025626"
[1] "The 3th simulation:"
[1] "homo data are generated"
 [1] "lglasso's bic is -22539.2207964176" "lglasso's bic is -27924.1056904296"
 [3] "lglasso's bic is -31634.5208569809" "lglasso's bic is -34352.4360401268"
 [5] "lglasso's bic is -35812.783796436"  "lglasso's bic is -36615.1615000268"
 [7] "lglasso's bic is -37063.0798912359" "lglasso's bic is -37182.7962534863"
 [9] "lglasso's bic is -37127.9958506856" "lglasso's bic is -36946.6102764326"
[11] "lglasso's bic is -36745.7070278275" "lglasso's bic is -36538.7717020622"
[13] "lglasso's bic is -36318.313007823"  "lglasso's bic is -36102.1819108142"
[15] "lglasso's bic is -35879.1033165122" "lglasso's bic is -35653.4616838606"
[17] "lglasso's bic is -35420.7934477487" "lglasso's bic is -35195.1853702469"
[19] "lglasso's bic is -34976.2300816375" "lglasso's bic is -34762.0376635768"
[1] "The 4th simulation:"
[1] "homo data are generated"
 [1] "lglasso's bic is -27505.791798192"  "lglasso's bic is -33595.4372820603"
 [3] "lglasso's bic is -37174.1830506084" "lglasso's bic is -39302.1012565887"
 [5] "lglasso's bic is -40564.378171227"  "lglasso's bic is -41167.8744540428"
 [7] "lglasso's bic is -41313.0550198403" "lglasso's bic is -41301.9015613224"
 [9] "lglasso's bic is -41088.3756518585" "lglasso's bic is -40774.4576755512"
[11] "lglasso's bic is -40428.754343865"  "lglasso's bic is -40097.1368504792"
[13] "lglasso's bic is -39754.6402702414" "lglasso's bic is -39413.2839990389"
[15] "lglasso's bic is -39066.9452354038" "lglasso's bic is -38721.8284145274"
[17] "lglasso's bic is -38378.3267652651" "lglasso's bic is -38043.5935517404"
[19] "lglasso's bic is -37707.2710789158" "lglasso's bic is -37380.3087807373"
[1] "The 5th simulation:"
[1] "homo data are generated"
 [1] "lglasso's bic is -31119.9002637261" "lglasso's bic is -37230.0020508454"
 [3] "lglasso's bic is -40081.0902770126" "lglasso's bic is -41869.7243532313"
 [5] "lglasso's bic is -42868.1909407806" "lglasso's bic is -43179.8584030097"
 [7] "lglasso's bic is -43198.8645927047" "lglasso's bic is -42868.8739830655"
 [9] "lglasso's bic is -42499.0871388241" "lglasso's bic is -42026.0599305727"
[11] "lglasso's bic is -41547.9737602766" "lglasso's bic is -41095.0176678817"
[13] "lglasso's bic is -40639.1096997296" "lglasso's bic is -40199.4817160768"
[15] "lglasso's bic is -39762.8953018914" "lglasso's bic is -39333.7740775025"
[17] "lglasso's bic is -38919.2253106927" "lglasso's bic is -38506.8023767264"
[19] "lglasso's bic is -38100.4682880341" "lglasso's bic is -37708.6327924764"
[1] "The 6th simulation:"
[1] "homo data are generated"
 [1] "lglasso's bic is -24092.1247554429" "lglasso's bic is -29529.5838071619"
 [3] "lglasso's bic is -33168.6140185605" "lglasso's bic is -35694.7568454133"
 [5] "lglasso's bic is -37398.9832661389" "lglasso's bic is -38302.2416518878"
 [7] "lglasso's bic is -38645.0483916565" "lglasso's bic is -38730.485748586" 
 [9] "lglasso's bic is -38587.3611277107" "lglasso's bic is -38389.8269014217"
[11] "lglasso's bic is -38179.2507514407" "lglasso's bic is -37965.818407057" 
[13] "lglasso's bic is -37737.5081430917" "lglasso's bic is -37516.5353732589"
[15] "lglasso's bic is -37289.9759323693" "lglasso's bic is -37063.2018811833"
[17] "lglasso's bic is -36836.5146456482" "lglasso's bic is -36602.2611641994"
[19] "lglasso's bic is -36383.5421234172" "lglasso's bic is -36153.1258212665"
[1] "The 7th simulation:"
[1] "homo data are generated"
 [1] "lglasso's bic is -23030.502694098"  "lglasso's bic is -28836.5882728414"
 [3] "lglasso's bic is -32390.0705759066" "lglasso's bic is -34922.6896389"   
 [5] "lglasso's bic is -36395.8654395509" "lglasso's bic is -37248.0021098849"
 [7] "lglasso's bic is -37606.029479726"  "lglasso's bic is -37681.7733206888"
 [9] "lglasso's bic is -37585.3195350631" "lglasso's bic is -37383.4350671222"
[11] "lglasso's bic is -37170.5399288978" "lglasso's bic is -36929.4608512303"
[13] "lglasso's bic is -36684.3720771226" "lglasso's bic is -36444.299361118" 
[15] "lglasso's bic is -36196.0075785077" "lglasso's bic is -35945.5373683067"
[17] "lglasso's bic is -35700.5643685005" "lglasso's bic is -35449.3993367685"
[19] "lglasso's bic is -35204.0004122393" "lglasso's bic is -34968.0682560256"
[1] "The 8th simulation:"
[1] "homo data are generated"
 [1] "lglasso's bic is -28029.8644551346" "lglasso's bic is -34532.3413412468"
 [3] "lglasso's bic is -37671.7013953477" "lglasso's bic is -39517.7197919838"
 [5] "lglasso's bic is -40850.996294577"  "lglasso's bic is -41450.6498600706"
 [7] "lglasso's bic is -41594.4418857121" "lglasso's bic is -41451.5461595835"
 [9] "lglasso's bic is -41161.6980622567" "lglasso's bic is -40845.1529829298"
[11] "lglasso's bic is -40489.1293111482" "lglasso's bic is -40099.0999181821"
[13] "lglasso's bic is -39716.4470327696" "lglasso's bic is -39329.4045992984"
[15] "lglasso's bic is -38950.5628017122" "lglasso's bic is -38598.0651501774"
[17] "lglasso's bic is -38231.356761176"  "lglasso's bic is -37869.0169890431"
[19] "lglasso's bic is -37506.5061793356" "lglasso's bic is -37154.8134868043"
[1] "The 9th simulation:"
[1] "homo data are generated"
 [1] "lglasso's bic is -26357.3738192939" "lglasso's bic is -32345.480968178" 
 [3] "lglasso's bic is -35716.0604163218" "lglasso's bic is -38133.2485624242"
 [5] "lglasso's bic is -39369.16549605"   "lglasso's bic is -39920.3133239949"
 [7] "lglasso's bic is -39975.1976819951" "lglasso's bic is -39905.3968717651"
 [9] "lglasso's bic is -39708.6970834799" "lglasso's bic is -39402.2638039425"
[11] "lglasso's bic is -39100.1187765902" "lglasso's bic is -38766.4724575304"
[13] "lglasso's bic is -38446.2871324307" "lglasso's bic is -38110.6674788257"
[15] "lglasso's bic is -37794.9540457579" "lglasso's bic is -37488.3653286894"
[17] "lglasso's bic is -37169.6556406438" "lglasso's bic is -36855.4103269604"
[19] "lglasso's bic is -36537.3492704746" "lglasso's bic is -36227.33723204"  
[1] "The 10th simulation:"
[1] "homo data are generated"
 [1] "lglasso's bic is -27920.4614972275" "lglasso's bic is -33576.3087719332"
 [3] "lglasso's bic is -37320.781132116"  "lglasso's bic is -39661.2210311092"
 [5] "lglasso's bic is -41038.2632967398" "lglasso's bic is -41673.4805397981"
 [7] "lglasso's bic is -42009.0339254477" "lglasso's bic is -41943.4512433282"
 [9] "lglasso's bic is -41794.9288869776" "lglasso's bic is -41558.7607026521"
[11] "lglasso's bic is -41260.1358633587" "lglasso's bic is -40973.578458349" 
[13] "lglasso's bic is -40676.0261248561" "lglasso's bic is -40386.3827525999"
[15] "lglasso's bic is -40090.0133709979" "lglasso's bic is -39800.4589459433"
[17] "lglasso's bic is -39520.1084135737" "lglasso's bic is -39237.8537533392"
[19] "lglasso's bic is -38953.1200271228" "lglasso's bic is -38669.2192772866"
[1] "The 11th simulation:"
[1] "homo data are generated"
 [1] "lglasso's bic is -23340.0961689248" "lglasso's bic is -28870.8060912379"
 [3] "lglasso's bic is -32798.9877257299" "lglasso's bic is -35335.5313881354"
 [5] "lglasso's bic is -36966.3862156581" "lglasso's bic is -37799.0116257319"
 [7] "lglasso's bic is -38198.9299895446" "lglasso's bic is -38270.2493456718"
 [9] "lglasso's bic is -38121.5660829666" "lglasso's bic is -37973.7135401206"
[11] "lglasso's bic is -37747.6672619173" "lglasso's bic is -37510.5857803781"
[13] "lglasso's bic is -37267.9757060383" "lglasso's bic is -37020.8088260179"
[15] "lglasso's bic is -36769.8975574191" "lglasso's bic is -36546.4862719049"
[17] "lglasso's bic is -36308.0176055407" "lglasso's bic is -36064.0013573369"
[19] "lglasso's bic is -35825.8603854143" "lglasso's bic is -35589.9564617559"
[1] "The 12th simulation:"
[1] "homo data are generated"
 [1] "lglasso's bic is -53195.7370109355" "lglasso's bic is -54592.0102762491"
 [3] "lglasso's bic is -54405.5963257081" "lglasso's bic is -54287.5282695977"
 [5] "lglasso's bic is -53905.2123659108" "lglasso's bic is -53148.5881755204"
 [7] "lglasso's bic is -52285.0434720811" "lglasso's bic is -51294.5587808122"
 [9] "lglasso's bic is -50269.5683014478" "lglasso's bic is -49331.9140271964"
[11] "lglasso's bic is -48448.1207863375" "lglasso's bic is -47597.6983007348"
[13] "lglasso's bic is -46792.1858154311" "lglasso's bic is -46029.5648654508"
[15] "lglasso's bic is -45304.1555338106" "lglasso's bic is -44618.0283681567"
[17] "lglasso's bic is -43956.9158256984" "lglasso's bic is -43321.4432584999"
[19] "lglasso's bic is -42708.8522911403" "lglasso's bic is -42116.9154234443"
[1] "The 13th simulation:"
[1] "homo data are generated"
 [1] "lglasso's bic is -27537.991025437"  "lglasso's bic is -33590.1748206132"
 [3] "lglasso's bic is -37041.2637690011" "lglasso's bic is -38985.5009609493"
 [5] "lglasso's bic is -40441.9154389193" "lglasso's bic is -41188.8946465099"
 [7] "lglasso's bic is -41299.554503508"  "lglasso's bic is -41232.4806755396"
 [9] "lglasso's bic is -41023.2181222541" "lglasso's bic is -40709.0372211869"
[11] "lglasso's bic is -40380.1832913952" "lglasso's bic is -40045.3858493013"
[13] "lglasso's bic is -39712.8376715599" "lglasso's bic is -39381.6710604059"
[15] "lglasso's bic is -39047.725750082"  "lglasso's bic is -38721.4737595568"
[17] "lglasso's bic is -38390.3143456574" "lglasso's bic is -38060.7366273273"
[19] "lglasso's bic is -37747.8131280038" "lglasso's bic is -37425.678723598" 
[1] "The 14th simulation:"
[1] "homo data are generated"
 [1] "lglasso's bic is -27387.3094733038" "lglasso's bic is -33490.368693333" 
 [3] "lglasso's bic is -37281.3867987398" "lglasso's bic is -39379.8410842941"
 [5] "lglasso's bic is -40666.790859251"  "lglasso's bic is -41210.5355583431"
 [7] "lglasso's bic is -41392.204679086"  "lglasso's bic is -41220.423430557" 
 [9] "lglasso's bic is -41011.0036950248" "lglasso's bic is -40690.4789874262"
[11] "lglasso's bic is -40366.3117415891" "lglasso's bic is -40015.0605698752"
[13] "lglasso's bic is -39662.8309837303" "lglasso's bic is -39294.9301602919"
[15] "lglasso's bic is -38931.958504257"  "lglasso's bic is -38568.2957534607"
[17] "lglasso's bic is -38233.4152601854" "lglasso's bic is -37869.2396121523"
[19] "lglasso's bic is -37505.4584697433" "lglasso's bic is -37162.7080076294"
[1] "The 15th simulation:"
[1] "homo data are generated"
 [1] "lglasso's bic is -35400.674230341"  "lglasso's bic is -41747.6709013302"
 [3] "lglasso's bic is -44432.4341740736" "lglasso's bic is -45926.4044579087"
 [5] "lglasso's bic is -46675.075678526"  "lglasso's bic is -46854.9706380268"
 [7] "lglasso's bic is -46648.9472579508" "lglasso's bic is -46270.928613119" 
 [9] "lglasso's bic is -45751.463347081"  "lglasso's bic is -45210.2284440767"
[11] "lglasso's bic is -44664.9250869574" "lglasso's bic is -44124.5219807605"
[13] "lglasso's bic is -43611.9264715615" "lglasso's bic is -43096.0523518504"
[15] "lglasso's bic is -42591.3386563091" "lglasso's bic is -42097.9646761431"
[17] "lglasso's bic is -41614.7371038517" "lglasso's bic is -41148.2332134513"
[19] "lglasso's bic is -40685.9716534434" "lglasso's bic is -40246.5166895658"
[1] "The 16th simulation:"
[1] "homo data are generated"
 [1] "lglasso's bic is -22553.7701109771" "lglasso's bic is -28478.0997923237"
 [3] "lglasso's bic is -32103.0290774683" "lglasso's bic is -34395.9066529773"
 [5] "lglasso's bic is -36089.6249598425" "lglasso's bic is -36921.8200533968"
 [7] "lglasso's bic is -37379.1924233712" "lglasso's bic is -37499.9284220458"
 [9] "lglasso's bic is -37388.4315995568" "lglasso's bic is -37222.8990487156"
[11] "lglasso's bic is -37077.5570099706" "lglasso's bic is -36871.2563876212"
[13] "lglasso's bic is -36665.5624933529" "lglasso's bic is -36455.4961319667"
[15] "lglasso's bic is -36258.9794961001" "lglasso's bic is -36050.2189878115"
[17] "lglasso's bic is -35840.3357061226" "lglasso's bic is -35621.4043119442"
[19] "lglasso's bic is -35400.0706435132" "lglasso's bic is -35183.8313061602"
[1] "The 17th simulation:"
[1] "homo data are generated"
 [1] "lglasso's bic is -23304.8385141395" "lglasso's bic is -28997.0762790885"
 [3] "lglasso's bic is -32578.8327020548" "lglasso's bic is -35303.0040640956"
 [5] "lglasso's bic is -36900.1013567793" "lglasso's bic is -37686.2712905932"
 [7] "lglasso's bic is -37963.3576700913" "lglasso's bic is -37960.4704805146"
 [9] "lglasso's bic is -37829.7632184174" "lglasso's bic is -37625.7090584624"
[11] "lglasso's bic is -37400.5713243947" "lglasso's bic is -37181.1173023188"
[13] "lglasso's bic is -36950.9033166031" "lglasso's bic is -36698.0760697687"
[15] "lglasso's bic is -36441.6939049892" "lglasso's bic is -36190.2943199194"
[17] "lglasso's bic is -35938.711128298"  "lglasso's bic is -35704.4413815126"
[19] "lglasso's bic is -35454.5425001733" "lglasso's bic is -35203.4249331442"
[1] "The 18th simulation:"
[1] "homo data are generated"
 [1] "lglasso's bic is -26133.0541569788" "lglasso's bic is -32150.0716978255"
 [3] "lglasso's bic is -35575.1437601094" "lglasso's bic is -37598.7448952577"
 [5] "lglasso's bic is -38801.7390367452" "lglasso's bic is -39448.8066250489"
 [7] "lglasso's bic is -39704.876455667"  "lglasso's bic is -39650.5191372597"
 [9] "lglasso's bic is -39361.4151317456" "lglasso's bic is -39038.7436737575"
[11] "lglasso's bic is -38691.6698132528" "lglasso's bic is -38336.3183045663"
[13] "lglasso's bic is -37991.560883627"  "lglasso's bic is -37650.1514670323"
[15] "lglasso's bic is -37305.5428263748" "lglasso's bic is -36963.9484484953"
[17] "lglasso's bic is -36634.1869154928" "lglasso's bic is -36301.527135885" 
[19] "lglasso's bic is -35978.3282621052" "lglasso's bic is -35652.1918903803"
[1] "The 19th simulation:"
[1] "homo data are generated"
 [1] "lglasso's bic is -20511.0228953286" "lglasso's bic is -25916.567375891" 
 [3] "lglasso's bic is -29729.4264470932" "lglasso's bic is -32442.885094365" 
 [5] "lglasso's bic is -33965.0472831828" "lglasso's bic is -34810.4526460472"
 [7] "lglasso's bic is -35377.1756974397" "lglasso's bic is -35407.0267658009"
 [9] "lglasso's bic is -35295.3524006584" "lglasso's bic is -35124.5058784333"
[11] "lglasso's bic is -34935.2522274512" "lglasso's bic is -34722.4456549768"
[13] "lglasso's bic is -34498.2505261172" "lglasso's bic is -34295.8473257886"
[15] "lglasso's bic is -34067.3160627663" "lglasso's bic is -33844.119374669" 
[17] "lglasso's bic is -33619.5771966888" "lglasso's bic is -33401.3686157995"
[19] "lglasso's bic is -33209.6972462021" "lglasso's bic is -33003.1919190401"
[1] "The 20th simulation:"
[1] "homo data are generated"
 [1] "lglasso's bic is -21916.416988532"  "lglasso's bic is -27305.4736110293"
 [3] "lglasso's bic is -31401.9864102034" "lglasso's bic is -33910.535914404" 
 [5] "lglasso's bic is -35506.6204555985" "lglasso's bic is -36343.6055663542"
 [7] "lglasso's bic is -36827.1128665058" "lglasso's bic is -36946.2985291233"
 [9] "lglasso's bic is -36872.143376854"  "lglasso's bic is -36722.8079741461"
[11] "lglasso's bic is -36554.3454645217" "lglasso's bic is -36381.1475251931"
[13] "lglasso's bic is -36187.4153563589" "lglasso's bic is -36014.9644597325"
[15] "lglasso's bic is -35820.6662338307" "lglasso's bic is -35623.0544777216"
[17] "lglasso's bic is -35422.5388742081" "lglasso's bic is -35219.47658287"  
[19] "lglasso's bic is -35014.1808918756" "lglasso's bic is -34824.9036159593"
[1] "The 21th simulation:"
[1] "homo data are generated"
 [1] "lglasso's bic is -29546.7392254701" "lglasso's bic is -35945.8128227363"
 [3] "lglasso's bic is -39244.8640568376" "lglasso's bic is -41356.9561051148"
 [5] "lglasso's bic is -42539.7851515736" "lglasso's bic is -43079.673552743" 
 [7] "lglasso's bic is -43102.8214124077" "lglasso's bic is -42962.4930199907"
 [9] "lglasso's bic is -42649.5895431976" "lglasso's bic is -42302.9121315044"
[11] "lglasso's bic is -41926.5827657814" "lglasso's bic is -41549.0039284746"
[13] "lglasso's bic is -41182.6021149607" "lglasso's bic is -40812.8755145767"
[15] "lglasso's bic is -40433.8069084721" "lglasso's bic is -40069.867423092" 
[17] "lglasso's bic is -39695.9254684578" "lglasso's bic is -39331.0600113058"
[19] "lglasso's bic is -38963.1562321501" "lglasso's bic is -38598.2349045197"
[1] "The 22th simulation:"
[1] "homo data are generated"
 [1] "lglasso's bic is -25968.7106902928" "lglasso's bic is -32115.5882195713"
 [3] "lglasso's bic is -35692.7396641568" "lglasso's bic is -37877.8687834303"
 [5] "lglasso's bic is -39089.6445186254" "lglasso's bic is -39961.8725959546"
 [7] "lglasso's bic is -40027.6227466696" "lglasso's bic is -39973.3899284404"
 [9] "lglasso's bic is -39728.1402671922" "lglasso's bic is -39413.7474687064"
[11] "lglasso's bic is -39078.8077696175" "lglasso's bic is -38724.3663903197"
[13] "lglasso's bic is -38367.491379782"  "lglasso's bic is -38016.835325413" 
[15] "lglasso's bic is -37660.2886531021" "lglasso's bic is -37303.6591873389"
[17] "lglasso's bic is -36954.7912291538" "lglasso's bic is -36628.6948829455"
[19] "lglasso's bic is -36297.8100073554" "lglasso's bic is -35965.8165442211"
[1] "The 23th simulation:"
[1] "homo data are generated"
 [1] "lglasso's bic is -25245.905277828"  "lglasso's bic is -31155.4141269463"
 [3] "lglasso's bic is -34997.5295502182" "lglasso's bic is -37240.8903801785"
 [5] "lglasso's bic is -38624.9104324735" "lglasso's bic is -39429.0711697402"
 [7] "lglasso's bic is -39737.0833698109" "lglasso's bic is -39729.4946693727"
 [9] "lglasso's bic is -39551.2764418552" "lglasso's bic is -39323.9622553663"
[11] "lglasso's bic is -39064.3592490968" "lglasso's bic is -38794.4042023065"
[13] "lglasso's bic is -38514.5014349467" "lglasso's bic is -38231.7771816726"
[15] "lglasso's bic is -37946.8725869993" "lglasso's bic is -37660.3038889034"
[17] "lglasso's bic is -37380.5022583414" "lglasso's bic is -37110.2132885563"
[19] "lglasso's bic is -36834.1063378478" "lglasso's bic is -36558.9779769989"
[1] "The 24th simulation:"
[1] "homo data are generated"
 [1] "lglasso's bic is -26106.0938262673" "lglasso's bic is -32354.3044822476"
 [3] "lglasso's bic is -35926.4922425288" "lglasso's bic is -38030.750640531" 
 [5] "lglasso's bic is -39254.8702294586" "lglasso's bic is -39923.5574816017"
 [7] "lglasso's bic is -40076.5668555844" "lglasso's bic is -39970.53438432"  
 [9] "lglasso's bic is -39737.2869177685" "lglasso's bic is -39441.7219657619"
[11] "lglasso's bic is -39121.0593217835" "lglasso's bic is -38812.5827438413"
[13] "lglasso's bic is -38489.898386609"  "lglasso's bic is -38179.1603440003"
[15] "lglasso's bic is -37867.1652716732" "lglasso's bic is -37550.9717746738"
[17] "lglasso's bic is -37236.3209217197" "lglasso's bic is -36923.2803883269"
[19] "lglasso's bic is -36611.8929830182" "lglasso's bic is -36308.8155751602"
[1] "The 25th simulation:"
[1] "homo data are generated"
 [1] "lglasso's bic is -26615.7471403173" "lglasso's bic is -32446.1361337859"
 [3] "lglasso's bic is -36002.9230513113" "lglasso's bic is -38351.3281339962"
 [5] "lglasso's bic is -39870.7016451096" "lglasso's bic is -40518.6804425199"
 [7] "lglasso's bic is -40768.1080137689" "lglasso's bic is -40753.6802952961"
 [9] "lglasso's bic is -40606.2177113282" "lglasso's bic is -40342.1800010729"
[11] "lglasso's bic is -40056.6709074429" "lglasso's bic is -39759.4376591327"
[13] "lglasso's bic is -39461.4371488057" "lglasso's bic is -39172.4799960019"
[15] "lglasso's bic is -38870.8350552718" "lglasso's bic is -38569.0531131038"
[17] "lglasso's bic is -38267.482608664"  "lglasso's bic is -37966.3910896018"
[19] "lglasso's bic is -37665.9894327297" "lglasso's bic is -37374.7546743625"
[1] "The 26th simulation:"
[1] "homo data are generated"
 [1] "lglasso's bic is -23507.8943207536" "lglasso's bic is -29233.06674577"  
 [3] "lglasso's bic is -33147.3037305345" "lglasso's bic is -35389.1007982599"
 [5] "lglasso's bic is -36794.1019165526" "lglasso's bic is -37758.1498226784"
 [7] "lglasso's bic is -38069.1379848276" "lglasso's bic is -38054.0468312113"
 [9] "lglasso's bic is -37978.4989080084" "lglasso's bic is -37783.3821944023"
[11] "lglasso's bic is -37576.4727171524" "lglasso's bic is -37332.9830907307"
[13] "lglasso's bic is -37086.3652705219" "lglasso's bic is -36837.1872902295"
[15] "lglasso's bic is -36596.2406379905" "lglasso's bic is -36371.443723034" 
[17] "lglasso's bic is -36120.6489674126" "lglasso's bic is -35868.0209202474"
[19] "lglasso's bic is -35622.9395391469" "lglasso's bic is -35378.3672493758"
[1] "The 27th simulation:"
[1] "homo data are generated"
 [1] "lglasso's bic is -22723.1117173313" "lglasso's bic is -28255.831623634" 
 [3] "lglasso's bic is -31809.0065988407" "lglasso's bic is -34300.1118838398"
 [5] "lglasso's bic is -35895.5858094254" "lglasso's bic is -36897.3630063977"
 [7] "lglasso's bic is -37203.3742066503" "lglasso's bic is -37284.7681835162"
 [9] "lglasso's bic is -37220.4330683522" "lglasso's bic is -37011.7743866329"
[11] "lglasso's bic is -36819.034853106"  "lglasso's bic is -36590.6285054585"
[13] "lglasso's bic is -36352.9329214886" "lglasso's bic is -36111.6245633324"
[15] "lglasso's bic is -35882.1677193741" "lglasso's bic is -35644.7239927511"
[17] "lglasso's bic is -35406.4415100355" "lglasso's bic is -35170.5086286573"
[19] "lglasso's bic is -34934.6927006296" "lglasso's bic is -34701.2232064339"
[1] "The 28th simulation:"
[1] "homo data are generated"
 [1] "lglasso's bic is -29189.9986104029" "lglasso's bic is -35426.5286373372"
 [3] "lglasso's bic is -38785.6680912381" "lglasso's bic is -40774.5117879192"
 [5] "lglasso's bic is -41973.2333957022" "lglasso's bic is -42558.3454662276"
 [7] "lglasso's bic is -42705.2205477654" "lglasso's bic is -42574.4706535046"
 [9] "lglasso's bic is -42318.1020691531" "lglasso's bic is -41976.734740279" 
[11] "lglasso's bic is -41621.3607900803" "lglasso's bic is -41237.6470465377"
[13] "lglasso's bic is -40867.6674039866" "lglasso's bic is -40479.7977100823"
[15] "lglasso's bic is -40092.437987432"  "lglasso's bic is -39713.7672890474"
[17] "lglasso's bic is -39361.7556931055" "lglasso's bic is -38988.2773687809"
[19] "lglasso's bic is -38616.5917974386" "lglasso's bic is -38260.3382544438"
[1] "The 29th simulation:"
[1] "homo data are generated"
 [1] "lglasso's bic is -22943.030411433"  "lglasso's bic is -28356.4953532771"
 [3] "lglasso's bic is -32327.7236509665" "lglasso's bic is -34972.1222403851"
 [5] "lglasso's bic is -36571.8432212352" "lglasso's bic is -37436.3160895926"
 [7] "lglasso's bic is -37742.5056847711" "lglasso's bic is -37835.5896893068"
 [9] "lglasso's bic is -37811.2463344097" "lglasso's bic is -37634.8858247668"
[11] "lglasso's bic is -37432.8105584575" "lglasso's bic is -37226.8483123062"
[13] "lglasso's bic is -37039.2622017696" "lglasso's bic is -36825.3108212586"
[15] "lglasso's bic is -36614.9678857873" "lglasso's bic is -36397.792096524" 
[17] "lglasso's bic is -36178.2525955191" "lglasso's bic is -35956.68609013"  
[19] "lglasso's bic is -35733.3826537444" "lglasso's bic is -35508.594075441" 
[1] "The 30th simulation:"
[1] "homo data are generated"
 [1] "lglasso's bic is -24824.9987349589" "lglasso's bic is -30909.0348406333"
 [3] "lglasso's bic is -34370.4203743945" "lglasso's bic is -36853.0056443428"
 [5] "lglasso's bic is -38404.3563644368" "lglasso's bic is -39132.0329445276"
 [7] "lglasso's bic is -39439.3236088036" "lglasso's bic is -39428.5882086448"
 [9] "lglasso's bic is -39285.2740488796" "lglasso's bic is -39080.0223576954"
[11] "lglasso's bic is -38834.85164821"   "lglasso's bic is -38596.5180752189"
[13] "lglasso's bic is -38348.9071198737" "lglasso's bic is -38105.4532942582"
[15] "lglasso's bic is -37855.2703698995" "lglasso's bic is -37598.1324900098"
[17] "lglasso's bic is -37339.321063254"  "lglasso's bic is -37079.2327928099"
[19] "lglasso's bic is -36818.2053710076" "lglasso's bic is -36556.5274700338"
[1] "The 31th simulation:"
[1] "homo data are generated"
 [1] "lglasso's bic is -28189.7287263606" "lglasso's bic is -34234.1030933633"
 [3] "lglasso's bic is -37642.2681714447" "lglasso's bic is -39915.163120969" 
 [5] "lglasso's bic is -41040.2008347274" "lglasso's bic is -41593.268916356" 
 [7] "lglasso's bic is -41768.7355648452" "lglasso's bic is -41604.0808416286"
 [9] "lglasso's bic is -41322.3091111966" "lglasso's bic is -41012.4242599598"
[11] "lglasso's bic is -40682.2968406175" "lglasso's bic is -40336.8237026613"
[13] "lglasso's bic is -39989.346750314"  "lglasso's bic is -39653.976748939" 
[15] "lglasso's bic is -39308.8769353662" "lglasso's bic is -38971.2207890152"
[17] "lglasso's bic is -38657.6464123585" "lglasso's bic is -38329.8492908286"
[19] "lglasso's bic is -37997.6314580688" "lglasso's bic is -37673.4625232639"
[1] "The 32th simulation:"
[1] "homo data are generated"
 [1] "lglasso's bic is -23771.83018548"   "lglasso's bic is -29274.787499841" 
 [3] "lglasso's bic is -33294.7766597893" "lglasso's bic is -35685.294967932" 
 [5] "lglasso's bic is -37237.6680029966" "lglasso's bic is -37999.9094517383"
 [7] "lglasso's bic is -38404.4267647503" "lglasso's bic is -38571.7445650733"
 [9] "lglasso's bic is -38524.1379166187" "lglasso's bic is -38352.053956788" 
[11] "lglasso's bic is -38190.4817424589" "lglasso's bic is -37986.8512990759"
[13] "lglasso's bic is -37795.1716574535" "lglasso's bic is -37596.9054997469"
[15] "lglasso's bic is -37390.3628418052" "lglasso's bic is -37176.1920999818"
[17] "lglasso's bic is -36973.3774529397" "lglasso's bic is -36759.0111751141"
[19] "lglasso's bic is -36568.3501297263" "lglasso's bic is -36365.3446075683"
[1] "The 33th simulation:"
[1] "homo data are generated"
 [1] "lglasso's bic is -29648.8729696412" "lglasso's bic is -35629.8483572785"
 [3] "lglasso's bic is -38984.8843736836" "lglasso's bic is -40959.8476751942"
 [5] "lglasso's bic is -42196.3251877006" "lglasso's bic is -42704.0664956602"
 [7] "lglasso's bic is -42748.5263846204" "lglasso's bic is -42536.2181376304"
 [9] "lglasso's bic is -42246.5782860975" "lglasso's bic is -41866.8812827566"
[11] "lglasso's bic is -41464.2494289759" "lglasso's bic is -41055.3504282378"
[13] "lglasso's bic is -40642.0146466458" "lglasso's bic is -40258.2873987167"
[15] "lglasso's bic is -39861.2542532343" "lglasso's bic is -39480.7133191337"
[17] "lglasso's bic is -39106.648026066"  "lglasso's bic is -38734.0036537945"
[19] "lglasso's bic is -38376.9585012283" "lglasso's bic is -38023.5653535922"
[1] "The 34th simulation:"
[1] "homo data are generated"
 [1] "lglasso's bic is -32363.2658974936" "lglasso's bic is -39014.4613676596"
 [3] "lglasso's bic is -42048.2035212365" "lglasso's bic is -43845.2446393181"
 [5] "lglasso's bic is -44761.1577944602" "lglasso's bic is -44980.8760542276"
 [7] "lglasso's bic is -44978.5065311461" "lglasso's bic is -44698.9422493335"
 [9] "lglasso's bic is -44290.6861111869" "lglasso's bic is -43805.5077334733"
[11] "lglasso's bic is -43316.8969694222" "lglasso's bic is -42825.870599514" 
[13] "lglasso's bic is -42343.3977564651" "lglasso's bic is -41869.1777222514"
[15] "lglasso's bic is -41410.7014273088" "lglasso's bic is -40954.2415905726"
[17] "lglasso's bic is -40504.8309320815" "lglasso's bic is -40075.2213762493"
[19] "lglasso's bic is -39639.9967076746" "lglasso's bic is -39217.4630646186"
[1] "The 35th simulation:"
[1] "homo data are generated"
 [1] "lglasso's bic is -23038.0992422436" "lglasso's bic is -28826.7775374654"
 [3] "lglasso's bic is -32696.660968572"  "lglasso's bic is -35033.0484039118"
 [5] "lglasso's bic is -36530.1029012371" "lglasso's bic is -37367.1347972919"
 [7] "lglasso's bic is -37679.4071096786" "lglasso's bic is -37773.8734185951"
 [9] "lglasso's bic is -37685.9042326176" "lglasso's bic is -37475.4887545265"
[11] "lglasso's bic is -37265.0820770358" "lglasso's bic is -37040.3997057693"
[13] "lglasso's bic is -36808.7124342439" "lglasso's bic is -36587.4846640501"
[15] "lglasso's bic is -36353.0788949028" "lglasso's bic is -36111.4994639549"
[17] "lglasso's bic is -35867.1632686099" "lglasso's bic is -35620.4416856408"
[19] "lglasso's bic is -35378.396745969"  "lglasso's bic is -35143.612456977" 
[1] "The 36th simulation:"
[1] "homo data are generated"
 [1] "lglasso's bic is -27231.9302604657" "lglasso's bic is -33359.4157363453"
 [3] "lglasso's bic is -36781.2571624623" "lglasso's bic is -39017.1863889558"
 [5] "lglasso's bic is -40052.2180554836" "lglasso's bic is -40572.6547855429"
 [7] "lglasso's bic is -40734.0398676451" "lglasso's bic is -40644.5928198478"
 [9] "lglasso's bic is -40333.2003798537" "lglasso's bic is -39981.3306920714"
[11] "lglasso's bic is -39596.6319363409" "lglasso's bic is -39210.0494126367"
[13] "lglasso's bic is -38828.1205012468" "lglasso's bic is -38437.0797401986"
[15] "lglasso's bic is -38041.5942256908" "lglasso's bic is -37655.1369089624"
[17] "lglasso's bic is -37272.8066327907" "lglasso's bic is -36888.2769057616"
[19] "lglasso's bic is -36523.0469538411" "lglasso's bic is -36161.7412795127"
[1] "The 37th simulation:"
[1] "homo data are generated"
 [1] "lglasso's bic is -25227.9591918829" "lglasso's bic is -31111.8306110175"
 [3] "lglasso's bic is -34646.6507451237" "lglasso's bic is -37036.2764537552"
 [5] "lglasso's bic is -38673.6552670421" "lglasso's bic is -39496.8351002471"
 [7] "lglasso's bic is -39844.0735654609" "lglasso's bic is -39904.3318683412"
 [9] "lglasso's bic is -39738.052640146"  "lglasso's bic is -39536.9438161918"
[11] "lglasso's bic is -39312.1646370914" "lglasso's bic is -39067.7944814354"
[13] "lglasso's bic is -38841.5413463878" "lglasso's bic is -38613.278737601" 
[15] "lglasso's bic is -38381.2014701179" "lglasso's bic is -38141.2293620237"
[17] "lglasso's bic is -37899.6820089895" "lglasso's bic is -37663.6209981868"
[19] "lglasso's bic is -37423.1053448096" "lglasso's bic is -37181.6864107234"
[1] "The 38th simulation:"
[1] "homo data are generated"
 [1] "lglasso's bic is -23461.7312194963" "lglasso's bic is -29316.2559612497"
 [3] "lglasso's bic is -32803.4254365318" "lglasso's bic is -35188.0300811393"
 [5] "lglasso's bic is -36721.5250653688" "lglasso's bic is -37557.1195450983"
 [7] "lglasso's bic is -37919.2788169573" "lglasso's bic is -37956.2913327851"
 [9] "lglasso's bic is -37792.8993491228" "lglasso's bic is -37615.897769125" 
[11] "lglasso's bic is -37374.1903948109" "lglasso's bic is -37123.5578522811"
[13] "lglasso's bic is -36876.4233732783" "lglasso's bic is -36621.6051504185"
[15] "lglasso's bic is -36377.8514710892" "lglasso's bic is -36119.6181540466"
[17] "lglasso's bic is -35880.8813915068" "lglasso's bic is -35641.4533465693"
[19] "lglasso's bic is -35397.2357580918" "lglasso's bic is -35149.1886647982"
[1] "The 39th simulation:"
[1] "homo data are generated"
 [1] "lglasso's bic is -61046.5856999246" "lglasso's bic is -64480.4971439897"
 [3] "lglasso's bic is -63938.5920702179" "lglasso's bic is -63244.7822032917"
 [5] "lglasso's bic is -62267.3540563121" "lglasso's bic is -61157.9463130307"
 [7] "lglasso's bic is -59961.9256240499" "lglasso's bic is -58638.3316726559"
 [9] "lglasso's bic is -57435.921290657"  "lglasso's bic is -56273.7190033691"
[11] "lglasso's bic is -55179.1408576857" "lglasso's bic is -54138.6871964365"
[13] "lglasso's bic is -53165.0315335638" "lglasso's bic is -52248.9035835189"
[15] "lglasso's bic is -51371.3400802849" "lglasso's bic is -50527.1993889286"
[17] "lglasso's bic is -49719.770193322"  "lglasso's bic is -48938.1131564722"
[19] "lglasso's bic is -48191.4716003628" "lglasso's bic is -47464.2215855949"
[1] "The 40th simulation:"
[1] "homo data are generated"
 [1] "lglasso's bic is -32368.428433188"  "lglasso's bic is -38912.8722535293"
 [3] "lglasso's bic is -41955.1810058002" "lglasso's bic is -43540.062146325" 
 [5] "lglasso's bic is -44519.8459455103" "lglasso's bic is -44891.1428013658"
 [7] "lglasso's bic is -44803.230867973"  "lglasso's bic is -44587.4928284721"
 [9] "lglasso's bic is -44147.5699168339" "lglasso's bic is -43664.5167466072"
[11] "lglasso's bic is -43158.2161739189" "lglasso's bic is -42667.1657410607"
[13] "lglasso's bic is -42177.635208262"  "lglasso's bic is -41688.1628951259"
[15] "lglasso's bic is -41204.9917360578" "lglasso's bic is -40734.4070011904"
[17] "lglasso's bic is -40263.6112792314" "lglasso's bic is -39821.2179137079"
[19] "lglasso's bic is -39365.9790076155" "lglasso's bic is -38916.2467431718"
[1] "The 41th simulation:"
[1] "homo data are generated"
 [1] "lglasso's bic is -27294.9607252254" "lglasso's bic is -33427.5542503424"
 [3] "lglasso's bic is -36931.1616331398" "lglasso's bic is -38983.6884877155"
 [5] "lglasso's bic is -40369.0819716249" "lglasso's bic is -41086.2392162946"
 [7] "lglasso's bic is -41333.6651667439" "lglasso's bic is -41279.789072067" 
 [9] "lglasso's bic is -41036.6008930244" "lglasso's bic is -40723.5450380371"
[11] "lglasso's bic is -40406.7288725469" "lglasso's bic is -40063.7398700031"
[13] "lglasso's bic is -39711.5182331198" "lglasso's bic is -39364.0132492853"
[15] "lglasso's bic is -39011.1210304231" "lglasso's bic is -38673.5731657036"
[17] "lglasso's bic is -38325.171092013"  "lglasso's bic is -37983.7706826945"
[19] "lglasso's bic is -37674.2217546094" "lglasso's bic is -37368.0922488259"
[1] "The 42th simulation:"
[1] "homo data are generated"
 [1] "lglasso's bic is -22531.7121573886" "lglasso's bic is -28113.8483370229"
 [3] "lglasso's bic is -31922.6474610007" "lglasso's bic is -34463.2693213716"
 [5] "lglasso's bic is -36238.2199298554" "lglasso's bic is -37105.8014091383"
 [7] "lglasso's bic is -37555.1426225744" "lglasso's bic is -37687.0844053204"
 [9] "lglasso's bic is -37608.1344036592" "lglasso's bic is -37457.4450055676"
[11] "lglasso's bic is -37307.3200513499" "lglasso's bic is -37116.2641829969"
[13] "lglasso's bic is -36919.1865892717" "lglasso's bic is -36723.486653551" 
[15] "lglasso's bic is -36525.7843954286" "lglasso's bic is -36325.0288843378"
[17] "lglasso's bic is -36122.264992546"  "lglasso's bic is -35912.5643486597"
[19] "lglasso's bic is -35716.7378265046" "lglasso's bic is -35508.2477214468"
[1] "The 43th simulation:"
[1] "homo data are generated"
 [1] "lglasso's bic is -26371.8030935975" "lglasso's bic is -32399.0639405596"
 [3] "lglasso's bic is -35965.275415022"  "lglasso's bic is -37830.4645395987"
 [5] "lglasso's bic is -39122.6169991641" "lglasso's bic is -39739.0750758321"
 [7] "lglasso's bic is -39995.0829782769" "lglasso's bic is -39931.2386417707"
 [9] "lglasso's bic is -39652.8474946407" "lglasso's bic is -39327.9854736879"
[11] "lglasso's bic is -39012.3762551592" "lglasso's bic is -38666.6239522594"
[13] "lglasso's bic is -38332.1724124676" "lglasso's bic is -37987.2512734667"
[15] "lglasso's bic is -37643.7220363693" "lglasso's bic is -37301.8216241883"
[17] "lglasso's bic is -36968.2838422424" "lglasso's bic is -36630.5347860175"
[19] "lglasso's bic is -36294.8236107752" "lglasso's bic is -35961.1933568933"
[1] "The 44th simulation:"
[1] "homo data are generated"
 [1] "lglasso's bic is -25261.8105166642" "lglasso's bic is -31101.7981679594"
 [3] "lglasso's bic is -34970.8760076217" "lglasso's bic is -37358.2972907901"
 [5] "lglasso's bic is -38905.8174604736" "lglasso's bic is -39705.8364393354"
 [7] "lglasso's bic is -40162.7980624488" "lglasso's bic is -39998.2138110987"
 [9] "lglasso's bic is -39885.8834865406" "lglasso's bic is -39683.7377303893"
[11] "lglasso's bic is -39429.2109282274" "lglasso's bic is -39205.4281164532"
[13] "lglasso's bic is -38947.2035416238" "lglasso's bic is -38701.5835864774"
[15] "lglasso's bic is -38443.2508226299" "lglasso's bic is -38190.3036041179"
[17] "lglasso's bic is -37947.3840531424" "lglasso's bic is -37693.7626448188"
[19] "lglasso's bic is -37439.3883108998" "lglasso's bic is -37193.88815773"  
[1] "The 45th simulation:"
[1] "homo data are generated"
 [1] "lglasso's bic is -28430.9299698507" "lglasso's bic is -34440.1679990795"
 [3] "lglasso's bic is -37795.6880302755" "lglasso's bic is -39846.6461962054"
 [5] "lglasso's bic is -41105.8285127762" "lglasso's bic is -41875.658050488" 
 [7] "lglasso's bic is -42027.3498089075" "lglasso's bic is -41832.0534132118"
 [9] "lglasso's bic is -41542.9583077741" "lglasso's bic is -41220.9372047758"
[11] "lglasso's bic is -40851.0825497288" "lglasso's bic is -40501.8390294402"
[13] "lglasso's bic is -40145.2214657888" "lglasso's bic is -39786.6274692497"
[15] "lglasso's bic is -39417.6169348729" "lglasso's bic is -39050.5311055629"
[17] "lglasso's bic is -38692.1713478353" "lglasso's bic is -38329.7579092638"
[19] "lglasso's bic is -37982.7390217003" "lglasso's bic is -37637.5754637792"
[1] "The 46th simulation:"
[1] "homo data are generated"
 [1] "lglasso's bic is -36883.4802342621" "lglasso's bic is -43433.2127759824"
 [3] "lglasso's bic is -46368.472271005"  "lglasso's bic is -47718.4391427668"
 [5] "lglasso's bic is -48504.4949361122" "lglasso's bic is -48498.220809612" 
 [7] "lglasso's bic is -48209.70611329"   "lglasso's bic is -47822.1627384179"
 [9] "lglasso's bic is -47270.3598781948" "lglasso's bic is -46689.633843626" 
[11] "lglasso's bic is -46102.765517021"  "lglasso's bic is -45516.8869047813"
[13] "lglasso's bic is -44945.6348816041" "lglasso's bic is -44393.1868130946"
[15] "lglasso's bic is -43852.0801738718" "lglasso's bic is -43334.0291584512"
[17] "lglasso's bic is -42822.4592855268" "lglasso's bic is -42316.2809527298"
[19] "lglasso's bic is -41824.7034907786" "lglasso's bic is -41334.468681207" 
[1] "The 47th simulation:"
[1] "homo data are generated"
 [1] "lglasso's bic is -30892.7984427426" "lglasso's bic is -37732.8699219057"
 [3] "lglasso's bic is -40825.3449562083" "lglasso's bic is -42911.5757965112"
 [5] "lglasso's bic is -44025.5721154091" "lglasso's bic is -44360.2162959603"
 [7] "lglasso's bic is -44455.2084862118" "lglasso's bic is -44242.6840996691"
 [9] "lglasso's bic is -43863.5016608648" "lglasso's bic is -43453.8127203408"
[11] "lglasso's bic is -43027.232926911"  "lglasso's bic is -42604.0454827986"
[13] "lglasso's bic is -42185.0699103914" "lglasso's bic is -41757.8872601556"
[15] "lglasso's bic is -41340.4453450483" "lglasso's bic is -40933.5198963167"
[17] "lglasso's bic is -40527.4589928832" "lglasso's bic is -40120.7680644449"
[19] "lglasso's bic is -39724.5282980948" "lglasso's bic is -39334.3021050768"
[1] "The 48th simulation:"
[1] "homo data are generated"
 [1] "lglasso's bic is -22989.9078685747" "lglasso's bic is -29118.0227240345"
 [3] "lglasso's bic is -32858.8447389211" "lglasso's bic is -34949.0796814183"
 [5] "lglasso's bic is -36534.911574738"  "lglasso's bic is -37349.370851607" 
 [7] "lglasso's bic is -37640.074604422"  "lglasso's bic is -37628.0717128459"
 [9] "lglasso's bic is -37503.4770699782" "lglasso's bic is -37309.5807985721"
[11] "lglasso's bic is -37072.321630052"  "lglasso's bic is -36833.9089107572"
[13] "lglasso's bic is -36594.8214505551" "lglasso's bic is -36343.1008856899"
[15] "lglasso's bic is -36105.5209959921" "lglasso's bic is -35857.7710805313"
[17] "lglasso's bic is -35602.631448285"  "lglasso's bic is -35346.1726840427"
[19] "lglasso's bic is -35088.7356235931" "lglasso's bic is -34830.6093062506"
[1] "The 49th simulation:"
[1] "homo data are generated"
 [1] "lglasso's bic is -27297.9358797536" "lglasso's bic is -33726.0974252911"
 [3] "lglasso's bic is -36821.2826877585" "lglasso's bic is -38995.5620763525"
 [5] "lglasso's bic is -40185.8461001389" "lglasso's bic is -40636.7011788106"
 [7] "lglasso's bic is -40609.7550816643" "lglasso's bic is -40442.2385747082"
 [9] "lglasso's bic is -40159.319175662"  "lglasso's bic is -39777.8588729761"
[11] "lglasso's bic is -39369.7256092436" "lglasso's bic is -38947.7539326714"
[13] "lglasso's bic is -38555.7542730462" "lglasso's bic is -38142.4325304646"
[15] "lglasso's bic is -37735.7717472748" "lglasso's bic is -37333.4695147653"
[17] "lglasso's bic is -36937.4495711471" "lglasso's bic is -36547.1271610964"
[19] "lglasso's bic is -36163.2627576158" "lglasso's bic is -35778.3485769904"
[1] "The 50th simulation:"
[1] "homo data are generated"
 [1] "lglasso's bic is -24379.6584366379" "lglasso's bic is -30265.2901044158"
 [3] "lglasso's bic is -33742.2922624964" "lglasso's bic is -36272.9522429219"
 [5] "lglasso's bic is -37473.7991736502" "lglasso's bic is -38265.0808180579"
 [7] "lglasso's bic is -38447.4912042894" "lglasso's bic is -38423.4387895984"
 [9] "lglasso's bic is -38235.4146587529" "lglasso's bic is -37962.4228438252"
[11] "lglasso's bic is -37671.2642611721" "lglasso's bic is -37366.8598858233"
[13] "lglasso's bic is -37070.7442585368" "lglasso's bic is -36767.7851144756"
[15] "lglasso's bic is -36466.6109591517" "lglasso's bic is -36174.4425027616"
[17] "lglasso's bic is -35892.9292121132" "lglasso's bic is -35602.4382925538"
[19] "lglasso's bic is -35306.3067332544" "lglasso's bic is -35010.3264400653"
There were 50 or more warnings (use warnings() to see the first 50)
> save(simures,file="subject=30_time=20.Rd")
> q("no")
> proc.time()
     user    system   elapsed 
12319.721   266.044 13224.208 
