
R version 4.1.2 (2021-11-01) -- "Bird Hippie"
Copyright (C) 2021 The R Foundation for Statistical Computing
Platform: x86_64-pc-linux-gnu (64-bit)

R is free software and comes with ABSOLUTELY NO WARRANTY.
You are welcome to redistribute it under certain conditions.
Type 'license()' or 'licence()' for distribution details.

  Natural language support but running in an English locale

R is a collaborative project with many contributors.
Type 'contributors()' for more information and
'citation()' on how to cite R or R packages in publications.

Type 'demo()' for some demos, 'help()' for on-line help, or
'help.start()' for an HTML browser interface to help.
Type 'q()' to quit R.

> library("lglasso")
> library("glasso")
> library("BDgraph")
> library("GGMselect")
Loading required package: mvtnorm

Attaching package: 'mvtnorm'

The following object is masked from 'package:BDgraph':

    rmvnorm

> m=40
> n=20
> e=0
> p=80
> Nsim=50
> rho=vector("list",5)
> rho[[1]]=seq(0.001,0.3,length=20)
> rho[[2]]=seq(0.001,0.3,length=20)
> rho[[3]]=seq(0.001,0.3,length=20)
> rho[[4]]=seq(0.00001,0.1,length=10)
> rho[[5]]=seq(0.00001,0.1,length=10)
> set.seed(m+n+e+p)
> simures=power_compare1(m=m,n=n,p=p,coe=c(2,e,e),l=Nsim,rho=rho,prob=0.01,heter=T)
[1] "The 1th simulation:"
[1] "heter data are generated"
 [1] "lglasso's bic is -27400.9642028722" "lglasso's bic is -32648.0741654715"
 [3] "lglasso's bic is -35608.8821761533" "lglasso's bic is -38066.9084867675"
 [5] "lglasso's bic is -39648.4287210673" "lglasso's bic is -40778.3737048451"
 [7] "lglasso's bic is -41549.5514977768" "lglasso's bic is -41841.6487233723"
 [9] "lglasso's bic is -41953.8593674379" "lglasso's bic is -41830.3229582586"
[11] "lglasso's bic is -41773.8608671432" "lglasso's bic is -41608.214476269" 
[13] "lglasso's bic is -41357.223662709"  "lglasso's bic is -41172.0529314651"
[15] "lglasso's bic is -40949.059471793"  "lglasso's bic is -40740.8491009931"
[17] "lglasso's bic is -40427.5571031852" "lglasso's bic is -40228.3623940375"
[19] "lglasso's bic is -39981.8233355378" "lglasso's bic is -39789.7237361872"
[1] "The 2th simulation:"
[1] "heter data are generated"
 [1] "lglasso's bic is -43739.4133122137" "lglasso's bic is -51164.8560535154"
 [3] "lglasso's bic is -54416.6872501386" "lglasso's bic is -56527.5607676349"
 [5] "lglasso's bic is -57665.4031858702" "lglasso's bic is -58300.5058886253"
 [7] "lglasso's bic is -58352.5196954409" "lglasso's bic is -58197.7346285034"
 [9] "lglasso's bic is -57797.9597390751" "lglasso's bic is -56349.1070606209"
[11] "lglasso's bic is -55715.4483986016" "lglasso's bic is -55363.213594838" 
[13] "lglasso's bic is -54983.9106913443" "lglasso's bic is -54593.0325744157"
[15] "lglasso's bic is -54202.9941773385" "lglasso's bic is -53814.2097629246"
[17] "lglasso's bic is -53426.9896593284" "lglasso's bic is -53048.7805264647"
[19] "lglasso's bic is -52681.843336798"  "lglasso's bic is -52307.5322028603"
[1] "The 3th simulation:"
[1] "heter data are generated"
 [1] "lglasso's bic is -60103.7721176003" "lglasso's bic is -65927.4956944459"
 [3] "lglasso's bic is -69380.4584413096" "lglasso's bic is -71295.1381894078"
 [5] "lglasso's bic is -72624.2854018966" "lglasso's bic is -73509.3594999919"
 [7] "lglasso's bic is -73857.3103239332" "lglasso's bic is -73995.523707564" 
 [9] "lglasso's bic is -73942.0220890762" "lglasso's bic is -73731.3410104208"
[11] "lglasso's bic is -73462.3076645614" "lglasso's bic is -73193.6263144573"
[13] "lglasso's bic is -72824.938857661"  "lglasso's bic is -72499.3847795729"
[15] "lglasso's bic is -72212.3142825709" "lglasso's bic is -71921.1630389892"
[17] "lglasso's bic is -71500.8207864059" "lglasso's bic is -71231.8604143541"
[19] "lglasso's bic is -70814.1460775197" "lglasso's bic is -70550.653360555" 
[1] "The 4th simulation:"
[1] "heter data are generated"
 [1] "lglasso's bic is -32701.2090816787" "lglasso's bic is -39677.8707248508"
 [3] "lglasso's bic is -43637.8878886544" "lglasso's bic is -45867.0588003272"
 [5] "lglasso's bic is -46988.76871314"   "lglasso's bic is -47333.5914612808"
 [7] "lglasso's bic is -47239.934190237"  "lglasso's bic is -46923.4127163166"
 [9] "lglasso's bic is -46539.182625913"  "lglasso's bic is -46158.8300569689"
[11] "lglasso's bic is -45847.9166678263" "lglasso's bic is -45197.7920830194"
[13] "lglasso's bic is -44918.8465949306" "lglasso's bic is -43948.5693910736"
[15] "lglasso's bic is -43667.5490857653" "lglasso's bic is -43377.0143357136"
[17] "lglasso's bic is -37170.8857264858" "lglasso's bic is -36838.9972069947"
[19] "lglasso's bic is -36679.3704880446" "lglasso's bic is -36404.2753698451"
[1] "The 5th simulation:"
[1] "heter data are generated"
 [1] "lglasso's bic is -59351.7927113868" "lglasso's bic is -63346.3111629385"
 [3] "lglasso's bic is -66404.1214336759" "lglasso's bic is -68244.3914210971"
 [5] "lglasso's bic is -70048.7545288065" "lglasso's bic is -71345.0637680271"
 [7] "lglasso's bic is -72092.5758832422" "lglasso's bic is -72928.0172506247"
 [9] "lglasso's bic is -73450.2818537034" "lglasso's bic is -73598.9977201312"
[11] "lglasso's bic is -73650.9934322356" "lglasso's bic is -73642.2455170798"
[13] "lglasso's bic is -73593.209634891"  "lglasso's bic is -73472.4160084506"
[15] "lglasso's bic is -73335.7119973753" "lglasso's bic is -73207.8308911541"
[17] "lglasso's bic is -73060.2699385237" "lglasso's bic is -72910.6617083515"
[19] "lglasso's bic is -72752.0450836218" "lglasso's bic is -72598.625767386" 
[1] "The 6th simulation:"
[1] "heter data are generated"
 [1] "lglasso's bic is -37694.2999803554" "lglasso's bic is -43440.7955156974"
 [3] "lglasso's bic is -47375.9730283183" "lglasso's bic is -49513.551699866" 
 [5] "lglasso's bic is -50750.3596940907" "lglasso's bic is -51490.0820598491"
 [7] "lglasso's bic is -51852.8616910401" "lglasso's bic is -51837.0284853666"
 [9] "lglasso's bic is -51680.9378519062" "lglasso's bic is -51419.6179794195"
[11] "lglasso's bic is -51138.631955427"  "lglasso's bic is -50833.8495426809"
[13] "lglasso's bic is -50532.4637799027" "lglasso's bic is -49186.5576371905"
[15] "lglasso's bic is -48919.8826143211" "lglasso's bic is -48642.6404402293"
[17] "lglasso's bic is -48364.2201095791" "lglasso's bic is -48076.1033897173"
[19] "lglasso's bic is -47785.1755106718" "lglasso's bic is -47516.4378350468"
[1] "The 7th simulation:"
[1] "heter data are generated"
 [1] "lglasso's bic is -46352.0363613203" "lglasso's bic is -50981.1685134383"
 [3] "lglasso's bic is -54502.1394846056" "lglasso's bic is -56945.3082143471"
 [5] "lglasso's bic is -58774.8502527886" "lglasso's bic is -60123.1184621244"
 [7] "lglasso's bic is -60767.6872908132" "lglasso's bic is -61148.9288796961"
 [9] "lglasso's bic is -61213.3887049179" "lglasso's bic is -61118.6200237467"
[11] "lglasso's bic is -60970.2430468024" "lglasso's bic is -60777.5653585377"
[13] "lglasso's bic is -60521.8689794154" "lglasso's bic is -60330.8861874879"
[15] "lglasso's bic is -60106.0406160865" "lglasso's bic is -59884.2476962698"
[17] "lglasso's bic is -59652.5449899385" "lglasso's bic is -59235.7575701085"
[19] "lglasso's bic is -58797.5540314603" "lglasso's bic is -57558.4281864192"
[1] "The 8th simulation:"
[1] "heter data are generated"
 [1] "lglasso's bic is -44319.4832643665" "lglasso's bic is -48869.3041903018"
 [3] "lglasso's bic is -58101.7115040399" "lglasso's bic is -60582.9776799971"
 [5] "lglasso's bic is -61584.2547258658" "lglasso's bic is -62152.307175681" 
 [7] "lglasso's bic is -62277.9362391614" "lglasso's bic is -62066.2711753124"
 [9] "lglasso's bic is -61686.1441268278" "lglasso's bic is -61341.6221381931"
[11] "lglasso's bic is -60931.383660682"  "lglasso's bic is -60566.236334672" 
[13] "lglasso's bic is -56901.8109616541" "lglasso's bic is -56643.9803714978"
[15] "lglasso's bic is -56385.221946194"  "lglasso's bic is -56105.4952350374"
[17] "lglasso's bic is -55658.9174389203" "lglasso's bic is -55381.6862588085"
[19] "lglasso's bic is -54916.3311302153" "lglasso's bic is -54636.3156036479"
[1] "The 9th simulation:"
[1] "heter data are generated"
 [1] "lglasso's bic is -62377.1955406009" "lglasso's bic is -68098.4299465629"
 [3] "lglasso's bic is -70716.0684678063" "lglasso's bic is -72055.4088840815"
 [5] "lglasso's bic is -72930.2322976163" "lglasso's bic is -73171.9124511525"
 [7] "lglasso's bic is -73137.1087542997" "lglasso's bic is -72809.4104379328"
 [9] "lglasso's bic is -72460.7750750506" "lglasso's bic is -72068.6735316446"
[11] "lglasso's bic is -71619.2157616603" "lglasso's bic is -70065.657504473" 
[13] "lglasso's bic is -69616.9935276919" "lglasso's bic is -69040.9096841066"
[15] "lglasso's bic is -68306.0154658278" "lglasso's bic is -67868.8432709377"
[17] "lglasso's bic is -67415.5470497436" "lglasso's bic is -66963.1935848913"
[19] "lglasso's bic is -66522.8669323918" "lglasso's bic is -66087.6386684469"
[1] "The 10th simulation:"
[1] "heter data are generated"
 [1] "lglasso's bic is -22121.2330608457" "lglasso's bic is -27748.3663781644"
 [3] "lglasso's bic is -31255.7206813553" "lglasso's bic is -33846.3017812919"
 [5] "lglasso's bic is -35143.1197343224" "lglasso's bic is -36110.056894709" 
 [7] "lglasso's bic is -36590.147227889"  "lglasso's bic is -36813.9981046483"
 [9] "lglasso's bic is -36810.3113502828" "lglasso's bic is -36675.0394524335"
[11] "lglasso's bic is -36527.2943356422" "lglasso's bic is -36360.9722204261"
[13] "lglasso's bic is -36155.356475527"  "lglasso's bic is -35939.1039513077"
[15] "lglasso's bic is -35717.430815145"  "lglasso's bic is -35274.5253828366"
[17] "lglasso's bic is -35051.1474986928" "lglasso's bic is -34831.1815801459"
[19] "lglasso's bic is -34610.5091988206" "lglasso's bic is -34382.9271041724"
[1] "The 11th simulation:"
[1] "heter data are generated"
 [1] "lglasso's bic is -39408.358870716"  "lglasso's bic is -44849.7822594873"
 [3] "lglasso's bic is -48578.432148518"  "lglasso's bic is -50678.0141303694"
 [5] "lglasso's bic is -52013.2715215787" "lglasso's bic is -52863.4888233738"
 [7] "lglasso's bic is -53100.4857103839" "lglasso's bic is -53018.6130349677"
 [9] "lglasso's bic is -52866.7042420813" "lglasso's bic is -52601.2952938058"
[11] "lglasso's bic is -52095.1608643714" "lglasso's bic is -51726.0593337927"
[13] "lglasso's bic is -51425.4762404329" "lglasso's bic is -51138.6859990241"
[15] "lglasso's bic is -50782.9923089196" "lglasso's bic is -50471.7682742252"
[17] "lglasso's bic is -50174.8315407806" "lglasso's bic is -49863.8802630483"
[19] "lglasso's bic is -47047.656373218"  "lglasso's bic is -45676.7436665035"
[1] "The 12th simulation:"
[1] "heter data are generated"
 [1] "lglasso's bic is -49836.702502622"  "lglasso's bic is -54097.2660676618"
 [3] "lglasso's bic is -56866.472201024"  "lglasso's bic is -58770.6405517592"
 [5] "lglasso's bic is -60102.0020933824" "lglasso's bic is -61084.6348143231"
 [7] "lglasso's bic is -61792.9558077221" "lglasso's bic is -62073.2265381852"
 [9] "lglasso's bic is -62223.109723482"  "lglasso's bic is -62327.2867007559"
[11] "lglasso's bic is -62166.1860589963" "lglasso's bic is -62027.1111263177"
[13] "lglasso's bic is -61709.74062489"   "lglasso's bic is -61440.4525378587"
[15] "lglasso's bic is -61165.1245087315" "lglasso's bic is -60867.917126929" 
[17] "lglasso's bic is -60482.6200957812" "lglasso's bic is -60186.3930190393"
[19] "lglasso's bic is -59892.3471680087" "lglasso's bic is -59606.4723864332"
[1] "The 13th simulation:"
[1] "heter data are generated"
 [1] "lglasso's bic is -40866.1981748236" "lglasso's bic is -46900.1403739552"
 [3] "lglasso's bic is -50863.728468286"  "lglasso's bic is -53089.0028688974"
 [5] "lglasso's bic is -54427.3647473193" "lglasso's bic is -55001.6023449419"
 [7] "lglasso's bic is -55208.0892627128" "lglasso's bic is -55069.9562932976"
 [9] "lglasso's bic is -54812.3012072992" "lglasso's bic is -54497.0517773151"
[11] "lglasso's bic is -54041.2000821759" "lglasso's bic is -53713.9819794007"
[13] "lglasso's bic is -53390.6674335368" "lglasso's bic is -53022.5207192034"
[15] "lglasso's bic is -52688.8937788431" "lglasso's bic is -52346.5877271961"
[17] "lglasso's bic is -52002.6979372335" "lglasso's bic is -51634.2965632553"
[19] "lglasso's bic is -51296.1458436289" "lglasso's bic is -50796.0453032039"
[1] "The 14th simulation:"
[1] "heter data are generated"
 [1] "lglasso's bic is -30890.5501576065" "lglasso's bic is -34723.2045799177"
 [3] "lglasso's bic is -37699.8702074847" "lglasso's bic is -39839.7759404233"
 [5] "lglasso's bic is -41133.4031077737" "lglasso's bic is -42427.4554254107"
 [7] "lglasso's bic is -43230.6029861109" "lglasso's bic is -43923.7324572259"
 [9] "lglasso's bic is -44378.064622914"  "lglasso's bic is -44624.3120673681"
[11] "lglasso's bic is -44800.5307759679" "lglasso's bic is -44793.6935144618"
[13] "lglasso's bic is -44717.6864247729" "lglasso's bic is -44591.3883932279"
[15] "lglasso's bic is -44339.2479141371" "lglasso's bic is -44174.2365949147"
[17] "lglasso's bic is -43906.8347307616" "lglasso's bic is -43708.9066193313"
[19] "lglasso's bic is -43454.121658472"  "lglasso's bic is -43246.2355483981"
[1] "The 15th simulation:"
[1] "heter data are generated"
 [1] "lglasso's bic is -50116.9308640229" "lglasso's bic is -57008.7125264298"
 [3] "lglasso's bic is -60813.0230643507" "lglasso's bic is -62954.1006917609"
 [5] "lglasso's bic is -63934.2264162491" "lglasso's bic is -64259.4900999183"
 [7] "lglasso's bic is -64153.3851191816" "lglasso's bic is -63782.8041158626"
 [9] "lglasso's bic is -63409.2458635727" "lglasso's bic is -63039.3320271902"
[11] "lglasso's bic is -62648.4240655505" "lglasso's bic is -62224.6705882252"
[13] "lglasso's bic is -61832.7437800555" "lglasso's bic is -61437.1399270587"
[15] "lglasso's bic is -61046.120408594"  "lglasso's bic is -60662.7991191079"
[17] "lglasso's bic is -60238.9928865982" "lglasso's bic is -59864.7332809518"
[19] "lglasso's bic is -59504.9205936597" "lglasso's bic is -57576.8612887092"
[1] "The 16th simulation:"
[1] "heter data are generated"
 [1] "lglasso's bic is -39762.6449001716" "lglasso's bic is -46656.3577100569"
 [3] "lglasso's bic is -50569.3588896879" "lglasso's bic is -52653.6877976393"
 [5] "lglasso's bic is -53497.7565554187" "lglasso's bic is -53711.3666890706"
 [7] "lglasso's bic is -53492.8095852176" "lglasso's bic is -53257.0941322196"
 [9] "lglasso's bic is -52035.1735370255" "lglasso's bic is -51537.5374456017"
[11] "lglasso's bic is -51079.4310659685" "lglasso's bic is -50705.2847634387"
[13] "lglasso's bic is -50335.412594655"  "lglasso's bic is -49835.1682882354"
[15] "lglasso's bic is -49434.1434224925" "lglasso's bic is -49062.683066187" 
[17] "lglasso's bic is -48697.7353356104" "lglasso's bic is -48338.2931783476"
[19] "lglasso's bic is -47981.6654846767" "lglasso's bic is -43164.1915329405"
[1] "The 17th simulation:"
[1] "heter data are generated"
 [1] "lglasso's bic is -40474.9525360542" "lglasso's bic is -44373.9526647296"
 [3] "lglasso's bic is -47090.8322688373" "lglasso's bic is -49192.3490326851"
 [5] "lglasso's bic is -50693.6240750858" "lglasso's bic is -61485.6650011959"
 [7] "lglasso's bic is -61549.3423103472" "lglasso's bic is -61338.1722178592"
 [9] "lglasso's bic is -61142.4445187632" "lglasso's bic is -53805.1530118378"
[11] "lglasso's bic is -53842.3779490384" "lglasso's bic is -53759.7214817747"
[13] "lglasso's bic is -53687.8745540515" "lglasso's bic is -53552.3416075944"
[15] "lglasso's bic is -53400.9432264386" "lglasso's bic is -53251.8484936225"
[17] "lglasso's bic is -53092.3261813662" "lglasso's bic is -52875.0882521928"
[19] "lglasso's bic is -52700.9894530315" "lglasso's bic is -52395.3272170376"
[1] "The 18th simulation:"
[1] "heter data are generated"
 [1] "lglasso's bic is -42505.5630160529" "lglasso's bic is -46331.8593046094"
 [3] "lglasso's bic is -49194.1665545018" "lglasso's bic is -51416.9946727706"
 [5] "lglasso's bic is -53047.1400322594" "lglasso's bic is -54222.6919491415"
 [7] "lglasso's bic is -55295.1541011592" "lglasso's bic is -55951.755905511" 
 [9] "lglasso's bic is -56349.814225598"  "lglasso's bic is -56693.4057328281"
[11] "lglasso's bic is -56800.7121702434" "lglasso's bic is -56833.6924765265"
[13] "lglasso's bic is -56733.4149672244" "lglasso's bic is -56636.0304326821"
[15] "lglasso's bic is -56471.1929604552" "lglasso's bic is -56306.6853502942"
[17] "lglasso's bic is -56102.9899923373" "lglasso's bic is -55450.646358845" 
[19] "lglasso's bic is -55292.0484414188" "lglasso's bic is -55114.8347259994"
[1] "The 19th simulation:"
[1] "heter data are generated"
 [1] "lglasso's bic is -25779.3911788629" "lglasso's bic is -29300.0110083998"
 [3] "lglasso's bic is -32018.3138163633" "lglasso's bic is -34184.6385589127"
 [5] "lglasso's bic is -35690.4576576488" "lglasso's bic is -37034.3042844522"
 [7] "lglasso's bic is -38006.8186551637" "lglasso's bic is -38555.9894374846"
 [9] "lglasso's bic is -39023.0281037947" "lglasso's bic is -39343.6762114047"
[11] "lglasso's bic is -39511.2632925273" "lglasso's bic is -39686.9294002862"
[13] "lglasso's bic is -39733.3849087779" "lglasso's bic is -39674.2112654579"
[15] "lglasso's bic is -39626.605169539"  "lglasso's bic is -39564.8704282445"
[17] "lglasso's bic is -39444.5832703259" "lglasso's bic is -39305.025560388" 
[19] "lglasso's bic is -38445.5474649865" "lglasso's bic is -38326.454754642" 
[1] "The 20th simulation:"
[1] "heter data are generated"
 [1] "lglasso's bic is -36775.4403047966" "lglasso's bic is -40567.0291368393"
 [3] "lglasso's bic is -43608.5970899811" "lglasso's bic is -45857.218417396" 
 [5] "lglasso's bic is -47878.5359553109" "lglasso's bic is -49056.7858132614"
 [7] "lglasso's bic is -50125.8032263817" "lglasso's bic is -50724.7702805297"
 [9] "lglasso's bic is -51065.5687843156" "lglasso's bic is -51241.3689104042"
[11] "lglasso's bic is -51280.210898685"  "lglasso's bic is -51200.9180197924"
[13] "lglasso's bic is -51187.1766172142" "lglasso's bic is -51087.7340613836"
[15] "lglasso's bic is -50957.0175087248" "lglasso's bic is -50715.4385696417"
[17] "lglasso's bic is -50567.0810191577" "lglasso's bic is -50402.7276459664"
[19] "lglasso's bic is -50222.6861574952" "lglasso's bic is -50047.1865505823"
[1] "The 21th simulation:"
[1] "heter data are generated"
 [1] "lglasso's bic is -38720.0575147223" "lglasso's bic is -43759.2161959171"
 [3] "lglasso's bic is -45737.3683137836" "lglasso's bic is -47631.0455340396"
 [5] "lglasso's bic is -48532.6953742803" "lglasso's bic is -49222.7960249947"
 [7] "lglasso's bic is -49655.2040010327" "lglasso's bic is -49796.2727009619"
 [9] "lglasso's bic is -49753.26955749"   "lglasso's bic is -49591.9589029101"
[11] "lglasso's bic is -49271.8219112051" "lglasso's bic is -48914.5097105573"
[13] "lglasso's bic is -48519.5721356602" "lglasso's bic is -48121.5468929604"
[15] "lglasso's bic is -47730.2079151211" "lglasso's bic is -47328.7772907854"
[17] "lglasso's bic is -46920.8161221122" "lglasso's bic is -46517.7464290116"
[19] "lglasso's bic is -46119.3420381893" "lglasso's bic is -45725.4337071153"
[1] "The 22th simulation:"
[1] "heter data are generated"
 [1] "lglasso's bic is -51378.7020233857" "lglasso's bic is -55996.4114999409"
 [3] "lglasso's bic is -58925.9369493943" "lglasso's bic is -61053.3963146956"
 [5] "lglasso's bic is -62416.64131317"   "lglasso's bic is -63364.6448858765"
 [7] "lglasso's bic is -63983.5126187105" "lglasso's bic is -64375.1354935791"
 [9] "lglasso's bic is -64593.1973818303" "lglasso's bic is -64631.7645937671"
[11] "lglasso's bic is -64423.7274192437" "lglasso's bic is -64241.6536584839"
[13] "lglasso's bic is -64097.2839192919" "lglasso's bic is -63896.6140406925"
[15] "lglasso's bic is -63690.4527232002" "lglasso's bic is -63447.7524075803"
[17] "lglasso's bic is -63204.5123835263" "lglasso's bic is -62961.6964320602"
[19] "lglasso's bic is -62727.9351385985" "lglasso's bic is -62488.9652710723"
[1] "The 23th simulation:"
[1] "heter data are generated"
 [1] "lglasso's bic is -52457.1136562025" "lglasso's bic is -55894.090657271" 
 [3] "lglasso's bic is -58451.5436785888" "lglasso's bic is -60847.5481696785"
 [5] "lglasso's bic is -62403.1768972597" "lglasso's bic is -63767.2840716908"
 [7] "lglasso's bic is -64757.038438292"  "lglasso's bic is -65425.4923114308"
 [9] "lglasso's bic is -65967.8806757109" "lglasso's bic is -66263.5209813998"
[11] "lglasso's bic is -66393.9479162179" "lglasso's bic is -66428.0220270046"
[13] "lglasso's bic is -66439.2582306865" "lglasso's bic is -66376.500799259" 
[15] "lglasso's bic is -66238.6995479029" "lglasso's bic is -66088.3897456849"
[17] "lglasso's bic is -65965.9318719672" "lglasso's bic is -65724.2451547395"
[19] "lglasso's bic is -65574.5023576976" "lglasso's bic is -65400.2677496176"
[1] "The 24th simulation:"
[1] "heter data are generated"
 [1] "lglasso's bic is -34434.0189523523" "lglasso's bic is -41170.4287302463"
 [3] "lglasso's bic is -45278.7932923246" "lglasso's bic is -47646.2481608034"
 [5] "lglasso's bic is -48931.7239475833" "lglasso's bic is -49404.8134159449"
 [7] "lglasso's bic is -49240.7130547082" "lglasso's bic is -49071.1396490351"
 [9] "lglasso's bic is -48817.203606241"  "lglasso's bic is -48452.467298509" 
[11] "lglasso's bic is -48167.9011937743" "lglasso's bic is -47873.8349908376"
[13] "lglasso's bic is -47542.4382575477" "lglasso's bic is -47207.533604423" 
[15] "lglasso's bic is -46772.0050704661" "lglasso's bic is -45303.4175202727"
[17] "lglasso's bic is -44894.5271443974" "lglasso's bic is -44638.5213946149"
[19] "lglasso's bic is -44325.2320929828" "lglasso's bic is -44068.6894389381"
[1] "The 25th simulation:"
[1] "heter data are generated"
 [1] "lglasso's bic is -45536.7260732343" "lglasso's bic is -49494.1777522865"
 [3] "lglasso's bic is -52358.4756987948" "lglasso's bic is -54703.7679027297"
 [5] "lglasso's bic is -56463.8388922102" "lglasso's bic is -57837.1043024318"
 [7] "lglasso's bic is -58716.7418073812" "lglasso's bic is -59107.6254051391"
 [9] "lglasso's bic is -59501.7548517608" "lglasso's bic is -59660.0353519134"
[11] "lglasso's bic is -59675.0628844565" "lglasso's bic is -59686.1114549508"
[13] "lglasso's bic is -59613.9768297552" "lglasso's bic is -59483.5477071082"
[15] "lglasso's bic is -59378.3484139421" "lglasso's bic is -59244.5499797851"
[17] "lglasso's bic is -59105.2989322506" "lglasso's bic is -58958.8512104321"
[19] "lglasso's bic is -58817.9864423697" "lglasso's bic is -58670.3728542687"
[1] "The 26th simulation:"
[1] "heter data are generated"
 [1] "lglasso's bic is -35101.8230359502" "lglasso's bic is -39729.5144510172"
 [3] "lglasso's bic is -42464.8985905774" "lglasso's bic is -44322.9639775406"
 [5] "lglasso's bic is -45592.3853432346" "lglasso's bic is -46434.9693551714"
 [7] "lglasso's bic is -47173.0234458219" "lglasso's bic is -47632.0686545476"
 [9] "lglasso's bic is -47740.7027526188" "lglasso's bic is -47807.1039569764"
[11] "lglasso's bic is -46685.2828157225" "lglasso's bic is -46548.4147977226"
[13] "lglasso's bic is -46361.7512685207" "lglasso's bic is -46244.2290939245"
[15] "lglasso's bic is -46080.567997825"  "lglasso's bic is -45878.5110902593"
[17] "lglasso's bic is -45670.1038849032" "lglasso's bic is -45428.6773748571"
[19] "lglasso's bic is -45179.558890137"  "lglasso's bic is -44928.0322210703"
[1] "The 27th simulation:"
[1] "heter data are generated"
 [1] "lglasso's bic is -47877.5590588566" "lglasso's bic is -53110.772988389" 
 [3] "lglasso's bic is -56429.7367364249" "lglasso's bic is -58985.0136564101"
 [5] "lglasso's bic is -60490.6196020032" "lglasso's bic is -61294.9281787662"
 [7] "lglasso's bic is -61842.6087728626" "lglasso's bic is -62077.888722321" 
 [9] "lglasso's bic is -62043.6001624965" "lglasso's bic is -61870.3614090604"
[11] "lglasso's bic is -61659.0105799498" "lglasso's bic is -61364.7938781597"
[13] "lglasso's bic is -61017.4388349411" "lglasso's bic is -60739.1909013183"
[15] "lglasso's bic is -60436.8905504968" "lglasso's bic is -60125.2978965588"
[17] "lglasso's bic is -59818.2435805095" "lglasso's bic is -59448.6591346605"
[19] "lglasso's bic is -59149.038267077"  "lglasso's bic is -58851.7921180866"
[1] "The 28th simulation:"
[1] "heter data are generated"
 [1] "lglasso's bic is -42893.7260737821" "lglasso's bic is -49064.4040365616"
 [3] "lglasso's bic is -52697.9283994727" "lglasso's bic is -55037.1441245031"
 [5] "lglasso's bic is -56052.5532480691" "lglasso's bic is -56585.1025257565"
 [7] "lglasso's bic is -56921.5101408372" "lglasso's bic is -56850.7615554039"
 [9] "lglasso's bic is -56663.8999348051" "lglasso's bic is -56387.0760037656"
[11] "lglasso's bic is -56082.5352853526" "lglasso's bic is -54501.4719943312"
[13] "lglasso's bic is -54232.8563793559" "lglasso's bic is -49974.0799918933"
[15] "lglasso's bic is -49803.4194414127" "lglasso's bic is -49637.5493022016"
[17] "lglasso's bic is -49427.6573297998" "lglasso's bic is -49237.3714649345"
[19] "lglasso's bic is -49033.4757301166" "lglasso's bic is -48829.3843739016"
[1] "The 29th simulation:"
[1] "heter data are generated"
 [1] "lglasso's bic is -50403.1547949305" "lglasso's bic is -53212.4793012164"
 [3] "lglasso's bic is -58078.0432154544" "lglasso's bic is -60342.3130966148"
 [5] "lglasso's bic is -61347.6390963573" "lglasso's bic is -62434.7595971628"
 [7] "lglasso's bic is -63027.8656724103" "lglasso's bic is -63466.2306452915"
 [9] "lglasso's bic is -63550.7596200573" "lglasso's bic is -63517.9548150136"
[11] "lglasso's bic is -63400.7959702511" "lglasso's bic is -61974.9845642427"
[13] "lglasso's bic is -61810.971689254"  "lglasso's bic is -61608.2713971546"
[15] "lglasso's bic is -61380.9604081838" "lglasso's bic is -61158.0423329449"
[17] "lglasso's bic is -60911.123357481"  "lglasso's bic is -60666.151105365" 
[19] "lglasso's bic is -60406.0507379814" "lglasso's bic is -60151.4878679995"
[1] "The 30th simulation:"
[1] "heter data are generated"
 [1] "lglasso's bic is -38234.4183494745" "lglasso's bic is -44055.9499445755"
 [3] "lglasso's bic is -47808.5813397374" "lglasso's bic is -50205.4509578474"
 [5] "lglasso's bic is -51909.9455111423" "lglasso's bic is -52448.0972203256"
 [7] "lglasso's bic is -52743.8195018721" "lglasso's bic is -52699.8329298817"
 [9] "lglasso's bic is -52591.8876003722" "lglasso's bic is -52275.9536278199"
[11] "lglasso's bic is -52010.9613051401" "lglasso's bic is -51682.6365687734"
[13] "lglasso's bic is -51389.3857638036" "lglasso's bic is -50974.2933433744"
[15] "lglasso's bic is -50671.6772749153" "lglasso's bic is -50365.9451962151"
[17] "lglasso's bic is -50057.6970137077" "lglasso's bic is -49747.4399596419"
[19] "lglasso's bic is -49435.6011646884" "lglasso's bic is -49127.2099780115"
[1] "The 31th simulation:"
[1] "heter data are generated"
 [1] "lglasso's bic is -34905.9353974475" "lglasso's bic is -40276.2831605831"
 [3] "lglasso's bic is -44314.0725915063" "lglasso's bic is -48687.1744170185"
 [5] "lglasso's bic is -50329.7565488874" "lglasso's bic is -51064.9253213834"
 [7] "lglasso's bic is -51307.9292358582" "lglasso's bic is -51267.5139547054"
 [9] "lglasso's bic is -50038.3353282818" "lglasso's bic is -49962.7733523394"
[11] "lglasso's bic is -49831.1439345625" "lglasso's bic is -49673.4604248924"
[13] "lglasso's bic is -49511.404009385"  "lglasso's bic is -49346.216489143" 
[15] "lglasso's bic is -49176.1604760253" "lglasso's bic is -48996.0407604875"
[17] "lglasso's bic is -48818.6502831645" "lglasso's bic is -48639.1606552138"
[19] "lglasso's bic is -48451.5174277963" "lglasso's bic is -48211.6730033324"
[1] "The 32th simulation:"
[1] "heter data are generated"
 [1] "lglasso's bic is -62642.5047568971" "lglasso's bic is -66312.1818698158"
 [3] "lglasso's bic is -69282.1659012361" "lglasso's bic is -71407.4771556627"
 [5] "lglasso's bic is -72830.7854356338" "lglasso's bic is -74137.0661511522"
 [7] "lglasso's bic is -75098.0859544337" "lglasso's bic is -75798.1612383441"
 [9] "lglasso's bic is -76316.079033908"  "lglasso's bic is -76639.5412426531"
[11] "lglasso's bic is -76728.4919225345" "lglasso's bic is -76863.3385632035"
[13] "lglasso's bic is -76843.3564831415" "lglasso's bic is -76745.7825206466"
[15] "lglasso's bic is -76617.134313693"  "lglasso's bic is -76498.8246573797"
[17] "lglasso's bic is -76362.7078071364" "lglasso's bic is -76187.4379405559"
[19] "lglasso's bic is -76012.248589585"  "lglasso's bic is -75835.4819156285"
[1] "The 33th simulation:"
[1] "heter data are generated"
 [1] "lglasso's bic is -50538.485170074"  "lglasso's bic is -54622.0486265042"
 [3] "lglasso's bic is -57087.3074205689" "lglasso's bic is -58887.3887254319"
 [5] "lglasso's bic is -60239.5628629649" "lglasso's bic is -60970.2117287966"
 [7] "lglasso's bic is -61584.6478779806" "lglasso's bic is -62071.2480988568"
 [9] "lglasso's bic is -62445.4249500272" "lglasso's bic is -62521.8426905471"
[11] "lglasso's bic is -62548.0949777479" "lglasso's bic is -62439.3664587939"
[13] "lglasso's bic is -62265.4726903336" "lglasso's bic is -62040.3661593092"
[15] "lglasso's bic is -61765.0181918544" "lglasso's bic is -61491.9778556854"
[17] "lglasso's bic is -61200.9644079136" "lglasso's bic is -59959.8633637234"
[19] "lglasso's bic is -59845.1432233384" "lglasso's bic is -59582.822272617" 
[1] "The 34th simulation:"
[1] "heter data are generated"
 [1] "lglasso's bic is -32517.3435265016" "lglasso's bic is -36225.0386375055"
 [3] "lglasso's bic is -38810.6342519152" "lglasso's bic is -41020.7945410836"
 [5] "lglasso's bic is -42549.5741300587" "lglasso's bic is -43663.059011219" 
 [7] "lglasso's bic is -44543.3918937668" "lglasso's bic is -45108.7028350263"
 [9] "lglasso's bic is -45624.9314418784" "lglasso's bic is -45686.7597812821"
[11] "lglasso's bic is -45810.4141319716" "lglasso's bic is -45695.0871080631"
[13] "lglasso's bic is -45650.0341303748" "lglasso's bic is -45565.9487543813"
[15] "lglasso's bic is -45469.9034185476" "lglasso's bic is -44877.61607484"  
[17] "lglasso's bic is -44752.5772045098" "lglasso's bic is -44602.3077094455"
[19] "lglasso's bic is -44447.288564473"  "lglasso's bic is -44275.1386188167"
[1] "The 35th simulation:"
[1] "heter data are generated"
 [1] "lglasso's bic is -56647.0638523286" "lglasso's bic is -61213.2927833"   
 [3] "lglasso's bic is -62986.4687212177" "lglasso's bic is -63940.5346409915"
 [5] "lglasso's bic is -64394.8177997865" "lglasso's bic is -64068.9571747204"
 [7] "lglasso's bic is -64259.8385558382" "lglasso's bic is -64184.7623318735"
 [9] "lglasso's bic is -63908.0121765118" "lglasso's bic is -63656.0744583946"
[11] "lglasso's bic is -63184.9464235697" "lglasso's bic is -62683.8439139443"
[13] "lglasso's bic is -62103.9468386364" "lglasso's bic is -61628.1200046535"
[15] "lglasso's bic is -61091.5562774475" "lglasso's bic is -60586.2704528039"
[17] "lglasso's bic is -60084.8736112148" "lglasso's bic is -59546.5290644766"
[19] "lglasso's bic is -59080.2980468394" "lglasso's bic is -58577.4278028515"
[1] "The 36th simulation:"
[1] "heter data are generated"
 [1] "lglasso's bic is -48989.4002801515" "lglasso's bic is -55600.79271354"  
 [3] "lglasso's bic is -59680.4569572066" "lglasso's bic is -61686.0833354824"
 [5] "lglasso's bic is -62467.7665979881" "lglasso's bic is -62724.0402024816"
 [7] "lglasso's bic is -62440.2367519678" "lglasso's bic is -62077.6586581709"
 [9] "lglasso's bic is -61515.8539346555" "lglasso's bic is -61127.7736106042"
[11] "lglasso's bic is -60592.6702689619" "lglasso's bic is -60169.7870815549"
[13] "lglasso's bic is -59753.1813889924" "lglasso's bic is -59328.4033907739"
[15] "lglasso's bic is -58908.9458976572" "lglasso's bic is -58418.0100023221"
[17] "lglasso's bic is -58006.6986494025" "lglasso's bic is -53937.7736060744"
[19] "lglasso's bic is -53638.1420445247" "lglasso's bic is -53331.2943722391"
[1] "The 37th simulation:"
[1] "heter data are generated"
 [1] "lglasso's bic is -26168.5633091399" "lglasso's bic is -30186.8173501905"
 [3] "lglasso's bic is -33384.1738480749" "lglasso's bic is -35497.7897208227"
 [5] "lglasso's bic is -37052.0798096022" "lglasso's bic is -38346.0012342956"
 [7] "lglasso's bic is -39134.2294616609" "lglasso's bic is -39778.9310136722"
 [9] "lglasso's bic is -40162.1561634381" "lglasso's bic is -40335.511990275" 
[11] "lglasso's bic is -40297.1201265169" "lglasso's bic is -40166.9440455101"
[13] "lglasso's bic is -39959.4130783606" "lglasso's bic is -39748.6470693677"
[15] "lglasso's bic is -39562.8763667883" "lglasso's bic is -39373.2957850283"
[17] "lglasso's bic is -39168.6533580743" "lglasso's bic is -38964.0625008309"
[19] "lglasso's bic is -38750.9911904305" "lglasso's bic is -38542.8103356737"
[1] "The 38th simulation:"
[1] "heter data are generated"
 [1] "lglasso's bic is -47453.4587438915" "lglasso's bic is -51986.3375636635"
 [3] "lglasso's bic is -55254.748726452"  "lglasso's bic is -57679.3538756034"
 [5] "lglasso's bic is -59306.9094403757" "lglasso's bic is -60349.3656595523"
 [7] "lglasso's bic is -61221.7815418326" "lglasso's bic is -61682.6850291991"
 [9] "lglasso's bic is -61359.5360005198" "lglasso's bic is -61525.7616047415"
[11] "lglasso's bic is -61530.7963977029" "lglasso's bic is -61477.9916961552"
[13] "lglasso's bic is -61356.3262409865" "lglasso's bic is -61203.5655255359"
[15] "lglasso's bic is -61013.6125625509" "lglasso's bic is -60726.2654190177"
[17] "lglasso's bic is -60519.92659706"   "lglasso's bic is -60318.7802741611"
[19] "lglasso's bic is -60117.1346589207" "lglasso's bic is -59907.1379631488"
[1] "The 39th simulation:"
[1] "heter data are generated"
 [1] "lglasso's bic is -45196.079373323"  "lglasso's bic is -50605.7686530615"
 [3] "lglasso's bic is -45626.5516580715" "lglasso's bic is -47718.5472709441"
 [5] "lglasso's bic is -58196.7109461787" "lglasso's bic is -59321.6737086639"
 [7] "lglasso's bic is -59673.0879532884" "lglasso's bic is -59773.1123265451"
 [9] "lglasso's bic is -59687.911693459"  "lglasso's bic is -59560.8588990849"
[11] "lglasso's bic is -59421.5801192102" "lglasso's bic is -59252.0141376918"
[13] "lglasso's bic is -59025.1852482343" "lglasso's bic is -58826.3649475687"
[15] "lglasso's bic is -53041.1928757333" "lglasso's bic is -52819.8144867448"
[17] "lglasso's bic is -52731.1459313079" "lglasso's bic is -52630.8501123076"
[19] "lglasso's bic is -52522.8575240127" "lglasso's bic is -52416.0156531764"
[1] "The 40th simulation:"
[1] "heter data are generated"
 [1] "lglasso's bic is -40542.7399662511" "lglasso's bic is -46430.6242125259"
 [3] "lglasso's bic is -50269.4819395462" "lglasso's bic is -52592.3412385652"
 [5] "lglasso's bic is -54045.2993977655" "lglasso's bic is -54574.0025602529"
 [7] "lglasso's bic is -54697.6382020839" "lglasso's bic is -54619.6343831933"
 [9] "lglasso's bic is -54349.8096318633" "lglasso's bic is -54070.668947109" 
[11] "lglasso's bic is -53785.4611543498" "lglasso's bic is -53479.1560499766"
[13] "lglasso's bic is -53169.6926851864" "lglasso's bic is -52805.6428705611"
[15] "lglasso's bic is -52500.2420518635" "lglasso's bic is -52016.7648448516"
[17] "lglasso's bic is -51506.4473176941" "lglasso's bic is -51207.1375708334"
[19] "lglasso's bic is -50913.6924478303" "lglasso's bic is -50500.3496021791"
[1] "The 41th simulation:"
[1] "heter data are generated"
 [1] "lglasso's bic is -35154.7305637158" "lglasso's bic is -39231.4996238133"
 [3] "lglasso's bic is -42371.9800967228" "lglasso's bic is -44690.2073153906"
 [5] "lglasso's bic is -46258.8701037566" "lglasso's bic is -47478.5023554932"
 [7] "lglasso's bic is -48391.6081253918" "lglasso's bic is -48920.2852283778"
 [9] "lglasso's bic is -49268.191884548"  "lglasso's bic is -49435.6486582902"
[11] "lglasso's bic is -49496.229406762"  "lglasso's bic is -49492.0428851958"
[13] "lglasso's bic is -49379.5844983931" "lglasso's bic is -49025.6017779021"
[15] "lglasso's bic is -48890.6165910511" "lglasso's bic is -48717.0913009487"
[17] "lglasso's bic is -48545.1176471547" "lglasso's bic is -48358.2279392534"
[19] "lglasso's bic is -48168.0180111105" "lglasso's bic is -47982.7211143319"
[1] "The 42th simulation:"
[1] "heter data are generated"
 [1] "lglasso's bic is -81761.0659985759" "lglasso's bic is -85982.9543435728"
 [3] "lglasso's bic is -86099.5776946922" "lglasso's bic is -85335.0892798089"
 [5] "lglasso's bic is -84332.0956903731" "lglasso's bic is -83455.8378597464"
 [7] "lglasso's bic is -82489.7758470424" "lglasso's bic is -81395.0067300758"
 [9] "lglasso's bic is -79950.3932345224" "lglasso's bic is -78866.6997964526"
[11] "lglasso's bic is -77755.1213079234" "lglasso's bic is -76706.6304651698"
[13] "lglasso's bic is -75665.1533490853" "lglasso's bic is -74684.1221024686"
[15] "lglasso's bic is -73751.384259624"  "lglasso's bic is -72861.8094808464"
[17] "lglasso's bic is -72002.2525002089" "lglasso's bic is -71176.1944296272"
[19] "lglasso's bic is -70379.4545761898" "lglasso's bic is -69602.4493196381"
[1] "The 43th simulation:"
[1] "heter data are generated"
 [1] "lglasso's bic is -62157.9090778806" "lglasso's bic is -67242.1886113602"
 [3] "lglasso's bic is -70280.2765670909" "lglasso's bic is -71940.2823011484"
 [5] "lglasso's bic is -73054.1288446439" "lglasso's bic is -73634.8779800273"
 [7] "lglasso's bic is -73885.2859948969" "lglasso's bic is -73925.0348065655"
 [9] "lglasso's bic is -73758.6973326492" "lglasso's bic is -73480.8314216395"
[11] "lglasso's bic is -73067.1242866591" "lglasso's bic is -72641.1770245609"
[13] "lglasso's bic is -72193.2831898267" "lglasso's bic is -71750.5558158474"
[15] "lglasso's bic is -71300.1745594936" "lglasso's bic is -70674.0477470665"
[17] "lglasso's bic is -70255.8612566831" "lglasso's bic is -69595.9450139585"
[19] "lglasso's bic is -69186.5967127828" "lglasso's bic is -68793.8694706484"
[1] "The 44th simulation:"
[1] "heter data are generated"
 [1] "lglasso's bic is -34134.5084377"    "lglasso's bic is -38439.6334975189"
 [3] "lglasso's bic is -41511.4481436933" "lglasso's bic is -43815.0891509645"
 [5] "lglasso's bic is -45504.6399647668" "lglasso's bic is -46874.4308195282"
 [7] "lglasso's bic is -47787.9629349601" "lglasso's bic is -48284.2464041235"
 [9] "lglasso's bic is -48646.392832235"  "lglasso's bic is -48826.0912310443"
[11] "lglasso's bic is -48833.253947302"  "lglasso's bic is -48771.5575330138"
[13] "lglasso's bic is -48692.0158888167" "lglasso's bic is -48612.952448441" 
[15] "lglasso's bic is -48464.9294874371" "lglasso's bic is -48309.6277697554"
[17] "lglasso's bic is -48145.8358132676" "lglasso's bic is -47885.0526409249"
[19] "lglasso's bic is -47723.6010755683" "lglasso's bic is -47561.5869646257"
[1] "The 45th simulation:"
[1] "heter data are generated"
 [1] "lglasso's bic is -77751.4413018787" "lglasso's bic is -83145.4691561988"
 [3] "lglasso's bic is -81249.7810069382" "lglasso's bic is -81995.5316680972"
 [5] "lglasso's bic is -82389.3260372244" "lglasso's bic is -82448.1542537107"
 [7] "lglasso's bic is -82388.629637336"  "lglasso's bic is -82042.8007923435"
 [9] "lglasso's bic is -81722.6041201093" "lglasso's bic is -81170.8143699493"
[11] "lglasso's bic is -80578.0672123736" "lglasso's bic is -80032.1105412824"
[13] "lglasso's bic is -78537.9011759099" "lglasso's bic is -78013.1871622395"
[15] "lglasso's bic is -77506.8025655425" "lglasso's bic is -73538.8017856587"
[17] "lglasso's bic is -73714.7135033884" "lglasso's bic is -73756.884161012" 
[19] "lglasso's bic is -73878.8653355292" "lglasso's bic is -73897.8002952827"
[1] "The 46th simulation:"
[1] "heter data are generated"
 [1] "lglasso's bic is -52995.7488831434" "lglasso's bic is -59635.6534876339"
 [3] "lglasso's bic is -63246.3416498172" "lglasso's bic is -64777.9706701181"
 [5] "lglasso's bic is -65817.7567254023" "lglasso's bic is -66165.783894755" 
 [7] "lglasso's bic is -66055.9083070351" "lglasso's bic is -65811.3927375005"
 [9] "lglasso's bic is -65420.2691679413" "lglasso's bic is -62474.0779837218"
[11] "lglasso's bic is -62075.651269289"  "lglasso's bic is -61761.2680429033"
[13] "lglasso's bic is -58412.8182909624" "lglasso's bic is -58218.2145501675"
[15] "lglasso's bic is -57994.7144900877" "lglasso's bic is -57733.7196233386"
[17] "lglasso's bic is -57462.4781864581" "lglasso's bic is -57172.3860359487"
[19] "lglasso's bic is -56888.5182518935" "lglasso's bic is -56606.1590737229"
[1] "The 47th simulation:"
[1] "heter data are generated"
 [1] "lglasso's bic is -40759.7987340975" "lglasso's bic is -45507.3253901025"
 [3] "lglasso's bic is -47676.2036728644" "lglasso's bic is -49141.4806731381"
 [5] "lglasso's bic is -50215.1103194173" "lglasso's bic is -50879.8124961679"
 [7] "lglasso's bic is -51296.0883407424" "lglasso's bic is -51304.4000182129"
 [9] "lglasso's bic is -51289.04344803"   "lglasso's bic is -51138.8389025637"
[11] "lglasso's bic is -50844.1101249766" "lglasso's bic is -50484.3510366963"
[13] "lglasso's bic is -49957.9757945868" "lglasso's bic is -49562.8766973842"
[15] "lglasso's bic is -49179.4856855009" "lglasso's bic is -48768.8176159793"
[17] "lglasso's bic is -48353.468320808"  "lglasso's bic is -47960.1486800509"
[19] "lglasso's bic is -47510.9206684233" "lglasso's bic is -47118.4541251944"
[1] "The 48th simulation:"
[1] "heter data are generated"
 [1] "lglasso's bic is -64990.0297366491" "lglasso's bic is -68938.2240725702"
 [3] "lglasso's bic is -71832.8074673227" "lglasso's bic is -73986.8493221819"
 [5] "lglasso's bic is -75446.7324167184" "lglasso's bic is -76610.7598883609"
 [7] "lglasso's bic is -77293.8194169199" "lglasso's bic is -77678.0372125851"
 [9] "lglasso's bic is -78005.6347697265" "lglasso's bic is -78169.6910712729"
[11] "lglasso's bic is -78197.8645363094" "lglasso's bic is -78112.8211884744"
[13] "lglasso's bic is -78024.9699655165" "lglasso's bic is -77820.4007751329"
[15] "lglasso's bic is -77568.5516262907" "lglasso's bic is -77304.3571262083"
[17] "lglasso's bic is -77048.0212473028" "lglasso's bic is -76803.8046488589"
[19] "lglasso's bic is -76542.6330385497" "lglasso's bic is -76266.518571518" 
[1] "The 49th simulation:"
[1] "heter data are generated"
 [1] "lglasso's bic is -46554.6892535827" "lglasso's bic is -51644.2615575516"
 [3] "lglasso's bic is -55104.2371183644" "lglasso's bic is -57502.1045842737"
 [5] "lglasso's bic is -59235.1780115912" "lglasso's bic is -60127.337503392" 
 [7] "lglasso's bic is -60794.9070750786" "lglasso's bic is -61115.1025353295"
 [9] "lglasso's bic is -61097.0095995855" "lglasso's bic is -60874.8442358165"
[11] "lglasso's bic is -60654.6541658972" "lglasso's bic is -60480.7526882627"
[13] "lglasso's bic is -60270.102641392"  "lglasso's bic is -60048.6095303142"
[15] "lglasso's bic is -59816.5863472434" "lglasso's bic is -59586.3024085094"
[17] "lglasso's bic is -59360.6258729299" "lglasso's bic is -58992.3024314876"
[19] "lglasso's bic is -58752.8692123134" "lglasso's bic is -58518.2404827207"
[1] "The 50th simulation:"
[1] "heter data are generated"
 [1] "lglasso's bic is -53429.6140542774" "lglasso's bic is -58427.2791361786"
 [3] "lglasso's bic is -61687.2713576664" "lglasso's bic is -64118.4765196029"
 [5] "lglasso's bic is -65903.6643547548" "lglasso's bic is -66993.2433770299"
 [7] "lglasso's bic is -67848.2964749146" "lglasso's bic is -68132.7566211738"
 [9] "lglasso's bic is -68153.8906175657" "lglasso's bic is -68115.9504806955"
[11] "lglasso's bic is -68035.7873924199" "lglasso's bic is -67890.0136650482"
[13] "lglasso's bic is -67723.3799685976" "lglasso's bic is -67514.7839573395"
[15] "lglasso's bic is -67327.2119320295" "lglasso's bic is -67129.8719716179"
[17] "lglasso's bic is -66942.0966629478" "lglasso's bic is -65298.7529530893"
[19] "lglasso's bic is -65140.3104653234" "lglasso's bic is -64966.8541387215"
There were 50 or more warnings (use warnings() to see the first 50)
> save(simures,file="subject=40_time=20_coef=0_nodes=80.Rd")
> q("no")
> proc.time()
     user    system   elapsed 
28837.718    59.746 30464.959 
