
R version 4.1.2 (2021-11-01) -- "Bird Hippie"
Copyright (C) 2021 The R Foundation for Statistical Computing
Platform: x86_64-pc-linux-gnu (64-bit)

R is free software and comes with ABSOLUTELY NO WARRANTY.
You are welcome to redistribute it under certain conditions.
Type 'license()' or 'licence()' for distribution details.

  Natural language support but running in an English locale

R is a collaborative project with many contributors.
Type 'contributors()' for more information and
'citation()' on how to cite R or R packages in publications.

Type 'demo()' for some demos, 'help()' for on-line help, or
'help.start()' for an HTML browser interface to help.
Type 'q()' to quit R.

> library("lglasso")
> library("glasso")
> library("BDgraph")
> library("GGMselect")
Loading required package: mvtnorm

Attaching package: 'mvtnorm'

The following object is masked from 'package:BDgraph':

    rmvnorm

> library("Matrix")
> m=40
> n=20
> uu2=0.2
> Nsim=50
> rho=vector("list",5)
> rho[[1]]=seq(0.001,0.3,length=20)
> rho[[2]]=seq(0.001,0.3,length=20)
> rho[[3]]=seq(0.001,0.3,length=20)
> rho[[4]]=seq(0.00001,0.1,length=10)
> rho[[5]]=seq(0.00001,0.1,length=10)
> set.seed(m+n+uu2)
> simures=power_compare1(m=m,n=n,p=80,coe=c(2,0,0),l=Nsim,rho=rho,prob=0.01,heter=T,community2=T,uu=c(0.1,uu2))
[1] "The 1th simulation:"
[1] "two-community heter data are generated"
[1] "heter data are generated"
[1] "heter data are generated"
 [1] "lglasso's bic is 47483.4250621356" "lglasso's bic is 42853.388365511" 
 [3] "lglasso's bic is 39450.4490696503" "lglasso's bic is 36897.8160694828"
 [5] "lglasso's bic is 34883.5377069743" "lglasso's bic is 33533.0664971973"
 [7] "lglasso's bic is 32450.6404155646" "lglasso's bic is 31902.238452512" 
 [9] "lglasso's bic is 31460.6533432199" "lglasso's bic is 31342.6984895184"
[11] "lglasso's bic is 31237.2443539786" "lglasso's bic is 31243.0499707663"
[13] "lglasso's bic is 31311.9471711077" "lglasso's bic is 31438.3963223486"
[15] "lglasso's bic is 31528.2113142372" "lglasso's bic is 31742.8238246958"
[17] "lglasso's bic is 32049.516690646"  "lglasso's bic is 32128.7904925309"
[19] "lglasso's bic is 32231.1949351156" "lglasso's bic is 32362.1245193447"
[1] "The 2th simulation:"
[1] "two-community heter data are generated"
[1] "heter data are generated"
[1] "heter data are generated"
 [1] "lglasso's bic is 38844.641692749"  "lglasso's bic is 33975.7581707929"
 [3] "lglasso's bic is 30717.7153132853" "lglasso's bic is 28133.1184476512"
 [5] "lglasso's bic is 26218.8275912785" "lglasso's bic is 25193.3756935644"
 [7] "lglasso's bic is 24426.0541812672" "lglasso's bic is 23774.0251384318"
 [9] "lglasso's bic is 23371.5305539487" "lglasso's bic is 23326.8456559987"
[11] "lglasso's bic is 23324.3472398274" "lglasso's bic is 23391.4340192854"
[13] "lglasso's bic is 23642.7764002102" "lglasso's bic is 23773.1649167562"
[15] "lglasso's bic is 23935.7833884395" "lglasso's bic is 24073.8841153046"
[17] "lglasso's bic is 24394.6296926088" "lglasso's bic is 24753.3150378388"
[19] "lglasso's bic is 24907.1501975895" "lglasso's bic is 25242.8154931017"
[1] "The 3th simulation:"
[1] "two-community heter data are generated"
[1] "heter data are generated"
[1] "heter data are generated"
 [1] "lglasso's bic is 34841.808416037"  "lglasso's bic is 30234.8604155438"
 [3] "lglasso's bic is 26742.4241719922" "lglasso's bic is 24384.1008310988"
 [5] "lglasso's bic is 22742.1414818237" "lglasso's bic is 21427.5629435045"
 [7] "lglasso's bic is 20478.9771908499" "lglasso's bic is 19793.8274813815"
 [9] "lglasso's bic is 19593.0348237563" "lglasso's bic is 19511.5977672986"
[11] "lglasso's bic is 19570.9332227714" "lglasso's bic is 19646.220877719" 
[13] "lglasso's bic is 19753.0691778979" "lglasso's bic is 19901.5452507684"
[15] "lglasso's bic is 20100.2781484834" "lglasso's bic is 20312.8042364389"
[17] "lglasso's bic is 20500.9358221047" "lglasso's bic is 20691.8854750897"
[19] "lglasso's bic is 20885.3525550986" "lglasso's bic is 21082.72602918"  
[1] "The 4th simulation:"
[1] "two-community heter data are generated"
[1] "heter data are generated"
[1] "heter data are generated"
 [1] "lglasso's bic is 39149.8127901362" "lglasso's bic is 34238.1588599703"
 [3] "lglasso's bic is 30958.6704265562" "lglasso's bic is 28768.7629069317"
 [5] "lglasso's bic is 26773.8083489432" "lglasso's bic is 25451.0395402967"
 [7] "lglasso's bic is 24695.606612281"  "lglasso's bic is 24202.7158720381"
 [9] "lglasso's bic is 23866.4264950323" "lglasso's bic is 23717.327361619" 
[11] "lglasso's bic is 23689.5658747148" "lglasso's bic is 23815.0847594841"
[13] "lglasso's bic is 24079.0105009063" "lglasso's bic is 24240.8928139923"
[15] "lglasso's bic is 24527.9752352173" "lglasso's bic is 24731.1845584235"
[17] "lglasso's bic is 24970.2534834316" "lglasso's bic is 25140.0274880518"
[19] "lglasso's bic is 25312.0616037238" "lglasso's bic is 25498.9581381998"
[1] "The 5th simulation:"
[1] "two-community heter data are generated"
[1] "heter data are generated"
[1] "heter data are generated"
 [1] "lglasso's bic is 33956.5802429667" "lglasso's bic is 28816.2591112889"
 [3] "lglasso's bic is 25458.8744985127" "lglasso's bic is 23074.3340446757"
 [5] "lglasso's bic is 21743.1448958069" "lglasso's bic is 20775.7343985688"
 [7] "lglasso's bic is 19882.2721474131" "lglasso's bic is 19407.5384612418"
 [9] "lglasso's bic is 19381.958387735"  "lglasso's bic is 19376.4076187395"
[11] "lglasso's bic is 19591.7910083696" "lglasso's bic is 19874.456948885" 
[13] "lglasso's bic is 20044.8624387129" "lglasso's bic is 20246.7959836603"
[15] "lglasso's bic is 20464.8397834704" "lglasso's bic is 20689.8568991629"
[17] "lglasso's bic is 20979.7071723414" "lglasso's bic is 21301.3054319121"
[19] "lglasso's bic is 21526.8643096225" "lglasso's bic is 21737.4159788804"
[1] "The 6th simulation:"
[1] "two-community heter data are generated"
[1] "heter data are generated"
[1] "heter data are generated"
 [1] "lglasso's bic is 40743.6177449"    "lglasso's bic is 35795.5461483669"
 [3] "lglasso's bic is 32647.8724139817" "lglasso's bic is 30695.0971611224"
 [5] "lglasso's bic is 29157.7880039525" "lglasso's bic is 28050.641794265" 
 [7] "lglasso's bic is 27224.3022184432" "lglasso's bic is 26800.8829257176"
 [9] "lglasso's bic is 26793.1865902568" "lglasso's bic is 26756.0043911093"
[11] "lglasso's bic is 26783.7998912718" "lglasso's bic is 27035.7522126909"
[13] "lglasso's bic is 27324.7815333946" "lglasso's bic is 27548.9792623756"
[15] "lglasso's bic is 27905.196608896"  "lglasso's bic is 28150.6459850912"
[17] "lglasso's bic is 28546.7535623283" "lglasso's bic is 28784.0757836042"
[19] "lglasso's bic is 29021.276801422"  "lglasso's bic is 29259.1308385349"
[1] "The 7th simulation:"
[1] "two-community heter data are generated"
[1] "heter data are generated"
[1] "heter data are generated"
 [1] "lglasso's bic is 39308.2575956628" "lglasso's bic is 35305.5277153527"
 [3] "lglasso's bic is 31854.2443009023" "lglasso's bic is 29376.0572823908"
 [5] "lglasso's bic is 27425.830099388"  "lglasso's bic is 25794.1743415117"
 [7] "lglasso's bic is 24656.9189635824" "lglasso's bic is 23847.7590132791"
 [9] "lglasso's bic is 23592.5791440767" "lglasso's bic is 23385.5003162114"
[11] "lglasso's bic is 23348.478949923"  "lglasso's bic is 23387.5757266771"
[13] "lglasso's bic is 23387.8959807223" "lglasso's bic is 23529.2595336783"
[15] "lglasso's bic is 23612.041148425"  "lglasso's bic is 23711.2060302532"
[17] "lglasso's bic is 23805.538141519"  "lglasso's bic is 23920.9162788951"
[19] "lglasso's bic is 24041.6944749298" "lglasso's bic is 24153.6479820322"
[1] "The 8th simulation:"
[1] "two-community heter data are generated"
[1] "heter data are generated"
[1] "heter data are generated"
 [1] "lglasso's bic is 41834.3237845968" "lglasso's bic is 37203.478826735" 
 [3] "lglasso's bic is 33834.2853827236" "lglasso's bic is 31164.4173138918"
 [5] "lglasso's bic is 29069.5210205828" "lglasso's bic is 27605.6656071569"
 [7] "lglasso's bic is 26652.193224928"  "lglasso's bic is 26329.0261645922"
 [9] "lglasso's bic is 25948.8604798033" "lglasso's bic is 25702.2425163362"
[11] "lglasso's bic is 25861.1722451021" "lglasso's bic is 25857.5694924748"
[13] "lglasso's bic is 25950.3223966817" "lglasso's bic is 26037.968685233" 
[15] "lglasso's bic is 26207.3291265842" "lglasso's bic is 26297.4085972566"
[17] "lglasso's bic is 26394.8877433268" "lglasso's bic is 26523.4700343185"
[19] "lglasso's bic is 26631.9046499037" "lglasso's bic is 26754.0151996373"
[1] "The 9th simulation:"
[1] "two-community heter data are generated"
[1] "heter data are generated"
[1] "heter data are generated"
 [1] "lglasso's bic is 39273.4744533494" "lglasso's bic is 34570.6878951702"
 [3] "lglasso's bic is 31964.804992416"  "lglasso's bic is 29743.506471828" 
 [5] "lglasso's bic is 28264.1596902702" "lglasso's bic is 27226.4934994784"
 [7] "lglasso's bic is 26547.3691567602" "lglasso's bic is 25998.7187841703"
 [9] "lglasso's bic is 25719.1064366913" "lglasso's bic is 25729.1709266494"
[11] "lglasso's bic is 25793.3621374217" "lglasso's bic is 25936.7133493362"
[13] "lglasso's bic is 26210.208551249"  "lglasso's bic is 26451.1068304752"
[15] "lglasso's bic is 26689.5100407544" "lglasso's bic is 26924.5122834366"
[17] "lglasso's bic is 27225.3891937486" "lglasso's bic is 27441.5416398692"
[19] "lglasso's bic is 27682.047547422"  "lglasso's bic is 27965.246827643" 
[1] "The 10th simulation:"
[1] "two-community heter data are generated"
[1] "heter data are generated"
[1] "heter data are generated"
 [1] "lglasso's bic is 32606.9083579968" "lglasso's bic is 27667.1284154829"
 [3] "lglasso's bic is 24139.2585788446" "lglasso's bic is 21661.0730938942"
 [5] "lglasso's bic is 19758.8187843456" "lglasso's bic is 18394.1507689471"
 [7] "lglasso's bic is 17490.9776043764" "lglasso's bic is 16923.8193317165"
 [9] "lglasso's bic is 16702.158450117"  "lglasso's bic is 16670.1913277707"
[11] "lglasso's bic is 16681.6599181407" "lglasso's bic is 16743.4366219564"
[13] "lglasso's bic is 16908.9860598389" "lglasso's bic is 17307.9768007349"
[15] "lglasso's bic is 17587.220024396"  "lglasso's bic is 17752.3151115915"
[17] "lglasso's bic is 17884.0670649886" "lglasso's bic is 18032.9651813305"
[19] "lglasso's bic is 18208.4445501637" "lglasso's bic is 18357.7221157324"
[1] "The 11th simulation:"
[1] "two-community heter data are generated"
[1] "heter data are generated"
[1] "heter data are generated"
 [1] "lglasso's bic is 37564.3226087373" "lglasso's bic is 32826.4299575191"
 [3] "lglasso's bic is 29549.4448437555" "lglasso's bic is 27095.8670031599"
 [5] "lglasso's bic is 25121.2201554595" "lglasso's bic is 23831.8588067154"
 [7] "lglasso's bic is 22863.4977802859" "lglasso's bic is 22439.5418027606"
 [9] "lglasso's bic is 22232.4940806199" "lglasso's bic is 22088.3302127312"
[11] "lglasso's bic is 22120.2617739814" "lglasso's bic is 22243.7195320374"
[13] "lglasso's bic is 22318.1459869794" "lglasso's bic is 22470.4450207515"
[15] "lglasso's bic is 22778.9470540616" "lglasso's bic is 23004.2072861504"
[17] "lglasso's bic is 23363.0419873657" "lglasso's bic is 23559.0436859589"
[19] "lglasso's bic is 23725.0950070257" "lglasso's bic is 23906.30144866"  
[1] "The 12th simulation:"
[1] "two-community heter data are generated"
[1] "heter data are generated"
[1] "heter data are generated"
 [1] "lglasso's bic is 40963.5516328298" "lglasso's bic is 36340.5072913307"
 [3] "lglasso's bic is 32785.3294009043" "lglasso's bic is 30293.1727874689"
 [5] "lglasso's bic is 28239.6910623903" "lglasso's bic is 26986.8988161364"
 [7] "lglasso's bic is 25975.6936079527" "lglasso's bic is 25616.8726422419"
 [9] "lglasso's bic is 25330.9746752886" "lglasso's bic is 25281.3808082435"
[11] "lglasso's bic is 25177.5025656066" "lglasso's bic is 25219.5954814225"
[13] "lglasso's bic is 25247.8363037784" "lglasso's bic is 25401.1548380659"
[15] "lglasso's bic is 25526.2745530828" "lglasso's bic is 25621.9103457503"
[17] "lglasso's bic is 25731.4457849469" "lglasso's bic is 25856.3219420908"
[19] "lglasso's bic is 26020.5640944224" "lglasso's bic is 26158.0856161652"
[1] "The 13th simulation:"
[1] "two-community heter data are generated"
[1] "heter data are generated"
[1] "heter data are generated"
 [1] "lglasso's bic is 45054.0810759529" "lglasso's bic is 40472.303738073" 
 [3] "lglasso's bic is 37520.0637090767" "lglasso's bic is 35303.9228291188"
 [5] "lglasso's bic is 33788.4307154768" "lglasso's bic is 32640.144801751" 
 [7] "lglasso's bic is 31878.2153984608" "lglasso's bic is 31385.8906974544"
 [9] "lglasso's bic is 31203.4870350869" "lglasso's bic is 31140.5325206067"
[11] "lglasso's bic is 31271.8910296316" "lglasso's bic is 31408.5435443173"
[13] "lglasso's bic is 31603.5423752057" "lglasso's bic is 31795.7217253371"
[15] "lglasso's bic is 32057.9335665232" "lglasso's bic is 32289.7770897956"
[17] "lglasso's bic is 32538.333547147"  "lglasso's bic is 32782.805163915" 
[19] "lglasso's bic is 33204.9124601375" "lglasso's bic is 33438.2003720592"
[1] "The 14th simulation:"
[1] "two-community heter data are generated"
[1] "heter data are generated"
[1] "heter data are generated"
 [1] "lglasso's bic is 45498.9855478831" "lglasso's bic is 41410.1464996572"
 [3] "lglasso's bic is 37990.1903008833" "lglasso's bic is 35443.8987942725"
 [5] "lglasso's bic is 33731.0043568438" "lglasso's bic is 32332.0364277621"
 [7] "lglasso's bic is 31249.0437278081" "lglasso's bic is 30501.4390085567"
 [9] "lglasso's bic is 29993.0209508055" "lglasso's bic is 29783.1540438088"
[11] "lglasso's bic is 29708.0293207538" "lglasso's bic is 29748.6061505882"
[13] "lglasso's bic is 29801.3511325682" "lglasso's bic is 29923.6182855761"
[15] "lglasso's bic is 30047.3495617674" "lglasso's bic is 30327.9819027949"
[17] "lglasso's bic is 30526.5324836603" "lglasso's bic is 30668.0278412402"
[19] "lglasso's bic is 30805.2876314013" "lglasso's bic is 30950.2971764655"
[1] "The 15th simulation:"
[1] "two-community heter data are generated"
[1] "heter data are generated"
[1] "heter data are generated"
 [1] "lglasso's bic is 38927.5169917379" "lglasso's bic is 34079.3951183208"
 [3] "lglasso's bic is 30914.6404781891" "lglasso's bic is 28037.7490380036"
 [5] "lglasso's bic is 26151.9372982784" "lglasso's bic is 24856.9371294965"
 [7] "lglasso's bic is 24010.8168873571" "lglasso's bic is 23363.2061331384"
 [9] "lglasso's bic is 23015.5059678796" "lglasso's bic is 22919.9474644039"
[11] "lglasso's bic is 23202.4975995986" "lglasso's bic is 23192.1018343697"
[13] "lglasso's bic is 23351.7617051147" "lglasso's bic is 23483.2752241121"
[15] "lglasso's bic is 23697.6197806628" "lglasso's bic is 23831.3117648279"
[17] "lglasso's bic is 24085.7214609964" "lglasso's bic is 24258.298166163" 
[19] "lglasso's bic is 24411.0471153016" "lglasso's bic is 24752.3042323053"
[1] "The 16th simulation:"
[1] "two-community heter data are generated"
[1] "heter data are generated"
[1] "heter data are generated"
 [1] "lglasso's bic is 35975.7893510192" "lglasso's bic is 31439.0711382893"
 [3] "lglasso's bic is 28191.0798283449" "lglasso's bic is 25510.9695863796"
 [5] "lglasso's bic is 23688.8391198583" "lglasso's bic is 22192.6903419591"
 [7] "lglasso's bic is 21115.9942069234" "lglasso's bic is 20569.0019454973"
 [9] "lglasso's bic is 20251.0071654112" "lglasso's bic is 20182.4632289494"
[11] "lglasso's bic is 20210.0796998513" "lglasso's bic is 20297.062217271" 
[13] "lglasso's bic is 20418.2943607874" "lglasso's bic is 20584.3658190071"
[15] "lglasso's bic is 20791.3623350454" "lglasso's bic is 21066.6297520802"
[17] "lglasso's bic is 21351.8343403368" "lglasso's bic is 21630.2685374992"
[19] "lglasso's bic is 22064.0634498444" "lglasso's bic is 22248.2496961927"
[1] "The 17th simulation:"
[1] "two-community heter data are generated"
[1] "heter data are generated"
[1] "heter data are generated"
 [1] "lglasso's bic is 40726.756429671"  "lglasso's bic is 36225.1937092068"
 [3] "lglasso's bic is 32865.8625403325" "lglasso's bic is 30248.6452766403"
 [5] "lglasso's bic is 28100.1894927538" "lglasso's bic is 26423.6170697631"
 [7] "lglasso's bic is 25654.2888041376" "lglasso's bic is 25081.0350569122"
 [9] "lglasso's bic is 24845.5260886048" "lglasso's bic is 24750.2754471495"
[11] "lglasso's bic is 24700.7298770579" "lglasso's bic is 24770.1651026652"
[13] "lglasso's bic is 24847.3711090129" "lglasso's bic is 25134.0085456974"
[15] "lglasso's bic is 25288.4409086377" "lglasso's bic is 25489.8028970793"
[17] "lglasso's bic is 25655.5982365109" "lglasso's bic is 25850.7035736281"
[19] "lglasso's bic is 26171.2816358323" "lglasso's bic is 26325.6650800254"
[1] "The 18th simulation:"
[1] "two-community heter data are generated"
[1] "heter data are generated"
[1] "heter data are generated"
 [1] "lglasso's bic is 41370.9811408286" "lglasso's bic is 37108.7695355026"
 [3] "lglasso's bic is 33397.2426393448" "lglasso's bic is 31121.3514713776"
 [5] "lglasso's bic is 29211.8918920769" "lglasso's bic is 27892.3169553731"
 [7] "lglasso's bic is 26914.1400239724" "lglasso's bic is 26234.7485105314"
 [9] "lglasso's bic is 25819.7922090737" "lglasso's bic is 25789.343309449" 
[11] "lglasso's bic is 25721.7458981854" "lglasso's bic is 25784.9245871308"
[13] "lglasso's bic is 25871.3812750421" "lglasso's bic is 25967.2696171755"
[15] "lglasso's bic is 26104.6298748168" "lglasso's bic is 26318.4493145145"
[17] "lglasso's bic is 26520.8263788357" "lglasso's bic is 26701.8686356924"
[19] "lglasso's bic is 27014.1566199532" "lglasso's bic is 27562.6546400899"
[1] "The 19th simulation:"
[1] "two-community heter data are generated"
[1] "heter data are generated"
[1] "heter data are generated"
 [1] "lglasso's bic is 45397.9316505952" "lglasso's bic is 41357.3701416966"
 [3] "lglasso's bic is 38082.2353939497" "lglasso's bic is 35341.2012521646"
 [5] "lglasso's bic is 33245.0322929271" "lglasso's bic is 31618.9722152488"
 [7] "lglasso's bic is 30507.9736864381" "lglasso's bic is 29788.6976619311"
 [9] "lglasso's bic is 29371.1052088841" "lglasso's bic is 29177.2166459657"
[11] "lglasso's bic is 29112.0607811187" "lglasso's bic is 29069.8668804366"
[13] "lglasso's bic is 29112.4900416009" "lglasso's bic is 29182.600802044" 
[15] "lglasso's bic is 29264.3738953888" "lglasso's bic is 29333.4231604332"
[17] "lglasso's bic is 29416.3665417694" "lglasso's bic is 29512.1924071985"
[19] "lglasso's bic is 29634.9017213454" "lglasso's bic is 29732.6363323272"
[1] "The 20th simulation:"
[1] "two-community heter data are generated"
[1] "heter data are generated"
[1] "heter data are generated"
 [1] "lglasso's bic is 39487.5614072967" "lglasso's bic is 34565.5655965401"
 [3] "lglasso's bic is 31411.8305116325" "lglasso's bic is 28800.0323900468"
 [5] "lglasso's bic is 26870.1219596954" "lglasso's bic is 25598.7765340708"
 [7] "lglasso's bic is 24868.9071678601" "lglasso's bic is 24312.8205750535"
 [9] "lglasso's bic is 24080.6968016294" "lglasso's bic is 24050.2517811202"
[11] "lglasso's bic is 24086.625995891"  "lglasso's bic is 24160.7582043302"
[13] "lglasso's bic is 24308.9014632695" "lglasso's bic is 24443.4391754616"
[15] "lglasso's bic is 24597.9090948303" "lglasso's bic is 24873.6915376987"
[17] "lglasso's bic is 25075.6825218307" "lglasso's bic is 25257.6127859678"
[19] "lglasso's bic is 25759.3257798875" "lglasso's bic is 26143.7658578071"
[1] "The 21th simulation:"
[1] "two-community heter data are generated"
[1] "heter data are generated"
[1] "heter data are generated"
 [1] "lglasso's bic is 30727.1029080012" "lglasso's bic is 26123.1169675143"
 [3] "lglasso's bic is 23279.3188608347" "lglasso's bic is 21156.9435673254"
 [5] "lglasso's bic is 19574.6615205663" "lglasso's bic is 18166.8285305243"
 [7] "lglasso's bic is 17365.2190855787" "lglasso's bic is 16805.5039872191"
 [9] "lglasso's bic is 16447.4780841537" "lglasso's bic is 16355.8504192487"
[11] "lglasso's bic is 16413.8825759489" "lglasso's bic is 16651.755897648" 
[13] "lglasso's bic is 16792.8689085063" "lglasso's bic is 16968.6948181398"
[15] "lglasso's bic is 17138.2580973221" "lglasso's bic is 17321.1281968145"
[17] "lglasso's bic is 17526.5925757094" "lglasso's bic is 17722.4605941619"
[19] "lglasso's bic is 17953.7426992106" "lglasso's bic is 18451.2165013397"
[1] "The 22th simulation:"
[1] "two-community heter data are generated"
[1] "heter data are generated"
[1] "heter data are generated"
 [1] "lglasso's bic is 29899.761232721"  "lglasso's bic is 25017.4715475968"
 [3] "lglasso's bic is 21593.4081804074" "lglasso's bic is 18934.2834712906"
 [5] "lglasso's bic is 17284.0470389156" "lglasso's bic is 16176.1301751609"
 [7] "lglasso's bic is 15335.0972254853" "lglasso's bic is 14913.4738421071"
 [9] "lglasso's bic is 14770.8254423889" "lglasso's bic is 14980.1880093157"
[11] "lglasso's bic is 15042.3645598752" "lglasso's bic is 15260.0316635016"
[13] "lglasso's bic is 15372.0557807922" "lglasso's bic is 15567.7520593273"
[15] "lglasso's bic is 15751.1753005672" "lglasso's bic is 15916.0712579937"
[17] "lglasso's bic is 16120.1520462437" "lglasso's bic is 16345.2601308222"
[19] "lglasso's bic is 16878.6154858065" "lglasso's bic is 17055.3610336713"
[1] "The 23th simulation:"
[1] "two-community heter data are generated"
[1] "heter data are generated"
[1] "heter data are generated"
 [1] "lglasso's bic is 45936.2575814698" "lglasso's bic is 41501.5057995991"
 [3] "lglasso's bic is 38319.8959696193" "lglasso's bic is 35588.211579148" 
 [5] "lglasso's bic is 33570.1536522859" "lglasso's bic is 31989.7420717253"
 [7] "lglasso's bic is 30861.4139328112" "lglasso's bic is 30334.9716177414"
 [9] "lglasso's bic is 29955.3856033774" "lglasso's bic is 29931.3079996076"
[11] "lglasso's bic is 29882.4832946958" "lglasso's bic is 29869.2023403984"
[13] "lglasso's bic is 29972.0030978231" "lglasso's bic is 30070.8809422037"
[15] "lglasso's bic is 30192.05309914"   "lglasso's bic is 30339.3478666453"
[17] "lglasso's bic is 30471.5724446039" "lglasso's bic is 30592.2678472224"
[19] "lglasso's bic is 30783.344347058"  "lglasso's bic is 31049.1469432693"
[1] "The 24th simulation:"
[1] "two-community heter data are generated"
[1] "heter data are generated"
[1] "heter data are generated"
 [1] "lglasso's bic is 33278.645328202"  "lglasso's bic is 28543.9652553201"
 [3] "lglasso's bic is 25054.9318053814" "lglasso's bic is 22382.8390792553"
 [5] "lglasso's bic is 20531.95099197"   "lglasso's bic is 19169.8069453401"
 [7] "lglasso's bic is 18479.0546784111" "lglasso's bic is 18283.5341288446"
 [9] "lglasso's bic is 17960.8738213584" "lglasso's bic is 17874.2628435131"
[11] "lglasso's bic is 17965.2481636761" "lglasso's bic is 18064.4052035438"
[13] "lglasso's bic is 18234.8207825993" "lglasso's bic is 18432.0765900987"
[15] "lglasso's bic is 18627.0451224622" "lglasso's bic is 18791.0048617845"
[17] "lglasso's bic is 18975.5602101012" "lglasso's bic is 19134.1427816258"
[19] "lglasso's bic is 19333.5547272295" "lglasso's bic is 19533.4492661189"
[1] "The 25th simulation:"
[1] "two-community heter data are generated"
[1] "heter data are generated"
[1] "heter data are generated"
 [1] "lglasso's bic is 38669.8093482629" "lglasso's bic is 34178.4251644026"
 [3] "lglasso's bic is 30604.1450081793" "lglasso's bic is 28084.2694308133"
 [5] "lglasso's bic is 26087.3732036617" "lglasso's bic is 24675.2400110146"
 [7] "lglasso's bic is 23844.3188648311" "lglasso's bic is 23320.4536719088"
 [9] "lglasso's bic is 23080.6015832454" "lglasso's bic is 22940.7675041618"
[11] "lglasso's bic is 22971.7921336161" "lglasso's bic is 23060.3337788004"
[13] "lglasso's bic is 23267.5708348008" "lglasso's bic is 23549.6922941425"
[15] "lglasso's bic is 23802.3926006299" "lglasso's bic is 23952.5911249214"
[17] "lglasso's bic is 24129.5485047671" "lglasso's bic is 24298.9720883915"
[19] "lglasso's bic is 24498.3024600781" "lglasso's bic is 24659.1372359082"
[1] "The 26th simulation:"
[1] "two-community heter data are generated"
[1] "heter data are generated"
[1] "heter data are generated"
 [1] "lglasso's bic is 41194.2106937944" "lglasso's bic is 36651.625416301" 
 [3] "lglasso's bic is 32794.3310423641" "lglasso's bic is 30520.4671798674"
 [5] "lglasso's bic is 28891.8113283566" "lglasso's bic is 27303.0338311505"
 [7] "lglasso's bic is 26462.4591398796" "lglasso's bic is 25867.9731721236"
 [9] "lglasso's bic is 25566.9281057182" "lglasso's bic is 25436.0590992806"
[11] "lglasso's bic is 25410.81140181"   "lglasso's bic is 25403.2649357504"
[13] "lglasso's bic is 25563.3266980489" "lglasso's bic is 25697.1568066909"
[15] "lglasso's bic is 25825.6311102951" "lglasso's bic is 25972.5097643029"
[17] "lglasso's bic is 26123.3717978511" "lglasso's bic is 26269.0154704715"
[19] "lglasso's bic is 26442.2507343613" "lglasso's bic is 26597.7404489525"
[1] "The 27th simulation:"
[1] "two-community heter data are generated"
[1] "heter data are generated"
[1] "heter data are generated"
 [1] "lglasso's bic is 47089.2669348183" "lglasso's bic is 42723.5938940643"
 [3] "lglasso's bic is 39156.854157707"  "lglasso's bic is 36558.4043873222"
 [5] "lglasso's bic is 34628.0274959417" "lglasso's bic is 33197.2519462657"
 [7] "lglasso's bic is 31899.1715821625" "lglasso's bic is 31365.0414761222"
 [9] "lglasso's bic is 30952.3773668275" "lglasso's bic is 30742.3502065404"
[11] "lglasso's bic is 30685.1270443608" "lglasso's bic is 30729.217402866" 
[13] "lglasso's bic is 30782.8217588945" "lglasso's bic is 31053.0853419298"
[15] "lglasso's bic is 31143.5203257796" "lglasso's bic is 31263.6398315977"
[17] "lglasso's bic is 31403.6448479599" "lglasso's bic is 31519.1059792145"
[19] "lglasso's bic is 31723.7898016206" "lglasso's bic is 31882.3248411235"
[1] "The 28th simulation:"
[1] "two-community heter data are generated"
[1] "heter data are generated"
[1] "heter data are generated"
 [1] "lglasso's bic is 41664.2962901057" "lglasso's bic is 37273.0714498885"
 [3] "lglasso's bic is 33913.2530782073" "lglasso's bic is 30998.8790474776"
 [5] "lglasso's bic is 28911.9957143368" "lglasso's bic is 27568.9045787776"
 [7] "lglasso's bic is 26626.8037308054" "lglasso's bic is 26220.799452147" 
 [9] "lglasso's bic is 25975.0588293028" "lglasso's bic is 25758.9302839872"
[11] "lglasso's bic is 25804.526668274"  "lglasso's bic is 25843.8670799586"
[13] "lglasso's bic is 25935.2200849446" "lglasso's bic is 26082.4015101146"
[15] "lglasso's bic is 26402.6498420258" "lglasso's bic is 26579.7970056034"
[17] "lglasso's bic is 26713.4022143201" "lglasso's bic is 26935.7453605152"
[19] "lglasso's bic is 27076.4915274264" "lglasso's bic is 27241.9694799828"
[1] "The 29th simulation:"
[1] "two-community heter data are generated"
[1] "heter data are generated"
[1] "heter data are generated"
 [1] "lglasso's bic is 31387.5010004017" "lglasso's bic is 26673.2611345855"
 [3] "lglasso's bic is 23194.2131080581" "lglasso's bic is 20840.2603707145"
 [5] "lglasso's bic is 19529.6578548612" "lglasso's bic is 18246.3184960883"
 [7] "lglasso's bic is 17308.39044127"   "lglasso's bic is 16810.425440744" 
 [9] "lglasso's bic is 16381.4980281311" "lglasso's bic is 16216.5493701237"
[11] "lglasso's bic is 16162.9931157225" "lglasso's bic is 16127.1749993811"
[13] "lglasso's bic is 16388.6191127323" "lglasso's bic is 16561.9262491886"
[15] "lglasso's bic is 16773.3578029609" "lglasso's bic is 16911.2702434466"
[17] "lglasso's bic is 17063.4603774264" "lglasso's bic is 17210.4291864435"
[19] "lglasso's bic is 17380.5053310235" "lglasso's bic is 17535.4054964186"
[1] "The 30th simulation:"
[1] "two-community heter data are generated"
[1] "heter data are generated"
[1] "heter data are generated"
 [1] "lglasso's bic is 43316.3247684759" "lglasso's bic is 39052.6086806076"
 [3] "lglasso's bic is 35411.9270483116" "lglasso's bic is 32737.3044310617"
 [5] "lglasso's bic is 30753.8875734124" "lglasso's bic is 29384.5192873655"
 [7] "lglasso's bic is 28428.2251581813" "lglasso's bic is 27765.5832843338"
 [9] "lglasso's bic is 27438.8211815247" "lglasso's bic is 27203.5431015863"
[11] "lglasso's bic is 27091.804419565"  "lglasso's bic is 27134.8751092793"
[13] "lglasso's bic is 27236.0235895557" "lglasso's bic is 27333.6981577044"
[15] "lglasso's bic is 27434.1907395875" "lglasso's bic is 27546.6736102485"
[17] "lglasso's bic is 27685.2372917933" "lglasso's bic is 27809.8274523216"
[19] "lglasso's bic is 27941.8279562992" "lglasso's bic is 28113.4808309204"
[1] "The 31th simulation:"
[1] "two-community heter data are generated"
[1] "heter data are generated"
[1] "heter data are generated"
 [1] "lglasso's bic is 43661.9345539042" "lglasso's bic is 39007.8750725031"
 [3] "lglasso's bic is 35140.0620568018" "lglasso's bic is 32820.0530457748"
 [5] "lglasso's bic is 31105.7165697315" "lglasso's bic is 29667.7086694313"
 [7] "lglasso's bic is 28745.7865688248" "lglasso's bic is 28247.8051430404"
 [9] "lglasso's bic is 27895.2811889019" "lglasso's bic is 27696.0732436781"
[11] "lglasso's bic is 27954.382080104"  "lglasso's bic is 27967.4670613439"
[13] "lglasso's bic is 28015.9040602191" "lglasso's bic is 28126.6672731456"
[15] "lglasso's bic is 28227.7886538615" "lglasso's bic is 28365.3372671678"
[17] "lglasso's bic is 28510.8290454743" "lglasso's bic is 28640.5659488071"
[19] "lglasso's bic is 28777.9391879502" "lglasso's bic is 28969.8150251281"
[1] "The 32th simulation:"
[1] "two-community heter data are generated"
[1] "heter data are generated"
[1] "heter data are generated"
 [1] "lglasso's bic is 42829.9093559418" "lglasso's bic is 38411.5034735891"
 [3] "lglasso's bic is 34844.0583942254" "lglasso's bic is 32105.0132328681"
 [5] "lglasso's bic is 30317.4054032999" "lglasso's bic is 28898.6129000618"
 [7] "lglasso's bic is 28188.1868572476" "lglasso's bic is 27574.5857843184"
 [9] "lglasso's bic is 27081.2394534673" "lglasso's bic is 26953.2218454741"
[11] "lglasso's bic is 26910.9780114673" "lglasso's bic is 26914.7569878349"
[13] "lglasso's bic is 27110.2337883289" "lglasso's bic is 27225.915426216" 
[15] "lglasso's bic is 27348.5140062914" "lglasso's bic is 27593.301468925" 
[17] "lglasso's bic is 27762.5928807404" "lglasso's bic is 27900.5418456324"
[19] "lglasso's bic is 28431.1041053933" "lglasso's bic is 28655.0984886518"
[1] "The 33th simulation:"
[1] "two-community heter data are generated"
[1] "heter data are generated"
[1] "heter data are generated"
 [1] "lglasso's bic is 36298.6847054784" "lglasso's bic is 31537.7049343702"
 [3] "lglasso's bic is 28551.5161627451" "lglasso's bic is 26285.3714036168"
 [5] "lglasso's bic is 24421.6878806881" "lglasso's bic is 23019.7579418014"
 [7] "lglasso's bic is 22375.0322191168" "lglasso's bic is 21906.1600341048"
 [9] "lglasso's bic is 21710.6656583616" "lglasso's bic is 21737.7481713528"
[11] "lglasso's bic is 21861.8737420553" "lglasso's bic is 21982.8104334242"
[13] "lglasso's bic is 22149.5894123023" "lglasso's bic is 22398.1305499458"
[15] "lglasso's bic is 22607.1126550984" "lglasso's bic is 23116.987061494" 
[17] "lglasso's bic is 23324.9609663647" "lglasso's bic is 23583.9269163856"
[19] "lglasso's bic is 23797.2402320561" "lglasso's bic is 24021.5643071845"
[1] "The 34th simulation:"
[1] "two-community heter data are generated"
[1] "heter data are generated"
[1] "heter data are generated"
 [1] "lglasso's bic is 32478.8577170608" "lglasso's bic is 27749.2837751898"
 [3] "lglasso's bic is 24134.4786753862" "lglasso's bic is 21403.9041246344"
 [5] "lglasso's bic is 19851.4842081542" "lglasso's bic is 18577.1544631123"
 [7] "lglasso's bic is 17734.7531623833" "lglasso's bic is 17184.4013089521"
 [9] "lglasso's bic is 16968.0887348033" "lglasso's bic is 16947.6787823857"
[11] "lglasso's bic is 16995.748423784"  "lglasso's bic is 17098.5694027055"
[13] "lglasso's bic is 17193.4770757648" "lglasso's bic is 17343.7692346391"
[15] "lglasso's bic is 17480.9981554535" "lglasso's bic is 17721.3325558456"
[17] "lglasso's bic is 17890.9273877863" "lglasso's bic is 18088.0121789936"
[19] "lglasso's bic is 18441.7832790876" "lglasso's bic is 18630.8911415202"
[1] "The 35th simulation:"
[1] "two-community heter data are generated"
[1] "heter data are generated"
[1] "heter data are generated"
 [1] "lglasso's bic is 42977.7405730061" "lglasso's bic is 38276.2101870583"
 [3] "lglasso's bic is 34909.4796515765" "lglasso's bic is 32374.8401450478"
 [5] "lglasso's bic is 30669.0726225088" "lglasso's bic is 29187.6646972527"
 [7] "lglasso's bic is 28192.203819907"  "lglasso's bic is 27557.8361540295"
 [9] "lglasso's bic is 27227.4458672047" "lglasso's bic is 27071.5972948667"
[11] "lglasso's bic is 27053.3079306798" "lglasso's bic is 27206.1242857781"
[13] "lglasso's bic is 27316.0868645682" "lglasso's bic is 27459.9384624409"
[15] "lglasso's bic is 27594.7285940192" "lglasso's bic is 27822.4875859646"
[17] "lglasso's bic is 27949.9480898678" "lglasso's bic is 28110.2562584523"
[19] "lglasso's bic is 28323.7445642046" "lglasso's bic is 28456.8735587915"
[1] "The 36th simulation:"
[1] "two-community heter data are generated"
[1] "heter data are generated"
[1] "heter data are generated"
 [1] "lglasso's bic is 33899.1812769298" "lglasso's bic is 28866.1907457567"
 [3] "lglasso's bic is 25295.9661745744" "lglasso's bic is 23246.3614186633"
 [5] "lglasso's bic is 21379.2322374506" "lglasso's bic is 20101.8020105019"
 [7] "lglasso's bic is 19313.8634850548" "lglasso's bic is 18962.4544759368"
 [9] "lglasso's bic is 18737.3821994604" "lglasso's bic is 18756.0387771193"
[11] "lglasso's bic is 18761.1197338377" "lglasso's bic is 18881.5300177716"
[13] "lglasso's bic is 19091.8440873195" "lglasso's bic is 19421.6063016132"
[15] "lglasso's bic is 19614.0509499737" "lglasso's bic is 19954.1052007518"
[17] "lglasso's bic is 20145.6746523456" "lglasso's bic is 20393.6274426627"
[19] "lglasso's bic is 20611.1647581476" "lglasso's bic is 20944.8994603796"
[1] "The 37th simulation:"
[1] "two-community heter data are generated"
[1] "heter data are generated"
[1] "heter data are generated"
 [1] "lglasso's bic is 34650.7779703674" "lglasso's bic is 30413.4701583145"
 [3] "lglasso's bic is 27284.4048589655" "lglasso's bic is 24623.5780282381"
 [5] "lglasso's bic is 22216.5706152027" "lglasso's bic is 20892.8933636404"
 [7] "lglasso's bic is 19872.4501930905" "lglasso's bic is 19387.2956433328"
 [9] "lglasso's bic is 18877.1468761658" "lglasso's bic is 18598.8055956261"
[11] "lglasso's bic is 18536.8527948653" "lglasso's bic is 18591.3934404906"
[13] "lglasso's bic is 18653.1043944025" "lglasso's bic is 18758.1612105694"
[15] "lglasso's bic is 18899.2430114168" "lglasso's bic is 19108.8890911247"
[17] "lglasso's bic is 19229.9167873896" "lglasso's bic is 19375.9931261123"
[19] "lglasso's bic is 19756.4100613474" "lglasso's bic is 19879.3418140702"
[1] "The 38th simulation:"
[1] "two-community heter data are generated"
[1] "heter data are generated"
[1] "heter data are generated"
 [1] "lglasso's bic is 43712.4736834606" "lglasso's bic is 39523.0859698608"
 [3] "lglasso's bic is 36086.8840721072" "lglasso's bic is 33254.6105962838"
 [5] "lglasso's bic is 31258.0792494222" "lglasso's bic is 29695.2920900066"
 [7] "lglasso's bic is 28606.898520013"  "lglasso's bic is 28020.3330239702"
 [9] "lglasso's bic is 27682.1196935758" "lglasso's bic is 27521.0115812699"
[11] "lglasso's bic is 27452.5353135475" "lglasso's bic is 27427.3172660449"
[13] "lglasso's bic is 27452.9631921233" "lglasso's bic is 27578.524395687" 
[15] "lglasso's bic is 27672.8289373023" "lglasso's bic is 27778.4872887626"
[17] "lglasso's bic is 27883.0480555625" "lglasso's bic is 27995.9124820387"
[19] "lglasso's bic is 28100.1800402112" "lglasso's bic is 28207.2551916538"
[1] "The 39th simulation:"
[1] "two-community heter data are generated"
[1] "heter data are generated"
[1] "heter data are generated"
 [1] "lglasso's bic is 36441.2282182017" "lglasso's bic is 31372.8523697285"
 [3] "lglasso's bic is 28010.6459032039" "lglasso's bic is 25729.3672023778"
 [5] "lglasso's bic is 23968.4514158106" "lglasso's bic is 22710.44268163"  
 [7] "lglasso's bic is 21990.1188243007" "lglasso's bic is 21398.3113612285"
 [9] "lglasso's bic is 21158.9510485651" "lglasso's bic is 21037.2310064883"
[11] "lglasso's bic is 21151.2190278274" "lglasso's bic is 21276.33983344"  
[13] "lglasso's bic is 21360.0443961322" "lglasso's bic is 21490.2613652172"
[15] "lglasso's bic is 21668.257139725"  "lglasso's bic is 21862.6812094807"
[17] "lglasso's bic is 22045.5526300699" "lglasso's bic is 22304.8505968411"
[19] "lglasso's bic is 22489.7248320474" "lglasso's bic is 22703.1439196677"
[1] "The 40th simulation:"
[1] "two-community heter data are generated"
[1] "heter data are generated"
[1] "heter data are generated"
 [1] "lglasso's bic is 41683.6711088707" "lglasso's bic is 37473.7360278094"
 [3] "lglasso's bic is 34294.702550043"  "lglasso's bic is 31200.0939846728"
 [5] "lglasso's bic is 29127.2273575679" "lglasso's bic is 27573.4069856882"
 [7] "lglasso's bic is 26602.7559747061" "lglasso's bic is 26088.8073634371"
 [9] "lglasso's bic is 25669.1115220396" "lglasso's bic is 25491.0436596053"
[11] "lglasso's bic is 25702.6784914921" "lglasso's bic is 25694.7555218279"
[13] "lglasso's bic is 25747.57712601"   "lglasso's bic is 25918.1539628147"
[15] "lglasso's bic is 26061.207320747"  "lglasso's bic is 26159.9194728902"
[17] "lglasso's bic is 26330.7641943082" "lglasso's bic is 26462.1897634523"
[19] "lglasso's bic is 26583.2727606438" "lglasso's bic is 26706.9847416168"
[1] "The 41th simulation:"
[1] "two-community heter data are generated"
[1] "heter data are generated"
[1] "heter data are generated"
 [1] "lglasso's bic is 36930.2408126128" "lglasso's bic is 32067.6352210067"
 [3] "lglasso's bic is 28888.5121417723" "lglasso's bic is 26439.3771865645"
 [5] "lglasso's bic is 24524.8376397649" "lglasso's bic is 23253.3060120924"
 [7] "lglasso's bic is 22393.0793780902" "lglasso's bic is 21824.4965635391"
 [9] "lglasso's bic is 21647.3647923625" "lglasso's bic is 21564.0717742625"
[11] "lglasso's bic is 21657.5172022712" "lglasso's bic is 21761.2931262571"
[13] "lglasso's bic is 21916.9992646061" "lglasso's bic is 22067.4669809185"
[15] "lglasso's bic is 22343.6413928051" "lglasso's bic is 22541.628513488" 
[17] "lglasso's bic is 22837.0144611191" "lglasso's bic is 23070.2467163811"
[19] "lglasso's bic is 23397.0536876832" "lglasso's bic is 23722.1862829813"
[1] "The 42th simulation:"
[1] "two-community heter data are generated"
[1] "heter data are generated"
[1] "heter data are generated"
 [1] "lglasso's bic is 41628.2282279895" "lglasso's bic is 37161.3250371515"
 [3] "lglasso's bic is 33586.7716717606" "lglasso's bic is 30948.7072937604"
 [5] "lglasso's bic is 29123.0291036656" "lglasso's bic is 27837.2968792642"
 [7] "lglasso's bic is 27149.7203383901" "lglasso's bic is 26542.540624916" 
 [9] "lglasso's bic is 26219.0077986283" "lglasso's bic is 26107.2619518104"
[11] "lglasso's bic is 26111.6816997917" "lglasso's bic is 26193.650936931" 
[13] "lglasso's bic is 26268.4486787052" "lglasso's bic is 26361.4522599386"
[15] "lglasso's bic is 26478.5477060687" "lglasso's bic is 26617.2875928322"
[17] "lglasso's bic is 26836.2959928144" "lglasso's bic is 26994.7762531926"
[19] "lglasso's bic is 27173.7732895159" "lglasso's bic is 27331.1628973492"
[1] "The 43th simulation:"
[1] "two-community heter data are generated"
[1] "heter data are generated"
[1] "heter data are generated"
 [1] "lglasso's bic is 36867.0995600546" "lglasso's bic is 32587.1686661546"
 [3] "lglasso's bic is 29113.3770730602" "lglasso's bic is 26288.2393890783"
 [5] "lglasso's bic is 24316.2117271301" "lglasso's bic is 22935.9450210721"
 [7] "lglasso's bic is 22160.2604254839" "lglasso's bic is 21654.1356631275"
 [9] "lglasso's bic is 21414.0982998888" "lglasso's bic is 21214.0186584412"
[11] "lglasso's bic is 21085.2313201971" "lglasso's bic is 21082.4395160423"
[13] "lglasso's bic is 21175.4549914279" "lglasso's bic is 21261.915538894" 
[15] "lglasso's bic is 21428.2810516461" "lglasso's bic is 21546.0006319046"
[17] "lglasso's bic is 21721.9769540271" "lglasso's bic is 22276.1943049439"
[19] "lglasso's bic is 22409.1076207044" "lglasso's bic is 22593.9722287486"
[1] "The 44th simulation:"
[1] "two-community heter data are generated"
[1] "heter data are generated"
[1] "heter data are generated"
 [1] "lglasso's bic is 38062.4678165278" "lglasso's bic is 33921.5695658982"
 [3] "lglasso's bic is 31017.1013774825" "lglasso's bic is 28179.3691037625"
 [5] "lglasso's bic is 26217.8051506673" "lglasso's bic is 24872.8712541009"
 [7] "lglasso's bic is 23900.1284084472" "lglasso's bic is 23135.9094776272"
 [9] "lglasso's bic is 22537.287928945"  "lglasso's bic is 22291.0288245422"
[11] "lglasso's bic is 22245.5227345545" "lglasso's bic is 22223.3233393302"
[13] "lglasso's bic is 22389.5486146778" "lglasso's bic is 22389.2631710565"
[15] "lglasso's bic is 22502.7817601861" "lglasso's bic is 22605.296540339" 
[17] "lglasso's bic is 22717.8785329625" "lglasso's bic is 22956.223170512" 
[19] "lglasso's bic is 23086.1355504854" "lglasso's bic is 23420.0176409754"
[1] "The 45th simulation:"
[1] "two-community heter data are generated"
[1] "heter data are generated"
[1] "heter data are generated"
 [1] "lglasso's bic is 44113.5863967477" "lglasso's bic is 39593.1135497774"
 [3] "lglasso's bic is 36136.4327183957" "lglasso's bic is 33478.6670096651"
 [5] "lglasso's bic is 31376.5408257569" "lglasso's bic is 30000.5212313692"
 [7] "lglasso's bic is 28962.1665895953" "lglasso's bic is 28282.5064505653"
 [9] "lglasso's bic is 27904.3852249166" "lglasso's bic is 27815.1037799196"
[11] "lglasso's bic is 27832.5741645873" "lglasso's bic is 27825.1032776579"
[13] "lglasso's bic is 27937.6262573146" "lglasso's bic is 28015.5963419228"
[15] "lglasso's bic is 28111.3558599539" "lglasso's bic is 28227.6644009933"
[17] "lglasso's bic is 28520.982370586"  "lglasso's bic is 28638.1448488274"
[19] "lglasso's bic is 28769.2238747859" "lglasso's bic is 28914.6529969064"
[1] "The 46th simulation:"
[1] "two-community heter data are generated"
[1] "heter data are generated"
[1] "heter data are generated"
 [1] "lglasso's bic is 41115.4729089068" "lglasso's bic is 36754.0041702354"
 [3] "lglasso's bic is 33181.1011976932" "lglasso's bic is 30551.1479317915"
 [5] "lglasso's bic is 28782.1483611479" "lglasso's bic is 27332.3010303174"
 [7] "lglasso's bic is 26393.7112683279" "lglasso's bic is 25724.687991308" 
 [9] "lglasso's bic is 25344.4856632601" "lglasso's bic is 25234.9347490154"
[11] "lglasso's bic is 25241.759938383"  "lglasso's bic is 25264.6836963648"
[13] "lglasso's bic is 25339.3706101869" "lglasso's bic is 25488.7678341753"
[15] "lglasso's bic is 25591.7614716328" "lglasso's bic is 25834.198804143" 
[17] "lglasso's bic is 25946.4396400223" "lglasso's bic is 26189.7449812832"
[19] "lglasso's bic is 26330.4468223203" "lglasso's bic is 26457.9846567899"
[1] "The 47th simulation:"
[1] "two-community heter data are generated"
[1] "heter data are generated"
[1] "heter data are generated"
 [1] "lglasso's bic is 31400.7302122159" "lglasso's bic is 26320.1715789758"
 [3] "lglasso's bic is 22808.2260809465" "lglasso's bic is 20357.5610350971"
 [5] "lglasso's bic is 18339.8242294935" "lglasso's bic is 17053.7305907535"
 [7] "lglasso's bic is 16421.2871201948" "lglasso's bic is 16087.0432605822"
 [9] "lglasso's bic is 15920.4859313804" "lglasso's bic is 15927.4446839032"
[11] "lglasso's bic is 16132.0180639062" "lglasso's bic is 16434.8899603185"
[13] "lglasso's bic is 16622.4621975497" "lglasso's bic is 16851.6457294379"
[15] "lglasso's bic is 17082.9603524693" "lglasso's bic is 17266.0218087891"
[17] "lglasso's bic is 17463.6344269082" "lglasso's bic is 17778.6902782809"
[19] "lglasso's bic is 17960.3628896232" "lglasso's bic is 18155.3517628291"
[1] "The 48th simulation:"
[1] "two-community heter data are generated"
[1] "heter data are generated"
[1] "heter data are generated"
 [1] "lglasso's bic is 38730.3613634269" "lglasso's bic is 34018.3440254493"
 [3] "lglasso's bic is 30585.8291386882" "lglasso's bic is 28437.6476183297"
 [5] "lglasso's bic is 26584.1944341679" "lglasso's bic is 25351.3109808037"
 [7] "lglasso's bic is 24436.5523066755" "lglasso's bic is 23745.4626605211"
 [9] "lglasso's bic is 23362.4104645294" "lglasso's bic is 23317.0886068558"
[11] "lglasso's bic is 23339.4768395947" "lglasso's bic is 23485.8441237856"
[13] "lglasso's bic is 23681.6842856394" "lglasso's bic is 23862.4276921091"
[15] "lglasso's bic is 24042.4584954716" "lglasso's bic is 24330.2249277966"
[17] "lglasso's bic is 24530.7288447729" "lglasso's bic is 24759.5027320477"
[19] "lglasso's bic is 25311.6028217805" "lglasso's bic is 25478.2246746204"
[1] "The 49th simulation:"
[1] "two-community heter data are generated"
[1] "heter data are generated"
[1] "heter data are generated"
 [1] "lglasso's bic is 50063.8077918368" "lglasso's bic is 45835.3238653928"
 [3] "lglasso's bic is 42624.3430071376" "lglasso's bic is 39675.4669875321"
 [5] "lglasso's bic is 37602.3388962109" "lglasso's bic is 36112.4847678758"
 [7] "lglasso's bic is 35136.1715374309" "lglasso's bic is 34357.5480943914"
 [9] "lglasso's bic is 34017.8554083642" "lglasso's bic is 33774.9149018831"
[11] "lglasso's bic is 33586.4514116322" "lglasso's bic is 33602.1197582615"
[13] "lglasso's bic is 33656.6237515789" "lglasso's bic is 33801.9083873451"
[15] "lglasso's bic is 33873.7445149655" "lglasso's bic is 33956.2877433495"
[17] "lglasso's bic is 34052.31676754"   "lglasso's bic is 34128.2516109985"
[19] "lglasso's bic is 34301.6161406181" "lglasso's bic is 34405.2669249095"
[1] "The 50th simulation:"
[1] "two-community heter data are generated"
[1] "heter data are generated"
[1] "heter data are generated"
 [1] "lglasso's bic is 31891.7628232512" "lglasso's bic is 26801.8456509926"
 [3] "lglasso's bic is 23407.5972524705" "lglasso's bic is 20715.5843926374"
 [5] "lglasso's bic is 19235.8009574731" "lglasso's bic is 18039.3509219692"
 [7] "lglasso's bic is 17293.4934475569" "lglasso's bic is 16856.7143391598"
 [9] "lglasso's bic is 16704.0400656952" "lglasso's bic is 16711.1851614698"
[11] "lglasso's bic is 16855.0409853368" "lglasso's bic is 17046.3561125325"
[13] "lglasso's bic is 17229.6095284058" "lglasso's bic is 17423.6705132241"
[15] "lglasso's bic is 17740.3289320898" "lglasso's bic is 17933.3382577499"
[17] "lglasso's bic is 18159.0564553373" "lglasso's bic is 18384.4761297468"
[19] "lglasso's bic is 18610.4216888017" "lglasso's bic is 18837.0722230381"
There were 50 or more warnings (use warnings() to see the first 50)
> save(simures,file="subject=40_time=20_uu2=0.2.Rd")
> q("no")
> proc.time()
     user    system   elapsed 
31111.541    81.266 33432.243 
