
R version 4.1.2 (2021-11-01) -- "Bird Hippie"
Copyright (C) 2021 The R Foundation for Statistical Computing
Platform: x86_64-pc-linux-gnu (64-bit)

R is free software and comes with ABSOLUTELY NO WARRANTY.
You are welcome to redistribute it under certain conditions.
Type 'license()' or 'licence()' for distribution details.

  Natural language support but running in an English locale

R is a collaborative project with many contributors.
Type 'contributors()' for more information and
'citation()' on how to cite R or R packages in publications.

Type 'demo()' for some demos, 'help()' for on-line help, or
'help.start()' for an HTML browser interface to help.
Type 'q()' to quit R.

> library("lglasso")
> library("glasso")
> library("BDgraph")
> library("GGMselect")
Loading required package: mvtnorm

Attaching package: 'mvtnorm'

The following object is masked from 'package:BDgraph':

    rmvnorm

> library("Matrix")
> m=40
> n=20
> uu2=0.4
> Nsim=50
> rho=vector("list",5)
> rho[[1]]=seq(0.001,0.3,length=20)
> rho[[2]]=seq(0.001,0.3,length=20)
> rho[[3]]=seq(0.001,0.3,length=20)
> rho[[4]]=seq(0.00001,0.1,length=10)
> rho[[5]]=seq(0.00001,0.1,length=10)
> set.seed(m+n+uu2)
> simures=power_compare1(m=m,n=n,p=80,coe=c(2,0,0),l=Nsim,rho=rho,prob=0.01,heter=T,community2=T,uu=c(0.1,uu2))
[1] "The 1th simulation:"
[1] "two-community heter data are generated"
[1] "heter data are generated"
[1] "heter data are generated"
 [1] "lglasso's bic is 44888.5540838874" "lglasso's bic is 40318.6014136446"
 [3] "lglasso's bic is 36723.367148543"  "lglasso's bic is 34264.2095619782"
 [5] "lglasso's bic is 32394.6985975847" "lglasso's bic is 30862.1621971691"
 [7] "lglasso's bic is 29745.0358926131" "lglasso's bic is 29449.0583870984"
 [9] "lglasso's bic is 29309.4652817153" "lglasso's bic is 29036.1244039642"
[11] "lglasso's bic is 28889.3066375427" "lglasso's bic is 28864.5249328471"
[13] "lglasso's bic is 28930.5673572763" "lglasso's bic is 29013.0910340024"
[15] "lglasso's bic is 29068.9184850021" "lglasso's bic is 29167.9505284604"
[17] "lglasso's bic is 29266.6794062922" "lglasso's bic is 29355.007471141" 
[19] "lglasso's bic is 29506.661344048"  "lglasso's bic is 29672.5693193629"
[1] "The 2th simulation:"
[1] "two-community heter data are generated"
[1] "heter data are generated"
[1] "heter data are generated"
 [1] "lglasso's bic is 35918.3359135806" "lglasso's bic is 30928.0510067653"
 [3] "lglasso's bic is 27832.9774057408" "lglasso's bic is 25269.7339144548"
 [5] "lglasso's bic is 23363.1656044926" "lglasso's bic is 22327.6410514131"
 [7] "lglasso's bic is 21706.2317500567" "lglasso's bic is 20972.8626847622"
 [9] "lglasso's bic is 21120.6873827238" "lglasso's bic is 20920.8576219111"
[11] "lglasso's bic is 20836.5233030745" "lglasso's bic is 20842.3640777048"
[13] "lglasso's bic is 20917.6516900285" "lglasso's bic is 21073.9068679372"
[15] "lglasso's bic is 21261.867998367"  "lglasso's bic is 21426.3794205889"
[17] "lglasso's bic is 21633.7564266356" "lglasso's bic is 21772.4790581241"
[19] "lglasso's bic is 21919.967355083"  "lglasso's bic is 22105.1897752038"
[1] "The 3th simulation:"
[1] "two-community heter data are generated"
[1] "heter data are generated"
[1] "heter data are generated"
 [1] "lglasso's bic is 31901.9641329754" "lglasso's bic is 27081.1554432764"
 [3] "lglasso's bic is 23633.4530440243" "lglasso's bic is 21305.5362331924"
 [5] "lglasso's bic is 19727.698250102"  "lglasso's bic is 18281.301295163" 
 [7] "lglasso's bic is 17338.7578447628" "lglasso's bic is 16802.5937277003"
 [9] "lglasso's bic is 16566.6594978579" "lglasso's bic is 16561.6468036707"
[11] "lglasso's bic is 16589.8970464402" "lglasso's bic is 16678.9754602673"
[13] "lglasso's bic is 16805.0833349582" "lglasso's bic is 16998.4099790255"
[15] "lglasso's bic is 17462.9219401951" "lglasso's bic is 17684.7799965481"
[17] "lglasso's bic is 17893.7916872599" "lglasso's bic is 18088.941810999" 
[19] "lglasso's bic is 18396.968932273"  "lglasso's bic is 18853.4286802433"
[1] "The 4th simulation:"
[1] "two-community heter data are generated"
[1] "heter data are generated"
[1] "heter data are generated"
 [1] "lglasso's bic is 36114.7202634876" "lglasso's bic is 31251.1752601664"
 [3] "lglasso's bic is 27770.4505889643" "lglasso's bic is 25439.9764633815"
 [5] "lglasso's bic is 23540.6581076235" "lglasso's bic is 22611.005379412" 
 [7] "lglasso's bic is 21835.2124751856" "lglasso's bic is 21417.3628714167"
 [9] "lglasso's bic is 21170.7318362666" "lglasso's bic is 20995.9834642171"
[11] "lglasso's bic is 21059.6038583789" "lglasso's bic is 21140.7671726265"
[13] "lglasso's bic is 21194.6475479874" "lglasso's bic is 21338.3705564674"
[15] "lglasso's bic is 21496.0158720981" "lglasso's bic is 21673.6650030312"
[17] "lglasso's bic is 21962.8943522849" "lglasso's bic is 22458.9820974032"
[19] "lglasso's bic is 22628.963000782"  "lglasso's bic is 22811.3602837888"
[1] "The 5th simulation:"
[1] "two-community heter data are generated"
[1] "heter data are generated"
[1] "heter data are generated"
 [1] "lglasso's bic is 30910.9739269949" "lglasso's bic is 25786.8077820884"
 [3] "lglasso's bic is 22389.544148574"  "lglasso's bic is 20202.2833064096"
 [5] "lglasso's bic is 18848.675144987"  "lglasso's bic is 17726.4675694088"
 [7] "lglasso's bic is 16973.629428759"  "lglasso's bic is 16526.9771734384"
 [9] "lglasso's bic is 16370.2169025433" "lglasso's bic is 16448.1881815771"
[11] "lglasso's bic is 16634.1021615469" "lglasso's bic is 16909.6022354958"
[13] "lglasso's bic is 17143.9404913207" "lglasso's bic is 17401.7515147791"
[15] "lglasso's bic is 17623.1062781584" "lglasso's bic is 17833.0773933773"
[17] "lglasso's bic is 18048.0949199892" "lglasso's bic is 18347.2829852442"
[19] "lglasso's bic is 18659.734319703"  "lglasso's bic is 18936.4171743302"
[1] "The 6th simulation:"
[1] "two-community heter data are generated"
[1] "heter data are generated"
[1] "heter data are generated"
 [1] "lglasso's bic is 38322.2737794392" "lglasso's bic is 32975.1066294459"
 [3] "lglasso's bic is 29967.961284368"  "lglasso's bic is 27974.4703007451"
 [5] "lglasso's bic is 26490.0297951027" "lglasso's bic is 25746.0656201572"
 [7] "lglasso's bic is 24930.4889569118" "lglasso's bic is 24485.6071444931"
 [9] "lglasso's bic is 24271.5616981891" "lglasso's bic is 24242.9512309381"
[11] "lglasso's bic is 24315.6802287385" "lglasso's bic is 24479.6860027212"
[13] "lglasso's bic is 24750.3944263638" "lglasso's bic is 25068.5582382647"
[15] "lglasso's bic is 25291.7209590211" "lglasso's bic is 25655.7546917968"
[17] "lglasso's bic is 25891.2261069139" "lglasso's bic is 26270.3122219187"
[19] "lglasso's bic is 26504.1005493414" "lglasso's bic is 26766.2694598616"
[1] "The 7th simulation:"
[1] "two-community heter data are generated"
[1] "heter data are generated"
[1] "heter data are generated"
 [1] "lglasso's bic is 36356.4748933911" "lglasso's bic is 32012.8684364303"
 [3] "lglasso's bic is 28518.566866905"  "lglasso's bic is 26091.4237615035"
 [5] "lglasso's bic is 24135.1883387275" "lglasso's bic is 22656.6754649708"
 [7] "lglasso's bic is 21497.594248693"  "lglasso's bic is 20769.7706976514"
 [9] "lglasso's bic is 20371.0091155088" "lglasso's bic is 20198.4037297545"
[11] "lglasso's bic is 20130.3664154222" "lglasso's bic is 20162.5207399558"
[13] "lglasso's bic is 20191.4216117369" "lglasso's bic is 20298.5957690903"
[15] "lglasso's bic is 20436.1469582055" "lglasso's bic is 20535.8377542133"
[17] "lglasso's bic is 20643.4169960455" "lglasso's bic is 20751.6046063485"
[19] "lglasso's bic is 20869.2980714773" "lglasso's bic is 21022.3320577139"
[1] "The 8th simulation:"
[1] "two-community heter data are generated"
[1] "heter data are generated"
[1] "heter data are generated"
 [1] "lglasso's bic is 38812.728218608"  "lglasso's bic is 34271.285472205" 
 [3] "lglasso's bic is 30775.3765080852" "lglasso's bic is 28062.5766448114"
 [5] "lglasso's bic is 26288.5346209559" "lglasso's bic is 24824.0453702557"
 [7] "lglasso's bic is 23890.7507255472" "lglasso's bic is 23466.7948981919"
 [9] "lglasso's bic is 23076.6996325626" "lglasso's bic is 22794.8676422476"
[11] "lglasso's bic is 22917.3378237932" "lglasso's bic is 22980.0931825257"
[13] "lglasso's bic is 22984.1821880179" "lglasso's bic is 23062.3765771571"
[15] "lglasso's bic is 23155.578556706"  "lglasso's bic is 23245.9492989188"
[17] "lglasso's bic is 23458.3965210986" "lglasso's bic is 23557.3578643393"
[19] "lglasso's bic is 23675.7577983702" "lglasso's bic is 23790.0386920271"
[1] "The 9th simulation:"
[1] "two-community heter data are generated"
[1] "heter data are generated"
[1] "heter data are generated"
 [1] "lglasso's bic is 36535.3249597832" "lglasso's bic is 32069.5937832981"
 [3] "lglasso's bic is 29096.8559941994" "lglasso's bic is 27144.2979974994"
 [5] "lglasso's bic is 25603.9596331053" "lglasso's bic is 24548.6515831215"
 [7] "lglasso's bic is 23804.6475676882" "lglasso's bic is 23374.2360765474"
 [9] "lglasso's bic is 23095.1017703619" "lglasso's bic is 23083.0265567239"
[11] "lglasso's bic is 23121.5063442302" "lglasso's bic is 23304.7155453043"
[13] "lglasso's bic is 23493.0008061164" "lglasso's bic is 23726.0707958766"
[15] "lglasso's bic is 23988.509406858"  "lglasso's bic is 24268.7470471143"
[17] "lglasso's bic is 24516.4350158478" "lglasso's bic is 24743.3339247167"
[19] "lglasso's bic is 24991.0680640698" "lglasso's bic is 25218.5168166111"
[1] "The 10th simulation:"
[1] "two-community heter data are generated"
[1] "heter data are generated"
[1] "heter data are generated"
 [1] "lglasso's bic is 29353.3620680696" "lglasso's bic is 24245.7163884978"
 [3] "lglasso's bic is 20691.5048033131" "lglasso's bic is 18100.5753433925"
 [5] "lglasso's bic is 16208.1449812777" "lglasso's bic is 15002.4839614752"
 [7] "lglasso's bic is 14175.3693480446" "lglasso's bic is 13685.9221653758"
 [9] "lglasso's bic is 13752.3887000896" "lglasso's bic is 13867.166710299" 
[11] "lglasso's bic is 13904.2259567252" "lglasso's bic is 13924.7210421872"
[13] "lglasso's bic is 14020.4252461541" "lglasso's bic is 14201.2598562935"
[15] "lglasso's bic is 14344.4581866435" "lglasso's bic is 14560.7777794226"
[17] "lglasso's bic is 14908.9381090195" "lglasso's bic is 15060.0709406593"
[19] "lglasso's bic is 15676.4880455538" "lglasso's bic is 15825.1746611098"
[1] "The 11th simulation:"
[1] "two-community heter data are generated"
[1] "heter data are generated"
[1] "heter data are generated"
 [1] "lglasso's bic is 34460.354710879"  "lglasso's bic is 29688.3170922973"
 [3] "lglasso's bic is 26330.059181046"  "lglasso's bic is 23690.4324621418"
 [5] "lglasso's bic is 21832.9296460161" "lglasso's bic is 20453.7259613208"
 [7] "lglasso's bic is 19625.5582946911" "lglasso's bic is 19134.1334025837"
 [9] "lglasso's bic is 19205.9228069362" "lglasso's bic is 19212.4655976279"
[11] "lglasso's bic is 19304.0122209468" "lglasso's bic is 19336.1064256881"
[13] "lglasso's bic is 19438.7118528027" "lglasso's bic is 19582.2182142684"
[15] "lglasso's bic is 19731.2228118988" "lglasso's bic is 19937.6643460317"
[17] "lglasso's bic is 20132.2287013899" "lglasso's bic is 20358.6640563246"
[19] "lglasso's bic is 20675.69495722"   "lglasso's bic is 20838.3611088302"
[1] "The 12th simulation:"
[1] "two-community heter data are generated"
[1] "heter data are generated"
[1] "heter data are generated"
 [1] "lglasso's bic is 38032.300810415"  "lglasso's bic is 33423.239817144" 
 [3] "lglasso's bic is 30081.4906652198" "lglasso's bic is 27322.7960382646"
 [5] "lglasso's bic is 25458.0103904599" "lglasso's bic is 24098.2604633797"
 [7] "lglasso's bic is 23184.2641891376" "lglasso's bic is 22563.1850407756"
 [9] "lglasso's bic is 22185.9838776911" "lglasso's bic is 22131.9041048098"
[11] "lglasso's bic is 22106.8151917679" "lglasso's bic is 22144.6796009214"
[13] "lglasso's bic is 22339.7174510722" "lglasso's bic is 22454.8077397219"
[15] "lglasso's bic is 22556.7714742381" "lglasso's bic is 22679.1314043204"
[17] "lglasso's bic is 22814.4770203126" "lglasso's bic is 22937.1142974396"
[19] "lglasso's bic is 23075.3436606844" "lglasso's bic is 23220.2104443782"
[1] "The 13th simulation:"
[1] "two-community heter data are generated"
[1] "heter data are generated"
[1] "heter data are generated"
 [1] "lglasso's bic is 42543.6312535471" "lglasso's bic is 37807.7410353824"
 [3] "lglasso's bic is 34826.3277698951" "lglasso's bic is 32794.8655778571"
 [5] "lglasso's bic is 31288.0406059976" "lglasso's bic is 30053.4089512986"
 [7] "lglasso's bic is 29145.1965202858" "lglasso's bic is 28783.7458650521"
 [9] "lglasso's bic is 28597.3411760497" "lglasso's bic is 28539.876791197" 
[11] "lglasso's bic is 28697.5248653945" "lglasso's bic is 28847.1963045023"
[13] "lglasso's bic is 29073.1908765825" "lglasso's bic is 29387.9183858761"
[15] "lglasso's bic is 29672.3542338155" "lglasso's bic is 29953.2514837589"
[17] "lglasso's bic is 30165.4004203516" "lglasso's bic is 30447.6539064514"
[19] "lglasso's bic is 30667.006373623"  "lglasso's bic is 30897.8720627832"
[1] "The 14th simulation:"
[1] "two-community heter data are generated"
[1] "heter data are generated"
[1] "heter data are generated"
 [1] "lglasso's bic is 42745.4990040554" "lglasso's bic is 38440.7903167466"
 [3] "lglasso's bic is 34976.4393475484" "lglasso's bic is 32350.1307302994"
 [5] "lglasso's bic is 30707.666476792"  "lglasso's bic is 29322.1320672027"
 [7] "lglasso's bic is 28261.699339405"  "lglasso's bic is 27559.074887771" 
 [9] "lglasso's bic is 27162.728862681"  "lglasso's bic is 27006.8025019168"
[11] "lglasso's bic is 26999.3169506047" "lglasso's bic is 27005.7141949229"
[13] "lglasso's bic is 27062.7663802813" "lglasso's bic is 27202.2429492349"
[15] "lglasso's bic is 27360.4495922556" "lglasso's bic is 27517.7128181086"
[17] "lglasso's bic is 27706.0269037259" "lglasso's bic is 27867.6746568959"
[19] "lglasso's bic is 28079.8208709889" "lglasso's bic is 28297.1000878656"
[1] "The 15th simulation:"
[1] "two-community heter data are generated"
[1] "heter data are generated"
[1] "heter data are generated"
 [1] "lglasso's bic is 35813.539874944"  "lglasso's bic is 31059.5520384646"
 [3] "lglasso's bic is 27719.0033746974" "lglasso's bic is 24950.6079466468"
 [5] "lglasso's bic is 23239.6466671455" "lglasso's bic is 21886.3703851771"
 [7] "lglasso's bic is 20877.9078674602" "lglasso's bic is 20284.8633565867"
 [9] "lglasso's bic is 20100.4954711731" "lglasso's bic is 19936.2178559857"
[11] "lglasso's bic is 20063.6610124516" "lglasso's bic is 20106.1988681878"
[13] "lglasso's bic is 20190.4299695285" "lglasso's bic is 20310.097997806" 
[15] "lglasso's bic is 20452.242795928"  "lglasso's bic is 20649.0254583119"
[17] "lglasso's bic is 20790.5969541915" "lglasso's bic is 21164.285307134" 
[19] "lglasso's bic is 21333.7917473323" "lglasso's bic is 21470.3094321854"
[1] "The 16th simulation:"
[1] "two-community heter data are generated"
[1] "heter data are generated"
[1] "heter data are generated"
 [1] "lglasso's bic is 33066.8401967236" "lglasso's bic is 28539.3503183157"
 [3] "lglasso's bic is 25153.3565662237" "lglasso's bic is 22438.7767266173"
 [5] "lglasso's bic is 20596.3133695145" "lglasso's bic is 19035.2987911121"
 [7] "lglasso's bic is 18139.3207178618" "lglasso's bic is 17700.0968284711"
 [9] "lglasso's bic is 17430.1024338287" "lglasso's bic is 17444.6968253157"
[11] "lglasso's bic is 17728.5154247108" "lglasso's bic is 17987.4101613061"
[13] "lglasso's bic is 18088.8039717339" "lglasso's bic is 18201.2495036435"
[15] "lglasso's bic is 18369.4157223579" "lglasso's bic is 18535.4661662804"
[17] "lglasso's bic is 18684.5862072182" "lglasso's bic is 18833.8660169191"
[19] "lglasso's bic is 19032.519718787"  "lglasso's bic is 19198.9202960193"
[1] "The 17th simulation:"
[1] "two-community heter data are generated"
[1] "heter data are generated"
[1] "heter data are generated"
 [1] "lglasso's bic is 37761.7435822299" "lglasso's bic is 33211.5634119168"
 [3] "lglasso's bic is 29704.7880284096" "lglasso's bic is 27344.9586633461"
 [5] "lglasso's bic is 25139.132948353"  "lglasso's bic is 23629.200724279" 
 [7] "lglasso's bic is 22893.8754221921" "lglasso's bic is 22454.3757885945"
 [9] "lglasso's bic is 22292.2395697591" "lglasso's bic is 22151.4809374877"
[11] "lglasso's bic is 22084.3217553368" "lglasso's bic is 22074.0089562572"
[13] "lglasso's bic is 22148.2787298479" "lglasso's bic is 22261.1606265984"
[15] "lglasso's bic is 22487.0026872579" "lglasso's bic is 22633.3850546109"
[17] "lglasso's bic is 22896.012071393"  "lglasso's bic is 23037.6760789747"
[19] "lglasso's bic is 23228.094486447"  "lglasso's bic is 23432.1693667905"
[1] "The 18th simulation:"
[1] "two-community heter data are generated"
[1] "heter data are generated"
[1] "heter data are generated"
 [1] "lglasso's bic is 38514.709980821"  "lglasso's bic is 34027.5093665095"
 [3] "lglasso's bic is 30483.8963113715" "lglasso's bic is 28009.7532494221"
 [5] "lglasso's bic is 26203.8695656123" "lglasso's bic is 24908.8057768248"
 [7] "lglasso's bic is 24106.0122865321" "lglasso's bic is 23413.6438332321"
 [9] "lglasso's bic is 23014.7500600882" "lglasso's bic is 22996.8455104412"
[11] "lglasso's bic is 23045.9790064194" "lglasso's bic is 23127.5024775812"
[13] "lglasso's bic is 23249.4713694712" "lglasso's bic is 23538.4426632525"
[15] "lglasso's bic is 23806.4626618188" "lglasso's bic is 24034.6976984233"
[17] "lglasso's bic is 24189.3856907536" "lglasso's bic is 24374.7522484438"
[19] "lglasso's bic is 24537.3072263119" "lglasso's bic is 24708.2443565859"
[1] "The 19th simulation:"
[1] "two-community heter data are generated"
[1] "heter data are generated"
[1] "heter data are generated"
 [1] "lglasso's bic is 42594.8498384701" "lglasso's bic is 38547.0955087976"
 [3] "lglasso's bic is 34918.1559176016" "lglasso's bic is 32407.4602967394"
 [5] "lglasso's bic is 30286.8030580687" "lglasso's bic is 28641.2869612156"
 [7] "lglasso's bic is 27466.5732994178" "lglasso's bic is 26801.665276204" 
 [9] "lglasso's bic is 26405.606813235"  "lglasso's bic is 26227.0100658921"
[11] "lglasso's bic is 26070.9630542552" "lglasso's bic is 26112.4150776108"
[13] "lglasso's bic is 26288.0327217096" "lglasso's bic is 26525.0633882978"
[15] "lglasso's bic is 26593.6616534147" "lglasso's bic is 26669.2559253998"
[17] "lglasso's bic is 26792.9291684095" "lglasso's bic is 26892.6792239511"
[19] "lglasso's bic is 27023.1054845949" "lglasso's bic is 27118.8500038172"
[1] "The 20th simulation:"
[1] "two-community heter data are generated"
[1] "heter data are generated"
[1] "heter data are generated"
 [1] "lglasso's bic is 36488.1708953747" "lglasso's bic is 31461.4723165725"
 [3] "lglasso's bic is 27923.1991837208" "lglasso's bic is 25447.3239021186"
 [5] "lglasso's bic is 23648.230058883"  "lglasso's bic is 22495.7246007888"
 [7] "lglasso's bic is 21653.1635360381" "lglasso's bic is 21277.1791259854"
 [9] "lglasso's bic is 21005.9999708359" "lglasso's bic is 20904.6675096854"
[11] "lglasso's bic is 21373.3904075366" "lglasso's bic is 21409.2272301733"
[13] "lglasso's bic is 21578.2125522464" "lglasso's bic is 21901.1038340425"
[15] "lglasso's bic is 22041.1342557339" "lglasso's bic is 22197.6181219815"
[17] "lglasso's bic is 22380.3722415158" "lglasso's bic is 22552.8121171722"
[19] "lglasso's bic is 22720.4572762875" "lglasso's bic is 23071.8973953446"
[1] "The 21th simulation:"
[1] "two-community heter data are generated"
[1] "heter data are generated"
[1] "heter data are generated"
 [1] "lglasso's bic is 27478.2910498849" "lglasso's bic is 22790.9989675292"
 [3] "lglasso's bic is 19699.2335455702" "lglasso's bic is 17653.3357771619"
 [5] "lglasso's bic is 16047.0593186334" "lglasso's bic is 14744.722217098" 
 [7] "lglasso's bic is 14024.8953683741" "lglasso's bic is 13442.5763747184"
 [9] "lglasso's bic is 13181.0591481179" "lglasso's bic is 13077.0781885795"
[11] "lglasso's bic is 13040.1994819179" "lglasso's bic is 13212.3027613204"
[13] "lglasso's bic is 13383.0493555379" "lglasso's bic is 13586.9378834906"
[15] "lglasso's bic is 14020.8169671014" "lglasso's bic is 14223.2423039274"
[17] "lglasso's bic is 14421.3035168196" "lglasso's bic is 14633.1335639035"
[19] "lglasso's bic is 14948.9173363161" "lglasso's bic is 15302.3719057194"
[1] "The 22th simulation:"
[1] "two-community heter data are generated"
[1] "heter data are generated"
[1] "heter data are generated"
 [1] "lglasso's bic is 26771.3961560361" "lglasso's bic is 21414.1888400524"
 [3] "lglasso's bic is 17970.1766474898" "lglasso's bic is 15728.6969643282"
 [5] "lglasso's bic is 14252.9399029898" "lglasso's bic is 13157.0892279643"
 [7] "lglasso's bic is 12262.4723436998" "lglasso's bic is 11845.1379794521"
 [9] "lglasso's bic is 11644.1991237954" "lglasso's bic is 11649.7702509814"
[11] "lglasso's bic is 12094.2889200541" "lglasso's bic is 12187.3339507744"
[13] "lglasso's bic is 12310.0962217246" "lglasso's bic is 12452.5903631254"
[15] "lglasso's bic is 12646.3696311015" "lglasso's bic is 12803.1265284841"
[17] "lglasso's bic is 12991.8052316328" "lglasso's bic is 13214.4344514572"
[19] "lglasso's bic is 13444.6464263541" "lglasso's bic is 13694.7067901728"
[1] "The 23th simulation:"
[1] "two-community heter data are generated"
[1] "heter data are generated"
[1] "heter data are generated"
 [1] "lglasso's bic is 43221.7782359059" "lglasso's bic is 38674.7381750646"
 [3] "lglasso's bic is 35386.4677393386" "lglasso's bic is 32610.252474738" 
 [5] "lglasso's bic is 30794.7544527873" "lglasso's bic is 29227.6190027247"
 [7] "lglasso's bic is 28245.1976629358" "lglasso's bic is 27594.0705636802"
 [9] "lglasso's bic is 27329.2864001783" "lglasso's bic is 27184.8878884154"
[11] "lglasso's bic is 27157.4928610998" "lglasso's bic is 27245.7600945371"
[13] "lglasso's bic is 27357.9067318712" "lglasso's bic is 27454.0415897805"
[15] "lglasso's bic is 27611.3362628463" "lglasso's bic is 27772.514093736" 
[17] "lglasso's bic is 28065.6209726281" "lglasso's bic is 28210.5094232067"
[19] "lglasso's bic is 28383.3348949798" "lglasso's bic is 28510.4699082732"
[1] "The 24th simulation:"
[1] "two-community heter data are generated"
[1] "heter data are generated"
[1] "heter data are generated"
 [1] "lglasso's bic is 31030.1537404603" "lglasso's bic is 27083.2201192473"
 [3] "lglasso's bic is 24016.5471593971" "lglasso's bic is 21404.6889567067"
 [5] "lglasso's bic is 19315.2433304552" "lglasso's bic is 17901.7650620485"
 [7] "lglasso's bic is 16846.8060158015" "lglasso's bic is 16178.7945821459"
 [9] "lglasso's bic is 15828.4300549182" "lglasso's bic is 15695.6292500205"
[11] "lglasso's bic is 15637.3654721164" "lglasso's bic is 15559.4400568319"
[13] "lglasso's bic is 15653.2928559993" "lglasso's bic is 15934.9616845565"
[15] "lglasso's bic is 16261.2707517723" "lglasso's bic is 16411.6072041608"
[17] "lglasso's bic is 16667.400234788"  "lglasso's bic is 16818.2123544575"
[19] "lglasso's bic is 17018.9869937236" "lglasso's bic is 17182.3049199732"
[1] "The 25th simulation:"
[1] "two-community heter data are generated"
[1] "heter data are generated"
[1] "heter data are generated"
 [1] "lglasso's bic is 36016.7698196316" "lglasso's bic is 31301.2249900788"
 [3] "lglasso's bic is 27780.2213809482" "lglasso's bic is 25212.9904001522"
 [5] "lglasso's bic is 23244.1791784307" "lglasso's bic is 22020.0561073888"
 [7] "lglasso's bic is 21275.2585385933" "lglasso's bic is 20847.7629190611"
 [9] "lglasso's bic is 20573.6629454413" "lglasso's bic is 20506.8973377251"
[11] "lglasso's bic is 20503.3139395824" "lglasso's bic is 20598.7131179133"
[13] "lglasso's bic is 20742.2059213533" "lglasso's bic is 20902.8299296833"
[15] "lglasso's bic is 21090.7274700793" "lglasso's bic is 21281.0027973279"
[17] "lglasso's bic is 21497.7438716115" "lglasso's bic is 21661.2059124991"
[19] "lglasso's bic is 21841.9126361464" "lglasso's bic is 22062.3768237379"
[1] "The 26th simulation:"
[1] "two-community heter data are generated"
[1] "heter data are generated"
[1] "heter data are generated"
 [1] "lglasso's bic is 38713.6574233521" "lglasso's bic is 33893.2731991653"
 [3] "lglasso's bic is 30231.1934703994" "lglasso's bic is 27920.3736715296"
 [5] "lglasso's bic is 26098.1203751321" "lglasso's bic is 24690.7288881454"
 [7] "lglasso's bic is 23670.3770974367" "lglasso's bic is 23161.1327277741"
 [9] "lglasso's bic is 22885.946286394"  "lglasso's bic is 22749.3035089709"
[11] "lglasso's bic is 22711.5727123887" "lglasso's bic is 22746.2624436712"
[13] "lglasso's bic is 22878.9187854897" "lglasso's bic is 23003.1106201282"
[15] "lglasso's bic is 23155.6961231493" "lglasso's bic is 23346.9836222372"
[17] "lglasso's bic is 23505.1705751678" "lglasso's bic is 23690.9050904369"
[19] "lglasso's bic is 23922.6061126087" "lglasso's bic is 24122.8483411212"
[1] "The 27th simulation:"
[1] "two-community heter data are generated"
[1] "heter data are generated"
[1] "heter data are generated"
 [1] "lglasso's bic is 44397.1024787576" "lglasso's bic is 39797.7046415997"
 [3] "lglasso's bic is 36229.4175233363" "lglasso's bic is 33649.664580676" 
 [5] "lglasso's bic is 31907.4115651664" "lglasso's bic is 30556.7592045327"
 [7] "lglasso's bic is 29336.2621013947" "lglasso's bic is 28788.387378984" 
 [9] "lglasso's bic is 28380.9283588894" "lglasso's bic is 28266.9771330185"
[11] "lglasso's bic is 28169.4812266475" "lglasso's bic is 28267.6133228273"
[13] "lglasso's bic is 28362.2237081791" "lglasso's bic is 28417.9734605768"
[15] "lglasso's bic is 28523.8249981008" "lglasso's bic is 28626.4899914795"
[17] "lglasso's bic is 28795.842481603"  "lglasso's bic is 28982.7664877527"
[19] "lglasso's bic is 29112.8226019895" "lglasso's bic is 29377.1586319964"
[1] "The 28th simulation:"
[1] "two-community heter data are generated"
[1] "heter data are generated"
[1] "heter data are generated"
 [1] "lglasso's bic is 38849.1487009956" "lglasso's bic is 34205.0518449795"
 [3] "lglasso's bic is 31017.2004715725" "lglasso's bic is 28165.4309004858"
 [5] "lglasso's bic is 26185.2640443261" "lglasso's bic is 24632.8406659276"
 [7] "lglasso's bic is 23917.5989039799" "lglasso's bic is 23354.458373126" 
 [9] "lglasso's bic is 23150.3761667648" "lglasso's bic is 23179.3261922744"
[11] "lglasso's bic is 23160.932596583"  "lglasso's bic is 23259.6439628932"
[13] "lglasso's bic is 23412.0109795667" "lglasso's bic is 23515.1228625468"
[15] "lglasso's bic is 23701.1171938097" "lglasso's bic is 23838.3148552291"
[17] "lglasso's bic is 23983.1815144059" "lglasso's bic is 24113.1590824185"
[19] "lglasso's bic is 24417.9954222755" "lglasso's bic is 24583.0160856639"
[1] "The 29th simulation:"
[1] "two-community heter data are generated"
[1] "heter data are generated"
[1] "heter data are generated"
 [1] "lglasso's bic is 28305.0676617215" "lglasso's bic is 24034.5955279917"
 [3] "lglasso's bic is 20639.7318701968" "lglasso's bic is 18508.9609250597"
 [5] "lglasso's bic is 16718.1893678347" "lglasso's bic is 15324.4451604887"
 [7] "lglasso's bic is 14327.7957662853" "lglasso's bic is 13613.215093539" 
 [9] "lglasso's bic is 13297.758189572"  "lglasso's bic is 13185.2443515351"
[11] "lglasso's bic is 13114.6873061838" "lglasso's bic is 13078.1909597771"
[13] "lglasso's bic is 13173.4992361856" "lglasso's bic is 13303.3310579295"
[15] "lglasso's bic is 13468.043025148"  "lglasso's bic is 13600.9413025678"
[17] "lglasso's bic is 13792.9502815125" "lglasso's bic is 14050.7419689472"
[19] "lglasso's bic is 14435.712159027"  "lglasso's bic is 14735.9939409927"
[1] "The 30th simulation:"
[1] "two-community heter data are generated"
[1] "heter data are generated"
[1] "heter data are generated"
 [1] "lglasso's bic is 40466.2844935484" "lglasso's bic is 35940.4829019793"
 [3] "lglasso's bic is 32418.5741944791" "lglasso's bic is 29578.5192346245"
 [5] "lglasso's bic is 27676.4181957237" "lglasso's bic is 26188.8078719092"
 [7] "lglasso's bic is 25346.5020964425" "lglasso's bic is 24680.1824610514"
 [9] "lglasso's bic is 24433.4382926923" "lglasso's bic is 24236.5643089321"
[11] "lglasso's bic is 24207.0989171184" "lglasso's bic is 24209.5951562073"
[13] "lglasso's bic is 24304.399071665"  "lglasso's bic is 24417.2695392868"
[15] "lglasso's bic is 24528.4462412328" "lglasso's bic is 24672.3524699037"
[17] "lglasso's bic is 24973.0480488039" "lglasso's bic is 25167.0697489428"
[19] "lglasso's bic is 25290.8673710694" "lglasso's bic is 25515.9183625357"
[1] "The 31th simulation:"
[1] "two-community heter data are generated"
[1] "heter data are generated"
[1] "heter data are generated"
 [1] "lglasso's bic is 40800.8177916514" "lglasso's bic is 36152.484317929" 
 [3] "lglasso's bic is 32417.5815733665" "lglasso's bic is 30007.2272783293"
 [5] "lglasso's bic is 28429.4697800566" "lglasso's bic is 27026.1227540571"
 [7] "lglasso's bic is 26061.6971794248" "lglasso's bic is 25431.772459619" 
 [9] "lglasso's bic is 25106.1986500587" "lglasso's bic is 24984.2428294215"
[11] "lglasso's bic is 24944.9226618416" "lglasso's bic is 25033.667203334" 
[13] "lglasso's bic is 25134.2836656212" "lglasso's bic is 25207.0783387761"
[15] "lglasso's bic is 25343.102141862"  "lglasso's bic is 25496.1279590503"
[17] "lglasso's bic is 25644.957495284"  "lglasso's bic is 25835.0831789317"
[19] "lglasso's bic is 25993.0060811641" "lglasso's bic is 26140.1751648729"
[1] "The 32th simulation:"
[1] "two-community heter data are generated"
[1] "heter data are generated"
[1] "heter data are generated"
 [1] "lglasso's bic is 40083.1133362286" "lglasso's bic is 35464.3373374536"
 [3] "lglasso's bic is 31985.4228651064" "lglasso's bic is 29112.9376071283"
 [5] "lglasso's bic is 27419.7448505545" "lglasso's bic is 25953.5655851694"
 [7] "lglasso's bic is 25286.5537310205" "lglasso's bic is 24813.1752851323"
 [9] "lglasso's bic is 24331.9456853476" "lglasso's bic is 24158.300882285" 
[11] "lglasso's bic is 24101.876011949"  "lglasso's bic is 24167.1045750003"
[13] "lglasso's bic is 24323.6048994048" "lglasso's bic is 24480.7167323924"
[15] "lglasso's bic is 24621.5896296859" "lglasso's bic is 25020.8851397509"
[17] "lglasso's bic is 25185.4734102302" "lglasso's bic is 25367.5792029746"
[19] "lglasso's bic is 25561.7920913245" "lglasso's bic is 25707.4117324929"
[1] "The 33th simulation:"
[1] "two-community heter data are generated"
[1] "heter data are generated"
[1] "heter data are generated"
 [1] "lglasso's bic is 34128.9386301067" "lglasso's bic is 29622.0390519377"
 [3] "lglasso's bic is 26297.9198257988" "lglasso's bic is 24032.4389539233"
 [5] "lglasso's bic is 22123.0013161109" "lglasso's bic is 20790.3561633105"
 [7] "lglasso's bic is 20101.3238906245" "lglasso's bic is 19763.8459204938"
 [9] "lglasso's bic is 19480.1369521359" "lglasso's bic is 19784.7392398825"
[11] "lglasso's bic is 19703.7298996797" "lglasso's bic is 19730.1919543472"
[13] "lglasso's bic is 19858.3580363073" "lglasso's bic is 20049.5340809206"
[15] "lglasso's bic is 20210.0308525464" "lglasso's bic is 20381.7874832649"
[17] "lglasso's bic is 20571.6934860829" "lglasso's bic is 20799.7205172097"
[19] "lglasso's bic is 21084.864453339"  "lglasso's bic is 21399.056775312" 
[1] "The 34th simulation:"
[1] "two-community heter data are generated"
[1] "heter data are generated"
[1] "heter data are generated"
 [1] "lglasso's bic is 29867.1993907193" "lglasso's bic is 25762.0394183386"
 [3] "lglasso's bic is 22194.3183042276" "lglasso's bic is 20038.7282851604"
 [5] "lglasso's bic is 18138.6785204229" "lglasso's bic is 16618.9353498754"
 [7] "lglasso's bic is 15805.7068472723" "lglasso's bic is 15103.1296387992"
 [9] "lglasso's bic is 14881.12426233"   "lglasso's bic is 14707.043388869" 
[11] "lglasso's bic is 14605.3867851319" "lglasso's bic is 14680.7023729911"
[13] "lglasso's bic is 14739.4646931256" "lglasso's bic is 15134.0710727492"
[15] "lglasso's bic is 15575.0160951752" "lglasso's bic is 15788.2826037511"
[17] "lglasso's bic is 15983.5906649724" "lglasso's bic is 16123.3623312478"
[19] "lglasso's bic is 16243.4850469063" "lglasso's bic is 16451.5160878601"
[1] "The 35th simulation:"
[1] "two-community heter data are generated"
[1] "heter data are generated"
[1] "heter data are generated"
 [1] "lglasso's bic is 40223.8422375608" "lglasso's bic is 35414.7938369355"
 [3] "lglasso's bic is 32002.0763900368" "lglasso's bic is 29630.365636735" 
 [5] "lglasso's bic is 27935.7690266758" "lglasso's bic is 26589.3465290964"
 [7] "lglasso's bic is 25484.4718210504" "lglasso's bic is 24927.5523511223"
 [9] "lglasso's bic is 24672.8616021707" "lglasso's bic is 24466.6091640668"
[11] "lglasso's bic is 24468.2786974279" "lglasso's bic is 24551.1472293952"
[13] "lglasso's bic is 24605.8224730581" "lglasso's bic is 24720.5111458709"
[15] "lglasso's bic is 24843.4020174565" "lglasso's bic is 24979.4880914769"
[17] "lglasso's bic is 25113.7535538162" "lglasso's bic is 25277.8495902444"
[19] "lglasso's bic is 25429.1953397984" "lglasso's bic is 25579.5263074806"
[1] "The 36th simulation:"
[1] "two-community heter data are generated"
[1] "heter data are generated"
[1] "heter data are generated"
 [1] "lglasso's bic is 30909.5955879342" "lglasso's bic is 25912.8801165627"
 [3] "lglasso's bic is 22350.8478576867" "lglasso's bic is 19968.6850774265"
 [5] "lglasso's bic is 18143.0426404241" "lglasso's bic is 16975.5286684008"
 [7] "lglasso's bic is 16190.3631009917" "lglasso's bic is 15984.5607165771"
 [9] "lglasso's bic is 15910.3680649066" "lglasso's bic is 15977.3752786827"
[11] "lglasso's bic is 16000.8681620718" "lglasso's bic is 16165.9872753798"
[13] "lglasso's bic is 16374.3469491463" "lglasso's bic is 16576.6091530516"
[15] "lglasso's bic is 16799.0385619033" "lglasso's bic is 17007.1062625196"
[17] "lglasso's bic is 17224.2983260896" "lglasso's bic is 17439.0522829081"
[19] "lglasso's bic is 17659.2661008353" "lglasso's bic is 17900.4732210367"
[1] "The 37th simulation:"
[1] "two-community heter data are generated"
[1] "heter data are generated"
[1] "heter data are generated"
 [1] "lglasso's bic is 31370.8823110371" "lglasso's bic is 27027.1594655426"
 [3] "lglasso's bic is 23712.7542421452" "lglasso's bic is 20728.5037742984"
 [5] "lglasso's bic is 18612.4641604522" "lglasso's bic is 17275.8122235881"
 [7] "lglasso's bic is 16327.5567137647" "lglasso's bic is 16266.4036155596"
 [9] "lglasso's bic is 15817.8184108282" "lglasso's bic is 15485.7504084317"
[11] "lglasso's bic is 15421.6766713051" "lglasso's bic is 15433.2782664996"
[13] "lglasso's bic is 15641.9785809217" "lglasso's bic is 15738.0509178951"
[15] "lglasso's bic is 15867.5371875591" "lglasso's bic is 15991.7340512251"
[17] "lglasso's bic is 16214.209167674"  "lglasso's bic is 16329.285768449" 
[19] "lglasso's bic is 16516.1360983507" "lglasso's bic is 16675.3055065837"
[1] "The 38th simulation:"
[1] "two-community heter data are generated"
[1] "heter data are generated"
[1] "heter data are generated"
 [1] "lglasso's bic is 40812.8725824063" "lglasso's bic is 36398.7083301499"
 [3] "lglasso's bic is 32869.4786640031" "lglasso's bic is 30215.7597390045"
 [5] "lglasso's bic is 28096.718658832"  "lglasso's bic is 26523.9521573629"
 [7] "lglasso's bic is 25557.3574554777" "lglasso's bic is 25036.5732395362"
 [9] "lglasso's bic is 24783.7999092696" "lglasso's bic is 24688.519795374" 
[11] "lglasso's bic is 24557.1598745299" "lglasso's bic is 24547.074675379" 
[13] "lglasso's bic is 24629.502171835"  "lglasso's bic is 24692.1462598995"
[15] "lglasso's bic is 24957.378043008"  "lglasso's bic is 25063.0902113801"
[17] "lglasso's bic is 25137.04521725"   "lglasso's bic is 25355.2872423493"
[19] "lglasso's bic is 25653.9764823173" "lglasso's bic is 25925.5335364399"
[1] "The 39th simulation:"
[1] "two-community heter data are generated"
[1] "heter data are generated"
[1] "heter data are generated"
 [1] "lglasso's bic is 33428.5911279044" "lglasso's bic is 28322.3565704869"
 [3] "lglasso's bic is 24766.0948137288" "lglasso's bic is 22365.0990407322"
 [5] "lglasso's bic is 20813.2765529288" "lglasso's bic is 19613.2580182269"
 [7] "lglasso's bic is 18907.3711051766" "lglasso's bic is 18361.0147553649"
 [9] "lglasso's bic is 18135.3389135279" "lglasso's bic is 18164.0207473922"
[11] "lglasso's bic is 18205.6172368829" "lglasso's bic is 18300.1489884809"
[13] "lglasso's bic is 18385.4946368274" "lglasso's bic is 18527.8978624172"
[15] "lglasso's bic is 18719.3917058077" "lglasso's bic is 18912.4311131163"
[17] "lglasso's bic is 19138.0983340221" "lglasso's bic is 19336.7615765942"
[19] "lglasso's bic is 19541.6114546684" "lglasso's bic is 19754.2013155538"
[1] "The 40th simulation:"
[1] "two-community heter data are generated"
[1] "heter data are generated"
[1] "heter data are generated"
 [1] "lglasso's bic is 38631.5318190571" "lglasso's bic is 34328.6428198122"
 [3] "lglasso's bic is 31290.8955283386" "lglasso's bic is 28203.1195299088"
 [5] "lglasso's bic is 26069.1991630109" "lglasso's bic is 24588.2228106163"
 [7] "lglasso's bic is 23718.9823039638" "lglasso's bic is 23028.2964961241"
 [9] "lglasso's bic is 22857.252239846"  "lglasso's bic is 22688.8745837475"
[11] "lglasso's bic is 22593.3740898161" "lglasso's bic is 22604.6302238624"
[13] "lglasso's bic is 22668.5957501603" "lglasso's bic is 22781.7378738949"
[15] "lglasso's bic is 22884.4540082677" "lglasso's bic is 23089.8201149887"
[17] "lglasso's bic is 23213.461482303"  "lglasso's bic is 23372.9716066413"
[19] "lglasso's bic is 23589.9165870009" "lglasso's bic is 23717.1814459805"
[1] "The 41th simulation:"
[1] "two-community heter data are generated"
[1] "heter data are generated"
[1] "heter data are generated"
 [1] "lglasso's bic is 33874.6522815236" "lglasso's bic is 29079.2835529103"
 [3] "lglasso's bic is 25780.2066837395" "lglasso's bic is 23496.2010794775"
 [5] "lglasso's bic is 21648.4604633479" "lglasso's bic is 20134.6725560599"
 [7] "lglasso's bic is 19386.9850244025" "lglasso's bic is 19112.1987357606"
 [9] "lglasso's bic is 18809.8991638633" "lglasso's bic is 18682.0521268526"
[11] "lglasso's bic is 18690.8307269703" "lglasso's bic is 18735.2191516693"
[13] "lglasso's bic is 18902.677157082"  "lglasso's bic is 19189.902298723" 
[15] "lglasso's bic is 19348.6759259864" "lglasso's bic is 19716.7560277845"
[17] "lglasso's bic is 19885.3106839875" "lglasso's bic is 20067.9716457559"
[19] "lglasso's bic is 20251.6188120906" "lglasso's bic is 20507.5128581205"
[1] "The 42th simulation:"
[1] "two-community heter data are generated"
[1] "heter data are generated"
[1] "heter data are generated"
 [1] "lglasso's bic is 38863.954890638"  "lglasso's bic is 34392.6873423291"
 [3] "lglasso's bic is 31181.0358003978" "lglasso's bic is 28560.2480711476"
 [5] "lglasso's bic is 26632.7540403082" "lglasso's bic is 25286.1098986601"
 [7] "lglasso's bic is 24505.8046048015" "lglasso's bic is 23901.3140670558"
 [9] "lglasso's bic is 23533.153166382"  "lglasso's bic is 23350.3887338203"
[11] "lglasso's bic is 23272.781107627"  "lglasso's bic is 23338.6389007247"
[13] "lglasso's bic is 23433.0644204432" "lglasso's bic is 23555.9375891757"
[15] "lglasso's bic is 23692.331025023"  "lglasso's bic is 23838.1840692751"
[17] "lglasso's bic is 24096.0185220698" "lglasso's bic is 24275.2625424237"
[19] "lglasso's bic is 24431.0415364483" "lglasso's bic is 24588.6884419445"
[1] "The 43th simulation:"
[1] "two-community heter data are generated"
[1] "heter data are generated"
[1] "heter data are generated"
 [1] "lglasso's bic is 33765.0546986438" "lglasso's bic is 29211.5918194458"
 [3] "lglasso's bic is 25670.2943513345" "lglasso's bic is 22840.2997408695"
 [5] "lglasso's bic is 20873.9431895006" "lglasso's bic is 19568.5418936704"
 [7] "lglasso's bic is 18702.7412746084" "lglasso's bic is 18319.5237270279"
 [9] "lglasso's bic is 17988.7950342205" "lglasso's bic is 17976.0324463748"
[11] "lglasso's bic is 18145.9502270178" "lglasso's bic is 18176.8275868253"
[13] "lglasso's bic is 18253.8988068853" "lglasso's bic is 18358.1067101111"
[15] "lglasso's bic is 18561.7024830708" "lglasso's bic is 18705.5145423182"
[17] "lglasso's bic is 18798.0310644628" "lglasso's bic is 18915.1297329133"
[19] "lglasso's bic is 19096.3615995871" "lglasso's bic is 19240.6806792104"
[1] "The 44th simulation:"
[1] "two-community heter data are generated"
[1] "heter data are generated"
[1] "heter data are generated"
 [1] "lglasso's bic is 34860.7280881954" "lglasso's bic is 30721.0551598644"
 [3] "lglasso's bic is 27470.8703228392" "lglasso's bic is 24765.9768694373"
 [5] "lglasso's bic is 22766.4350916899" "lglasso's bic is 21436.9787937182"
 [7] "lglasso's bic is 20501.0020633293" "lglasso's bic is 19742.3538953732"
 [9] "lglasso's bic is 19225.9744353432" "lglasso's bic is 19112.4331257614"
[11] "lglasso's bic is 19103.1120925853" "lglasso's bic is 19217.2151953483"
[13] "lglasso's bic is 19338.9064103813" "lglasso's bic is 19428.9225300728"
[15] "lglasso's bic is 19485.1615603894" "lglasso's bic is 19651.378799111" 
[17] "lglasso's bic is 19777.43330094"   "lglasso's bic is 19901.6488258382"
[19] "lglasso's bic is 20015.4961874065" "lglasso's bic is 20155.1567029234"
[1] "The 45th simulation:"
[1] "two-community heter data are generated"
[1] "heter data are generated"
[1] "heter data are generated"
 [1] "lglasso's bic is 41272.1751327271" "lglasso's bic is 36629.5506229355"
 [3] "lglasso's bic is 33123.5509386147" "lglasso's bic is 30409.7674281322"
 [5] "lglasso's bic is 28489.9420855206" "lglasso's bic is 27122.5386282068"
 [7] "lglasso's bic is 26232.4386601754" "lglasso's bic is 25460.9041296615"
 [9] "lglasso's bic is 25292.9432851729" "lglasso's bic is 25213.5445536332"
[11] "lglasso's bic is 25144.7146091391" "lglasso's bic is 25155.2391605954"
[13] "lglasso's bic is 25255.8079962862" "lglasso's bic is 25354.0145830695"
[15] "lglasso's bic is 25507.2193784924" "lglasso's bic is 25687.0758196467"
[17] "lglasso's bic is 25810.4007049344" "lglasso's bic is 26084.0915652378"
[19] "lglasso's bic is 26221.9456701445" "lglasso's bic is 26335.2836736892"
[1] "The 46th simulation:"
[1] "two-community heter data are generated"
[1] "heter data are generated"
[1] "heter data are generated"
 [1] "lglasso's bic is 38092.4500566252" "lglasso's bic is 33416.9703433771"
 [3] "lglasso's bic is 29914.8317063648" "lglasso's bic is 27296.4289818978"
 [5] "lglasso's bic is 25472.8773726564" "lglasso's bic is 24215.7256557791"
 [7] "lglasso's bic is 23259.7465730892" "lglasso's bic is 22743.260187663" 
 [9] "lglasso's bic is 22392.9044866289" "lglasso's bic is 22297.0656432953"
[11] "lglasso's bic is 22402.9398362258" "lglasso's bic is 22438.0100509599"
[13] "lglasso's bic is 22490.3679841394" "lglasso's bic is 22577.7506523861"
[15] "lglasso's bic is 22677.2694395636" "lglasso's bic is 22817.7480281155"
[17] "lglasso's bic is 22943.8919763486" "lglasso's bic is 23168.4703021907"
[19] "lglasso's bic is 23311.9649257065" "lglasso's bic is 23445.8623581307"
[1] "The 47th simulation:"
[1] "two-community heter data are generated"
[1] "heter data are generated"
[1] "heter data are generated"
 [1] "lglasso's bic is 28241.5571290737" "lglasso's bic is 22955.7111042208"
 [3] "lglasso's bic is 19486.9705775305" "lglasso's bic is 17132.4540690697"
 [5] "lglasso's bic is 15250.0073174142" "lglasso's bic is 14390.7976810981"
 [7] "lglasso's bic is 13618.3364483236" "lglasso's bic is 13273.9705622379"
 [9] "lglasso's bic is 13183.0994105424" "lglasso's bic is 13139.0648677675"
[11] "lglasso's bic is 13299.6532968259" "lglasso's bic is 13394.1746126727"
[13] "lglasso's bic is 13544.6655488618" "lglasso's bic is 13738.1881637097"
[15] "lglasso's bic is 13975.0701063018" "lglasso's bic is 14183.4865419772"
[17] "lglasso's bic is 14413.8009378236" "lglasso's bic is 14753.492325896" 
[19] "lglasso's bic is 14945.382708895"  "lglasso's bic is 15149.4478432139"
[1] "The 48th simulation:"
[1] "two-community heter data are generated"
[1] "heter data are generated"
[1] "heter data are generated"
 [1] "lglasso's bic is 35887.5178571371" "lglasso's bic is 31314.3941936486"
 [3] "lglasso's bic is 27875.7721458526" "lglasso's bic is 25350.2781975822"
 [5] "lglasso's bic is 23557.5620923202" "lglasso's bic is 22285.8593388243"
 [7] "lglasso's bic is 21322.2529319514" "lglasso's bic is 20718.8527359076"
 [9] "lglasso's bic is 20416.1746590713" "lglasso's bic is 20427.0874955364"
[11] "lglasso's bic is 20526.5373831208" "lglasso's bic is 20670.2506532404"
[13] "lglasso's bic is 21012.9016214484" "lglasso's bic is 21155.6609491691"
[15] "lglasso's bic is 21414.4546753083" "lglasso's bic is 21579.9129782525"
[17] "lglasso's bic is 21849.8305734179" "lglasso's bic is 22103.6467124482"
[19] "lglasso's bic is 22533.2445627481" "lglasso's bic is 22727.0605798953"
[1] "The 49th simulation:"
[1] "two-community heter data are generated"
[1] "heter data are generated"
[1] "heter data are generated"
 [1] "lglasso's bic is 47483.4716102002" "lglasso's bic is 43209.4098051743"
 [3] "lglasso's bic is 39944.0380784573" "lglasso's bic is 37011.8731824318"
 [5] "lglasso's bic is 34902.8056965569" "lglasso's bic is 33556.0875100931"
 [7] "lglasso's bic is 32488.4404926052" "lglasso's bic is 31771.1623576218"
 [9] "lglasso's bic is 31390.5588914407" "lglasso's bic is 31132.9526340467"
[11] "lglasso's bic is 31043.9647060964" "lglasso's bic is 31072.8527601168"
[13] "lglasso's bic is 31125.1731050115" "lglasso's bic is 31214.8991525447"
[15] "lglasso's bic is 31294.9819401521" "lglasso's bic is 31471.552652826" 
[17] "lglasso's bic is 31558.1048305238" "lglasso's bic is 31647.0834926634"
[19] "lglasso's bic is 31747.5457320329" "lglasso's bic is 32095.3953339346"
[1] "The 50th simulation:"
[1] "two-community heter data are generated"
[1] "heter data are generated"
[1] "heter data are generated"
 [1] "lglasso's bic is 29068.3096221348" "lglasso's bic is 23765.8011395503"
 [3] "lglasso's bic is 20538.2243231961" "lglasso's bic is 17889.9435033271"
 [5] "lglasso's bic is 16030.2091250855" "lglasso's bic is 14961.6727627978"
 [7] "lglasso's bic is 14316.9060942067" "lglasso's bic is 13937.0190730581"
 [9] "lglasso's bic is 13812.5671398028" "lglasso's bic is 13835.1792081478"
[11] "lglasso's bic is 14041.1190120702" "lglasso's bic is 14244.274147206" 
[13] "lglasso's bic is 14666.5050289034" "lglasso's bic is 14873.2484184046"
[15] "lglasso's bic is 15070.285662865"  "lglasso's bic is 15268.4112203022"
[17] "lglasso's bic is 15490.1273515483" "lglasso's bic is 16051.2260403368"
[19] "lglasso's bic is 16250.2579248382" "lglasso's bic is 16472.4114513833"
There were 50 or more warnings (use warnings() to see the first 50)
> save(simures,file="subject=40_time=20_uu2=0.4.Rd")
> q("no")
> proc.time()
     user    system   elapsed 
29927.595   100.202 32613.809 
