
R version 4.1.2 (2021-11-01) -- "Bird Hippie"
Copyright (C) 2021 The R Foundation for Statistical Computing
Platform: x86_64-pc-linux-gnu (64-bit)

R is free software and comes with ABSOLUTELY NO WARRANTY.
You are welcome to redistribute it under certain conditions.
Type 'license()' or 'licence()' for distribution details.

  Natural language support but running in an English locale

R is a collaborative project with many contributors.
Type 'contributors()' for more information and
'citation()' on how to cite R or R packages in publications.

Type 'demo()' for some demos, 'help()' for on-line help, or
'help.start()' for an HTML browser interface to help.
Type 'q()' to quit R.

> library("lglasso")
> library("glasso")
> library("BDgraph")
> library("GGMselect")
Loading required package: mvtnorm

Attaching package: 'mvtnorm'

The following object is masked from 'package:BDgraph':

    rmvnorm

> library("Matrix")
> m=40
> n=10
> uu2=0.4
> Nsim=50
> rho=vector("list",5)
> rho[[1]]=seq(0.001,0.3,length=20)
> rho[[2]]=seq(0.001,0.3,length=20)
> rho[[3]]=seq(0.001,0.3,length=20)
> rho[[4]]=seq(0.00001,0.1,length=10)
> rho[[5]]=seq(0.00001,0.1,length=10)
> set.seed(m+n+uu2)
> simures=power_compare1(m=m,n=n,p=80,coe=c(2,0,0),l=Nsim,rho=rho,prob=0.01,heter=T,community2=T,uu=c(0.1,uu2))
[1] "The 1th simulation:"
[1] "two-community heter data are generated"
[1] "heter data are generated"
[1] "heter data are generated"
 [1] "lglasso's bic is 22385.3133687582" "lglasso's bic is 19135.9715585954"
 [3] "lglasso's bic is 16637.2530452564" "lglasso's bic is 14645.4483608594"
 [5] "lglasso's bic is 13023.528950868"  "lglasso's bic is 12122.2024907389"
 [7] "lglasso's bic is 11279.8219277847" "lglasso's bic is 10580.2761617331"
 [9] "lglasso's bic is 10049.3622894558" "lglasso's bic is 9675.96709078379"
[11] "lglasso's bic is 9383.40661560717" "lglasso's bic is 9167.98325808658"
[13] "lglasso's bic is 9159.05534718638" "lglasso's bic is 9152.34554932175"
[15] "lglasso's bic is 9148.75312948019" "lglasso's bic is 9198.40394451978"
[17] "lglasso's bic is 9250.24627709144" "lglasso's bic is 9490.60674578738"
[19] "lglasso's bic is 9549.64271763343" "lglasso's bic is 9631.34008845243"
[1] "The 2th simulation:"
[1] "two-community heter data are generated"
[1] "heter data are generated"
[1] "heter data are generated"
 [1] "lglasso's bic is 18812.5725298975" "lglasso's bic is 15403.7981483334"
 [3] "lglasso's bic is 13543.7350492111" "lglasso's bic is 11769.2694222303"
 [5] "lglasso's bic is 10427.2782129389" "lglasso's bic is 9452.70869049002"
 [7] "lglasso's bic is 8695.01388794929" "lglasso's bic is 8092.84481126552"
 [9] "lglasso's bic is 7730.04100988584" "lglasso's bic is 7470.20345319521"
[11] "lglasso's bic is 7432.77245668256" "lglasso's bic is 7429.64289222738"
[13] "lglasso's bic is 7464.5316761813"  "lglasso's bic is 7551.28325205177"
[15] "lglasso's bic is 7706.86014717492" "lglasso's bic is 7946.62336328698"
[17] "lglasso's bic is 8094.4651013851"  "lglasso's bic is 8237.38223653327"
[19] "lglasso's bic is 8399.35093762448" "lglasso's bic is 8565.06444219093"
[1] "The 3th simulation:"
[1] "two-community heter data are generated"
[1] "heter data are generated"
[1] "heter data are generated"
 [1] "lglasso's bic is 19606.7126325947" "lglasso's bic is 16089.1921977484"
 [3] "lglasso's bic is 13589.1123668956" "lglasso's bic is 11808.2783216908"
 [5] "lglasso's bic is 10137.2067058281" "lglasso's bic is 8912.81295120058"
 [7] "lglasso's bic is 7924.1334761257"  "lglasso's bic is 7203.35085052785"
 [9] "lglasso's bic is 6815.69340418981" "lglasso's bic is 6442.57307833427"
[11] "lglasso's bic is 6225.31931685465" "lglasso's bic is 6153.78271026336"
[13] "lglasso's bic is 6250.69310127492" "lglasso's bic is 6308.40123916525"
[15] "lglasso's bic is 6367.38049794689" "lglasso's bic is 6420.92155217535"
[17] "lglasso's bic is 6484.55053814095" "lglasso's bic is 6546.60916932778"
[19] "lglasso's bic is 6624.6672655933"  "lglasso's bic is 6816.79420051715"
[1] "The 4th simulation:"
[1] "two-community heter data are generated"
[1] "heter data are generated"
[1] "heter data are generated"
 [1] "lglasso's bic is 19989.1271598843" "lglasso's bic is 16189.7757950271"
 [3] "lglasso's bic is 13885.1095742955" "lglasso's bic is 12044.6808235818"
 [5] "lglasso's bic is 10890.6435388742" "lglasso's bic is 9778.13187904496"
 [7] "lglasso's bic is 8929.89210910487" "lglasso's bic is 8257.75939412476"
 [9] "lglasso's bic is 7934.82824292382" "lglasso's bic is 7663.74979485009"
[11] "lglasso's bic is 7460.99043381706" "lglasso's bic is 7351.43827634086"
[13] "lglasso's bic is 7362.89646682624" "lglasso's bic is 7467.95438623565"
[15] "lglasso's bic is 7537.37700331074" "lglasso's bic is 7696.67558435658"
[17] "lglasso's bic is 7803.11823399026" "lglasso's bic is 7885.75194257734"
[19] "lglasso's bic is 7980.7594956363"  "lglasso's bic is 8142.04265828549"
[1] "The 5th simulation:"
[1] "two-community heter data are generated"
[1] "heter data are generated"
[1] "heter data are generated"
 [1] "lglasso's bic is 22957.2970658941" "lglasso's bic is 19757.6863484714"
 [3] "lglasso's bic is 17505.0407909134" "lglasso's bic is 15548.4063124611"
 [5] "lglasso's bic is 14182.9994150777" "lglasso's bic is 12836.7794130918"
 [7] "lglasso's bic is 11892.9476379592" "lglasso's bic is 11172.0562284242"
 [9] "lglasso's bic is 10709.876705307"  "lglasso's bic is 10295.199201711" 
[11] "lglasso's bic is 10050.1018839372" "lglasso's bic is 9849.73567165596"
[13] "lglasso's bic is 9869.59260096831" "lglasso's bic is 9889.4543607811" 
[15] "lglasso's bic is 9950.4540586856"  "lglasso's bic is 10024.7823817725"
[17] "lglasso's bic is 10075.8324854725" "lglasso's bic is 10154.1077553495"
[19] "lglasso's bic is 10277.1134639977" "lglasso's bic is 10395.4005516975"
[1] "The 6th simulation:"
[1] "two-community heter data are generated"
[1] "heter data are generated"
[1] "heter data are generated"
 [1] "lglasso's bic is 25378.1369861178" "lglasso's bic is 22370.9370850755"
 [3] "lglasso's bic is 19955.0287161428" "lglasso's bic is 18083.6739826432"
 [5] "lglasso's bic is 16595.670807511"  "lglasso's bic is 15366.9748771886"
 [7] "lglasso's bic is 14356.0872977611" "lglasso's bic is 13584.9119990713"
 [9] "lglasso's bic is 13053.2221609925" "lglasso's bic is 12674.6657265164"
[11] "lglasso's bic is 12379.3859604816" "lglasso's bic is 12243.4845229996"
[13] "lglasso's bic is 12111.0557692709" "lglasso's bic is 12067.9603014835"
[15] "lglasso's bic is 12095.1334885539" "lglasso's bic is 12297.3981469085"
[17] "lglasso's bic is 12371.9817881433" "lglasso's bic is 12444.7660190966"
[19] "lglasso's bic is 12526.692781494"  "lglasso's bic is 12612.253258926" 
[1] "The 7th simulation:"
[1] "two-community heter data are generated"
[1] "heter data are generated"
[1] "heter data are generated"
 [1] "lglasso's bic is 24183.8526074753" "lglasso's bic is 20909.1573261074"
 [3] "lglasso's bic is 18279.8593431091" "lglasso's bic is 16386.679552374" 
 [5] "lglasso's bic is 14574.453025401"  "lglasso's bic is 13274.5732435017"
 [7] "lglasso's bic is 12492.8219278644" "lglasso's bic is 11757.4408547961"
 [9] "lglasso's bic is 11155.6914449615" "lglasso's bic is 10922.1111287902"
[11] "lglasso's bic is 10955.0254486223" "lglasso's bic is 10837.4346912878"
[13] "lglasso's bic is 10753.2221797533" "lglasso's bic is 10805.3806111306"
[15] "lglasso's bic is 10835.3370504065" "lglasso's bic is 10960.5200039119"
[17] "lglasso's bic is 11050.2335206797" "lglasso's bic is 11122.1515495655"
[19] "lglasso's bic is 11231.6708570087" "lglasso's bic is 11708.139962733" 
[1] "The 8th simulation:"
[1] "two-community heter data are generated"
[1] "heter data are generated"
[1] "heter data are generated"
 [1] "lglasso's bic is 17264.0560463635" "lglasso's bic is 13951.8849606437"
 [3] "lglasso's bic is 11595.3986266641" "lglasso's bic is 10157.6061050684"
 [5] "lglasso's bic is 8688.88868544013" "lglasso's bic is 7674.75953500182"
 [7] "lglasso's bic is 6616.4875621834"  "lglasso's bic is 5871.27276623028"
 [9] "lglasso's bic is 5335.92930708989" "lglasso's bic is 5085.86052935707"
[11] "lglasso's bic is 4798.36493473198" "lglasso's bic is 4727.43972399963"
[13] "lglasso's bic is 4571.85146544612" "lglasso's bic is 4614.67804501771"
[15] "lglasso's bic is 4698.70383871719" "lglasso's bic is 4714.38955299811"
[17] "lglasso's bic is 4813.04064120586" "lglasso's bic is 4891.03702382473"
[19] "lglasso's bic is 4963.82199113873" "lglasso's bic is 5066.40858301055"
[1] "The 9th simulation:"
[1] "two-community heter data are generated"
[1] "heter data are generated"
[1] "heter data are generated"
 [1] "lglasso's bic is 23991.7413517615" "lglasso's bic is 20620.0332545119"
 [3] "lglasso's bic is 18182.3455949178" "lglasso's bic is 15990.8656391176"
 [5] "lglasso's bic is 14499.8092515257" "lglasso's bic is 13300.4294156962"
 [7] "lglasso's bic is 12383.1870920513" "lglasso's bic is 11599.733191622" 
 [9] "lglasso's bic is 11119.679471894"  "lglasso's bic is 10721.8800026664"
[11] "lglasso's bic is 10559.2698974092" "lglasso's bic is 10406.5721982238"
[13] "lglasso's bic is 10357.7873160538" "lglasso's bic is 10366.3395479555"
[15] "lglasso's bic is 10379.0291603935" "lglasso's bic is 10404.58402616"  
[17] "lglasso's bic is 10482.128310365"  "lglasso's bic is 10611.373548712" 
[19] "lglasso's bic is 10697.0580087474" "lglasso's bic is 10776.8950760564"
[1] "The 10th simulation:"
[1] "two-community heter data are generated"
[1] "heter data are generated"
[1] "heter data are generated"
 [1] "lglasso's bic is 24080.0320693137" "lglasso's bic is 20888.8440006765"
 [3] "lglasso's bic is 18214.9993104162" "lglasso's bic is 16569.8671959977"
 [5] "lglasso's bic is 14995.1705954703" "lglasso's bic is 13640.6509483046"
 [7] "lglasso's bic is 12736.1659251455" "lglasso's bic is 11862.4738791956"
 [9] "lglasso's bic is 11275.7824316006" "lglasso's bic is 10870.2161661822"
[11] "lglasso's bic is 10602.298871419"  "lglasso's bic is 10481.0818387826"
[13] "lglasso's bic is 10430.8464012364" "lglasso's bic is 10431.0789660739"
[15] "lglasso's bic is 10528.622530388"  "lglasso's bic is 10584.1554878223"
[17] "lglasso's bic is 10640.9755238956" "lglasso's bic is 10758.7720306541"
[19] "lglasso's bic is 10826.3461857542" "lglasso's bic is 10944.756190497" 
[1] "The 11th simulation:"
[1] "two-community heter data are generated"
[1] "heter data are generated"
[1] "heter data are generated"
 [1] "lglasso's bic is 4456.68486213288" "lglasso's bic is 2856.93189991613"
 [3] "lglasso's bic is 2499.21411077524" "lglasso's bic is 1995.95357576138"
 [5] "lglasso's bic is 1618.01435357625" "lglasso's bic is 1234.87212225569"
 [7] "lglasso's bic is 1118.744733274"   "lglasso's bic is 1045.07308013929"
 [9] "lglasso's bic is 990.881748464219" "lglasso's bic is 902.62685996097" 
[11] "lglasso's bic is 1045.72215573172" "lglasso's bic is 1214.31390581224"
[13] "lglasso's bic is 1516.01958363005" "lglasso's bic is 1857.12724779449"
[15] "lglasso's bic is 2119.69091214807" "lglasso's bic is 2386.989436386"  
[17] "lglasso's bic is 2714.30373174928" "lglasso's bic is 3002.07901724372"
[19] "lglasso's bic is 3309.33394769888" "lglasso's bic is 3593.93056776075"
[1] "The 12th simulation:"
[1] "two-community heter data are generated"
[1] "heter data are generated"
[1] "heter data are generated"
 [1] "lglasso's bic is 20306.44499568"   "lglasso's bic is 16881.9966526012"
 [3] "lglasso's bic is 14347.7878680649" "lglasso's bic is 12526.0277978215"
 [5] "lglasso's bic is 11155.1308022851" "lglasso's bic is 9978.49151704886"
 [7] "lglasso's bic is 9050.2118039048"  "lglasso's bic is 8375.77206584881"
 [9] "lglasso's bic is 7849.95002549125" "lglasso's bic is 7438.81071375348"
[11] "lglasso's bic is 7285.5862344944"  "lglasso's bic is 7155.32597107366"
[13] "lglasso's bic is 7183.16260892115" "lglasso's bic is 7233.62199538794"
[15] "lglasso's bic is 7383.72585085872" "lglasso's bic is 7470.16179429766"
[17] "lglasso's bic is 7557.56459947192" "lglasso's bic is 7657.1980751984" 
[19] "lglasso's bic is 7753.86037730223" "lglasso's bic is 7962.91397019778"
[1] "The 13th simulation:"
[1] "two-community heter data are generated"
[1] "heter data are generated"
[1] "heter data are generated"
 [1] "lglasso's bic is 27574.6320368231" "lglasso's bic is 24593.7704379386"
 [3] "lglasso's bic is 22353.0796669414" "lglasso's bic is 20583.2183856545"
 [5] "lglasso's bic is 19317.632869272"  "lglasso's bic is 18145.9085394669"
 [7] "lglasso's bic is 17175.0197818425" "lglasso's bic is 16466.6475571707"
 [9] "lglasso's bic is 15797.9034333848" "lglasso's bic is 15276.8915247537"
[11] "lglasso's bic is 14917.1611776112" "lglasso's bic is 14714.5354915979"
[13] "lglasso's bic is 14623.6481310447" "lglasso's bic is 14517.13338"     
[15] "lglasso's bic is 14390.7539128099" "lglasso's bic is 14326.8164514858"
[17] "lglasso's bic is 14358.4699385932" "lglasso's bic is 14484.9473593854"
[19] "lglasso's bic is 14505.2738524613" "lglasso's bic is 14623.5382914781"
[1] "The 14th simulation:"
[1] "two-community heter data are generated"
[1] "heter data are generated"
[1] "heter data are generated"
 [1] "lglasso's bic is 21058.2835790986" "lglasso's bic is 17283.5868375852"
 [3] "lglasso's bic is 14719.6312304034" "lglasso's bic is 13017.4880862622"
 [5] "lglasso's bic is 11415.0441714183" "lglasso's bic is 10276.6710332714"
 [7] "lglasso's bic is 9432.74363056295" "lglasso's bic is 8704.02981604795"
 [9] "lglasso's bic is 8289.14533517095" "lglasso's bic is 8095.76664057331"
[11] "lglasso's bic is 7917.75617892876" "lglasso's bic is 7847.95056221126"
[13] "lglasso's bic is 7843.12177447978" "lglasso's bic is 7895.22508811083"
[15] "lglasso's bic is 7951.76727574863" "lglasso's bic is 8028.477926174"  
[17] "lglasso's bic is 8122.53453454787" "lglasso's bic is 8417.96902683738"
[19] "lglasso's bic is 8519.35027217447" "lglasso's bic is 8608.51638276552"
[1] "The 15th simulation:"
[1] "two-community heter data are generated"
[1] "heter data are generated"
[1] "heter data are generated"
 [1] "lglasso's bic is 16588.9073847379" "lglasso's bic is 12600.484709844" 
 [3] "lglasso's bic is 10387.7192555759" "lglasso's bic is 8775.53865068795"
 [5] "lglasso's bic is 7524.59755987355" "lglasso's bic is 6536.18299356304"
 [7] "lglasso's bic is 5877.81352801275" "lglasso's bic is 5396.39218920011"
 [9] "lglasso's bic is 5337.42123912102" "lglasso's bic is 5304.04070569802"
[11] "lglasso's bic is 5236.02274979243" "lglasso's bic is 5266.10300080358"
[13] "lglasso's bic is 5315.41956874948" "lglasso's bic is 5432.02055491621"
[15] "lglasso's bic is 5512.91530180031" "lglasso's bic is 5702.95503473232"
[17] "lglasso's bic is 5817.48870713767" "lglasso's bic is 5970.9345854752" 
[19] "lglasso's bic is 6111.81013424937" "lglasso's bic is 6374.50012332847"
[1] "The 16th simulation:"
[1] "two-community heter data are generated"
[1] "heter data are generated"
[1] "heter data are generated"
 [1] "lglasso's bic is 24349.6137462861" "lglasso's bic is 21135.482575751" 
 [3] "lglasso's bic is 18531.9512184208" "lglasso's bic is 16544.3136422983"
 [5] "lglasso's bic is 15164.0548948769" "lglasso's bic is 13976.4725124768"
 [7] "lglasso's bic is 13220.002764066"  "lglasso's bic is 12550.0573820869"
 [9] "lglasso's bic is 12022.284556402"  "lglasso's bic is 11875.5349510964"
[11] "lglasso's bic is 11649.567218093"  "lglasso's bic is 11564.3755620418"
[13] "lglasso's bic is 11544.2515471881" "lglasso's bic is 11689.6907556471"
[15] "lglasso's bic is 11710.9129131423" "lglasso's bic is 11851.2483297781"
[17] "lglasso's bic is 11943.063922454"  "lglasso's bic is 12038.4067909187"
[19] "lglasso's bic is 12238.2639929806" "lglasso's bic is 12404.8800095305"
[1] "The 17th simulation:"
[1] "two-community heter data are generated"
[1] "heter data are generated"
[1] "heter data are generated"
 [1] "lglasso's bic is 22027.3365051662" "lglasso's bic is 18969.2775651237"
 [3] "lglasso's bic is 16508.9698839034" "lglasso's bic is 14305.9205200549"
 [5] "lglasso's bic is 12734.6436242836" "lglasso's bic is 11404.0013386231"
 [7] "lglasso's bic is 10490.1156897295" "lglasso's bic is 9919.78709764518"
 [9] "lglasso's bic is 9278.59982415674" "lglasso's bic is 9018.24585312485"
[11] "lglasso's bic is 8783.59743506246" "lglasso's bic is 8669.7108083581" 
[13] "lglasso's bic is 8623.11401721313" "lglasso's bic is 8715.30116198366"
[15] "lglasso's bic is 8768.38338721647" "lglasso's bic is 9092.71573495274"
[17] "lglasso's bic is 9193.47899760639" "lglasso's bic is 9260.77367996281"
[19] "lglasso's bic is 9358.38338133286" "lglasso's bic is 9521.33474853874"
[1] "The 18th simulation:"
[1] "two-community heter data are generated"
[1] "heter data are generated"
[1] "heter data are generated"
 [1] "lglasso's bic is 22353.3599716882" "lglasso's bic is 19005.232110436" 
 [3] "lglasso's bic is 16417.9637639283" "lglasso's bic is 14538.9324187454"
 [5] "lglasso's bic is 13101.7388840569" "lglasso's bic is 12246.6504190199"
 [7] "lglasso's bic is 11170.2377709232" "lglasso's bic is 10410.1491291047"
 [9] "lglasso's bic is 9698.18348873524" "lglasso's bic is 9303.92889953586"
[11] "lglasso's bic is 9023.19376812134" "lglasso's bic is 8908.23291471865"
[13] "lglasso's bic is 8860.51283428456" "lglasso's bic is 8855.89861566744"
[15] "lglasso's bic is 8881.9137495264"  "lglasso's bic is 8960.7031500108" 
[17] "lglasso's bic is 9091.68168199116" "lglasso's bic is 9168.33730397102"
[19] "lglasso's bic is 9254.42153083581" "lglasso's bic is 9567.61361909883"
[1] "The 19th simulation:"
[1] "two-community heter data are generated"
[1] "heter data are generated"
[1] "heter data are generated"
 [1] "lglasso's bic is 26925.5659529583" "lglasso's bic is 23965.1127783049"
 [3] "lglasso's bic is 21521.6155810664" "lglasso's bic is 19589.9096814323"
 [5] "lglasso's bic is 18361.6481176055" "lglasso's bic is 17045.7099718215"
 [7] "lglasso's bic is 15882.8574633322" "lglasso's bic is 14938.0912858778"
 [9] "lglasso's bic is 14259.8557584085" "lglasso's bic is 13947.5066397463"
[11] "lglasso's bic is 13678.8666911483" "lglasso's bic is 13516.1836034443"
[13] "lglasso's bic is 13514.1633330444" "lglasso's bic is 13509.908564393" 
[15] "lglasso's bic is 13550.2024694397" "lglasso's bic is 13611.2492676072"
[17] "lglasso's bic is 13670.5609020816" "lglasso's bic is 13763.1264280359"
[19] "lglasso's bic is 13860.4085925009" "lglasso's bic is 13953.3571869228"
[1] "The 20th simulation:"
[1] "two-community heter data are generated"
[1] "heter data are generated"
[1] "heter data are generated"
 [1] "lglasso's bic is 20775.6373007847" "lglasso's bic is 17448.7506668659"
 [3] "lglasso's bic is 14726.8461248714" "lglasso's bic is 12967.8270282042"
 [5] "lglasso's bic is 11623.9919077176" "lglasso's bic is 10542.3672000021"
 [7] "lglasso's bic is 9632.47638180186" "lglasso's bic is 8851.25375975296"
 [9] "lglasso's bic is 8288.31953959706" "lglasso's bic is 7973.32615625663"
[11] "lglasso's bic is 7858.69891071812" "lglasso's bic is 7753.58960444721"
[13] "lglasso's bic is 7662.66778900868" "lglasso's bic is 7661.63172363589"
[15] "lglasso's bic is 7705.21557668585" "lglasso's bic is 7788.89536204832"
[17] "lglasso's bic is 7870.03871560379" "lglasso's bic is 7953.93384973627"
[19] "lglasso's bic is 8036.482764992"   "lglasso's bic is 8144.27223904045"
[1] "The 21th simulation:"
[1] "two-community heter data are generated"
[1] "heter data are generated"
[1] "heter data are generated"
 [1] "lglasso's bic is 19326.8463590043" "lglasso's bic is 15506.4091490116"
 [3] "lglasso's bic is 13175.9468075056" "lglasso's bic is 11253.8184961728"
 [5] "lglasso's bic is 10035.5622279854" "lglasso's bic is 8670.07420427265"
 [7] "lglasso's bic is 7723.33594221905" "lglasso's bic is 7097.98929178586"
 [9] "lglasso's bic is 6639.03371142651" "lglasso's bic is 6423.44489122138"
[11] "lglasso's bic is 6275.19892625866" "lglasso's bic is 6274.08779532629"
[13] "lglasso's bic is 6231.22807844404" "lglasso's bic is 6367.71280066495"
[15] "lglasso's bic is 6413.09335796658" "lglasso's bic is 6549.89187274702"
[17] "lglasso's bic is 6638.0669557192"  "lglasso's bic is 6813.85359899719"
[19] "lglasso's bic is 6919.75313351743" "lglasso's bic is 7042.79571170073"
[1] "The 22th simulation:"
[1] "two-community heter data are generated"
[1] "heter data are generated"
[1] "heter data are generated"
 [1] "lglasso's bic is 20673.9547539608" "lglasso's bic is 17430.8853107905"
 [3] "lglasso's bic is 14911.3970020847" "lglasso's bic is 12985.9792596994"
 [5] "lglasso's bic is 11212.8074239323" "lglasso's bic is 9946.60991888924"
 [7] "lglasso's bic is 8897.02408626149" "lglasso's bic is 8097.00349400359"
 [9] "lglasso's bic is 7612.98970007288" "lglasso's bic is 7315.5045686757" 
[11] "lglasso's bic is 7158.40807136593" "lglasso's bic is 7147.97000054146"
[13] "lglasso's bic is 7100.55609323318" "lglasso's bic is 7123.5186825282" 
[15] "lglasso's bic is 7241.57883801003" "lglasso's bic is 7300.93468637521"
[17] "lglasso's bic is 7409.87989461324" "lglasso's bic is 7497.64913252059"
[19] "lglasso's bic is 7595.56417138002" "lglasso's bic is 7771.94066979194"
[1] "The 23th simulation:"
[1] "two-community heter data are generated"
[1] "heter data are generated"
[1] "heter data are generated"
 [1] "lglasso's bic is 19967.4766964871" "lglasso's bic is 16178.1430266861"
 [3] "lglasso's bic is 13721.0794751432" "lglasso's bic is 12218.3774691971"
 [5] "lglasso's bic is 10823.7483791562" "lglasso's bic is 9806.73216475867"
 [7] "lglasso's bic is 9042.59912745486" "lglasso's bic is 8475.06328380114"
 [9] "lglasso's bic is 8236.42588804875" "lglasso's bic is 7912.28458152779"
[11] "lglasso's bic is 7868.13791789899" "lglasso's bic is 7932.12905784979"
[13] "lglasso's bic is 8055.24336516363" "lglasso's bic is 8203.14013301989"
[15] "lglasso's bic is 8327.53533920989" "lglasso's bic is 8457.99700244743"
[17] "lglasso's bic is 8596.54060099806" "lglasso's bic is 8751.8979655509" 
[19] "lglasso's bic is 8896.22672800017" "lglasso's bic is 9112.3537539813" 
[1] "The 24th simulation:"
[1] "two-community heter data are generated"
[1] "heter data are generated"
[1] "heter data are generated"
 [1] "lglasso's bic is 25917.7061333189" "lglasso's bic is 22724.1741409714"
 [3] "lglasso's bic is 20068.4826743262" "lglasso's bic is 18237.4119783466"
 [5] "lglasso's bic is 16780.357716721"  "lglasso's bic is 15517.7665441376"
 [7] "lglasso's bic is 14413.452413538"  "lglasso's bic is 13738.9447012116"
 [9] "lglasso's bic is 13278.9993725321" "lglasso's bic is 12839.4398197899"
[11] "lglasso's bic is 12749.4687215121" "lglasso's bic is 12529.7802197017"
[13] "lglasso's bic is 12485.6901631016" "lglasso's bic is 12486.3819395258"
[15] "lglasso's bic is 12525.0182460315" "lglasso's bic is 12640.5055145589"
[17] "lglasso's bic is 12714.230592096"  "lglasso's bic is 12777.8638313712"
[19] "lglasso's bic is 12878.5412803289" "lglasso's bic is 12997.6779170644"
[1] "The 25th simulation:"
[1] "two-community heter data are generated"
[1] "heter data are generated"
[1] "heter data are generated"
 [1] "lglasso's bic is 17750.1018223371" "lglasso's bic is 14072.305098188" 
 [3] "lglasso's bic is 11351.0773847046" "lglasso's bic is 9558.62213790377"
 [5] "lglasso's bic is 8494.99465070316" "lglasso's bic is 7396.20732008567"
 [7] "lglasso's bic is 6721.59221584557" "lglasso's bic is 6190.08399579621"
 [9] "lglasso's bic is 5790.47157666122" "lglasso's bic is 5645.64525949309"
[11] "lglasso's bic is 5512.39335517976" "lglasso's bic is 5855.10524001957"
[13] "lglasso's bic is 5923.54609090857" "lglasso's bic is 6050.2332677588" 
[15] "lglasso's bic is 6201.44669936795" "lglasso's bic is 6292.71845517611"
[17] "lglasso's bic is 6423.00274616489" "lglasso's bic is 6554.42692901458"
[19] "lglasso's bic is 6666.00111247492" "lglasso's bic is 6786.98169813692"
[1] "The 26th simulation:"
[1] "two-community heter data are generated"
[1] "heter data are generated"
[1] "heter data are generated"
 [1] "lglasso's bic is 23836.0723148756" "lglasso's bic is 20942.7085605769"
 [3] "lglasso's bic is 18503.3555682978" "lglasso's bic is 16419.4731826306"
 [5] "lglasso's bic is 14700.0251438424" "lglasso's bic is 13294.0379206654"
 [7] "lglasso's bic is 12288.763939761"  "lglasso's bic is 11499.8539411224"
 [9] "lglasso's bic is 10982.4986274567" "lglasso's bic is 10583.8025473066"
[11] "lglasso's bic is 10344.887850349"  "lglasso's bic is 10466.1429295533"
[13] "lglasso's bic is 10435.1284706306" "lglasso's bic is 10398.6304046386"
[15] "lglasso's bic is 10390.3010136707" "lglasso's bic is 10474.988232343" 
[17] "lglasso's bic is 10501.3195108364" "lglasso's bic is 10544.6825367381"
[19] "lglasso's bic is 10714.6392355238" "lglasso's bic is 10785.1585887454"
[1] "The 27th simulation:"
[1] "two-community heter data are generated"
[1] "heter data are generated"
[1] "heter data are generated"
 [1] "lglasso's bic is 21369.5415143814" "lglasso's bic is 18336.2578450137"
 [3] "lglasso's bic is 15934.1887190581" "lglasso's bic is 13961.0696372087"
 [5] "lglasso's bic is 12405.6758544734" "lglasso's bic is 11124.3319271972"
 [7] "lglasso's bic is 10444.3496464837" "lglasso's bic is 9607.08319442324"
 [9] "lglasso's bic is 8944.38355783196" "lglasso's bic is 8665.94620658563"
[11] "lglasso's bic is 8374.84759299998" "lglasso's bic is 8244.76432576469"
[13] "lglasso's bic is 8133.43750360659" "lglasso's bic is 8119.97658816532"
[15] "lglasso's bic is 8140.03543874798" "lglasso's bic is 8204.69363276835"
[17] "lglasso's bic is 8338.78899766482" "lglasso's bic is 8398.30017420505"
[19] "lglasso's bic is 8486.78398939983" "lglasso's bic is 8558.02218105048"
[1] "The 28th simulation:"
[1] "two-community heter data are generated"
[1] "heter data are generated"
[1] "heter data are generated"
 [1] "lglasso's bic is 20433.5724273505" "lglasso's bic is 17125.5136008068"
 [3] "lglasso's bic is 14747.0048284923" "lglasso's bic is 13051.5142279563"
 [5] "lglasso's bic is 11610.7215517012" "lglasso's bic is 10418.1072892277"
 [7] "lglasso's bic is 9329.11954919003" "lglasso's bic is 8518.19515272269"
 [9] "lglasso's bic is 8036.49945149181" "lglasso's bic is 7742.51229585569"
[11] "lglasso's bic is 7488.45684456041" "lglasso's bic is 7394.18263895698"
[13] "lglasso's bic is 7420.33900366992" "lglasso's bic is 7474.93910876687"
[15] "lglasso's bic is 7527.46912761257" "lglasso's bic is 7572.19232358607"
[17] "lglasso's bic is 7670.35301242919" "lglasso's bic is 7754.8013423392" 
[19] "lglasso's bic is 7820.08434244117" "lglasso's bic is 7892.05260151485"
[1] "The 29th simulation:"
[1] "two-community heter data are generated"
[1] "heter data are generated"
[1] "heter data are generated"
 [1] "lglasso's bic is 23282.3734137319" "lglasso's bic is 19835.8218523423"
 [3] "lglasso's bic is 17820.3530648699" "lglasso's bic is 16123.0469347453"
 [5] "lglasso's bic is 14677.5010269695" "lglasso's bic is 13422.4736670013"
 [7] "lglasso's bic is 12450.3757816749" "lglasso's bic is 11628.4148116919"
 [9] "lglasso's bic is 11165.2875161389" "lglasso's bic is 10804.3557785771"
[11] "lglasso's bic is 10601.4490761572" "lglasso's bic is 10535.0399325466"
[13] "lglasso's bic is 10535.7321616405" "lglasso's bic is 10529.9112813207"
[15] "lglasso's bic is 10616.9906012538" "lglasso's bic is 10704.9889453933"
[17] "lglasso's bic is 10786.7418107494" "lglasso's bic is 10905.5598849899"
[19] "lglasso's bic is 11076.8390582678" "lglasso's bic is 11166.274117777" 
[1] "The 30th simulation:"
[1] "two-community heter data are generated"
[1] "heter data are generated"
[1] "heter data are generated"
 [1] "lglasso's bic is 23546.0467517564" "lglasso's bic is 20129.2415807448"
 [3] "lglasso's bic is 17588.840629958"  "lglasso's bic is 15631.335375702" 
 [5] "lglasso's bic is 13956.8058443588" "lglasso's bic is 12964.4515116691"
 [7] "lglasso's bic is 12021.0098573555" "lglasso's bic is 11298.1156754269"
 [9] "lglasso's bic is 10746.905383037"  "lglasso's bic is 10441.8244827456"
[11] "lglasso's bic is 10241.1141366966" "lglasso's bic is 10077.8650396496"
[13] "lglasso's bic is 9965.40569680069" "lglasso's bic is 10013.2398339452"
[15] "lglasso's bic is 10253.6606131318" "lglasso's bic is 10258.6901337174"
[17] "lglasso's bic is 10315.5293410373" "lglasso's bic is 10392.5094528467"
[19] "lglasso's bic is 10464.8266050252" "lglasso's bic is 10557.2947655417"
[1] "The 31th simulation:"
[1] "two-community heter data are generated"
[1] "heter data are generated"
[1] "heter data are generated"
 [1] "lglasso's bic is 22766.5341717188" "lglasso's bic is 19277.2777457932"
 [3] "lglasso's bic is 16890.7259427546" "lglasso's bic is 15055.6018710252"
 [5] "lglasso's bic is 13436.9184899511" "lglasso's bic is 12279.3305789611"
 [7] "lglasso's bic is 11450.7269694958" "lglasso's bic is 10888.4579974681"
 [9] "lglasso's bic is 10648.467619823"  "lglasso's bic is 10326.2216301767"
[11] "lglasso's bic is 10192.2299271211" "lglasso's bic is 10161.5104609872"
[13] "lglasso's bic is 10110.3017636269" "lglasso's bic is 10077.3077899307"
[15] "lglasso's bic is 10117.237755404"  "lglasso's bic is 10331.0513333027"
[17] "lglasso's bic is 10554.66737495"   "lglasso's bic is 10628.3798454256"
[19] "lglasso's bic is 10725.7031824107" "lglasso's bic is 10816.4985126313"
[1] "The 32th simulation:"
[1] "two-community heter data are generated"
[1] "heter data are generated"
[1] "heter data are generated"
 [1] "lglasso's bic is 20975.3147664541" "lglasso's bic is 17230.5983696346"
 [3] "lglasso's bic is 14871.9678716513" "lglasso's bic is 12944.4128856052"
 [5] "lglasso's bic is 11705.16234422"   "lglasso's bic is 10484.1928656369"
 [7] "lglasso's bic is 9652.44386386418" "lglasso's bic is 9017.40176389765"
 [9] "lglasso's bic is 8542.75096284324" "lglasso's bic is 8218.0156081167" 
[11] "lglasso's bic is 8232.98378920875" "lglasso's bic is 8131.55041130493"
[13] "lglasso's bic is 8212.69451222901" "lglasso's bic is 8170.42861054604"
[15] "lglasso's bic is 8227.14606807813" "lglasso's bic is 8331.10790676224"
[17] "lglasso's bic is 8395.32276777727" "lglasso's bic is 8498.92233838014"
[19] "lglasso's bic is 8586.10121890379" "lglasso's bic is 8690.30316696357"
[1] "The 33th simulation:"
[1] "two-community heter data are generated"
[1] "heter data are generated"
[1] "heter data are generated"
 [1] "lglasso's bic is 23397.103197894"  "lglasso's bic is 19972.2043191452"
 [3] "lglasso's bic is 17402.0497962814" "lglasso's bic is 15777.9399329741"
 [5] "lglasso's bic is 14121.6095848558" "lglasso's bic is 12852.0195734076"
 [7] "lglasso's bic is 11769.2295396465" "lglasso's bic is 11183.4497768612"
 [9] "lglasso's bic is 10851.6580371113" "lglasso's bic is 10500.5904174868"
[11] "lglasso's bic is 10351.973929051"  "lglasso's bic is 10165.0099804746"
[13] "lglasso's bic is 10105.6112255928" "lglasso's bic is 10097.9089447811"
[15] "lglasso's bic is 10136.0952476913" "lglasso's bic is 10312.8246618286"
[17] "lglasso's bic is 10362.7610177116" "lglasso's bic is 10413.6517009056"
[19] "lglasso's bic is 10470.3813594874" "lglasso's bic is 10628.9871569545"
[1] "The 34th simulation:"
[1] "two-community heter data are generated"
[1] "heter data are generated"
[1] "heter data are generated"
 [1] "lglasso's bic is 23824.8763059993" "lglasso's bic is 20675.9133883504"
 [3] "lglasso's bic is 18331.3077922464" "lglasso's bic is 16233.8617670858"
 [5] "lglasso's bic is 14742.0567646149" "lglasso's bic is 13455.7454427758"
 [7] "lglasso's bic is 12466.7397818917" "lglasso's bic is 11711.9357516988"
 [9] "lglasso's bic is 11189.4524967933" "lglasso's bic is 10819.6898582926"
[11] "lglasso's bic is 10579.6028288927" "lglasso's bic is 10460.1308337549"
[13] "lglasso's bic is 10449.2725574891" "lglasso's bic is 10458.0510117597"
[15] "lglasso's bic is 10516.3873529334" "lglasso's bic is 10556.9290624723"
[17] "lglasso's bic is 10597.1289514068" "lglasso's bic is 10658.8309214164"
[19] "lglasso's bic is 10710.591871043"  "lglasso's bic is 10817.6174679188"
[1] "The 35th simulation:"
[1] "two-community heter data are generated"
[1] "heter data are generated"
[1] "heter data are generated"
 [1] "lglasso's bic is 22806.7219731694" "lglasso's bic is 19508.1872726369"
 [3] "lglasso's bic is 17624.4890135815" "lglasso's bic is 15764.4530216209"
 [5] "lglasso's bic is 14462.8323817922" "lglasso's bic is 11489.4493593723"
 [7] "lglasso's bic is 10546.1180835541" "lglasso's bic is 9932.26159141842"
 [9] "lglasso's bic is 9589.55233087509" "lglasso's bic is 9483.09631686507"
[11] "lglasso's bic is 9294.81260720801" "lglasso's bic is 9217.94783014079"
[13] "lglasso's bic is 9225.47604407149" "lglasso's bic is 9295.0550222882" 
[15] "lglasso's bic is 9343.74811422131" "lglasso's bic is 9403.63770159734"
[17] "lglasso's bic is 9521.51579995416" "lglasso's bic is 9626.21709608244"
[19] "lglasso's bic is 10541.4122518939" "lglasso's bic is 10770.3077828432"
[1] "The 36th simulation:"
[1] "two-community heter data are generated"
[1] "heter data are generated"
[1] "heter data are generated"
 [1] "lglasso's bic is 24442.4048633789" "lglasso's bic is 20947.4116494444"
 [3] "lglasso's bic is 18490.9030274997" "lglasso's bic is 16433.09660466"  
 [5] "lglasso's bic is 14970.8156126159" "lglasso's bic is 13568.797217694" 
 [7] "lglasso's bic is 12711.0084381939" "lglasso's bic is 11887.968742179" 
 [9] "lglasso's bic is 11334.1194581071" "lglasso's bic is 11053.1573394435"
[11] "lglasso's bic is 10839.9950030789" "lglasso's bic is 10772.1257674719"
[13] "lglasso's bic is 10670.8085407149" "lglasso's bic is 10720.8001081923"
[15] "lglasso's bic is 10761.8345961659" "lglasso's bic is 10866.4163077406"
[17] "lglasso's bic is 10951.2315348067" "lglasso's bic is 11023.1179526522"
[19] "lglasso's bic is 11119.8261582036" "lglasso's bic is 11360.1691358074"
[1] "The 37th simulation:"
[1] "two-community heter data are generated"
[1] "heter data are generated"
[1] "heter data are generated"
 [1] "lglasso's bic is 18748.7713470204" "lglasso's bic is 15063.1284245205"
 [3] "lglasso's bic is 12723.356227719"  "lglasso's bic is 10935.8570772689"
 [5] "lglasso's bic is 9603.13248923152" "lglasso's bic is 8587.28684362249"
 [7] "lglasso's bic is 7675.74999327945" "lglasso's bic is 7015.78900839548"
 [9] "lglasso's bic is 6623.77828149869" "lglasso's bic is 6285.50039647381"
[11] "lglasso's bic is 6126.3650849723"  "lglasso's bic is 6122.28468580091"
[13] "lglasso's bic is 6190.81726442692" "lglasso's bic is 6267.88542610993"
[15] "lglasso's bic is 6324.23815860547" "lglasso's bic is 6450.78503350769"
[17] "lglasso's bic is 6584.89977394685" "lglasso's bic is 6770.5890243724" 
[19] "lglasso's bic is 6952.67748844202" "lglasso's bic is 7078.35950355734"
[1] "The 38th simulation:"
[1] "two-community heter data are generated"
[1] "heter data are generated"
[1] "heter data are generated"
 [1] "lglasso's bic is 19323.86887749"   "lglasso's bic is 16074.3751246312"
 [3] "lglasso's bic is 13631.4794470083" "lglasso's bic is 12019.0174654184"
 [5] "lglasso's bic is 10426.3458902201" "lglasso's bic is 9371.82313375246"
 [7] "lglasso's bic is 8529.66839030149" "lglasso's bic is 7772.15381660085"
 [9] "lglasso's bic is 7226.04466461462" "lglasso's bic is 6881.92417886895"
[11] "lglasso's bic is 6659.14718450379" "lglasso's bic is 6595.91789138886"
[13] "lglasso's bic is 6464.82525552423" "lglasso's bic is 6475.35803611784"
[15] "lglasso's bic is 6462.66461218945" "lglasso's bic is 6514.16565075444"
[17] "lglasso's bic is 6607.23126053959" "lglasso's bic is 6676.15241410056"
[19] "lglasso's bic is 6802.08513513257" "lglasso's bic is 6895.77372805328"
[1] "The 39th simulation:"
[1] "two-community heter data are generated"
[1] "heter data are generated"
[1] "heter data are generated"
 [1] "lglasso's bic is 26785.3759240643" "lglasso's bic is 23698.3062858891"
 [3] "lglasso's bic is 21438.6304041819" "lglasso's bic is 19579.7900156709"
 [5] "lglasso's bic is 17935.3235829858" "lglasso's bic is 16637.2741144412"
 [7] "lglasso's bic is 15506.767866708"  "lglasso's bic is 14669.8545982751"
 [9] "lglasso's bic is 14165.0569810072" "lglasso's bic is 13652.5685315906"
[11] "lglasso's bic is 13392.6230954254" "lglasso's bic is 13277.4351750449"
[13] "lglasso's bic is 13211.1847957305" "lglasso's bic is 13188.1246656697"
[15] "lglasso's bic is 13243.8436400369" "lglasso's bic is 13233.7515847692"
[17] "lglasso's bic is 13333.524172524"  "lglasso's bic is 13402.5575120889"
[19] "lglasso's bic is 13461.8908682919" "lglasso's bic is 13549.8205299296"
[1] "The 40th simulation:"
[1] "two-community heter data are generated"
[1] "heter data are generated"
[1] "heter data are generated"
 [1] "lglasso's bic is 24962.0924093034" "lglasso's bic is 21556.5155328985"
 [3] "lglasso's bic is 19033.5479641858" "lglasso's bic is 17115.9607939132"
 [5] "lglasso's bic is 15368.0260369423" "lglasso's bic is 14101.0836811863"
 [7] "lglasso's bic is 13084.1769996394" "lglasso's bic is 12470.9737756419"
 [9] "lglasso's bic is 12026.6653556944" "lglasso's bic is 11697.4673709634"
[11] "lglasso's bic is 11549.6142766135" "lglasso's bic is 11496.9362375089"
[13] "lglasso's bic is 11504.6855540783" "lglasso's bic is 11598.9920678199"
[15] "lglasso's bic is 11620.7976467521" "lglasso's bic is 11654.4178418785"
[17] "lglasso's bic is 11681.1124201832" "lglasso's bic is 11916.498053325" 
[19] "lglasso's bic is 11972.4221693297" "lglasso's bic is 12038.9386086897"
[1] "The 41th simulation:"
[1] "two-community heter data are generated"
[1] "heter data are generated"
[1] "heter data are generated"
 [1] "lglasso's bic is 23359.6446389993" "lglasso's bic is 19770.7599536218"
 [3] "lglasso's bic is 17286.6479061844" "lglasso's bic is 15381.6590489762"
 [5] "lglasso's bic is 14044.0218594843" "lglasso's bic is 12886.4443547746"
 [7] "lglasso's bic is 12014.8798765338" "lglasso's bic is 11313.864600711" 
 [9] "lglasso's bic is 10877.1981822469" "lglasso's bic is 10485.1269737755"
[11] "lglasso's bic is 10299.2244837304" "lglasso's bic is 10321.8484817426"
[13] "lglasso's bic is 10403.0658946179" "lglasso's bic is 10450.8367783471"
[15] "lglasso's bic is 10531.3137121664" "lglasso's bic is 10609.4439260733"
[17] "lglasso's bic is 10669.456016512"  "lglasso's bic is 10765.2090911884"
[19] "lglasso's bic is 10853.2132189225" "lglasso's bic is 10983.230776524" 
[1] "The 42th simulation:"
[1] "two-community heter data are generated"
[1] "heter data are generated"
[1] "heter data are generated"
 [1] "lglasso's bic is 19864.9780212168" "lglasso's bic is 16633.8267252447"
 [3] "lglasso's bic is 14334.3440890358" "lglasso's bic is 12574.6469662538"
 [5] "lglasso's bic is 10996.45398507"   "lglasso's bic is 9830.98798730851"
 [7] "lglasso's bic is 8899.78974209049" "lglasso's bic is 8187.68071325104"
 [9] "lglasso's bic is 7563.09754438365" "lglasso's bic is 7260.84667527108"
[11] "lglasso's bic is 6967.93957610545" "lglasso's bic is 6789.95372466361"
[13] "lglasso's bic is 6769.88001942703" "lglasso's bic is 6801.13398734607"
[15] "lglasso's bic is 6798.70651466474" "lglasso's bic is 6800.03824874404"
[17] "lglasso's bic is 6855.56946730263" "lglasso's bic is 6927.09087408123"
[19] "lglasso's bic is 7066.6939865011"  "lglasso's bic is 7170.72127179624"
[1] "The 43th simulation:"
[1] "two-community heter data are generated"
[1] "heter data are generated"
[1] "heter data are generated"
 [1] "lglasso's bic is 25352.7640490463" "lglasso's bic is 22130.4077830318"
 [3] "lglasso's bic is 19726.4042911827" "lglasso's bic is 18094.2747942983"
 [5] "lglasso's bic is 16558.9303144745" "lglasso's bic is 15308.062908195" 
 [7] "lglasso's bic is 14346.9747578425" "lglasso's bic is 13678.50431518"  
 [9] "lglasso's bic is 13084.0461501808" "lglasso's bic is 12644.9023668659"
[11] "lglasso's bic is 12458.6092618241" "lglasso's bic is 12295.8605993198"
[13] "lglasso's bic is 12309.7292066207" "lglasso's bic is 12273.5849236376"
[15] "lglasso's bic is 12273.7933356574" "lglasso's bic is 12330.9638053252"
[17] "lglasso's bic is 12421.449610894"  "lglasso's bic is 12456.6096180607"
[19] "lglasso's bic is 12541.3733020192" "lglasso's bic is 12667.6637516719"
[1] "The 44th simulation:"
[1] "two-community heter data are generated"
[1] "heter data are generated"
[1] "heter data are generated"
 [1] "lglasso's bic is 23775.6157076926" "lglasso's bic is 20434.6265477305"
 [3] "lglasso's bic is 18175.2837616673" "lglasso's bic is 16235.2535991805"
 [5] "lglasso's bic is 14790.6724864613" "lglasso's bic is 13489.8097719671"
 [7] "lglasso's bic is 12538.7147582386" "lglasso's bic is 11748.0471456438"
 [9] "lglasso's bic is 11460.4852154062" "lglasso's bic is 11103.3880892926"
[11] "lglasso's bic is 10777.9088335748" "lglasso's bic is 10668.2331470413"
[13] "lglasso's bic is 10587.6143831259" "lglasso's bic is 10549.8240293155"
[15] "lglasso's bic is 10556.1922886772" "lglasso's bic is 10636.3807522835"
[17] "lglasso's bic is 10696.0106161215" "lglasso's bic is 10753.4254638618"
[19] "lglasso's bic is 10832.6779493605" "lglasso's bic is 10957.3964235778"
[1] "The 45th simulation:"
[1] "two-community heter data are generated"
[1] "heter data are generated"
[1] "heter data are generated"
 [1] "lglasso's bic is 19259.924293237"  "lglasso's bic is 16069.6709493267"
 [3] "lglasso's bic is 13933.7782798347" "lglasso's bic is 12210.5268381332"
 [5] "lglasso's bic is 10920.1962001007" "lglasso's bic is 9825.25875067907"
 [7] "lglasso's bic is 8917.05012778308" "lglasso's bic is 8258.26197463899"
 [9] "lglasso's bic is 7939.80104496668" "lglasso's bic is 7545.30630396538"
[11] "lglasso's bic is 7146.82865149249" "lglasso's bic is 7070.69356709428"
[13] "lglasso's bic is 7031.92147783513" "lglasso's bic is 7106.87317520751"
[15] "lglasso's bic is 7143.40754110804" "lglasso's bic is 7185.87116488549"
[17] "lglasso's bic is 7268.24000790759" "lglasso's bic is 7357.64373986922"
[19] "lglasso's bic is 7447.35387347252" "lglasso's bic is 7554.85500257372"
[1] "The 46th simulation:"
[1] "two-community heter data are generated"
[1] "heter data are generated"
[1] "heter data are generated"
 [1] "lglasso's bic is 26307.2100303565" "lglasso's bic is 23069.7662195639"
 [3] "lglasso's bic is 20534.8008579572" "lglasso's bic is 18318.010765884" 
 [5] "lglasso's bic is 16927.7831002645" "lglasso's bic is 15815.9620411997"
 [7] "lglasso's bic is 14875.028161268"  "lglasso's bic is 14133.5436214283"
 [9] "lglasso's bic is 13664.0410441879" "lglasso's bic is 13256.2864275529"
[11] "lglasso's bic is 13035.5192376503" "lglasso's bic is 12825.5014849678"
[13] "lglasso's bic is 12769.5121146378" "lglasso's bic is 12936.8307365116"
[15] "lglasso's bic is 13001.0490244591" "lglasso's bic is 13032.0588813155"
[17] "lglasso's bic is 13094.3345415842" "lglasso's bic is 13178.322739686" 
[19] "lglasso's bic is 13309.2662181099" "lglasso's bic is 13387.8134873643"
[1] "The 47th simulation:"
[1] "two-community heter data are generated"
[1] "heter data are generated"
[1] "heter data are generated"
 [1] "lglasso's bic is 25529.3852089558" "lglasso's bic is 22103.0638269369"
 [3] "lglasso's bic is 19515.7468256205" "lglasso's bic is 17653.5591113112"
 [5] "lglasso's bic is 16056.9723335083" "lglasso's bic is 14965.8236073976"
 [7] "lglasso's bic is 14110.8739169431" "lglasso's bic is 13279.7083933517"
 [9] "lglasso's bic is 12842.0343144871" "lglasso's bic is 12506.8975128585"
[11] "lglasso's bic is 12317.5661443314" "lglasso's bic is 12190.0783288316"
[13] "lglasso's bic is 12140.835120104"  "lglasso's bic is 12160.063452406" 
[15] "lglasso's bic is 12224.5531033439" "lglasso's bic is 12402.7980944616"
[17] "lglasso's bic is 12540.599112362"  "lglasso's bic is 12622.1911370915"
[19] "lglasso's bic is 12760.8498654609" "lglasso's bic is 12863.8910968548"
[1] "The 48th simulation:"
[1] "two-community heter data are generated"
[1] "heter data are generated"
[1] "heter data are generated"
 [1] "lglasso's bic is 24251.015067944"  "lglasso's bic is 20987.4315698943"
 [3] "lglasso's bic is 18396.0131688326" "lglasso's bic is 16470.7153368428"
 [5] "lglasso's bic is 15158.6121222058" "lglasso's bic is 13840.6496319478"
 [7] "lglasso's bic is 12870.1535312091" "lglasso's bic is 12255.6232891437"
 [9] "lglasso's bic is 11825.0279363522" "lglasso's bic is 11471.9973599115"
[11] "lglasso's bic is 11189.4087916119" "lglasso's bic is 11161.2871438193"
[13] "lglasso's bic is 11056.3063780824" "lglasso's bic is 11087.9518495014"
[15] "lglasso's bic is 11138.159983524"  "lglasso's bic is 11374.6863544878"
[17] "lglasso's bic is 11449.4015574767" "lglasso's bic is 11553.2383046724"
[19] "lglasso's bic is 11655.9838306081" "lglasso's bic is 11764.2691644794"
[1] "The 49th simulation:"
[1] "two-community heter data are generated"
[1] "heter data are generated"
[1] "heter data are generated"
 [1] "lglasso's bic is 24038.6776087857" "lglasso's bic is 20635.0757760131"
 [3] "lglasso's bic is 18276.5145138989" "lglasso's bic is 16263.4836967272"
 [5] "lglasso's bic is 14778.4169099709" "lglasso's bic is 13597.0382884728"
 [7] "lglasso's bic is 12621.8750367021" "lglasso's bic is 11951.9837380663"
 [9] "lglasso's bic is 11480.6599805914" "lglasso's bic is 11153.2795784009"
[11] "lglasso's bic is 11058.1886437735" "lglasso's bic is 10897.1512377206"
[13] "lglasso's bic is 10882.5027947379" "lglasso's bic is 10868.123126474" 
[15] "lglasso's bic is 10990.1260966439" "lglasso's bic is 11069.2075868225"
[17] "lglasso's bic is 11137.5376517685" "lglasso's bic is 11293.9284820527"
[19] "lglasso's bic is 11395.2132380208" "lglasso's bic is 11459.9525423248"
[1] "The 50th simulation:"
[1] "two-community heter data are generated"
[1] "heter data are generated"
[1] "heter data are generated"
 [1] "lglasso's bic is 23890.5414513422" "lglasso's bic is 20585.1221223532"
 [3] "lglasso's bic is 18612.0110712796" "lglasso's bic is 16744.0117823064"
 [5] "lglasso's bic is 15377.2465712166" "lglasso's bic is 14396.565951049" 
 [7] "lglasso's bic is 13451.3304561947" "lglasso's bic is 12716.8993071729"
 [9] "lglasso's bic is 12339.2803417358" "lglasso's bic is 11992.7699651967"
[11] "lglasso's bic is 11770.9807010458" "lglasso's bic is 11654.8201662724"
[13] "lglasso's bic is 11608.7747577714" "lglasso's bic is 11622.2431144611"
[15] "lglasso's bic is 11635.5114459202" "lglasso's bic is 11696.3065916604"
[17] "lglasso's bic is 11829.968152554"  "lglasso's bic is 11969.2425290159"
[19] "lglasso's bic is 12089.972224065"  "lglasso's bic is 12221.8789729919"
There were 50 or more warnings (use warnings() to see the first 50)
> save(simures,file="subject=40_time=10_uu2=0.4.Rd")
> q("no")
> proc.time()
     user    system   elapsed 
20615.166    84.966 23479.255 
