
R version 4.1.2 (2021-11-01) -- "Bird Hippie"
Copyright (C) 2021 The R Foundation for Statistical Computing
Platform: x86_64-pc-linux-gnu (64-bit)

R is free software and comes with ABSOLUTELY NO WARRANTY.
You are welcome to redistribute it under certain conditions.
Type 'license()' or 'licence()' for distribution details.

  Natural language support but running in an English locale

R is a collaborative project with many contributors.
Type 'contributors()' for more information and
'citation()' on how to cite R or R packages in publications.

Type 'demo()' for some demos, 'help()' for on-line help, or
'help.start()' for an HTML browser interface to help.
Type 'q()' to quit R.

> library("lglasso")
> library("glasso")
> library("BDgraph")
> library("GGMselect")
Loading required package: mvtnorm

Attaching package: 'mvtnorm'

The following object is masked from 'package:BDgraph':

    rmvnorm

> library("Matrix")
> m=40
> n=20
> uu2=0.3
> Nsim=50
> rho=vector("list",5)
> rho[[1]]=seq(0.001,0.3,length=20)
> rho[[2]]=seq(0.001,0.3,length=20)
> rho[[3]]=seq(0.001,0.3,length=20)
> rho[[4]]=seq(0.00001,0.1,length=10)
> rho[[5]]=seq(0.00001,0.1,length=10)
> set.seed(m+n+uu2)
> simures=power_compare1(m=m,n=n,p=80,coe=c(2,0,0),l=Nsim,rho=rho,prob=0.01,heter=T,community2=T,uu=c(0.1,uu2))
[1] "The 1th simulation:"
[1] "two-community heter data are generated"
[1] "heter data are generated"
[1] "heter data are generated"
 [1] "lglasso's bic is 46298.9223665081" "lglasso's bic is 41700.3534473816"
 [3] "lglasso's bic is 38167.2488578149" "lglasso's bic is 35516.3847842818"
 [5] "lglasso's bic is 33739.5601933372" "lglasso's bic is 32222.3926535593"
 [7] "lglasso's bic is 31181.7399808297" "lglasso's bic is 30600.5573487652"
 [9] "lglasso's bic is 30220.5494129122" "lglasso's bic is 30024.999403207" 
[11] "lglasso's bic is 29993.9169383834" "lglasso's bic is 30330.8624778446"
[13] "lglasso's bic is 30337.9472996301" "lglasso's bic is 30389.7293254207"
[15] "lglasso's bic is 30465.4655947048" "lglasso's bic is 30553.4642686989"
[17] "lglasso's bic is 30682.3787189233" "lglasso's bic is 30820.6154226808"
[19] "lglasso's bic is 30899.7848584328" "lglasso's bic is 30993.2341617474"
[1] "The 2th simulation:"
[1] "two-community heter data are generated"
[1] "heter data are generated"
[1] "heter data are generated"
 [1] "lglasso's bic is 37418.6289859418" "lglasso's bic is 32488.4973626101"
 [3] "lglasso's bic is 29265.6665774914" "lglasso's bic is 26651.6617870527"
 [5] "lglasso's bic is 24882.0105204025" "lglasso's bic is 23803.561203142" 
 [7] "lglasso's bic is 22993.9449100787" "lglasso's bic is 22328.5780823807"
 [9] "lglasso's bic is 21973.0600170941" "lglasso's bic is 21897.2543590301"
[11] "lglasso's bic is 21930.9337492864" "lglasso's bic is 22365.5090780172"
[13] "lglasso's bic is 22422.7099127058" "lglasso's bic is 22613.0220185349"
[15] "lglasso's bic is 22768.4142036467" "lglasso's bic is 22906.4519813039"
[17] "lglasso's bic is 23047.3019540454" "lglasso's bic is 23389.9565881922"
[19] "lglasso's bic is 23533.5930472047" "lglasso's bic is 23681.9902883866"
[1] "The 3th simulation:"
[1] "two-community heter data are generated"
[1] "heter data are generated"
[1] "heter data are generated"
 [1] "lglasso's bic is 33428.1185750512" "lglasso's bic is 28735.6125849845"
 [3] "lglasso's bic is 25259.3123502618" "lglasso's bic is 22812.2111476584"
 [5] "lglasso's bic is 21247.1419035115" "lglasso's bic is 19917.7410806637"
 [7] "lglasso's bic is 18883.3401989336" "lglasso's bic is 18369.8785791152"
 [9] "lglasso's bic is 18097.8031942719" "lglasso's bic is 18074.8217372542"
[11] "lglasso's bic is 18104.5373807914" "lglasso's bic is 18172.5335041759"
[13] "lglasso's bic is 18270.3819081971" "lglasso's bic is 18463.6415844049"
[15] "lglasso's bic is 18640.9491259441" "lglasso's bic is 18859.2497503873"
[17] "lglasso's bic is 19065.372121263"  "lglasso's bic is 19269.9609556789"
[19] "lglasso's bic is 19513.1282570447" "lglasso's bic is 20104.0562245936"
[1] "The 4th simulation:"
[1] "two-community heter data are generated"
[1] "heter data are generated"
[1] "heter data are generated"
 [1] "lglasso's bic is 37616.6435810799" "lglasso's bic is 32813.1123201454"
 [3] "lglasso's bic is 29416.5786601832" "lglasso's bic is 27107.1553869248"
 [5] "lglasso's bic is 25147.2420165274" "lglasso's bic is 23939.7240450337"
 [7] "lglasso's bic is 23122.590533524"  "lglasso's bic is 22691.6865798073"
 [9] "lglasso's bic is 22373.9381390034" "lglasso's bic is 22609.8693255092"
[11] "lglasso's bic is 22567.9135185846" "lglasso's bic is 22676.7072737678"
[13] "lglasso's bic is 22727.4213621028" "lglasso's bic is 22841.083839772" 
[15] "lglasso's bic is 23061.2847196719" "lglasso's bic is 23249.7379379847"
[17] "lglasso's bic is 23423.9721954641" "lglasso's bic is 23625.6824082497"
[19] "lglasso's bic is 23795.9063236741" "lglasso's bic is 24083.7055869302"
[1] "The 5th simulation:"
[1] "two-community heter data are generated"
[1] "heter data are generated"
[1] "heter data are generated"
 [1] "lglasso's bic is 32461.8168377353" "lglasso's bic is 27242.283246867" 
 [3] "lglasso's bic is 23776.0835865285" "lglasso's bic is 21534.0229922288"
 [5] "lglasso's bic is 20198.9068222983" "lglasso's bic is 19329.8467289485"
 [7] "lglasso's bic is 18431.9276646277" "lglasso's bic is 18022.980042189" 
 [9] "lglasso's bic is 17975.8044205922" "lglasso's bic is 18036.705375931" 
[11] "lglasso's bic is 18194.8457965939" "lglasso's bic is 18333.3521048991"
[13] "lglasso's bic is 18524.0096891992" "lglasso's bic is 18794.7708804517"
[15] "lglasso's bic is 19070.8697548904" "lglasso's bic is 19349.2914935045"
[17] "lglasso's bic is 19619.6604584539" "lglasso's bic is 19848.4175901782"
[19] "lglasso's bic is 20058.1837995604" "lglasso's bic is 20270.8479679385"
[1] "The 6th simulation:"
[1] "two-community heter data are generated"
[1] "heter data are generated"
[1] "heter data are generated"
 [1] "lglasso's bic is 39576.3486181089" "lglasso's bic is 34397.2314695058"
 [3] "lglasso's bic is 31317.1669281937" "lglasso's bic is 29296.0166626291"
 [5] "lglasso's bic is 27741.1064780161" "lglasso's bic is 26757.8728362597"
 [7] "lglasso's bic is 26009.3654169271" "lglasso's bic is 25708.7086061301"
 [9] "lglasso's bic is 25600.4595211281" "lglasso's bic is 25632.4103660684"
[11] "lglasso's bic is 25737.8109970636" "lglasso's bic is 25898.9425549013"
[13] "lglasso's bic is 26085.438240773"  "lglasso's bic is 26318.6420935813"
[15] "lglasso's bic is 26537.3604880264" "lglasso's bic is 26922.745387966" 
[17] "lglasso's bic is 27172.6356531234" "lglasso's bic is 27412.7910053096"
[19] "lglasso's bic is 27653.204331125"  "lglasso's bic is 28140.5958294566"
[1] "The 7th simulation:"
[1] "two-community heter data are generated"
[1] "heter data are generated"
[1] "heter data are generated"
 [1] "lglasso's bic is 38047.2426811312" "lglasso's bic is 33795.8511218299"
 [3] "lglasso's bic is 30317.0993673472" "lglasso's bic is 27687.7148887624"
 [5] "lglasso's bic is 25808.0623648468" "lglasso's bic is 24310.979858569" 
 [7] "lglasso's bic is 23207.19152179"   "lglasso's bic is 22430.0188987887"
 [9] "lglasso's bic is 21978.399028444"  "lglasso's bic is 21904.9644110591"
[11] "lglasso's bic is 21798.4519807555" "lglasso's bic is 21795.9039372574"
[13] "lglasso's bic is 21853.4034869772" "lglasso's bic is 21892.5636145327"
[15] "lglasso's bic is 22002.8707968768" "lglasso's bic is 22099.7689471094"
[17] "lglasso's bic is 22229.4034722638" "lglasso's bic is 22402.0255575622"
[19] "lglasso's bic is 22514.3370309636" "lglasso's bic is 22629.3312980524"
[1] "The 8th simulation:"
[1] "two-community heter data are generated"
[1] "heter data are generated"
[1] "heter data are generated"
 [1] "lglasso's bic is 40338.373880347"  "lglasso's bic is 35652.6190965165"
 [3] "lglasso's bic is 32376.9997400171" "lglasso's bic is 29630.9183135957"
 [5] "lglasso's bic is 27756.7135131501" "lglasso's bic is 26243.3477767612"
 [7] "lglasso's bic is 25346.7758006532" "lglasso's bic is 24782.3175846265"
 [9] "lglasso's bic is 24586.1692832394" "lglasso's bic is 24394.7624966141"
[11] "lglasso's bic is 24425.9512273894" "lglasso's bic is 24418.2446943592"
[13] "lglasso's bic is 24405.6224283534" "lglasso's bic is 24480.0747726752"
[15] "lglasso's bic is 24558.7501523069" "lglasso's bic is 24676.7531034547"
[17] "lglasso's bic is 25055.4651489353" "lglasso's bic is 25182.879049636" 
[19] "lglasso's bic is 25300.7236088371" "lglasso's bic is 25495.4994129404"
[1] "The 9th simulation:"
[1] "two-community heter data are generated"
[1] "heter data are generated"
[1] "heter data are generated"
 [1] "lglasso's bic is 37996.1152564869" "lglasso's bic is 33184.430810803" 
 [3] "lglasso's bic is 30628.8767498329" "lglasso's bic is 28679.6938217387"
 [5] "lglasso's bic is 27025.7109523876" "lglasso's bic is 25842.9041876861"
 [7] "lglasso's bic is 25131.1009313872" "lglasso's bic is 24811.1612175768"
 [9] "lglasso's bic is 24476.5344213018" "lglasso's bic is 24451.3288912544"
[11] "lglasso's bic is 24532.3996193579" "lglasso's bic is 24700.2985917413"
[13] "lglasso's bic is 24875.9960849221" "lglasso's bic is 25109.1815914706"
[15] "lglasso's bic is 25323.9749191079" "lglasso's bic is 25642.0413763519"
[17] "lglasso's bic is 25903.9942759451" "lglasso's bic is 26138.9341764163"
[19] "lglasso's bic is 26375.6160140254" "lglasso's bic is 26597.594450798" 
[1] "The 10th simulation:"
[1] "two-community heter data are generated"
[1] "heter data are generated"
[1] "heter data are generated"
 [1] "lglasso's bic is 31074.1205697609" "lglasso's bic is 25981.4697710614"
 [3] "lglasso's bic is 22461.921645777"  "lglasso's bic is 19856.3981473467"
 [5] "lglasso's bic is 17975.1971495728" "lglasso's bic is 16728.5429673229"
 [7] "lglasso's bic is 15797.1152224021" "lglasso's bic is 15271.3891162301"
 [9] "lglasso's bic is 15084.0977292349" "lglasso's bic is 15096.0218543336"
[11] "lglasso's bic is 15151.3062510508" "lglasso's bic is 15572.9100603032"
[13] "lglasso's bic is 15683.7489432308" "lglasso's bic is 15820.1641767721"
[15] "lglasso's bic is 15977.2667478969" "lglasso's bic is 16114.8351274295"
[17] "lglasso's bic is 16251.7134831669" "lglasso's bic is 16461.3231754186"
[19] "lglasso's bic is 16914.5204599888" "lglasso's bic is 17060.758701876" 
[1] "The 11th simulation:"
[1] "two-community heter data are generated"
[1] "heter data are generated"
[1] "heter data are generated"
 [1] "lglasso's bic is 36034.4073546105" "lglasso's bic is 31329.4408064528"
 [3] "lglasso's bic is 27886.1246750751" "lglasso's bic is 25402.0915540767"
 [5] "lglasso's bic is 23622.5383165321" "lglasso's bic is 22237.9796125622"
 [7] "lglasso's bic is 21437.9393727421" "lglasso's bic is 20779.4073995465"
 [9] "lglasso's bic is 20566.976531868"  "lglasso's bic is 20473.229457283" 
[11] "lglasso's bic is 20545.3448145351" "lglasso's bic is 20922.1158693973"
[13] "lglasso's bic is 21031.1957356371" "lglasso's bic is 21256.8819026178"
[15] "lglasso's bic is 21420.1895276522" "lglasso's bic is 21564.7974798079"
[17] "lglasso's bic is 21769.0450679141" "lglasso's bic is 21927.4084063626"
[19] "lglasso's bic is 22110.7094172724" "lglasso's bic is 22299.8688427988"
[1] "The 12th simulation:"
[1] "two-community heter data are generated"
[1] "heter data are generated"
[1] "heter data are generated"
 [1] "lglasso's bic is 39393.5483042002" "lglasso's bic is 34948.1137310972"
 [3] "lglasso's bic is 31547.4962287822" "lglasso's bic is 29091.1517812307"
 [5] "lglasso's bic is 27065.6757157492" "lglasso's bic is 25777.0427465776"
 [7] "lglasso's bic is 24787.0499796625" "lglasso's bic is 24171.6435691938"
 [9] "lglasso's bic is 23833.0434001641" "lglasso's bic is 23717.475202402" 
[11] "lglasso's bic is 23653.5324661804" "lglasso's bic is 23684.4330463733"
[13] "lglasso's bic is 23771.8225504139" "lglasso's bic is 23898.1204670125"
[15] "lglasso's bic is 24001.231300544"  "lglasso's bic is 24254.5156554702"
[17] "lglasso's bic is 24353.7555184832" "lglasso's bic is 24473.0377176885"
[19] "lglasso's bic is 24628.3355846454" "lglasso's bic is 24774.1500375545"
[1] "The 13th simulation:"
[1] "two-community heter data are generated"
[1] "heter data are generated"
[1] "heter data are generated"
 [1] "lglasso's bic is 43786.0798885154" "lglasso's bic is 39165.5524846444"
 [3] "lglasso's bic is 36212.1713059713" "lglasso's bic is 34192.7267351649"
 [5] "lglasso's bic is 32490.3076938515" "lglasso's bic is 31340.2215998273"
 [7] "lglasso's bic is 30567.8585229325" "lglasso's bic is 30123.6950756769"
 [9] "lglasso's bic is 29935.4697638273" "lglasso's bic is 29834.4983358618"
[11] "lglasso's bic is 29996.3654008158" "lglasso's bic is 30189.9769083201"
[13] "lglasso's bic is 30350.8922415705" "lglasso's bic is 30555.2196133742"
[15] "lglasso's bic is 30795.2496386325" "lglasso's bic is 31234.0873554001"
[17] "lglasso's bic is 31440.1569252897" "lglasso's bic is 31717.0765925955"
[19] "lglasso's bic is 31940.4975479395" "lglasso's bic is 32205.0543816446"
[1] "The 14th simulation:"
[1] "two-community heter data are generated"
[1] "heter data are generated"
[1] "heter data are generated"
 [1] "lglasso's bic is 44171.8732234489" "lglasso's bic is 39857.8389583455"
 [3] "lglasso's bic is 36483.8778736682" "lglasso's bic is 33936.3194200769"
 [5] "lglasso's bic is 32219.0286707256" "lglasso's bic is 30775.2277976084"
 [7] "lglasso's bic is 29665.6206782574" "lglasso's bic is 28939.6519613009"
 [9] "lglasso's bic is 28533.5557799976" "lglasso's bic is 28348.1350444487"
[11] "lglasso's bic is 28412.1537910166" "lglasso's bic is 28468.6356332056"
[13] "lglasso's bic is 28525.0550152869" "lglasso's bic is 28638.0651918427"
[15] "lglasso's bic is 28751.2795461573" "lglasso's bic is 28936.7071954774"
[17] "lglasso's bic is 29113.4237190087" "lglasso's bic is 29264.8711857074"
[19] "lglasso's bic is 29406.7226359053" "lglasso's bic is 29553.006824527" 
[1] "The 15th simulation:"
[1] "two-community heter data are generated"
[1] "heter data are generated"
[1] "heter data are generated"
 [1] "lglasso's bic is 37354.8303201494" "lglasso's bic is 32413.527341704" 
 [3] "lglasso's bic is 29425.2353924427" "lglasso's bic is 26438.0817248579"
 [5] "lglasso's bic is 25095.1346174079" "lglasso's bic is 23660.3844167788"
 [7] "lglasso's bic is 22694.0730901518" "lglasso's bic is 22009.0035799792"
 [9] "lglasso's bic is 21743.4431795594" "lglasso's bic is 21595.7749212124"
[11] "lglasso's bic is 21564.3191763607" "lglasso's bic is 21628.1226618564"
[13] "lglasso's bic is 21921.7078139714" "lglasso's bic is 22024.7603226482"
[15] "lglasso's bic is 22147.3366422233" "lglasso's bic is 22314.6345171673"
[17] "lglasso's bic is 22468.1227927685" "lglasso's bic is 22604.7275805049"
[19] "lglasso's bic is 22946.0446601044" "lglasso's bic is 23147.1732385649"
[1] "The 16th simulation:"
[1] "two-community heter data are generated"
[1] "heter data are generated"
[1] "heter data are generated"
 [1] "lglasso's bic is 34547.4367182759" "lglasso's bic is 30013.7952470989"
 [3] "lglasso's bic is 26740.010923856"  "lglasso's bic is 23969.2912761658"
 [5] "lglasso's bic is 22173.9618771139" "lglasso's bic is 20559.649973246" 
 [7] "lglasso's bic is 19632.1445622915" "lglasso's bic is 19068.0094834052"
 [9] "lglasso's bic is 18797.3292602459" "lglasso's bic is 18751.2074751537"
[11] "lglasso's bic is 18758.5334440595" "lglasso's bic is 19011.7332609038"
[13] "lglasso's bic is 19142.5012005936" "lglasso's bic is 19728.4846857994"
[15] "lglasso's bic is 19921.0608618286" "lglasso's bic is 20079.038975754" 
[17] "lglasso's bic is 20248.9138593887" "lglasso's bic is 20388.8310519057"
[19] "lglasso's bic is 20549.2691935227" "lglasso's bic is 20737.1614905174"
[1] "The 17th simulation:"
[1] "two-community heter data are generated"
[1] "heter data are generated"
[1] "heter data are generated"
 [1] "lglasso's bic is 39360.5522292748" "lglasso's bic is 34642.5782535646"
 [3] "lglasso's bic is 31245.4115943517" "lglasso's bic is 28642.7575212675"
 [5] "lglasso's bic is 26524.273143965"  "lglasso's bic is 24955.3096529124"
 [7] "lglasso's bic is 24162.2578689606" "lglasso's bic is 23703.6300804592"
 [9] "lglasso's bic is 23509.0037875585" "lglasso's bic is 23512.9615670951"
[11] "lglasso's bic is 23522.6760449053" "lglasso's bic is 23553.0468270687"
[13] "lglasso's bic is 23654.5039148982" "lglasso's bic is 23754.9434649871"
[15] "lglasso's bic is 23912.8151723804" "lglasso's bic is 24050.6948784994"
[17] "lglasso's bic is 24255.5357769555" "lglasso's bic is 24556.0076178082"
[19] "lglasso's bic is 24683.5480416993" "lglasso's bic is 24820.6278173483"
[1] "The 18th simulation:"
[1] "two-community heter data are generated"
[1] "heter data are generated"
[1] "heter data are generated"
 [1] "lglasso's bic is 39961.6191261347" "lglasso's bic is 35546.0094796448"
 [3] "lglasso's bic is 31933.1794508471" "lglasso's bic is 29508.468886093" 
 [5] "lglasso's bic is 27778.7353352212" "lglasso's bic is 26380.4010627009"
 [7] "lglasso's bic is 25572.5763346374" "lglasso's bic is 24919.1181372667"
 [9] "lglasso's bic is 24439.8991601427" "lglasso's bic is 24323.1516071014"
[11] "lglasso's bic is 24275.9738738541" "lglasso's bic is 24388.2852506532"
[13] "lglasso's bic is 24545.4907865635" "lglasso's bic is 24654.0576618292"
[15] "lglasso's bic is 24893.5066326418" "lglasso's bic is 25130.081510227" 
[17] "lglasso's bic is 25581.9599308731" "lglasso's bic is 25751.0257272323"
[19] "lglasso's bic is 25912.7084807862" "lglasso's bic is 26090.9860731744"
[1] "The 19th simulation:"
[1] "two-community heter data are generated"
[1] "heter data are generated"
[1] "heter data are generated"
 [1] "lglasso's bic is 43996.50927774"   "lglasso's bic is 40191.1749958016"
 [3] "lglasso's bic is 36588.9937523518" "lglasso's bic is 34071.5228422924"
 [5] "lglasso's bic is 31816.6829332678" "lglasso's bic is 30260.3764530002"
 [7] "lglasso's bic is 28992.6821291011" "lglasso's bic is 28282.9427160441"
 [9] "lglasso's bic is 27954.5816757579" "lglasso's bic is 27778.4614042149"
[11] "lglasso's bic is 27602.166241048"  "lglasso's bic is 27607.3398086957"
[13] "lglasso's bic is 27617.983403906"  "lglasso's bic is 27696.2203003776"
[15] "lglasso's bic is 27794.6409675108" "lglasso's bic is 27870.8422415849"
[17] "lglasso's bic is 28236.377884696"  "lglasso's bic is 28422.939059292" 
[19] "lglasso's bic is 28517.9239530809" "lglasso's bic is 28662.4959521353"
[1] "The 20th simulation:"
[1] "two-community heter data are generated"
[1] "heter data are generated"
[1] "heter data are generated"
 [1] "lglasso's bic is 38030.7390171977" "lglasso's bic is 33181.3334305457"
 [3] "lglasso's bic is 29791.5075695076" "lglasso's bic is 27196.9210689945"
 [5] "lglasso's bic is 25151.1935238244" "lglasso's bic is 24040.2411188321"
 [7] "lglasso's bic is 23261.3107642702" "lglasso's bic is 22852.7189820375"
 [9] "lglasso's bic is 22657.7238626046" "lglasso's bic is 22520.0446969533"
[11] "lglasso's bic is 22514.3995671968" "lglasso's bic is 22616.6182211843"
[13] "lglasso's bic is 22813.1352556873" "lglasso's bic is 23007.4796862109"
[15] "lglasso's bic is 23423.5486849188" "lglasso's bic is 23613.5411817928"
[17] "lglasso's bic is 23984.2287871178" "lglasso's bic is 24255.0296784942"
[19] "lglasso's bic is 24437.7461968565" "lglasso's bic is 24608.555432734" 
[1] "The 21th simulation:"
[1] "two-community heter data are generated"
[1] "heter data are generated"
[1] "heter data are generated"
 [1] "lglasso's bic is 29178.329837087"  "lglasso's bic is 24459.3384443849"
 [3] "lglasso's bic is 21571.7809029154" "lglasso's bic is 19400.4056284409"
 [5] "lglasso's bic is 17812.2605781218" "lglasso's bic is 16482.2043410662"
 [7] "lglasso's bic is 15576.0502396628" "lglasso's bic is 15133.874077221" 
 [9] "lglasso's bic is 14868.231312756"  "lglasso's bic is 14849.924659451" 
[11] "lglasso's bic is 14781.9323616132" "lglasso's bic is 14943.0343746389"
[13] "lglasso's bic is 15102.0352620348" "lglasso's bic is 15261.8674440131"
[15] "lglasso's bic is 15464.3545028422" "lglasso's bic is 15676.9632672943"
[17] "lglasso's bic is 15885.2130458886" "lglasso's bic is 16348.2501847187"
[19] "lglasso's bic is 16546.5865028353" "lglasso's bic is 16838.4892171581"
[1] "The 22th simulation:"
[1] "two-community heter data are generated"
[1] "heter data are generated"
[1] "heter data are generated"
 [1] "lglasso's bic is 28438.9355079458" "lglasso's bic is 23189.3359650043"
 [3] "lglasso's bic is 19705.2855658821" "lglasso's bic is 17211.7208169878"
 [5] "lglasso's bic is 15683.5242376165" "lglasso's bic is 14501.830128993" 
 [7] "lglasso's bic is 14100.0938744988" "lglasso's bic is 13642.1546802193"
 [9] "lglasso's bic is 13429.2073830123" "lglasso's bic is 13414.6923193255"
[11] "lglasso's bic is 13470.2523074799" "lglasso's bic is 13563.7326463354"
[13] "lglasso's bic is 13695.7384882974" "lglasso's bic is 13929.233693727" 
[15] "lglasso's bic is 14313.0873059768" "lglasso's bic is 14584.6984545539"
[17] "lglasso's bic is 14763.584114868"  "lglasso's bic is 14935.8663809857"
[19] "lglasso's bic is 15115.9041843665" "lglasso's bic is 15316.0102276674"
[1] "The 23th simulation:"
[1] "two-community heter data are generated"
[1] "heter data are generated"
[1] "heter data are generated"
 [1] "lglasso's bic is 44653.0590073498" "lglasso's bic is 40074.6403300188"
 [3] "lglasso's bic is 36775.9882666936" "lglasso's bic is 34098.4105426455"
 [5] "lglasso's bic is 32066.253123463"  "lglasso's bic is 30630.714703828" 
 [7] "lglasso's bic is 29536.8569572288" "lglasso's bic is 28951.6338634891"
 [9] "lglasso's bic is 28713.1959055223" "lglasso's bic is 28607.7991439462"
[11] "lglasso's bic is 28582.187552073"  "lglasso's bic is 28585.9912108889"
[13] "lglasso's bic is 28625.5994326643" "lglasso's bic is 28734.9577434413"
[15] "lglasso's bic is 28866.0892967771" "lglasso's bic is 29050.668916336" 
[17] "lglasso's bic is 29265.6546054385" "lglasso's bic is 29421.469830817" 
[19] "lglasso's bic is 29598.3791522086" "lglasso's bic is 29725.5360497121"
[1] "The 24th simulation:"
[1] "two-community heter data are generated"
[1] "heter data are generated"
[1] "heter data are generated"
 [1] "lglasso's bic is 31863.1526232452" "lglasso's bic is 26861.1618116505"
 [3] "lglasso's bic is 23457.9410511106" "lglasso's bic is 21190.4665550959"
 [5] "lglasso's bic is 19226.6921231198" "lglasso's bic is 17834.9442096016"
 [7] "lglasso's bic is 17176.6673419565" "lglasso's bic is 16670.2252121479"
 [9] "lglasso's bic is 16400.4392601994" "lglasso's bic is 16353.1622856317"
[11] "lglasso's bic is 16402.8110116492" "lglasso's bic is 16551.4167380046"
[13] "lglasso's bic is 16697.038923224"  "lglasso's bic is 16869.8616695853"
[15] "lglasso's bic is 17062.2406971625" "lglasso's bic is 17241.4557260752"
[17] "lglasso's bic is 18340.719236261"  "lglasso's bic is 18601.6616201998"
[19] "lglasso's bic is 18752.5064863644" "lglasso's bic is 18881.3970278414"
[1] "The 25th simulation:"
[1] "two-community heter data are generated"
[1] "heter data are generated"
[1] "heter data are generated"
 [1] "lglasso's bic is 37353.890635457"  "lglasso's bic is 32771.5410510227"
 [3] "lglasso's bic is 29240.8309240266" "lglasso's bic is 26559.5680782592"
 [5] "lglasso's bic is 24635.3905775445" "lglasso's bic is 23286.5843686418"
 [7] "lglasso's bic is 22473.2319385408" "lglasso's bic is 21924.0636801408"
 [9] "lglasso's bic is 21821.2554581695" "lglasso's bic is 21710.485609628" 
[11] "lglasso's bic is 21828.8302430534" "lglasso's bic is 21973.4975546915"
[13] "lglasso's bic is 22108.3372649713" "lglasso's bic is 22283.8548112771"
[15] "lglasso's bic is 22438.7462753789" "lglasso's bic is 22633.7487328877"
[17] "lglasso's bic is 22806.907401586"  "lglasso's bic is 22967.8774348264"
[19] "lglasso's bic is 23156.3331667957" "lglasso's bic is 23346.7499995488"
[1] "The 26th simulation:"
[1] "two-community heter data are generated"
[1] "heter data are generated"
[1] "heter data are generated"
 [1] "lglasso's bic is 40056.3793238366" "lglasso's bic is 35259.6952287773"
 [3] "lglasso's bic is 31566.1059363312" "lglasso's bic is 29304.3562296988"
 [5] "lglasso's bic is 27580.6563792868" "lglasso's bic is 26091.8935332561"
 [7] "lglasso's bic is 25036.641862634"  "lglasso's bic is 24544.8099904878"
 [9] "lglasso's bic is 24281.228556562"  "lglasso's bic is 24155.4920248186"
[11] "lglasso's bic is 24132.4108250385" "lglasso's bic is 24099.1033960061"
[13] "lglasso's bic is 24230.1355127688" "lglasso's bic is 24364.5881921665"
[15] "lglasso's bic is 24499.4223816891" "lglasso's bic is 24656.2896749253"
[17] "lglasso's bic is 24810.3873093247" "lglasso's bic is 24988.9363998394"
[19] "lglasso's bic is 25134.0243984666" "lglasso's bic is 25431.5027647237"
[1] "The 27th simulation:"
[1] "two-community heter data are generated"
[1] "heter data are generated"
[1] "heter data are generated"
 [1] "lglasso's bic is 45730.4851786802" "lglasso's bic is 41374.2204929574"
 [3] "lglasso's bic is 37726.9324531992" "lglasso's bic is 35072.7862170343"
 [5] "lglasso's bic is 33223.6503213993" "lglasso's bic is 31742.57747907"  
 [7] "lglasso's bic is 30543.9013676824" "lglasso's bic is 30008.9222606647"
 [9] "lglasso's bic is 29652.8178747299" "lglasso's bic is 29603.9789417433"
[11] "lglasso's bic is 29520.475676422"  "lglasso's bic is 29556.1356789996"
[13] "lglasso's bic is 29650.1784664322" "lglasso's bic is 29723.4061134566"
[15] "lglasso's bic is 29841.5750156527" "lglasso's bic is 29983.1119697942"
[17] "lglasso's bic is 30149.7798063237" "lglasso's bic is 30263.3476619589"
[19] "lglasso's bic is 30375.564840589"  "lglasso's bic is 30492.6482711138"
[1] "The 28th simulation:"
[1] "two-community heter data are generated"
[1] "heter data are generated"
[1] "heter data are generated"
 [1] "lglasso's bic is 40287.1561863733" "lglasso's bic is 35782.6457417926"
 [3] "lglasso's bic is 32508.8037155735" "lglasso's bic is 29688.8413434143"
 [5] "lglasso's bic is 27642.962268684"  "lglasso's bic is 26184.1150525786"
 [7] "lglasso's bic is 25311.9310380355" "lglasso's bic is 24750.2363515874"
 [9] "lglasso's bic is 24502.8926241895" "lglasso's bic is 24333.4905357421"
[11] "lglasso's bic is 24446.2862684159" "lglasso's bic is 24580.8714927618"
[13] "lglasso's bic is 24725.2479280944" "lglasso's bic is 24857.2894796408"
[15] "lglasso's bic is 25071.500861241"  "lglasso's bic is 25306.539236485" 
[17] "lglasso's bic is 25466.3376724189" "lglasso's bic is 25600.1315716859"
[19] "lglasso's bic is 25766.6626673867" "lglasso's bic is 25914.9190733482"
[1] "The 29th simulation:"
[1] "two-community heter data are generated"
[1] "heter data are generated"
[1] "heter data are generated"
 [1] "lglasso's bic is 29898.0071593687" "lglasso's bic is 25128.6105774688"
 [3] "lglasso's bic is 21999.4470116156" "lglasso's bic is 20184.1908294777"
 [5] "lglasso's bic is 18273.9965599213" "lglasso's bic is 16850.6535955985"
 [7] "lglasso's bic is 15833.8272142901" "lglasso's bic is 15363.4766394052"
 [9] "lglasso's bic is 14947.9107043743" "lglasso's bic is 14750.1111846677"
[11] "lglasso's bic is 14709.6349791879" "lglasso's bic is 14775.3991561793"
[13] "lglasso's bic is 14892.6282767009" "lglasso's bic is 14979.6132805548"
[15] "lglasso's bic is 15124.6493015943" "lglasso's bic is 15266.6087331554"
[17] "lglasso's bic is 15415.9761363193" "lglasso's bic is 15601.3972875673"
[19] "lglasso's bic is 15760.5686618823" "lglasso's bic is 15931.7191406509"
[1] "The 30th simulation:"
[1] "two-community heter data are generated"
[1] "heter data are generated"
[1] "heter data are generated"
 [1] "lglasso's bic is 41845.390893745"  "lglasso's bic is 37596.701061013" 
 [3] "lglasso's bic is 33835.7457069629" "lglasso's bic is 31250.7287294685"
 [5] "lglasso's bic is 29272.7836970451" "lglasso's bic is 27748.2344333833"
 [7] "lglasso's bic is 26814.4043419714" "lglasso's bic is 26215.9709383166"
 [9] "lglasso's bic is 25949.1112938785" "lglasso's bic is 25773.4084050631"
[11] "lglasso's bic is 25705.280303159"  "lglasso's bic is 25707.327667131" 
[13] "lglasso's bic is 25782.0583161837" "lglasso's bic is 25860.7929843885"
[15] "lglasso's bic is 25994.2642836034" "lglasso's bic is 26130.6932102545"
[17] "lglasso's bic is 26257.3161060128" "lglasso's bic is 26406.8096613484"
[19] "lglasso's bic is 26557.2980750632" "lglasso's bic is 26690.3019425802"
[1] "The 31th simulation:"
[1] "two-community heter data are generated"
[1] "heter data are generated"
[1] "heter data are generated"
 [1] "lglasso's bic is 42287.6613690448" "lglasso's bic is 37665.4191182624"
 [3] "lglasso's bic is 33870.2948072927" "lglasso's bic is 31436.6898236794"
 [5] "lglasso's bic is 29614.7894401079" "lglasso's bic is 28232.9458878035"
 [7] "lglasso's bic is 27271.3082426396" "lglasso's bic is 26983.0594245734"
 [9] "lglasso's bic is 26636.556181111"  "lglasso's bic is 26494.986040073" 
[11] "lglasso's bic is 26464.4269321405" "lglasso's bic is 26500.768731574" 
[13] "lglasso's bic is 26578.2996123425" "lglasso's bic is 26670.6706640818"
[15] "lglasso's bic is 26784.407067911"  "lglasso's bic is 26963.6918781009"
[17] "lglasso's bic is 27109.8518902474" "lglasso's bic is 27240.782772073" 
[19] "lglasso's bic is 27405.6150244345" "lglasso's bic is 27547.5237087433"
[1] "The 32th simulation:"
[1] "two-community heter data are generated"
[1] "heter data are generated"
[1] "heter data are generated"
 [1] "lglasso's bic is 41524.4686100554" "lglasso's bic is 36814.3276399941"
 [3] "lglasso's bic is 33469.91212925"   "lglasso's bic is 30726.1445928931"
 [5] "lglasso's bic is 28940.045475746"  "lglasso's bic is 27589.7061179077"
 [7] "lglasso's bic is 26799.0366460029" "lglasso's bic is 26149.0356603186"
 [9] "lglasso's bic is 25658.1657495738" "lglasso's bic is 25467.4364048043"
[11] "lglasso's bic is 25558.1806629728" "lglasso's bic is 25590.6337124532"
[13] "lglasso's bic is 25711.578242188"  "lglasso's bic is 25873.1099489186"
[15] "lglasso's bic is 26026.0528290143" "lglasso's bic is 26208.0862191612"
[17] "lglasso's bic is 26436.9290724256" "lglasso's bic is 26824.0018055261"
[19] "lglasso's bic is 27003.0130957159" "lglasso's bic is 27175.2505981341"
[1] "The 33th simulation:"
[1] "two-community heter data are generated"
[1] "heter data are generated"
[1] "heter data are generated"
 [1] "lglasso's bic is 35713.9654286574" "lglasso's bic is 31308.7490923769"
 [3] "lglasso's bic is 28159.4253730348" "lglasso's bic is 25569.934655618" 
 [5] "lglasso's bic is 23870.8033210538" "lglasso's bic is 22545.1109259663"
 [7] "lglasso's bic is 21763.4826372292" "lglasso's bic is 21368.4414771851"
 [9] "lglasso's bic is 21076.9024035235" "lglasso's bic is 21080.7188119834"
[11] "lglasso's bic is 21467.2758911197" "lglasso's bic is 21446.5152685944"
[13] "lglasso's bic is 21562.326308462"  "lglasso's bic is 21715.941685378" 
[15] "lglasso's bic is 21882.5791445583" "lglasso's bic is 22022.3078397905"
[17] "lglasso's bic is 22238.0862063051" "lglasso's bic is 22429.5684824515"
[19] "lglasso's bic is 22661.4190869917" "lglasso's bic is 22856.6053757118"
[1] "The 34th simulation:"
[1] "two-community heter data are generated"
[1] "heter data are generated"
[1] "heter data are generated"
 [1] "lglasso's bic is 30844.7208546451" "lglasso's bic is 26103.6687275333"
 [3] "lglasso's bic is 22335.2036746543" "lglasso's bic is 19754.5190700176"
 [5] "lglasso's bic is 18223.9566724237" "lglasso's bic is 16845.3636318119"
 [7] "lglasso's bic is 16037.7036890657" "lglasso's bic is 15532.2408683532"
 [9] "lglasso's bic is 15328.4665252178" "lglasso's bic is 15272.4800974191"
[11] "lglasso's bic is 15304.2443161453" "lglasso's bic is 15469.8432548623"
[13] "lglasso's bic is 15622.6492547484" "lglasso's bic is 15756.854986045" 
[15] "lglasso's bic is 16048.5420715365" "lglasso's bic is 16243.8694432126"
[17] "lglasso's bic is 16407.7274317488" "lglasso's bic is 16655.4341700831"
[19] "lglasso's bic is 16853.9131600785" "lglasso's bic is 17041.4383066136"
[1] "The 35th simulation:"
[1] "two-community heter data are generated"
[1] "heter data are generated"
[1] "heter data are generated"
 [1] "lglasso's bic is 41577.4978822011" "lglasso's bic is 36910.2674173164"
 [3] "lglasso's bic is 33343.6987009657" "lglasso's bic is 30953.3278320806"
 [5] "lglasso's bic is 29099.3326871595" "lglasso's bic is 27678.3340454392"
 [7] "lglasso's bic is 26700.3079650838" "lglasso's bic is 26150.0250807532"
 [9] "lglasso's bic is 26168.3042087079" "lglasso's bic is 25984.153742523" 
[11] "lglasso's bic is 25940.3507051642" "lglasso's bic is 25947.233696975" 
[13] "lglasso's bic is 26024.5415000617" "lglasso's bic is 26143.6157231083"
[15] "lglasso's bic is 26309.7266417972" "lglasso's bic is 26446.0188943538"
[17] "lglasso's bic is 26587.6247060222" "lglasso's bic is 26734.02892918"  
[19] "lglasso's bic is 26874.5920499961" "lglasso's bic is 27017.2149059341"
[1] "The 36th simulation:"
[1] "two-community heter data are generated"
[1] "heter data are generated"
[1] "heter data are generated"
 [1] "lglasso's bic is 32474.1406680578" "lglasso's bic is 27545.9377603542"
 [3] "lglasso's bic is 24043.9646778222" "lglasso's bic is 21622.2600581873"
 [5] "lglasso's bic is 19804.4666879792" "lglasso's bic is 18542.9799349783"
 [7] "lglasso's bic is 17769.7015352729" "lglasso's bic is 17406.3088297663"
 [9] "lglasso's bic is 17205.9151482341" "lglasso's bic is 17269.8476083773"
[11] "lglasso's bic is 17444.4908472566" "lglasso's bic is 17713.6644044854"
[13] "lglasso's bic is 17847.0537569453" "lglasso's bic is 18042.112362761" 
[15] "lglasso's bic is 18238.144578669"  "lglasso's bic is 18487.884171594" 
[17] "lglasso's bic is 18759.3683862235" "lglasso's bic is 19010.0828671486"
[19] "lglasso's bic is 19215.6618050401" "lglasso's bic is 19455.7658783741"
[1] "The 37th simulation:"
[1] "two-community heter data are generated"
[1] "heter data are generated"
[1] "heter data are generated"
 [1] "lglasso's bic is 32945.8210472182" "lglasso's bic is 28801.0205477926"
 [3] "lglasso's bic is 25536.4243898551" "lglasso's bic is 22626.7969682954"
 [5] "lglasso's bic is 20457.6416194483" "lglasso's bic is 19090.8861830318"
 [7] "lglasso's bic is 18161.5508435971" "lglasso's bic is 17586.6100926708"
 [9] "lglasso's bic is 17148.4193833432" "lglasso's bic is 16875.1451072591"
[11] "lglasso's bic is 16878.1137528246" "lglasso's bic is 17243.3056030304"
[13] "lglasso's bic is 17297.4037461882" "lglasso's bic is 17399.0274920169"
[15] "lglasso's bic is 17547.2602993236" "lglasso's bic is 17663.4041206453"
[17] "lglasso's bic is 17775.1427041334" "lglasso's bic is 17900.56839735"  
[19] "lglasso's bic is 18126.8117952565" "lglasso's bic is 18251.1167350985"
[1] "The 38th simulation:"
[1] "two-community heter data are generated"
[1] "heter data are generated"
[1] "heter data are generated"
 [1] "lglasso's bic is 42229.2202289856" "lglasso's bic is 37910.4017038291"
 [3] "lglasso's bic is 34499.6697217163" "lglasso's bic is 31740.564992977" 
 [5] "lglasso's bic is 29782.0190836783" "lglasso's bic is 28178.2214981549"
 [7] "lglasso's bic is 27087.9093525836" "lglasso's bic is 26539.2460699925"
 [9] "lglasso's bic is 26223.7891733822" "lglasso's bic is 26067.037334617" 
[11] "lglasso's bic is 26041.5037602054" "lglasso's bic is 26033.5153729656"
[13] "lglasso's bic is 26088.1511280547" "lglasso's bic is 26145.1004910164"
[15] "lglasso's bic is 26262.7410958266" "lglasso's bic is 26362.4791174914"
[17] "lglasso's bic is 26443.909434756"  "lglasso's bic is 26574.8749625034"
[19] "lglasso's bic is 26906.7398201919" "lglasso's bic is 27102.182308445" 
[1] "The 39th simulation:"
[1] "two-community heter data are generated"
[1] "heter data are generated"
[1] "heter data are generated"
 [1] "lglasso's bic is 34899.4442212338" "lglasso's bic is 29807.9715949942"
 [3] "lglasso's bic is 26367.6933895266" "lglasso's bic is 24018.2168591167"
 [5] "lglasso's bic is 22317.8958062545" "lglasso's bic is 21059.5640921906"
 [7] "lglasso's bic is 20400.8059547466" "lglasso's bic is 19983.8781185818"
 [9] "lglasso's bic is 19698.4637255187" "lglasso's bic is 19667.159643421" 
[11] "lglasso's bic is 19688.5008423447" "lglasso's bic is 19751.6694274344"
[13] "lglasso's bic is 19854.5579387348" "lglasso's bic is 20028.6153271585"
[15] "lglasso's bic is 20248.3594101429" "lglasso's bic is 20434.2986453352"
[17] "lglasso's bic is 20621.6714968174" "lglasso's bic is 20810.2684783906"
[19] "lglasso's bic is 21027.2293195629" "lglasso's bic is 21217.1311764186"
[1] "The 40th simulation:"
[1] "two-community heter data are generated"
[1] "heter data are generated"
[1] "heter data are generated"
 [1] "lglasso's bic is 40208.9266696994" "lglasso's bic is 35815.9247462894"
 [3] "lglasso's bic is 32596.4985820224" "lglasso's bic is 29544.3772131431"
 [5] "lglasso's bic is 27579.410331484"  "lglasso's bic is 26079.6068966854"
 [7] "lglasso's bic is 25340.7621082959" "lglasso's bic is 24713.1668432933"
 [9] "lglasso's bic is 24363.0678342876" "lglasso's bic is 24206.7005476581"
[11] "lglasso's bic is 24130.7791694"    "lglasso's bic is 24204.7409792821"
[13] "lglasso's bic is 24315.1157518194" "lglasso's bic is 24406.3654037826"
[15] "lglasso's bic is 24522.3936702177" "lglasso's bic is 24622.7166300424"
[17] "lglasso's bic is 24744.2818602041" "lglasso's bic is 24869.1416579327"
[19] "lglasso's bic is 25094.0819546958" "lglasso's bic is 25219.6565570324"
[1] "The 41th simulation:"
[1] "two-community heter data are generated"
[1] "heter data are generated"
[1] "heter data are generated"
 [1] "lglasso's bic is 35441.3316304493" "lglasso's bic is 30554.341796731" 
 [3] "lglasso's bic is 27298.076460283"  "lglasso's bic is 24825.8163510997"
 [5] "lglasso's bic is 23226.5848794892" "lglasso's bic is 21752.2221502867"
 [7] "lglasso's bic is 20806.5084460095" "lglasso's bic is 20404.3089946482"
 [9] "lglasso's bic is 20133.9190564021" "lglasso's bic is 20084.7512555917"
[11] "lglasso's bic is 20135.5095615305" "lglasso's bic is 20283.5109178962"
[13] "lglasso's bic is 20529.1239360014" "lglasso's bic is 20657.6554474265"
[15] "lglasso's bic is 20838.1637109312" "lglasso's bic is 21068.8639694568"
[17] "lglasso's bic is 21415.6448541127" "lglasso's bic is 21684.4116477101"
[19] "lglasso's bic is 21978.4409652629" "lglasso's bic is 22157.7698304571"
[1] "The 42th simulation:"
[1] "two-community heter data are generated"
[1] "heter data are generated"
[1] "heter data are generated"
 [1] "lglasso's bic is 40326.5844856994" "lglasso's bic is 35695.4983883911"
 [3] "lglasso's bic is 32213.1823805448" "lglasso's bic is 29541.7847875863"
 [5] "lglasso's bic is 27835.9456796146" "lglasso's bic is 26856.454684083" 
 [7] "lglasso's bic is 26017.9185891306" "lglasso's bic is 25359.4665027956"
 [9] "lglasso's bic is 25056.3491826828" "lglasso's bic is 24807.6182645683"
[11] "lglasso's bic is 24728.5505048253" "lglasso's bic is 24732.477569239" 
[13] "lglasso's bic is 24835.6841891153" "lglasso's bic is 24969.9765635024"
[15] "lglasso's bic is 25125.4440629227" "lglasso's bic is 25285.3424707795"
[17] "lglasso's bic is 25438.7324236195" "lglasso's bic is 25608.2826236586"
[19] "lglasso's bic is 25806.2965472723" "lglasso's bic is 25970.6439075566"
[1] "The 43th simulation:"
[1] "two-community heter data are generated"
[1] "heter data are generated"
[1] "heter data are generated"
 [1] "lglasso's bic is 35329.9372041735" "lglasso's bic is 30971.6613130086"
 [3] "lglasso's bic is 27503.1094017437" "lglasso's bic is 24690.4055238752"
 [5] "lglasso's bic is 22679.4050834255" "lglasso's bic is 21437.944261723" 
 [7] "lglasso's bic is 20435.9072261407" "lglasso's bic is 19984.1812916475"
 [9] "lglasso's bic is 19715.652887983"  "lglasso's bic is 19499.4285448526"
[11] "lglasso's bic is 19454.6664582286" "lglasso's bic is 19510.1620667001"
[13] "lglasso's bic is 19573.9303511018" "lglasso's bic is 19691.7635850433"
[15] "lglasso's bic is 20194.7352240599" "lglasso's bic is 20376.2134226074"
[17] "lglasso's bic is 20568.0003109982" "lglasso's bic is 20664.1772212896"
[19] "lglasso's bic is 20778.155853404"  "lglasso's bic is 20907.3693929053"
[1] "The 44th simulation:"
[1] "two-community heter data are generated"
[1] "heter data are generated"
[1] "heter data are generated"
 [1] "lglasso's bic is 36412.6825444771" "lglasso's bic is 32554.1590490482"
 [3] "lglasso's bic is 29314.0267049834" "lglasso's bic is 26393.4365470581"
 [5] "lglasso's bic is 24423.2250128875" "lglasso's bic is 23077.0785368105"
 [7] "lglasso's bic is 22160.7940645306" "lglasso's bic is 21346.9064632634"
 [9] "lglasso's bic is 20807.7467962434" "lglasso's bic is 20797.9341024196"
[11] "lglasso's bic is 20694.3669038394" "lglasso's bic is 20689.0555797579"
[13] "lglasso's bic is 20741.7188420888" "lglasso's bic is 20781.7435530655"
[15] "lglasso's bic is 20978.3579249543" "lglasso's bic is 21082.452766807" 
[17] "lglasso's bic is 21413.2772163262" "lglasso's bic is 21529.7785210004"
[19] "lglasso's bic is 21640.7088602504" "lglasso's bic is 21859.4425308971"
[1] "The 45th simulation:"
[1] "two-community heter data are generated"
[1] "heter data are generated"
[1] "heter data are generated"
 [1] "lglasso's bic is 42698.8958331759" "lglasso's bic is 38071.8807109065"
 [3] "lglasso's bic is 34650.9655699843" "lglasso's bic is 31976.8819276763"
 [5] "lglasso's bic is 29820.6165212447" "lglasso's bic is 28461.282916269" 
 [7] "lglasso's bic is 27674.3692560671" "lglasso's bic is 26913.9168729635"
 [9] "lglasso's bic is 26624.7495702765" "lglasso's bic is 26455.6951252461"
[11] "lglasso's bic is 26429.5839321541" "lglasso's bic is 26460.1794177777"
[13] "lglasso's bic is 26683.7280452967" "lglasso's bic is 26786.248133865" 
[15] "lglasso's bic is 26869.7941236399" "lglasso's bic is 27000.5379777848"
[17] "lglasso's bic is 27162.5481207371" "lglasso's bic is 27275.6560897316"
[19] "lglasso's bic is 27707.2761077018" "lglasso's bic is 27822.7311851039"
[1] "The 46th simulation:"
[1] "two-community heter data are generated"
[1] "heter data are generated"
[1] "heter data are generated"
 [1] "lglasso's bic is 39610.06057309"   "lglasso's bic is 35089.9792294628"
 [3] "lglasso's bic is 31578.5435159505" "lglasso's bic is 28923.001933726" 
 [5] "lglasso's bic is 27186.079890317"  "lglasso's bic is 25740.6083911009"
 [7] "lglasso's bic is 24853.6585135603" "lglasso's bic is 24192.3230365185"
 [9] "lglasso's bic is 23846.5287978333" "lglasso's bic is 23734.5100616581"
[11] "lglasso's bic is 23774.9287911661" "lglasso's bic is 23914.4561625331"
[13] "lglasso's bic is 23990.229979575"  "lglasso's bic is 24138.6842367257"
[15] "lglasso's bic is 24240.6804111409" "lglasso's bic is 24376.0666568142"
[17] "lglasso's bic is 24511.0044270665" "lglasso's bic is 24647.6344103556"
[19] "lglasso's bic is 24786.4252016694" "lglasso's bic is 24911.5101849759"
[1] "The 47th simulation:"
[1] "two-community heter data are generated"
[1] "heter data are generated"
[1] "heter data are generated"
 [1] "lglasso's bic is 29823.146717819"  "lglasso's bic is 24562.7320885917"
 [3] "lglasso's bic is 21293.1305756912" "lglasso's bic is 18674.5679659311"
 [5] "lglasso's bic is 16784.9919528909" "lglasso's bic is 15507.4726492327"
 [7] "lglasso's bic is 14849.5912628697" "lglasso's bic is 14678.9521768958"
 [9] "lglasso's bic is 14727.458871516"  "lglasso's bic is 14701.2380357631"
[11] "lglasso's bic is 14808.0583700248" "lglasso's bic is 14933.6805608859"
[13] "lglasso's bic is 15107.7206957584" "lglasso's bic is 15352.3805762814"
[15] "lglasso's bic is 15569.2060696454" "lglasso's bic is 15757.4863223661"
[17] "lglasso's bic is 15987.7498140785" "lglasso's bic is 16190.4034843243"
[19] "lglasso's bic is 16379.2075970217" "lglasso's bic is 16625.5550897236"
[1] "The 48th simulation:"
[1] "two-community heter data are generated"
[1] "heter data are generated"
[1] "heter data are generated"
 [1] "lglasso's bic is 37320.3999743069" "lglasso's bic is 32642.9541029164"
 [3] "lglasso's bic is 29412.3889400171" "lglasso's bic is 27045.526208251" 
 [5] "lglasso's bic is 25075.1783924999" "lglasso's bic is 23790.2730468861"
 [7] "lglasso's bic is 22929.1802795468" "lglasso's bic is 22244.2186989361"
 [9] "lglasso's bic is 22002.4933191756" "lglasso's bic is 21902.7784937573"
[11] "lglasso's bic is 21931.3878570632" "lglasso's bic is 22031.0535615607"
[13] "lglasso's bic is 22281.4436592415" "lglasso's bic is 22452.2598035361"
[15] "lglasso's bic is 22684.0398315182" "lglasso's bic is 23190.0791847837"
[17] "lglasso's bic is 23357.7593104903" "lglasso's bic is 23549.4074062395"
[19] "lglasso's bic is 23797.8171057923" "lglasso's bic is 24073.0461618893"
[1] "The 49th simulation:"
[1] "two-community heter data are generated"
[1] "heter data are generated"
[1] "heter data are generated"
 [1] "lglasso's bic is 48843.8096251623" "lglasso's bic is 44521.0390448943"
 [3] "lglasso's bic is 41331.5499440105" "lglasso's bic is 38291.33059117"  
 [5] "lglasso's bic is 36183.3658827353" "lglasso's bic is 34725.8672993889"
 [7] "lglasso's bic is 33731.5699363183" "lglasso's bic is 33042.6664703515"
 [9] "lglasso's bic is 32818.8188834638" "lglasso's bic is 32515.5351068854"
[11] "lglasso's bic is 32412.9915318876" "lglasso's bic is 32420.3024945565"
[13] "lglasso's bic is 32426.9856518265" "lglasso's bic is 32489.0276872448"
[15] "lglasso's bic is 32645.6833689312" "lglasso's bic is 32734.8560215962"
[17] "lglasso's bic is 32804.9033884396" "lglasso's bic is 32887.7802241309"
[19] "lglasso's bic is 32999.98440149"   "lglasso's bic is 33197.8034360664"
[1] "The 50th simulation:"
[1] "two-community heter data are generated"
[1] "heter data are generated"
[1] "heter data are generated"
 [1] "lglasso's bic is 30415.538173328"  "lglasso's bic is 25305.7524239672"
 [3] "lglasso's bic is 21884.5515488355" "lglasso's bic is 19576.9809441165"
 [5] "lglasso's bic is 17672.5673387674" "lglasso's bic is 16505.9874095456"
 [7] "lglasso's bic is 15802.6605743933" "lglasso's bic is 15376.3853455693"
 [9] "lglasso's bic is 15283.9899668135" "lglasso's bic is 15288.0653410949"
[11] "lglasso's bic is 15403.1558308066" "lglasso's bic is 15705.1329842848"
[13] "lglasso's bic is 15903.9345563482" "lglasso's bic is 16122.7425063295"
[15] "lglasso's bic is 16330.8623322944" "lglasso's bic is 16533.7263768203"
[17] "lglasso's bic is 16988.7696979815" "lglasso's bic is 17205.9032519755"
[19] "lglasso's bic is 17411.3198687738" "lglasso's bic is 17645.3376439558"
There were 50 or more warnings (use warnings() to see the first 50)
> save(simures,file="subject=40_time=20_uu2=0.3.Rd")
> q("no")
> proc.time()
     user    system   elapsed 
31557.340    83.639 33903.787 
