
R version 4.1.2 (2021-11-01) -- "Bird Hippie"
Copyright (C) 2021 The R Foundation for Statistical Computing
Platform: x86_64-pc-linux-gnu (64-bit)

R is free software and comes with ABSOLUTELY NO WARRANTY.
You are welcome to redistribute it under certain conditions.
Type 'license()' or 'licence()' for distribution details.

  Natural language support but running in an English locale

R is a collaborative project with many contributors.
Type 'contributors()' for more information and
'citation()' on how to cite R or R packages in publications.

Type 'demo()' for some demos, 'help()' for on-line help, or
'help.start()' for an HTML browser interface to help.
Type 'q()' to quit R.

> library("lglasso")
> library("glasso")
> library("BDgraph")
> library("GGMselect")
Loading required package: mvtnorm

Attaching package: 'mvtnorm'

The following object is masked from 'package:BDgraph':

    rmvnorm

> library("Matrix")
> m=40
> n=20
> uu2=0.1
> Nsim=50
> rho=vector("list",5)
> rho[[1]]=seq(0.001,0.3,length=20)
> rho[[2]]=seq(0.001,0.3,length=20)
> rho[[3]]=seq(0.001,0.3,length=20)
> rho[[4]]=seq(0.00001,0.1,length=10)
> rho[[5]]=seq(0.00001,0.1,length=10)
> set.seed(m+n+uu2)
> simures=power_compare1(m=m,n=n,p=80,coe=c(2,0,0),l=Nsim,rho=rho,prob=0.01,heter=T,community2=T,uu=c(0.1,uu2))
[1] "The 1th simulation:"
[1] "two-community heter data are generated"
[1] "heter data are generated"
[1] "heter data are generated"
 [1] "lglasso's bic is 48825.4881612581" "lglasso's bic is 44201.7793005211"
 [3] "lglasso's bic is 40845.9770705344" "lglasso's bic is 38163.3164830965"
 [5] "lglasso's bic is 36294.7939249826" "lglasso's bic is 34808.2745869435"
 [7] "lglasso's bic is 33785.1618570074" "lglasso's bic is 33159.8675585832"
 [9] "lglasso's bic is 32756.6418561603" "lglasso's bic is 32537.1183846571"
[11] "lglasso's bic is 32494.4231234899" "lglasso's bic is 32425.1676029966"
[13] "lglasso's bic is 32472.869660079"  "lglasso's bic is 32637.0045153187"
[15] "lglasso's bic is 32715.5015962208" "lglasso's bic is 32801.0752420266"
[17] "lglasso's bic is 32991.5828220283" "lglasso's bic is 33122.7644920713"
[19] "lglasso's bic is 33211.6442108159" "lglasso's bic is 33353.971782062" 
[1] "The 2th simulation:"
[1] "two-community heter data are generated"
[1] "heter data are generated"
[1] "heter data are generated"
 [1] "lglasso's bic is 40306.4191350553" "lglasso's bic is 35489.9651799649"
 [3] "lglasso's bic is 32124.9568553173" "lglasso's bic is 29515.9335860265"
 [5] "lglasso's bic is 27774.3299335798" "lglasso's bic is 26618.0287894373"
 [7] "lglasso's bic is 25847.0656658483" "lglasso's bic is 25082.2690322461"
 [9] "lglasso's bic is 24724.3516491272" "lglasso's bic is 24635.3423672545"
[11] "lglasso's bic is 24708.0833549908" "lglasso's bic is 24737.6289090757"
[13] "lglasso's bic is 24951.867865623"  "lglasso's bic is 25156.2804795716"
[15] "lglasso's bic is 25320.796836606"  "lglasso's bic is 25451.4816096023"
[17] "lglasso's bic is 25619.9423790541" "lglasso's bic is 25799.2922117056"
[19] "lglasso's bic is 25987.3611988245" "lglasso's bic is 26183.9785439742"
[1] "The 3th simulation:"
[1] "two-community heter data are generated"
[1] "heter data are generated"
[1] "heter data are generated"
 [1] "lglasso's bic is 36295.7826201283" "lglasso's bic is 31662.8715270462"
 [3] "lglasso's bic is 28419.4764133553" "lglasso's bic is 25923.2190668412"
 [5] "lglasso's bic is 24401.5673029851" "lglasso's bic is 22934.7369808474"
 [7] "lglasso's bic is 22001.2336089058" "lglasso's bic is 21316.6838719011"
 [9] "lglasso's bic is 21040.578489612"  "lglasso's bic is 20960.6845054152"
[11] "lglasso's bic is 20987.9336604013" "lglasso's bic is 21092.6318398285"
[13] "lglasso's bic is 21186.3717297681" "lglasso's bic is 21322.913502499" 
[15] "lglasso's bic is 21506.3197710955" "lglasso's bic is 21719.096328109" 
[17] "lglasso's bic is 21932.0639937262" "lglasso's bic is 22116.0210323396"
[19] "lglasso's bic is 22302.5360564365" "lglasso's bic is 22491.3490716554"
[1] "The 4th simulation:"
[1] "two-community heter data are generated"
[1] "heter data are generated"
[1] "heter data are generated"
 [1] "lglasso's bic is 40508.4268043497" "lglasso's bic is 35834.4455228154"
 [3] "lglasso's bic is 32574.0480699169" "lglasso's bic is 30058.8379395852"
 [5] "lglasso's bic is 28113.542783194"  "lglasso's bic is 26894.3157305073"
 [7] "lglasso's bic is 26202.9545489912" "lglasso's bic is 25692.6270097152"
 [9] "lglasso's bic is 25355.1980499288" "lglasso's bic is 25199.0580629993"
[11] "lglasso's bic is 25181.1272833643" "lglasso's bic is 25237.4673386041"
[13] "lglasso's bic is 25318.2028092893" "lglasso's bic is 25465.181610809" 
[15] "lglasso's bic is 25685.9928559317" "lglasso's bic is 25857.6138439424"
[17] "lglasso's bic is 26179.7857000153" "lglasso's bic is 26405.7667856621"
[19] "lglasso's bic is 26775.6190240344" "lglasso's bic is 27004.9196903642"
[1] "The 5th simulation:"
[1] "two-community heter data are generated"
[1] "heter data are generated"
[1] "heter data are generated"
 [1] "lglasso's bic is 35418.9539320989" "lglasso's bic is 30340.5351741081"
 [3] "lglasso's bic is 26886.409501119"  "lglasso's bic is 24579.8756021717"
 [5] "lglasso's bic is 23117.7948470247" "lglasso's bic is 22237.0378142626"
 [7] "lglasso's bic is 21356.2789740457" "lglasso's bic is 20875.2215976326"
 [9] "lglasso's bic is 20696.2727733021" "lglasso's bic is 20763.3667494585"
[11] "lglasso's bic is 20868.7883353532" "lglasso's bic is 21117.8100557418"
[13] "lglasso's bic is 21355.9026517256" "lglasso's bic is 21632.5865014607"
[15] "lglasso's bic is 21834.769860994"  "lglasso's bic is 22056.1326533134"
[17] "lglasso's bic is 22271.2904268328" "lglasso's bic is 22611.3130632095"
[19] "lglasso's bic is 22862.6919280689" "lglasso's bic is 23102.8866382083"
[1] "The 6th simulation:"
[1] "two-community heter data are generated"
[1] "heter data are generated"
[1] "heter data are generated"
 [1] "lglasso's bic is 42121.9223265455" "lglasso's bic is 36996.8752743557"
 [3] "lglasso's bic is 33807.6834754864" "lglasso's bic is 31810.0394871254"
 [5] "lglasso's bic is 30325.778704817"  "lglasso's bic is 29134.7025541607"
 [7] "lglasso's bic is 28554.2527988427" "lglasso's bic is 28119.1206971335"
 [9] "lglasso's bic is 27956.1215612816" "lglasso's bic is 27894.4734228335"
[11] "lglasso's bic is 28015.76139896"   "lglasso's bic is 28227.7255549478"
[13] "lglasso's bic is 28431.6966264409" "lglasso's bic is 28745.4057731928"
[15] "lglasso's bic is 28999.8827642887" "lglasso's bic is 29313.0780039705"
[17] "lglasso's bic is 29565.8965554437" "lglasso's bic is 29851.142946823" 
[19] "lglasso's bic is 30371.9162490147" "lglasso's bic is 30600.9705182006"
[1] "The 7th simulation:"
[1] "two-community heter data are generated"
[1] "heter data are generated"
[1] "heter data are generated"
 [1] "lglasso's bic is 40834.825176613"  "lglasso's bic is 36378.8247216187"
 [3] "lglasso's bic is 33623.9013072375" "lglasso's bic is 31059.3983473828"
 [5] "lglasso's bic is 28987.3657043834" "lglasso's bic is 27364.0291579197"
 [7] "lglasso's bic is 26210.0103721257" "lglasso's bic is 25362.7125048913"
 [9] "lglasso's bic is 25037.2060396313" "lglasso's bic is 24881.345986216" 
[11] "lglasso's bic is 24797.6504819962" "lglasso's bic is 24767.5046809127"
[13] "lglasso's bic is 24896.4719521997" "lglasso's bic is 25049.8171079167"
[15] "lglasso's bic is 25141.5707648063" "lglasso's bic is 25237.8254134851"
[17] "lglasso's bic is 25410.6151249661" "lglasso's bic is 25514.1419714674"
[19] "lglasso's bic is 25613.8807824489" "lglasso's bic is 25721.5455500516"
[1] "The 8th simulation:"
[1] "two-community heter data are generated"
[1] "heter data are generated"
[1] "heter data are generated"
 [1] "lglasso's bic is 43371.3375376607" "lglasso's bic is 38820.4317362525"
 [3] "lglasso's bic is 35412.187655134"  "lglasso's bic is 32699.9200056341"
 [5] "lglasso's bic is 30683.8132910367" "lglasso's bic is 29246.059091225" 
 [7] "lglasso's bic is 28275.9303222768" "lglasso's bic is 27639.1925095478"
 [9] "lglasso's bic is 27254.8799972326" "lglasso's bic is 27026.3508288004"
[11] "lglasso's bic is 27014.252217065"  "lglasso's bic is 27190.8347752591"
[13] "lglasso's bic is 27352.5412852334" "lglasso's bic is 27453.4224208664"
[15] "lglasso's bic is 27596.1219127339" "lglasso's bic is 27694.8942353226"
[17] "lglasso's bic is 27866.8011429332" "lglasso's bic is 28100.7685320131"
[19] "lglasso's bic is 28192.2284189056" "lglasso's bic is 28321.8730350338"
[1] "The 9th simulation:"
[1] "two-community heter data are generated"
[1] "heter data are generated"
[1] "heter data are generated"
 [1] "lglasso's bic is 40573.9590623224" "lglasso's bic is 35913.5168296197"
 [3] "lglasso's bic is 33255.4556746155" "lglasso's bic is 31076.0843254854"
 [5] "lglasso's bic is 29502.4125725685" "lglasso's bic is 28347.9580939632"
 [7] "lglasso's bic is 27681.3203317783" "lglasso's bic is 27143.4659078967"
 [9] "lglasso's bic is 26867.5637662283" "lglasso's bic is 26843.7531163843"
[11] "lglasso's bic is 27056.7655737008" "lglasso's bic is 27217.413534501" 
[13] "lglasso's bic is 27366.0960969945" "lglasso's bic is 27604.7660791294"
[15] "lglasso's bic is 27861.9632151787" "lglasso's bic is 28237.5101062267"
[17] "lglasso's bic is 28469.5019109815" "lglasso's bic is 28755.4519775186"
[19] "lglasso's bic is 28986.0348720335" "lglasso's bic is 29224.8875185609"
[1] "The 10th simulation:"
[1] "two-community heter data are generated"
[1] "heter data are generated"
[1] "heter data are generated"
 [1] "lglasso's bic is 34325.6820226044" "lglasso's bic is 29332.7354624625"
 [3] "lglasso's bic is 25790.3409338691" "lglasso's bic is 23318.6477055771"
 [5] "lglasso's bic is 21436.1247446973" "lglasso's bic is 20040.6662170619"
 [7] "lglasso's bic is 19120.1830517369" "lglasso's bic is 18552.8975175615"
 [9] "lglasso's bic is 18299.5541764041" "lglasso's bic is 18233.4018766718"
[11] "lglasso's bic is 18258.3934891057" "lglasso's bic is 18319.3800137642"
[13] "lglasso's bic is 18414.4135302864" "lglasso's bic is 18549.720549451" 
[15] "lglasso's bic is 18865.217897535"  "lglasso's bic is 18982.3865478166"
[17] "lglasso's bic is 19224.5873561835" "lglasso's bic is 19499.0566927238"
[19] "lglasso's bic is 19653.1464449668" "lglasso's bic is 19944.8868465949"
[1] "The 11th simulation:"
[1] "two-community heter data are generated"
[1] "heter data are generated"
[1] "heter data are generated"
 [1] "lglasso's bic is 39045.1614690095" "lglasso's bic is 34432.7721366362"
 [3] "lglasso's bic is 31170.349396427"  "lglasso's bic is 28713.4482219451"
 [5] "lglasso's bic is 26863.2405353307" "lglasso's bic is 25449.2931403353"
 [7] "lglasso's bic is 24543.2608229586" "lglasso's bic is 23901.6090033812"
 [9] "lglasso's bic is 23637.0436953505" "lglasso's bic is 23576.5318761475"
[11] "lglasso's bic is 23598.7731547445" "lglasso's bic is 23656.5667001103"
[13] "lglasso's bic is 23741.8191918212" "lglasso's bic is 23913.323976421" 
[15] "lglasso's bic is 24188.230990211"  "lglasso's bic is 24336.2562029975"
[17] "lglasso's bic is 24502.4336111617" "lglasso's bic is 24833.4062542619"
[19] "lglasso's bic is 25073.404219547"  "lglasso's bic is 25483.1509923849"
[1] "The 12th simulation:"
[1] "two-community heter data are generated"
[1] "heter data are generated"
[1] "heter data are generated"
 [1] "lglasso's bic is 42362.1216350171" "lglasso's bic is 37616.8362099522"
 [3] "lglasso's bic is 33994.8692338417" "lglasso's bic is 31374.7993048258"
 [5] "lglasso's bic is 29670.3840270552" "lglasso's bic is 28375.3493688631"
 [7] "lglasso's bic is 27509.1175254893" "lglasso's bic is 26903.2038937812"
 [9] "lglasso's bic is 26607.2677939705" "lglasso's bic is 26424.8540352327"
[11] "lglasso's bic is 26337.8419413059" "lglasso's bic is 26501.1873519731"
[13] "lglasso's bic is 26549.1488839477" "lglasso's bic is 26646.4618908837"
[15] "lglasso's bic is 26782.4044309537" "lglasso's bic is 27080.4485066981"
[17] "lglasso's bic is 27226.9638720445" "lglasso's bic is 27332.5239423898"
[19] "lglasso's bic is 27460.6441441729" "lglasso's bic is 27600.9375255837"
[1] "The 13th simulation:"
[1] "two-community heter data are generated"
[1] "heter data are generated"
[1] "heter data are generated"
 [1] "lglasso's bic is 46234.6187424956" "lglasso's bic is 41694.6408617966"
 [3] "lglasso's bic is 38670.8838001773" "lglasso's bic is 36497.4456334465"
 [5] "lglasso's bic is 35011.214916404"  "lglasso's bic is 33711.1376637313"
 [7] "lglasso's bic is 33072.0713706237" "lglasso's bic is 32573.5599820893"
 [9] "lglasso's bic is 32364.1505232393" "lglasso's bic is 32324.7655162602"
[11] "lglasso's bic is 32440.3715123349" "lglasso's bic is 32612.0550594128"
[13] "lglasso's bic is 32799.4353588892" "lglasso's bic is 33011.0656155192"
[15] "lglasso's bic is 33263.7140790229" "lglasso's bic is 33475.943595901" 
[17] "lglasso's bic is 33699.7738026697" "lglasso's bic is 33937.85652136"  
[19] "lglasso's bic is 34203.2302885359" "lglasso's bic is 34478.6098153523"
[1] "The 14th simulation:"
[1] "two-community heter data are generated"
[1] "heter data are generated"
[1] "heter data are generated"
 [1] "lglasso's bic is 46848.6984545322" "lglasso's bic is 42746.2783324511"
 [3] "lglasso's bic is 39203.9094916567" "lglasso's bic is 36699.6544775011"
 [5] "lglasso's bic is 35177.2077555506" "lglasso's bic is 33723.1305051564"
 [7] "lglasso's bic is 32662.406776516"  "lglasso's bic is 31926.8999556089"
 [9] "lglasso's bic is 31361.8895904598" "lglasso's bic is 31141.6748195137"
[11] "lglasso's bic is 31108.3282224309" "lglasso's bic is 31139.6286046224"
[13] "lglasso's bic is 31206.4377437103" "lglasso's bic is 31285.0199299398"
[15] "lglasso's bic is 31397.2845672069" "lglasso's bic is 31538.6046896573"
[17] "lglasso's bic is 31660.7271549212" "lglasso's bic is 31803.408493709" 
[19] "lglasso's bic is 32091.1382717878" "lglasso's bic is 32231.8869491468"
[1] "The 15th simulation:"
[1] "two-community heter data are generated"
[1] "heter data are generated"
[1] "heter data are generated"
 [1] "lglasso's bic is 40330.6144420948" "lglasso's bic is 35686.3830808642"
 [3] "lglasso's bic is 32531.3128296347" "lglasso's bic is 29627.0588741608"
 [5] "lglasso's bic is 27753.8052540323" "lglasso's bic is 26359.700763638" 
 [7] "lglasso's bic is 25542.6795952966" "lglasso's bic is 24833.2930414636"
 [9] "lglasso's bic is 24494.9319747857" "lglasso's bic is 24412.7288586965"
[11] "lglasso's bic is 24387.5205337098" "lglasso's bic is 24479.5948016122"
[13] "lglasso's bic is 24584.7144646529" "lglasso's bic is 24694.5646021626"
[15] "lglasso's bic is 24828.7383130545" "lglasso's bic is 24964.431599872" 
[17] "lglasso's bic is 25139.9157430368" "lglasso's bic is 25715.5312900548"
[19] "lglasso's bic is 25844.1294816445" "lglasso's bic is 26379.5636137077"
[1] "The 16th simulation:"
[1] "two-community heter data are generated"
[1] "heter data are generated"
[1] "heter data are generated"
 [1] "lglasso's bic is 37410.1525085841" "lglasso's bic is 32968.8471607243"
 [3] "lglasso's bic is 29622.2870379843" "lglasso's bic is 26817.8230278374"
 [5] "lglasso's bic is 25067.8703686216" "lglasso's bic is 23465.0208059417"
 [7] "lglasso's bic is 22565.3273978734" "lglasso's bic is 22022.3680741814"
 [9] "lglasso's bic is 21710.9570732229" "lglasso's bic is 21611.1623906935"
[11] "lglasso's bic is 21602.0948053125" "lglasso's bic is 21672.7043306887"
[13] "lglasso's bic is 21785.0177871557" "lglasso's bic is 21952.2059848047"
[15] "lglasso's bic is 22129.2634696105" "lglasso's bic is 22307.2239989705"
[17] "lglasso's bic is 22471.5226741196" "lglasso's bic is 22665.3180653738"
[19] "lglasso's bic is 22837.8250984278" "lglasso's bic is 23289.1679600671"
[1] "The 17th simulation:"
[1] "two-community heter data are generated"
[1] "heter data are generated"
[1] "heter data are generated"
 [1] "lglasso's bic is 42033.0874370507" "lglasso's bic is 37429.5780942436"
 [3] "lglasso's bic is 34391.0511277437" "lglasso's bic is 31721.5267899542"
 [5] "lglasso's bic is 29627.0273227724" "lglasso's bic is 27985.9457644351"
 [7] "lglasso's bic is 27142.5010152376" "lglasso's bic is 26470.9431563161"
 [9] "lglasso's bic is 26279.9228705879" "lglasso's bic is 26129.6200701362"
[11] "lglasso's bic is 26051.3766972776" "lglasso's bic is 26058.1622069528"
[13] "lglasso's bic is 26128.5529748821" "lglasso's bic is 26230.1903541821"
[15] "lglasso's bic is 26409.7160497503" "lglasso's bic is 26583.1028212259"
[17] "lglasso's bic is 26723.1171615179" "lglasso's bic is 26863.1005807857"
[19] "lglasso's bic is 27400.6987699026" "lglasso's bic is 27735.7098534397"
[1] "The 18th simulation:"
[1] "two-community heter data are generated"
[1] "heter data are generated"
[1] "heter data are generated"
 [1] "lglasso's bic is 42709.5414547809" "lglasso's bic is 38350.2909491166"
 [3] "lglasso's bic is 34904.8995608821" "lglasso's bic is 32683.2144064606"
 [5] "lglasso's bic is 30689.3865295608" "lglasso's bic is 29293.9115596931"
 [7] "lglasso's bic is 28334.7117644375" "lglasso's bic is 27690.3378530762"
 [9] "lglasso's bic is 27257.3848932871" "lglasso's bic is 27153.5824933422"
[11] "lglasso's bic is 27022.5681235912" "lglasso's bic is 27108.3045099003"
[13] "lglasso's bic is 27266.3829035157" "lglasso's bic is 27346.4507777902"
[15] "lglasso's bic is 27479.9359208846" "lglasso's bic is 27654.2307192264"
[17] "lglasso's bic is 27831.5058718913" "lglasso's bic is 28034.7185983171"
[19] "lglasso's bic is 28203.8317856995" "lglasso's bic is 28401.2160437805"
[1] "The 19th simulation:"
[1] "two-community heter data are generated"
[1] "heter data are generated"
[1] "heter data are generated"
 [1] "lglasso's bic is 46651.7618835731" "lglasso's bic is 42815.658878683" 
 [3] "lglasso's bic is 39445.903392703"  "lglasso's bic is 36794.8970328823"
 [5] "lglasso's bic is 34768.1840474422" "lglasso's bic is 33123.7416099314"
 [7] "lglasso's bic is 31875.5944827699" "lglasso's bic is 31142.2111869876"
 [9] "lglasso's bic is 30698.0273368737" "lglasso's bic is 30545.999850997" 
[11] "lglasso's bic is 30508.0848652045" "lglasso's bic is 30474.3428305266"
[13] "lglasso's bic is 30536.7836135561" "lglasso's bic is 30592.7204906531"
[15] "lglasso's bic is 30693.8704143405" "lglasso's bic is 30794.4962666097"
[17] "lglasso's bic is 30877.1623276201" "lglasso's bic is 30972.3068834729"
[19] "lglasso's bic is 31064.075760183"  "lglasso's bic is 31158.5752224921"
[1] "The 20th simulation:"
[1] "two-community heter data are generated"
[1] "heter data are generated"
[1] "heter data are generated"
 [1] "lglasso's bic is 40988.7901572087" "lglasso's bic is 36026.5101411306"
 [3] "lglasso's bic is 33097.396674254"  "lglasso's bic is 30421.5318650148"
 [5] "lglasso's bic is 28479.5572795721" "lglasso's bic is 27191.7070921938"
 [7] "lglasso's bic is 26435.6206794784" "lglasso's bic is 25871.5985861278"
 [9] "lglasso's bic is 25556.2961789965" "lglasso's bic is 25492.4780632263"
[11] "lglasso's bic is 25562.836209789"  "lglasso's bic is 25623.3364706288"
[13] "lglasso's bic is 25749.3089040329" "lglasso's bic is 25907.740830089" 
[15] "lglasso's bic is 26097.7218325712" "lglasso's bic is 26291.0224854614"
[17] "lglasso's bic is 26483.8171396844" "lglasso's bic is 26670.555608789" 
[19] "lglasso's bic is 26980.9098008084" "lglasso's bic is 27172.4294571264"
[1] "The 21th simulation:"
[1] "two-community heter data are generated"
[1] "heter data are generated"
[1] "heter data are generated"
 [1] "lglasso's bic is 32267.2516080523" "lglasso's bic is 27478.9280855471"
 [3] "lglasso's bic is 24612.8019513829" "lglasso's bic is 22851.9510581722"
 [5] "lglasso's bic is 21240.621219201"  "lglasso's bic is 19960.8938847231"
 [7] "lglasso's bic is 18918.7859654838" "lglasso's bic is 18469.6800363011"
 [9] "lglasso's bic is 18150.4045425021" "lglasso's bic is 18031.7418863466"
[11] "lglasso's bic is 18062.0345324231" "lglasso's bic is 18157.8776211879"
[13] "lglasso's bic is 18319.8929468517" "lglasso's bic is 18573.7045066293"
[15] "lglasso's bic is 18791.1006289703" "lglasso's bic is 18975.7940819213"
[17] "lglasso's bic is 19175.7183669343" "lglasso's bic is 19365.6919552005"
[19] "lglasso's bic is 19560.6227116929" "lglasso's bic is 19772.6305695439"
[1] "The 22th simulation:"
[1] "two-community heter data are generated"
[1] "heter data are generated"
[1] "heter data are generated"
 [1] "lglasso's bic is 31550.7151232074" "lglasso's bic is 26528.1184729999"
 [3] "lglasso's bic is 23209.6839271693" "lglasso's bic is 20676.5968780126"
 [5] "lglasso's bic is 19049.9666809377" "lglasso's bic is 17758.409934756" 
 [7] "lglasso's bic is 16891.7603755537" "lglasso's bic is 16479.4866009789"
 [9] "lglasso's bic is 16379.7166318972" "lglasso's bic is 16407.4193477417"
[11] "lglasso's bic is 16465.4630248528" "lglasso's bic is 16715.9688869064"
[13] "lglasso's bic is 16923.6518899218" "lglasso's bic is 17082.0552846571"
[15] "lglasso's bic is 17393.3795827278" "lglasso's bic is 17566.9974351022"
[17] "lglasso's bic is 17749.094975529"  "lglasso's bic is 17950.5078256123"
[19] "lglasso's bic is 18167.8662176611" "lglasso's bic is 18356.0489004285"
[1] "The 23th simulation:"
[1] "two-community heter data are generated"
[1] "heter data are generated"
[1] "heter data are generated"
 [1] "lglasso's bic is 47296.0355836573" "lglasso's bic is 42926.2724910193"
 [3] "lglasso's bic is 39729.5311256699" "lglasso's bic is 37057.1860160393"
 [5] "lglasso's bic is 35038.6739849317" "lglasso's bic is 33455.7464806733"
 [7] "lglasso's bic is 32288.6815320061" "lglasso's bic is 31727.1442517062"
 [9] "lglasso's bic is 31267.4464422428" "lglasso's bic is 31223.8848627552"
[11] "lglasso's bic is 31124.0702380287" "lglasso's bic is 31121.2975098247"
[13] "lglasso's bic is 31199.5255840439" "lglasso's bic is 31313.5557699903"
[15] "lglasso's bic is 31472.6005378832" "lglasso's bic is 31594.2646037396"
[17] "lglasso's bic is 31766.6792753875" "lglasso's bic is 31882.7145339555"
[19] "lglasso's bic is 32027.278518345"  "lglasso's bic is 32190.9888794262"
[1] "The 24th simulation:"
[1] "two-community heter data are generated"
[1] "heter data are generated"
[1] "heter data are generated"
 [1] "lglasso's bic is 34791.1376276155" "lglasso's bic is 30096.1344364916"
 [3] "lglasso's bic is 26489.5769719001" "lglasso's bic is 23874.2528951632"
 [5] "lglasso's bic is 21856.1804477042" "lglasso's bic is 20435.5276539035"
 [7] "lglasso's bic is 19557.2527933074" "lglasso's bic is 19226.7268996494"
 [9] "lglasso's bic is 19376.7963020419" "lglasso's bic is 19221.3583456993"
[11] "lglasso's bic is 19304.1431460866" "lglasso's bic is 19529.5570236544"
[13] "lglasso's bic is 19711.9713202738" "lglasso's bic is 19895.2273959661"
[15] "lglasso's bic is 20092.506112727"  "lglasso's bic is 20258.2842283003"
[17] "lglasso's bic is 20505.5134391907" "lglasso's bic is 20672.6691642417"
[19] "lglasso's bic is 20861.8406921635" "lglasso's bic is 21042.101609204" 
[1] "The 25th simulation:"
[1] "two-community heter data are generated"
[1] "heter data are generated"
[1] "heter data are generated"
 [1] "lglasso's bic is 40006.7337554015" "lglasso's bic is 35413.9374124675"
 [3] "lglasso's bic is 31884.6896967831" "lglasso's bic is 29359.4524155442"
 [5] "lglasso's bic is 27375.2764534018" "lglasso's bic is 26033.5617229723"
 [7] "lglasso's bic is 25130.7663964598" "lglasso's bic is 24700.4039148292"
 [9] "lglasso's bic is 24384.5491312368" "lglasso's bic is 24231.977791745" 
[11] "lglasso's bic is 24246.5743891925" "lglasso's bic is 24373.6478975753"
[13] "lglasso's bic is 24500.3150718839" "lglasso's bic is 24647.8966949247"
[15] "lglasso's bic is 24799.4843502647" "lglasso's bic is 24987.1425814925"
[17] "lglasso's bic is 25355.3977892736" "lglasso's bic is 25568.0203780871"
[19] "lglasso's bic is 25798.7434527782" "lglasso's bic is 25955.8488899335"
[1] "The 26th simulation:"
[1] "two-community heter data are generated"
[1] "heter data are generated"
[1] "heter data are generated"
 [1] "lglasso's bic is 42453.2402024579" "lglasso's bic is 37979.2252286713"
 [3] "lglasso's bic is 34022.5789454109" "lglasso's bic is 31753.0809137779"
 [5] "lglasso's bic is 30081.8871161928" "lglasso's bic is 28676.7377849529"
 [7] "lglasso's bic is 27649.7283277337" "lglasso's bic is 27050.2961320459"
 [9] "lglasso's bic is 26771.6605261898" "lglasso's bic is 26622.2224769817"
[11] "lglasso's bic is 26743.1146000803" "lglasso's bic is 26718.7873817829"
[13] "lglasso's bic is 26783.8617365755" "lglasso's bic is 26911.8088071062"
[15] "lglasso's bic is 27065.0782387398" "lglasso's bic is 27201.9822137408"
[17] "lglasso's bic is 27432.8123023437" "lglasso's bic is 27576.8382285595"
[19] "lglasso's bic is 27725.7716003036" "lglasso's bic is 27870.5433348971"
[1] "The 27th simulation:"
[1] "two-community heter data are generated"
[1] "heter data are generated"
[1] "heter data are generated"
 [1] "lglasso's bic is 48331.5569521921" "lglasso's bic is 43979.2454342567"
 [3] "lglasso's bic is 40476.8612772301" "lglasso's bic is 37959.2532828442"
 [5] "lglasso's bic is 35957.394053466"  "lglasso's bic is 34639.6279694225"
 [7] "lglasso's bic is 33297.3048596873" "lglasso's bic is 32653.5266512714"
 [9] "lglasso's bic is 32252.9367314361" "lglasso's bic is 32039.5783755659"
[11] "lglasso's bic is 31982.5715852994" "lglasso's bic is 31969.0011265797"
[13] "lglasso's bic is 32027.5917467544" "lglasso's bic is 32099.9238305753"
[15] "lglasso's bic is 32199.5704858905" "lglasso's bic is 32335.9587407467"
[17] "lglasso's bic is 32489.9520970061" "lglasso's bic is 32654.627840313" 
[19] "lglasso's bic is 32767.1924668121" "lglasso's bic is 32894.5599579368"
[1] "The 28th simulation:"
[1] "two-community heter data are generated"
[1] "heter data are generated"
[1] "heter data are generated"
 [1] "lglasso's bic is 43082.970763638"  "lglasso's bic is 38664.7709774494"
 [3] "lglasso's bic is 35203.3415117937" "lglasso's bic is 32479.1166352771"
 [5] "lglasso's bic is 30417.4882392195" "lglasso's bic is 28892.7598882613"
 [7] "lglasso's bic is 28026.9717051725" "lglasso's bic is 27454.4133001461"
 [9] "lglasso's bic is 27208.1960609441" "lglasso's bic is 27125.217985545" 
[11] "lglasso's bic is 27166.3270425974" "lglasso's bic is 27217.6411417639"
[13] "lglasso's bic is 27332.2360264518" "lglasso's bic is 27449.1769607098"
[15] "lglasso's bic is 27601.8917249308" "lglasso's bic is 27718.9947805648"
[17] "lglasso's bic is 27873.5035726767" "lglasso's bic is 28008.8267424147"
[19] "lglasso's bic is 28159.5833864867" "lglasso's bic is 28337.5314889702"
[1] "The 29th simulation:"
[1] "two-community heter data are generated"
[1] "heter data are generated"
[1] "heter data are generated"
 [1] "lglasso's bic is 32865.8420725278" "lglasso's bic is 28270.2518123219"
 [3] "lglasso's bic is 24897.7796037947" "lglasso's bic is 22462.5383554771"
 [5] "lglasso's bic is 20834.4492820453" "lglasso's bic is 19376.4232549079"
 [7] "lglasso's bic is 18356.7382259999" "lglasso's bic is 17752.2624385071"
 [9] "lglasso's bic is 17773.9402092035" "lglasso's bic is 17597.9709405711"
[11] "lglasso's bic is 17643.6782694874" "lglasso's bic is 17617.8559633566"
[13] "lglasso's bic is 17800.6612896449" "lglasso's bic is 17930.3955543031"
[15] "lglasso's bic is 18087.5018603186" "lglasso's bic is 18430.3626077318"
[17] "lglasso's bic is 18674.8738113387" "lglasso's bic is 18842.688921004" 
[19] "lglasso's bic is 18989.7873423489" "lglasso's bic is 19140.2385606882"
[1] "The 30th simulation:"
[1] "two-community heter data are generated"
[1] "heter data are generated"
[1] "heter data are generated"
 [1] "lglasso's bic is 44759.2739565216" "lglasso's bic is 40624.5169863908"
 [3] "lglasso's bic is 36879.7562971227" "lglasso's bic is 34329.2567437569"
 [5] "lglasso's bic is 32235.2567758327" "lglasso's bic is 30788.947776889" 
 [7] "lglasso's bic is 29927.6028796165" "lglasso's bic is 29294.4319245136"
 [9] "lglasso's bic is 28875.4762270637" "lglasso's bic is 28688.5271654462"
[11] "lglasso's bic is 28517.6603713666" "lglasso's bic is 28559.3904244735"
[13] "lglasso's bic is 28619.9064453196" "lglasso's bic is 28707.4095335599"
[15] "lglasso's bic is 28778.5487424935" "lglasso's bic is 28955.4210112606"
[17] "lglasso's bic is 29082.2731650045" "lglasso's bic is 29227.3935507058"
[19] "lglasso's bic is 29337.7383085277" "lglasso's bic is 29462.7079260856"
[1] "The 31th simulation:"
[1] "two-community heter data are generated"
[1] "heter data are generated"
[1] "heter data are generated"
 [1] "lglasso's bic is 45061.6040566957" "lglasso's bic is 40207.4943135017"
 [3] "lglasso's bic is 36545.2553849777" "lglasso's bic is 34075.0437489611"
 [5] "lglasso's bic is 32331.6320226228" "lglasso's bic is 30990.6141862776"
 [7] "lglasso's bic is 30007.0355420153" "lglasso's bic is 29466.9574004262"
 [9] "lglasso's bic is 29232.3159008695" "lglasso's bic is 29009.6000665457"
[11] "lglasso's bic is 29021.1820612823" "lglasso's bic is 29073.5797013843"
[13] "lglasso's bic is 29164.0851541952" "lglasso's bic is 29356.612666527" 
[15] "lglasso's bic is 29511.4183390164" "lglasso's bic is 29780.1606233866"
[17] "lglasso's bic is 29910.5784875188" "lglasso's bic is 30045.408753106" 
[19] "lglasso's bic is 30181.0996053715" "lglasso's bic is 30333.4981794983"
[1] "The 32th simulation:"
[1] "two-community heter data are generated"
[1] "heter data are generated"
[1] "heter data are generated"
 [1] "lglasso's bic is 44205.2483321145" "lglasso's bic is 39911.1746048482"
 [3] "lglasso's bic is 36299.3139068022" "lglasso's bic is 33562.1243704646"
 [5] "lglasso's bic is 31674.7643337852" "lglasso's bic is 30421.7610982226"
 [7] "lglasso's bic is 29603.3119938818" "lglasso's bic is 28935.542620173" 
 [9] "lglasso's bic is 28475.0611517185" "lglasso's bic is 28175.3090470025"
[11] "lglasso's bic is 28136.5289704694" "lglasso's bic is 28241.6652505195"
[13] "lglasso's bic is 28344.8146581742" "lglasso's bic is 28479.616080845" 
[15] "lglasso's bic is 28673.2023385145" "lglasso's bic is 28810.5086383549"
[17] "lglasso's bic is 28962.3632845024" "lglasso's bic is 29247.6932255885"
[19] "lglasso's bic is 29392.3745996773" "lglasso's bic is 29615.8406698382"
[1] "The 33th simulation:"
[1] "two-community heter data are generated"
[1] "heter data are generated"
[1] "heter data are generated"
 [1] "lglasso's bic is 37689.0934825507" "lglasso's bic is 32793.9168153988"
 [3] "lglasso's bic is 29534.6949948338" "lglasso's bic is 27363.9522472343"
 [5] "lglasso's bic is 25509.1533811837" "lglasso's bic is 24137.686317404" 
 [7] "lglasso's bic is 23495.3564230824" "lglasso's bic is 23270.4930235641"
 [9] "lglasso's bic is 23124.8199307798" "lglasso's bic is 23133.8348850134"
[11] "lglasso's bic is 23222.0829299523" "lglasso's bic is 23327.523575863" 
[13] "lglasso's bic is 23490.0718062668" "lglasso's bic is 23698.2693694609"
[15] "lglasso's bic is 23910.7907716763" "lglasso's bic is 24133.8556176228"
[17] "lglasso's bic is 24686.1060859472" "lglasso's bic is 24920.9838496877"
[19] "lglasso's bic is 25136.624374479"  "lglasso's bic is 25356.5461207907"
[1] "The 34th simulation:"
[1] "two-community heter data are generated"
[1] "heter data are generated"
[1] "heter data are generated"
 [1] "lglasso's bic is 34117.250619365"  "lglasso's bic is 29443.2738132267"
 [3] "lglasso's bic is 25790.7059270877" "lglasso's bic is 23162.1491329616"
 [5] "lglasso's bic is 21549.729883478"  "lglasso's bic is 20289.4878344691"
 [7] "lglasso's bic is 19334.7571406478" "lglasso's bic is 18828.1101554361"
 [9] "lglasso's bic is 18580.5460520684" "lglasso's bic is 18548.1809027752"
[11] "lglasso's bic is 18627.3511603645" "lglasso's bic is 18681.3883254148"
[13] "lglasso's bic is 18812.1458769618" "lglasso's bic is 18943.0275648152"
[15] "lglasso's bic is 19098.6634105295" "lglasso's bic is 19255.7051737513"
[17] "lglasso's bic is 19421.4192162336" "lglasso's bic is 19589.6622759765"
[19] "lglasso's bic is 19760.2080511125" "lglasso's bic is 19937.0208668783"
[1] "The 35th simulation:"
[1] "two-community heter data are generated"
[1] "heter data are generated"
[1] "heter data are generated"
 [1] "lglasso's bic is 44196.8054929233" "lglasso's bic is 39651.2297790077"
 [3] "lglasso's bic is 36295.4010672897" "lglasso's bic is 33797.5876576501"
 [5] "lglasso's bic is 31850.155128639"  "lglasso's bic is 30514.8801723777"
 [7] "lglasso's bic is 29638.285182009"  "lglasso's bic is 29055.7545482148"
 [9] "lglasso's bic is 28656.0001414997" "lglasso's bic is 28448.0677491549"
[11] "lglasso's bic is 28405.3502918919" "lglasso's bic is 28427.8449693671"
[13] "lglasso's bic is 28499.3248579095" "lglasso's bic is 28589.4458972381"
[15] "lglasso's bic is 28829.7828612628" "lglasso's bic is 29011.5381713714"
[17] "lglasso's bic is 29149.9740073434" "lglasso's bic is 29366.0189869532"
[19] "lglasso's bic is 29548.7926921069" "lglasso's bic is 29776.6414670488"
[1] "The 36th simulation:"
[1] "two-community heter data are generated"
[1] "heter data are generated"
[1] "heter data are generated"
 [1] "lglasso's bic is 35230.3459529055" "lglasso's bic is 30346.2542124804"
 [3] "lglasso's bic is 26784.6196341251" "lglasso's bic is 24532.9104420201"
 [5] "lglasso's bic is 22772.645346732"  "lglasso's bic is 21419.7239545181"
 [7] "lglasso's bic is 20638.2821682529" "lglasso's bic is 20404.2836964193"
 [9] "lglasso's bic is 20191.3685289348" "lglasso's bic is 20170.8295981867"
[11] "lglasso's bic is 20197.7265495107" "lglasso's bic is 20337.6451656107"
[13] "lglasso's bic is 20515.2299455735" "lglasso's bic is 20673.0468346627"
[15] "lglasso's bic is 20893.9454175246" "lglasso's bic is 21089.3926171467"
[17] "lglasso's bic is 21297.8789188743" "lglasso's bic is 21579.0084425514"
[19] "lglasso's bic is 22083.1032342835" "lglasso's bic is 22311.2546265147"
[1] "The 37th simulation:"
[1] "two-community heter data are generated"
[1] "heter data are generated"
[1] "heter data are generated"
 [1] "lglasso's bic is 36204.3371246446" "lglasso's bic is 31974.2262142493"
 [3] "lglasso's bic is 28804.5827229011" "lglasso's bic is 25949.079613686" 
 [5] "lglasso's bic is 23794.6635651012" "lglasso's bic is 22625.2767904014"
 [7] "lglasso's bic is 21620.9558335318" "lglasso's bic is 21128.5399279232"
 [9] "lglasso's bic is 20570.9873837072" "lglasso's bic is 20308.0707936396"
[11] "lglasso's bic is 20213.1805447667" "lglasso's bic is 20210.1101714605"
[13] "lglasso's bic is 20288.7448702412" "lglasso's bic is 20366.4666787576"
[15] "lglasso's bic is 20484.6482851949" "lglasso's bic is 20596.2560222215"
[17] "lglasso's bic is 20722.3282895738" "lglasso's bic is 20900.1511611099"
[19] "lglasso's bic is 21025.7524828166" "lglasso's bic is 21246.1808535364"
[1] "The 38th simulation:"
[1] "two-community heter data are generated"
[1] "heter data are generated"
[1] "heter data are generated"
 [1] "lglasso's bic is 45046.916321877"  "lglasso's bic is 40856.262497383" 
 [3] "lglasso's bic is 37461.6368233063" "lglasso's bic is 34678.2089566677"
 [5] "lglasso's bic is 32596.8749909543" "lglasso's bic is 31116.3598655857"
 [7] "lglasso's bic is 30051.5924006222" "lglasso's bic is 29524.6835009452"
 [9] "lglasso's bic is 29156.9406799865" "lglasso's bic is 28959.3678300626"
[11] "lglasso's bic is 28876.0378137432" "lglasso's bic is 28829.6368765914"
[13] "lglasso's bic is 28865.1627670551" "lglasso's bic is 28937.4628906653"
[15] "lglasso's bic is 29037.4696374339" "lglasso's bic is 29137.4721098693"
[17] "lglasso's bic is 29235.035094582"  "lglasso's bic is 29331.2072349553"
[19] "lglasso's bic is 29433.9827699528" "lglasso's bic is 29630.2247735132"
[1] "The 39th simulation:"
[1] "two-community heter data are generated"
[1] "heter data are generated"
[1] "heter data are generated"
 [1] "lglasso's bic is 37835.7744339809" "lglasso's bic is 32877.0455890482"
 [3] "lglasso's bic is 29482.8966508371" "lglasso's bic is 27223.2308350249"
 [5] "lglasso's bic is 25431.1817113281" "lglasso's bic is 24177.0013700262"
 [7] "lglasso's bic is 23484.748610234"  "lglasso's bic is 22823.9675780858"
 [9] "lglasso's bic is 22676.748188392"  "lglasso's bic is 22538.8180782145"
[11] "lglasso's bic is 22550.9089257544" "lglasso's bic is 22621.2103444847"
[13] "lglasso's bic is 22704.4789049547" "lglasso's bic is 22850.1745355642"
[15] "lglasso's bic is 23096.5519347573" "lglasso's bic is 23302.477152702" 
[17] "lglasso's bic is 23495.5798768966" "lglasso's bic is 23692.273904791" 
[19] "lglasso's bic is 23871.5108926484" "lglasso's bic is 24051.831628044" 
[1] "The 40th simulation:"
[1] "two-community heter data are generated"
[1] "heter data are generated"
[1] "heter data are generated"
 [1] "lglasso's bic is 43123.1229517739" "lglasso's bic is 38787.381077954" 
 [3] "lglasso's bic is 35719.1435193694" "lglasso's bic is 32692.9485228921"
 [5] "lglasso's bic is 30787.1282212614" "lglasso's bic is 29262.2986609627"
 [7] "lglasso's bic is 28232.8456943766" "lglasso's bic is 27638.6719709743"
 [9] "lglasso's bic is 27206.6567367774" "lglasso's bic is 27008.1889723367"
[11] "lglasso's bic is 26901.4539190163" "lglasso's bic is 26976.9968381486"
[13] "lglasso's bic is 27089.8723255328" "lglasso's bic is 27225.9556178487"
[15] "lglasso's bic is 27481.9029751062" "lglasso's bic is 27603.0197880645"
[17] "lglasso's bic is 27794.3909592637" "lglasso's bic is 27939.7932988625"
[19] "lglasso's bic is 28060.3833941382" "lglasso's bic is 28181.8620338618"
[1] "The 41th simulation:"
[1] "two-community heter data are generated"
[1] "heter data are generated"
[1] "heter data are generated"
 [1] "lglasso's bic is 38568.0404165481" "lglasso's bic is 33620.537994243" 
 [3] "lglasso's bic is 30337.0805118204" "lglasso's bic is 27972.9764492392"
 [5] "lglasso's bic is 26158.8542663113" "lglasso's bic is 24806.8967373781"
 [7] "lglasso's bic is 23823.9400178365" "lglasso's bic is 23323.9572650609"
 [9] "lglasso's bic is 23055.2477660238" "lglasso's bic is 22974.4169206918"
[11] "lglasso's bic is 22953.6622195835" "lglasso's bic is 23101.6501491722"
[13] "lglasso's bic is 23217.1031599299" "lglasso's bic is 23597.0961475489"
[15] "lglasso's bic is 23821.7564682553" "lglasso's bic is 24007.6326462049"
[17] "lglasso's bic is 24182.7306951303" "lglasso's bic is 24467.7381566597"
[19] "lglasso's bic is 24669.6560555787" "lglasso's bic is 25062.4405976789"
[1] "The 42th simulation:"
[1] "two-community heter data are generated"
[1] "heter data are generated"
[1] "heter data are generated"
 [1] "lglasso's bic is 42950.6921229347" "lglasso's bic is 38502.4228327621"
 [3] "lglasso's bic is 34992.7766378588" "lglasso's bic is 32336.8212176963"
 [5] "lglasso's bic is 30551.213289216"  "lglasso's bic is 29096.6943660128"
 [7] "lglasso's bic is 28175.0881036213" "lglasso's bic is 27665.2399110657"
 [9] "lglasso's bic is 27255.1098380343" "lglasso's bic is 27100.0528257414"
[11] "lglasso's bic is 27299.1151165039" "lglasso's bic is 27317.8007594998"
[13] "lglasso's bic is 27402.4851132794" "lglasso's bic is 27594.6305429717"
[15] "lglasso's bic is 27881.1549042162" "lglasso's bic is 28023.3941861942"
[17] "lglasso's bic is 28174.4282304374" "lglasso's bic is 28318.2695936915"
[19] "lglasso's bic is 28481.909762283"  "lglasso's bic is 28703.6658910012"
[1] "The 43th simulation:"
[1] "two-community heter data are generated"
[1] "heter data are generated"
[1] "heter data are generated"
 [1] "lglasso's bic is 38279.3979448052" "lglasso's bic is 33914.4015783914"
 [3] "lglasso's bic is 30328.5659498454" "lglasso's bic is 28059.3093228269"
 [5] "lglasso's bic is 26033.74359228"   "lglasso's bic is 24621.4299538322"
 [7] "lglasso's bic is 23742.0711366787" "lglasso's bic is 23184.0265336461"
 [9] "lglasso's bic is 22966.0532853244" "lglasso's bic is 22703.5905997957"
[11] "lglasso's bic is 22781.7465826403" "lglasso's bic is 22696.9037293137"
[13] "lglasso's bic is 22753.4984625756" "lglasso's bic is 22819.7219098885"
[15] "lglasso's bic is 22940.7838517288" "lglasso's bic is 23070.2570257345"
[17] "lglasso's bic is 23267.2152292193" "lglasso's bic is 23380.2957150402"
[19] "lglasso's bic is 23515.2972270263" "lglasso's bic is 23701.8181544267"
[1] "The 44th simulation:"
[1] "two-community heter data are generated"
[1] "heter data are generated"
[1] "heter data are generated"
 [1] "lglasso's bic is 39641.4036836812" "lglasso's bic is 35595.2533241163"
 [3] "lglasso's bic is 32303.9994359247" "lglasso's bic is 29525.4046320395"
 [5] "lglasso's bic is 27591.0467342139" "lglasso's bic is 26588.0761181187"
 [7] "lglasso's bic is 25579.6481053002" "lglasso's bic is 24818.9343709236"
 [9] "lglasso's bic is 24269.335698113"  "lglasso's bic is 23962.8787461391"
[11] "lglasso's bic is 23883.1458654379" "lglasso's bic is 23841.4368103061"
[13] "lglasso's bic is 23861.4980157613" "lglasso's bic is 23914.4256063644"
[15] "lglasso's bic is 24095.9575887468" "lglasso's bic is 24216.8496657429"
[17] "lglasso's bic is 24316.0137508995" "lglasso's bic is 24448.4036184684"
[19] "lglasso's bic is 24566.2781973306" "lglasso's bic is 24678.4403289569"
[1] "The 45th simulation:"
[1] "two-community heter data are generated"
[1] "heter data are generated"
[1] "heter data are generated"
 [1] "lglasso's bic is 45407.7886210941" "lglasso's bic is 41033.3451047541"
 [3] "lglasso's bic is 37611.7432006054" "lglasso's bic is 34976.4735113197"
 [5] "lglasso's bic is 32851.7893369328" "lglasso's bic is 31396.9337648902"
 [7] "lglasso's bic is 30312.0057013931" "lglasso's bic is 29699.2497106153"
 [9] "lglasso's bic is 29312.1928733339" "lglasso's bic is 29124.9837892249"
[11] "lglasso's bic is 29089.374956187"  "lglasso's bic is 29145.9234067983"
[13] "lglasso's bic is 29233.3259728043" "lglasso's bic is 29310.2328447085"
[15] "lglasso's bic is 29463.0780341197" "lglasso's bic is 29596.2917065204"
[17] "lglasso's bic is 29704.5122823824" "lglasso's bic is 29822.2207976341"
[19] "lglasso's bic is 29944.1681201546" "lglasso's bic is 30105.7560152184"
[1] "The 46th simulation:"
[1] "two-community heter data are generated"
[1] "heter data are generated"
[1] "heter data are generated"
 [1] "lglasso's bic is 42584.038410402"  "lglasso's bic is 38040.5834988789"
 [3] "lglasso's bic is 34653.3957012809" "lglasso's bic is 32172.8512595069"
 [5] "lglasso's bic is 30315.0306166318" "lglasso's bic is 28895.2959282069"
 [7] "lglasso's bic is 27867.1465880985" "lglasso's bic is 27229.0563789947"
 [9] "lglasso's bic is 26858.134022521"  "lglasso's bic is 26714.7221926903"
[11] "lglasso's bic is 26672.2055051264" "lglasso's bic is 26706.2191902609"
[13] "lglasso's bic is 26775.5628756501" "lglasso's bic is 26924.7054105392"
[15] "lglasso's bic is 27031.8204437009" "lglasso's bic is 27136.430234701" 
[17] "lglasso's bic is 27270.2414563631" "lglasso's bic is 27482.0889759905"
[19] "lglasso's bic is 27614.5454282097" "lglasso's bic is 27797.740335285" 
[1] "The 47th simulation:"
[1] "two-community heter data are generated"
[1] "heter data are generated"
[1] "heter data are generated"
 [1] "lglasso's bic is 32866.8897591975" "lglasso's bic is 27958.7861214655"
 [3] "lglasso's bic is 24497.9956331484" "lglasso's bic is 21907.8018795268"
 [5] "lglasso's bic is 20060.6647945187" "lglasso's bic is 18584.8270165155"
 [7] "lglasso's bic is 17942.7376465235" "lglasso's bic is 17554.8718640555"
 [9] "lglasso's bic is 17474.7965763097" "lglasso's bic is 17406.9138382065"
[11] "lglasso's bic is 17433.5539200524" "lglasso's bic is 17582.5894545061"
[13] "lglasso's bic is 17922.4445892777" "lglasso's bic is 18117.5230901853"
[15] "lglasso's bic is 18513.3263839437" "lglasso's bic is 18699.9432495112"
[17] "lglasso's bic is 18976.1947034907" "lglasso's bic is 19159.9789336319"
[19] "lglasso's bic is 19399.4523348827" "lglasso's bic is 19591.1169722223"
[1] "The 48th simulation:"
[1] "two-community heter data are generated"
[1] "heter data are generated"
[1] "heter data are generated"
 [1] "lglasso's bic is 40109.4807142345" "lglasso's bic is 35445.9174988536"
 [3] "lglasso's bic is 32116.756978611"  "lglasso's bic is 29782.3359576997"
 [5] "lglasso's bic is 27869.3243325084" "lglasso's bic is 26447.1797029764"
 [7] "lglasso's bic is 25502.4732599214" "lglasso's bic is 24890.3292119453"
 [9] "lglasso's bic is 24795.2249452492" "lglasso's bic is 24747.882948661" 
[11] "lglasso's bic is 24814.4818450008" "lglasso's bic is 24899.8710516298"
[13] "lglasso's bic is 25060.3423642528" "lglasso's bic is 25234.8161843472"
[15] "lglasso's bic is 25433.9873727526" "lglasso's bic is 25627.0501304326"
[17] "lglasso's bic is 25902.5150499697" "lglasso's bic is 26198.1091280498"
[19] "lglasso's bic is 26387.0142115247" "lglasso's bic is 26675.5997930034"
[1] "The 49th simulation:"
[1] "two-community heter data are generated"
[1] "heter data are generated"
[1] "heter data are generated"
 [1] "lglasso's bic is 51172.6593395519" "lglasso's bic is 47047.7799422009"
 [3] "lglasso's bic is 43834.4033121307" "lglasso's bic is 40957.5649437973"
 [5] "lglasso's bic is 38763.2857080246" "lglasso's bic is 37319.1838694497"
 [7] "lglasso's bic is 36229.5403405306" "lglasso's bic is 35597.2956883242"
 [9] "lglasso's bic is 35291.3572801485" "lglasso's bic is 35074.6487403182"
[11] "lglasso's bic is 34845.3936597881" "lglasso's bic is 34881.0411088776"
[13] "lglasso's bic is 34884.6906323419" "lglasso's bic is 34929.8871832139"
[15] "lglasso's bic is 35013.7030019471" "lglasso's bic is 35084.3184935851"
[17] "lglasso's bic is 35252.0808416408" "lglasso's bic is 35404.6264910231"
[19] "lglasso's bic is 35494.4831554448" "lglasso's bic is 35593.8903358997"
[1] "The 50th simulation:"
[1] "two-community heter data are generated"
[1] "heter data are generated"
[1] "heter data are generated"
 [1] "lglasso's bic is 33090.629155627"  "lglasso's bic is 28082.9425561435"
 [3] "lglasso's bic is 24798.4332065785" "lglasso's bic is 22248.063535469" 
 [5] "lglasso's bic is 20390.3231842726" "lglasso's bic is 19206.4407614809"
 [7] "lglasso's bic is 18700.1235895374" "lglasso's bic is 18265.7873932923"
 [9] "lglasso's bic is 18155.4313336833" "lglasso's bic is 18069.1131810205"
[11] "lglasso's bic is 18239.1993889658" "lglasso's bic is 18403.8964281165"
[13] "lglasso's bic is 18616.47239984"   "lglasso's bic is 18852.2039661095"
[15] "lglasso's bic is 19044.9269768277" "lglasso's bic is 19243.8854797569"
[17] "lglasso's bic is 19448.5079883726" "lglasso's bic is 19763.026068853" 
[19] "lglasso's bic is 19964.7152836655" "lglasso's bic is 20166.4974265686"
There were 50 or more warnings (use warnings() to see the first 50)
> save(simures,file="subject=40_time=20_uu2=0.1.Rd")
> q("no")
> proc.time()
     user    system   elapsed 
29458.654    77.682 31850.107 
