
R version 4.1.2 (2021-11-01) -- "Bird Hippie"
Copyright (C) 2021 The R Foundation for Statistical Computing
Platform: x86_64-pc-linux-gnu (64-bit)

R is free software and comes with ABSOLUTELY NO WARRANTY.
You are welcome to redistribute it under certain conditions.
Type 'license()' or 'licence()' for distribution details.

  Natural language support but running in an English locale

R is a collaborative project with many contributors.
Type 'contributors()' for more information and
'citation()' on how to cite R or R packages in publications.

Type 'demo()' for some demos, 'help()' for on-line help, or
'help.start()' for an HTML browser interface to help.
Type 'q()' to quit R.

> library("lglasso")
> library("glasso")
> library("BDgraph")
> library("GGMselect")
Loading required package: mvtnorm

Attaching package: 'mvtnorm'

The following object is masked from 'package:BDgraph':

    rmvnorm

> library("Matrix")
> m=40
> n=10
> uu2=0.4
> Nsim=50
> rho=vector("list",5)
> rho[[1]]=seq(0.001,0.3,length=20)
> rho[[2]]=seq(0.001,0.3,length=20)
> rho[[3]]=seq(0.001,0.3,length=20)
> rho[[4]]=seq(0.00001,0.1,length=10)
> rho[[5]]=seq(0.00001,0.1,length=10)
> set.seed(m+n+uu2)
> simures=power_compare1(m=m,n=n,p=80,coe=c(2,0,0),l=Nsim,rho=rho,prob=0.01,heter=T,community2=T,uu=c(0.1,uu2),zirate=c(0.2, 0.8))
[1] "The 1th simulation:"
[1] "two-community heter data are generated"
[1] "heter data are generated"
[1] "heter data are generated"
 [1] "lglasso's bic is 16510.5256523705" "lglasso's bic is 12641.1150505159"
 [3] "lglasso's bic is 9725.62203075769" "lglasso's bic is 7820.40071234935"
 [5] "lglasso's bic is 6201.21830405434" "lglasso's bic is 5051.66197794047"
 [7] "lglasso's bic is 4466.65072734188" "lglasso's bic is 3794.30489246124"
 [9] "lglasso's bic is 3350.1707399808"  "lglasso's bic is 3191.09670886475"
[11] "lglasso's bic is 3109.34763995339" "lglasso's bic is 3210.14183022493"
[13] "lglasso's bic is 3288.03287870825" "lglasso's bic is 3396.84638847101"
[15] "lglasso's bic is 3491.55186166787" "lglasso's bic is 3640.81143776886"
[17] "lglasso's bic is 3729.67969669611" "lglasso's bic is 3891.66167596462"
[19] "lglasso's bic is 4091.26000492501" "lglasso's bic is 4201.93398494359"
[1] "The 2th simulation:"
[1] "two-community heter data are generated"
[1] "heter data are generated"
[1] "heter data are generated"
 [1] "lglasso's bic is 14817.1659174034" "lglasso's bic is 10542.4534269703"
 [3] "lglasso's bic is 7905.44979289365" "lglasso's bic is 5904.39113321249"
 [5] "lglasso's bic is 4553.33822264785" "lglasso's bic is 3549.59781616322"
 [7] "lglasso's bic is 2935.85032676617" "lglasso's bic is 2516.67967325261"
 [9] "lglasso's bic is 2260.57123959096" "lglasso's bic is 2206.22969381192"
[11] "lglasso's bic is 2240.60115473614" "lglasso's bic is 2335.09475258374"
[13] "lglasso's bic is 2462.97695745517" "lglasso's bic is 2606.68231347075"
[15] "lglasso's bic is 2784.3771886716"  "lglasso's bic is 2924.85365490588"
[17] "lglasso's bic is 3117.98566044687" "lglasso's bic is 3282.68236875146"
[19] "lglasso's bic is 3483.25389034591" "lglasso's bic is 3691.20939612936"
[1] "The 3th simulation:"
[1] "two-community heter data are generated"
[1] "heter data are generated"
[1] "heter data are generated"
 [1] "lglasso's bic is 13501.6428473347" "lglasso's bic is 9387.23515428939"
 [3] "lglasso's bic is 6372.13529191722" "lglasso's bic is 4185.10695014129"
 [5] "lglasso's bic is 2604.23243612604" "lglasso's bic is 1406.2264567106" 
 [7] "lglasso's bic is 873.608389958696" "lglasso's bic is 367.905591252318"
 [9] "lglasso's bic is 212.295619496851" "lglasso's bic is 188.006367590613"
[11] "lglasso's bic is 218.223587098823" "lglasso's bic is 258.658178441717"
[13] "lglasso's bic is 361.456871970629" "lglasso's bic is 474.000609526274"
[15] "lglasso's bic is 585.829527129597" "lglasso's bic is 730.1203165104"  
[17] "lglasso's bic is 832.64123213118"  "lglasso's bic is 1189.38173787306"
[19] "lglasso's bic is 1277.00440288984" "lglasso's bic is 1391.71726161184"
[1] "The 4th simulation:"
[1] "two-community heter data are generated"
[1] "heter data are generated"
[1] "heter data are generated"
 [1] "lglasso's bic is 14036.5724900661" "lglasso's bic is 9400.76930878809"
 [3] "lglasso's bic is 7089.29330249674" "lglasso's bic is 5164.56331372335"
 [5] "lglasso's bic is 3663.09565653009" "lglasso's bic is 2606.76933808326"
 [7] "lglasso's bic is 1875.27164780563" "lglasso's bic is 1387.02589633019"
 [9] "lglasso's bic is 1228.3550833586"  "lglasso's bic is 1159.07367326118"
[11] "lglasso's bic is 1399.87697261435" "lglasso's bic is 1537.64826616367"
[13] "lglasso's bic is 1684.75791693062" "lglasso's bic is 1853.71739215357"
[15] "lglasso's bic is 1980.64063296685" "lglasso's bic is 2172.81834478227"
[17] "lglasso's bic is 2435.79968170058" "lglasso's bic is 2552.61931996878"
[19] "lglasso's bic is 2670.17992567555" "lglasso's bic is 2820.6319676183" 
[1] "The 5th simulation:"
[1] "two-community heter data are generated"
[1] "heter data are generated"
[1] "heter data are generated"
 [1] "lglasso's bic is 16756.592452868"  "lglasso's bic is 12945.0369635053"
 [3] "lglasso's bic is 10186.4033188494" "lglasso's bic is 7913.88239563522"
 [5] "lglasso's bic is 6183.36073985953" "lglasso's bic is 5118.49821134283"
 [7] "lglasso's bic is 4437.28215656406" "lglasso's bic is 3824.14166458064"
 [9] "lglasso's bic is 3615.86187142757" "lglasso's bic is 3687.56218491139"
[11] "lglasso's bic is 3643.49744213806" "lglasso's bic is 3920.22943127875"
[13] "lglasso's bic is 4034.59737186471" "lglasso's bic is 4126.9018037128" 
[15] "lglasso's bic is 4278.946959932"   "lglasso's bic is 4435.8005834192" 
[17] "lglasso's bic is 4527.81066358602" "lglasso's bic is 4619.27704729664"
[19] "lglasso's bic is 4727.01967019564" "lglasso's bic is 4820.9597195701" 
[1] "The 6th simulation:"
[1] "two-community heter data are generated"
[1] "heter data are generated"
[1] "heter data are generated"
 [1] "lglasso's bic is 19007.1083306139" "lglasso's bic is 15176.0031970142"
 [3] "lglasso's bic is 12369.257760953"  "lglasso's bic is 10088.6181596015"
 [5] "lglasso's bic is 8596.05656579173" "lglasso's bic is 7242.74032059701"
 [7] "lglasso's bic is 6296.7610220721"  "lglasso's bic is 5935.0814260328" 
 [9] "lglasso's bic is 5590.87760004718" "lglasso's bic is 5454.52283556571"
[11] "lglasso's bic is 5425.80434456085" "lglasso's bic is 5428.7256511911" 
[13] "lglasso's bic is 5505.9650006066"  "lglasso's bic is 5592.33470780802"
[15] "lglasso's bic is 5707.9512426469"  "lglasso's bic is 6186.78357912347"
[17] "lglasso's bic is 6276.79214363201" "lglasso's bic is 6367.81481716892"
[19] "lglasso's bic is 6493.10481077002" "lglasso's bic is 6637.73213845989"
[1] "The 7th simulation:"
[1] "two-community heter data are generated"
[1] "heter data are generated"
[1] "heter data are generated"
 [1] "lglasso's bic is 17462.4340603761" "lglasso's bic is 13383.8687047702"
 [3] "lglasso's bic is 10563.9832337776" "lglasso's bic is 8226.82470814777"
 [5] "lglasso's bic is 6556.52632512519" "lglasso's bic is 5405.3733587084" 
 [7] "lglasso's bic is 4751.28095927963" "lglasso's bic is 4271.74650039052"
 [9] "lglasso's bic is 4005.62208438784" "lglasso's bic is 3924.08733154664"
[11] "lglasso's bic is 3952.0350123769"  "lglasso's bic is 4010.29494514289"
[13] "lglasso's bic is 4144.14047354473" "lglasso's bic is 4222.2168778152" 
[15] "lglasso's bic is 4322.15093625471" "lglasso's bic is 4566.94109257742"
[17] "lglasso's bic is 4669.00118444968" "lglasso's bic is 4807.01799875878"
[19] "lglasso's bic is 5000.36058420792" "lglasso's bic is 5130.33713825712"
[1] "The 8th simulation:"
[1] "two-community heter data are generated"
[1] "heter data are generated"
[1] "heter data are generated"
 [1] "lglasso's bic is 12135.5276428232"  "lglasso's bic is 7724.22457899538" 
 [3] "lglasso's bic is 4791.57692815766"  "lglasso's bic is 2890.77959315135" 
 [5] "lglasso's bic is 1367.75167263762"  "lglasso's bic is 305.823702601778" 
 [7] "lglasso's bic is -471.505146367771" "lglasso's bic is -820.516702111724"
 [9] "lglasso's bic is -912.743767651946" "lglasso's bic is -956.591058590194"
[11] "lglasso's bic is -813.916140931388" "lglasso's bic is -730.158046646858"
[13] "lglasso's bic is -610.762174769368" "lglasso's bic is -406.071300881514"
[15] "lglasso's bic is -291.52450625984"  "lglasso's bic is -171.028421431576"
[17] "lglasso's bic is 62.7172127636704"  "lglasso's bic is 336.86564516029"  
[19] "lglasso's bic is 616.508792601692"  "lglasso's bic is 733.779778838317" 
[1] "The 9th simulation:"
[1] "two-community heter data are generated"
[1] "heter data are generated"
[1] "heter data are generated"
 [1] "lglasso's bic is 17626.5358301205" "lglasso's bic is 13691.2076376565"
 [3] "lglasso's bic is 10827.4547887256" "lglasso's bic is 8359.06464591519"
 [5] "lglasso's bic is 6831.0316857617"  "lglasso's bic is 5566.00631286187"
 [7] "lglasso's bic is 4841.81593608037" "lglasso's bic is 4243.14753802056"
 [9] "lglasso's bic is 4056.69219919713" "lglasso's bic is 3912.20855848648"
[11] "lglasso's bic is 3944.80227784594" "lglasso's bic is 3971.50605860975"
[13] "lglasso's bic is 4031.80406914226" "lglasso's bic is 4108.14091567765"
[15] "lglasso's bic is 4181.90377264927" "lglasso's bic is 4265.02389228749"
[17] "lglasso's bic is 4377.30432050351" "lglasso's bic is 4475.71028743946"
[19] "lglasso's bic is 4667.34691392839" "lglasso's bic is 4903.44535038405"
[1] "The 10th simulation:"
[1] "two-community heter data are generated"
[1] "heter data are generated"
[1] "heter data are generated"
 [1] "lglasso's bic is 17737.2848057002" "lglasso's bic is 14084.8028573647"
 [3] "lglasso's bic is 11046.8381011462" "lglasso's bic is 8866.84147953173"
 [5] "lglasso's bic is 7283.26000740077" "lglasso's bic is 5875.03411980132"
 [7] "lglasso's bic is 5034.66658451575" "lglasso's bic is 4514.8921513068" 
 [9] "lglasso's bic is 4234.83803676952" "lglasso's bic is 4123.89614563209"
[11] "lglasso's bic is 4040.43582091347" "lglasso's bic is 4101.0330542844" 
[13] "lglasso's bic is 4137.74730824855" "lglasso's bic is 4220.95533393687"
[15] "lglasso's bic is 4310.59053802087" "lglasso's bic is 4430.18834871424"
[17] "lglasso's bic is 4512.37905000937" "lglasso's bic is 4763.72521889854"
[19] "lglasso's bic is 4848.50231509895" "lglasso's bic is 4951.58512789169"
[1] "The 11th simulation:"
[1] "two-community heter data are generated"
[1] "heter data are generated"
[1] "heter data are generated"
 [1] "lglasso's bic is 7001.81662850422"  "lglasso's bic is 2082.93764468024" 
 [3] "lglasso's bic is 366.279763919169"  "lglasso's bic is -686.822923512595"
 [5] "lglasso's bic is -1815.83730183705" "lglasso's bic is -2503.00683630698"
 [7] "lglasso's bic is -2821.86395800975" "lglasso's bic is -3000.40413549203"
 [9] "lglasso's bic is -2932.15907152477" "lglasso's bic is -2652.86478671985"
[11] "lglasso's bic is -2544.62125422144" "lglasso's bic is -2252.78668185342"
[13] "lglasso's bic is -1953.49704650965" "lglasso's bic is -1609.44853920135"
[15] "lglasso's bic is -1346.47946196925" "lglasso's bic is -1105.34943537189"
[17] "lglasso's bic is -845.320969131049" "lglasso's bic is -591.853475003308"
[19] "lglasso's bic is -274.903343561313" "lglasso's bic is 46.7967554514246" 
[1] "The 12th simulation:"
[1] "two-community heter data are generated"
[1] "heter data are generated"
[1] "heter data are generated"
 [1] "lglasso's bic is 14487.3371458027" "lglasso's bic is 10150.0944809214"
 [3] "lglasso's bic is 7324.20192180038" "lglasso's bic is 5429.80315578551"
 [5] "lglasso's bic is 4306.47971051218" "lglasso's bic is 3121.6900495434" 
 [7] "lglasso's bic is 2233.12555919221" "lglasso's bic is 1754.93088964531"
 [9] "lglasso's bic is 1546.86111089338" "lglasso's bic is 1512.18071054036"
[11] "lglasso's bic is 1555.29990284698" "lglasso's bic is 1542.35152637898"
[13] "lglasso's bic is 1614.04093629792" "lglasso's bic is 1736.06845852523"
[15] "lglasso's bic is 1853.92641322685" "lglasso's bic is 2002.30176620175"
[17] "lglasso's bic is 2186.08409444627" "lglasso's bic is 2337.81223354787"
[19] "lglasso's bic is 2455.76997901052" "lglasso's bic is 2739.75981279914"
[1] "The 13th simulation:"
[1] "two-community heter data are generated"
[1] "heter data are generated"
[1] "heter data are generated"
 [1] "lglasso's bic is 20126.6713087569" "lglasso's bic is 16257.0929447474"
 [3] "lglasso's bic is 13461.5423495404" "lglasso's bic is 11490.4519165064"
 [5] "lglasso's bic is 9852.52584217826" "lglasso's bic is 8539.54204288454"
 [7] "lglasso's bic is 7870.97889850958" "lglasso's bic is 7312.54957091795"
 [9] "lglasso's bic is 6961.91675591847" "lglasso's bic is 6812.25795110167"
[11] "lglasso's bic is 6775.34297534206" "lglasso's bic is 6755.89376557026"
[13] "lglasso's bic is 6785.20503605057" "lglasso's bic is 6861.15261100408"
[15] "lglasso's bic is 7037.95149672723" "lglasso's bic is 7138.12398702094"
[17] "lglasso's bic is 7252.31433671918" "lglasso's bic is 7486.35702529085"
[19] "lglasso's bic is 7608.69665457337" "lglasso's bic is 7708.73656583908"
[1] "The 14th simulation:"
[1] "two-community heter data are generated"
[1] "heter data are generated"
[1] "heter data are generated"
 [1] "lglasso's bic is 15111.3145230387" "lglasso's bic is 10927.125847885" 
 [3] "lglasso's bic is 8187.21991230936" "lglasso's bic is 5961.44725679731"
 [5] "lglasso's bic is 4296.79777098658" "lglasso's bic is 3599.79476490861"
 [7] "lglasso's bic is 2882.04894285971" "lglasso's bic is 2384.05346175972"
 [9] "lglasso's bic is 2108.63022169657" "lglasso's bic is 2041.45121551394"
[11] "lglasso's bic is 2035.16149502417" "lglasso's bic is 2089.07821589424"
[13] "lglasso's bic is 2190.60787429975" "lglasso's bic is 2297.35714414287"
[15] "lglasso's bic is 2428.41448439375" "lglasso's bic is 2547.01646742082"
[17] "lglasso's bic is 2713.09808441926" "lglasso's bic is 3035.76574107639"
[19] "lglasso's bic is 3154.54308914146" "lglasso's bic is 3418.22247555517"
[1] "The 15th simulation:"
[1] "two-community heter data are generated"
[1] "heter data are generated"
[1] "heter data are generated"
 [1] "lglasso's bic is 11843.198539706"   "lglasso's bic is 7120.48628809931" 
 [3] "lglasso's bic is 4434.96404374157"  "lglasso's bic is 2638.02430345143" 
 [5] "lglasso's bic is 1399.58082480002"  "lglasso's bic is 696.533117574987" 
 [7] "lglasso's bic is 34.1024578100792"  "lglasso's bic is -209.179286542797"
 [9] "lglasso's bic is -437.288666067535" "lglasso's bic is -441.868773473013"
[11] "lglasso's bic is -363.025664124308" "lglasso's bic is -160.791744834782"
[13] "lglasso's bic is -39.8417343803768" "lglasso's bic is 137.899415521627" 
[15] "lglasso's bic is 499.185565056554"  "lglasso's bic is 652.241082626443" 
[17] "lglasso's bic is 835.003238673052"  "lglasso's bic is 1053.86761014794" 
[19] "lglasso's bic is 1220.20598819697"  "lglasso's bic is 1444.83418956253" 
[1] "The 16th simulation:"
[1] "two-community heter data are generated"
[1] "heter data are generated"
[1] "heter data are generated"
 [1] "lglasso's bic is 18371.8070345258" "lglasso's bic is 14372.5080951959"
 [3] "lglasso's bic is 11556.7819086808" "lglasso's bic is 9309.00461051832"
 [5] "lglasso's bic is 7834.93247049735" "lglasso's bic is 6723.51412638629"
 [7] "lglasso's bic is 6017.0636068726"  "lglasso's bic is 5560.3220736935" 
 [9] "lglasso's bic is 5351.32314687675" "lglasso's bic is 5209.33121596563"
[11] "lglasso's bic is 5208.24469026042" "lglasso's bic is 5244.92558106446"
[13] "lglasso's bic is 5415.7470791859"  "lglasso's bic is 5547.05282497034"
[15] "lglasso's bic is 5684.25131446993" "lglasso's bic is 5807.57042175966"
[17] "lglasso's bic is 5944.07499525468" "lglasso's bic is 6072.73543517651"
[19] "lglasso's bic is 6212.79335495974" "lglasso's bic is 6359.40211374512"
[1] "The 17th simulation:"
[1] "two-community heter data are generated"
[1] "heter data are generated"
[1] "heter data are generated"
 [1] "lglasso's bic is 16070.1249682269" "lglasso's bic is 12101.0277139813"
 [3] "lglasso's bic is 9390.34312641003" "lglasso's bic is 7220.22419517393"
 [5] "lglasso's bic is 5694.79190155689" "lglasso's bic is 4520.40789683567"
 [7] "lglasso's bic is 3698.22615051677" "lglasso's bic is 3144.3745343653" 
 [9] "lglasso's bic is 2895.78011920843" "lglasso's bic is 2798.0755106633" 
[11] "lglasso's bic is 2781.10745952155" "lglasso's bic is 2840.38867883036"
[13] "lglasso's bic is 2916.0588832017"  "lglasso's bic is 3093.36013839715"
[15] "lglasso's bic is 3197.01454554589" "lglasso's bic is 3318.06956076731"
[17] "lglasso's bic is 3436.2183271102"  "lglasso's bic is 3562.20556062615"
[19] "lglasso's bic is 3684.61007946815" "lglasso's bic is 3810.39771643609"
[1] "The 18th simulation:"
[1] "two-community heter data are generated"
[1] "heter data are generated"
[1] "heter data are generated"
 [1] "lglasso's bic is 16945.2785199098" "lglasso's bic is 13262.0004263597"
 [3] "lglasso's bic is 10430.328599823"  "lglasso's bic is 8520.24868084337"
 [5] "lglasso's bic is 7167.79482079104" "lglasso's bic is 5909.41765286114"
 [7] "lglasso's bic is 3562.38196969479" "lglasso's bic is 3100.83742888937"
 [9] "lglasso's bic is 2884.7567025278"  "lglasso's bic is 2781.96123529521"
[11] "lglasso's bic is 2869.44440946974" "lglasso's bic is 2954.99991232869"
[13] "lglasso's bic is 3038.42360504266" "lglasso's bic is 3120.06775958734"
[15] "lglasso's bic is 4084.14749383217" "lglasso's bic is 4236.72749838308"
[17] "lglasso's bic is 4332.13808002932" "lglasso's bic is 4515.84395088234"
[19] "lglasso's bic is 4692.51491261735" "lglasso's bic is 4900.9970318989" 
[1] "The 19th simulation:"
[1] "two-community heter data are generated"
[1] "heter data are generated"
[1] "heter data are generated"
 [1] "lglasso's bic is 20390.1253208146" "lglasso's bic is 16544.0116044445"
 [3] "lglasso's bic is 13633.733736607"  "lglasso's bic is 11535.0542467931"
 [5] "lglasso's bic is 9611.88746976768" "lglasso's bic is 8378.2219434881" 
 [7] "lglasso's bic is 7536.45512646634" "lglasso's bic is 7066.2673004921" 
 [9] "lglasso's bic is 6740.15477051308" "lglasso's bic is 6614.65580385952"
[11] "lglasso's bic is 6581.08770501973" "lglasso's bic is 6652.83560265605"
[13] "lglasso's bic is 6717.31131966302" "lglasso's bic is 6835.48329692761"
[15] "lglasso's bic is 6959.42445433454" "lglasso's bic is 7173.1015176152" 
[17] "lglasso's bic is 7299.83718332933" "lglasso's bic is 7491.23951706151"
[19] "lglasso's bic is 7590.96348717162" "lglasso's bic is 7683.98889443997"
[1] "The 20th simulation:"
[1] "two-community heter data are generated"
[1] "heter data are generated"
[1] "heter data are generated"
 [1] "lglasso's bic is 15338.6790529989" "lglasso's bic is 11548.1292080361"
 [3] "lglasso's bic is 8855.0034886806"  "lglasso's bic is 6916.70039064715"
 [5] "lglasso's bic is 5591.47712468256" "lglasso's bic is 4474.68765676678"
 [7] "lglasso's bic is 3691.18222342933" "lglasso's bic is 3076.46415203478"
 [9] "lglasso's bic is 1482.75830571744" "lglasso's bic is 1389.16652361268"
[11] "lglasso's bic is 1356.5977399506"  "lglasso's bic is 1430.63062205472"
[13] "lglasso's bic is 1522.40708103131" "lglasso's bic is 2789.05363039837"
[15] "lglasso's bic is 2861.61568610757" "lglasso's bic is 2916.09803388555"
[17] "lglasso's bic is 3012.97530866922" "lglasso's bic is 3174.02036873875"
[19] "lglasso's bic is 3262.05328227706" "lglasso's bic is 3398.10787528106"
[1] "The 21th simulation:"
[1] "two-community heter data are generated"
[1] "heter data are generated"
[1] "heter data are generated"
 [1] "lglasso's bic is 13397.4336487516" "lglasso's bic is 9023.19546518077"
 [3] "lglasso's bic is 5836.74443220465" "lglasso's bic is 3633.3920303605" 
 [5] "lglasso's bic is 2175.65685876838" "lglasso's bic is 1113.51346986496"
 [7] "lglasso's bic is 544.868967676222" "lglasso's bic is 360.5220553354"  
 [9] "lglasso's bic is 173.421244655237" "lglasso's bic is 117.361527472131"
[11] "lglasso's bic is 171.921313920136" "lglasso's bic is 367.263225913981"
[13] "lglasso's bic is 461.527521830586" "lglasso's bic is 577.316615188455"
[15] "lglasso's bic is 692.831960025826" "lglasso's bic is 835.737829159865"
[17] "lglasso's bic is 969.880781887104" "lglasso's bic is 1270.26907451619"
[19] "lglasso's bic is 1384.2086183114"  "lglasso's bic is 1568.73721596224"
[1] "The 22th simulation:"
[1] "two-community heter data are generated"
[1] "heter data are generated"
[1] "heter data are generated"
 [1] "lglasso's bic is 14705.2154069962" "lglasso's bic is 10730.2398113884"
 [3] "lglasso's bic is 8082.67732095558" "lglasso's bic is 5870.44831841388"
 [5] "lglasso's bic is 4209.60262598891" "lglasso's bic is 3081.99128211817"
 [7] "lglasso's bic is 2330.37646460168" "lglasso's bic is 1782.92127701568"
 [9] "lglasso's bic is 1495.13369725581" "lglasso's bic is 1303.13762087913"
[11] "lglasso's bic is 1282.42138411502" "lglasso's bic is 1351.40251711138"
[13] "lglasso's bic is 1393.19314067628" "lglasso's bic is 1485.06050114715"
[15] "lglasso's bic is 1577.84131328199" "lglasso's bic is 1678.08543843989"
[17] "lglasso's bic is 1797.12919400216" "lglasso's bic is 1897.94246475936"
[19] "lglasso's bic is 2287.68913701463" "lglasso's bic is 2407.38054008778"
[1] "The 23th simulation:"
[1] "two-community heter data are generated"
[1] "heter data are generated"
[1] "heter data are generated"
 [1] "lglasso's bic is 14685.5443772491" "lglasso's bic is 10204.233380446" 
 [3] "lglasso's bic is 7548.87061663866" "lglasso's bic is 5716.27257325854"
 [5] "lglasso's bic is 4153.25690255679" "lglasso's bic is 3284.83102775111"
 [7] "lglasso's bic is 2648.54572915498" "lglasso's bic is 2340.47053548377"
 [9] "lglasso's bic is 2171.79527798743" "lglasso's bic is 2167.81400725389"
[11] "lglasso's bic is 2216.68823586378" "lglasso's bic is 2369.51831358768"
[13] "lglasso's bic is 2570.71365998652" "lglasso's bic is 2728.04183560438"
[15] "lglasso's bic is 2894.91215627549" "lglasso's bic is 3077.99993847359"
[17] "lglasso's bic is 3283.36756300214" "lglasso's bic is 3463.72348831412"
[19] "lglasso's bic is 3632.99586245287" "lglasso's bic is 3862.24557674432"
[1] "The 24th simulation:"
[1] "two-community heter data are generated"
[1] "heter data are generated"
[1] "heter data are generated"
 [1] "lglasso's bic is 19138.589317421"  "lglasso's bic is 14921.1792964392"
 [3] "lglasso's bic is 12013.1302361066" "lglasso's bic is 9823.63127543569"
 [5] "lglasso's bic is 8362.0543589901"  "lglasso's bic is 7203.72683278591"
 [7] "lglasso's bic is 6385.39600986968" "lglasso's bic is 5987.92133959529"
 [9] "lglasso's bic is 5617.40423221448" "lglasso's bic is 5512.58942033154"
[11] "lglasso's bic is 5516.58190336944" "lglasso's bic is 5625.29950652862"
[13] "lglasso's bic is 5736.17454359099" "lglasso's bic is 5952.99629314963"
[15] "lglasso's bic is 6093.74364440024" "lglasso's bic is 6191.06368851627"
[17] "lglasso's bic is 6289.04361469532" "lglasso's bic is 6423.45656943972"
[19] "lglasso's bic is 6529.44022272303" "lglasso's bic is 6699.79204505343"
[1] "The 25th simulation:"
[1] "two-community heter data are generated"
[1] "heter data are generated"
[1] "heter data are generated"
 [1] "lglasso's bic is 12551.7770036008"  "lglasso's bic is 8071.67923060783" 
 [3] "lglasso's bic is 5414.73192648358"  "lglasso's bic is 3373.82392419095" 
 [5] "lglasso's bic is 1917.65527471305"  "lglasso's bic is 941.487646849033" 
 [7] "lglasso's bic is 334.788144301577"  "lglasso's bic is -87.1645809578786"
 [9] "lglasso's bic is -179.845799058641" "lglasso's bic is -195.455397188938"
[11] "lglasso's bic is -102.378581351535" "lglasso's bic is 115.630211623053" 
[13] "lglasso's bic is 369.693590593792"  "lglasso's bic is 522.000700373374" 
[15] "lglasso's bic is 1152.77868217748"  "lglasso's bic is 1320.55541623278" 
[17] "lglasso's bic is 1458.75819121454"  "lglasso's bic is 1592.19978360993" 
[19] "lglasso's bic is 1732.32019847848"  "lglasso's bic is 1874.97975642894" 
[1] "The 26th simulation:"
[1] "two-community heter data are generated"
[1] "heter data are generated"
[1] "heter data are generated"
 [1] "lglasso's bic is 17763.9605799459" "lglasso's bic is 13883.0538449774"
 [3] "lglasso's bic is 11007.8822304416" "lglasso's bic is 8820.3893936008" 
 [5] "lglasso's bic is 7129.87832571311" "lglasso's bic is 5925.64653856393"
 [7] "lglasso's bic is 5327.82364270013" "lglasso's bic is 4725.84024070187"
 [9] "lglasso's bic is 4325.01649009276" "lglasso's bic is 4141.96724996024"
[11] "lglasso's bic is 4081.27928979471" "lglasso's bic is 4125.79906705792"
[13] "lglasso's bic is 4213.57605823761" "lglasso's bic is 4295.91014576368"
[15] "lglasso's bic is 4373.80204735083" "lglasso's bic is 4466.06908662033"
[17] "lglasso's bic is 4565.55091638896" "lglasso's bic is 4648.59566366418"
[19] "lglasso's bic is 4799.67978506951" "lglasso's bic is 4901.84976619416"
[1] "The 27th simulation:"
[1] "two-community heter data are generated"
[1] "heter data are generated"
[1] "heter data are generated"
 [1] "lglasso's bic is 15484.8464029879" "lglasso's bic is 11778.3055428407"
 [3] "lglasso's bic is 8710.77598138948" "lglasso's bic is 6674.77122023671"
 [5] "lglasso's bic is 5074.56627266937" "lglasso's bic is 3797.63545761805"
 [7] "lglasso's bic is 2983.54292950181" "lglasso's bic is 2457.75144082357"
 [9] "lglasso's bic is 2393.78859697616" "lglasso's bic is 2515.55125950897"
[11] "lglasso's bic is 2457.59010317081" "lglasso's bic is 2436.85950044198"
[13] "lglasso's bic is 2451.06818667765" "lglasso's bic is 2512.06048236563"
[15] "lglasso's bic is 2584.51467906266" "lglasso's bic is 2709.9590901056" 
[17] "lglasso's bic is 2802.88551068493" "lglasso's bic is 2903.84260537667"
[19] "lglasso's bic is 3028.95733822105" "lglasso's bic is 3227.22991397542"
[1] "The 28th simulation:"
[1] "two-community heter data are generated"
[1] "heter data are generated"
[1] "heter data are generated"
 [1] "lglasso's bic is 16328.7754084338" "lglasso's bic is 12838.4233421644"
 [3] "lglasso's bic is 10175.0661196736" "lglasso's bic is 8211.5444396734" 
 [5] "lglasso's bic is 6582.2289177895"  "lglasso's bic is 5491.64609993402"
 [7] "lglasso's bic is 4493.71171027356" "lglasso's bic is 3983.62999732785"
 [9] "lglasso's bic is 3626.50956012772" "lglasso's bic is 3416.98135829098"
[11] "lglasso's bic is 3323.15020617666" "lglasso's bic is 3269.71911210986"
[13] "lglasso's bic is 3254.67552141494" "lglasso's bic is 3316.25477988648"
[15] "lglasso's bic is 3402.39436005972" "lglasso's bic is 3542.70911955906"
[17] "lglasso's bic is 3625.44450326685" "lglasso's bic is 3724.21362003353"
[19] "lglasso's bic is 3826.31847336245" "lglasso's bic is 3968.78785266548"
[1] "The 29th simulation:"
[1] "two-community heter data are generated"
[1] "heter data are generated"
[1] "heter data are generated"
 [1] "lglasso's bic is 17509.3096882595" "lglasso's bic is 13610.1979302265"
 [3] "lglasso's bic is 11059.8968908166" "lglasso's bic is 8732.36555698983"
 [5] "lglasso's bic is 7038.25708898856" "lglasso's bic is 6017.81322949459"
 [7] "lglasso's bic is 5254.94038777516" "lglasso's bic is 4749.14220394271"
 [9] "lglasso's bic is 4426.56252669301" "lglasso's bic is 4391.50361287787"
[11] "lglasso's bic is 4380.20904576707" "lglasso's bic is 4444.38752345979"
[13] "lglasso's bic is 4528.26265441151" "lglasso's bic is 4730.88562950732"
[15] "lglasso's bic is 4817.49361701707" "lglasso's bic is 4961.72716350942"
[17] "lglasso's bic is 5068.12551233372" "lglasso's bic is 5185.1685204857" 
[19] "lglasso's bic is 5307.72298921672" "lglasso's bic is 5483.48732710874"
[1] "The 30th simulation:"
[1] "two-community heter data are generated"
[1] "heter data are generated"
[1] "heter data are generated"
 [1] "lglasso's bic is 16880.1998889694" "lglasso's bic is 12982.9363753261"
 [3] "lglasso's bic is 9896.82356723284" "lglasso's bic is 7829.44126923896"
 [5] "lglasso's bic is 6112.95963718178" "lglasso's bic is 5066.31471173518"
 [7] "lglasso's bic is 4366.99298744156" "lglasso's bic is 3886.49058047087"
 [9] "lglasso's bic is 3600.9564251887"  "lglasso's bic is 3558.31961654566"
[11] "lglasso's bic is 3518.6049247608"  "lglasso's bic is 3536.50785960817"
[13] "lglasso's bic is 3660.75461881968" "lglasso's bic is 3715.43156208917"
[15] "lglasso's bic is 3829.11819562317" "lglasso's bic is 4062.46678484494"
[17] "lglasso's bic is 4213.01258655136" "lglasso's bic is 4359.39296745668"
[19] "lglasso's bic is 4447.84078501706" "lglasso's bic is 4538.2424088388" 
[1] "The 31th simulation:"
[1] "two-community heter data are generated"
[1] "heter data are generated"
[1] "heter data are generated"
 [1] "lglasso's bic is 17003.3224603881" "lglasso's bic is 13000.3800711424"
 [3] "lglasso's bic is 9977.17645087892" "lglasso's bic is 7743.4829850821" 
 [5] "lglasso's bic is 6208.77404099772" "lglasso's bic is 5244.41676741948"
 [7] "lglasso's bic is 4569.59761107959" "lglasso's bic is 4120.55644806448"
 [9] "lglasso's bic is 3840.43531374612" "lglasso's bic is 3790.36769572624"
[11] "lglasso's bic is 3866.02605094941" "lglasso's bic is 3899.48239713503"
[13] "lglasso's bic is 3940.25047014523" "lglasso's bic is 4045.00913488049"
[15] "lglasso's bic is 4193.31672912924" "lglasso's bic is 4373.11681059909"
[17] "lglasso's bic is 4569.44250745981" "lglasso's bic is 4709.65083862759"
[19] "lglasso's bic is 4847.73390199999" "lglasso's bic is 4986.65192954923"
[1] "The 32th simulation:"
[1] "two-community heter data are generated"
[1] "heter data are generated"
[1] "heter data are generated"
 [1] "lglasso's bic is 14647.5389504866" "lglasso's bic is 10601.902555169" 
 [3] "lglasso's bic is 7777.56603085222" "lglasso's bic is 5782.14853468733"
 [5] "lglasso's bic is 4402.65685187914" "lglasso's bic is 3419.01410515877"
 [7] "lglasso's bic is 2710.11597343364" "lglasso's bic is 2304.5419912202" 
 [9] "lglasso's bic is 2055.0050977151"  "lglasso's bic is 1967.58911114449"
[11] "lglasso's bic is 1894.98242389719" "lglasso's bic is 1944.80242628548"
[13] "lglasso's bic is 2002.82591563876" "lglasso's bic is 2159.1304110994" 
[15] "lglasso's bic is 2279.73637783577" "lglasso's bic is 2430.80029885535"
[17] "lglasso's bic is 2554.82070785901" "lglasso's bic is 2966.54408055261"
[19] "lglasso's bic is 3085.64042390055" "lglasso's bic is 3214.60470054018"
[1] "The 33th simulation:"
[1] "two-community heter data are generated"
[1] "heter data are generated"
[1] "heter data are generated"
 [1] "lglasso's bic is 17646.6035075157" "lglasso's bic is 13862.7874631183"
 [3] "lglasso's bic is 10793.0898000708" "lglasso's bic is 8613.71080425888"
 [5] "lglasso's bic is 6779.52745112033" "lglasso's bic is 5515.90036811563"
 [7] "lglasso's bic is 4742.87923886191" "lglasso's bic is 4375.74413546348"
 [9] "lglasso's bic is 4081.96998584353" "lglasso's bic is 3980.6402273457" 
[11] "lglasso's bic is 3975.80760058967" "lglasso's bic is 4018.52901104056"
[13] "lglasso's bic is 4049.69329696056" "lglasso's bic is 4197.72975741169"
[15] "lglasso's bic is 4264.90711981376" "lglasso's bic is 4424.1412053532" 
[17] "lglasso's bic is 4542.49595363814" "lglasso's bic is 4826.82554740046"
[19] "lglasso's bic is 4931.34322052747" "lglasso's bic is 5025.70651431689"
[1] "The 34th simulation:"
[1] "two-community heter data are generated"
[1] "heter data are generated"
[1] "heter data are generated"
 [1] "lglasso's bic is 17358.9087463038" "lglasso's bic is 13676.8934791687"
 [3] "lglasso's bic is 10798.7761493132" "lglasso's bic is 8447.93042080439"
 [5] "lglasso's bic is 6802.43481313343" "lglasso's bic is 5569.88802449331"
 [7] "lglasso's bic is 4707.31521216189" "lglasso's bic is 4191.48638964051"
 [9] "lglasso's bic is 3996.8633224567"  "lglasso's bic is 3931.26739371927"
[11] "lglasso's bic is 3926.95151307097" "lglasso's bic is 3881.80759552796"
[13] "lglasso's bic is 3958.60078646808" "lglasso's bic is 4054.97603558756"
[15] "lglasso's bic is 4142.75928583244" "lglasso's bic is 4229.17627506163"
[17] "lglasso's bic is 4444.7097807593"  "lglasso's bic is 4576.35112978194"
[19] "lglasso's bic is 4665.871858128"   "lglasso's bic is 4755.5198214409" 
[1] "The 35th simulation:"
[1] "two-community heter data are generated"
[1] "heter data are generated"
[1] "heter data are generated"
 [1] "lglasso's bic is 16239.9588875774" "lglasso's bic is 12124.1976274506"
 [3] "lglasso's bic is 9303.2763336194"  "lglasso's bic is 6936.88248294814"
 [5] "lglasso's bic is 5262.05072101186" "lglasso's bic is 4159.8127928083" 
 [7] "lglasso's bic is 3444.03588946774" "lglasso's bic is 3037.72611602288"
 [9] "lglasso's bic is 2882.10482112014" "lglasso's bic is 2833.39905273676"
[11] "lglasso's bic is 2903.6685080257"  "lglasso's bic is 2940.24775732126"
[13] "lglasso's bic is 3013.98665813354" "lglasso's bic is 3134.10315833034"
[15] "lglasso's bic is 3253.92085531383" "lglasso's bic is 3480.88457435237"
[17] "lglasso's bic is 3612.43423434465" "lglasso's bic is 3740.32666669433"
[19] "lglasso's bic is 3869.36756722748" "lglasso's bic is 4210.32413904916"
[1] "The 36th simulation:"
[1] "two-community heter data are generated"
[1] "heter data are generated"
[1] "heter data are generated"
 [1] "lglasso's bic is 17895.3223583186" "lglasso's bic is 13849.1790947438"
 [3] "lglasso's bic is 10995.631286767"  "lglasso's bic is 8764.66159963404"
 [5] "lglasso's bic is 7164.5838457665"  "lglasso's bic is 6108.62770173442"
 [7] "lglasso's bic is 5076.59255059475" "lglasso's bic is 4625.19778849423"
 [9] "lglasso's bic is 4325.42616017898" "lglasso's bic is 4186.66037826492"
[11] "lglasso's bic is 4160.10143832485" "lglasso's bic is 4246.85053131603"
[13] "lglasso's bic is 4303.69931605823" "lglasso's bic is 4386.58844103991"
[15] "lglasso's bic is 4466.83319513177" "lglasso's bic is 4576.05334222179"
[17] "lglasso's bic is 4774.70675997792" "lglasso's bic is 4899.68481180906"
[19] "lglasso's bic is 4990.08728451245" "lglasso's bic is 5218.70395664722"
[1] "The 37th simulation:"
[1] "two-community heter data are generated"
[1] "heter data are generated"
[1] "heter data are generated"
 [1] "lglasso's bic is 13191.1224173535" "lglasso's bic is 8916.67434134364"
 [3] "lglasso's bic is 6073.83731779394" "lglasso's bic is 4179.58156658212"
 [5] "lglasso's bic is 3062.0141350303"  "lglasso's bic is 2013.45135024093"
 [7] "lglasso's bic is 1421.69574990629" "lglasso's bic is 1041.80533685874"
 [9] "lglasso's bic is 729.77351901603"  "lglasso's bic is 792.196130536558"
[11] "lglasso's bic is 761.287257572206" "lglasso's bic is 914.968789169895"
[13] "lglasso's bic is 991.574044181271" "lglasso's bic is 1118.57091651229"
[15] "lglasso's bic is 1270.87381363071" "lglasso's bic is 1407.6762300229" 
[17] "lglasso's bic is 1725.45440100866" "lglasso's bic is 1908.40980332782"
[19] "lglasso's bic is 2049.39620338067" "lglasso's bic is 2190.10479523874"
[1] "The 38th simulation:"
[1] "two-community heter data are generated"
[1] "heter data are generated"
[1] "heter data are generated"
 [1] "lglasso's bic is 15038.6857122057" "lglasso's bic is 10772.8859043156"
 [3] "lglasso's bic is 7848.38292054546" "lglasso's bic is 6007.66840579634"
 [5] "lglasso's bic is 4332.91042100064" "lglasso's bic is 3241.3950624671" 
 [7] "lglasso's bic is 2383.97954817879" "lglasso's bic is 1879.49624152055"
 [9] "lglasso's bic is 1700.81878453516" "lglasso's bic is 1628.08899973233"
[11] "lglasso's bic is 1666.20651669578" "lglasso's bic is 1844.46011787098"
[13] "lglasso's bic is 1956.16811569882" "lglasso's bic is 2099.15080037466"
[15] "lglasso's bic is 2216.37490988999" "lglasso's bic is 2354.99561958107"
[17] "lglasso's bic is 2480.4270114016"  "lglasso's bic is 2606.81688592054"
[19] "lglasso's bic is 2747.61855501803" "lglasso's bic is 2874.61472708156"
[1] "The 39th simulation:"
[1] "two-community heter data are generated"
[1] "heter data are generated"
[1] "heter data are generated"
 [1] "lglasso's bic is 20089.977830785"  "lglasso's bic is 16146.6637146019"
 [3] "lglasso's bic is 13337.1254970232" "lglasso's bic is 11200.7049779758"
 [5] "lglasso's bic is 9481.34224487919" "lglasso's bic is 8092.63863506723"
 [7] "lglasso's bic is 7415.22848186898" "lglasso's bic is 6696.74109949114"
 [9] "lglasso's bic is 6363.85423195251" "lglasso's bic is 6290.61689321951"
[11] "lglasso's bic is 6256.50484934236" "lglasso's bic is 6297.86847209597"
[13] "lglasso's bic is 6378.05212849336" "lglasso's bic is 6442.37712727801"
[15] "lglasso's bic is 6491.91418219901" "lglasso's bic is 6577.29365947427"
[17] "lglasso's bic is 6677.90959328566" "lglasso's bic is 6858.22472846055"
[19] "lglasso's bic is 7044.09186403609" "lglasso's bic is 7193.72507300503"
[1] "The 40th simulation:"
[1] "two-community heter data are generated"
[1] "heter data are generated"
[1] "heter data are generated"
 [1] "lglasso's bic is 17945.4452206197" "lglasso's bic is 14058.1224978354"
 [3] "lglasso's bic is 11100.4292873017" "lglasso's bic is 8742.30078236715"
 [5] "lglasso's bic is 7089.18242861643" "lglasso's bic is 5944.04538068284"
 [7] "lglasso's bic is 5246.96551499955" "lglasso's bic is 4810.46029424896"
 [9] "lglasso's bic is 4589.8616851133"  "lglasso's bic is 4443.41064057951"
[11] "lglasso's bic is 4416.20936401194" "lglasso's bic is 4475.13097688953"
[13] "lglasso's bic is 4523.71754843406" "lglasso's bic is 4694.94293657023"
[15] "lglasso's bic is 4815.74163728578" "lglasso's bic is 5216.78688072158"
[17] "lglasso's bic is 5332.9768580142"  "lglasso's bic is 5443.9143956386" 
[19] "lglasso's bic is 5527.77727103732" "lglasso's bic is 5737.75915816654"
[1] "The 41th simulation:"
[1] "two-community heter data are generated"
[1] "heter data are generated"
[1] "heter data are generated"
 [1] "lglasso's bic is 16844.0739066455" "lglasso's bic is 12652.2881621416"
 [3] "lglasso's bic is 9725.14536254148" "lglasso's bic is 7806.00173981089"
 [5] "lglasso's bic is 6046.36323360937" "lglasso's bic is 4908.38798269512"
 [7] "lglasso's bic is 4305.83458380853" "lglasso's bic is 3910.12211246075"
 [9] "lglasso's bic is 3590.54257820897" "lglasso's bic is 3592.17609886651"
[11] "lglasso's bic is 3598.36821372758" "lglasso's bic is 3639.29602545915"
[13] "lglasso's bic is 3755.02825081581" "lglasso's bic is 3862.20165631595"
[15] "lglasso's bic is 3977.32461828867" "lglasso's bic is 4127.31299211068"
[17] "lglasso's bic is 4248.88835408831" "lglasso's bic is 4596.25192124189"
[19] "lglasso's bic is 4744.1192912367"  "lglasso's bic is 4929.75693700664"
[1] "The 42th simulation:"
[1] "two-community heter data are generated"
[1] "heter data are generated"
[1] "heter data are generated"
 [1] "lglasso's bic is 13397.0473021997"  "lglasso's bic is 9118.6051432159"  
 [3] "lglasso's bic is 5947.82255749322"  "lglasso's bic is 3666.76430439742" 
 [5] "lglasso's bic is 2272.88501315613"  "lglasso's bic is 1137.1654362107"  
 [7] "lglasso's bic is 432.356336463575"  "lglasso's bic is 154.154659669322" 
 [9] "lglasso's bic is 41.5416784517143"  "lglasso's bic is -31.6263388463668"
[11] "lglasso's bic is 66.9906842675976"  "lglasso's bic is 125.483850693053" 
[13] "lglasso's bic is 238.030934906957"  "lglasso's bic is 342.887654236322" 
[15] "lglasso's bic is 483.486020376903"  "lglasso's bic is 588.854078962663" 
[17] "lglasso's bic is 699.676841562676"  "lglasso's bic is 1052.5180301198"  
[19] "lglasso's bic is 1160.71216668899"  "lglasso's bic is 1313.2271096101"  
[1] "The 43th simulation:"
[1] "two-community heter data are generated"
[1] "heter data are generated"
[1] "heter data are generated"
 [1] "lglasso's bic is 18680.1366679173" "lglasso's bic is 14486.0362355087"
 [3] "lglasso's bic is 11564.3220952545" "lglasso's bic is 9576.55626598522"
 [5] "lglasso's bic is 8030.61422734616" "lglasso's bic is 6919.97584504505"
 [7] "lglasso's bic is 6150.50833220321" "lglasso's bic is 5682.92816577968"
 [9] "lglasso's bic is 5599.62899237356" "lglasso's bic is 5518.03220042069"
[11] "lglasso's bic is 5565.63611484003" "lglasso's bic is 5647.01980577261"
[13] "lglasso's bic is 5707.82411282896" "lglasso's bic is 5921.70629812849"
[15] "lglasso's bic is 6004.28250829981" "lglasso's bic is 6100.04924964771"
[17] "lglasso's bic is 6341.43248749384" "lglasso's bic is 6448.86371527447"
[19] "lglasso's bic is 6558.26827693564" "lglasso's bic is 6662.40851794117"
[1] "The 44th simulation:"
[1] "two-community heter data are generated"
[1] "heter data are generated"
[1] "heter data are generated"
 [1] "lglasso's bic is 17688.1744259767" "lglasso's bic is 13766.4918670131"
 [3] "lglasso's bic is 11062.4433065933" "lglasso's bic is 8963.70927027115"
 [5] "lglasso's bic is 7528.50568639693" "lglasso's bic is 6207.00248339641"
 [7] "lglasso's bic is 5411.69616688987" "lglasso's bic is 4859.67524098738"
 [9] "lglasso's bic is 4624.24206532213" "lglasso's bic is 4507.23449695785"
[11] "lglasso's bic is 4414.14529127683" "lglasso's bic is 4395.5326849136" 
[13] "lglasso's bic is 4445.50664499601" "lglasso's bic is 4509.2388207468" 
[15] "lglasso's bic is 4644.71927209663" "lglasso's bic is 4749.60865333034"
[17] "lglasso's bic is 4967.96238435063" "lglasso's bic is 5095.36734094382"
[19] "lglasso's bic is 5198.81661966689" "lglasso's bic is 5285.40014140947"
[1] "The 45th simulation:"
[1] "two-community heter data are generated"
[1] "heter data are generated"
[1] "heter data are generated"
 [1] "lglasso's bic is 14159.5072779755" "lglasso's bic is 10011.4507870045"
 [3] "lglasso's bic is 7910.90231097237" "lglasso's bic is 5856.93107363939"
 [5] "lglasso's bic is 4367.71706793646" "lglasso's bic is 3228.74020652229"
 [7] "lglasso's bic is 2477.9928236576"  "lglasso's bic is 2031.51422514817"
 [9] "lglasso's bic is 1737.6552879161"  "lglasso's bic is 1523.4545136966" 
[11] "lglasso's bic is 1617.16521435516" "lglasso's bic is 1701.18949411347"
[13] "lglasso's bic is 1776.6085380305"  "lglasso's bic is 1888.05390071271"
[15] "lglasso's bic is 2024.4456438928"  "lglasso's bic is 2292.58906548482"
[17] "lglasso's bic is 2561.92740849313" "lglasso's bic is 2675.53548021733"
[19] "lglasso's bic is 2809.96629114104" "lglasso's bic is 2923.9033176995" 
[1] "The 46th simulation:"
[1] "two-community heter data are generated"
[1] "heter data are generated"
[1] "heter data are generated"
 [1] "lglasso's bic is 19919.3091963506" "lglasso's bic is 16113.8773074564"
 [3] "lglasso's bic is 13191.3666103392" "lglasso's bic is 11013.205907561" 
 [5] "lglasso's bic is 9273.14427742408" "lglasso's bic is 8346.54723477689"
 [7] "lglasso's bic is 7563.17194929039" "lglasso's bic is 6958.30103132718"
 [9] "lglasso's bic is 6679.70354398022" "lglasso's bic is 6474.11974688147"
[11] "lglasso's bic is 6514.07591290934" "lglasso's bic is 6556.35706276776"
[13] "lglasso's bic is 6638.73158234128" "lglasso's bic is 6749.20578066943"
[15] "lglasso's bic is 6848.79208903954" "lglasso's bic is 6965.00250030688"
[17] "lglasso's bic is 7099.09750219138" "lglasso's bic is 7295.81962421932"
[19] "lglasso's bic is 7486.38860209806" "lglasso's bic is 7680.10129573131"
[1] "The 47th simulation:"
[1] "two-community heter data are generated"
[1] "heter data are generated"
[1] "heter data are generated"
 [1] "lglasso's bic is 18788.1823495716" "lglasso's bic is 14729.0286735725"
 [3] "lglasso's bic is 11578.3276257927" "lglasso's bic is 9647.54392688019"
 [5] "lglasso's bic is 8168.1041222015"  "lglasso's bic is 7115.5252246245" 
 [7] "lglasso's bic is 6349.4138202395"  "lglasso's bic is 5984.44832008407"
 [9] "lglasso's bic is 5686.2522448385"  "lglasso's bic is 5539.18600433859"
[11] "lglasso's bic is 5552.96033895555" "lglasso's bic is 5580.16733586465"
[13] "lglasso's bic is 5682.1990486842"  "lglasso's bic is 5774.53249523337"
[15] "lglasso's bic is 5986.20869148033" "lglasso's bic is 6145.56188010183"
[17] "lglasso's bic is 6269.0815888881"  "lglasso's bic is 6425.67877418426"
[19] "lglasso's bic is 6575.7601232743"  "lglasso's bic is 6691.99605014709"
[1] "The 48th simulation:"
[1] "two-community heter data are generated"
[1] "heter data are generated"
[1] "heter data are generated"
 [1] "lglasso's bic is 18041.8354415761" "lglasso's bic is 13911.133119591" 
 [3] "lglasso's bic is 11285.9224453591" "lglasso's bic is 9289.90901035934"
 [5] "lglasso's bic is 7816.7035304482"  "lglasso's bic is 6773.67433592387"
 [7] "lglasso's bic is 5937.99225490267" "lglasso's bic is 5506.26065483787"
 [9] "lglasso's bic is 5170.24556027082" "lglasso's bic is 4991.38859164723"
[11] "lglasso's bic is 4988.66010686894" "lglasso's bic is 5065.3734765261" 
[13] "lglasso's bic is 5165.73766746077" "lglasso's bic is 5214.65930759093"
[15] "lglasso's bic is 5300.19740845866" "lglasso's bic is 5479.85896252018"
[17] "lglasso's bic is 5586.21613995423" "lglasso's bic is 5795.90261300642"
[19] "lglasso's bic is 5928.00018334805" "lglasso's bic is 6101.06745506096"
[1] "The 49th simulation:"
[1] "two-community heter data are generated"
[1] "heter data are generated"
[1] "heter data are generated"
 [1] "lglasso's bic is 17482.6364127302" "lglasso's bic is 13586.1115642826"
 [3] "lglasso's bic is 10805.1366577749" "lglasso's bic is 8769.30978853668"
 [5] "lglasso's bic is 7254.74178042007" "lglasso's bic is 5934.58611965163"
 [7] "lglasso's bic is 5128.84136524642" "lglasso's bic is 4623.32858144731"
 [9] "lglasso's bic is 4308.40623569806" "lglasso's bic is 4229.27650521266"
[11] "lglasso's bic is 4258.35474792573" "lglasso's bic is 4397.10202655158"
[13] "lglasso's bic is 4452.29336903035" "lglasso's bic is 4556.50014264099"
[15] "lglasso's bic is 4768.71298734563" "lglasso's bic is 4882.32610305206"
[17] "lglasso's bic is 5024.05490086914" "lglasso's bic is 5165.27743855133"
[19] "lglasso's bic is 5273.19602572164" "lglasso's bic is 5410.72852729622"
[1] "The 50th simulation:"
[1] "two-community heter data are generated"
[1] "heter data are generated"
[1] "heter data are generated"
 [1] "lglasso's bic is 18301.6162160497" "lglasso's bic is 14120.7858870657"
 [3] "lglasso's bic is 11671.6203240263" "lglasso's bic is 9629.26406678917"
 [5] "lglasso's bic is 8217.09903991214" "lglasso's bic is 7147.43184567984"
 [7] "lglasso's bic is 6519.86127185209" "lglasso's bic is 6042.03777563044"
 [9] "lglasso's bic is 5813.32188827993" "lglasso's bic is 5747.16359833093"
[11] "lglasso's bic is 5648.79506315778" "lglasso's bic is 5650.59444617956"
[13] "lglasso's bic is 5694.25389596411" "lglasso's bic is 5818.7992548672" 
[15] "lglasso's bic is 5935.98227037129" "lglasso's bic is 6193.87693284654"
[17] "lglasso's bic is 6329.32155328039" "lglasso's bic is 6481.75870796356"
[19] "lglasso's bic is 6599.09756280879" "lglasso's bic is 6783.4144497439" 
There were 50 or more warnings (use warnings() to see the first 50)
> save(simures,file="subject=40_time=10_uu2=0.4.Rd")
> q("no")
> proc.time()
     user    system   elapsed 
28225.030   128.563 34325.657 
