
R version 4.1.2 (2021-11-01) -- "Bird Hippie"
Copyright (C) 2021 The R Foundation for Statistical Computing
Platform: x86_64-pc-linux-gnu (64-bit)

R is free software and comes with ABSOLUTELY NO WARRANTY.
You are welcome to redistribute it under certain conditions.
Type 'license()' or 'licence()' for distribution details.

  Natural language support but running in an English locale

R is a collaborative project with many contributors.
Type 'contributors()' for more information and
'citation()' on how to cite R or R packages in publications.

Type 'demo()' for some demos, 'help()' for on-line help, or
'help.start()' for an HTML browser interface to help.
Type 'q()' to quit R.

> library("lglasso")
> library("glasso")
> library("BDgraph")
> library("GGMselect")
Loading required package: mvtnorm

Attaching package: 'mvtnorm'

The following object is masked from 'package:BDgraph':

    rmvnorm

> library("Matrix")
> m=20
> n=10
> uu2=0.4
> Nsim=50
> rho=vector("list",5)
> rho[[1]]=seq(0.001,0.3,length=20)
> rho[[2]]=seq(0.001,0.3,length=20)
> rho[[3]]=seq(0.001,0.3,length=20)
> rho[[4]]=seq(0.00001,0.1,length=10)
> rho[[5]]=seq(0.00001,0.1,length=10)
> set.seed(m+n+uu2)
> simures=power_compare1(m=m,n=n,p=80,coe=c(2,0,0),l=Nsim,rho=rho,prob=0.01,heter=T,community2=T,uu=c(0.1,uu2),zirate=c(0.2, 0.8))
[1] "The 1th simulation:"
[1] "two-community heter data are generated"
[1] "heter data are generated"
[1] "heter data are generated"
 [1] "lglasso's bic is 13713.8672336405" "lglasso's bic is 11019.9879869725"
 [3] "lglasso's bic is 9594.6703780636"  "lglasso's bic is 8304.63915738708"
 [5] "lglasso's bic is 7269.20134656852" "lglasso's bic is 6229.2418358255" 
 [7] "lglasso's bic is 5012.85505005525" "lglasso's bic is 4399.08712869128"
 [9] "lglasso's bic is 3997.54356145677" "lglasso's bic is 3591.25949878059"
[11] "lglasso's bic is 3237.61314503627" "lglasso's bic is 2996.63582807659"
[13] "lglasso's bic is 2887.5237283265"  "lglasso's bic is 3177.66478886275"
[15] "lglasso's bic is 3124.55014350062" "lglasso's bic is 3068.60762657443"
[17] "lglasso's bic is 3098.92610735393" "lglasso's bic is 3116.19161374647"
[19] "lglasso's bic is 3156.71429235697" "lglasso's bic is 3189.43716640379"
[1] "The 2th simulation:"
[1] "two-community heter data are generated"
[1] "heter data are generated"
[1] "heter data are generated"
 [1] "lglasso's bic is 14289.7146342941" "lglasso's bic is 11731.2725172821"
 [3] "lglasso's bic is 10155.5086535127" "lglasso's bic is 8720.11105758658"
 [5] "lglasso's bic is 7481.43530458334" "lglasso's bic is 6618.63929233233"
 [7] "lglasso's bic is 5671.14521318674" "lglasso's bic is 5052.25245242573"
 [9] "lglasso's bic is 4550.7076378986"  "lglasso's bic is 4122.92986740006"
[11] "lglasso's bic is 3857.34449193622" "lglasso's bic is 3838.36283598327"
[13] "lglasso's bic is 3643.7422091578"  "lglasso's bic is 3605.00677864282"
[15] "lglasso's bic is 3729.15564670995" "lglasso's bic is 3669.4300489284" 
[17] "lglasso's bic is 3680.44623453223" "lglasso's bic is 3695.5564277749" 
[19] "lglasso's bic is 3797.09655817345" "lglasso's bic is 3845.17752339835"
[1] "The 3th simulation:"
[1] "two-community heter data are generated"
[1] "heter data are generated"
[1] "heter data are generated"
 [1] "lglasso's bic is 13083.3048156782" "lglasso's bic is 10561.7328324157"
 [3] "lglasso's bic is 8704.84339508571" "lglasso's bic is 7376.72307828019"
 [5] "lglasso's bic is 6118.57247924168" "lglasso's bic is 5069.05267161231"
 [7] "lglasso's bic is 4421.43537648694" "lglasso's bic is 3843.53193772866"
 [9] "lglasso's bic is 3407.05888904787" "lglasso's bic is 3005.72248858459"
[11] "lglasso's bic is 2726.79143727608" "lglasso's bic is 2446.31731496188"
[13] "lglasso's bic is 2241.66619030522" "lglasso's bic is 2204.55802771819"
[15] "lglasso's bic is 2190.63010851824" "lglasso's bic is 2211.21268874267"
[17] "lglasso's bic is 2227.15461827073" "lglasso's bic is 2369.37370782033"
[19] "lglasso's bic is 2443.78096700189" "lglasso's bic is 2829.55033563343"
[1] "The 4th simulation:"
[1] "two-community heter data are generated"
[1] "heter data are generated"
[1] "heter data are generated"
 [1] "lglasso's bic is 15385.1938010652" "lglasso's bic is 12792.2066522679"
 [3] "lglasso's bic is 11253.0827971272" "lglasso's bic is 9811.86239425459"
 [5] "lglasso's bic is 8594.91835022481" "lglasso's bic is 7641.94588428811"
 [7] "lglasso's bic is 6790.21078994007" "lglasso's bic is 6017.63661568793"
 [9] "lglasso's bic is 5421.6843334248"  "lglasso's bic is 4967.39170188356"
[11] "lglasso's bic is 4702.23387239921" "lglasso's bic is 4600.58131850453"
[13] "lglasso's bic is 4474.27614814197" "lglasso's bic is 4383.96573859585"
[15] "lglasso's bic is 4301.8049610429"  "lglasso's bic is 4307.65814335857"
[17] "lglasso's bic is 4299.08674484517" "lglasso's bic is 4297.55683600661"
[19] "lglasso's bic is 4307.40911555858" "lglasso's bic is 4363.1577375775" 
[1] "The 5th simulation:"
[1] "two-community heter data are generated"
[1] "heter data are generated"
[1] "heter data are generated"
 [1] "lglasso's bic is 12050.9241214179" "lglasso's bic is 9573.12825714912"
 [3] "lglasso's bic is 7922.81050316748" "lglasso's bic is 6430.81735017372"
 [5] "lglasso's bic is 5267.29790628192" "lglasso's bic is 4396.11816351762"
 [7] "lglasso's bic is 3484.98395997964" "lglasso's bic is 2789.61247248827"
 [9] "lglasso's bic is 2275.53118595136" "lglasso's bic is 1886.40386701894"
[11] "lglasso's bic is 1584.82214741897" "lglasso's bic is 1394.01814589491"
[13] "lglasso's bic is 1281.09925289752" "lglasso's bic is 1247.78911000681"
[15] "lglasso's bic is 1232.46825864092" "lglasso's bic is 1327.40659235852"
[17] "lglasso's bic is 1354.5239842164"  "lglasso's bic is 1568.60281672113"
[19] "lglasso's bic is 1687.22067992874" "lglasso's bic is 1722.613713215"  
[1] "The 6th simulation:"
[1] "two-community heter data are generated"
[1] "heter data are generated"
[1] "heter data are generated"
 [1] "lglasso's bic is 11727.2235664703" "lglasso's bic is 9338.249229009"  
 [3] "lglasso's bic is 7441.36883428036" "lglasso's bic is 6299.7085352338" 
 [5] "lglasso's bic is 5132.4357593224"  "lglasso's bic is 4140.82266881408"
 [7] "lglasso's bic is 3352.96394768366" "lglasso's bic is 2725.67016532935"
 [9] "lglasso's bic is 2079.63902784018" "lglasso's bic is 1629.44056442995"
[11] "lglasso's bic is 1448.74045984681" "lglasso's bic is 1228.74574556952"
[13] "lglasso's bic is 1050.6476367192"  "lglasso's bic is 902.927881052417"
[15] "lglasso's bic is 945.95623166984"  "lglasso's bic is 934.006242496342"
[17] "lglasso's bic is 982.791242583755" "lglasso's bic is 1025.20557063621"
[19] "lglasso's bic is 1053.40571461314" "lglasso's bic is 1094.9840061228" 
[1] "The 7th simulation:"
[1] "two-community heter data are generated"
[1] "heter data are generated"
[1] "heter data are generated"
 [1] "lglasso's bic is 11255.9083715903" "lglasso's bic is 8605.40786958081"
 [3] "lglasso's bic is 7232.1853020408"  "lglasso's bic is 7193.22053672125"
 [5] "lglasso's bic is 6302.83772287729" "lglasso's bic is 5551.03399923952"
 [7] "lglasso's bic is 4809.80629760987" "lglasso's bic is 4305.74880918508"
 [9] "lglasso's bic is 3756.25793118802" "lglasso's bic is 3269.55694208222"
[11] "lglasso's bic is 2958.60188278291" "lglasso's bic is 2640.63059215117"
[13] "lglasso's bic is 2392.557597335"   "lglasso's bic is 2233.24655032855"
[15] "lglasso's bic is 2149.52007438635" "lglasso's bic is 2074.09288451562"
[17] "lglasso's bic is 2062.40809009898" "lglasso's bic is 2070.12498190115"
[19] "lglasso's bic is 2058.76223017101" "lglasso's bic is 2080.85772427291"
[1] "The 8th simulation:"
[1] "two-community heter data are generated"
[1] "heter data are generated"
[1] "heter data are generated"
 [1] "lglasso's bic is 12131.6749529221" "lglasso's bic is 9519.99932615568"
 [3] "lglasso's bic is 7555.60170212479" "lglasso's bic is 6469.95366450438"
 [5] "lglasso's bic is 5377.29971943786" "lglasso's bic is 4672.37740529663"
 [7] "lglasso's bic is 3967.15317599064" "lglasso's bic is 3300.01989570878"
 [9] "lglasso's bic is 2597.26008107027" "lglasso's bic is 2244.75208927274"
[11] "lglasso's bic is 2071.80323015879" "lglasso's bic is 2013.81355941718"
[13] "lglasso's bic is 1867.10317635343" "lglasso's bic is 1775.42483309596"
[15] "lglasso's bic is 1795.18895924008" "lglasso's bic is 1813.80315978508"
[17] "lglasso's bic is 1838.12196159729" "lglasso's bic is 1886.81444586937"
[19] "lglasso's bic is 1931.2330420457"  "lglasso's bic is 2013.51098021877"
[1] "The 9th simulation:"
[1] "two-community heter data are generated"
[1] "heter data are generated"
[1] "heter data are generated"
 [1] "lglasso's bic is 11639.1290115362" "lglasso's bic is 9011.40588955606"
 [3] "lglasso's bic is 7475.96200047688" "lglasso's bic is 6404.356325018"  
 [5] "lglasso's bic is 5351.24552884803" "lglasso's bic is 4313.91215987086"
 [7] "lglasso's bic is 3495.40022229191" "lglasso's bic is 2878.23076473815"
 [9] "lglasso's bic is 2329.83882397716" "lglasso's bic is 1909.64028689335"
[11] "lglasso's bic is 1693.69838049684" "lglasso's bic is 1560.55852684401"
[13] "lglasso's bic is 1463.87379229158" "lglasso's bic is 1346.55256745443"
[15] "lglasso's bic is 1350.95581745564" "lglasso's bic is 1332.72055509824"
[17] "lglasso's bic is 1359.41129998217" "lglasso's bic is 1379.14050863441"
[19] "lglasso's bic is 1384.36779477011" "lglasso's bic is 1492.85491937941"
[1] "The 10th simulation:"
[1] "two-community heter data are generated"
[1] "heter data are generated"
[1] "heter data are generated"
 [1] "lglasso's bic is 12582.4276104487" "lglasso's bic is 10101.9264080469"
 [3] "lglasso's bic is 8417.19821170292" "lglasso's bic is 6780.5878816257" 
 [5] "lglasso's bic is 5515.81688338718" "lglasso's bic is 4482.89379508046"
 [7] "lglasso's bic is 3714.91205929004" "lglasso's bic is 2991.57616223836"
 [9] "lglasso's bic is 2502.16617996585" "lglasso's bic is 2242.36141867386"
[11] "lglasso's bic is 1950.62563234776" "lglasso's bic is 1743.18117519145"
[13] "lglasso's bic is 1658.29543129798" "lglasso's bic is 1604.88549891543"
[15] "lglasso's bic is 1607.35319009185" "lglasso's bic is 1628.05159768476"
[17] "lglasso's bic is 1694.98522431264" "lglasso's bic is 1740.43119058337"
[19] "lglasso's bic is 1862.38062083558" "lglasso's bic is 1911.4350807827" 
[1] "The 11th simulation:"
[1] "two-community heter data are generated"
[1] "heter data are generated"
[1] "heter data are generated"
 [1] "lglasso's bic is 13388.5978718811" "lglasso's bic is 10735.9953018422"
 [3] "lglasso's bic is 9151.90200037114" "lglasso's bic is 7678.51112532277"
 [5] "lglasso's bic is 6901.84069228823" "lglasso's bic is 6067.16503049524"
 [7] "lglasso's bic is 5206.92016850167" "lglasso's bic is 4529.62135210467"
 [9] "lglasso's bic is 3969.01100105667" "lglasso's bic is 3637.40686962803"
[11] "lglasso's bic is 3384.92600362259" "lglasso's bic is 3107.5996090011" 
[13] "lglasso's bic is 3103.36587360299" "lglasso's bic is 3010.92273727161"
[15] "lglasso's bic is 2980.3710696301"  "lglasso's bic is 3355.44894742126"
[17] "lglasso's bic is 3335.55290617233" "lglasso's bic is 3321.2162280449" 
[19] "lglasso's bic is 3351.56583400606" "lglasso's bic is 3381.10784184135"
[1] "The 12th simulation:"
[1] "two-community heter data are generated"
[1] "heter data are generated"
[1] "heter data are generated"
 [1] "lglasso's bic is 11770.8396214516" "lglasso's bic is 9592.52009668201"
 [3] "lglasso's bic is 7780.81772175321" "lglasso's bic is 6223.18583449995"
 [5] "lglasso's bic is 5025.86113547785" "lglasso's bic is 3792.74606623361"
 [7] "lglasso's bic is 3018.17393538361" "lglasso's bic is 2374.28352039572"
 [9] "lglasso's bic is 1840.93786054524" "lglasso's bic is 1494.6967501544" 
[11] "lglasso's bic is 1177.43863668362" "lglasso's bic is 984.343342293124"
[13] "lglasso's bic is 867.969722804297" "lglasso's bic is 785.451322977685"
[15] "lglasso's bic is 728.754883789323" "lglasso's bic is 681.454450482535"
[17] "lglasso's bic is 725.736936398426" "lglasso's bic is 770.839861515215"
[19] "lglasso's bic is 818.389026475553" "lglasso's bic is 859.337906506131"
[1] "The 13th simulation:"
[1] "two-community heter data are generated"
[1] "heter data are generated"
[1] "heter data are generated"
 [1] "lglasso's bic is 12059.2816023474" "lglasso's bic is 9444.90538955895"
 [3] "lglasso's bic is 7424.64348999195" "lglasso's bic is 6057.12073937166"
 [5] "lglasso's bic is 5013.20965126102" "lglasso's bic is 4095.14877646472"
 [7] "lglasso's bic is 3476.8865605931"  "lglasso's bic is 2911.85426530479"
 [9] "lglasso's bic is 2215.81561988476" "lglasso's bic is 1904.94277214968"
[11] "lglasso's bic is 1648.1618065604"  "lglasso's bic is 1521.65045680288"
[13] "lglasso's bic is 1354.90640184027" "lglasso's bic is 1304.54152950813"
[15] "lglasso's bic is 1283.18883407551" "lglasso's bic is 1459.40000038439"
[17] "lglasso's bic is 1440.31738238389" "lglasso's bic is 1460.38259620524"
[19] "lglasso's bic is 1515.58852947846" "lglasso's bic is 1602.15471905742"
[1] "The 14th simulation:"
[1] "two-community heter data are generated"
[1] "heter data are generated"
[1] "heter data are generated"
 [1] "lglasso's bic is 12744.6487524984" "lglasso's bic is 10381.1521843924"
 [3] "lglasso's bic is 8573.53897912643" "lglasso's bic is 7077.02256249661"
 [5] "lglasso's bic is 5895.29181832852" "lglasso's bic is 4915.08014773845"
 [7] "lglasso's bic is 3930.48932728139" "lglasso's bic is 3230.60885234167"
 [9] "lglasso's bic is 2704.01662391067" "lglasso's bic is 2359.16915120697"
[11] "lglasso's bic is 2101.46445880365" "lglasso's bic is 1897.14154504202"
[13] "lglasso's bic is 1713.11075743747" "lglasso's bic is 1573.53765271898"
[15] "lglasso's bic is 1541.08578974066" "lglasso's bic is 1586.21950023788"
[17] "lglasso's bic is 1602.58254020532" "lglasso's bic is 1616.65023387374"
[19] "lglasso's bic is 1669.26964657353" "lglasso's bic is 2048.29946240296"
[1] "The 15th simulation:"
[1] "two-community heter data are generated"
[1] "heter data are generated"
[1] "heter data are generated"
 [1] "lglasso's bic is 13753.2014066763" "lglasso's bic is 11121.2195398134"
 [3] "lglasso's bic is 9339.5476399841"  "lglasso's bic is 7812.87117478071"
 [5] "lglasso's bic is 6538.93070291948" "lglasso's bic is 5526.09148106795"
 [7] "lglasso's bic is 4829.39057149102" "lglasso's bic is 4254.0136542323" 
 [9] "lglasso's bic is 3773.68386089784" "lglasso's bic is 3462.90433504842"
[11] "lglasso's bic is 3224.48878951503" "lglasso's bic is 3069.02443387341"
[13] "lglasso's bic is 2980.76802440562" "lglasso's bic is 2984.04269843532"
[15] "lglasso's bic is 2961.33019668637" "lglasso's bic is 3060.31696680642"
[17] "lglasso's bic is 3084.2361726411"  "lglasso's bic is 3129.35337650528"
[19] "lglasso's bic is 3164.26965432742" "lglasso's bic is 3209.90087635407"
[1] "The 16th simulation:"
[1] "two-community heter data are generated"
[1] "heter data are generated"
[1] "heter data are generated"
 [1] "lglasso's bic is 11806.2996922689" "lglasso's bic is 9941.77254727184"
 [3] "lglasso's bic is 8078.13590951989" "lglasso's bic is 6810.6906839263" 
 [5] "lglasso's bic is 5656.67896848112" "lglasso's bic is 4630.11437714547"
 [7] "lglasso's bic is 3739.88858520218" "lglasso's bic is 3009.17917770111"
 [9] "lglasso's bic is 2484.14007226936" "lglasso's bic is 1918.00655397847"
[11] "lglasso's bic is 1522.94235702058" "lglasso's bic is 1292.46898639714"
[13] "lglasso's bic is 1136.18288432999" "lglasso's bic is 1081.19237001304"
[15] "lglasso's bic is 1012.45814867085" "lglasso's bic is 1001.12351815457"
[17] "lglasso's bic is 980.902252877841" "lglasso's bic is 979.659695702744"
[19] "lglasso's bic is 1055.60416812759" "lglasso's bic is 1173.49598149306"
[1] "The 17th simulation:"
[1] "two-community heter data are generated"
[1] "heter data are generated"
[1] "heter data are generated"
 [1] "lglasso's bic is 12001.8844159341" "lglasso's bic is 9370.29411013844"
 [3] "lglasso's bic is 7347.24777429923" "lglasso's bic is 6027.86256822005"
 [5] "lglasso's bic is 4887.22227317034" "lglasso's bic is 4030.71248616825"
 [7] "lglasso's bic is 3160.71275313654" "lglasso's bic is 2590.31190357744"
 [9] "lglasso's bic is 2012.47085906374" "lglasso's bic is 1697.38777958665"
[11] "lglasso's bic is 1452.55541960411" "lglasso's bic is 1299.29509730189"
[13] "lglasso's bic is 1292.16364692526" "lglasso's bic is 1234.90513547859"
[15] "lglasso's bic is 1197.30912467319" "lglasso's bic is 1329.10873311956"
[17] "lglasso's bic is 1376.81380411958" "lglasso's bic is 1417.07119248557"
[19] "lglasso's bic is 1546.06647420647" "lglasso's bic is 1693.72047329066"
[1] "The 18th simulation:"
[1] "two-community heter data are generated"
[1] "heter data are generated"
[1] "heter data are generated"
 [1] "lglasso's bic is 13020.5376265267" "lglasso's bic is 10632.5237510426"
 [3] "lglasso's bic is 8457.54233914378" "lglasso's bic is 7225.47488116864"
 [5] "lglasso's bic is 6017.62038318704" "lglasso's bic is 4980.58136924245"
 [7] "lglasso's bic is 4090.2084277406"  "lglasso's bic is 3511.73464768565"
 [9] "lglasso's bic is 2985.06348321214" "lglasso's bic is 2609.55620643635"
[11] "lglasso's bic is 2330.14984721415" "lglasso's bic is 2198.71227507915"
[13] "lglasso's bic is 2135.134345704"   "lglasso's bic is 2087.96675831398"
[15] "lglasso's bic is 2134.15130330053" "lglasso's bic is 2153.46357102652"
[17] "lglasso's bic is 2271.05853794065" "lglasso's bic is 2278.20741007333"
[19] "lglasso's bic is 2318.45851079103" "lglasso's bic is 2374.95269619746"
[1] "The 19th simulation:"
[1] "two-community heter data are generated"
[1] "heter data are generated"
[1] "heter data are generated"
 [1] "lglasso's bic is 13343.8847319987" "lglasso's bic is 10835.1656970293"
 [3] "lglasso's bic is 9076.34703185817" "lglasso's bic is 7729.68601973318"
 [5] "lglasso's bic is 6509.77905865364" "lglasso's bic is 5476.71705796045"
 [7] "lglasso's bic is 4674.86550237375" "lglasso's bic is 3982.23224230276"
 [9] "lglasso's bic is 3467.43080173411" "lglasso's bic is 3118.93453756898"
[11] "lglasso's bic is 2814.51182633271" "lglasso's bic is 2558.91766088162"
[13] "lglasso's bic is 2426.51289054471" "lglasso's bic is 2336.88633098074"
[15] "lglasso's bic is 2348.85176151086" "lglasso's bic is 2558.02372493151"
[17] "lglasso's bic is 2576.08979638742" "lglasso's bic is 2588.782743241"  
[19] "lglasso's bic is 2654.04271917898" "lglasso's bic is 2683.09547795542"
[1] "The 20th simulation:"
[1] "two-community heter data are generated"
[1] "heter data are generated"
[1] "heter data are generated"
 [1] "lglasso's bic is 12328.9264489153" "lglasso's bic is 9456.82026602249"
 [3] "lglasso's bic is 8130.33449486658" "lglasso's bic is 6524.29679400603"
 [5] "lglasso's bic is 5372.14876888016" "lglasso's bic is 4401.65295308742"
 [7] "lglasso's bic is 3519.55461920892" "lglasso's bic is 2965.74937306353"
 [9] "lglasso's bic is 2547.45584660249" "lglasso's bic is 2220.25822273971"
[11] "lglasso's bic is 1823.0289524848"  "lglasso's bic is 1590.61058808873"
[13] "lglasso's bic is 1460.61459992695" "lglasso's bic is 1691.20108676854"
[15] "lglasso's bic is 1647.16742613415" "lglasso's bic is 1626.59125358981"
[17] "lglasso's bic is 1618.84944083499" "lglasso's bic is 1628.9221648563" 
[19] "lglasso's bic is 1662.79726532463" "lglasso's bic is 1785.99863996379"
[1] "The 21th simulation:"
[1] "two-community heter data are generated"
[1] "heter data are generated"
[1] "heter data are generated"
 [1] "lglasso's bic is 13957.845318553"  "lglasso's bic is 11707.0728708682"
 [3] "lglasso's bic is 9996.07443477385" "lglasso's bic is 8551.26060578625"
 [5] "lglasso's bic is 7556.55147710519" "lglasso's bic is 6550.39217322045"
 [7] "lglasso's bic is 5745.8625723051"  "lglasso's bic is 5066.50712194927"
 [9] "lglasso's bic is 4567.57626665134" "lglasso's bic is 4214.96711580961"
[11] "lglasso's bic is 3861.59984074011" "lglasso's bic is 3654.4443107551" 
[13] "lglasso's bic is 3468.14683358502" "lglasso's bic is 3395.21898886511"
[15] "lglasso's bic is 3279.6433559384"  "lglasso's bic is 3314.37731209551"
[17] "lglasso's bic is 3323.85368621961" "lglasso's bic is 3342.32208688311"
[19] "lglasso's bic is 3360.96466087124" "lglasso's bic is 3402.25963676718"
[1] "The 22th simulation:"
[1] "two-community heter data are generated"
[1] "heter data are generated"
[1] "heter data are generated"
 [1] "lglasso's bic is 14867.4067625853" "lglasso's bic is 12526.3936039806"
 [3] "lglasso's bic is 10662.4230970993" "lglasso's bic is 9342.87541232829"
 [5] "lglasso's bic is 8498.78176607818" "lglasso's bic is 7586.60233109091"
 [7] "lglasso's bic is 6749.02617130045" "lglasso's bic is 6149.85599515801"
 [9] "lglasso's bic is 5657.24707052482" "lglasso's bic is 5132.97430327127"
[11] "lglasso's bic is 4781.12619860795" "lglasso's bic is 4639.7710228553" 
[13] "lglasso's bic is 4540.33412455729" "lglasso's bic is 4476.62373609397"
[15] "lglasso's bic is 4434.47373716018" "lglasso's bic is 4443.85624455352"
[17] "lglasso's bic is 4449.25983786527" "lglasso's bic is 4450.274907487"  
[19] "lglasso's bic is 4466.15831549449" "lglasso's bic is 4514.6568677557" 
[1] "The 23th simulation:"
[1] "two-community heter data are generated"
[1] "heter data are generated"
[1] "heter data are generated"
 [1] "lglasso's bic is 12992.8585720214" "lglasso's bic is 10740.4849693109"
 [3] "lglasso's bic is 8704.83298468513" "lglasso's bic is 7241.56152107506"
 [5] "lglasso's bic is 6829.97106378151" "lglasso's bic is 5783.09639498767"
 [7] "lglasso's bic is 4966.3853220945"  "lglasso's bic is 4342.18943813102"
 [9] "lglasso's bic is 3784.22916703193" "lglasso's bic is 3349.25705642552"
[11] "lglasso's bic is 2913.53354678535" "lglasso's bic is 2685.25975049366"
[13] "lglasso's bic is 2514.48649355204" "lglasso's bic is 2464.04081699101"
[15] "lglasso's bic is 2446.6472914247"  "lglasso's bic is 2566.39332400387"
[17] "lglasso's bic is 2716.95947756074" "lglasso's bic is 2686.79740997485"
[19] "lglasso's bic is 2728.78081375438" "lglasso's bic is 2790.42083128761"
[1] "The 24th simulation:"
[1] "two-community heter data are generated"
[1] "heter data are generated"
[1] "heter data are generated"
 [1] "lglasso's bic is 13307.3819673869" "lglasso's bic is 11059.4336173488"
 [3] "lglasso's bic is 9420.04413242448" "lglasso's bic is 8052.3948628658" 
 [5] "lglasso's bic is 6772.7092173786"  "lglasso's bic is 5688.74577844629"
 [7] "lglasso's bic is 4823.79480157914" "lglasso's bic is 4105.05346247592"
 [9] "lglasso's bic is 3469.46208510863" "lglasso's bic is 3055.17275149708"
[11] "lglasso's bic is 2760.64103276772" "lglasso's bic is 2570.33778935553"
[13] "lglasso's bic is 2477.6873624962"  "lglasso's bic is 2387.1315157765" 
[15] "lglasso's bic is 2411.78790772112" "lglasso's bic is 2425.21809041251"
[17] "lglasso's bic is 2433.89878390223" "lglasso's bic is 2490.67948839903"
[19] "lglasso's bic is 2513.71782738108" "lglasso's bic is 2565.25732037609"
[1] "The 25th simulation:"
[1] "two-community heter data are generated"
[1] "heter data are generated"
[1] "heter data are generated"
 [1] "lglasso's bic is 11736.8416430123" "lglasso's bic is 9067.59835242894"
 [3] "lglasso's bic is 7173.50863164482" "lglasso's bic is 5490.03907024778"
 [5] "lglasso's bic is 4485.65390050232" "lglasso's bic is 3394.17066228848"
 [7] "lglasso's bic is 2540.37599522468" "lglasso's bic is 1984.30968875781"
 [9] "lglasso's bic is 1519.32821947605" "lglasso's bic is 1256.59166067809"
[11] "lglasso's bic is 1086.31396032831" "lglasso's bic is 940.053132999307"
[13] "lglasso's bic is 823.408457721374" "lglasso's bic is 805.700227189339"
[15] "lglasso's bic is 836.761675858927" "lglasso's bic is 910.196793328027"
[17] "lglasso's bic is 911.974737320412" "lglasso's bic is 949.491641109931"
[19] "lglasso's bic is 994.911328064666" "lglasso's bic is 1062.49379491697"
[1] "The 26th simulation:"
[1] "two-community heter data are generated"
[1] "heter data are generated"
[1] "heter data are generated"
 [1] "lglasso's bic is 12932.1782979466" "lglasso's bic is 10328.1550899548"
 [3] "lglasso's bic is 8616.29480154724" "lglasso's bic is 6976.00376833514"
 [5] "lglasso's bic is 5797.67321146354" "lglasso's bic is 4754.46357578595"
 [7] "lglasso's bic is 3879.94045675941" "lglasso's bic is 3304.25234252235"
 [9] "lglasso's bic is 2794.26404224567" "lglasso's bic is 2405.45750895312"
[11] "lglasso's bic is 2294.3047419826"  "lglasso's bic is 2083.53423663053"
[13] "lglasso's bic is 2024.70785998258" "lglasso's bic is 1924.74272651052"
[15] "lglasso's bic is 1926.82821410382" "lglasso's bic is 1932.9490900742" 
[17] "lglasso's bic is 1989.58221038229" "lglasso's bic is 2016.27439768512"
[19] "lglasso's bic is 2091.55227658916" "lglasso's bic is 2168.28572205617"
[1] "The 27th simulation:"
[1] "two-community heter data are generated"
[1] "heter data are generated"
[1] "heter data are generated"
 [1] "lglasso's bic is 13495.2760125404" "lglasso's bic is 11069.8262190379"
 [3] "lglasso's bic is 9157.56382478054" "lglasso's bic is 7748.34188011433"
 [5] "lglasso's bic is 6420.25003827724" "lglasso's bic is 5500.34831076035"
 [7] "lglasso's bic is 4710.91971037005" "lglasso's bic is 4027.24959711455"
 [9] "lglasso's bic is 3507.90500793612" "lglasso's bic is 3071.15755081624"
[11] "lglasso's bic is 2763.44111657563" "lglasso's bic is 2590.06916717823"
[13] "lglasso's bic is 2422.46807347667" "lglasso's bic is 2344.28594314961"
[15] "lglasso's bic is 2272.88849692371" "lglasso's bic is 2275.90064372607"
[17] "lglasso's bic is 2276.85391049502" "lglasso's bic is 2285.3786257915" 
[19] "lglasso's bic is 2316.42131193924" "lglasso's bic is 2352.55969744001"
[1] "The 28th simulation:"
[1] "two-community heter data are generated"
[1] "heter data are generated"
[1] "heter data are generated"
 [1] "lglasso's bic is 11129.3244715832" "lglasso's bic is 9176.6153810725" 
 [3] "lglasso's bic is 7532.83518996633" "lglasso's bic is 6224.87788492045"
 [5] "lglasso's bic is 5232.66076875044" "lglasso's bic is 4557.01509371066"
 [7] "lglasso's bic is 3417.67714007161" "lglasso's bic is 2670.45023854299"
 [9] "lglasso's bic is 2072.77667072013" "lglasso's bic is 1619.60099578269"
[11] "lglasso's bic is 1265.19819056068" "lglasso's bic is 946.037665377649"
[13] "lglasso's bic is 719.523994569625" "lglasso's bic is 593.638319969863"
[15] "lglasso's bic is 729.484274217126" "lglasso's bic is 670.324096548727"
[17] "lglasso's bic is 587.550408143237" "lglasso's bic is 534.095331788867"
[19] "lglasso's bic is 506.840576866217" "lglasso's bic is 523.002457370844"
[1] "The 29th simulation:"
[1] "two-community heter data are generated"
[1] "heter data are generated"
[1] "heter data are generated"
 [1] "lglasso's bic is 12708.9624858488" "lglasso's bic is 10430.1828470245"
 [3] "lglasso's bic is 8548.02629893902" "lglasso's bic is 7256.39943889083"
 [5] "lglasso's bic is 6013.13156821068" "lglasso's bic is 5031.65244488584"
 [7] "lglasso's bic is 4142.07619371383" "lglasso's bic is 3425.91580704686"
 [9] "lglasso's bic is 2960.86255900096" "lglasso's bic is 2548.63719604305"
[11] "lglasso's bic is 2189.35128717191" "lglasso's bic is 1980.17386113584"
[13] "lglasso's bic is 1889.32406293779" "lglasso's bic is 1829.01322483344"
[15] "lglasso's bic is 1778.70991710384" "lglasso's bic is 1757.66521182341"
[17] "lglasso's bic is 1746.87211948817" "lglasso's bic is 1768.08551046743"
[19] "lglasso's bic is 1804.0434131465"  "lglasso's bic is 1822.7203331241" 
[1] "The 30th simulation:"
[1] "two-community heter data are generated"
[1] "heter data are generated"
[1] "heter data are generated"
 [1] "lglasso's bic is 11200.1044421687" "lglasso's bic is 9056.7493022003" 
 [3] "lglasso's bic is 7493.48703087615" "lglasso's bic is 6636.16488938338"
 [5] "lglasso's bic is 5623.40042662227" "lglasso's bic is 4719.71193937882"
 [7] "lglasso's bic is 4018.29504808498" "lglasso's bic is 3173.61289635731"
 [9] "lglasso's bic is 2649.26338699641" "lglasso's bic is 2181.75547006175"
[11] "lglasso's bic is 1943.3584550584"  "lglasso's bic is 1814.26926572025"
[13] "lglasso's bic is 1608.44692545267" "lglasso's bic is 1423.48512785758"
[15] "lglasso's bic is 1312.26005874207" "lglasso's bic is 1210.53310328315"
[17] "lglasso's bic is 1279.15733399857" "lglasso's bic is 1189.23794833125"
[19] "lglasso's bic is 1194.07717385287" "lglasso's bic is 1250.76207316291"
[1] "The 31th simulation:"
[1] "two-community heter data are generated"
[1] "heter data are generated"
[1] "heter data are generated"
 [1] "lglasso's bic is 12960.8935698108" "lglasso's bic is 10341.5872879271"
 [3] "lglasso's bic is 8783.63633382436" "lglasso's bic is 7338.28058693051"
 [5] "lglasso's bic is 6006.09159495159" "lglasso's bic is 4952.47278347899"
 [7] "lglasso's bic is 4305.9685614964"  "lglasso's bic is 3553.35741459434"
 [9] "lglasso's bic is 3018.88849834508" "lglasso's bic is 2713.65615412404"
[11] "lglasso's bic is 2437.7773026905"  "lglasso's bic is 2275.99757780618"
[13] "lglasso's bic is 2166.10084577937" "lglasso's bic is 2329.99462260467"
[15] "lglasso's bic is 2305.96809431967" "lglasso's bic is 2316.32228828105"
[17] "lglasso's bic is 2351.25240197003" "lglasso's bic is 2375.12842391268"
[19] "lglasso's bic is 2415.0612030051"  "lglasso's bic is 2464.09455789078"
[1] "The 32th simulation:"
[1] "two-community heter data are generated"
[1] "heter data are generated"
[1] "heter data are generated"
 [1] "lglasso's bic is 13478.6803623046" "lglasso's bic is 10695.776482171" 
 [3] "lglasso's bic is 9248.10095364996" "lglasso's bic is 7959.41584448404"
 [5] "lglasso's bic is 6748.51807831832" "lglasso's bic is 5631.81714096281"
 [7] "lglasso's bic is 4810.04372419852" "lglasso's bic is 4201.75381658398"
 [9] "lglasso's bic is 3681.39607351036" "lglasso's bic is 3235.69393778502"
[11] "lglasso's bic is 3044.73585699783" "lglasso's bic is 2840.43067711029"
[13] "lglasso's bic is 2673.37338604988" "lglasso's bic is 2585.78992644157"
[15] "lglasso's bic is 2456.68594639523" "lglasso's bic is 2462.25371428603"
[17] "lglasso's bic is 2445.51683365758" "lglasso's bic is 2479.07774450035"
[19] "lglasso's bic is 2523.45482123099" "lglasso's bic is 2554.75716580942"
[1] "The 33th simulation:"
[1] "two-community heter data are generated"
[1] "heter data are generated"
[1] "heter data are generated"
 [1] "lglasso's bic is 13553.8658707693" "lglasso's bic is 11130.9556303701"
 [3] "lglasso's bic is 9041.46878921045" "lglasso's bic is 7761.41847220896"
 [5] "lglasso's bic is 6577.73417689763" "lglasso's bic is 5754.72592924449"
 [7] "lglasso's bic is 5051.78113276668" "lglasso's bic is 4455.57000827817"
 [9] "lglasso's bic is 3939.09191761496" "lglasso's bic is 3559.79901285655"
[11] "lglasso's bic is 3305.43885790379" "lglasso's bic is 3063.36934776511"
[13] "lglasso's bic is 2835.72641111862" "lglasso's bic is 2771.62932684673"
[15] "lglasso's bic is 2730.50658530756" "lglasso's bic is 2724.87113956643"
[17] "lglasso's bic is 2765.15281657148" "lglasso's bic is 2787.98423624876"
[19] "lglasso's bic is 2825.59597730232" "lglasso's bic is 2935.20322880251"
[1] "The 34th simulation:"
[1] "two-community heter data are generated"
[1] "heter data are generated"
[1] "heter data are generated"
 [1] "lglasso's bic is 13032.6295972975" "lglasso's bic is 10680.39457485"  
 [3] "lglasso's bic is 8774.81123210953" "lglasso's bic is 7279.00690147326"
 [5] "lglasso's bic is 6149.98375110813" "lglasso's bic is 5192.56758456314"
 [7] "lglasso's bic is 4430.98513180548" "lglasso's bic is 3789.88626720786"
 [9] "lglasso's bic is 3279.06019749973" "lglasso's bic is 2853.94431126086"
[11] "lglasso's bic is 2539.28658681288" "lglasso's bic is 2366.44672931691"
[13] "lglasso's bic is 2350.54708787254" "lglasso's bic is 2275.70069087661"
[15] "lglasso's bic is 2251.44573042917" "lglasso's bic is 2232.18938696328"
[17] "lglasso's bic is 2283.29250590771" "lglasso's bic is 2310.97449242867"
[19] "lglasso's bic is 2333.74891909532" "lglasso's bic is 2385.17869112879"
[1] "The 35th simulation:"
[1] "two-community heter data are generated"
[1] "heter data are generated"
[1] "heter data are generated"
 [1] "lglasso's bic is 14638.2967227916" "lglasso's bic is 12259.6945965199"
 [3] "lglasso's bic is 10707.0334561682" "lglasso's bic is 9284.29746349362"
 [5] "lglasso's bic is 7856.40794561021" "lglasso's bic is 6905.96669286006"
 [7] "lglasso's bic is 6144.71211411343" "lglasso's bic is 5424.83893054305"
 [9] "lglasso's bic is 4760.94206698967" "lglasso's bic is 4333.56674131422"
[11] "lglasso's bic is 3969.25318298847" "lglasso's bic is 3755.52859077743"
[13] "lglasso's bic is 3606.14919928992" "lglasso's bic is 3492.01472183102"
[15] "lglasso's bic is 3393.10091358476" "lglasso's bic is 3427.77411982329"
[17] "lglasso's bic is 3420.50401071881" "lglasso's bic is 3435.34966660387"
[19] "lglasso's bic is 3473.3067922799"  "lglasso's bic is 3532.51986806396"
[1] "The 36th simulation:"
[1] "two-community heter data are generated"
[1] "heter data are generated"
[1] "heter data are generated"
 [1] "lglasso's bic is 13553.1503237174" "lglasso's bic is 11084.1452231412"
 [3] "lglasso's bic is 9300.48711996983" "lglasso's bic is 8100.62377931284"
 [5] "lglasso's bic is 6930.81487970349" "lglasso's bic is 5839.00890883104"
 [7] "lglasso's bic is 4967.43531805533" "lglasso's bic is 4163.62308351333"
 [9] "lglasso's bic is 3688.66106777203" "lglasso's bic is 3300.57945383653"
[11] "lglasso's bic is 3040.19380052932" "lglasso's bic is 2829.60391113692"
[13] "lglasso's bic is 2670.48250285529" "lglasso's bic is 2602.48493550114"
[15] "lglasso's bic is 2498.71619984735" "lglasso's bic is 2518.30417204741"
[17] "lglasso's bic is 2508.82807192967" "lglasso's bic is 2541.92734961559"
[19] "lglasso's bic is 2583.38932552911" "lglasso's bic is 2617.26560009102"
[1] "The 37th simulation:"
[1] "two-community heter data are generated"
[1] "heter data are generated"
[1] "heter data are generated"
 [1] "lglasso's bic is 14476.0972194901" "lglasso's bic is 11874.5714733622"
 [3] "lglasso's bic is 9886.08233344534" "lglasso's bic is 8585.27408741233"
 [5] "lglasso's bic is 7248.76228404393" "lglasso's bic is 6216.04545211225"
 [7] "lglasso's bic is 5498.79877833337" "lglasso's bic is 4951.52884204928"
 [9] "lglasso's bic is 4471.85682341737" "lglasso's bic is 4052.08359056866"
[11] "lglasso's bic is 3741.16548060759" "lglasso's bic is 3574.53948031931"
[13] "lglasso's bic is 3449.59170319209" "lglasso's bic is 3413.12876171964"
[15] "lglasso's bic is 3384.66725496628" "lglasso's bic is 3420.68832784901"
[17] "lglasso's bic is 3398.29799444079" "lglasso's bic is 3429.21381335533"
[19] "lglasso's bic is 3468.13653290738" "lglasso's bic is 3500.69460743462"
[1] "The 38th simulation:"
[1] "two-community heter data are generated"
[1] "heter data are generated"
[1] "heter data are generated"
 [1] "lglasso's bic is 11603.0688352871" "lglasso's bic is 8667.86509960362"
 [3] "lglasso's bic is 6768.0724569906"  "lglasso's bic is 5522.78629729409"
 [5] "lglasso's bic is 4459.42666339961" "lglasso's bic is 3555.10428805665"
 [7] "lglasso's bic is 2842.10751390706" "lglasso's bic is 2273.3475351497" 
 [9] "lglasso's bic is 1800.657257398"   "lglasso's bic is 1431.99950259068"
[11] "lglasso's bic is 1187.4849321671"  "lglasso's bic is 1100.21066505695"
[13] "lglasso's bic is 1019.0551409488"  "lglasso's bic is 1028.21784254081"
[15] "lglasso's bic is 1077.28437048835" "lglasso's bic is 1122.06328608944"
[17] "lglasso's bic is 1315.94024787341" "lglasso's bic is 1479.73975129341"
[19] "lglasso's bic is 1670.81517751906" "lglasso's bic is 1919.97158609902"
[1] "The 39th simulation:"
[1] "two-community heter data are generated"
[1] "heter data are generated"
[1] "heter data are generated"
 [1] "lglasso's bic is 14063.8731956086" "lglasso's bic is 11702.1214326167"
 [3] "lglasso's bic is 9758.65088144955" "lglasso's bic is 8319.0451869052" 
 [5] "lglasso's bic is 7147.26542677862" "lglasso's bic is 6095.71746217772"
 [7] "lglasso's bic is 5327.76122503"    "lglasso's bic is 4919.57556499476"
 [9] "lglasso's bic is 4313.02750903299" "lglasso's bic is 3898.3682392788" 
[11] "lglasso's bic is 3642.73172632235" "lglasso's bic is 3445.32036434824"
[13] "lglasso's bic is 3347.96715626474" "lglasso's bic is 3282.11732222208"
[15] "lglasso's bic is 3273.42711969583" "lglasso's bic is 3330.53575283839"
[17] "lglasso's bic is 3383.56447190233" "lglasso's bic is 3397.6866387893" 
[19] "lglasso's bic is 3447.55470090124" "lglasso's bic is 3474.62927813871"
[1] "The 40th simulation:"
[1] "two-community heter data are generated"
[1] "heter data are generated"
[1] "heter data are generated"
 [1] "lglasso's bic is 13508.7118042448" "lglasso's bic is 10865.130471992" 
 [3] "lglasso's bic is 9115.29318095621" "lglasso's bic is 7961.56333131491"
 [5] "lglasso's bic is 6836.95223464168" "lglasso's bic is 5839.6074395093" 
 [7] "lglasso's bic is 4975.07402552382" "lglasso's bic is 4329.1842839144" 
 [9] "lglasso's bic is 3904.45032907529" "lglasso's bic is 3520.42240449106"
[11] "lglasso's bic is 3229.50256254538" "lglasso's bic is 3052.20942362145"
[13] "lglasso's bic is 3025.89220257583" "lglasso's bic is 3086.24418373445"
[15] "lglasso's bic is 3021.4444674579"  "lglasso's bic is 3056.86300398681"
[17] "lglasso's bic is 3109.81671266652" "lglasso's bic is 3127.96756611964"
[19] "lglasso's bic is 3255.54859089697" "lglasso's bic is 3265.32690167922"
[1] "The 41th simulation:"
[1] "two-community heter data are generated"
[1] "heter data are generated"
[1] "heter data are generated"
 [1] "lglasso's bic is 13997.7673854637" "lglasso's bic is 11373.7274024717"
 [3] "lglasso's bic is 9432.82432848975" "lglasso's bic is 7984.18719476016"
 [5] "lglasso's bic is 6924.6149383588"  "lglasso's bic is 6180.36705387138"
 [7] "lglasso's bic is 5772.34553982222" "lglasso's bic is 4780.37764864287"
 [9] "lglasso's bic is 4213.40533109272" "lglasso's bic is 3811.71199326851"
[11] "lglasso's bic is 3549.80317791886" "lglasso's bic is 3351.833150597"  
[13] "lglasso's bic is 3193.90394881128" "lglasso's bic is 3136.59716767308"
[15] "lglasso's bic is 3111.26405306434" "lglasso's bic is 3129.80655108989"
[17] "lglasso's bic is 3134.68525124451" "lglasso's bic is 3154.01932708222"
[19] "lglasso's bic is 3195.11110016028" "lglasso's bic is 3363.46352816918"
[1] "The 42th simulation:"
[1] "two-community heter data are generated"
[1] "heter data are generated"
[1] "heter data are generated"
 [1] "lglasso's bic is 10260.3174966541"  "lglasso's bic is 7590.86668173162" 
 [3] "lglasso's bic is 5799.69928719047"  "lglasso's bic is 4356.70679688897" 
 [5] "lglasso's bic is 3168.98370879107"  "lglasso's bic is 2296.51994592902" 
 [7] "lglasso's bic is 1544.67066528898"  "lglasso's bic is 1024.35100821622" 
 [9] "lglasso's bic is 528.243519215564"  "lglasso's bic is 281.262921787144" 
[11] "lglasso's bic is 58.1627338260905"  "lglasso's bic is -30.2242250323342"
[13] "lglasso's bic is -82.432194644019"  "lglasso's bic is -142.418278036483"
[15] "lglasso's bic is -157.861750731716" "lglasso's bic is -124.530216869255"
[17] "lglasso's bic is -67.9520890814034" "lglasso's bic is 5.63396448930615" 
[19] "lglasso's bic is 82.144646818714"   "lglasso's bic is 534.731789805515" 
[1] "The 43th simulation:"
[1] "two-community heter data are generated"
[1] "heter data are generated"
[1] "heter data are generated"
 [1] "lglasso's bic is 12965.34966355"   "lglasso's bic is 10827.0711502355"
 [3] "lglasso's bic is 8845.12971569014" "lglasso's bic is 7508.83267102396"
 [5] "lglasso's bic is 6418.54501412683" "lglasso's bic is 5528.46861909461"
 [7] "lglasso's bic is 4559.50993912643" "lglasso's bic is 3759.69085641693"
 [9] "lglasso's bic is 3087.5109684813"  "lglasso's bic is 2893.65985522498"
[11] "lglasso's bic is 2611.41631182791" "lglasso's bic is 2457.6906287996" 
[13] "lglasso's bic is 2248.78696330264" "lglasso's bic is 2152.14628913227"
[15] "lglasso's bic is 2087.81151228757" "lglasso's bic is 2072.0050797669" 
[17] "lglasso's bic is 2069.14424622024" "lglasso's bic is 2114.37698994448"
[19] "lglasso's bic is 2324.39951042836" "lglasso's bic is 2347.71349249785"
[1] "The 44th simulation:"
[1] "two-community heter data are generated"
[1] "heter data are generated"
[1] "heter data are generated"
 [1] "lglasso's bic is 12437.4430866084" "lglasso's bic is 9617.97119934695"
 [3] "lglasso's bic is 8041.91757300983" "lglasso's bic is 6739.6476552281" 
 [5] "lglasso's bic is 5625.86411611684" "lglasso's bic is 4594.70385979062"
 [7] "lglasso's bic is 3780.34630165421" "lglasso's bic is 2983.83591504206"
 [9] "lglasso's bic is 2494.59657648534" "lglasso's bic is 2146.53330993906"
[11] "lglasso's bic is 1922.22998840974" "lglasso's bic is 1726.96264294051"
[13] "lglasso's bic is 1562.79473478043" "lglasso's bic is 1474.72848209138"
[15] "lglasso's bic is 1513.64617475336" "lglasso's bic is 1768.36515269367"
[17] "lglasso's bic is 1826.12887235071" "lglasso's bic is 1856.06830474071"
[19] "lglasso's bic is 2095.12971978973" "lglasso's bic is 2124.09097289274"
[1] "The 45th simulation:"
[1] "two-community heter data are generated"
[1] "heter data are generated"
[1] "heter data are generated"
 [1] "lglasso's bic is 12741.1165365365" "lglasso's bic is 10177.1104931592"
 [3] "lglasso's bic is 8346.71219219468" "lglasso's bic is 6701.23230681074"
 [5] "lglasso's bic is 5701.94710105994" "lglasso's bic is 4534.49606074946"
 [7] "lglasso's bic is 3917.64263478671" "lglasso's bic is 3199.19132190131"
 [9] "lglasso's bic is 2531.4848660098"  "lglasso's bic is 2221.46456796858"
[11] "lglasso's bic is 1946.44144102843" "lglasso's bic is 1768.19599821802"
[13] "lglasso's bic is 1689.68502625107" "lglasso's bic is 1610.86420709751"
[15] "lglasso's bic is 1586.93841657814" "lglasso's bic is 1594.71492394699"
[17] "lglasso's bic is 1600.34747104711" "lglasso's bic is 1652.81010681241"
[19] "lglasso's bic is 1696.42441199807" "lglasso's bic is 1740.58263345149"
[1] "The 46th simulation:"
[1] "two-community heter data are generated"
[1] "heter data are generated"
[1] "heter data are generated"
 [1] "lglasso's bic is 14432.3201507268" "lglasso's bic is 12135.5741611891"
 [3] "lglasso's bic is 10466.8416472618" "lglasso's bic is 9080.84785857382"
 [5] "lglasso's bic is 8014.69251162978" "lglasso's bic is 6982.27652077702"
 [7] "lglasso's bic is 6058.68100300839" "lglasso's bic is 5256.5453629507" 
 [9] "lglasso's bic is 4733.74177554045" "lglasso's bic is 4382.72357356477"
[11] "lglasso's bic is 4004.56844211418" "lglasso's bic is 3784.50033487921"
[13] "lglasso's bic is 3686.88404796189" "lglasso's bic is 3602.39512240441"
[15] "lglasso's bic is 3563.91034825883" "lglasso's bic is 3573.29858706313"
[17] "lglasso's bic is 3599.10328012156" "lglasso's bic is 3704.10014971731"
[19] "lglasso's bic is 3722.51848505069" "lglasso's bic is 3744.78072236508"
[1] "The 47th simulation:"
[1] "two-community heter data are generated"
[1] "heter data are generated"
[1] "heter data are generated"
 [1] "lglasso's bic is 13981.7651967564" "lglasso's bic is 11723.1204030898"
 [3] "lglasso's bic is 10037.0825254557" "lglasso's bic is 8747.88012510739"
 [5] "lglasso's bic is 7564.21420069051" "lglasso's bic is 6620.19378735093"
 [7] "lglasso's bic is 5800.80976151357" "lglasso's bic is 5096.73991272788"
 [9] "lglasso's bic is 4477.52693030138" "lglasso's bic is 4070.55220260747"
[11] "lglasso's bic is 3805.58125631883" "lglasso's bic is 3652.37491600474"
[13] "lglasso's bic is 3496.82451344254" "lglasso's bic is 3407.32299183883"
[15] "lglasso's bic is 3366.17339762738" "lglasso's bic is 3374.47434829314"
[17] "lglasso's bic is 3393.91508666513" "lglasso's bic is 3421.13459238158"
[19] "lglasso's bic is 3443.37910377694" "lglasso's bic is 3491.72678054681"
[1] "The 48th simulation:"
[1] "two-community heter data are generated"
[1] "heter data are generated"
[1] "heter data are generated"
 [1] "lglasso's bic is 15927.3708551155" "lglasso's bic is 13456.2419764263"
 [3] "lglasso's bic is 11714.1879723644" "lglasso's bic is 10371.0127820242"
 [5] "lglasso's bic is 9197.37594976163" "lglasso's bic is 8290.09078257425"
 [7] "lglasso's bic is 7322.35104841611" "lglasso's bic is 6674.96521249881"
 [9] "lglasso's bic is 6185.71877369553" "lglasso's bic is 5697.01198568962"
[11] "lglasso's bic is 5315.88539878959" "lglasso's bic is 5023.24119317237"
[13] "lglasso's bic is 4860.20851212337" "lglasso's bic is 4692.35176901138"
[15] "lglasso's bic is 4614.39160153403" "lglasso's bic is 4592.25208348342"
[17] "lglasso's bic is 4573.16389400802" "lglasso's bic is 4574.5260262627" 
[19] "lglasso's bic is 4611.71699198925" "lglasso's bic is 4623.53219653458"
[1] "The 49th simulation:"
[1] "two-community heter data are generated"
[1] "heter data are generated"
[1] "heter data are generated"
 [1] "lglasso's bic is 12119.8894522007" "lglasso's bic is 9534.89862262141"
 [3] "lglasso's bic is 7705.28370668135" "lglasso's bic is 6165.40102148944"
 [5] "lglasso's bic is 4914.62575554047" "lglasso's bic is 3864.5393231489" 
 [7] "lglasso's bic is 3018.66121026677" "lglasso's bic is 2512.00218857386"
 [9] "lglasso's bic is 2169.50558956125" "lglasso's bic is 1748.80000065675"
[11] "lglasso's bic is 1459.72584719672" "lglasso's bic is 1349.24669049588"
[13] "lglasso's bic is 1304.72903302234" "lglasso's bic is 1471.42943179573"
[15] "lglasso's bic is 1452.78464883194" "lglasso's bic is 1585.38253282653"
[17] "lglasso's bic is 1591.15489649209" "lglasso's bic is 1604.09870944403"
[19] "lglasso's bic is 1975.2628741147"  "lglasso's bic is 2008.10337493284"
[1] "The 50th simulation:"
[1] "two-community heter data are generated"
[1] "heter data are generated"
[1] "heter data are generated"
 [1] "lglasso's bic is 10862.6805807922" "lglasso's bic is 8679.52535630696"
 [3] "lglasso's bic is 6930.876101678"   "lglasso's bic is 5925.64795626667"
 [5] "lglasso's bic is 4805.38549671912" "lglasso's bic is 3902.28331597738"
 [7] "lglasso's bic is 3026.74862310059" "lglasso's bic is 2023.45239929539"
 [9] "lglasso's bic is 1376.14766145243" "lglasso's bic is 932.964229804484"
[11] "lglasso's bic is 862.189531567678" "lglasso's bic is 639.531043671291"
[13] "lglasso's bic is 417.546674886133" "lglasso's bic is 364.263654933218"
[15] "lglasso's bic is 415.064924908119" "lglasso's bic is 361.300632603191"
[17] "lglasso's bic is 376.836322931595" "lglasso's bic is 349.227325254973"
[19] "lglasso's bic is 351.833503665782" "lglasso's bic is 343.845187793036"
There were 50 or more warnings (use warnings() to see the first 50)
> save(simures,file="subject=20_time=10_uu2=0.4.Rd")
> q("no")
> proc.time()
     user    system   elapsed 
13701.497    64.036 17226.994 
