
R version 4.1.2 (2021-11-01) -- "Bird Hippie"
Copyright (C) 2021 The R Foundation for Statistical Computing
Platform: x86_64-pc-linux-gnu (64-bit)

R is free software and comes with ABSOLUTELY NO WARRANTY.
You are welcome to redistribute it under certain conditions.
Type 'license()' or 'licence()' for distribution details.

  Natural language support but running in an English locale

R is a collaborative project with many contributors.
Type 'contributors()' for more information and
'citation()' on how to cite R or R packages in publications.

Type 'demo()' for some demos, 'help()' for on-line help, or
'help.start()' for an HTML browser interface to help.
Type 'q()' to quit R.

> library("lglasso")
> library("glasso")
> library("BDgraph")
> library("GGMselect")
Loading required package: mvtnorm

Attaching package: 'mvtnorm'

The following object is masked from 'package:BDgraph':

    rmvnorm

> library("Matrix")
> m=40
> n=30
> uu2=0.1
> Nsim=50
> rho=vector("list",5)
> rho[[1]]=seq(0.001,0.3,length=20)
> rho[[2]]=seq(0.001,0.3,length=20)
> rho[[3]]=seq(0.001,0.3,length=20)
> rho[[4]]=seq(0.00001,0.1,length=10)
> rho[[5]]=seq(0.00001,0.1,length=10)
> set.seed(m+n+uu2)
> simures=power_compare1(m=m,n=n,p=80,coe=c(2,0,0),l=Nsim,rho=rho,prob=0.01,heter=T,community2=T,uu=c(0.1,uu2),zirate=c(0.2, 0.8))
[1] "The 1th simulation:"
[1] "two-community heter data are generated"
[1] "heter data are generated"
[1] "heter data are generated"
 [1] "lglasso's bic is 40016.7559011199" "lglasso's bic is 33227.8862907642"
 [3] "lglasso's bic is 28832.5242738076" "lglasso's bic is 25946.7912489977"
 [5] "lglasso's bic is 24062.9914113753" "lglasso's bic is 23027.5335243177"
 [7] "lglasso's bic is 22738.7640570796" "lglasso's bic is 22678.7424060173"
 [9] "lglasso's bic is 22842.3093949541" "lglasso's bic is 23070.6276200506"
[11] "lglasso's bic is 23409.8225591415" "lglasso's bic is 23626.2243242407"
[13] "lglasso's bic is 23885.8584201119" "lglasso's bic is 24124.4021035109"
[15] "lglasso's bic is 24465.3163297323" "lglasso's bic is 24876.6096856254"
[17] "lglasso's bic is 25485.720272571"  "lglasso's bic is 25972.1601779989"
[19] "lglasso's bic is 26259.6387117307" "lglasso's bic is 26820.0554793874"
[1] "The 2th simulation:"
[1] "two-community heter data are generated"
[1] "heter data are generated"
[1] "heter data are generated"
 [1] "lglasso's bic is 36993.368827107"  "lglasso's bic is 29971.9662386729"
 [3] "lglasso's bic is 25707.1476180099" "lglasso's bic is 22517.7173297924"
 [5] "lglasso's bic is 20967.3893002804" "lglasso's bic is 20083.5152456858"
 [7] "lglasso's bic is 19774.8837071212" "lglasso's bic is 19817.3786214173"
 [9] "lglasso's bic is 19980.4911983528" "lglasso's bic is 20174.6427797035"
[11] "lglasso's bic is 20407.7012526779" "lglasso's bic is 20786.4020095575"
[13] "lglasso's bic is 21125.1883396772" "lglasso's bic is 21450.3288934208"
[15] "lglasso's bic is 21719.8008804274" "lglasso's bic is 22040.8062353569"
[17] "lglasso's bic is 22345.6652239357" "lglasso's bic is 22716.0920171947"
[19] "lglasso's bic is 23089.0676365065" "lglasso's bic is 23372.0670565686"
[1] "The 3th simulation:"
[1] "two-community heter data are generated"
[1] "heter data are generated"
[1] "heter data are generated"
 [1] "lglasso's bic is 41643.4131766581" "lglasso's bic is 35339.0446214568"
 [3] "lglasso's bic is 30599.6153005622" "lglasso's bic is 27576.8667969018"
 [5] "lglasso's bic is 26201.4638139828" "lglasso's bic is 25218.731960338" 
 [7] "lglasso's bic is 24757.8780177609" "lglasso's bic is 24782.1854457421"
 [9] "lglasso's bic is 24946.3601270611" "lglasso's bic is 25124.948058728" 
[11] "lglasso's bic is 25615.2810306394" "lglasso's bic is 25860.7848139566"
[13] "lglasso's bic is 26199.9291651042" "lglasso's bic is 26461.8289403298"
[15] "lglasso's bic is 26909.0399061006" "lglasso's bic is 27125.0275786076"
[17] "lglasso's bic is 27373.3729324321" "lglasso's bic is 27658.9096409211"
[19] "lglasso's bic is 27890.2810607014" "lglasso's bic is 28121.3272535864"
[1] "The 4th simulation:"
[1] "two-community heter data are generated"
[1] "heter data are generated"
[1] "heter data are generated"
 [1] "lglasso's bic is 22140.5009289637" "lglasso's bic is 14853.6074577227"
 [3] "lglasso's bic is 10830.9640936304" "lglasso's bic is 9083.35082726103"
 [5] "lglasso's bic is 7904.79600881027" "lglasso's bic is 7427.59877728608"
 [7] "lglasso's bic is 7652.13043947314" "lglasso's bic is 7867.26324604614"
 [9] "lglasso's bic is 8660.27901530206" "lglasso's bic is 9086.54297624417"
[11] "lglasso's bic is 9603.05284819153" "lglasso's bic is 10088.9362118975"
[13] "lglasso's bic is 10620.2333786617" "lglasso's bic is 11432.1117060793"
[15] "lglasso's bic is 11888.0419038277" "lglasso's bic is 12686.9742884225"
[17] "lglasso's bic is 13159.5492811162" "lglasso's bic is 13601.7933393525"
[19] "lglasso's bic is 14137.1814839222" "lglasso's bic is 14590.3531774494"
[1] "The 5th simulation:"
[1] "two-community heter data are generated"
[1] "heter data are generated"
[1] "heter data are generated"
 [1] "lglasso's bic is 31278.8727232583" "lglasso's bic is 25051.7266039952"
 [3] "lglasso's bic is 20522.2471444227" "lglasso's bic is 17640.7409792287"
 [5] "lglasso's bic is 15674.8695554611" "lglasso's bic is 14703.5220803495"
 [7] "lglasso's bic is 14414.9947957001" "lglasso's bic is 14220.2806671845"
 [9] "lglasso's bic is 14299.6861009808" "lglasso's bic is 14462.2122459185"
[11] "lglasso's bic is 14648.0396651052" "lglasso's bic is 14898.8642218443"
[13] "lglasso's bic is 15246.0272035462" "lglasso's bic is 15554.6412340946"
[15] "lglasso's bic is 15756.3339836533" "lglasso's bic is 15982.3459074628"
[17] "lglasso's bic is 16596.7318164393" "lglasso's bic is 16806.5284534793"
[19] "lglasso's bic is 17041.9071590971" "lglasso's bic is 17463.6035853757"
[1] "The 6th simulation:"
[1] "two-community heter data are generated"
[1] "heter data are generated"
[1] "heter data are generated"
 [1] "lglasso's bic is 39095.8019034177" "lglasso's bic is 32665.0711333452"
 [3] "lglasso's bic is 27958.5857016627" "lglasso's bic is 24872.358214056" 
 [5] "lglasso's bic is 23090.270972361"  "lglasso's bic is 22242.075174636" 
 [7] "lglasso's bic is 22039.5798072162" "lglasso's bic is 22089.7552662577"
 [9] "lglasso's bic is 22242.9075339936" "lglasso's bic is 22505.7280403232"
[11] "lglasso's bic is 22990.2705893634" "lglasso's bic is 23236.0356251584"
[13] "lglasso's bic is 23556.635184475"  "lglasso's bic is 23871.1864806895"
[15] "lglasso's bic is 24262.70848948"   "lglasso's bic is 24835.4117478024"
[17] "lglasso's bic is 25103.0752776085" "lglasso's bic is 25357.407583365" 
[19] "lglasso's bic is 26040.4514968891" "lglasso's bic is 26303.3025394086"
[1] "The 7th simulation:"
[1] "two-community heter data are generated"
[1] "heter data are generated"
[1] "heter data are generated"
 [1] "lglasso's bic is 44136.5553939165" "lglasso's bic is 37505.0017357128"
 [3] "lglasso's bic is 32923.8134358564" "lglasso's bic is 29845.8688444415"
 [5] "lglasso's bic is 28304.1263868893" "lglasso's bic is 27776.3955339085"
 [7] "lglasso's bic is 27532.7060121387" "lglasso's bic is 27624.0797005444"
 [9] "lglasso's bic is 27758.5589227736" "lglasso's bic is 27968.7998543941"
[11] "lglasso's bic is 28190.6955082742" "lglasso's bic is 28478.41861808"  
[13] "lglasso's bic is 28724.8262135069" "lglasso's bic is 29149.7523073873"
[15] "lglasso's bic is 29484.1883000333" "lglasso's bic is 29765.7319930616"
[17] "lglasso's bic is 30067.0388546107" "lglasso's bic is 30512.04359492"  
[19] "lglasso's bic is 30859.5147157687" "lglasso's bic is 31154.3294669296"
[1] "The 8th simulation:"
[1] "two-community heter data are generated"
[1] "heter data are generated"
[1] "heter data are generated"
 [1] "lglasso's bic is 33599.6411306481" "lglasso's bic is 26546.4846435643"
 [3] "lglasso's bic is 22248.5634031613" "lglasso's bic is 19571.7146891405"
 [5] "lglasso's bic is 17785.925486761"  "lglasso's bic is 17186.3046371144"
 [7] "lglasso's bic is 16830.6691529581" "lglasso's bic is 16728.6107228027"
 [9] "lglasso's bic is 16879.5377671698" "lglasso's bic is 17237.7587771797"
[11] "lglasso's bic is 17458.2043769835" "lglasso's bic is 17691.13388834"  
[13] "lglasso's bic is 17989.107544313"  "lglasso's bic is 18230.9979240554"
[15] "lglasso's bic is 18509.4701711859" "lglasso's bic is 18813.0087567006"
[17] "lglasso's bic is 19073.205892438"  "lglasso's bic is 19480.7533273772"
[19] "lglasso's bic is 19756.7776669056" "lglasso's bic is 20059.1278626572"
[1] "The 9th simulation:"
[1] "two-community heter data are generated"
[1] "heter data are generated"
[1] "heter data are generated"
 [1] "lglasso's bic is 42098.3693318739" "lglasso's bic is 35753.0820812319"
 [3] "lglasso's bic is 31415.6249784403" "lglasso's bic is 28354.7839785373"
 [5] "lglasso's bic is 26596.3896570191" "lglasso's bic is 25548.8408270588"
 [7] "lglasso's bic is 25125.2987365954" "lglasso's bic is 25081.4466852535"
 [9] "lglasso's bic is 25050.8058380311" "lglasso's bic is 25252.7946903693"
[11] "lglasso's bic is 25447.3789020716" "lglasso's bic is 25671.5806852388"
[13] "lglasso's bic is 26088.8426954926" "lglasso's bic is 26271.3248488849"
[15] "lglasso's bic is 26529.822239094"  "lglasso's bic is 27171.8962705742"
[17] "lglasso's bic is 27386.9993731772" "lglasso's bic is 27593.0807058818"
[19] "lglasso's bic is 27807.474174838"  "lglasso's bic is 28013.2325953191"
[1] "The 10th simulation:"
[1] "two-community heter data are generated"
[1] "heter data are generated"
[1] "heter data are generated"
 [1] "lglasso's bic is 50655.4635974714" "lglasso's bic is 44006.207370417" 
 [3] "lglasso's bic is 39881.485734388"  "lglasso's bic is 36661.3061958824"
 [5] "lglasso's bic is 34916.6310622327" "lglasso's bic is 33982.7443797511"
 [7] "lglasso's bic is 33663.0886343945" "lglasso's bic is 33474.3815378886"
 [9] "lglasso's bic is 33524.9362005729" "lglasso's bic is 33683.1921701101"
[11] "lglasso's bic is 34200.7298444285" "lglasso's bic is 34445.2132364451"
[13] "lglasso's bic is 34626.3357535408" "lglasso's bic is 35069.1435919923"
[15] "lglasso's bic is 35250.0017836602" "lglasso's bic is 35442.9471632907"
[17] "lglasso's bic is 35727.7340822452" "lglasso's bic is 35929.7075367354"
[19] "lglasso's bic is 36162.6126804188" "lglasso's bic is 36552.6082918224"
[1] "The 11th simulation:"
[1] "two-community heter data are generated"
[1] "heter data are generated"
[1] "heter data are generated"
 [1] "lglasso's bic is 38909.2603799917" "lglasso's bic is 32056.8482664303"
 [3] "lglasso's bic is 27472.1913796605" "lglasso's bic is 24123.3941054939"
 [5] "lglasso's bic is 22455.4043582197" "lglasso's bic is 21684.8613998686"
 [7] "lglasso's bic is 21567.6186617221" "lglasso's bic is 21595.0975941992"
 [9] "lglasso's bic is 21734.3058844989" "lglasso's bic is 21883.4157810806"
[11] "lglasso's bic is 22159.2686706471" "lglasso's bic is 22345.8572969454"
[13] "lglasso's bic is 22578.3898595722" "lglasso's bic is 22884.8419852981"
[15] "lglasso's bic is 23109.4166891837" "lglasso's bic is 23340.9269190041"
[17] "lglasso's bic is 23571.3997836816" "lglasso's bic is 23861.729904224" 
[19] "lglasso's bic is 24136.9735035714" "lglasso's bic is 25139.3206057813"
[1] "The 12th simulation:"
[1] "two-community heter data are generated"
[1] "heter data are generated"
[1] "heter data are generated"
 [1] "lglasso's bic is 43864.9904647301" "lglasso's bic is 37198.2281490582"
 [3] "lglasso's bic is 32493.6680195368" "lglasso's bic is 29330.6615014438"
 [5] "lglasso's bic is 27706.3258266029" "lglasso's bic is 26854.4913338138"
 [7] "lglasso's bic is 26499.1197549294" "lglasso's bic is 26406.23472349"  
 [9] "lglasso's bic is 26501.6695844019" "lglasso's bic is 26653.5576459641"
[11] "lglasso's bic is 26793.888412249"  "lglasso's bic is 26945.2299313591"
[13] "lglasso's bic is 27111.4620488019" "lglasso's bic is 27302.5502434807"
[15] "lglasso's bic is 27858.0072974335" "lglasso's bic is 28078.4375979339"
[17] "lglasso's bic is 28282.8007754695" "lglasso's bic is 28472.4328226076"
[19] "lglasso's bic is 29367.0350305761" "lglasso's bic is 29661.4866063802"
[1] "The 13th simulation:"
[1] "two-community heter data are generated"
[1] "heter data are generated"
[1] "heter data are generated"
 [1] "lglasso's bic is 45971.8274796048" "lglasso's bic is 39320.1485571391"
 [3] "lglasso's bic is 35002.1690081646" "lglasso's bic is 32317.371615305" 
 [5] "lglasso's bic is 30299.481253631"  "lglasso's bic is 29309.4683074996"
 [7] "lglasso's bic is 28793.9456370272" "lglasso's bic is 28772.411562406" 
 [9] "lglasso's bic is 28961.3849410253" "lglasso's bic is 29136.1944931391"
[11] "lglasso's bic is 29317.9770896617" "lglasso's bic is 29772.5463776504"
[13] "lglasso's bic is 30350.4368087333" "lglasso's bic is 30624.9195030789"
[15] "lglasso's bic is 30848.5074819232" "lglasso's bic is 31124.2725129258"
[17] "lglasso's bic is 31376.4706195644" "lglasso's bic is 31608.4184084218"
[19] "lglasso's bic is 31864.144068088"  "lglasso's bic is 32102.0355417248"
[1] "The 14th simulation:"
[1] "two-community heter data are generated"
[1] "heter data are generated"
[1] "heter data are generated"
 [1] "lglasso's bic is 42226.4139758377" "lglasso's bic is 35651.344922491" 
 [3] "lglasso's bic is 30912.1849597093" "lglasso's bic is 27956.0120758265"
 [5] "lglasso's bic is 26164.1824532286" "lglasso's bic is 25155.2102580082"
 [7] "lglasso's bic is 24815.5180098917" "lglasso's bic is 24745.5525405843"
 [9] "lglasso's bic is 25000.2563863096" "lglasso's bic is 25212.196768578" 
[11] "lglasso's bic is 25411.6369288191" "lglasso's bic is 25592.2911684322"
[13] "lglasso's bic is 25764.406465981"  "lglasso's bic is 25952.2570341023"
[15] "lglasso's bic is 26139.4536426908" "lglasso's bic is 26633.8294939777"
[17] "lglasso's bic is 26863.1749743978" "lglasso's bic is 27065.6834710139"
[19] "lglasso's bic is 27261.8019343705" "lglasso's bic is 27932.1531191932"
[1] "The 15th simulation:"
[1] "two-community heter data are generated"
[1] "heter data are generated"
[1] "heter data are generated"
 [1] "lglasso's bic is 32964.0822925356" "lglasso's bic is 26308.7278641832"
 [3] "lglasso's bic is 21715.8298131425" "lglasso's bic is 18660.3200986983"
 [5] "lglasso's bic is 16770.6877916676" "lglasso's bic is 15922.3197764477"
 [7] "lglasso's bic is 15745.1711255482" "lglasso's bic is 15599.5414432866"
 [9] "lglasso's bic is 15773.7843632534" "lglasso's bic is 15903.2901776578"
[11] "lglasso's bic is 16051.9514843536" "lglasso's bic is 16218.9371740658"
[13] "lglasso's bic is 16577.8478434311" "lglasso's bic is 16762.7570630038"
[15] "lglasso's bic is 16972.2487629589" "lglasso's bic is 17314.2511413443"
[17] "lglasso's bic is 17496.6619361295" "lglasso's bic is 17781.6228145255"
[19] "lglasso's bic is 17988.5802863915" "lglasso's bic is 18174.7929488968"
[1] "The 16th simulation:"
[1] "two-community heter data are generated"
[1] "heter data are generated"
[1] "heter data are generated"
 [1] "lglasso's bic is 34691.4981366744" "lglasso's bic is 27700.6213655274"
 [3] "lglasso's bic is 22992.661841128"  "lglasso's bic is 20114.0387829077"
 [5] "lglasso's bic is 18693.8387819202" "lglasso's bic is 17891.0480802316"
 [7] "lglasso's bic is 17547.788373993"  "lglasso's bic is 17768.1316853047"
 [9] "lglasso's bic is 17930.0409161227" "lglasso's bic is 18377.6167208823"
[11] "lglasso's bic is 18599.0844799556" "lglasso's bic is 18987.76335832"  
[13] "lglasso's bic is 19203.2613537359" "lglasso's bic is 19494.0839204351"
[15] "lglasso's bic is 20055.6573730009" "lglasso's bic is 20319.743841907" 
[17] "lglasso's bic is 20574.6170752158" "lglasso's bic is 20808.5976487509"
[19] "lglasso's bic is 21071.6918027973" "lglasso's bic is 21862.386733406" 
[1] "The 17th simulation:"
[1] "two-community heter data are generated"
[1] "heter data are generated"
[1] "heter data are generated"
 [1] "lglasso's bic is 34438.1158125903" "lglasso's bic is 28096.4087950609"
 [3] "lglasso's bic is 23571.578310059"  "lglasso's bic is 20399.2490895129"
 [5] "lglasso's bic is 18801.9950786966" "lglasso's bic is 17843.8309041681"
 [7] "lglasso's bic is 17560.0226270975" "lglasso's bic is 17506.1241289123"
 [9] "lglasso's bic is 17614.1952801696" "lglasso's bic is 17762.161112028" 
[11] "lglasso's bic is 17937.9116071436" "lglasso's bic is 18204.992249375" 
[13] "lglasso's bic is 18426.3638540892" "lglasso's bic is 18664.9789852691"
[15] "lglasso's bic is 18896.8528342276" "lglasso's bic is 19222.7855286868"
[17] "lglasso's bic is 19457.9057970503" "lglasso's bic is 19825.9485532968"
[19] "lglasso's bic is 20061.9574095241" "lglasso's bic is 20288.4411883491"
[1] "The 18th simulation:"
[1] "two-community heter data are generated"
[1] "heter data are generated"
[1] "heter data are generated"
 [1] "lglasso's bic is 43124.4843804548" "lglasso's bic is 36273.4860840148"
 [3] "lglasso's bic is 32092.2018811987" "lglasso's bic is 29314.4176022885"
 [5] "lglasso's bic is 27773.4447424894" "lglasso's bic is 26916.3959738869"
 [7] "lglasso's bic is 26535.0567062891" "lglasso's bic is 26658.1033186612"
 [9] "lglasso's bic is 26885.8512237925" "lglasso's bic is 27173.1722441387"
[11] "lglasso's bic is 27445.3168053783" "lglasso's bic is 27907.0924090558"
[13] "lglasso's bic is 28270.9371213791" "lglasso's bic is 28649.5315956195"
[15] "lglasso's bic is 28968.7811219902" "lglasso's bic is 29463.0512324463"
[17] "lglasso's bic is 30046.8346820519" "lglasso's bic is 30460.9441717494"
[19] "lglasso's bic is 30785.1831369995" "lglasso's bic is 31112.325247521" 
[1] "The 19th simulation:"
[1] "two-community heter data are generated"
[1] "heter data are generated"
[1] "heter data are generated"
 [1] "lglasso's bic is 38515.2676290185" "lglasso's bic is 32316.2170714541"
 [3] "lglasso's bic is 27826.7630678089" "lglasso's bic is 24306.2489386421"
 [5] "lglasso's bic is 22456.8623160764" "lglasso's bic is 21520.5996330642"
 [7] "lglasso's bic is 21099.077798903"  "lglasso's bic is 21144.5591933238"
 [9] "lglasso's bic is 21229.4225232615" "lglasso's bic is 21391.9103197991"
[11] "lglasso's bic is 21587.4462703243" "lglasso's bic is 21761.9245315214"
[13] "lglasso's bic is 21956.0355341003" "lglasso's bic is 22220.8566527326"
[15] "lglasso's bic is 22543.3031068023" "lglasso's bic is 22857.6384486016"
[17] "lglasso's bic is 23046.2532580778" "lglasso's bic is 23336.2552107663"
[19] "lglasso's bic is 23844.323785784"  "lglasso's bic is 24047.5637203072"
[1] "The 20th simulation:"
[1] "two-community heter data are generated"
[1] "heter data are generated"
[1] "heter data are generated"
 [1] "lglasso's bic is 40641.690144707"  "lglasso's bic is 33683.1927783127"
 [3] "lglasso's bic is 29169.7414298389" "lglasso's bic is 26365.5847706279"
 [5] "lglasso's bic is 24785.5573212904" "lglasso's bic is 24294.0799259681"
 [7] "lglasso's bic is 24210.5924529214" "lglasso's bic is 24382.4640365115"
 [9] "lglasso's bic is 24502.0471016914" "lglasso's bic is 24860.0986549863"
[11] "lglasso's bic is 25412.268544188"  "lglasso's bic is 25786.3770167379"
[13] "lglasso's bic is 26290.9222531635" "lglasso's bic is 26600.4225681752"
[15] "lglasso's bic is 26876.4749084564" "lglasso's bic is 27151.160760086" 
[17] "lglasso's bic is 27432.9138704368" "lglasso's bic is 27713.2608779055"
[19] "lglasso's bic is 28069.4686866894" "lglasso's bic is 28381.7736034239"
[1] "The 21th simulation:"
[1] "two-community heter data are generated"
[1] "heter data are generated"
[1] "heter data are generated"
 [1] "lglasso's bic is 42355.738698159"  "lglasso's bic is 35580.7298820116"
 [3] "lglasso's bic is 30860.9039277008" "lglasso's bic is 27943.2254250672"
 [5] "lglasso's bic is 26291.4035155154" "lglasso's bic is 25581.4387097153"
 [7] "lglasso's bic is 25281.3726688899" "lglasso's bic is 25142.0074540594"
 [9] "lglasso's bic is 25277.4199384163" "lglasso's bic is 25432.9746325886"
[11] "lglasso's bic is 25642.4688914375" "lglasso's bic is 25836.6224914124"
[13] "lglasso's bic is 26129.020077636"  "lglasso's bic is 26313.7753016052"
[15] "lglasso's bic is 26534.0047802009" "lglasso's bic is 26770.3501797141"
[17] "lglasso's bic is 27225.8103866742" "lglasso's bic is 27731.5769181409"
[19] "lglasso's bic is 27949.4690459347" "lglasso's bic is 28167.5343835406"
[1] "The 22th simulation:"
[1] "two-community heter data are generated"
[1] "heter data are generated"
[1] "heter data are generated"
 [1] "lglasso's bic is 39867.727717181"  "lglasso's bic is 33185.2612262387"
 [3] "lglasso's bic is 28786.022897196"  "lglasso's bic is 25866.0591837848"
 [5] "lglasso's bic is 24152.8606222592" "lglasso's bic is 23283.0685774469"
 [7] "lglasso's bic is 23125.7246496683" "lglasso's bic is 23296.4016511051"
 [9] "lglasso's bic is 23449.6212274979" "lglasso's bic is 23806.9604477154"
[11] "lglasso's bic is 24087.4235157722" "lglasso's bic is 24516.0247157241"
[13] "lglasso's bic is 24811.4274828114" "lglasso's bic is 25220.1965494603"
[15] "lglasso's bic is 25521.529923605"  "lglasso's bic is 25836.0240084335"
[17] "lglasso's bic is 26645.4623597522" "lglasso's bic is 26990.4044705123"
[19] "lglasso's bic is 27478.3588371925" "lglasso's bic is 27767.6539565171"
[1] "The 23th simulation:"
[1] "two-community heter data are generated"
[1] "heter data are generated"
[1] "heter data are generated"
 [1] "lglasso's bic is 29381.0123268884" "lglasso's bic is 21748.0772600251"
 [3] "lglasso's bic is 17991.9282720166" "lglasso's bic is 15958.1603288851"
 [5] "lglasso's bic is 14915.4259847785" "lglasso's bic is 14686.2409854329"
 [7] "lglasso's bic is 14710.5170361175" "lglasso's bic is 15214.2728349647"
 [9] "lglasso's bic is 15544.3754128434" "lglasso's bic is 16030.8547643266"
[11] "lglasso's bic is 16780.5954774124" "lglasso's bic is 17248.7161827504"
[13] "lglasso's bic is 17732.4611849339" "lglasso's bic is 18232.1327569866"
[15] "lglasso's bic is 18749.4731222205" "lglasso's bic is 19273.3796406521"
[17] "lglasso's bic is 20375.92746892"   "lglasso's bic is 20804.0334052133"
[19] "lglasso's bic is 21290.5248082295" "lglasso's bic is 21713.6383007403"
[1] "The 24th simulation:"
[1] "two-community heter data are generated"
[1] "heter data are generated"
[1] "heter data are generated"
 [1] "lglasso's bic is 37687.9104884408" "lglasso's bic is 31137.6237981213"
 [3] "lglasso's bic is 26597.8480098041" "lglasso's bic is 23570.668810391" 
 [5] "lglasso's bic is 21718.5371724904" "lglasso's bic is 20918.5959342341"
 [7] "lglasso's bic is 20521.2462273161" "lglasso's bic is 20612.5327679958"
 [9] "lglasso's bic is 20751.0009700254" "lglasso's bic is 20904.2291563322"
[11] "lglasso's bic is 21176.2580114926" "lglasso's bic is 21404.3454492576"
[13] "lglasso's bic is 21658.4006716663" "lglasso's bic is 21916.3524241944"
[15] "lglasso's bic is 22146.4170521037" "lglasso's bic is 22737.6358594199"
[17] "lglasso's bic is 22974.7227747819" "lglasso's bic is 23199.4569909848"
[19] "lglasso's bic is 23429.0167717107" "lglasso's bic is 23663.0023905403"
[1] "The 25th simulation:"
[1] "two-community heter data are generated"
[1] "heter data are generated"
[1] "heter data are generated"
 [1] "lglasso's bic is 46284.7706033308" "lglasso's bic is 39769.9935357364"
 [3] "lglasso's bic is 35157.5000085263" "lglasso's bic is 31953.8226861374"
 [5] "lglasso's bic is 30187.5897817463" "lglasso's bic is 29276.6281941796"
 [7] "lglasso's bic is 29095.9142463741" "lglasso's bic is 28980.2978344042"
 [9] "lglasso's bic is 29932.1485891411" "lglasso's bic is 29987.1035652351"
[11] "lglasso's bic is 30215.6685579896" "lglasso's bic is 30439.6121921217"
[13] "lglasso's bic is 30586.3877577607" "lglasso's bic is 30772.6557586783"
[15] "lglasso's bic is 30945.1285543056" "lglasso's bic is 31124.1603904421"
[17] "lglasso's bic is 31301.3912033846" "lglasso's bic is 31521.7654689039"
[19] "lglasso's bic is 32024.6149467443" "lglasso's bic is 32233.4224455525"
[1] "The 26th simulation:"
[1] "two-community heter data are generated"
[1] "heter data are generated"
[1] "heter data are generated"
 [1] "lglasso's bic is 43518.4585107341" "lglasso's bic is 37109.6137475858"
 [3] "lglasso's bic is 32446.6928223942" "lglasso's bic is 29540.0430929363"
 [5] "lglasso's bic is 27609.1326345628" "lglasso's bic is 26867.9988821407"
 [7] "lglasso's bic is 26605.4159050061" "lglasso's bic is 26467.9307677819"
 [9] "lglasso's bic is 26437.0684478233" "lglasso's bic is 26606.3251864873"
[11] "lglasso's bic is 26863.1827685449" "lglasso's bic is 27157.0245207823"
[13] "lglasso's bic is 27328.4754277484" "lglasso's bic is 27540.4712423279"
[15] "lglasso's bic is 27885.7508520918" "lglasso's bic is 28102.0093231832"
[17] "lglasso's bic is 28358.5308849803" "lglasso's bic is 28731.9447625063"
[19] "lglasso's bic is 28944.9945237288" "lglasso's bic is 29186.4817127615"
[1] "The 27th simulation:"
[1] "two-community heter data are generated"
[1] "heter data are generated"
[1] "heter data are generated"
 [1] "lglasso's bic is 43149.4176266254" "lglasso's bic is 36566.5412149304"
 [3] "lglasso's bic is 32006.6833304555" "lglasso's bic is 29022.7276874619"
 [5] "lglasso's bic is 27140.5996921872" "lglasso's bic is 26343.8332741522"
 [7] "lglasso's bic is 25825.2315608255" "lglasso's bic is 25683.7669645801"
 [9] "lglasso's bic is 25783.1890891856" "lglasso's bic is 25940.1686000971"
[11] "lglasso's bic is 26131.3574053795" "lglasso's bic is 26305.9376943872"
[13] "lglasso's bic is 26546.8689908706" "lglasso's bic is 26856.5167793017"
[15] "lglasso's bic is 27031.8093378564" "lglasso's bic is 27422.7740171898"
[17] "lglasso's bic is 27693.5866751121" "lglasso's bic is 27908.2436541636"
[19] "lglasso's bic is 28094.6145018335" "lglasso's bic is 28285.7484467581"
[1] "The 28th simulation:"
[1] "two-community heter data are generated"
[1] "heter data are generated"
[1] "heter data are generated"
 [1] "lglasso's bic is 45078.8743075002" "lglasso's bic is 38724.8589111816"
 [3] "lglasso's bic is 34085.0792186817" "lglasso's bic is 31024.0411866851"
 [5] "lglasso's bic is 29211.2634069892" "lglasso's bic is 28147.5825819794"
 [7] "lglasso's bic is 27713.802319136"  "lglasso's bic is 27638.1623367117"
 [9] "lglasso's bic is 27681.1664390026" "lglasso's bic is 28080.690665185" 
[11] "lglasso's bic is 28219.0157804489" "lglasso's bic is 28416.604712622" 
[13] "lglasso's bic is 28605.1898996567" "lglasso's bic is 28841.7143100035"
[15] "lglasso's bic is 29358.2561456203" "lglasso's bic is 29689.1177617212"
[17] "lglasso's bic is 29885.3326917067" "lglasso's bic is 30137.0090111395"
[19] "lglasso's bic is 30395.5394280774" "lglasso's bic is 30637.0230574037"
[1] "The 29th simulation:"
[1] "two-community heter data are generated"
[1] "heter data are generated"
[1] "heter data are generated"
 [1] "lglasso's bic is 42325.6353985268" "lglasso's bic is 35832.3899487056"
 [3] "lglasso's bic is 31400.4818760456" "lglasso's bic is 28415.264740407" 
 [5] "lglasso's bic is 26713.7341615607" "lglasso's bic is 25750.4346591267"
 [7] "lglasso's bic is 25289.6179657227" "lglasso's bic is 25125.0175014102"
 [9] "lglasso's bic is 25255.256700858"  "lglasso's bic is 25468.1169059724"
[11] "lglasso's bic is 25775.2578412018" "lglasso's bic is 26009.7065759902"
[13] "lglasso's bic is 26260.6492800433" "lglasso's bic is 26502.6297669446"
[15] "lglasso's bic is 26742.3345118473" "lglasso's bic is 27087.4357811517"
[17] "lglasso's bic is 27336.5111161804" "lglasso's bic is 27797.3126477572"
[19] "lglasso's bic is 28061.7969015463" "lglasso's bic is 28669.2389562366"
[1] "The 30th simulation:"
[1] "two-community heter data are generated"
[1] "heter data are generated"
[1] "heter data are generated"
 [1] "lglasso's bic is 43519.3097257787" "lglasso's bic is 37068.0713278331"
 [3] "lglasso's bic is 32232.3519995614" "lglasso's bic is 29553.3142893176"
 [5] "lglasso's bic is 27746.7898014324" "lglasso's bic is 26780.2017733415"
 [7] "lglasso's bic is 26590.5035367647" "lglasso's bic is 26505.6236425775"
 [9] "lglasso's bic is 26580.7368003305" "lglasso's bic is 26872.8784777556"
[11] "lglasso's bic is 27077.1534637519" "lglasso's bic is 27384.4648892775"
[13] "lglasso's bic is 27604.0275947493" "lglasso's bic is 27916.9592137929"
[15] "lglasso's bic is 28146.3659503674" "lglasso's bic is 28382.507724445" 
[17] "lglasso's bic is 29448.9780155348" "lglasso's bic is 29756.8988263384"
[19] "lglasso's bic is 30055.2719545424" "lglasso's bic is 30400.543943236" 
[1] "The 31th simulation:"
[1] "two-community heter data are generated"
[1] "heter data are generated"
[1] "heter data are generated"
 [1] "lglasso's bic is 45954.3959458768" "lglasso's bic is 39553.5799768333"
 [3] "lglasso's bic is 35284.1442392473" "lglasso's bic is 32219.7350949864"
 [5] "lglasso's bic is 30318.9023344772" "lglasso's bic is 29308.7790392968"
 [7] "lglasso's bic is 28967.1042458557" "lglasso's bic is 28887.4675032186"
 [9] "lglasso's bic is 29228.0169872357" "lglasso's bic is 29491.267064201" 
[11] "lglasso's bic is 29702.0714323546" "lglasso's bic is 29959.8165641912"
[13] "lglasso's bic is 30181.2688940724" "lglasso's bic is 30502.0471723129"
[15] "lglasso's bic is 30780.3421649265" "lglasso's bic is 31032.1234795992"
[17] "lglasso's bic is 31279.4973409927" "lglasso's bic is 31523.540515559" 
[19] "lglasso's bic is 32179.7171399074" "lglasso's bic is 32418.4630659462"
[1] "The 32th simulation:"
[1] "two-community heter data are generated"
[1] "heter data are generated"
[1] "heter data are generated"
 [1] "lglasso's bic is 36753.8146012074" "lglasso's bic is 30011.0087855673"
 [3] "lglasso's bic is 25232.8191268476" "lglasso's bic is 22371.7517758888"
 [5] "lglasso's bic is 20792.3868504584" "lglasso's bic is 20174.4396578113"
 [7] "lglasso's bic is 19661.9737649583" "lglasso's bic is 19632.032800148" 
 [9] "lglasso's bic is 19722.5307850382" "lglasso's bic is 19885.5251828807"
[11] "lglasso's bic is 20446.1167271036" "lglasso's bic is 21416.9024769787"
[13] "lglasso's bic is 21607.0398060668" "lglasso's bic is 21801.2292894479"
[15] "lglasso's bic is 22008.0714988638" "lglasso's bic is 22198.4921517644"
[17] "lglasso's bic is 22704.520188687"  "lglasso's bic is 22911.4221157022"
[19] "lglasso's bic is 23117.6846635043" "lglasso's bic is 23310.9520531202"
[1] "The 33th simulation:"
[1] "two-community heter data are generated"
[1] "heter data are generated"
[1] "heter data are generated"
 [1] "lglasso's bic is 35565.3681164764" "lglasso's bic is 28983.0914151298"
 [3] "lglasso's bic is 24533.0628132203" "lglasso's bic is 21529.0432475578"
 [5] "lglasso's bic is 19808.8923808122" "lglasso's bic is 18928.6127668878"
 [7] "lglasso's bic is 18799.1013131999" "lglasso's bic is 18801.2525727736"
 [9] "lglasso's bic is 18928.0980513533" "lglasso's bic is 19105.414806107" 
[11] "lglasso's bic is 19589.1717332341" "lglasso's bic is 19841.6965465701"
[13] "lglasso's bic is 20528.0376880548" "lglasso's bic is 20937.7908578724"
[15] "lglasso's bic is 21290.2256114197" "lglasso's bic is 21560.0088420173"
[17] "lglasso's bic is 21820.9164866208" "lglasso's bic is 22087.5024675153"
[19] "lglasso's bic is 22505.3269997262" "lglasso's bic is 22766.3959763664"
[1] "The 34th simulation:"
[1] "two-community heter data are generated"
[1] "heter data are generated"
[1] "heter data are generated"
 [1] "lglasso's bic is 39011.1499969123" "lglasso's bic is 32517.4384547331"
 [3] "lglasso's bic is 27846.045642378"  "lglasso's bic is 25077.6347614912"
 [5] "lglasso's bic is 23525.8216360219" "lglasso's bic is 23227.7529304222"
 [7] "lglasso's bic is 22839.7131041562" "lglasso's bic is 22870.7070383999"
 [9] "lglasso's bic is 23027.111121298"  "lglasso's bic is 23293.4878350362"
[11] "lglasso's bic is 23614.7832785206" "lglasso's bic is 24012.8627004381"
[13] "lglasso's bic is 24433.7915805195" "lglasso's bic is 24742.4444936668"
[15] "lglasso's bic is 25091.5614095455" "lglasso's bic is 25377.5886169875"
[17] "lglasso's bic is 25731.8770619491" "lglasso's bic is 26014.6841707425"
[19] "lglasso's bic is 26299.8120601488" "lglasso's bic is 26762.3698580749"
[1] "The 35th simulation:"
[1] "two-community heter data are generated"
[1] "heter data are generated"
[1] "heter data are generated"
 [1] "lglasso's bic is 39074.4627293784" "lglasso's bic is 32620.2095202979"
 [3] "lglasso's bic is 27942.1033102085" "lglasso's bic is 25530.565730976" 
 [5] "lglasso's bic is 23646.1979710219" "lglasso's bic is 22773.7654127881"
 [7] "lglasso's bic is 22430.2792114389" "lglasso's bic is 22469.5319094752"
 [9] "lglasso's bic is 22592.4968144467" "lglasso's bic is 22805.5315668671"
[11] "lglasso's bic is 23232.3313868086" "lglasso's bic is 23548.7127021506"
[13] "lglasso's bic is 24199.8748024495" "lglasso's bic is 24486.8569789814"
[15] "lglasso's bic is 25328.8563272039" "lglasso's bic is 25633.9918506848"
[17] "lglasso's bic is 25895.139401623"  "lglasso's bic is 26189.1014425675"
[19] "lglasso's bic is 26458.4002673962" "lglasso's bic is 26794.4271155936"
[1] "The 36th simulation:"
[1] "two-community heter data are generated"
[1] "heter data are generated"
[1] "heter data are generated"
 [1] "lglasso's bic is 31671.2942121514" "lglasso's bic is 24757.3470657309"
 [3] "lglasso's bic is 20168.0460795605" "lglasso's bic is 17429.5852603693"
 [5] "lglasso's bic is 15777.642142037"  "lglasso's bic is 15072.0631579884"
 [7] "lglasso's bic is 14959.5555219855" "lglasso's bic is 14997.0801884847"
 [9] "lglasso's bic is 15206.9817357386" "lglasso's bic is 15480.8488082449"
[11] "lglasso's bic is 15730.2685190265" "lglasso's bic is 15970.3889789419"
[13] "lglasso's bic is 16327.9609648089" "lglasso's bic is 16688.5687891497"
[15] "lglasso's bic is 16959.4003006334" "lglasso's bic is 17243.3607210084"
[17] "lglasso's bic is 17694.8690993249" "lglasso's bic is 18580.3486967593"
[19] "lglasso's bic is 19122.175905796"  "lglasso's bic is 19854.3564194615"
[1] "The 37th simulation:"
[1] "two-community heter data are generated"
[1] "heter data are generated"
[1] "heter data are generated"
 [1] "lglasso's bic is 36024.0009861734" "lglasso's bic is 29344.4711204744"
 [3] "lglasso's bic is 24786.3771121415" "lglasso's bic is 21705.6777622743"
 [5] "lglasso's bic is 19875.236084539"  "lglasso's bic is 19505.8631537604"
 [7] "lglasso's bic is 19080.59458541"   "lglasso's bic is 19056.0324467066"
 [9] "lglasso's bic is 19188.0107129456" "lglasso's bic is 19348.4990654382"
[11] "lglasso's bic is 19552.4980691937" "lglasso's bic is 19855.7403220214"
[13] "lglasso's bic is 20091.1672664571" "lglasso's bic is 20319.2505097824"
[15] "lglasso's bic is 20753.3706230798" "lglasso's bic is 21081.9198155048"
[17] "lglasso's bic is 21360.9724232369" "lglasso's bic is 21639.5830494354"
[19] "lglasso's bic is 22171.8808446421" "lglasso's bic is 22433.1778706781"
[1] "The 38th simulation:"
[1] "two-community heter data are generated"
[1] "heter data are generated"
[1] "heter data are generated"
 [1] "lglasso's bic is 31093.0509343144" "lglasso's bic is 24407.0475387615"
 [3] "lglasso's bic is 19941.9503332085" "lglasso's bic is 17130.6042253657"
 [5] "lglasso's bic is 15410.9851771316" "lglasso's bic is 14770.4050147669"
 [7] "lglasso's bic is 14494.2813840449" "lglasso's bic is 14516.0973025445"
 [9] "lglasso's bic is 14689.2063697271" "lglasso's bic is 14884.4361499673"
[11] "lglasso's bic is 15325.198064544"  "lglasso's bic is 15625.5625619529"
[13] "lglasso's bic is 15907.8442814196" "lglasso's bic is 16160.0617048649"
[15] "lglasso's bic is 16801.6083281685" "lglasso's bic is 17411.1582277658"
[17] "lglasso's bic is 17651.0109651629" "lglasso's bic is 17949.5415673093"
[19] "lglasso's bic is 18477.7087798464" "lglasso's bic is 18781.6122622845"
[1] "The 39th simulation:"
[1] "two-community heter data are generated"
[1] "heter data are generated"
[1] "heter data are generated"
 [1] "lglasso's bic is 24918.309894125"  "lglasso's bic is 17331.4504023999"
 [3] "lglasso's bic is 13632.8996532841" "lglasso's bic is 11452.8055246463"
 [5] "lglasso's bic is 10299.3572384471" "lglasso's bic is 9938.11405035225"
 [7] "lglasso's bic is 9928.51144614262" "lglasso's bic is 10247.8660608219"
 [9] "lglasso's bic is 11025.521014727"  "lglasso's bic is 11485.0958085386"
[11] "lglasso's bic is 11922.4819316679" "lglasso's bic is 12384.7350868976"
[13] "lglasso's bic is 12895.9570287142" "lglasso's bic is 13398.7651662539"
[15] "lglasso's bic is 13867.8305884714" "lglasso's bic is 14683.4799275744"
[17] "lglasso's bic is 15163.6408148627" "lglasso's bic is 15697.7725254763"
[19] "lglasso's bic is 16806.5299630034" "lglasso's bic is 17330.5127906402"
[1] "The 40th simulation:"
[1] "two-community heter data are generated"
[1] "heter data are generated"
[1] "heter data are generated"
 [1] "lglasso's bic is 42601.9453780309" "lglasso's bic is 36102.4830213652"
 [3] "lglasso's bic is 31440.7564257194" "lglasso's bic is 28202.7898719065"
 [5] "lglasso's bic is 26450.6115170337" "lglasso's bic is 25674.5576498558"
 [7] "lglasso's bic is 25321.9011586074" "lglasso's bic is 25329.6461172103"
 [9] "lglasso's bic is 25357.4891869214" "lglasso's bic is 25459.7768026659"
[11] "lglasso's bic is 25606.031099797"  "lglasso's bic is 26204.3033681859"
[13] "lglasso's bic is 26356.6045496629" "lglasso's bic is 26580.9968676989"
[15] "lglasso's bic is 26791.0624319062" "lglasso's bic is 26984.4211555726"
[17] "lglasso's bic is 27236.4981865054" "lglasso's bic is 27489.8914060659"
[19] "lglasso's bic is 27773.7696938734" "lglasso's bic is 28054.4547030323"
[1] "The 41th simulation:"
[1] "two-community heter data are generated"
[1] "heter data are generated"
[1] "heter data are generated"
 [1] "lglasso's bic is 46868.1343101528" "lglasso's bic is 40335.0269035503"
 [3] "lglasso's bic is 35799.2348801567" "lglasso's bic is 32944.2762007762"
 [5] "lglasso's bic is 31305.0786995371" "lglasso's bic is 30661.4981383471"
 [7] "lglasso's bic is 30424.7456075482" "lglasso's bic is 30382.2329261463"
 [9] "lglasso's bic is 30490.340874617"  "lglasso's bic is 30821.0114420353"
[11] "lglasso's bic is 31122.1927312475" "lglasso's bic is 31403.8536300363"
[13] "lglasso's bic is 31780.781224064"  "lglasso's bic is 32063.2268516553"
[15] "lglasso's bic is 32351.1028627641" "lglasso's bic is 32669.598417282" 
[17] "lglasso's bic is 33033.4390734022" "lglasso's bic is 33923.810563795" 
[19] "lglasso's bic is 34223.7181303359" "lglasso's bic is 34546.406711561" 
[1] "The 42th simulation:"
[1] "two-community heter data are generated"
[1] "heter data are generated"
[1] "heter data are generated"
 [1] "lglasso's bic is 47741.5407745558" "lglasso's bic is 41536.1614748197"
 [3] "lglasso's bic is 36811.9098390341" "lglasso's bic is 33614.4557542325"
 [5] "lglasso's bic is 31710.8062194964" "lglasso's bic is 30821.132145197" 
 [7] "lglasso's bic is 30357.3931225221" "lglasso's bic is 30325.2930687383"
 [9] "lglasso's bic is 30364.0434874107" "lglasso's bic is 30485.4878450272"
[11] "lglasso's bic is 30648.0384240997" "lglasso's bic is 30792.9814977857"
[13] "lglasso's bic is 31031.6515584921" "lglasso's bic is 31324.1959615908"
[15] "lglasso's bic is 31549.6527187893" "lglasso's bic is 31753.9452466491"
[17] "lglasso's bic is 31967.2246908561" "lglasso's bic is 32268.3366754056"
[19] "lglasso's bic is 32453.1823274021" "lglasso's bic is 32646.8129558952"
[1] "The 43th simulation:"
[1] "two-community heter data are generated"
[1] "heter data are generated"
[1] "heter data are generated"
 [1] "lglasso's bic is 32996.1724352461" "lglasso's bic is 25413.8338642915"
 [3] "lglasso's bic is 20690.3167292584" "lglasso's bic is 18423.9598674703"
 [5] "lglasso's bic is 17075.0708489306" "lglasso's bic is 17150.9835153886"
 [7] "lglasso's bic is 16854.8771246943" "lglasso's bic is 16873.7452219206"
 [9] "lglasso's bic is 17188.2510350401" "lglasso's bic is 17564.5022696842"
[11] "lglasso's bic is 17838.474506746"  "lglasso's bic is 18186.0678394286"
[13] "lglasso's bic is 18667.6846122885" "lglasso's bic is 18993.9934354155"
[15] "lglasso's bic is 19986.140289921"  "lglasso's bic is 20545.3514311687"
[17] "lglasso's bic is 20978.1111444692" "lglasso's bic is 21458.0535168206"
[19] "lglasso's bic is 21813.4384888791" "lglasso's bic is 22116.132637768" 
[1] "The 44th simulation:"
[1] "two-community heter data are generated"
[1] "heter data are generated"
[1] "heter data are generated"
 [1] "lglasso's bic is 47986.6086710812" "lglasso's bic is 41797.7758140829"
 [3] "lglasso's bic is 37180.9543545245" "lglasso's bic is 33959.4290143252"
 [5] "lglasso's bic is 31989.3716899772" "lglasso's bic is 30843.2686826227"
 [7] "lglasso's bic is 30483.1625339777" "lglasso's bic is 30335.1660449179"
 [9] "lglasso's bic is 30448.180138269"  "lglasso's bic is 30574.3570597027"
[11] "lglasso's bic is 30717.4669629913" "lglasso's bic is 30877.3759573437"
[13] "lglasso's bic is 31066.2295090841" "lglasso's bic is 31238.9691707607"
[15] "lglasso's bic is 31454.9878654048" "lglasso's bic is 31624.9994935468"
[17] "lglasso's bic is 32298.9412595942" "lglasso's bic is 32475.9967071409"
[19] "lglasso's bic is 32773.1477964408" "lglasso's bic is 33234.0939063527"
[1] "The 45th simulation:"
[1] "two-community heter data are generated"
[1] "heter data are generated"
[1] "heter data are generated"
 [1] "lglasso's bic is 38103.5999592482" "lglasso's bic is 31489.0072140089"
 [3] "lglasso's bic is 27168.2600785239" "lglasso's bic is 24438.7018657473"
 [5] "lglasso's bic is 22317.7694460089" "lglasso's bic is 21327.8611213253"
 [7] "lglasso's bic is 21032.7713363113" "lglasso's bic is 21009.945317468" 
 [9] "lglasso's bic is 21157.2193268597" "lglasso's bic is 21483.6566105207"
[11] "lglasso's bic is 21709.5604865372" "lglasso's bic is 21990.1821266736"
[13] "lglasso's bic is 22222.3163184349" "lglasso's bic is 22461.597530051" 
[15] "lglasso's bic is 23379.7637672741" "lglasso's bic is 23597.4828597597"
[17] "lglasso's bic is 23821.1239550978" "lglasso's bic is 24037.6696187037"
[19] "lglasso's bic is 24462.032238092"  "lglasso's bic is 25082.2701073774"
[1] "The 46th simulation:"
[1] "two-community heter data are generated"
[1] "heter data are generated"
[1] "heter data are generated"
 [1] "lglasso's bic is 27960.7357065227" "lglasso's bic is 21357.9913932636"
 [3] "lglasso's bic is 16954.7951035504" "lglasso's bic is 13769.7114128123"
 [5] "lglasso's bic is 12214.6750629285" "lglasso's bic is 11286.6347832282"
 [7] "lglasso's bic is 11052.9411821147" "lglasso's bic is 11341.8585957264"
 [9] "lglasso's bic is 11404.6012740897" "lglasso's bic is 11626.4209421521"
[11] "lglasso's bic is 11873.5919037491" "lglasso's bic is 12249.8875251972"
[13] "lglasso's bic is 12540.7163461677" "lglasso's bic is 12813.6597489837"
[15] "lglasso's bic is 13192.1774716737" "lglasso's bic is 13500.7489513785"
[17] "lglasso's bic is 13904.582089098"  "lglasso's bic is 14200.0435724019"
[19] "lglasso's bic is 15299.8337691814" "lglasso's bic is 15709.3136461148"
[1] "The 47th simulation:"
[1] "two-community heter data are generated"
[1] "heter data are generated"
[1] "heter data are generated"
 [1] "lglasso's bic is 37295.5208654058" "lglasso's bic is 30427.0951645653"
 [3] "lglasso's bic is 25902.372619716"  "lglasso's bic is 23152.2737683599"
 [5] "lglasso's bic is 21362.8756662777" "lglasso's bic is 20588.3440724573"
 [7] "lglasso's bic is 20319.2535826507" "lglasso's bic is 20277.303675075" 
 [9] "lglasso's bic is 20410.8236213811" "lglasso's bic is 20727.4319701394"
[11] "lglasso's bic is 21005.6359941323" "lglasso's bic is 21259.800940211" 
[13] "lglasso's bic is 21508.4455564067" "lglasso's bic is 21817.8436049757"
[15] "lglasso's bic is 22708.5586287144" "lglasso's bic is 22983.9989484029"
[17] "lglasso's bic is 23234.0098844567" "lglasso's bic is 23958.7477822508"
[19] "lglasso's bic is 24220.7900911771" "lglasso's bic is 24559.3937176359"
[1] "The 48th simulation:"
[1] "two-community heter data are generated"
[1] "heter data are generated"
[1] "heter data are generated"
 [1] "lglasso's bic is 31186.5046350753" "lglasso's bic is 24708.2430966265"
 [3] "lglasso's bic is 20536.6232710424" "lglasso's bic is 17596.5413881299"
 [5] "lglasso's bic is 15941.1360567002" "lglasso's bic is 15591.5194258242"
 [7] "lglasso's bic is 15543.4463760383" "lglasso's bic is 15593.038795901" 
 [9] "lglasso's bic is 15910.2808759024" "lglasso's bic is 16124.9503571368"
[11] "lglasso's bic is 16633.2448832486" "lglasso's bic is 16915.6881429387"
[13] "lglasso's bic is 17424.9534376534" "lglasso's bic is 17717.9313370959"
[15] "lglasso's bic is 18065.4532757838" "lglasso's bic is 18381.2419774439"
[17] "lglasso's bic is 19102.7784613662" "lglasso's bic is 19610.0502744087"
[19] "lglasso's bic is 19902.7794800504" "lglasso's bic is 20190.5320463057"
[1] "The 49th simulation:"
[1] "two-community heter data are generated"
[1] "heter data are generated"
[1] "heter data are generated"
 [1] "lglasso's bic is 38963.7106889673" "lglasso's bic is 32109.5955393321"
 [3] "lglasso's bic is 27844.1046574499" "lglasso's bic is 24808.0631068957"
 [5] "lglasso's bic is 22955.1535676915" "lglasso's bic is 22358.7094026387"
 [7] "lglasso's bic is 21896.3758724148" "lglasso's bic is 21978.9478748698"
 [9] "lglasso's bic is 22057.4378141058" "lglasso's bic is 22143.158364247" 
[11] "lglasso's bic is 22320.6294131153" "lglasso's bic is 22468.4031393984"
[13] "lglasso's bic is 22657.1431476511" "lglasso's bic is 23026.9795598575"
[15] "lglasso's bic is 23235.6625940884" "lglasso's bic is 23424.1481624872"
[17] "lglasso's bic is 23588.0759105932" "lglasso's bic is 23769.9485749295"
[19] "lglasso's bic is 24258.1029768561" "lglasso's bic is 24682.6407821237"
[1] "The 50th simulation:"
[1] "two-community heter data are generated"
[1] "heter data are generated"
[1] "heter data are generated"
 [1] "lglasso's bic is 33547.8057621597" "lglasso's bic is 26987.2686664247"
 [3] "lglasso's bic is 22469.9252578111" "lglasso's bic is 19708.0052632597"
 [5] "lglasso's bic is 18114.1701788741" "lglasso's bic is 17420.2676670621"
 [7] "lglasso's bic is 17282.0848555131" "lglasso's bic is 17376.3353877221"
 [9] "lglasso's bic is 17515.7991782243" "lglasso's bic is 17848.0977305088"
[11] "lglasso's bic is 18107.7205377153" "lglasso's bic is 18500.7781188001"
[13] "lglasso's bic is 18947.4235784584" "lglasso's bic is 19281.2197843619"
[15] "lglasso's bic is 19594.7733517232" "lglasso's bic is 19916.8267179068"
[17] "lglasso's bic is 20208.3232141874" "lglasso's bic is 20495.8129148883"
[19] "lglasso's bic is 20784.9651911141" "lglasso's bic is 21090.9625377708"
There were 50 or more warnings (use warnings() to see the first 50)
> save(simures,file="subject=40_time=30_uu2=0.1.Rd")
> q("no")
> proc.time()
     user    system   elapsed 
63936.494   107.472 68367.444 
