
R version 4.1.2 (2021-11-01) -- "Bird Hippie"
Copyright (C) 2021 The R Foundation for Statistical Computing
Platform: x86_64-pc-linux-gnu (64-bit)

R is free software and comes with ABSOLUTELY NO WARRANTY.
You are welcome to redistribute it under certain conditions.
Type 'license()' or 'licence()' for distribution details.

  Natural language support but running in an English locale

R is a collaborative project with many contributors.
Type 'contributors()' for more information and
'citation()' on how to cite R or R packages in publications.

Type 'demo()' for some demos, 'help()' for on-line help, or
'help.start()' for an HTML browser interface to help.
Type 'q()' to quit R.

> library("lglasso")
> library("glasso")
> library("BDgraph")
> library("GGMselect")
Loading required package: mvtnorm

Attaching package: 'mvtnorm'

The following object is masked from 'package:BDgraph':

    rmvnorm

> library("Matrix")
> m=20
> n=10
> uu2=0.1
> Nsim=50
> rho=vector("list",5)
> rho[[1]]=seq(0.001,0.3,length=20)
> rho[[2]]=seq(0.001,0.3,length=20)
> rho[[3]]=seq(0.001,0.3,length=20)
> rho[[4]]=seq(0.00001,0.1,length=10)
> rho[[5]]=seq(0.00001,0.1,length=10)
> set.seed(m+n+uu2)
> simures=power_compare1(m=m,n=n,p=80,coe=c(2,0,0),l=Nsim,rho=rho,prob=0.01,heter=T,community2=T,uu=c(0.1,uu2),zirate=c(0.2, 0.8))
[1] "The 1th simulation:"
[1] "two-community heter data are generated"
[1] "heter data are generated"
[1] "heter data are generated"
 [1] "lglasso's bic is 14596.5686870183" "lglasso's bic is 12061.2307408877"
 [3] "lglasso's bic is 9992.93130181091" "lglasso's bic is 8611.93244493672"
 [5] "lglasso's bic is 7432.6511742395"  "lglasso's bic is 6430.59820908518"
 [7] "lglasso's bic is 5635.24917672123" "lglasso's bic is 5125.22831413182"
 [9] "lglasso's bic is 4620.87019302847" "lglasso's bic is 4261.87553564413"
[11] "lglasso's bic is 3890.77532383591" "lglasso's bic is 3666.24979364517"
[13] "lglasso's bic is 3542.82379859282" "lglasso's bic is 3461.57406517869"
[15] "lglasso's bic is 3503.33609473768" "lglasso's bic is 3533.77105533177"
[17] "lglasso's bic is 3548.45783248563" "lglasso's bic is 3610.75264769152"
[19] "lglasso's bic is 3677.93144138081" "lglasso's bic is 3989.06122194312"
[1] "The 2th simulation:"
[1] "two-community heter data are generated"
[1] "heter data are generated"
[1] "heter data are generated"
 [1] "lglasso's bic is 15275.7717821772" "lglasso's bic is 12637.2187979885"
 [3] "lglasso's bic is 10874.0613317232" "lglasso's bic is 9883.30283393847"
 [5] "lglasso's bic is 8658.03873785519" "lglasso's bic is 7667.21790200245"
 [7] "lglasso's bic is 6797.87918370701" "lglasso's bic is 6103.5551528108" 
 [9] "lglasso's bic is 5639.76648054429" "lglasso's bic is 5209.99917404267"
[11] "lglasso's bic is 4905.9334365321"  "lglasso's bic is 4698.94865302881"
[13] "lglasso's bic is 4576.90905107917" "lglasso's bic is 4452.18513418345"
[15] "lglasso's bic is 4368.09727284652" "lglasso's bic is 4332.10551548679"
[17] "lglasso's bic is 4346.82085636771" "lglasso's bic is 4368.25729362749"
[19] "lglasso's bic is 4398.65745457186" "lglasso's bic is 4430.93241097735"
[1] "The 3th simulation:"
[1] "two-community heter data are generated"
[1] "heter data are generated"
[1] "heter data are generated"
 [1] "lglasso's bic is 14005.7405886535" "lglasso's bic is 11239.2861004099"
 [3] "lglasso's bic is 9452.16520615871" "lglasso's bic is 8183.79892723792"
 [5] "lglasso's bic is 7225.28358143273" "lglasso's bic is 6307.00103478578"
 [7] "lglasso's bic is 5589.89289277307" "lglasso's bic is 5002.57626356426"
 [9] "lglasso's bic is 4535.72367648901" "lglasso's bic is 4241.7393714629" 
[11] "lglasso's bic is 3858.2318040667"  "lglasso's bic is 3604.58448336263"
[13] "lglasso's bic is 3423.50217497262" "lglasso's bic is 3344.39505164649"
[15] "lglasso's bic is 3306.21789730764" "lglasso's bic is 3295.57552570674"
[17] "lglasso's bic is 3320.83606261426" "lglasso's bic is 3316.03119017583"
[19] "lglasso's bic is 3359.73151025536" "lglasso's bic is 3412.89720300378"
[1] "The 4th simulation:"
[1] "two-community heter data are generated"
[1] "heter data are generated"
[1] "heter data are generated"
 [1] "lglasso's bic is 16141.6402046491" "lglasso's bic is 13488.4818903942"
 [3] "lglasso's bic is 11828.4776518249" "lglasso's bic is 10331.2020878851"
 [5] "lglasso's bic is 9179.51006660182" "lglasso's bic is 8200.78675485127"
 [7] "lglasso's bic is 7394.91730836586" "lglasso's bic is 6663.15237817938"
 [9] "lglasso's bic is 6053.92359908414" "lglasso's bic is 5634.35691309449"
[11] "lglasso's bic is 5359.36817907857" "lglasso's bic is 5171.39666876625"
[13] "lglasso's bic is 5006.56921988326" "lglasso's bic is 5006.43492309778"
[15] "lglasso's bic is 4922.18512341571" "lglasso's bic is 4940.61590957876"
[17] "lglasso's bic is 4949.88859849369" "lglasso's bic is 5038.64960782961"
[19] "lglasso's bic is 5023.48829690991" "lglasso's bic is 5108.83336886338"
[1] "The 5th simulation:"
[1] "two-community heter data are generated"
[1] "heter data are generated"
[1] "heter data are generated"
 [1] "lglasso's bic is 13101.2960791269" "lglasso's bic is 10494.3190525894"
 [3] "lglasso's bic is 9019.51705790587" "lglasso's bic is 7383.38537494869"
 [5] "lglasso's bic is 6273.62328837401" "lglasso's bic is 5330.03442177648"
 [7] "lglasso's bic is 4778.62645401782" "lglasso's bic is 4030.22010886403"
 [9] "lglasso's bic is 3581.71110704645" "lglasso's bic is 3109.44973801669"
[11] "lglasso's bic is 2747.57880950266" "lglasso's bic is 2463.7813313389" 
[13] "lglasso's bic is 2378.59334490997" "lglasso's bic is 2277.95264403321"
[15] "lglasso's bic is 2297.61246566475" "lglasso's bic is 2341.2122522974" 
[17] "lglasso's bic is 2338.11742228965" "lglasso's bic is 2370.28483657071"
[19] "lglasso's bic is 2416.16776850989" "lglasso's bic is 2556.67144160003"
[1] "The 6th simulation:"
[1] "two-community heter data are generated"
[1] "heter data are generated"
[1] "heter data are generated"
 [1] "lglasso's bic is 12928.7276566831" "lglasso's bic is 10567.3606439013"
 [3] "lglasso's bic is 8807.65536923339" "lglasso's bic is 7585.32321125255"
 [5] "lglasso's bic is 6539.03188251423" "lglasso's bic is 5401.32792525446"
 [7] "lglasso's bic is 4602.79011337988" "lglasso's bic is 4022.44602977391"
 [9] "lglasso's bic is 3457.01371340004" "lglasso's bic is 3010.04926031945"
[11] "lglasso's bic is 2731.5671524369"  "lglasso's bic is 2531.90624713656"
[13] "lglasso's bic is 2358.70463375793" "lglasso's bic is 2188.5412163467" 
[15] "lglasso's bic is 2105.6353853404"  "lglasso's bic is 2065.0155656037" 
[17] "lglasso's bic is 2080.62008017987" "lglasso's bic is 2153.12063881212"
[19] "lglasso's bic is 2208.28690056806" "lglasso's bic is 2246.32832194616"
[1] "The 7th simulation:"
[1] "two-community heter data are generated"
[1] "heter data are generated"
[1] "heter data are generated"
 [1] "lglasso's bic is 12258.2232313324" "lglasso's bic is 9650.44544609634"
 [3] "lglasso's bic is 8225.71106391387" "lglasso's bic is 7137.7327382618" 
 [5] "lglasso's bic is 6169.76751881315" "lglasso's bic is 5343.91901194043"
 [7] "lglasso's bic is 4578.21175106943" "lglasso's bic is 3983.20866529946"
 [9] "lglasso's bic is 3440.23391318803" "lglasso's bic is 3033.04651107757"
[11] "lglasso's bic is 2581.97370323723" "lglasso's bic is 2397.59356858407"
[13] "lglasso's bic is 2274.60190648457" "lglasso's bic is 2412.64149341552"
[15] "lglasso's bic is 2375.26048320363" "lglasso's bic is 2348.48407747163"
[17] "lglasso's bic is 2398.93348980348" "lglasso's bic is 2448.45540069309"
[19] "lglasso's bic is 2684.06818920042" "lglasso's bic is 2746.37296394364"
[1] "The 8th simulation:"
[1] "two-community heter data are generated"
[1] "heter data are generated"
[1] "heter data are generated"
 [1] "lglasso's bic is 13076.1099506508" "lglasso's bic is 10552.3129058161"
 [3] "lglasso's bic is 8762.47188347619" "lglasso's bic is 7321.05650642057"
 [5] "lglasso's bic is 6272.4735489331"  "lglasso's bic is 5426.11351835943"
 [7] "lglasso's bic is 4754.94986379641" "lglasso's bic is 4143.32737075623"
 [9] "lglasso's bic is 3714.20338214274" "lglasso's bic is 3241.99275965789"
[11] "lglasso's bic is 2962.12708066896" "lglasso's bic is 2833.87751504468"
[13] "lglasso's bic is 2719.31758157588" "lglasso's bic is 2663.68363481649"
[15] "lglasso's bic is 2627.72003094516" "lglasso's bic is 2709.40366322468"
[17] "lglasso's bic is 2786.13365800903" "lglasso's bic is 2833.38510860191"
[19] "lglasso's bic is 2879.30993986689" "lglasso's bic is 2955.12347414885"
[1] "The 9th simulation:"
[1] "two-community heter data are generated"
[1] "heter data are generated"
[1] "heter data are generated"
 [1] "lglasso's bic is 12637.1132015387" "lglasso's bic is 10225.99252846"  
 [3] "lglasso's bic is 8283.4209769095"  "lglasso's bic is 6872.7139732499" 
 [5] "lglasso's bic is 5725.13550316678" "lglasso's bic is 4593.55481672208"
 [7] "lglasso's bic is 3804.2330655028"  "lglasso's bic is 3129.27504081974"
 [9] "lglasso's bic is 2619.18576552351" "lglasso's bic is 2277.3948306354" 
[11] "lglasso's bic is 2146.81507685635" "lglasso's bic is 2000.70135592363"
[13] "lglasso's bic is 2541.30223249664" "lglasso's bic is 2378.63283377473"
[15] "lglasso's bic is 2347.30554782912" "lglasso's bic is 2310.44048161736"
[17] "lglasso's bic is 2317.23555161872" "lglasso's bic is 2339.29944598729"
[19] "lglasso's bic is 2372.39516027022" "lglasso's bic is 2407.83692624137"
[1] "The 10th simulation:"
[1] "two-community heter data are generated"
[1] "heter data are generated"
[1] "heter data are generated"
 [1] "lglasso's bic is 13433.810384362"  "lglasso's bic is 11030.6519344592"
 [3] "lglasso's bic is 9277.16709322467" "lglasso's bic is 7782.65990501813"
 [5] "lglasso's bic is 6638.09711525908" "lglasso's bic is 5555.34550219933"
 [7] "lglasso's bic is 4878.06481662777" "lglasso's bic is 4151.48879037293"
 [9] "lglasso's bic is 3642.43134762754" "lglasso's bic is 3260.44202433208"
[11] "lglasso's bic is 2996.4778698844"  "lglasso's bic is 2743.44980189822"
[13] "lglasso's bic is 2636.35748929552" "lglasso's bic is 2567.30195085558"
[15] "lglasso's bic is 2535.71876036449" "lglasso's bic is 2558.61848406246"
[17] "lglasso's bic is 2608.71350238658" "lglasso's bic is 2670.44681723909"
[19] "lglasso's bic is 2717.3567068917"  "lglasso's bic is 2827.15377009065"
[1] "The 11th simulation:"
[1] "two-community heter data are generated"
[1] "heter data are generated"
[1] "heter data are generated"
 [1] "lglasso's bic is 14347.1515841507" "lglasso's bic is 11781.7179551087"
 [3] "lglasso's bic is 10129.9405166526" "lglasso's bic is 8792.02952158028"
 [5] "lglasso's bic is 7559.36210544736" "lglasso's bic is 6773.88372502893"
 [7] "lglasso's bic is 6002.82984659073" "lglasso's bic is 5383.5126700411" 
 [9] "lglasso's bic is 4853.17857478543" "lglasso's bic is 4272.07742144382"
[11] "lglasso's bic is 4043.71742301959" "lglasso's bic is 3887.69015010098"
[13] "lglasso's bic is 3799.7229182535"  "lglasso's bic is 3737.93436041392"
[15] "lglasso's bic is 3716.67165755029" "lglasso's bic is 3711.89194268729"
[17] "lglasso's bic is 3754.76247995512" "lglasso's bic is 4061.05157293494"
[19] "lglasso's bic is 4094.32608271312" "lglasso's bic is 4139.18976360846"
[1] "The 12th simulation:"
[1] "two-community heter data are generated"
[1] "heter data are generated"
[1] "heter data are generated"
 [1] "lglasso's bic is 12818.4491081516" "lglasso's bic is 10401.9230412028"
 [3] "lglasso's bic is 8710.87813561005" "lglasso's bic is 7193.55781120211"
 [5] "lglasso's bic is 6064.46356208537" "lglasso's bic is 5053.55458642007"
 [7] "lglasso's bic is 4276.88479215982" "lglasso's bic is 3643.60840861888"
 [9] "lglasso's bic is 3098.75591356311" "lglasso's bic is 2888.99588984775"
[11] "lglasso's bic is 2536.06539336482" "lglasso's bic is 2198.85399942383"
[13] "lglasso's bic is 2068.8133207055"  "lglasso's bic is 1932.60673765598"
[15] "lglasso's bic is 1903.12477724037" "lglasso's bic is 1879.44538553348"
[17] "lglasso's bic is 1951.22742278585" "lglasso's bic is 1955.35113828188"
[19] "lglasso's bic is 1966.36452405589" "lglasso's bic is 1989.49838285934"
[1] "The 13th simulation:"
[1] "two-community heter data are generated"
[1] "heter data are generated"
[1] "heter data are generated"
 [1] "lglasso's bic is 13134.8155689782" "lglasso's bic is 10433.7773473105"
 [3] "lglasso's bic is 8683.10826405025" "lglasso's bic is 7173.77054759989"
 [5] "lglasso's bic is 6036.88375075695" "lglasso's bic is 5174.92189796699"
 [7] "lglasso's bic is 4401.77308575869" "lglasso's bic is 3735.23410512032"
 [9] "lglasso's bic is 3331.92455189655" "lglasso's bic is 2903.52540025517"
[11] "lglasso's bic is 2630.51354667522" "lglasso's bic is 2446.02725669734"
[13] "lglasso's bic is 2326.04392421359" "lglasso's bic is 2201.15431042799"
[15] "lglasso's bic is 2275.19365316255" "lglasso's bic is 2256.20264049677"
[17] "lglasso's bic is 2297.81582697925" "lglasso's bic is 2342.25678158773"
[19] "lglasso's bic is 2475.3173640337"  "lglasso's bic is 2509.27720162591"
[1] "The 14th simulation:"
[1] "two-community heter data are generated"
[1] "heter data are generated"
[1] "heter data are generated"
 [1] "lglasso's bic is 14001.064387804"  "lglasso's bic is 11734.1583186023"
 [3] "lglasso's bic is 9863.09897229738" "lglasso's bic is 8407.17958416543"
 [5] "lglasso's bic is 6915.95266639139" "lglasso's bic is 5901.80720188957"
 [7] "lglasso's bic is 5065.38257267194" "lglasso's bic is 4315.22928139217"
 [9] "lglasso's bic is 3833.50218869184" "lglasso's bic is 3405.22352796667"
[11] "lglasso's bic is 3158.1550401172"  "lglasso's bic is 2898.94605879917"
[13] "lglasso's bic is 2747.21235344504" "lglasso's bic is 2738.94016004601"
[15] "lglasso's bic is 2753.90830119675" "lglasso's bic is 2734.83707383786"
[17] "lglasso's bic is 2750.9814133117"  "lglasso's bic is 2760.18395312769"
[19] "lglasso's bic is 2788.16488724825" "lglasso's bic is 2826.96185604941"
[1] "The 15th simulation:"
[1] "two-community heter data are generated"
[1] "heter data are generated"
[1] "heter data are generated"
 [1] "lglasso's bic is 14767.5534247943" "lglasso's bic is 12169.9855771434"
 [3] "lglasso's bic is 10382.2433255777" "lglasso's bic is 8969.53565603726"
 [5] "lglasso's bic is 7613.45965224244" "lglasso's bic is 6514.09832802383"
 [7] "lglasso's bic is 5762.87312029411" "lglasso's bic is 5208.36222214514"
 [9] "lglasso's bic is 4665.85146559923" "lglasso's bic is 4324.31990925187"
[11] "lglasso's bic is 4120.19840888007" "lglasso's bic is 4035.49068527346"
[13] "lglasso's bic is 4002.36267588812" "lglasso's bic is 3961.03953003688"
[15] "lglasso's bic is 3915.01393244674" "lglasso's bic is 3907.77275940278"
[17] "lglasso's bic is 3936.3904670559"  "lglasso's bic is 4047.65053448458"
[19] "lglasso's bic is 4097.68033884082" "lglasso's bic is 4176.25126982867"
[1] "The 16th simulation:"
[1] "two-community heter data are generated"
[1] "heter data are generated"
[1] "heter data are generated"
 [1] "lglasso's bic is 12730.449787881"  "lglasso's bic is 10626.2146276058"
 [3] "lglasso's bic is 9627.67463699169" "lglasso's bic is 8097.53455448833"
 [5] "lglasso's bic is 6905.17925822618" "lglasso's bic is 5746.74396888045"
 [7] "lglasso's bic is 4954.08382942009" "lglasso's bic is 4318.90631587351"
 [9] "lglasso's bic is 2935.43387923256" "lglasso's bic is 2540.64513333525"
[11] "lglasso's bic is 2276.01466723188" "lglasso's bic is 2002.76888694189"
[13] "lglasso's bic is 2352.64808054378" "lglasso's bic is 2221.26993256636"
[15] "lglasso's bic is 2152.99525210482" "lglasso's bic is 2101.49895469304"
[17] "lglasso's bic is 2072.94903151377" "lglasso's bic is 2075.20016601142"
[19] "lglasso's bic is 2207.07667873703" "lglasso's bic is 2214.9128325065" 
[1] "The 17th simulation:"
[1] "two-community heter data are generated"
[1] "heter data are generated"
[1] "heter data are generated"
 [1] "lglasso's bic is 12916.0226505796" "lglasso's bic is 10208.5199074045"
 [3] "lglasso's bic is 8450.53710098195" "lglasso's bic is 7013.73846788817"
 [5] "lglasso's bic is 5979.013783215"   "lglasso's bic is 4986.12142420487"
 [7] "lglasso's bic is 4206.92625951971" "lglasso's bic is 3599.56582094649"
 [9] "lglasso's bic is 3151.1950634998"  "lglasso's bic is 2739.92176143673"
[11] "lglasso's bic is 2445.28575627133" "lglasso's bic is 2290.62280066286"
[13] "lglasso's bic is 2216.18323545227" "lglasso's bic is 2133.44188951446"
[15] "lglasso's bic is 2142.37453613883" "lglasso's bic is 2134.48909494493"
[17] "lglasso's bic is 2165.43779246423" "lglasso's bic is 2206.77859021987"
[19] "lglasso's bic is 2229.66568108588" "lglasso's bic is 2281.58360491025"
[1] "The 18th simulation:"
[1] "two-community heter data are generated"
[1] "heter data are generated"
[1] "heter data are generated"
 [1] "lglasso's bic is 14092.391497554"  "lglasso's bic is 11758.9755129806"
 [3] "lglasso's bic is 9751.31070724704" "lglasso's bic is 8199.31821559683"
 [5] "lglasso's bic is 7088.71589850371" "lglasso's bic is 6055.14203941771"
 [7] "lglasso's bic is 5382.44035765605" "lglasso's bic is 4671.75939776265"
 [9] "lglasso's bic is 4127.38257479421" "lglasso's bic is 3695.65014483092"
[11] "lglasso's bic is 3427.04039643687" "lglasso's bic is 3298.45873099604"
[13] "lglasso's bic is 3213.80530431074" "lglasso's bic is 3213.92955295874"
[15] "lglasso's bic is 3191.40587018406" "lglasso's bic is 3183.88633120795"
[17] "lglasso's bic is 3204.93897578789" "lglasso's bic is 3208.47104993401"
[19] "lglasso's bic is 3303.753909631"   "lglasso's bic is 3351.03875177256"
[1] "The 19th simulation:"
[1] "two-community heter data are generated"
[1] "heter data are generated"
[1] "heter data are generated"
 [1] "lglasso's bic is 14329.6438623059" "lglasso's bic is 11759.9592201173"
 [3] "lglasso's bic is 9900.63594443132" "lglasso's bic is 8398.99573878708"
 [5] "lglasso's bic is 7220.6093737634"  "lglasso's bic is 6297.13251774341"
 [7] "lglasso's bic is 5660.32023680155" "lglasso's bic is 5015.89401323712"
 [9] "lglasso's bic is 4502.93293175642" "lglasso's bic is 4094.72972566174"
[11] "lglasso's bic is 3814.16520973163" "lglasso's bic is 3543.40696049524"
[13] "lglasso's bic is 3420.35760167673" "lglasso's bic is 3301.47365691959"
[15] "lglasso's bic is 3260.26022466175" "lglasso's bic is 3246.64420539956"
[17] "lglasso's bic is 3264.4385393065"  "lglasso's bic is 3403.6698697414" 
[19] "lglasso's bic is 3430.25009242756" "lglasso's bic is 3472.85022344811"
[1] "The 20th simulation:"
[1] "two-community heter data are generated"
[1] "heter data are generated"
[1] "heter data are generated"
 [1] "lglasso's bic is 13398.7093142272" "lglasso's bic is 10980.6367806047"
 [3] "lglasso's bic is 9010.09843679868" "lglasso's bic is 7451.71924884096"
 [5] "lglasso's bic is 6106.67671217689" "lglasso's bic is 5087.98473788404"
 [7] "lglasso's bic is 4229.79168973298" "lglasso's bic is 3653.09477218554"
 [9] "lglasso's bic is 3324.07821623728" "lglasso's bic is 2969.84534736326"
[11] "lglasso's bic is 2669.09600965538" "lglasso's bic is 2514.57428423895"
[13] "lglasso's bic is 2525.11785276948" "lglasso's bic is 2452.10799244752"
[15] "lglasso's bic is 2666.73936228306" "lglasso's bic is 2672.39334137372"
[17] "lglasso's bic is 2645.93470505103" "lglasso's bic is 2654.38037271665"
[19] "lglasso's bic is 2673.38641343844" "lglasso's bic is 2703.68615786692"
[1] "The 21th simulation:"
[1] "two-community heter data are generated"
[1] "heter data are generated"
[1] "heter data are generated"
 [1] "lglasso's bic is 14956.0985845054" "lglasso's bic is 12725.5976226921"
 [3] "lglasso's bic is 11065.5867225456" "lglasso's bic is 9659.65643496401"
 [5] "lglasso's bic is 8361.19627446124" "lglasso's bic is 7406.47021640513"
 [7] "lglasso's bic is 6762.53960670979" "lglasso's bic is 6164.6086379587" 
 [9] "lglasso's bic is 5643.84028776159" "lglasso's bic is 5206.03792066129"
[11] "lglasso's bic is 4790.91808133248" "lglasso's bic is 4595.62687846552"
[13] "lglasso's bic is 4398.37974544121" "lglasso's bic is 4324.29688999285"
[15] "lglasso's bic is 4341.35666621793" "lglasso's bic is 4298.64451268008"
[17] "lglasso's bic is 4258.46156851727" "lglasso's bic is 4205.5860324224" 
[19] "lglasso's bic is 4234.14110538899" "lglasso's bic is 4285.38122764308"
[1] "The 22th simulation:"
[1] "two-community heter data are generated"
[1] "heter data are generated"
[1] "heter data are generated"
 [1] "lglasso's bic is 15753.5563388194" "lglasso's bic is 13365.0948583749"
 [3] "lglasso's bic is 11723.3324345453" "lglasso's bic is 10325.4056923939"
 [5] "lglasso's bic is 9406.02012582687" "lglasso's bic is 8437.1632229592" 
 [7] "lglasso's bic is 7737.03981462376" "lglasso's bic is 7066.21020223726"
 [9] "lglasso's bic is 6459.06515181278" "lglasso's bic is 5969.27054791949"
[11] "lglasso's bic is 5652.90950733159" "lglasso's bic is 5484.57253385455"
[13] "lglasso's bic is 5282.65823554319" "lglasso's bic is 5186.114215698"  
[15] "lglasso's bic is 5139.87764179561" "lglasso's bic is 5156.56478197466"
[17] "lglasso's bic is 5149.43206732395" "lglasso's bic is 5187.77650213414"
[19] "lglasso's bic is 5219.69544589913" "lglasso's bic is 5251.83159769726"
[1] "The 23th simulation:"
[1] "two-community heter data are generated"
[1] "heter data are generated"
[1] "heter data are generated"
 [1] "lglasso's bic is 13961.3928195272" "lglasso's bic is 11533.2653758399"
 [3] "lglasso's bic is 9673.3344426767"  "lglasso's bic is 8472.63143883083"
 [5] "lglasso's bic is 7341.62370356457" "lglasso's bic is 6449.64358605026"
 [7] "lglasso's bic is 5664.59107896555" "lglasso's bic is 4983.82975819746"
 [9] "lglasso's bic is 4489.72945101598" "lglasso's bic is 4105.07594709664"
[11] "lglasso's bic is 3715.40483914707" "lglasso's bic is 3538.52183068063"
[13] "lglasso's bic is 3475.46739744155" "lglasso's bic is 3403.22436623842"
[15] "lglasso's bic is 3485.89680587343" "lglasso's bic is 3458.89840594128"
[17] "lglasso's bic is 3442.77375435861" "lglasso's bic is 3524.54435950486"
[19] "lglasso's bic is 3564.86952938649" "lglasso's bic is 3734.22433614482"
[1] "The 24th simulation:"
[1] "two-community heter data are generated"
[1] "heter data are generated"
[1] "heter data are generated"
 [1] "lglasso's bic is 14494.899396817"  "lglasso's bic is 12306.2502605668"
 [3] "lglasso's bic is 10496.7509766803" "lglasso's bic is 9034.18910406244"
 [5] "lglasso's bic is 7924.26192311966" "lglasso's bic is 6658.20844332236"
 [7] "lglasso's bic is 5813.46692815182" "lglasso's bic is 5085.857033131"  
 [9] "lglasso's bic is 4465.34229285011" "lglasso's bic is 4126.63290530636"
[11] "lglasso's bic is 3763.51990765026" "lglasso's bic is 3584.55771562372"
[13] "lglasso's bic is 3467.71923577099" "lglasso's bic is 3412.52817981347"
[15] "lglasso's bic is 3471.68870676073" "lglasso's bic is 3552.89449047808"
[17] "lglasso's bic is 3553.98671351831" "lglasso's bic is 3604.16459054897"
[19] "lglasso's bic is 3623.76558288609" "lglasso's bic is 3688.96937701681"
[1] "The 25th simulation:"
[1] "two-community heter data are generated"
[1] "heter data are generated"
[1] "heter data are generated"
 [1] "lglasso's bic is 12740.9241863426" "lglasso's bic is 10062.7183775361"
 [3] "lglasso's bic is 8042.24136727999" "lglasso's bic is 6558.36715091707"
 [5] "lglasso's bic is 5373.15179429183" "lglasso's bic is 4377.96223035984"
 [7] "lglasso's bic is 3670.12859902131" "lglasso's bic is 2942.37935114994"
 [9] "lglasso's bic is 2520.72762048319" "lglasso's bic is 2267.98694222524"
[11] "lglasso's bic is 2010.12802578885" "lglasso's bic is 1876.37121905376"
[13] "lglasso's bic is 1727.45667312173" "lglasso's bic is 1684.99185162997"
[15] "lglasso's bic is 1652.8707295232"  "lglasso's bic is 1678.6232751844" 
[17] "lglasso's bic is 1698.62843425718" "lglasso's bic is 1743.18693039048"
[19] "lglasso's bic is 1799.60127002675" "lglasso's bic is 1910.9742658734" 
[1] "The 26th simulation:"
[1] "two-community heter data are generated"
[1] "heter data are generated"
[1] "heter data are generated"
 [1] "lglasso's bic is 13905.0119712818" "lglasso's bic is 11328.1685557274"
 [3] "lglasso's bic is 9559.25166704572" "lglasso's bic is 8022.69217469987"
 [5] "lglasso's bic is 6647.51576188475" "lglasso's bic is 5578.82004450213"
 [7] "lglasso's bic is 4809.56489710599" "lglasso's bic is 4269.27974563747"
 [9] "lglasso's bic is 3760.1339797701"  "lglasso's bic is 3415.19754167676"
[11] "lglasso's bic is 3137.27697951029" "lglasso's bic is 2986.61424729456"
[13] "lglasso's bic is 2891.83652796259" "lglasso's bic is 2801.01935729235"
[15] "lglasso's bic is 2792.0826369453"  "lglasso's bic is 2825.31254074051"
[17] "lglasso's bic is 2832.85984560003" "lglasso's bic is 2986.67529022634"
[19] "lglasso's bic is 3035.90439851041" "lglasso's bic is 3088.38017378477"
[1] "The 27th simulation:"
[1] "two-community heter data are generated"
[1] "heter data are generated"
[1] "heter data are generated"
 [1] "lglasso's bic is 14290.3791950491" "lglasso's bic is 11766.9624285964"
 [3] "lglasso's bic is 9998.50556780149" "lglasso's bic is 8467.27483018124"
 [5] "lglasso's bic is 7639.19860772983" "lglasso's bic is 6662.52098439236"
 [7] "lglasso's bic is 5785.68119953701" "lglasso's bic is 5200.01203782569"
 [9] "lglasso's bic is 4733.5816447843"  "lglasso's bic is 4182.15626697529"
[11] "lglasso's bic is 3822.69813158891" "lglasso's bic is 3578.21891750642"
[13] "lglasso's bic is 3390.18686101104" "lglasso's bic is 3348.55096047296"
[15] "lglasso's bic is 3334.65958190704" "lglasso's bic is 3311.8474971844" 
[17] "lglasso's bic is 3276.19251222319" "lglasso's bic is 3254.80877935065"
[19] "lglasso's bic is 3275.12568700123" "lglasso's bic is 3318.09879695405"
[1] "The 28th simulation:"
[1] "two-community heter data are generated"
[1] "heter data are generated"
[1] "heter data are generated"
 [1] "lglasso's bic is 12291.8103292387" "lglasso's bic is 10454.9944463914"
 [3] "lglasso's bic is 8880.64112459954" "lglasso's bic is 7643.45230647888"
 [5] "lglasso's bic is 6540.59472423543" "lglasso's bic is 5589.09005352636"
 [7] "lglasso's bic is 4810.45387726181" "lglasso's bic is 4133.21703384403"
 [9] "lglasso's bic is 3531.21963921027" "lglasso's bic is 2979.76366375814"
[11] "lglasso's bic is 2594.52885872974" "lglasso's bic is 2267.25060116903"
[13] "lglasso's bic is 2066.7263403702"  "lglasso's bic is 1859.71741318654"
[15] "lglasso's bic is 1782.18587819648" "lglasso's bic is 1719.35922928843"
[17] "lglasso's bic is 1663.81461751512" "lglasso's bic is 1698.0673022758" 
[19] "lglasso's bic is 1640.18298168245" "lglasso's bic is 1566.54506127968"
[1] "The 29th simulation:"
[1] "two-community heter data are generated"
[1] "heter data are generated"
[1] "heter data are generated"
 [1] "lglasso's bic is 13746.1735796198" "lglasso's bic is 11237.934659545" 
 [3] "lglasso's bic is 9765.8168541012"  "lglasso's bic is 8123.62708963165"
 [5] "lglasso's bic is 7045.81330454251" "lglasso's bic is 6145.57656879309"
 [7] "lglasso's bic is 4805.12842744486" "lglasso's bic is 4008.09001060197"
 [9] "lglasso's bic is 3529.74676020143" "lglasso's bic is 3112.19696321667"
[11] "lglasso's bic is 2851.43402535502" "lglasso's bic is 2679.47322413544"
[13] "lglasso's bic is 2520.30928322613" "lglasso's bic is 2439.09229792352"
[15] "lglasso's bic is 2545.13469058743" "lglasso's bic is 2571.34735295404"
[17] "lglasso's bic is 2566.1888190379"  "lglasso's bic is 2587.67718106592"
[19] "lglasso's bic is 2635.3147617143"  "lglasso's bic is 2648.96407022955"
[1] "The 30th simulation:"
[1] "two-community heter data are generated"
[1] "heter data are generated"
[1] "heter data are generated"
 [1] "lglasso's bic is 11710.5557683535" "lglasso's bic is 9059.19644238719"
 [3] "lglasso's bic is 6999.67655423696" "lglasso's bic is 5948.51778566018"
 [5] "lglasso's bic is 4814.98187689843" "lglasso's bic is 3798.23596979041"
 [7] "lglasso's bic is 3001.65143800234" "lglasso's bic is 2469.99968687874"
 [9] "lglasso's bic is 2021.64664691163" "lglasso's bic is 1593.46938462677"
[11] "lglasso's bic is 1403.49964703826" "lglasso's bic is 1212.8513140102" 
[13] "lglasso's bic is 1131.23075263445" "lglasso's bic is 1251.18411885531"
[15] "lglasso's bic is 1249.94739089932" "lglasso's bic is 1248.17089950645"
[17] "lglasso's bic is 1282.35873842681" "lglasso's bic is 1343.61475737679"
[19] "lglasso's bic is 1385.40661807158" "lglasso's bic is 1446.94193629111"
[1] "The 31th simulation:"
[1] "two-community heter data are generated"
[1] "heter data are generated"
[1] "heter data are generated"
 [1] "lglasso's bic is 13816.1468643212" "lglasso's bic is 11087.1283940113"
 [3] "lglasso's bic is 9573.28294144457" "lglasso's bic is 8311.01347155571"
 [5] "lglasso's bic is 7008.46892857353" "lglasso's bic is 6001.52746180996"
 [7] "lglasso's bic is 5206.01864597588" "lglasso's bic is 4556.88672101581"
 [9] "lglasso's bic is 4058.01691529606" "lglasso's bic is 3685.9153862142" 
[11] "lglasso's bic is 3396.39932085221" "lglasso's bic is 3208.85937851008"
[13] "lglasso's bic is 3130.12559512114" "lglasso's bic is 3068.00479318781"
[15] "lglasso's bic is 3071.36709146087" "lglasso's bic is 3090.41273307171"
[17] "lglasso's bic is 3093.15801560931" "lglasso's bic is 3178.44407180015"
[19] "lglasso's bic is 3222.79875821336" "lglasso's bic is 3288.51997164178"
[1] "The 32th simulation:"
[1] "two-community heter data are generated"
[1] "heter data are generated"
[1] "heter data are generated"
 [1] "lglasso's bic is 14345.286189492"  "lglasso's bic is 11808.6805005441"
 [3] "lglasso's bic is 9887.48429776369" "lglasso's bic is 8678.01182557078"
 [5] "lglasso's bic is 7853.70234101693" "lglasso's bic is 6959.74461635774"
 [7] "lglasso's bic is 6179.82398819968" "lglasso's bic is 4814.93996240303"
 [9] "lglasso's bic is 4334.11230601129" "lglasso's bic is 3958.91751615362"
[11] "lglasso's bic is 3716.39646907953" "lglasso's bic is 3556.58616101031"
[13] "lglasso's bic is 3469.77850117747" "lglasso's bic is 3522.48346761278"
[15] "lglasso's bic is 3400.3494297499"  "lglasso's bic is 3365.45044524764"
[17] "lglasso's bic is 3412.74347518769" "lglasso's bic is 3420.7648134206" 
[19] "lglasso's bic is 3443.01499820228" "lglasso's bic is 3496.39204186963"
[1] "The 33th simulation:"
[1] "two-community heter data are generated"
[1] "heter data are generated"
[1] "heter data are generated"
 [1] "lglasso's bic is 14485.0163942222" "lglasso's bic is 11836.106462541" 
 [3] "lglasso's bic is 10242.7762622729" "lglasso's bic is 8745.57794388303"
 [5] "lglasso's bic is 7616.58760215142" "lglasso's bic is 6573.1232172538" 
 [7] "lglasso's bic is 6126.57913618846" "lglasso's bic is 5547.97113556744"
 [9] "lglasso's bic is 4971.5419855313"  "lglasso's bic is 4650.86616688689"
[11] "lglasso's bic is 4403.85474088477" "lglasso's bic is 4106.70885994101"
[13] "lglasso's bic is 3952.64076969953" "lglasso's bic is 3799.66919048376"
[15] "lglasso's bic is 3743.35330775262" "lglasso's bic is 3690.57646939608"
[17] "lglasso's bic is 3695.9925838206"  "lglasso's bic is 3733.06794026478"
[19] "lglasso's bic is 3743.35625656544" "lglasso's bic is 3794.64884763802"
[1] "The 34th simulation:"
[1] "two-community heter data are generated"
[1] "heter data are generated"
[1] "heter data are generated"
 [1] "lglasso's bic is 14025.5657688555" "lglasso's bic is 11528.4326303136"
 [3] "lglasso's bic is 9633.19548721181" "lglasso's bic is 8036.09166567956"
 [5] "lglasso's bic is 6752.67473231653" "lglasso's bic is 5851.75015497026"
 [7] "lglasso's bic is 5054.41194778409" "lglasso's bic is 4408.07664417179"
 [9] "lglasso's bic is 3952.28570173665" "lglasso's bic is 3557.15451624782"
[11] "lglasso's bic is 3281.2026500261"  "lglasso's bic is 3078.24491288202"
[13] "lglasso's bic is 3203.62388101829" "lglasso's bic is 3119.7903952974" 
[15] "lglasso's bic is 3057.86677860269" "lglasso's bic is 3035.98262385734"
[17] "lglasso's bic is 3063.38624971777" "lglasso's bic is 3126.15018881056"
[19] "lglasso's bic is 3195.93695695747" "lglasso's bic is 3229.98638979064"
[1] "The 35th simulation:"
[1] "two-community heter data are generated"
[1] "heter data are generated"
[1] "heter data are generated"
 [1] "lglasso's bic is 15681.6631732952" "lglasso's bic is 13244.482401305" 
 [3] "lglasso's bic is 11593.6896856609" "lglasso's bic is 9930.12001642416"
 [5] "lglasso's bic is 9236.01727120933" "lglasso's bic is 8148.71783767036"
 [7] "lglasso's bic is 6834.38232225467" "lglasso's bic is 6621.05213991074"
 [9] "lglasso's bic is 5763.84071810392" "lglasso's bic is 5213.22516299996"
[11] "lglasso's bic is 4963.65520604227" "lglasso's bic is 4688.16861893731"
[13] "lglasso's bic is 4542.73845989843" "lglasso's bic is 4639.48202129157"
[15] "lglasso's bic is 4518.24243212291" "lglasso's bic is 4520.01849272179"
[17] "lglasso's bic is 4502.29754650364" "lglasso's bic is 4506.29279066215"
[19] "lglasso's bic is 4499.5178111189"  "lglasso's bic is 4531.52139507678"
[1] "The 36th simulation:"
[1] "two-community heter data are generated"
[1] "heter data are generated"
[1] "heter data are generated"
 [1] "lglasso's bic is 14398.13679312"   "lglasso's bic is 11946.9140912216"
 [3] "lglasso's bic is 10154.9538215391" "lglasso's bic is 8943.90509272883"
 [5] "lglasso's bic is 7799.56595566972" "lglasso's bic is 6652.39102024319"
 [7] "lglasso's bic is 5489.16540714711" "lglasso's bic is 4760.71813680025"
 [9] "lglasso's bic is 4313.47709848415" "lglasso's bic is 3853.46872508605"
[11] "lglasso's bic is 3571.53129658609" "lglasso's bic is 3440.18053366439"
[13] "lglasso's bic is 3423.23457807773" "lglasso's bic is 3367.79070075073"
[15] "lglasso's bic is 3373.42086339269" "lglasso's bic is 3402.51393946511"
[17] "lglasso's bic is 3496.48834176593" "lglasso's bic is 3501.78054894137"
[19] "lglasso's bic is 3540.17071930944" "lglasso's bic is 3563.35446679121"
[1] "The 37th simulation:"
[1] "two-community heter data are generated"
[1] "heter data are generated"
[1] "heter data are generated"
 [1] "lglasso's bic is 15475.7053373113" "lglasso's bic is 12905.6235098675"
 [3] "lglasso's bic is 10832.4032176433" "lglasso's bic is 9433.22917382386"
 [5] "lglasso's bic is 8214.06375144008" "lglasso's bic is 7185.30070966932"
 [7] "lglasso's bic is 6434.40593816949" "lglasso's bic is 5887.40701264847"
 [9] "lglasso's bic is 5376.59302964788" "lglasso's bic is 5030.86318013375"
[11] "lglasso's bic is 4732.20451589192" "lglasso's bic is 4593.32158891996"
[13] "lglasso's bic is 4401.9918581376"  "lglasso's bic is 4331.76819232774"
[15] "lglasso's bic is 4304.71720337613" "lglasso's bic is 4233.49304190385"
[17] "lglasso's bic is 4266.92219641268" "lglasso's bic is 4301.23195860591"
[19] "lglasso's bic is 4305.46661362864" "lglasso's bic is 4346.27382499889"
[1] "The 38th simulation:"
[1] "two-community heter data are generated"
[1] "heter data are generated"
[1] "heter data are generated"
 [1] "lglasso's bic is 12558.4579982972" "lglasso's bic is 9645.92376179985"
 [3] "lglasso's bic is 8059.83584637064" "lglasso's bic is 6801.40076358361"
 [5] "lglasso's bic is 5658.97631196657" "lglasso's bic is 4790.59147829357"
 [7] "lglasso's bic is 3890.14021924372" "lglasso's bic is 3298.11307124122"
 [9] "lglasso's bic is 2844.18855889861" "lglasso's bic is 2494.35845458678"
[11] "lglasso's bic is 2230.45610861938" "lglasso's bic is 2094.10014765426"
[13] "lglasso's bic is 1994.26906160577" "lglasso's bic is 1970.50977784248"
[15] "lglasso's bic is 2001.98091924361" "lglasso's bic is 2050.30298889256"
[17] "lglasso's bic is 2133.85430128887" "lglasso's bic is 2196.44857034616"
[19] "lglasso's bic is 2270.40973239932" "lglasso's bic is 2345.64394853353"
[1] "The 39th simulation:"
[1] "two-community heter data are generated"
[1] "heter data are generated"
[1] "heter data are generated"
 [1] "lglasso's bic is 14772.7814621476" "lglasso's bic is 12357.7572722917"
 [3] "lglasso's bic is 10298.4808346833" "lglasso's bic is 8740.7228548717" 
 [5] "lglasso's bic is 7616.7298953986"  "lglasso's bic is 6635.89734735449"
 [7] "lglasso's bic is 5867.70936766079" "lglasso's bic is 5160.75217796841"
 [9] "lglasso's bic is 4617.29330476529" "lglasso's bic is 4270.6461620029" 
[11] "lglasso's bic is 4002.28221196159" "lglasso's bic is 3843.28374160913"
[13] "lglasso's bic is 3753.41851281451" "lglasso's bic is 3849.89806232526"
[15] "lglasso's bic is 3828.73861827377" "lglasso's bic is 3837.32919159663"
[17] "lglasso's bic is 3889.96534947888" "lglasso's bic is 3905.12192037665"
[19] "lglasso's bic is 3941.98212400082" "lglasso's bic is 4071.97247366267"
[1] "The 40th simulation:"
[1] "two-community heter data are generated"
[1] "heter data are generated"
[1] "heter data are generated"
 [1] "lglasso's bic is 14639.2203481153" "lglasso's bic is 12182.6711432487"
 [3] "lglasso's bic is 10376.3007192194" "lglasso's bic is 8759.42404205293"
 [5] "lglasso's bic is 7534.32028349662" "lglasso's bic is 6713.88258792785"
 [7] "lglasso's bic is 5994.86056410193" "lglasso's bic is 5675.04278225173"
 [9] "lglasso's bic is 5061.39452661172" "lglasso's bic is 4801.97511387001"
[11] "lglasso's bic is 4463.24090258244" "lglasso's bic is 4177.13351016644"
[13] "lglasso's bic is 4115.0701006615"  "lglasso's bic is 4016.12968501019"
[15] "lglasso's bic is 3974.67804975031" "lglasso's bic is 3974.29473104949"
[17] "lglasso's bic is 3956.86460498243" "lglasso's bic is 3975.5711878573" 
[19] "lglasso's bic is 4177.64278415221" "lglasso's bic is 4254.77734507548"
[1] "The 41th simulation:"
[1] "two-community heter data are generated"
[1] "heter data are generated"
[1] "heter data are generated"
 [1] "lglasso's bic is 14749.9956790345" "lglasso's bic is 12330.338072069" 
 [3] "lglasso's bic is 10327.0333803577" "lglasso's bic is 8926.48995604585"
 [5] "lglasso's bic is 7864.0144719788"  "lglasso's bic is 6925.98234084"   
 [7] "lglasso's bic is 6185.51554990433" "lglasso's bic is 5473.60893820573"
 [9] "lglasso's bic is 4901.47235779815" "lglasso's bic is 4491.31824036992"
[11] "lglasso's bic is 4181.06825038944" "lglasso's bic is 3976.40761355565"
[13] "lglasso's bic is 3897.19457416499" "lglasso's bic is 3800.37263964828"
[15] "lglasso's bic is 3802.70556501643" "lglasso's bic is 3830.44376186552"
[17] "lglasso's bic is 4013.17063563031" "lglasso's bic is 4038.65872774854"
[19] "lglasso's bic is 4082.92051417293" "lglasso's bic is 4104.67844486413"
[1] "The 42th simulation:"
[1] "two-community heter data are generated"
[1] "heter data are generated"
[1] "heter data are generated"
 [1] "lglasso's bic is 11168.869887705"  "lglasso's bic is 8492.68022913286"
 [3] "lglasso's bic is 6765.25604098353" "lglasso's bic is 5553.63734144948"
 [5] "lglasso's bic is 4243.64690634079" "lglasso's bic is 3234.15615367687"
 [7] "lglasso's bic is 2397.97707673585" "lglasso's bic is 1850.34225080008"
 [9] "lglasso's bic is 1467.21980357597" "lglasso's bic is 1237.80219633063"
[11] "lglasso's bic is 996.599348805304" "lglasso's bic is 852.386170178456"
[13] "lglasso's bic is 782.719254512858" "lglasso's bic is 777.292798327272"
[15] "lglasso's bic is 782.578332281724" "lglasso's bic is 795.175581162689"
[17] "lglasso's bic is 831.559017006181" "lglasso's bic is 877.689021001658"
[19] "lglasso's bic is 960.873849237141" "lglasso's bic is 1029.70276258364"
[1] "The 43th simulation:"
[1] "two-community heter data are generated"
[1] "heter data are generated"
[1] "heter data are generated"
 [1] "lglasso's bic is 14008.6625095991" "lglasso's bic is 11354.649779533" 
 [3] "lglasso's bic is 9628.04414025639" "lglasso's bic is 8186.07717243809"
 [5] "lglasso's bic is 7039.30849282601" "lglasso's bic is 6043.25768145666"
 [7] "lglasso's bic is 5275.48973669997" "lglasso's bic is 4561.99015390253"
 [9] "lglasso's bic is 3924.74412888012" "lglasso's bic is 3541.15900944239"
[11] "lglasso's bic is 3281.43989827177" "lglasso's bic is 3297.92401345747"
[13] "lglasso's bic is 3204.73629436453" "lglasso's bic is 3101.07383765525"
[15] "lglasso's bic is 3035.31271997531" "lglasso's bic is 2988.33004147293"
[17] "lglasso's bic is 2979.48607699852" "lglasso's bic is 3078.87311170158"
[19] "lglasso's bic is 3131.91020000322" "lglasso's bic is 3160.25908442727"
[1] "The 44th simulation:"
[1] "two-community heter data are generated"
[1] "heter data are generated"
[1] "heter data are generated"
 [1] "lglasso's bic is 13454.8769248764" "lglasso's bic is 10908.6778885009"
 [3] "lglasso's bic is 9209.38218994545" "lglasso's bic is 7905.10595437994"
 [5] "lglasso's bic is 6771.06847329923" "lglasso's bic is 5774.539673523"  
 [7] "lglasso's bic is 4927.10668383766" "lglasso's bic is 4267.00041760312"
 [9] "lglasso's bic is 3728.17967261338" "lglasso's bic is 3302.77027718413"
[11] "lglasso's bic is 2976.98037116874" "lglasso's bic is 2873.95452498613"
[13] "lglasso's bic is 2773.11371953725" "lglasso's bic is 2663.93523024482"
[15] "lglasso's bic is 2691.35859161956" "lglasso's bic is 2668.00847051275"
[17] "lglasso's bic is 2685.78951079778" "lglasso's bic is 2710.80058651888"
[19] "lglasso's bic is 2753.45657705239" "lglasso's bic is 2793.3373505671" 
[1] "The 45th simulation:"
[1] "two-community heter data are generated"
[1] "heter data are generated"
[1] "heter data are generated"
 [1] "lglasso's bic is 13551.1962100514" "lglasso's bic is 11128.7813998701"
 [3] "lglasso's bic is 9282.50608977256" "lglasso's bic is 7760.21650129539"
 [5] "lglasso's bic is 6535.77348180813" "lglasso's bic is 5669.6369162398" 
 [7] "lglasso's bic is 4835.89945026945" "lglasso's bic is 3993.37392590121"
 [9] "lglasso's bic is 3490.78689148793" "lglasso's bic is 3064.77788890113"
[11] "lglasso's bic is 2730.59295987236" "lglasso's bic is 2610.71435921262"
[13] "lglasso's bic is 2528.37775731814" "lglasso's bic is 2427.4750467393" 
[15] "lglasso's bic is 2382.20657126779" "lglasso's bic is 2533.22134085239"
[17] "lglasso's bic is 2532.65292817081" "lglasso's bic is 2572.37296436773"
[19] "lglasso's bic is 2619.47306585408" "lglasso's bic is 2659.45917502947"
[1] "The 46th simulation:"
[1] "two-community heter data are generated"
[1] "heter data are generated"
[1] "heter data are generated"
 [1] "lglasso's bic is 15230.2820336097" "lglasso's bic is 12792.5275539759"
 [3] "lglasso's bic is 11134.5344885438" "lglasso's bic is 9904.6478777656" 
 [5] "lglasso's bic is 8866.68006284993" "lglasso's bic is 7968.37298956427"
 [7] "lglasso's bic is 7096.7635277738"  "lglasso's bic is 6383.67129086219"
 [9] "lglasso's bic is 5769.95400827677" "lglasso's bic is 5362.82971847203"
[11] "lglasso's bic is 4991.99698363153" "lglasso's bic is 4702.72969652072"
[13] "lglasso's bic is 4593.72482584377" "lglasso's bic is 4442.56104740993"
[15] "lglasso's bic is 4393.52112459914" "lglasso's bic is 4371.61036979958"
[17] "lglasso's bic is 4428.5903345274"  "lglasso's bic is 4476.02703598202"
[19] "lglasso's bic is 4520.61517308275" "lglasso's bic is 4537.93188012007"
[1] "The 47th simulation:"
[1] "two-community heter data are generated"
[1] "heter data are generated"
[1] "heter data are generated"
 [1] "lglasso's bic is 14969.4465811033" "lglasso's bic is 12617.5106195588"
 [3] "lglasso's bic is 11053.6144648559" "lglasso's bic is 9700.52430507389"
 [5] "lglasso's bic is 8680.57322040625" "lglasso's bic is 7680.71116363485"
 [7] "lglasso's bic is 6901.99786479066" "lglasso's bic is 6135.35292962664"
 [9] "lglasso's bic is 5532.05969527171" "lglasso's bic is 5151.58632758675"
[11] "lglasso's bic is 4881.37608684706" "lglasso's bic is 4645.87901948693"
[13] "lglasso's bic is 4536.10991526197" "lglasso's bic is 4405.65788768655"
[15] "lglasso's bic is 4291.71413176482" "lglasso's bic is 4237.99777204944"
[17] "lglasso's bic is 4252.32782188928" "lglasso's bic is 4268.17704219722"
[19] "lglasso's bic is 4294.96931165336" "lglasso's bic is 4343.15924831986"
[1] "The 48th simulation:"
[1] "two-community heter data are generated"
[1] "heter data are generated"
[1] "heter data are generated"
 [1] "lglasso's bic is 16580.5297961811" "lglasso's bic is 14146.6281386832"
 [3] "lglasso's bic is 12446.5584436056" "lglasso's bic is 10975.9013252912"
 [5] "lglasso's bic is 10020.6032245703" "lglasso's bic is 8972.19723105533"
 [7] "lglasso's bic is 8352.51746836537" "lglasso's bic is 7635.30025376021"
 [9] "lglasso's bic is 6914.79901575982" "lglasso's bic is 6374.37937208325"
[11] "lglasso's bic is 6035.53642184207" "lglasso's bic is 5737.88397769289"
[13] "lglasso's bic is 5610.316197083"   "lglasso's bic is 5427.73053747689"
[15] "lglasso's bic is 5322.76205712526" "lglasso's bic is 5360.34725453632"
[17] "lglasso's bic is 5323.71095861363" "lglasso's bic is 5393.45165501797"
[19] "lglasso's bic is 5414.0539423451"  "lglasso's bic is 5405.14137983614"
[1] "The 49th simulation:"
[1] "two-community heter data are generated"
[1] "heter data are generated"
[1] "heter data are generated"
 [1] "lglasso's bic is 13050.6601397683" "lglasso's bic is 10570.1585276714"
 [3] "lglasso's bic is 8874.33159821059" "lglasso's bic is 7368.25838473732"
 [5] "lglasso's bic is 6050.32185014214" "lglasso's bic is 5032.81549384197"
 [7] "lglasso's bic is 4392.28883857977" "lglasso's bic is 3734.36586002926"
 [9] "lglasso's bic is 3201.90262472379" "lglasso's bic is 2829.38861540324"
[11] "lglasso's bic is 2545.39158195425" "lglasso's bic is 2404.50636287784"
[13] "lglasso's bic is 2430.94322703205" "lglasso's bic is 2289.60002954938"
[15] "lglasso's bic is 2279.47361702615" "lglasso's bic is 2331.47071153392"
[17] "lglasso's bic is 2373.93513010178" "lglasso's bic is 2436.95648847711"
[19] "lglasso's bic is 2584.54730994213" "lglasso's bic is 2630.29621714582"
[1] "The 50th simulation:"
[1] "two-community heter data are generated"
[1] "heter data are generated"
[1] "heter data are generated"
 [1] "lglasso's bic is 12052.2220595753" "lglasso's bic is 9647.03875182612"
 [3] "lglasso's bic is 8129.93240329433" "lglasso's bic is 6849.74417554391"
 [5] "lglasso's bic is 5751.93671698089" "lglasso's bic is 4694.98854542041"
 [7] "lglasso's bic is 3920.74406751098" "lglasso's bic is 3204.88181615546"
 [9] "lglasso's bic is 2683.41169825893" "lglasso's bic is 2096.20166603848"
[11] "lglasso's bic is 1730.08582938053" "lglasso's bic is 1602.40941685733"
[13] "lglasso's bic is 1427.79587320214" "lglasso's bic is 1306.63155816704"
[15] "lglasso's bic is 1187.08141310651" "lglasso's bic is 1200.53988089601"
[17] "lglasso's bic is 1183.19199201258" "lglasso's bic is 1281.83180208861"
[19] "lglasso's bic is 1346.31900678478" "lglasso's bic is 1357.21749741048"
There were 50 or more warnings (use warnings() to see the first 50)
> save(simures,file="subject=20_time=10_uu2=0.1.Rd")
> q("no")
> proc.time()
    user   system  elapsed 
14387.97    69.24 17944.72 
