
R version 4.1.2 (2021-11-01) -- "Bird Hippie"
Copyright (C) 2021 The R Foundation for Statistical Computing
Platform: x86_64-pc-linux-gnu (64-bit)

R is free software and comes with ABSOLUTELY NO WARRANTY.
You are welcome to redistribute it under certain conditions.
Type 'license()' or 'licence()' for distribution details.

  Natural language support but running in an English locale

R is a collaborative project with many contributors.
Type 'contributors()' for more information and
'citation()' on how to cite R or R packages in publications.

Type 'demo()' for some demos, 'help()' for on-line help, or
'help.start()' for an HTML browser interface to help.
Type 'q()' to quit R.

> library("lglasso")
> library("glasso")
> library("BDgraph")
> library("GGMselect")
Loading required package: mvtnorm

Attaching package: 'mvtnorm'

The following object is masked from 'package:BDgraph':

    rmvnorm

> library("Matrix")
> m=40
> n=30
> uu2=0.3
> Nsim=50
> rho=vector("list",5)
> rho[[1]]=seq(0.001,0.3,length=20)
> rho[[2]]=seq(0.001,0.3,length=20)
> rho[[3]]=seq(0.001,0.3,length=20)
> rho[[4]]=seq(0.00001,0.1,length=10)
> rho[[5]]=seq(0.00001,0.1,length=10)
> set.seed(m+n+uu2)
> simures=power_compare1(m=m,n=n,p=80,coe=c(2,0,0),l=Nsim,rho=rho,prob=0.01,heter=T,community2=T,uu=c(0.1,uu2),zirate=c(0.2, 0.8))
[1] "The 1th simulation:"
[1] "two-community heter data are generated"
[1] "heter data are generated"
[1] "heter data are generated"
 [1] "lglasso's bic is 36438.223808655"  "lglasso's bic is 29658.336675387" 
 [3] "lglasso's bic is 25300.7302882658" "lglasso's bic is 22436.8828862633"
 [5] "lglasso's bic is 20581.2446922585" "lglasso's bic is 19600.3368844745"
 [7] "lglasso's bic is 19187.3388549257" "lglasso's bic is 19254.6187229344"
 [9] "lglasso's bic is 19334.91804797"   "lglasso's bic is 19533.3047758274"
[11] "lglasso's bic is 19809.4953707644" "lglasso's bic is 20243.6508158637"
[13] "lglasso's bic is 20510.2665086998" "lglasso's bic is 21452.667495303" 
[15] "lglasso's bic is 21706.1134914483" "lglasso's bic is 21939.1129454691"
[17] "lglasso's bic is 22177.9829909977" "lglasso's bic is 22441.1722000814"
[19] "lglasso's bic is 22689.7307959293" "lglasso's bic is 22985.7489842651"
[1] "The 2th simulation:"
[1] "two-community heter data are generated"
[1] "heter data are generated"
[1] "heter data are generated"
 [1] "lglasso's bic is 33689.3333624634" "lglasso's bic is 26749.7612505619"
 [3] "lglasso's bic is 22115.1728493605" "lglasso's bic is 19183.3066937529"
 [5] "lglasso's bic is 17620.084390965"  "lglasso's bic is 16769.0822884736"
 [7] "lglasso's bic is 16545.1908114195" "lglasso's bic is 16562.8230352584"
 [9] "lglasso's bic is 16748.0476652928" "lglasso's bic is 16989.2501209639"
[11] "lglasso's bic is 17295.3393147047" "lglasso's bic is 17604.5007684447"
[13] "lglasso's bic is 17860.5122352958" "lglasso's bic is 18223.81590957"  
[15] "lglasso's bic is 18557.2097406078" "lglasso's bic is 18995.4960535699"
[17] "lglasso's bic is 19275.474608605"  "lglasso's bic is 19621.5863388394"
[19] "lglasso's bic is 19897.2714933571" "lglasso's bic is 20650.8115375192"
[1] "The 3th simulation:"
[1] "two-community heter data are generated"
[1] "heter data are generated"
[1] "heter data are generated"
 [1] "lglasso's bic is 38420.790938448"  "lglasso's bic is 32168.0214974977"
 [3] "lglasso's bic is 27715.9375724851" "lglasso's bic is 24798.5792688474"
 [5] "lglasso's bic is 22837.6605303103" "lglasso's bic is 21810.5724035352"
 [7] "lglasso's bic is 21464.1182939263" "lglasso's bic is 21395.4352136908"
 [9] "lglasso's bic is 21882.4666385322" "lglasso's bic is 22165.2295906539"
[11] "lglasso's bic is 22334.6701956814" "lglasso's bic is 22529.7995521425"
[13] "lglasso's bic is 22736.0872965088" "lglasso's bic is 23020.2632877572"
[15] "lglasso's bic is 23254.8900691216" "lglasso's bic is 23494.2250195828"
[17] "lglasso's bic is 23711.7708196159" "lglasso's bic is 23947.4744586018"
[19] "lglasso's bic is 24180.8512649466" "lglasso's bic is 24451.0867186148"
[1] "The 4th simulation:"
[1] "two-community heter data are generated"
[1] "heter data are generated"
[1] "heter data are generated"
 [1] "lglasso's bic is 18705.5715141826" "lglasso's bic is 11192.916287586" 
 [3] "lglasso's bic is 7180.65994847687" "lglasso's bic is 5233.11948024607"
 [5] "lglasso's bic is 3968.75873024323" "lglasso's bic is 3930.18550426261"
 [7] "lglasso's bic is 3998.52191578333" "lglasso's bic is 4198.15080741804"
 [9] "lglasso's bic is 4813.58237496189" "lglasso's bic is 5237.76698136604"
[11] "lglasso's bic is 5737.65284278677" "lglasso's bic is 6387.7199413274" 
[13] "lglasso's bic is 6886.24028097876" "lglasso's bic is 7552.4579550785" 
[15] "lglasso's bic is 8129.6009335435"  "lglasso's bic is 8696.82664318312"
[17] "lglasso's bic is 9226.78124816044" "lglasso's bic is 9887.18543457615"
[19] "lglasso's bic is 10346.7058000164" "lglasso's bic is 10821.8631652278"
[1] "The 5th simulation:"
[1] "two-community heter data are generated"
[1] "heter data are generated"
[1] "heter data are generated"
 [1] "lglasso's bic is 27138.3647455247" "lglasso's bic is 20696.7156682149"
 [3] "lglasso's bic is 16292.7091662723" "lglasso's bic is 13049.8333466058"
 [5] "lglasso's bic is 11272.4001508911" "lglasso's bic is 10309.7874813197"
 [7] "lglasso's bic is 10125.8897753447" "lglasso's bic is 10034.107507181" 
 [9] "lglasso's bic is 10229.7539887421" "lglasso's bic is 10364.6694280043"
[11] "lglasso's bic is 10539.5319034037" "lglasso's bic is 10835.2170485345"
[13] "lglasso's bic is 11225.7680741933" "lglasso's bic is 11435.5029448006"
[15] "lglasso's bic is 11901.8041810615" "lglasso's bic is 12118.8586095748"
[17] "lglasso's bic is 12624.3444985778" "lglasso's bic is 12866.2238258353"
[19] "lglasso's bic is 13173.287788639"  "lglasso's bic is 13393.3943291645"
[1] "The 6th simulation:"
[1] "two-community heter data are generated"
[1] "heter data are generated"
[1] "heter data are generated"
 [1] "lglasso's bic is 35436.9862072013" "lglasso's bic is 29077.8142201693"
 [3] "lglasso's bic is 24388.088136608"  "lglasso's bic is 21676.5123381316"
 [5] "lglasso's bic is 19827.1276308262" "lglasso's bic is 18918.078911931" 
 [7] "lglasso's bic is 18669.5092288932" "lglasso's bic is 18733.8055923246"
 [9] "lglasso's bic is 18905.7772944723" "lglasso's bic is 19391.1085786853"
[11] "lglasso's bic is 19634.7069756386" "lglasso's bic is 19877.8613994428"
[13] "lglasso's bic is 20172.9638020284" "lglasso's bic is 20422.962719313" 
[15] "lglasso's bic is 20764.0292128134" "lglasso's bic is 21425.6321894325"
[17] "lglasso's bic is 22179.7098732613" "lglasso's bic is 22439.5129513864"
[19] "lglasso's bic is 22695.3538744538" "lglasso's bic is 22994.8319014498"
[1] "The 7th simulation:"
[1] "two-community heter data are generated"
[1] "heter data are generated"
[1] "heter data are generated"
 [1] "lglasso's bic is 40881.7651048036" "lglasso's bic is 34212.6178978086"
 [3] "lglasso's bic is 29613.7041948456" "lglasso's bic is 26785.1341866313"
 [5] "lglasso's bic is 25528.2870941678" "lglasso's bic is 24709.6161260839"
 [7] "lglasso's bic is 24291.6542922512" "lglasso's bic is 24232.5620284587"
 [9] "lglasso's bic is 24441.6419889454" "lglasso's bic is 24699.3676145383"
[11] "lglasso's bic is 24926.1318594182" "lglasso's bic is 25141.692223228" 
[13] "lglasso's bic is 25604.3690163472" "lglasso's bic is 25864.425158912" 
[15] "lglasso's bic is 26243.9657577243" "lglasso's bic is 26546.719413773" 
[17] "lglasso's bic is 27182.2639656971" "lglasso's bic is 27434.2682151376"
[19] "lglasso's bic is 27692.1963151891" "lglasso's bic is 27947.0025849382"
[1] "The 8th simulation:"
[1] "two-community heter data are generated"
[1] "heter data are generated"
[1] "heter data are generated"
 [1] "lglasso's bic is 29969.1755495064" "lglasso's bic is 22969.326734114" 
 [3] "lglasso's bic is 18797.2977337776" "lglasso's bic is 15830.8814461345"
 [5] "lglasso's bic is 14346.5950663938" "lglasso's bic is 13546.4892223988"
 [7] "lglasso's bic is 13232.5301301871" "lglasso's bic is 13208.9931486275"
 [9] "lglasso's bic is 13288.0897277218" "lglasso's bic is 13489.7804739329"
[11] "lglasso's bic is 13715.1376508236" "lglasso's bic is 13953.5899659604"
[13] "lglasso's bic is 14201.2173169012" "lglasso's bic is 14671.4444257312"
[15] "lglasso's bic is 14933.362057263"  "lglasso's bic is 15195.145935796" 
[17] "lglasso's bic is 15483.0259493815" "lglasso's bic is 15756.345994455" 
[19] "lglasso's bic is 16260.6849256953" "lglasso's bic is 16529.4895805645"
[1] "The 9th simulation:"
[1] "two-community heter data are generated"
[1] "heter data are generated"
[1] "heter data are generated"
 [1] "lglasso's bic is 38351.3718016031" "lglasso's bic is 31831.2187554089"
 [3] "lglasso's bic is 27190.3155021115" "lglasso's bic is 24191.7116524593"
 [5] "lglasso's bic is 22537.32870985"   "lglasso's bic is 21648.2196985556"
 [7] "lglasso's bic is 21179.7402839219" "lglasso's bic is 21038.2239181501"
 [9] "lglasso's bic is 21116.4267247612" "lglasso's bic is 21523.7004635195"
[11] "lglasso's bic is 21655.119141696"  "lglasso's bic is 21887.4049708865"
[13] "lglasso's bic is 22071.399675056"  "lglasso's bic is 22484.429742843" 
[15] "lglasso's bic is 22737.9926112714" "lglasso's bic is 23157.2255109737"
[17] "lglasso's bic is 23355.4436601004" "lglasso's bic is 23645.0183163243"
[19] "lglasso's bic is 23883.1785734764" "lglasso's bic is 24132.8745229686"
[1] "The 10th simulation:"
[1] "two-community heter data are generated"
[1] "heter data are generated"
[1] "heter data are generated"
 [1] "lglasso's bic is 47412.1615424031" "lglasso's bic is 41022.6245286488"
 [3] "lglasso's bic is 36603.2846565566" "lglasso's bic is 33740.1876122219"
 [5] "lglasso's bic is 31888.8229523628" "lglasso's bic is 30933.6792757645"
 [7] "lglasso's bic is 30534.4375646757" "lglasso's bic is 30473.5755504889"
 [9] "lglasso's bic is 30450.1919985168" "lglasso's bic is 30679.5574390177"
[11] "lglasso's bic is 30896.7784057794" "lglasso's bic is 31082.7306556696"
[13] "lglasso's bic is 31337.1459674228" "lglasso's bic is 31604.5514411546"
[15] "lglasso's bic is 31828.7023619864" "lglasso's bic is 32048.3654984096"
[17] "lglasso's bic is 32270.5429257313" "lglasso's bic is 32543.4101392986"
[19] "lglasso's bic is 33054.5726243397" "lglasso's bic is 33504.2054519305"
[1] "The 11th simulation:"
[1] "two-community heter data are generated"
[1] "heter data are generated"
[1] "heter data are generated"
 [1] "lglasso's bic is 35051.4556235016" "lglasso's bic is 28089.4835781898"
 [3] "lglasso's bic is 23457.4154510042" "lglasso's bic is 20348.6301834443"
 [5] "lglasso's bic is 18574.4091709453" "lglasso's bic is 18029.2267960946"
 [7] "lglasso's bic is 17722.9034345685" "lglasso's bic is 17653.2970935741"
 [9] "lglasso's bic is 17797.1782727053" "lglasso's bic is 17981.5942040978"
[11] "lglasso's bic is 18201.2913513534" "lglasso's bic is 18436.8952575895"
[13] "lglasso's bic is 18696.7406609978" "lglasso's bic is 18958.5984140302"
[15] "lglasso's bic is 19395.4742820658" "lglasso's bic is 20011.410931418" 
[17] "lglasso's bic is 20315.9546937066" "lglasso's bic is 20574.6089238963"
[19] "lglasso's bic is 21097.0000873129" "lglasso's bic is 21329.7268620717"
[1] "The 12th simulation:"
[1] "two-community heter data are generated"
[1] "heter data are generated"
[1] "heter data are generated"
 [1] "lglasso's bic is 40255.4168034631" "lglasso's bic is 33595.0767714715"
 [3] "lglasso's bic is 29004.739302649"  "lglasso's bic is 26032.5487902699"
 [5] "lglasso's bic is 24251.173369964"  "lglasso's bic is 23265.7092219197"
 [7] "lglasso's bic is 22979.3534832235" "lglasso's bic is 22826.9823016068"
 [9] "lglasso's bic is 22873.0131684713" "lglasso's bic is 23077.0175777156"
[11] "lglasso's bic is 23224.8782982813" "lglasso's bic is 23700.0843415231"
[13] "lglasso's bic is 23928.355820043"  "lglasso's bic is 24495.1728511173"
[15] "lglasso's bic is 24806.4316370973" "lglasso's bic is 25088.5983322267"
[17] "lglasso's bic is 25295.354845087"  "lglasso's bic is 25749.9283183941"
[19] "lglasso's bic is 25930.678409495"  "lglasso's bic is 26148.6078784421"
[1] "The 13th simulation:"
[1] "two-community heter data are generated"
[1] "heter data are generated"
[1] "heter data are generated"
 [1] "lglasso's bic is 42218.6392254706" "lglasso's bic is 35707.9413250925"
 [3] "lglasso's bic is 31414.0754408784" "lglasso's bic is 28508.7728329373"
 [5] "lglasso's bic is 26713.3290572293" "lglasso's bic is 25609.247760134" 
 [7] "lglasso's bic is 25209.6708755522" "lglasso's bic is 25208.8398021955"
 [9] "lglasso's bic is 25557.9110915312" "lglasso's bic is 25755.5340930434"
[11] "lglasso's bic is 26191.5844808825" "lglasso's bic is 26382.0706224431"
[13] "lglasso's bic is 26609.121555552"  "lglasso's bic is 26833.82395968"  
[15] "lglasso's bic is 27067.2126962206" "lglasso's bic is 27301.7013021277"
[17] "lglasso's bic is 27625.5359576416" "lglasso's bic is 27878.1477516237"
[19] "lglasso's bic is 28121.8829031908" "lglasso's bic is 28388.8759046414"
[1] "The 14th simulation:"
[1] "two-community heter data are generated"
[1] "heter data are generated"
[1] "heter data are generated"
 [1] "lglasso's bic is 38435.4587111046" "lglasso's bic is 31613.4540472126"
 [3] "lglasso's bic is 27181.7928354733" "lglasso's bic is 24260.8197986097"
 [5] "lglasso's bic is 22172.9032795567" "lglasso's bic is 21444.9635629617"
 [7] "lglasso's bic is 21080.6680038477" "lglasso's bic is 21049.4138130987"
 [9] "lglasso's bic is 21082.3673099657" "lglasso's bic is 21201.3906850894"
[11] "lglasso's bic is 21553.7710193347" "lglasso's bic is 21791.8348420089"
[13] "lglasso's bic is 21979.4658233521" "lglasso's bic is 22167.6348282372"
[15] "lglasso's bic is 22632.3186308204" "lglasso's bic is 23619.8787299171"
[17] "lglasso's bic is 23962.5097693352" "lglasso's bic is 24225.2596472184"
[19] "lglasso's bic is 24698.5615497193" "lglasso's bic is 24883.1283159088"
[1] "The 15th simulation:"
[1] "two-community heter data are generated"
[1] "heter data are generated"
[1] "heter data are generated"
 [1] "lglasso's bic is 29367.7893875132" "lglasso's bic is 22576.5163838586"
 [3] "lglasso's bic is 17976.3335283072" "lglasso's bic is 14877.709237029" 
 [5] "lglasso's bic is 13042.0886340789" "lglasso's bic is 12274.9161059401"
 [7] "lglasso's bic is 11994.3585933438" "lglasso's bic is 11858.564337423" 
 [9] "lglasso's bic is 11908.2876957921" "lglasso's bic is 12061.1204304729"
[11] "lglasso's bic is 12218.050743905"  "lglasso's bic is 12403.4142782495"
[13] "lglasso's bic is 12597.5337699998" "lglasso's bic is 12935.6483205242"
[15] "lglasso's bic is 13383.3321032036" "lglasso's bic is 13576.0955385082"
[17] "lglasso's bic is 13783.360782827"  "lglasso's bic is 14028.8383442056"
[19] "lglasso's bic is 14389.3344216326" "lglasso's bic is 14601.3134216774"
[1] "The 16th simulation:"
[1] "two-community heter data are generated"
[1] "heter data are generated"
[1] "heter data are generated"
 [1] "lglasso's bic is 31192.3686020456" "lglasso's bic is 24377.2266437519"
 [3] "lglasso's bic is 19550.2902008805" "lglasso's bic is 16662.4819849713"
 [5] "lglasso's bic is 15089.4252732972" "lglasso's bic is 14471.8544696356"
 [7] "lglasso's bic is 14108.576330307"  "lglasso's bic is 14382.9208380401"
 [9] "lglasso's bic is 14826.2169176869" "lglasso's bic is 15034.8423871566"
[11] "lglasso's bic is 15216.1440255625" "lglasso's bic is 15483.9838177416"
[13] "lglasso's bic is 15707.2486795228" "lglasso's bic is 15956.6073816002"
[15] "lglasso's bic is 16394.2702426037" "lglasso's bic is 16896.6662780926"
[17] "lglasso's bic is 17138.1596856352" "lglasso's bic is 17743.2159590577"
[19] "lglasso's bic is 18014.3782812826" "lglasso's bic is 18253.0448093885"
[1] "The 17th simulation:"
[1] "two-community heter data are generated"
[1] "heter data are generated"
[1] "heter data are generated"
 [1] "lglasso's bic is 30490.0797545512" "lglasso's bic is 24459.1915366741"
 [3] "lglasso's bic is 19571.9614197249" "lglasso's bic is 16619.5984719577"
 [5] "lglasso's bic is 14775.9349433186" "lglasso's bic is 13758.2989073983"
 [7] "lglasso's bic is 13296.0853683776" "lglasso's bic is 13341.4798519867"
 [9] "lglasso's bic is 13502.2329398324" "lglasso's bic is 13640.0492672526"
[11] "lglasso's bic is 13891.0794213368" "lglasso's bic is 14145.454022371" 
[13] "lglasso's bic is 14359.2002664456" "lglasso's bic is 14648.4257953822"
[15] "lglasso's bic is 14876.9040975335" "lglasso's bic is 15108.8110457168"
[17] "lglasso's bic is 15824.7418084287" "lglasso's bic is 16089.575176078" 
[19] "lglasso's bic is 16498.4091078707" "lglasso's bic is 16760.0288192829"
[1] "The 18th simulation:"
[1] "two-community heter data are generated"
[1] "heter data are generated"
[1] "heter data are generated"
 [1] "lglasso's bic is 39873.1679284302" "lglasso's bic is 32797.3644392568"
 [3] "lglasso's bic is 28682.8307170144" "lglasso's bic is 26168.9021285225"
 [5] "lglasso's bic is 24476.6137203412" "lglasso's bic is 23620.6257170954"
 [7] "lglasso's bic is 23238.2129971892" "lglasso's bic is 23358.0153897637"
 [9] "lglasso's bic is 23616.7094098599" "lglasso's bic is 23871.9353111023"
[11] "lglasso's bic is 24324.9587936469" "lglasso's bic is 24656.5710428845"
[13] "lglasso's bic is 25239.3762388116" "lglasso's bic is 25547.7958748516"
[15] "lglasso's bic is 25973.8893362723" "lglasso's bic is 26373.1251248584"
[17] "lglasso's bic is 26714.1205182913" "lglasso's bic is 27430.1620949516"
[19] "lglasso's bic is 27838.1129415557" "lglasso's bic is 28480.0175098842"
[1] "The 19th simulation:"
[1] "two-community heter data are generated"
[1] "heter data are generated"
[1] "heter data are generated"
 [1] "lglasso's bic is 34480.1761143809" "lglasso's bic is 27819.851264583" 
 [3] "lglasso's bic is 23460.713904851"  "lglasso's bic is 20282.1166160782"
 [5] "lglasso's bic is 18415.2645544348" "lglasso's bic is 17548.6042068714"
 [7] "lglasso's bic is 17196.6232916107" "lglasso's bic is 17122.9092726395"
 [9] "lglasso's bic is 17233.099150832"  "lglasso's bic is 17360.5019273477"
[11] "lglasso's bic is 17583.0832901711" "lglasso's bic is 17869.799574299" 
[13] "lglasso's bic is 18133.7021314312" "lglasso's bic is 18650.3689096383"
[15] "lglasso's bic is 18884.5918291878" "lglasso's bic is 19313.9142769964"
[17] "lglasso's bic is 19515.4206669923" "lglasso's bic is 19705.0271991971"
[19] "lglasso's bic is 20299.9758700593" "lglasso's bic is 20865.5414064266"
[1] "The 20th simulation:"
[1] "two-community heter data are generated"
[1] "heter data are generated"
[1] "heter data are generated"
 [1] "lglasso's bic is 37021.2803038325" "lglasso's bic is 30111.9935081806"
 [3] "lglasso's bic is 25558.6827093414" "lglasso's bic is 22730.8954629402"
 [5] "lglasso's bic is 21433.2688952619" "lglasso's bic is 20840.1158947697"
 [7] "lglasso's bic is 20698.9773885198" "lglasso's bic is 21100.1587389925"
 [9] "lglasso's bic is 21216.1049726259" "lglasso's bic is 21463.5179150182"
[11] "lglasso's bic is 21737.5922478441" "lglasso's bic is 22024.5095060582"
[13] "lglasso's bic is 22330.9195229098" "lglasso's bic is 22647.3573787176"
[15] "lglasso's bic is 22932.2968988124" "lglasso's bic is 23217.0632241401"
[17] "lglasso's bic is 23730.9974336179" "lglasso's bic is 24016.1303480929"
[19] "lglasso's bic is 25084.0885465444" "lglasso's bic is 25354.6835530824"
[1] "The 21th simulation:"
[1] "two-community heter data are generated"
[1] "heter data are generated"
[1] "heter data are generated"
 [1] "lglasso's bic is 38733.5748512403" "lglasso's bic is 31955.9071848388"
 [3] "lglasso's bic is 27282.8970467072" "lglasso's bic is 24467.601938921" 
 [5] "lglasso's bic is 22757.65722761"   "lglasso's bic is 21865.3745551898"
 [7] "lglasso's bic is 21402.8784751926" "lglasso's bic is 21370.7062608595"
 [9] "lglasso's bic is 21470.1284030791" "lglasso's bic is 21611.0063958903"
[11] "lglasso's bic is 21784.5050510478" "lglasso's bic is 21954.5538016339"
[13] "lglasso's bic is 22145.5543938961" "lglasso's bic is 22336.3220816209"
[15] "lglasso's bic is 23156.8751572635" "lglasso's bic is 23363.8991469236"
[17] "lglasso's bic is 23600.4052304936" "lglasso's bic is 23799.6499776589"
[19] "lglasso's bic is 24003.6825895912" "lglasso's bic is 24485.3432531005"
[1] "The 22th simulation:"
[1] "two-community heter data are generated"
[1] "heter data are generated"
[1] "heter data are generated"
 [1] "lglasso's bic is 36086.3328901235" "lglasso's bic is 29110.5541198435"
 [3] "lglasso's bic is 24595.6799439651" "lglasso's bic is 21883.1810860022"
 [5] "lglasso's bic is 20170.4862140761" "lglasso's bic is 19372.1518999681"
 [7] "lglasso's bic is 19219.8907192384" "lglasso's bic is 19439.0868282622"
 [9] "lglasso's bic is 19646.5852754941" "lglasso's bic is 19946.2966317466"
[11] "lglasso's bic is 20277.0916364254" "lglasso's bic is 20628.3323870394"
[13] "lglasso's bic is 21239.60093288"   "lglasso's bic is 21582.4393766826"
[15] "lglasso's bic is 22386.1271192453" "lglasso's bic is 22668.289590131" 
[17] "lglasso's bic is 23009.9006338624" "lglasso's bic is 23287.746774207" 
[19] "lglasso's bic is 23964.81736944"   "lglasso's bic is 24262.9422972288"
[1] "The 23th simulation:"
[1] "two-community heter data are generated"
[1] "heter data are generated"
[1] "heter data are generated"
 [1] "lglasso's bic is 25549.2532861963" "lglasso's bic is 18239.0214059353"
 [3] "lglasso's bic is 14540.4975754458" "lglasso's bic is 12706.5556012293"
 [5] "lglasso's bic is 11563.6680843328" "lglasso's bic is 10996.2758116976"
 [7] "lglasso's bic is 11444.5532779857" "lglasso's bic is 11610.230913864" 
 [9] "lglasso's bic is 12085.7767048609" "lglasso's bic is 12548.8436246153"
[11] "lglasso's bic is 13498.2871575376" "lglasso's bic is 13996.6152098389"
[13] "lglasso's bic is 14554.9495124135" "lglasso's bic is 15128.2171494539"
[15] "lglasso's bic is 15582.6145979853" "lglasso's bic is 16328.5709117492"
[17] "lglasso's bic is 16933.0354870831" "lglasso's bic is 17382.486984272" 
[19] "lglasso's bic is 17830.7306571602" "lglasso's bic is 18328.8819120271"
[1] "The 24th simulation:"
[1] "two-community heter data are generated"
[1] "heter data are generated"
[1] "heter data are generated"
 [1] "lglasso's bic is 33970.0756741205" "lglasso's bic is 27423.8973553961"
 [3] "lglasso's bic is 22685.6585030578" "lglasso's bic is 19651.3201729638"
 [5] "lglasso's bic is 17909.8288941941" "lglasso's bic is 17151.0568826733"
 [7] "lglasso's bic is 16877.1166891365" "lglasso's bic is 16712.8694967389"
 [9] "lglasso's bic is 16783.8498333254" "lglasso's bic is 17147.4149094451"
[11] "lglasso's bic is 17404.1817825769" "lglasso's bic is 17685.034865536" 
[13] "lglasso's bic is 17890.7478384649" "lglasso's bic is 18104.5595264082"
[15] "lglasso's bic is 18325.7166140431" "lglasso's bic is 18577.0498593967"
[17] "lglasso's bic is 19539.9794253671" "lglasso's bic is 19794.3115574287"
[19] "lglasso's bic is 20015.2013183988" "lglasso's bic is 20240.5514008991"
[1] "The 25th simulation:"
[1] "two-community heter data are generated"
[1] "heter data are generated"
[1] "heter data are generated"
 [1] "lglasso's bic is 42768.9862402735" "lglasso's bic is 36312.7393195939"
 [3] "lglasso's bic is 31265.9241268876" "lglasso's bic is 29740.1048960441"
 [5] "lglasso's bic is 27794.4841790183" "lglasso's bic is 26752.7755975411"
 [7] "lglasso's bic is 26212.4913925404" "lglasso's bic is 25916.9132805632"
 [9] "lglasso's bic is 25912.1054594971" "lglasso's bic is 25994.2895248987"
[11] "lglasso's bic is 26134.0323079524" "lglasso's bic is 26336.121218842" 
[13] "lglasso's bic is 26726.004793048"  "lglasso's bic is 26928.5765607477"
[15] "lglasso's bic is 27121.6893832155" "lglasso's bic is 27330.7299238854"
[17] "lglasso's bic is 27600.143012546"  "lglasso's bic is 27998.2055261804"
[19] "lglasso's bic is 28338.5967318771" "lglasso's bic is 28624.3566346318"
[1] "The 26th simulation:"
[1] "two-community heter data are generated"
[1] "heter data are generated"
[1] "heter data are generated"
 [1] "lglasso's bic is 39947.9573429251" "lglasso's bic is 33520.6530651929"
 [3] "lglasso's bic is 28899.0789899491" "lglasso's bic is 25897.6443270203"
 [5] "lglasso's bic is 23995.3747068288" "lglasso's bic is 23327.5641035447"
 [7] "lglasso's bic is 23110.4421691651" "lglasso's bic is 23104.3477427493"
 [9] "lglasso's bic is 23150.7421547334" "lglasso's bic is 23246.0406716489"
[11] "lglasso's bic is 23407.9448966713" "lglasso's bic is 23613.6096272646"
[13] "lglasso's bic is 23841.9434070113" "lglasso's bic is 24062.1283282542"
[15] "lglasso's bic is 24338.1584379765" "lglasso's bic is 24567.7007137502"
[17] "lglasso's bic is 24822.7736740096" "lglasso's bic is 25082.4843724312"
[19] "lglasso's bic is 25555.0735403497" "lglasso's bic is 25836.7998031182"
[1] "The 27th simulation:"
[1] "two-community heter data are generated"
[1] "heter data are generated"
[1] "heter data are generated"
 [1] "lglasso's bic is 39617.5383360639" "lglasso's bic is 33150.5334915856"
 [3] "lglasso's bic is 28457.10272396"   "lglasso's bic is 25291.0601767292"
 [5] "lglasso's bic is 23552.8155730707" "lglasso's bic is 22574.2028377854"
 [7] "lglasso's bic is 22247.7402982789" "lglasso's bic is 22299.3170228579"
 [9] "lglasso's bic is 22325.531787369"  "lglasso's bic is 22551.1458940793"
[11] "lglasso's bic is 22714.4356386727" "lglasso's bic is 22878.5867051432"
[13] "lglasso's bic is 23041.4136428063" "lglasso's bic is 23221.4072190891"
[15] "lglasso's bic is 23470.7968203709" "lglasso's bic is 23741.3510002083"
[17] "lglasso's bic is 23981.5917615494" "lglasso's bic is 24346.6358596222"
[19] "lglasso's bic is 24582.4994072167" "lglasso's bic is 24823.8697395048"
[1] "The 28th simulation:"
[1] "two-community heter data are generated"
[1] "heter data are generated"
[1] "heter data are generated"
 [1] "lglasso's bic is 41795.3671593171" "lglasso's bic is 35076.5467716892"
 [3] "lglasso's bic is 30668.0195631991" "lglasso's bic is 27444.7627237073"
 [5] "lglasso's bic is 25592.672865348"  "lglasso's bic is 24735.449860587" 
 [7] "lglasso's bic is 24406.6644633968" "lglasso's bic is 24561.4061909739"
 [9] "lglasso's bic is 24577.2390611437" "lglasso's bic is 24759.581271604" 
[11] "lglasso's bic is 24907.7174574714" "lglasso's bic is 25375.9948064654"
[13] "lglasso's bic is 25563.1202508482" "lglasso's bic is 25876.0646340049"
[15] "lglasso's bic is 26087.9961157944" "lglasso's bic is 26279.816304985" 
[17] "lglasso's bic is 26536.638119786"  "lglasso's bic is 26919.351043845" 
[19] "lglasso's bic is 27149.5107364775" "lglasso's bic is 27356.8403340601"
[1] "The 29th simulation:"
[1] "two-community heter data are generated"
[1] "heter data are generated"
[1] "heter data are generated"
 [1] "lglasso's bic is 38929.1190285167" "lglasso's bic is 32606.5067710864"
 [3] "lglasso's bic is 27760.3720989385" "lglasso's bic is 24619.0199507157"
 [5] "lglasso's bic is 22964.5927500047" "lglasso's bic is 22270.4088719007"
 [7] "lglasso's bic is 21797.236376738"  "lglasso's bic is 21719.4741750179"
 [9] "lglasso's bic is 21815.1184704172" "lglasso's bic is 22017.7298939257"
[11] "lglasso's bic is 22323.5016570964" "lglasso's bic is 22549.1762246675"
[13] "lglasso's bic is 22909.412905099"  "lglasso's bic is 23174.8593048456"
[15] "lglasso's bic is 23755.3379229681" "lglasso's bic is 24806.106639588" 
[17] "lglasso's bic is 25277.7896573054" "lglasso's bic is 25560.9093511043"
[19] "lglasso's bic is 25893.8534592197" "lglasso's bic is 26185.0342255668"
[1] "The 30th simulation:"
[1] "two-community heter data are generated"
[1] "heter data are generated"
[1] "heter data are generated"
 [1] "lglasso's bic is 39977.0924684607" "lglasso's bic is 33568.7030359996"
 [3] "lglasso's bic is 28993.8781259852" "lglasso's bic is 25968.9908097369"
 [5] "lglasso's bic is 24165.1891309127" "lglasso's bic is 23269.2625728606"
 [7] "lglasso's bic is 22902.8295488798" "lglasso's bic is 22852.7843550143"
 [9] "lglasso's bic is 22892.5560162612" "lglasso's bic is 23085.8029632434"
[11] "lglasso's bic is 23289.2459196928" "lglasso's bic is 24415.0890023456"
[13] "lglasso's bic is 24628.0631921704" "lglasso's bic is 24844.5687563806"
[15] "lglasso's bic is 25061.3243159907" "lglasso's bic is 25434.9901332439"
[17] "lglasso's bic is 25666.5827692987" "lglasso's bic is 25935.1355328969"
[19] "lglasso's bic is 26684.222492918"  "lglasso's bic is 26924.6533733973"
[1] "The 31th simulation:"
[1] "two-community heter data are generated"
[1] "heter data are generated"
[1] "heter data are generated"
 [1] "lglasso's bic is 42515.3924795791" "lglasso's bic is 36133.7248283611"
 [3] "lglasso's bic is 31641.0796250972" "lglasso's bic is 28679.1493809829"
 [5] "lglasso's bic is 26941.9849439091" "lglasso's bic is 25882.7271574954"
 [7] "lglasso's bic is 25519.3274914662" "lglasso's bic is 25482.5720663413"
 [9] "lglasso's bic is 25556.2393336229" "lglasso's bic is 25742.9344233347"
[11] "lglasso's bic is 25964.9777826046" "lglasso's bic is 26266.2995546647"
[13] "lglasso's bic is 26673.9599962177" "lglasso's bic is 27022.3124340077"
[15] "lglasso's bic is 27258.703853594"  "lglasso's bic is 27541.4699699072"
[17] "lglasso's bic is 27785.2821716698" "lglasso's bic is 28116.426341609" 
[19] "lglasso's bic is 28605.6540674644" "lglasso's bic is 29028.2428402364"
[1] "The 32th simulation:"
[1] "two-community heter data are generated"
[1] "heter data are generated"
[1] "heter data are generated"
 [1] "lglasso's bic is 32767.8695771004" "lglasso's bic is 26257.6157996816"
 [3] "lglasso's bic is 21531.869617491"  "lglasso's bic is 18525.6114790107"
 [5] "lglasso's bic is 16852.3617013827" "lglasso's bic is 16156.2593486266"
 [7] "lglasso's bic is 16575.7360208378" "lglasso's bic is 16561.9864121698"
 [9] "lglasso's bic is 16566.7741963124" "lglasso's bic is 16715.3329721307"
[11] "lglasso's bic is 16838.7072848426" "lglasso's bic is 17033.2154691265"
[13] "lglasso's bic is 17299.4717660205" "lglasso's bic is 17496.5923661335"
[15] "lglasso's bic is 17792.2337979703" "lglasso's bic is 18873.3261526219"
[17] "lglasso's bic is 19093.4290973452" "lglasso's bic is 19287.8950761738"
[19] "lglasso's bic is 19486.4081229365" "lglasso's bic is 19678.7312562899"
[1] "The 33th simulation:"
[1] "two-community heter data are generated"
[1] "heter data are generated"
[1] "heter data are generated"
 [1] "lglasso's bic is 31910.5588068384" "lglasso's bic is 24962.1048175975"
 [3] "lglasso's bic is 20616.352145427"  "lglasso's bic is 17810.8395188979"
 [5] "lglasso's bic is 16068.7522484061" "lglasso's bic is 15132.3014174073"
 [7] "lglasso's bic is 15069.4469295713" "lglasso's bic is 15095.5586909512"
 [9] "lglasso's bic is 15677.9389403722" "lglasso's bic is 15845.9133741878"
[11] "lglasso's bic is 16128.1893901203" "lglasso's bic is 16414.347037944" 
[13] "lglasso's bic is 16687.410739308"  "lglasso's bic is 16941.1610074952"
[15] "lglasso's bic is 17339.3177874932" "lglasso's bic is 17696.6413107137"
[17] "lglasso's bic is 18035.9879578848" "lglasso's bic is 18373.497839644" 
[19] "lglasso's bic is 18980.2769791192" "lglasso's bic is 19531.3372153107"
[1] "The 34th simulation:"
[1] "two-community heter data are generated"
[1] "heter data are generated"
[1] "heter data are generated"
 [1] "lglasso's bic is 35373.3784271118" "lglasso's bic is 29318.5957720817"
 [3] "lglasso's bic is 24664.1298388263" "lglasso's bic is 21760.9644001805"
 [5] "lglasso's bic is 20085.79102917"   "lglasso's bic is 19242.2176118333"
 [7] "lglasso's bic is 19037.9670754314" "lglasso's bic is 19119.9432508033"
 [9] "lglasso's bic is 19373.2866777134" "lglasso's bic is 19597.059774636" 
[11] "lglasso's bic is 19925.5144997154" "lglasso's bic is 20202.5968767508"
[13] "lglasso's bic is 20604.1025242386" "lglasso's bic is 20959.3560499039"
[15] "lglasso's bic is 21286.6236372032" "lglasso's bic is 21804.5358924714"
[17] "lglasso's bic is 22086.2662032701" "lglasso's bic is 22632.236710839" 
[19] "lglasso's bic is 22911.6098020649" "lglasso's bic is 23374.1358451213"
[1] "The 35th simulation:"
[1] "two-community heter data are generated"
[1] "heter data are generated"
[1] "heter data are generated"
 [1] "lglasso's bic is 35669.8092951143" "lglasso's bic is 29111.1941259036"
 [3] "lglasso's bic is 24407.9972705219" "lglasso's bic is 21533.8602313531"
 [5] "lglasso's bic is 19796.0192485917" "lglasso's bic is 19215.3054343012"
 [7] "lglasso's bic is 18976.903283554"  "lglasso's bic is 18929.7214449996"
 [9] "lglasso's bic is 19260.4636852047" "lglasso's bic is 19922.5973591453"
[11] "lglasso's bic is 20223.9783523442" "lglasso's bic is 20600.2206599795"
[13] "lglasso's bic is 20848.5071814015" "lglasso's bic is 21111.2615770998"
[15] "lglasso's bic is 21413.2088669628" "lglasso's bic is 21742.7619635431"
[17] "lglasso's bic is 22176.0901450744" "lglasso's bic is 22449.532156357" 
[19] "lglasso's bic is 22727.1914462943" "lglasso's bic is 23012.9574284837"
[1] "The 36th simulation:"
[1] "two-community heter data are generated"
[1] "heter data are generated"
[1] "heter data are generated"
 [1] "lglasso's bic is 28075.3392787593" "lglasso's bic is 20825.2846945369"
 [3] "lglasso's bic is 16440.6269570654" "lglasso's bic is 13630.7259349069"
 [5] "lglasso's bic is 12122.4188419985" "lglasso's bic is 11321.4400511415"
 [7] "lglasso's bic is 11052.3437563327" "lglasso's bic is 11091.4176929342"
 [9] "lglasso's bic is 11369.2517118059" "lglasso's bic is 11602.5980022956"
[11] "lglasso's bic is 11853.2387624226" "lglasso's bic is 12345.4749152517"
[13] "lglasso's bic is 13114.5281707483" "lglasso's bic is 13589.585764412" 
[15] "lglasso's bic is 13961.4543560837" "lglasso's bic is 14222.3433343729"
[17] "lglasso's bic is 14478.6271002877" "lglasso's bic is 15124.6288076033"
[19] "lglasso's bic is 15431.5262112104" "lglasso's bic is 15892.745717646" 
[1] "The 37th simulation:"
[1] "two-community heter data are generated"
[1] "heter data are generated"
[1] "heter data are generated"
 [1] "lglasso's bic is 32232.4636516075" "lglasso's bic is 25947.3522181047"
 [3] "lglasso's bic is 21186.1586515435" "lglasso's bic is 17910.6680941772"
 [5] "lglasso's bic is 16153.6354870458" "lglasso's bic is 15331.4765789203"
 [7] "lglasso's bic is 15015.8570744107" "lglasso's bic is 14977.8146629351"
 [9] "lglasso's bic is 15203.4362738506" "lglasso's bic is 15393.8380341477"
[11] "lglasso's bic is 15705.3168738957" "lglasso's bic is 16068.4047931599"
[13] "lglasso's bic is 16345.9189887349" "lglasso's bic is 16644.5024632401"
[15] "lglasso's bic is 16868.5457970136" "lglasso's bic is 17264.9556836992"
[17] "lglasso's bic is 17651.2751664498" "lglasso's bic is 18227.9596687267"
[19] "lglasso's bic is 18472.4941423861" "lglasso's bic is 18901.4141480092"
[1] "The 38th simulation:"
[1] "two-community heter data are generated"
[1] "heter data are generated"
[1] "heter data are generated"
 [1] "lglasso's bic is 27504.7432051349" "lglasso's bic is 20482.4946748607"
 [3] "lglasso's bic is 16190.3496206562" "lglasso's bic is 13323.7443563464"
 [5] "lglasso's bic is 11901.4097006358" "lglasso's bic is 11225.5890588784"
 [7] "lglasso's bic is 10996.1368095678" "lglasso's bic is 10969.9206162189"
 [9] "lglasso's bic is 11100.8209004626" "lglasso's bic is 11316.0817568828"
[11] "lglasso's bic is 11542.0419696428" "lglasso's bic is 12249.733576519" 
[13] "lglasso's bic is 12514.7663173698" "lglasso's bic is 12902.9756277888"
[15] "lglasso's bic is 13317.9538007871" "lglasso's bic is 13564.9537469886"
[17] "lglasso's bic is 14278.7570885897" "lglasso's bic is 14544.8106644615"
[19] "lglasso's bic is 15007.7022652676" "lglasso's bic is 15352.0801803518"
[1] "The 39th simulation:"
[1] "two-community heter data are generated"
[1] "heter data are generated"
[1] "heter data are generated"
 [1] "lglasso's bic is 21665.4128750121" "lglasso's bic is 14270.0722211976"
 [3] "lglasso's bic is 10078.5617740523" "lglasso's bic is 7733.50524437631"
 [5] "lglasso's bic is 7113.08094236783" "lglasso's bic is 6718.07388879871"
 [7] "lglasso's bic is 6649.23216538543" "lglasso's bic is 6965.48483914592"
 [9] "lglasso's bic is 7494.64760361025" "lglasso's bic is 7908.55437920295"
[11] "lglasso's bic is 8378.97082883067" "lglasso's bic is 8975.49977576042"
[13] "lglasso's bic is 9460.56084007176" "lglasso's bic is 10151.7270283361"
[15] "lglasso's bic is 10997.1530213143" "lglasso's bic is 11701.9202623969"
[17] "lglasso's bic is 12463.2836743457" "lglasso's bic is 13251.5846398041"
[19] "lglasso's bic is 13725.2261666567" "lglasso's bic is 14172.621364147" 
[1] "The 40th simulation:"
[1] "two-community heter data are generated"
[1] "heter data are generated"
[1] "heter data are generated"
 [1] "lglasso's bic is 38908.8014169692" "lglasso's bic is 32854.6106947443"
 [3] "lglasso's bic is 28215.0832246648" "lglasso's bic is 24850.8246267668"
 [5] "lglasso's bic is 22790.0528763707" "lglasso's bic is 21794.1639244538"
 [7] "lglasso's bic is 21534.7876389169" "lglasso's bic is 21504.6329456658"
 [9] "lglasso's bic is 21546.5381458553" "lglasso's bic is 21847.9697244381"
[11] "lglasso's bic is 22273.9487734613" "lglasso's bic is 22442.8703711181"
[13] "lglasso's bic is 22622.7059840809" "lglasso's bic is 22802.83842167"  
[15] "lglasso's bic is 23125.3998094054" "lglasso's bic is 23303.9745362659"
[17] "lglasso's bic is 23493.5532451244" "lglasso's bic is 23973.6951805182"
[19] "lglasso's bic is 24561.6169932597" "lglasso's bic is 24779.4905969076"
[1] "The 41th simulation:"
[1] "two-community heter data are generated"
[1] "heter data are generated"
[1] "heter data are generated"
 [1] "lglasso's bic is 43597.2286834339" "lglasso's bic is 37024.4700646846"
 [3] "lglasso's bic is 32788.6880531176" "lglasso's bic is 29852.0193888734"
 [5] "lglasso's bic is 28275.9480702964" "lglasso's bic is 27459.9800828068"
 [7] "lglasso's bic is 27133.6451741813" "lglasso's bic is 27113.5170444557"
 [9] "lglasso's bic is 27308.9638459603" "lglasso's bic is 27610.3158593813"
[11] "lglasso's bic is 28206.8579916567" "lglasso's bic is 28476.7289809907"
[13] "lglasso's bic is 28860.4513078498" "lglasso's bic is 29151.3512237142"
[15] "lglasso's bic is 29493.6092830262" "lglasso's bic is 29775.4739768199"
[17] "lglasso's bic is 30118.1856910821" "lglasso's bic is 30406.5348856418"
[19] "lglasso's bic is 30698.3234992405" "lglasso's bic is 30993.1874508552"
[1] "The 42th simulation:"
[1] "two-community heter data are generated"
[1] "heter data are generated"
[1] "heter data are generated"
 [1] "lglasso's bic is 44102.759993472"  "lglasso's bic is 37829.9693253193"
 [3] "lglasso's bic is 33280.5057056808" "lglasso's bic is 30035.3893883667"
 [5] "lglasso's bic is 28027.0176816349" "lglasso's bic is 27043.6697162257"
 [7] "lglasso's bic is 26620.6516323136" "lglasso's bic is 26521.891511379" 
 [9] "lglasso's bic is 26709.9590919145" "lglasso's bic is 26834.7140300215"
[11] "lglasso's bic is 27053.5387801073" "lglasso's bic is 27187.8576684031"
[13] "lglasso's bic is 27350.0329528834" "lglasso's bic is 27520.1122754535"
[15] "lglasso's bic is 27697.5365609671" "lglasso's bic is 27880.6821354698"
[17] "lglasso's bic is 28314.8667691427" "lglasso's bic is 28793.3550218313"
[19] "lglasso's bic is 29499.8181735821" "lglasso's bic is 29707.3508035961"
[1] "The 43th simulation:"
[1] "two-community heter data are generated"
[1] "heter data are generated"
[1] "heter data are generated"
 [1] "lglasso's bic is 29299.7974982713" "lglasso's bic is 21531.7687713704"
 [3] "lglasso's bic is 16908.2790708187" "lglasso's bic is 14368.3582522848"
 [5] "lglasso's bic is 13776.2092446565" "lglasso's bic is 13228.2002967813"
 [7] "lglasso's bic is 12957.5213952114" "lglasso's bic is 13055.6243311623"
 [9] "lglasso's bic is 13363.6011338341" "lglasso's bic is 14225.2328923223"
[11] "lglasso's bic is 14540.719974972"  "lglasso's bic is 14824.3714839876"
[13] "lglasso's bic is 15474.0784689472" "lglasso's bic is 15773.2390920175"
[15] "lglasso's bic is 16172.7285896672" "lglasso's bic is 16655.3366625769"
[17] "lglasso's bic is 17158.5573203977" "lglasso's bic is 17568.9617765091"
[19] "lglasso's bic is 17878.8553795454" "lglasso's bic is 18389.9738707954"
[1] "The 44th simulation:"
[1] "two-community heter data are generated"
[1] "heter data are generated"
[1] "heter data are generated"
 [1] "lglasso's bic is 44392.2755478594" "lglasso's bic is 38048.3595322384"
 [3] "lglasso's bic is 33303.9604169854" "lglasso's bic is 30173.9846146192"
 [5] "lglasso's bic is 28178.0780214732" "lglasso's bic is 27215.8005570297"
 [7] "lglasso's bic is 26806.0700284757" "lglasso's bic is 26723.4944401188"
 [9] "lglasso's bic is 26817.2551448524" "lglasso's bic is 26961.0343170703"
[11] "lglasso's bic is 27456.5481403363" "lglasso's bic is 27626.8569946864"
[13] "lglasso's bic is 27772.9941053267" "lglasso's bic is 28037.3626948831"
[15] "lglasso's bic is 28477.9818547806" "lglasso's bic is 28647.4893861744"
[17] "lglasso's bic is 29037.9033429765" "lglasso's bic is 29222.9979397956"
[19] "lglasso's bic is 29463.4089984159" "lglasso's bic is 29653.0176120552"
[1] "The 45th simulation:"
[1] "two-community heter data are generated"
[1] "heter data are generated"
[1] "heter data are generated"
 [1] "lglasso's bic is 34454.7229302157" "lglasso's bic is 27595.0722540901"
 [3] "lglasso's bic is 23501.8314279993" "lglasso's bic is 20456.780805339" 
 [5] "lglasso's bic is 18643.8474829298" "lglasso's bic is 17797.0586921188"
 [7] "lglasso's bic is 17532.9701303795" "lglasso's bic is 17509.9492373454"
 [9] "lglasso's bic is 17640.9761255481" "lglasso's bic is 17940.1427335852"
[11] "lglasso's bic is 18262.5454839621" "lglasso's bic is 18679.0726874054"
[13] "lglasso's bic is 19074.3081345018" "lglasso's bic is 19423.1089096677"
[15] "lglasso's bic is 19634.2280586355" "lglasso's bic is 20478.4817983513"
[17] "lglasso's bic is 20737.1682182489" "lglasso's bic is 20963.3176755031"
[19] "lglasso's bic is 21227.2825195227" "lglasso's bic is 21641.1708267449"
[1] "The 46th simulation:"
[1] "two-community heter data are generated"
[1] "heter data are generated"
[1] "heter data are generated"
 [1] "lglasso's bic is 24096.8993555276" "lglasso's bic is 17217.7621332541"
 [3] "lglasso's bic is 12893.1542249408" "lglasso's bic is 9865.01777362075"
 [5] "lglasso's bic is 8142.91500204311" "lglasso's bic is 7388.07013129281"
 [7] "lglasso's bic is 7215.470266085"   "lglasso's bic is 7209.38940912095"
 [9] "lglasso's bic is 7442.25768805521" "lglasso's bic is 7652.13305642471"
[11] "lglasso's bic is 7895.41431875253" "lglasso's bic is 8249.90576130945"
[13] "lglasso's bic is 8558.41933672782" "lglasso's bic is 8839.08849982968"
[15] "lglasso's bic is 9136.36066586772" "lglasso's bic is 10331.7921595432"
[17] "lglasso's bic is 10604.3412839875" "lglasso's bic is 10922.3735282972"
[19] "lglasso's bic is 11225.461787342"  "lglasso's bic is 11535.9668393361"
[1] "The 47th simulation:"
[1] "two-community heter data are generated"
[1] "heter data are generated"
[1] "heter data are generated"
 [1] "lglasso's bic is 33673.7111309534" "lglasso's bic is 26565.9783873287"
 [3] "lglasso's bic is 21969.1325825659" "lglasso's bic is 19184.8372279318"
 [5] "lglasso's bic is 17553.2515756087" "lglasso's bic is 16837.783068796" 
 [7] "lglasso's bic is 16614.5054853775" "lglasso's bic is 16631.0106872148"
 [9] "lglasso's bic is 16944.188823335"  "lglasso's bic is 17458.665544213" 
[11] "lglasso's bic is 17686.8577733089" "lglasso's bic is 17961.7209189185"
[13] "lglasso's bic is 18525.9969480261" "lglasso's bic is 18754.7966627972"
[15] "lglasso's bic is 19069.1661715579" "lglasso's bic is 19314.1185501646"
[17] "lglasso's bic is 19710.7714652427" "lglasso's bic is 20199.9320673659"
[19] "lglasso's bic is 20462.468870255"  "lglasso's bic is 20745.4673315871"
[1] "The 48th simulation:"
[1] "two-community heter data are generated"
[1] "heter data are generated"
[1] "heter data are generated"
 [1] "lglasso's bic is 27662.3182622369" "lglasso's bic is 20817.1179342939"
 [3] "lglasso's bic is 16575.23939717"   "lglasso's bic is 14162.7206946066"
 [5] "lglasso's bic is 12715.0896172623" "lglasso's bic is 12248.2818531173"
 [7] "lglasso's bic is 11788.1008760599" "lglasso's bic is 11865.0791351784"
 [9] "lglasso's bic is 12157.8683154352" "lglasso's bic is 12431.3362337992"
[11] "lglasso's bic is 12727.2442523233" "lglasso's bic is 12986.7584468532"
[13] "lglasso's bic is 13329.6010083452" "lglasso's bic is 13810.0521818718"
[15] "lglasso's bic is 14444.6060266073" "lglasso's bic is 14755.4818330513"
[17] "lglasso's bic is 15096.1557771908" "lglasso's bic is 15398.7913151191"
[19] "lglasso's bic is 15785.9065823024" "lglasso's bic is 16252.0046348021"
[1] "The 49th simulation:"
[1] "two-community heter data are generated"
[1] "heter data are generated"
[1] "heter data are generated"
 [1] "lglasso's bic is 35363.3556653566" "lglasso's bic is 28867.1043091799"
 [3] "lglasso's bic is 24382.2579940759" "lglasso's bic is 21136.4095881621"
 [5] "lglasso's bic is 19378.031146321"  "lglasso's bic is 18391.1001050166"
 [7] "lglasso's bic is 18232.9170353084" "lglasso's bic is 18115.9323228391"
 [9] "lglasso's bic is 18269.4609849595" "lglasso's bic is 18436.3925172287"
[11] "lglasso's bic is 18559.9492072228" "lglasso's bic is 18726.1698168176"
[13] "lglasso's bic is 19046.1043946399" "lglasso's bic is 19381.7171906507"
[15] "lglasso's bic is 19594.4207732738" "lglasso's bic is 20221.8712383843"
[17] "lglasso's bic is 20391.9837598694" "lglasso's bic is 20557.9561444881"
[19] "lglasso's bic is 20735.6057899872" "lglasso's bic is 20991.5277875466"
[1] "The 50th simulation:"
[1] "two-community heter data are generated"
[1] "heter data are generated"
[1] "heter data are generated"
 [1] "lglasso's bic is 30022.006568415"  "lglasso's bic is 23226.3616085791"
 [3] "lglasso's bic is 18702.4375980867" "lglasso's bic is 16189.04701784"  
 [5] "lglasso's bic is 14669.3642774512" "lglasso's bic is 13924.4747535671"
 [7] "lglasso's bic is 13977.0325812653" "lglasso's bic is 13927.5235166531"
 [9] "lglasso's bic is 14094.9380263666" "lglasso's bic is 14378.5817561355"
[11] "lglasso's bic is 14614.4307431503" "lglasso's bic is 14882.0774629372"
[13] "lglasso's bic is 15172.0992976566" "lglasso's bic is 15507.700422796" 
[15] "lglasso's bic is 15805.0762048659" "lglasso's bic is 16128.2159254561"
[17] "lglasso's bic is 16434.7378921594" "lglasso's bic is 16797.0033986123"
[19] "lglasso's bic is 17392.2967465853" "lglasso's bic is 18367.4598722132"
There were 50 or more warnings (use warnings() to see the first 50)
> save(simures,file="subject=40_time=30_uu2=0.3.Rd")
> q("no")
> proc.time()
     user    system   elapsed 
63029.670   112.913 67477.273 
