
R version 4.1.2 (2021-11-01) -- "Bird Hippie"
Copyright (C) 2021 The R Foundation for Statistical Computing
Platform: x86_64-pc-linux-gnu (64-bit)

R is free software and comes with ABSOLUTELY NO WARRANTY.
You are welcome to redistribute it under certain conditions.
Type 'license()' or 'licence()' for distribution details.

  Natural language support but running in an English locale

R is a collaborative project with many contributors.
Type 'contributors()' for more information and
'citation()' on how to cite R or R packages in publications.

Type 'demo()' for some demos, 'help()' for on-line help, or
'help.start()' for an HTML browser interface to help.
Type 'q()' to quit R.

> library("lglasso")
> library("glasso")
> library("BDgraph")
> library("GGMselect")
Loading required package: mvtnorm

Attaching package: 'mvtnorm'

The following object is masked from 'package:BDgraph':

    rmvnorm

> library("Matrix")
> m=20
> n=20
> uu2=0.3
> Nsim=50
> rho=vector("list",5)
> rho[[1]]=seq(0.001,0.3,length=20)
> rho[[2]]=seq(0.001,0.3,length=20)
> rho[[3]]=seq(0.001,0.3,length=20)
> rho[[4]]=seq(0.00001,0.1,length=10)
> rho[[5]]=seq(0.00001,0.1,length=10)
> set.seed(m+n+uu2)
> simures=power_compare1(m=m,n=n,p=80,coe=c(2,0,0),l=Nsim,rho=rho,prob=0.01,heter=T,community2=T,uu=c(0.1,uu2),zirate=c(0.2, 0.8))
[1] "The 1th simulation:"
[1] "two-community heter data are generated"
[1] "heter data are generated"
[1] "heter data are generated"
 [1] "lglasso's bic is 20979.8845232247" "lglasso's bic is 17794.3816734665"
 [3] "lglasso's bic is 15428.1200775718" "lglasso's bic is 13248.058954825" 
 [5] "lglasso's bic is 11698.3142402574" "lglasso's bic is 10413.3717820635"
 [7] "lglasso's bic is 9575.27612431256" "lglasso's bic is 8716.89894204324"
 [9] "lglasso's bic is 8132.94030128535" "lglasso's bic is 7734.32593863062"
[11] "lglasso's bic is 7509.52397447679" "lglasso's bic is 7349.55773189159"
[13] "lglasso's bic is 7337.75390790058" "lglasso's bic is 7446.75275889254"
[15] "lglasso's bic is 7452.55074455827" "lglasso's bic is 7450.10722765401"
[17] "lglasso's bic is 7465.36154741773" "lglasso's bic is 7547.32063509752"
[19] "lglasso's bic is 7721.56683526052" "lglasso's bic is 7774.73068309836"
[1] "The 2th simulation:"
[1] "two-community heter data are generated"
[1] "heter data are generated"
[1] "heter data are generated"
 [1] "lglasso's bic is 18413.5034606429" "lglasso's bic is 14373.478305695" 
 [3] "lglasso's bic is 11567.7687040681" "lglasso's bic is 9619.97714794392"
 [5] "lglasso's bic is 8010.92672281591" "lglasso's bic is 7102.88033418266"
 [7] "lglasso's bic is 6325.64552148423" "lglasso's bic is 5812.24088011974"
 [9] "lglasso's bic is 5475.97548207604" "lglasso's bic is 5356.7325354296" 
[11] "lglasso's bic is 5255.22796439928" "lglasso's bic is 5358.22910732379"
[13] "lglasso's bic is 5423.67306453067" "lglasso's bic is 5591.84315451149"
[15] "lglasso's bic is 5685.74434846394" "lglasso's bic is 5817.46256555529"
[17] "lglasso's bic is 5951.6654453488"  "lglasso's bic is 6121.06948041704"
[19] "lglasso's bic is 6273.95782673778" "lglasso's bic is 6461.14447268646"
[1] "The 3th simulation:"
[1] "two-community heter data are generated"
[1] "heter data are generated"
[1] "heter data are generated"
 [1] "lglasso's bic is 17736.7935420957" "lglasso's bic is 14420.5481047067"
 [3] "lglasso's bic is 11591.5458270471" "lglasso's bic is 9471.34326723732"
 [5] "lglasso's bic is 7833.96440788087" "lglasso's bic is 6597.56221988908"
 [7] "lglasso's bic is 5534.211056388"   "lglasso's bic is 4691.13458102873"
 [9] "lglasso's bic is 4202.23539464321" "lglasso's bic is 4002.23664736817"
[11] "lglasso's bic is 4044.25123407408" "lglasso's bic is 3997.39920394247"
[13] "lglasso's bic is 3990.30088950365" "lglasso's bic is 3963.82701112259"
[15] "lglasso's bic is 4025.65698876924" "lglasso's bic is 4088.87703551252"
[17] "lglasso's bic is 4203.3267373665"  "lglasso's bic is 4306.71284034396"
[19] "lglasso's bic is 4399.58335781016" "lglasso's bic is 4480.37969822069"
[1] "The 4th simulation:"
[1] "two-community heter data are generated"
[1] "heter data are generated"
[1] "heter data are generated"
 [1] "lglasso's bic is 20237.7148040072" "lglasso's bic is 16903.3323081393"
 [3] "lglasso's bic is 14100.1296783253" "lglasso's bic is 11789.4502659211"
 [5] "lglasso's bic is 10344.4886381888" "lglasso's bic is 9118.96741835709"
 [7] "lglasso's bic is 8148.48052974709" "lglasso's bic is 7520.52174893294"
 [9] "lglasso's bic is 6932.44639891642" "lglasso's bic is 6788.09712940301"
[11] "lglasso's bic is 6667.97472181923" "lglasso's bic is 6582.76088315184"
[13] "lglasso's bic is 6511.18457005874" "lglasso's bic is 6498.63918219958"
[15] "lglasso's bic is 7010.31786556758" "lglasso's bic is 7037.7048701302" 
[17] "lglasso's bic is 7259.23926191694" "lglasso's bic is 7310.00359629848"
[19] "lglasso's bic is 7376.36639960439" "lglasso's bic is 7441.57504457049"
[1] "The 5th simulation:"
[1] "two-community heter data are generated"
[1] "heter data are generated"
[1] "heter data are generated"
 [1] "lglasso's bic is 22173.6778030788" "lglasso's bic is 18701.9654572548"
 [3] "lglasso's bic is 16195.2787439457" "lglasso's bic is 14234.7905143276"
 [5] "lglasso's bic is 12668.457883582"  "lglasso's bic is 11182.8628029539"
 [7] "lglasso's bic is 10148.9706423178" "lglasso's bic is 9524.84437015027"
 [9] "lglasso's bic is 9131.15706062694" "lglasso's bic is 8743.80051807158"
[11] "lglasso's bic is 8596.66106976456" "lglasso's bic is 8435.76275766495"
[13] "lglasso's bic is 8585.28782073754" "lglasso's bic is 8543.74334639556"
[15] "lglasso's bic is 8542.18102600402" "lglasso's bic is 8595.09731672351"
[17] "lglasso's bic is 8756.82122494566" "lglasso's bic is 8804.90185326352"
[19] "lglasso's bic is 8924.0524772316"  "lglasso's bic is 9177.82164390895"
[1] "The 6th simulation:"
[1] "two-community heter data are generated"
[1] "heter data are generated"
[1] "heter data are generated"
 [1] "lglasso's bic is 23777.9864141514" "lglasso's bic is 20342.1395061702"
 [3] "lglasso's bic is 17816.7571472772" "lglasso's bic is 15823.8822698475"
 [5] "lglasso's bic is 14071.1372844057" "lglasso's bic is 12741.3134129756"
 [7] "lglasso's bic is 11731.4667902315" "lglasso's bic is 11088.2982020018"
 [9] "lglasso's bic is 10609.9876796341" "lglasso's bic is 10255.6622839003"
[11] "lglasso's bic is 10059.8479974215" "lglasso's bic is 9967.6858249858" 
[13] "lglasso's bic is 9924.1362419528"  "lglasso's bic is 9909.28439741728"
[15] "lglasso's bic is 9940.53462737852" "lglasso's bic is 10021.1676611833"
[17] "lglasso's bic is 10076.2909367278" "lglasso's bic is 10237.7124176783"
[19] "lglasso's bic is 10305.3080759952" "lglasso's bic is 10420.1344936236"
[1] "The 7th simulation:"
[1] "two-community heter data are generated"
[1] "heter data are generated"
[1] "heter data are generated"
 [1] "lglasso's bic is 17994.3696058024" "lglasso's bic is 14014.9223917522"
 [3] "lglasso's bic is 11447.5013659358" "lglasso's bic is 9537.5590267758" 
 [5] "lglasso's bic is 7958.16343911628" "lglasso's bic is 7030.65814808095"
 [7] "lglasso's bic is 6430.25707000568" "lglasso's bic is 5822.13942152549"
 [9] "lglasso's bic is 5721.36425271479" "lglasso's bic is 5481.7736947257" 
[11] "lglasso's bic is 5461.17628965009" "lglasso's bic is 5397.70067529441"
[13] "lglasso's bic is 5444.71012448598" "lglasso's bic is 5485.73408696071"
[15] "lglasso's bic is 5561.85196958598" "lglasso's bic is 5677.03544723272"
[17] "lglasso's bic is 5824.89929470407" "lglasso's bic is 5939.38954319526"
[19] "lglasso's bic is 6069.90224124738" "lglasso's bic is 6206.37489710497"
[1] "The 8th simulation:"
[1] "two-community heter data are generated"
[1] "heter data are generated"
[1] "heter data are generated"
 [1] "lglasso's bic is 12139.603868402"   "lglasso's bic is 8001.56876447985" 
 [3] "lglasso's bic is 5029.88552536893"  "lglasso's bic is 3080.03027014565" 
 [5] "lglasso's bic is 1595.58343811653"  "lglasso's bic is 573.093716304933" 
 [7] "lglasso's bic is -337.057740855525" "lglasso's bic is -822.751926935264"
 [9] "lglasso's bic is -1174.71518985674" "lglasso's bic is -1349.63592113448"
[11] "lglasso's bic is -1361.94198951159" "lglasso's bic is -1329.25334106446"
[13] "lglasso's bic is -1333.47291877168" "lglasso's bic is -1238.95222527675"
[15] "lglasso's bic is -1151.17347098456" "lglasso's bic is -1020.31834785086"
[17] "lglasso's bic is -894.770105060014" "lglasso's bic is -774.028590357637"
[19] "lglasso's bic is -584.210966279708" "lglasso's bic is -467.003462011636"
[1] "The 9th simulation:"
[1] "two-community heter data are generated"
[1] "heter data are generated"
[1] "heter data are generated"
 [1] "lglasso's bic is 18206.4696688539" "lglasso's bic is 14485.2485092214"
 [3] "lglasso's bic is 11529.9321506621" "lglasso's bic is 9317.33491018163"
 [5] "lglasso's bic is 7640.52916120708" "lglasso's bic is 6280.66766690098"
 [7] "lglasso's bic is 5430.80916290601" "lglasso's bic is 4838.46784273168"
 [9] "lglasso's bic is 4812.15409007687" "lglasso's bic is 4589.05581610347"
[11] "lglasso's bic is 4439.83991227041" "lglasso's bic is 4412.38696375387"
[13] "lglasso's bic is 4438.4990151604"  "lglasso's bic is 4499.18418301673"
[15] "lglasso's bic is 4660.16284036039" "lglasso's bic is 4720.60457009433"
[17] "lglasso's bic is 4830.46204996908" "lglasso's bic is 4997.19657283042"
[19] "lglasso's bic is 5084.69540188414" "lglasso's bic is 5179.37943420031"
[1] "The 10th simulation:"
[1] "two-community heter data are generated"
[1] "heter data are generated"
[1] "heter data are generated"
 [1] "lglasso's bic is 21092.102127286"  "lglasso's bic is 17778.3811655557"
 [3] "lglasso's bic is 15022.7206447716" "lglasso's bic is 13097.0649202211"
 [5] "lglasso's bic is 11405.891841221"  "lglasso's bic is 10064.9931965911"
 [7] "lglasso's bic is 8974.63027234969" "lglasso's bic is 8161.44616081631"
 [9] "lglasso's bic is 7632.45949568211" "lglasso's bic is 7262.29674307897"
[11] "lglasso's bic is 7121.36917846286" "lglasso's bic is 7027.65812714089"
[13] "lglasso's bic is 7044.82520270093" "lglasso's bic is 7044.6034636046" 
[15] "lglasso's bic is 7063.91746736535" "lglasso's bic is 7087.55304288638"
[17] "lglasso's bic is 7150.99919403342" "lglasso's bic is 7232.39012690071"
[19] "lglasso's bic is 7319.69009532451" "lglasso's bic is 7386.04311999216"
[1] "The 11th simulation:"
[1] "two-community heter data are generated"
[1] "heter data are generated"
[1] "heter data are generated"
 [1] "lglasso's bic is 14954.2027355405" "lglasso's bic is 10918.9512694507"
 [3] "lglasso's bic is 8006.01635407716" "lglasso's bic is 5944.59957409713"
 [5] "lglasso's bic is 4500.04750796151" "lglasso's bic is 3288.66232589476"
 [7] "lglasso's bic is 2608.44918402045" "lglasso's bic is 2050.83369264631"
 [9] "lglasso's bic is 1855.83117129216" "lglasso's bic is 1657.97287184688"
[11] "lglasso's bic is 1544.76607214202" "lglasso's bic is 1602.76201645625"
[13] "lglasso's bic is 1664.76537497283" "lglasso's bic is 1934.86517039471"
[15] "lglasso's bic is 2014.55705535773" "lglasso's bic is 2166.35096976662"
[17] "lglasso's bic is 2276.0063643218"  "lglasso's bic is 2389.85486743297"
[19] "lglasso's bic is 2501.36649610929" "lglasso's bic is 2658.92757083328"
[1] "The 12th simulation:"
[1] "two-community heter data are generated"
[1] "heter data are generated"
[1] "heter data are generated"
 [1] "lglasso's bic is 24035.1896248314" "lglasso's bic is 20870.2700442113"
 [3] "lglasso's bic is 18127.3764534921" "lglasso's bic is 15902.3871965909"
 [5] "lglasso's bic is 14312.9452285529" "lglasso's bic is 13039.2245853837"
 [7] "lglasso's bic is 11957.7764380571" "lglasso's bic is 11316.8208339736"
 [9] "lglasso's bic is 10760.0427091004" "lglasso's bic is 10466.2681693319"
[11] "lglasso's bic is 10274.0890062706" "lglasso's bic is 10199.3180505786"
[13] "lglasso's bic is 10167.768840321"  "lglasso's bic is 10201.2056950306"
[15] "lglasso's bic is 10235.3725233698" "lglasso's bic is 10302.866513517" 
[17] "lglasso's bic is 10418.9084669626" "lglasso's bic is 10555.2621278139"
[19] "lglasso's bic is 10735.8263275338" "lglasso's bic is 10804.1882478914"
[1] "The 13th simulation:"
[1] "two-community heter data are generated"
[1] "heter data are generated"
[1] "heter data are generated"
 [1] "lglasso's bic is 19761.7724706106" "lglasso's bic is 15763.6866955748"
 [3] "lglasso's bic is 12932.4887076732" "lglasso's bic is 10816.5678358256"
 [5] "lglasso's bic is 9307.58548567247" "lglasso's bic is 8154.88302190724"
 [7] "lglasso's bic is 7452.68856540412" "lglasso's bic is 6895.10722935766"
 [9] "lglasso's bic is 6570.66701250198" "lglasso's bic is 6337.370328265"  
[11] "lglasso's bic is 6233.67274264786" "lglasso's bic is 6388.28005443953"
[13] "lglasso's bic is 6411.17410328821" "lglasso's bic is 6476.03290053289"
[15] "lglasso's bic is 6561.08485958809" "lglasso's bic is 6664.17996484202"
[17] "lglasso's bic is 6781.21370855765" "lglasso's bic is 6904.06780388742"
[19] "lglasso's bic is 7224.65023171571" "lglasso's bic is 7335.5080021961" 
[1] "The 14th simulation:"
[1] "two-community heter data are generated"
[1] "heter data are generated"
[1] "heter data are generated"
 [1] "lglasso's bic is 19211.9706872752" "lglasso's bic is 15552.3338586067"
 [3] "lglasso's bic is 12786.0271932698" "lglasso's bic is 10262.1163636033"
 [5] "lglasso's bic is 8699.86144328504" "lglasso's bic is 7417.91882530895"
 [7] "lglasso's bic is 6516.59098400408" "lglasso's bic is 5987.90866222704"
 [9] "lglasso's bic is 5574.85958300126" "lglasso's bic is 5393.79249713644"
[11] "lglasso's bic is 5263.26040670311" "lglasso's bic is 5203.99706306967"
[13] "lglasso's bic is 5198.10279404178" "lglasso's bic is 5267.74485201982"
[15] "lglasso's bic is 5745.81999781247" "lglasso's bic is 5778.17129967996"
[17] "lglasso's bic is 5833.96315617574" "lglasso's bic is 6080.53968656521"
[19] "lglasso's bic is 6229.85308083168" "lglasso's bic is 6280.17179041768"
[1] "The 15th simulation:"
[1] "two-community heter data are generated"
[1] "heter data are generated"
[1] "heter data are generated"
 [1] "lglasso's bic is 18959.1880528432" "lglasso's bic is 15331.353387074" 
 [3] "lglasso's bic is 12518.2798766195" "lglasso's bic is 10458.8082108546"
 [5] "lglasso's bic is 8786.2186706176"  "lglasso's bic is 7597.89371566357"
 [7] "lglasso's bic is 6799.36101677599" "lglasso's bic is 6152.34644605566"
 [9] "lglasso's bic is 5774.98322478507" "lglasso's bic is 5545.97426400677"
[11] "lglasso's bic is 5396.81380262765" "lglasso's bic is 5387.59277742807"
[13] "lglasso's bic is 5351.97614138544" "lglasso's bic is 5394.95301371252"
[15] "lglasso's bic is 5440.77432230321" "lglasso's bic is 5961.84389350197"
[17] "lglasso's bic is 6065.31150590986" "lglasso's bic is 6153.64517679015"
[19] "lglasso's bic is 6246.12673068385" "lglasso's bic is 6326.03901812215"
[1] "The 16th simulation:"
[1] "two-community heter data are generated"
[1] "heter data are generated"
[1] "heter data are generated"
 [1] "lglasso's bic is 18213.7973235985" "lglasso's bic is 15695.4865185911"
 [3] "lglasso's bic is 13240.8071056534" "lglasso's bic is 11029.8394364318"
 [5] "lglasso's bic is 9295.67138048909" "lglasso's bic is 8443.25634954778"
 [7] "lglasso's bic is 7020.57496404019" "lglasso's bic is 6583.23890594706"
 [9] "lglasso's bic is 5825.49483796484" "lglasso's bic is 5360.78662299556"
[11] "lglasso's bic is 5044.90843673995" "lglasso's bic is 4724.01047085782"
[13] "lglasso's bic is 4628.14566027337" "lglasso's bic is 4635.70127111653"
[15] "lglasso's bic is 4591.58206558921" "lglasso's bic is 4587.72453916574"
[17] "lglasso's bic is 4619.44300229203" "lglasso's bic is 4669.20871902032"
[19] "lglasso's bic is 4724.65578031536" "lglasso's bic is 4761.66070871682"
[1] "The 17th simulation:"
[1] "two-community heter data are generated"
[1] "heter data are generated"
[1] "heter data are generated"
 [1] "lglasso's bic is 17724.7176010247" "lglasso's bic is 13957.4738928023"
 [3] "lglasso's bic is 11477.0743361493" "lglasso's bic is 10238.5656100938"
 [5] "lglasso's bic is 8745.36591194808" "lglasso's bic is 7499.90485328512"
 [7] "lglasso's bic is 6465.6450580541"  "lglasso's bic is 5708.53568690941"
 [9] "lglasso's bic is 5263.97292612865" "lglasso's bic is 5019.59168800799"
[11] "lglasso's bic is 4873.74385419687" "lglasso's bic is 4789.70886879726"
[13] "lglasso's bic is 4784.89143539961" "lglasso's bic is 4888.45088929454"
[15] "lglasso's bic is 4953.70442651076" "lglasso's bic is 5046.24202700622"
[17] "lglasso's bic is 5133.48851124772" "lglasso's bic is 5259.45587674104"
[19] "lglasso's bic is 5361.99136677841" "lglasso's bic is 5455.19178505722"
[1] "The 18th simulation:"
[1] "two-community heter data are generated"
[1] "heter data are generated"
[1] "heter data are generated"
 [1] "lglasso's bic is 20804.8781800864" "lglasso's bic is 17259.163488112" 
 [3] "lglasso's bic is 14709.7632582937" "lglasso's bic is 12491.1958157815"
 [5] "lglasso's bic is 10589.0422603333" "lglasso's bic is 9395.97344765342"
 [7] "lglasso's bic is 8614.7703424258"  "lglasso's bic is 7917.75955017622"
 [9] "lglasso's bic is 7487.4470731464"  "lglasso's bic is 7291.73835521535"
[11] "lglasso's bic is 7120.98743769199" "lglasso's bic is 7052.19467901848"
[13] "lglasso's bic is 7078.3739833781"  "lglasso's bic is 7115.93130026518"
[15] "lglasso's bic is 7179.79931190152" "lglasso's bic is 7304.60049966793"
[17] "lglasso's bic is 7493.18772722301" "lglasso's bic is 7584.35584063338"
[19] "lglasso's bic is 7671.10286656205" "lglasso's bic is 7745.62440927862"
[1] "The 19th simulation:"
[1] "two-community heter data are generated"
[1] "heter data are generated"
[1] "heter data are generated"
 [1] "lglasso's bic is 20246.0668718695" "lglasso's bic is 16669.7083957692"
 [3] "lglasso's bic is 13784.3168334412" "lglasso's bic is 11624.281780943" 
 [5] "lglasso's bic is 9961.05358904796" "lglasso's bic is 8785.34166702085"
 [7] "lglasso's bic is 7900.30879764129" "lglasso's bic is 7308.93054548932"
 [9] "lglasso's bic is 6943.19042924062" "lglasso's bic is 6749.82920912497"
[11] "lglasso's bic is 6623.31288984012" "lglasso's bic is 6682.14551138381"
[13] "lglasso's bic is 7140.50818108203" "lglasso's bic is 7269.92433285883"
[15] "lglasso's bic is 7297.61114774418" "lglasso's bic is 7342.3648909892" 
[17] "lglasso's bic is 7437.6044531333"  "lglasso's bic is 7527.73020146101"
[19] "lglasso's bic is 7689.62493382096" "lglasso's bic is 7772.74976200434"
[1] "The 20th simulation:"
[1] "two-community heter data are generated"
[1] "heter data are generated"
[1] "heter data are generated"
 [1] "lglasso's bic is 19305.5505199572" "lglasso's bic is 15823.1380037129"
 [3] "lglasso's bic is 13016.8076285629" "lglasso's bic is 10864.2509585916"
 [5] "lglasso's bic is 8968.59774889756" "lglasso's bic is 7859.45422699118"
 [7] "lglasso's bic is 6857.38801637416" "lglasso's bic is 6192.3114316234" 
 [9] "lglasso's bic is 5760.01014783051" "lglasso's bic is 5455.44190760526"
[11] "lglasso's bic is 5289.61046365169" "lglasso's bic is 5604.29183738837"
[13] "lglasso's bic is 5604.5895550722"  "lglasso's bic is 5582.95350394167"
[15] "lglasso's bic is 5620.92662325462" "lglasso's bic is 5663.06494559236"
[17] "lglasso's bic is 6073.43333923964" "lglasso's bic is 6170.89310634772"
[19] "lglasso's bic is 6207.02196476221" "lglasso's bic is 6246.40326222177"
[1] "The 21th simulation:"
[1] "two-community heter data are generated"
[1] "heter data are generated"
[1] "heter data are generated"
 [1] "lglasso's bic is 20205.206074587"  "lglasso's bic is 16354.4910126643"
 [3] "lglasso's bic is 13741.0162965197" "lglasso's bic is 11734.6800391501"
 [5] "lglasso's bic is 10076.1106200227" "lglasso's bic is 8996.94819165675"
 [7] "lglasso's bic is 8209.83714701051" "lglasso's bic is 7586.71371702219"
 [9] "lglasso's bic is 7174.68677724013" "lglasso's bic is 6965.8485595101" 
[11] "lglasso's bic is 6814.56563800806" "lglasso's bic is 6773.53358513071"
[13] "lglasso's bic is 6984.26241203761" "lglasso's bic is 7046.20234722114"
[15] "lglasso's bic is 7106.86178317477" "lglasso's bic is 7306.6204130686" 
[17] "lglasso's bic is 7401.18039583435" "lglasso's bic is 7513.52061622284"
[19] "lglasso's bic is 7626.58867811291" "lglasso's bic is 8434.07148207115"
[1] "The 22th simulation:"
[1] "two-community heter data are generated"
[1] "heter data are generated"
[1] "heter data are generated"
 [1] "lglasso's bic is 26248.4263102304" "lglasso's bic is 22890.627411201" 
 [3] "lglasso's bic is 20223.6844221768" "lglasso's bic is 18381.0071317803"
 [5] "lglasso's bic is 16620.257983076"  "lglasso's bic is 15102.4312933538"
 [7] "lglasso's bic is 14101.9593870454" "lglasso's bic is 13264.0950047274"
 [9] "lglasso's bic is 12803.2427115832" "lglasso's bic is 12519.2538564962"
[11] "lglasso's bic is 12306.0010496593" "lglasso's bic is 12163.8561225728"
[13] "lglasso's bic is 12075.4727848136" "lglasso's bic is 12054.0549212962"
[15] "lglasso's bic is 12075.3457459878" "lglasso's bic is 12096.8718343565"
[17] "lglasso's bic is 12466.0333388637" "lglasso's bic is 12496.3926485302"
[19] "lglasso's bic is 12560.0145932259" "lglasso's bic is 12613.6324042844"
[1] "The 23th simulation:"
[1] "two-community heter data are generated"
[1] "heter data are generated"
[1] "heter data are generated"
 [1] "lglasso's bic is 20766.9982232223" "lglasso's bic is 17257.2933694346"
 [3] "lglasso's bic is 14677.1078329075" "lglasso's bic is 12796.0886641178"
 [5] "lglasso's bic is 11038.1788166379" "lglasso's bic is 9581.26005871601"
 [7] "lglasso's bic is 8658.55443486289" "lglasso's bic is 7979.71258660433"
 [9] "lglasso's bic is 7452.22972772331" "lglasso's bic is 7201.44289841635"
[11] "lglasso's bic is 7059.60596522419" "lglasso's bic is 7045.47155962045"
[13] "lglasso's bic is 7075.32497308223" "lglasso's bic is 7105.35934268075"
[15] "lglasso's bic is 7154.76653520872" "lglasso's bic is 7217.49813161603"
[17] "lglasso's bic is 7327.54251230359" "lglasso's bic is 7479.7180858251" 
[19] "lglasso's bic is 7570.43198600018" "lglasso's bic is 7687.53940022674"
[1] "The 24th simulation:"
[1] "two-community heter data are generated"
[1] "heter data are generated"
[1] "heter data are generated"
 [1] "lglasso's bic is 15532.8531821487" "lglasso's bic is 11928.4649407562"
 [3] "lglasso's bic is 9166.90549159413" "lglasso's bic is 6777.98814920954"
 [5] "lglasso's bic is 5055.03286927798" "lglasso's bic is 3844.11091783296"
 [7] "lglasso's bic is 2996.51292974644" "lglasso's bic is 2995.63772483998"
 [9] "lglasso's bic is 2607.67941203181" "lglasso's bic is 2420.36679773339"
[11] "lglasso's bic is 2326.94896919342" "lglasso's bic is 2317.70520841896"
[13] "lglasso's bic is 2258.3835104633"  "lglasso's bic is 2333.5127010042" 
[15] "lglasso's bic is 2418.06067427127" "lglasso's bic is 2645.32853571273"
[17] "lglasso's bic is 2698.58364999373" "lglasso's bic is 2761.66755420793"
[19] "lglasso's bic is 2849.64923224652" "lglasso's bic is 2957.83123969928"
[1] "The 25th simulation:"
[1] "two-community heter data are generated"
[1] "heter data are generated"
[1] "heter data are generated"
 [1] "lglasso's bic is 23492.4316223177" "lglasso's bic is 20623.8958748813"
 [3] "lglasso's bic is 18039.6691264908" "lglasso's bic is 16072.2472899437"
 [5] "lglasso's bic is 14573.3477912986" "lglasso's bic is 13178.6634510512"
 [7] "lglasso's bic is 11948.6185764746" "lglasso's bic is 10956.7676753426"
 [9] "lglasso's bic is 10323.5711952731" "lglasso's bic is 9882.29167233767"
[11] "lglasso's bic is 9688.42967673918" "lglasso's bic is 9595.32628127786"
[13] "lglasso's bic is 9535.45291557306" "lglasso's bic is 9497.02366232996"
[15] "lglasso's bic is 9525.372153248"   "lglasso's bic is 9584.96127774005"
[17] "lglasso's bic is 9728.96170126966" "lglasso's bic is 9788.23782388785"
[19] "lglasso's bic is 9880.16463779905" "lglasso's bic is 9939.38281753654"
[1] "The 26th simulation:"
[1] "two-community heter data are generated"
[1] "heter data are generated"
[1] "heter data are generated"
 [1] "lglasso's bic is 18273.4576297009" "lglasso's bic is 14559.9667828685"
 [3] "lglasso's bic is 11449.6352418282" "lglasso's bic is 10120.8837834495"
 [5] "lglasso's bic is 8573.75228754099" "lglasso's bic is 7189.79835908431"
 [7] "lglasso's bic is 6243.95257078135" "lglasso's bic is 5539.83571616181"
 [9] "lglasso's bic is 5132.24501155876" "lglasso's bic is 4978.00756724865"
[11] "lglasso's bic is 4891.68191501168" "lglasso's bic is 5216.50742632996"
[13] "lglasso's bic is 5961.28375701751" "lglasso's bic is 5904.61856245058"
[15] "lglasso's bic is 5862.44996414126" "lglasso's bic is 5892.18431831412"
[17] "lglasso's bic is 5903.97015895203" "lglasso's bic is 6061.3396704734" 
[19] "lglasso's bic is 6099.75732568193" "lglasso's bic is 6171.47155965254"
[1] "The 27th simulation:"
[1] "two-community heter data are generated"
[1] "heter data are generated"
[1] "heter data are generated"
 [1] "lglasso's bic is 19637.9128284675" "lglasso's bic is 15491.4249068588"
 [3] "lglasso's bic is 12522.525865579"  "lglasso's bic is 10495.0556576106"
 [5] "lglasso's bic is 9092.74255879957" "lglasso's bic is 7837.30571417445"
 [7] "lglasso's bic is 7041.45646139341" "lglasso's bic is 6349.02117518328"
 [9] "lglasso's bic is 6061.79053784915" "lglasso's bic is 5889.01547500804"
[11] "lglasso's bic is 5916.04470394682" "lglasso's bic is 5927.59079675643"
[13] "lglasso's bic is 6170.54904411116" "lglasso's bic is 6190.49617466959"
[15] "lglasso's bic is 6234.57272031456" "lglasso's bic is 6330.18798154283"
[17] "lglasso's bic is 6445.16822823354" "lglasso's bic is 6540.79434088234"
[19] "lglasso's bic is 6713.62626169436" "lglasso's bic is 6831.57543911834"
[1] "The 28th simulation:"
[1] "two-community heter data are generated"
[1] "heter data are generated"
[1] "heter data are generated"
 [1] "lglasso's bic is 22392.7521951883" "lglasso's bic is 18764.2724339872"
 [3] "lglasso's bic is 15653.4184806212" "lglasso's bic is 13698.6359138405"
 [5] "lglasso's bic is 12171.4362506961" "lglasso's bic is 10824.7634827513"
 [7] "lglasso's bic is 9850.0731642626"  "lglasso's bic is 9327.65884469601"
 [9] "lglasso's bic is 8903.53352848799" "lglasso's bic is 8680.26141809748"
[11] "lglasso's bic is 8573.5712257368"  "lglasso's bic is 8514.76144980043"
[13] "lglasso's bic is 8505.30781830761" "lglasso's bic is 8529.61545659346"
[15] "lglasso's bic is 8568.38287380531" "lglasso's bic is 8631.25123782587"
[17] "lglasso's bic is 8743.62784934846" "lglasso's bic is 8837.93570715669"
[19] "lglasso's bic is 8964.77900872024" "lglasso's bic is 9050.33760896032"
[1] "The 29th simulation:"
[1] "two-community heter data are generated"
[1] "heter data are generated"
[1] "heter data are generated"
 [1] "lglasso's bic is 20975.4120724097" "lglasso's bic is 17459.3433028211"
 [3] "lglasso's bic is 14518.0245617596" "lglasso's bic is 12356.633782294" 
 [5] "lglasso's bic is 10747.3465670625" "lglasso's bic is 9281.69010037323"
 [7] "lglasso's bic is 8346.37362905718" "lglasso's bic is 7663.11579044224"
 [9] "lglasso's bic is 7304.26515455899" "lglasso's bic is 6989.27203608465"
[11] "lglasso's bic is 6897.26136051066" "lglasso's bic is 7017.99967523464"
[13] "lglasso's bic is 7158.0444973087"  "lglasso's bic is 7271.67602479149"
[15] "lglasso's bic is 7289.24562617281" "lglasso's bic is 7565.8278033496" 
[17] "lglasso's bic is 7663.21856883894" "lglasso's bic is 7722.51713787997"
[19] "lglasso's bic is 7813.29099611355" "lglasso's bic is 7881.54177792349"
[1] "The 30th simulation:"
[1] "two-community heter data are generated"
[1] "heter data are generated"
[1] "heter data are generated"
 [1] "lglasso's bic is 20477.4654655882" "lglasso's bic is 16759.9118900506"
 [3] "lglasso's bic is 14484.8655073566" "lglasso's bic is 12529.6305894588"
 [5] "lglasso's bic is 10664.2351155479" "lglasso's bic is 9260.08463111521"
 [7] "lglasso's bic is 8112.9129354931"  "lglasso's bic is 7423.96479329661"
 [9] "lglasso's bic is 6956.37171828378" "lglasso's bic is 6683.27822474395"
[11] "lglasso's bic is 6493.98524093781" "lglasso's bic is 6444.22306040597"
[13] "lglasso's bic is 6412.40762335088" "lglasso's bic is 6457.55984370463"
[15] "lglasso's bic is 6514.76759132163" "lglasso's bic is 6570.14083275089"
[17] "lglasso's bic is 6835.46061065291" "lglasso's bic is 6909.23523581497"
[19] "lglasso's bic is 6997.74322056768" "lglasso's bic is 7214.65213055694"
[1] "The 31th simulation:"
[1] "two-community heter data are generated"
[1] "heter data are generated"
[1] "heter data are generated"
 [1] "lglasso's bic is 11958.7304223718"  "lglasso's bic is 8306.10709573373" 
 [3] "lglasso's bic is 5590.58421986151"  "lglasso's bic is 2935.59521920954" 
 [5] "lglasso's bic is 1319.54658852081"  "lglasso's bic is 38.0663903181062" 
 [7] "lglasso's bic is -813.281496794762" "lglasso's bic is -1381.31750144204"
 [9] "lglasso's bic is -1605.61185448109" "lglasso's bic is -1780.07254139251"
[11] "lglasso's bic is -1856.57399698515" "lglasso's bic is -1903.19535708851"
[13] "lglasso's bic is -1891.562114597"   "lglasso's bic is -1766.34813138883"
[15] "lglasso's bic is -1680.80672792324" "lglasso's bic is -1602.74278413578"
[17] "lglasso's bic is -1530.4053852147"  "lglasso's bic is -1471.08606745382"
[19] "lglasso's bic is -1393.63960399337" "lglasso's bic is -1219.99527851501"
[1] "The 32th simulation:"
[1] "two-community heter data are generated"
[1] "heter data are generated"
[1] "heter data are generated"
 [1] "lglasso's bic is 21309.2220422392" "lglasso's bic is 17791.1686858678"
 [3] "lglasso's bic is 15015.2083423205" "lglasso's bic is 13355.8829825757"
 [5] "lglasso's bic is 11702.6376738359" "lglasso's bic is 10466.7789855581"
 [7] "lglasso's bic is 9440.84108410003" "lglasso's bic is 8683.73766685623"
 [9] "lglasso's bic is 8156.36447486493" "lglasso's bic is 7815.51020711554"
[11] "lglasso's bic is 7549.07740312949" "lglasso's bic is 7492.21433620909"
[13] "lglasso's bic is 7546.31046547628" "lglasso's bic is 7595.09759766718"
[15] "lglasso's bic is 7605.22333378719" "lglasso's bic is 7721.92177099431"
[17] "lglasso's bic is 7899.09082613019" "lglasso's bic is 7961.15183478682"
[19] "lglasso's bic is 8026.42869818056" "lglasso's bic is 8110.28799319068"
[1] "The 33th simulation:"
[1] "two-community heter data are generated"
[1] "heter data are generated"
[1] "heter data are generated"
 [1] "lglasso's bic is 17806.4295403293" "lglasso's bic is 14224.4918714862"
 [3] "lglasso's bic is 11514.6765236138" "lglasso's bic is 9252.13228909888"
 [5] "lglasso's bic is 7530.90705745469" "lglasso's bic is 6445.90175147201"
 [7] "lglasso's bic is 5514.02184563471" "lglasso's bic is 4826.2802363211" 
 [9] "lglasso's bic is 5110.60513179822" "lglasso's bic is 4633.6225963087" 
[11] "lglasso's bic is 4400.24940256792" "lglasso's bic is 4342.49713589258"
[13] "lglasso's bic is 4292.00790403869" "lglasso's bic is 4311.83488721557"
[15] "lglasso's bic is 4323.69735786115" "lglasso's bic is 4351.99385309155"
[17] "lglasso's bic is 4408.07398606622" "lglasso's bic is 4506.83823514932"
[19] "lglasso's bic is 4717.66283886001" "lglasso's bic is 4759.41084284655"
[1] "The 34th simulation:"
[1] "two-community heter data are generated"
[1] "heter data are generated"
[1] "heter data are generated"
 [1] "lglasso's bic is 21427.0401925349" "lglasso's bic is 17865.4361818023"
 [3] "lglasso's bic is 15090.5361200442" "lglasso's bic is 12913.7379908985"
 [5] "lglasso's bic is 11403.4497405557" "lglasso's bic is 10331.0604524184"
 [7] "lglasso's bic is 9143.00930402661" "lglasso's bic is 8460.30046019316"
 [9] "lglasso's bic is 7923.06772070953" "lglasso's bic is 7579.78034130288"
[11] "lglasso's bic is 7442.31281574807" "lglasso's bic is 7518.5081787817" 
[13] "lglasso's bic is 7505.98278835918" "lglasso's bic is 7592.63733213561"
[15] "lglasso's bic is 7699.32452715878" "lglasso's bic is 7761.72133826078"
[17] "lglasso's bic is 7816.23194404141" "lglasso's bic is 7892.53802765419"
[19] "lglasso's bic is 7984.63687100388" "lglasso's bic is 8068.40033471285"
[1] "The 35th simulation:"
[1] "two-community heter data are generated"
[1] "heter data are generated"
[1] "heter data are generated"
 [1] "lglasso's bic is 20706.0287479105" "lglasso's bic is 17212.3160779813"
 [3] "lglasso's bic is 14582.8914526302" "lglasso's bic is 12447.6264520033"
 [5] "lglasso's bic is 10731.9065174974" "lglasso's bic is 9473.13864723309"
 [7] "lglasso's bic is 8521.14878150924" "lglasso's bic is 7800.12900926511"
 [9] "lglasso's bic is 7244.98157617139" "lglasso's bic is 6896.075982486"  
[11] "lglasso's bic is 6781.27888880675" "lglasso's bic is 6608.88637084603"
[13] "lglasso's bic is 6572.10315447303" "lglasso's bic is 6606.42563209836"
[15] "lglasso's bic is 6635.47969107049" "lglasso's bic is 6682.88388956448"
[17] "lglasso's bic is 6848.69537762696" "lglasso's bic is 6977.32075597601"
[19] "lglasso's bic is 7047.81830368619" "lglasso's bic is 7288.22821337827"
[1] "The 36th simulation:"
[1] "two-community heter data are generated"
[1] "heter data are generated"
[1] "heter data are generated"
 [1] "lglasso's bic is 17293.6937519542" "lglasso's bic is 14013.7623776899"
 [3] "lglasso's bic is 11680.8866391889" "lglasso's bic is 9409.99615869725"
 [5] "lglasso's bic is 7787.86813485091" "lglasso's bic is 6566.7504010912" 
 [7] "lglasso's bic is 5508.68605819507" "lglasso's bic is 4890.70998154791"
 [9] "lglasso's bic is 4352.2449513807"  "lglasso's bic is 4039.01960638369"
[11] "lglasso's bic is 3791.01733656351" "lglasso's bic is 3709.32644881983"
[13] "lglasso's bic is 3697.32821275003" "lglasso's bic is 3771.04837265294"
[15] "lglasso's bic is 3822.67684885505" "lglasso's bic is 3862.21126115676"
[17] "lglasso's bic is 3948.82075279041" "lglasso's bic is 4347.81642669892"
[19] "lglasso's bic is 4420.70757753612" "lglasso's bic is 4496.4511280525" 
[1] "The 37th simulation:"
[1] "two-community heter data are generated"
[1] "heter data are generated"
[1] "heter data are generated"
 [1] "lglasso's bic is 17797.1056415783" "lglasso's bic is 13894.0099713763"
 [3] "lglasso's bic is 11570.6699156735" "lglasso's bic is 9567.09716203672"
 [5] "lglasso's bic is 7921.80405634278" "lglasso's bic is 6718.79522901425"
 [7] "lglasso's bic is 5780.71108205603" "lglasso's bic is 5021.18791248265"
 [9] "lglasso's bic is 4623.02604039764" "lglasso's bic is 4306.95004435639"
[11] "lglasso's bic is 4172.8108332369"  "lglasso's bic is 4194.75728293915"
[13] "lglasso's bic is 4281.22741694015" "lglasso's bic is 4628.10006468971"
[15] "lglasso's bic is 4783.24036786058" "lglasso's bic is 4805.92747770968"
[17] "lglasso's bic is 4872.03056249974" "lglasso's bic is 4965.79942936125"
[19] "lglasso's bic is 5064.27368087121" "lglasso's bic is 5150.2425674089" 
[1] "The 38th simulation:"
[1] "two-community heter data are generated"
[1] "heter data are generated"
[1] "heter data are generated"
 [1] "lglasso's bic is 17057.8591885005" "lglasso's bic is 13145.955941223" 
 [3] "lglasso's bic is 11118.2992975372" "lglasso's bic is 9002.59252725561"
 [5] "lglasso's bic is 7484.31625330676" "lglasso's bic is 6207.81104747806"
 [7] "lglasso's bic is 5461.24042153269" "lglasso's bic is 4808.25033696972"
 [9] "lglasso's bic is 4388.83134470831" "lglasso's bic is 4240.94154562469"
[11] "lglasso's bic is 4065.16876918618" "lglasso's bic is 4084.09188833052"
[13] "lglasso's bic is 4075.67528366898" "lglasso's bic is 4072.26082211226"
[15] "lglasso's bic is 4392.25983103789" "lglasso's bic is 4499.89377190921"
[17] "lglasso's bic is 4536.4360243376"  "lglasso's bic is 4634.36297246225"
[19] "lglasso's bic is 4733.70333439152" "lglasso's bic is 4825.40627007332"
[1] "The 39th simulation:"
[1] "two-community heter data are generated"
[1] "heter data are generated"
[1] "heter data are generated"
 [1] "lglasso's bic is 18783.6158920472" "lglasso's bic is 15059.2897988071"
 [3] "lglasso's bic is 12397.8131816021" "lglasso's bic is 10188.1284149891"
 [5] "lglasso's bic is 8563.38899506793" "lglasso's bic is 7297.96974414272"
 [7] "lglasso's bic is 6212.45749913245" "lglasso's bic is 5537.39321457527"
 [9] "lglasso's bic is 5299.12186187138" "lglasso's bic is 4988.10218954632"
[11] "lglasso's bic is 4941.47895465038" "lglasso's bic is 4832.83395363016"
[13] "lglasso's bic is 4789.2125912282"  "lglasso's bic is 4833.14766513434"
[15] "lglasso's bic is 4895.40680635573" "lglasso's bic is 4912.89577942849"
[17] "lglasso's bic is 4970.51970511492" "lglasso's bic is 5046.66703548018"
[19] "lglasso's bic is 5124.68533635341" "lglasso's bic is 5207.42332823941"
[1] "The 40th simulation:"
[1] "two-community heter data are generated"
[1] "heter data are generated"
[1] "heter data are generated"
 [1] "lglasso's bic is 17623.2896305623" "lglasso's bic is 13864.6646822734"
 [3] "lglasso's bic is 11487.0795056377" "lglasso's bic is 9501.42428173208"
 [5] "lglasso's bic is 8072.26100046168" "lglasso's bic is 7056.4446784149" 
 [7] "lglasso's bic is 6219.31271359659" "lglasso's bic is 5621.85941809401"
 [9] "lglasso's bic is 5186.94397020666" "lglasso's bic is 4853.07817264121"
[11] "lglasso's bic is 4730.48941445771" "lglasso's bic is 4697.83141447395"
[13] "lglasso's bic is 4730.564646151"   "lglasso's bic is 4848.06878767929"
[15] "lglasso's bic is 5005.69423501317" "lglasso's bic is 5099.16906098041"
[17] "lglasso's bic is 5211.02195491678" "lglasso's bic is 5351.9411758955" 
[19] "lglasso's bic is 5627.74621082546" "lglasso's bic is 5884.97843121112"
[1] "The 41th simulation:"
[1] "two-community heter data are generated"
[1] "heter data are generated"
[1] "heter data are generated"
 [1] "lglasso's bic is 19860.9592861648" "lglasso's bic is 16390.3519752531"
 [3] "lglasso's bic is 13572.7549415241" "lglasso's bic is 11296.3693626816"
 [5] "lglasso's bic is 9561.01383748647" "lglasso's bic is 8160.74621152717"
 [7] "lglasso's bic is 7118.33709898842" "lglasso's bic is 6473.9923907818" 
 [9] "lglasso's bic is 6111.72913021353" "lglasso's bic is 5811.13640442919"
[11] "lglasso's bic is 5666.68876934663" "lglasso's bic is 5603.3063390495" 
[13] "lglasso's bic is 5598.71198787925" "lglasso's bic is 5658.24765971074"
[15] "lglasso's bic is 5723.51573882432" "lglasso's bic is 5786.07907641193"
[17] "lglasso's bic is 5867.10963902479" "lglasso's bic is 5931.48470545888"
[19] "lglasso's bic is 6257.06311596918" "lglasso's bic is 6351.38000206587"
[1] "The 42th simulation:"
[1] "two-community heter data are generated"
[1] "heter data are generated"
[1] "heter data are generated"
 [1] "lglasso's bic is 18034.8219539646" "lglasso's bic is 14744.1493867625"
 [3] "lglasso's bic is 11825.2247114446" "lglasso's bic is 9683.22962361832"
 [5] "lglasso's bic is 7999.14194678052" "lglasso's bic is 6764.50347484334"
 [7] "lglasso's bic is 5846.22813536141" "lglasso's bic is 5255.5448938092" 
 [9] "lglasso's bic is 4936.06925025706" "lglasso's bic is 4691.02467040395"
[11] "lglasso's bic is 4590.99939381396" "lglasso's bic is 4656.11624886566"
[13] "lglasso's bic is 4678.25662530225" "lglasso's bic is 4711.55807489744"
[15] "lglasso's bic is 4777.38951490772" "lglasso's bic is 4798.29539014324"
[17] "lglasso's bic is 4883.62817339772" "lglasso's bic is 4965.46858000552"
[19] "lglasso's bic is 5098.60590887745" "lglasso's bic is 5197.66422908231"
[1] "The 43th simulation:"
[1] "two-community heter data are generated"
[1] "heter data are generated"
[1] "heter data are generated"
 [1] "lglasso's bic is 16308.0793874872" "lglasso's bic is 12673.9342308726"
 [3] "lglasso's bic is 9901.61092366397" "lglasso's bic is 7387.52888743275"
 [5] "lglasso's bic is 5707.51822092518" "lglasso's bic is 4204.6539877878" 
 [7] "lglasso's bic is 3444.57894230395" "lglasso's bic is 2838.76285957728"
 [9] "lglasso's bic is 2344.06514068067" "lglasso's bic is 2208.66048496874"
[11] "lglasso's bic is 2156.11196227897" "lglasso's bic is 2158.00311585792"
[13] "lglasso's bic is 2171.50709765577" "lglasso's bic is 2304.90249614261"
[15] "lglasso's bic is 2360.20352375483" "lglasso's bic is 2427.24709636134"
[17] "lglasso's bic is 2519.02013203083" "lglasso's bic is 2616.30318300126"
[19] "lglasso's bic is 2714.03589747776" "lglasso's bic is 2850.76856527282"
[1] "The 44th simulation:"
[1] "two-community heter data are generated"
[1] "heter data are generated"
[1] "heter data are generated"
 [1] "lglasso's bic is 19635.2402797927" "lglasso's bic is 15881.3637966346"
 [3] "lglasso's bic is 12965.4125917983" "lglasso's bic is 10878.0933985394"
 [5] "lglasso's bic is 9453.33089046067" "lglasso's bic is 8195.36341459585"
 [7] "lglasso's bic is 7247.92742198412" "lglasso's bic is 6643.36359021944"
 [9] "lglasso's bic is 6123.62776676306" "lglasso's bic is 5867.74632296804"
[11] "lglasso's bic is 5902.37931233467" "lglasso's bic is 5789.87588568142"
[13] "lglasso's bic is 5740.4990613401"  "lglasso's bic is 5757.55103169766"
[15] "lglasso's bic is 5992.08114217292" "lglasso's bic is 6096.19309281017"
[17] "lglasso's bic is 6159.2519797279"  "lglasso's bic is 6206.81835194391"
[19] "lglasso's bic is 6290.87830281811" "lglasso's bic is 6356.41399103683"
[1] "The 45th simulation:"
[1] "two-community heter data are generated"
[1] "heter data are generated"
[1] "heter data are generated"
 [1] "lglasso's bic is 24030.7318744661" "lglasso's bic is 20631.0806678539"
 [3] "lglasso's bic is 17959.0495562518" "lglasso's bic is 15821.1329903029"
 [5] "lglasso's bic is 14340.2862277151" "lglasso's bic is 12800.8098142502"
 [7] "lglasso's bic is 11976.2248328392" "lglasso's bic is 11236.8487916621"
 [9] "lglasso's bic is 10816.7507431586" "lglasso's bic is 10461.8063241071"
[11] "lglasso's bic is 10371.238743082"  "lglasso's bic is 10345.040397584" 
[13] "lglasso's bic is 10303.1558566586" "lglasso's bic is 10267.3135259864"
[15] "lglasso's bic is 10343.7327905121" "lglasso's bic is 10376.5286286292"
[17] "lglasso's bic is 10441.2581356949" "lglasso's bic is 10593.471108283" 
[19] "lglasso's bic is 10731.8612644943" "lglasso's bic is 10814.2180102572"
[1] "The 46th simulation:"
[1] "two-community heter data are generated"
[1] "heter data are generated"
[1] "heter data are generated"
 [1] "lglasso's bic is 12398.7709452888"   "lglasso's bic is 9298.44041203129"  
 [3] "lglasso's bic is 6799.44520081671"   "lglasso's bic is 5336.91637616197"  
 [5] "lglasso's bic is 3675.84127573191"   "lglasso's bic is 2487.40441015065"  
 [7] "lglasso's bic is 1394.73187832193"   "lglasso's bic is 757.440668173473"  
 [9] "lglasso's bic is -0.900352688341627" "lglasso's bic is -349.670611200098" 
[11] "lglasso's bic is -605.512533362374"  "lglasso's bic is -876.072603943446" 
[13] "lglasso's bic is -990.693039547838"  "lglasso's bic is -1077.1599986585"  
[15] "lglasso's bic is -1071.5651670746"   "lglasso's bic is -1081.67674999561" 
[17] "lglasso's bic is -605.653977206011"  "lglasso's bic is -623.303815228704" 
[19] "lglasso's bic is -616.636560014187"  "lglasso's bic is -616.754794191806" 
[1] "The 47th simulation:"
[1] "two-community heter data are generated"
[1] "heter data are generated"
[1] "heter data are generated"
 [1] "lglasso's bic is 18807.4639046358" "lglasso's bic is 15129.8423742786"
 [3] "lglasso's bic is 12525.0204057809" "lglasso's bic is 10601.4024734761"
 [5] "lglasso's bic is 8881.60568548662" "lglasso's bic is 7601.02713207132"
 [7] "lglasso's bic is 6688.08613959653" "lglasso's bic is 5922.78078277103"
 [9] "lglasso's bic is 5419.06185924982" "lglasso's bic is 5182.04380673965"
[11] "lglasso's bic is 5016.25395979242" "lglasso's bic is 5005.7393438216" 
[13] "lglasso's bic is 4988.03340722651" "lglasso's bic is 5371.49828816353"
[15] "lglasso's bic is 5397.27437373501" "lglasso's bic is 5397.41359059349"
[17] "lglasso's bic is 5459.16450911109" "lglasso's bic is 5495.77285369735"
[19] "lglasso's bic is 5542.33435312984" "lglasso's bic is 5617.95859173496"
[1] "The 48th simulation:"
[1] "two-community heter data are generated"
[1] "heter data are generated"
[1] "heter data are generated"
 [1] "lglasso's bic is 19122.5589455103" "lglasso's bic is 15426.9342803135"
 [3] "lglasso's bic is 12727.369689614"  "lglasso's bic is 10688.400534671" 
 [5] "lglasso's bic is 8964.050598356"   "lglasso's bic is 7739.4079726628" 
 [7] "lglasso's bic is 6855.61605280397" "lglasso's bic is 6109.62573808377"
 [9] "lglasso's bic is 5734.00659575881" "lglasso's bic is 5561.87986839042"
[11] "lglasso's bic is 5361.2574004947"  "lglasso's bic is 5269.43733109226"
[13] "lglasso's bic is 5244.29275636409" "lglasso's bic is 5292.04701636176"
[15] "lglasso's bic is 5334.54937706963" "lglasso's bic is 5401.62543085475"
[17] "lglasso's bic is 5486.88182981598" "lglasso's bic is 5692.17917579545"
[19] "lglasso's bic is 6242.01449350021" "lglasso's bic is 6346.49456056927"
[1] "The 49th simulation:"
[1] "two-community heter data are generated"
[1] "heter data are generated"
[1] "heter data are generated"
 [1] "lglasso's bic is 21904.8325630657" "lglasso's bic is 18525.3298353798"
 [3] "lglasso's bic is 16242.643380432"  "lglasso's bic is 14189.0881244847"
 [5] "lglasso's bic is 12242.5381141346" "lglasso's bic is 10853.6817762974"
 [7] "lglasso's bic is 9923.16310620559" "lglasso's bic is 9209.81679648679"
 [9] "lglasso's bic is 8669.05228056121" "lglasso's bic is 8279.1605735091" 
[11] "lglasso's bic is 8097.09916104336" "lglasso's bic is 8051.76648111735"
[13] "lglasso's bic is 8016.41326503674" "lglasso's bic is 7948.35700929559"
[15] "lglasso's bic is 8003.3074960226"  "lglasso's bic is 8056.29651793442"
[17] "lglasso's bic is 8339.61689361307" "lglasso's bic is 8399.69202307617"
[19] "lglasso's bic is 8485.10180633497" "lglasso's bic is 8642.11121577361"
[1] "The 50th simulation:"
[1] "two-community heter data are generated"
[1] "heter data are generated"
[1] "heter data are generated"
 [1] "lglasso's bic is 20542.3533245003" "lglasso's bic is 16771.8222776351"
 [3] "lglasso's bic is 13892.6800063399" "lglasso's bic is 12037.8788944055"
 [5] "lglasso's bic is 10850.7765438689" "lglasso's bic is 9673.64207156027"
 [7] "lglasso's bic is 8825.73433913027" "lglasso's bic is 8375.90211792729"
 [9] "lglasso's bic is 7956.96533961789" "lglasso's bic is 7807.55247744494"
[11] "lglasso's bic is 7576.49530104964" "lglasso's bic is 7674.41317307963"
[13] "lglasso's bic is 7800.33994325856" "lglasso's bic is 7764.82325802565"
[15] "lglasso's bic is 7825.89528585671" "lglasso's bic is 7892.35122119977"
[17] "lglasso's bic is 7954.56787627552" "lglasso's bic is 8084.77332588905"
[19] "lglasso's bic is 8228.90004728755" "lglasso's bic is 8323.19687365871"
There were 50 or more warnings (use warnings() to see the first 50)
> save(simures,file="subject=20_time=20_uu2=0.3.Rd")
> q("no")
> proc.time()
     user    system   elapsed 
20730.147    56.926 23674.146 
