
R version 4.1.2 (2021-11-01) -- "Bird Hippie"
Copyright (C) 2021 The R Foundation for Statistical Computing
Platform: x86_64-pc-linux-gnu (64-bit)

R is free software and comes with ABSOLUTELY NO WARRANTY.
You are welcome to redistribute it under certain conditions.
Type 'license()' or 'licence()' for distribution details.

  Natural language support but running in an English locale

R is a collaborative project with many contributors.
Type 'contributors()' for more information and
'citation()' on how to cite R or R packages in publications.

Type 'demo()' for some demos, 'help()' for on-line help, or
'help.start()' for an HTML browser interface to help.
Type 'q()' to quit R.

> library("lglasso")
> library("glasso")
> library("BDgraph")
> library("GGMselect")
Loading required package: mvtnorm

Attaching package: 'mvtnorm'

The following object is masked from 'package:BDgraph':

    rmvnorm

> library("Matrix")
> m=20
> n=10
> uu2=0.3
> Nsim=50
> rho=vector("list",5)
> rho[[1]]=seq(0.001,0.3,length=20)
> rho[[2]]=seq(0.001,0.3,length=20)
> rho[[3]]=seq(0.001,0.3,length=20)
> rho[[4]]=seq(0.00001,0.1,length=10)
> rho[[5]]=seq(0.00001,0.1,length=10)
> set.seed(m+n+uu2)
> simures=power_compare1(m=m,n=n,p=80,coe=c(2,0,0),l=Nsim,rho=rho,prob=0.01,heter=T,community2=T,uu=c(0.1,uu2),zirate=c(0.2, 0.8))
[1] "The 1th simulation:"
[1] "two-community heter data are generated"
[1] "heter data are generated"
[1] "heter data are generated"
 [1] "lglasso's bic is 13996.772398372"  "lglasso's bic is 11410.0693744684"
 [3] "lglasso's bic is 9313.95695361125" "lglasso's bic is 8656.36074202138"
 [5] "lglasso's bic is 7430.465996145"   "lglasso's bic is 6495.24038861517"
 [7] "lglasso's bic is 5383.65106388933" "lglasso's bic is 4756.23101173505"
 [9] "lglasso's bic is 4373.94761174632" "lglasso's bic is 3954.12040950337"
[11] "lglasso's bic is 3558.84081152175" "lglasso's bic is 3344.54096156248"
[13] "lglasso's bic is 3225.26846958008" "lglasso's bic is 3122.10704409556"
[15] "lglasso's bic is 3077.61870499396" "lglasso's bic is 3052.4555899476" 
[17] "lglasso's bic is 3387.49877898347" "lglasso's bic is 3421.15482640392"
[19] "lglasso's bic is 3474.09679845943" "lglasso's bic is 3505.64719302438"
[1] "The 2th simulation:"
[1] "two-community heter data are generated"
[1] "heter data are generated"
[1] "heter data are generated"
 [1] "lglasso's bic is 14709.6676773522" "lglasso's bic is 12089.6692895324"
 [3] "lglasso's bic is 10559.4206890646" "lglasso's bic is 9125.44646178495"
 [5] "lglasso's bic is 7951.34362052298" "lglasso's bic is 7037.45125087112"
 [7] "lglasso's bic is 6179.11179493286" "lglasso's bic is 5509.68223810835"
 [9] "lglasso's bic is 4934.74106715382" "lglasso's bic is 4543.43952928328"
[11] "lglasso's bic is 4170.25609441115" "lglasso's bic is 3962.70228664381"
[13] "lglasso's bic is 3826.54320149243" "lglasso's bic is 3770.05730269067"
[15] "lglasso's bic is 3713.64330663485" "lglasso's bic is 3850.96787749569"
[17] "lglasso's bic is 3849.09595879657" "lglasso's bic is 4042.43365942995"
[19] "lglasso's bic is 4063.27088251977" "lglasso's bic is 4102.86270490172"
[1] "The 3th simulation:"
[1] "two-community heter data are generated"
[1] "heter data are generated"
[1] "heter data are generated"
 [1] "lglasso's bic is 13433.676266658"  "lglasso's bic is 10906.0917874778"
 [3] "lglasso's bic is 8909.90393935427" "lglasso's bic is 7722.20473153852"
 [5] "lglasso's bic is 6524.09772860449" "lglasso's bic is 5572.58768726649"
 [7] "lglasso's bic is 4908.85505607122" "lglasso's bic is 4270.82095148591"
 [9] "lglasso's bic is 3799.70750902036" "lglasso's bic is 3434.26346951971"
[11] "lglasso's bic is 3147.86289636698" "lglasso's bic is 2862.16123151966"
[13] "lglasso's bic is 2714.41515245029" "lglasso's bic is 2602.32037331359"
[15] "lglasso's bic is 2574.48859528736" "lglasso's bic is 2561.62406601653"
[17] "lglasso's bic is 2608.2625424196"  "lglasso's bic is 2647.4224096959" 
[19] "lglasso's bic is 2787.39363049199" "lglasso's bic is 2845.53700971114"
[1] "The 4th simulation:"
[1] "two-community heter data are generated"
[1] "heter data are generated"
[1] "heter data are generated"
 [1] "lglasso's bic is 15742.4879957372" "lglasso's bic is 13001.9039110965"
 [3] "lglasso's bic is 11397.0210905512" "lglasso's bic is 10066.4875748424"
 [5] "lglasso's bic is 8816.12649167929" "lglasso's bic is 7877.06902497676"
 [7] "lglasso's bic is 7089.60341512412" "lglasso's bic is 6321.11888784629"
 [9] "lglasso's bic is 5640.02072981169" "lglasso's bic is 5197.80668786112"
[11] "lglasso's bic is 4960.62402098829" "lglasso's bic is 4773.85416990311"
[13] "lglasso's bic is 4599.70207787004" "lglasso's bic is 4604.08217966091"
[15] "lglasso's bic is 4593.08735427762" "lglasso's bic is 4525.22270135295"
[17] "lglasso's bic is 4596.96603605607" "lglasso's bic is 4575.53074624085"
[19] "lglasso's bic is 4614.25647104527" "lglasso's bic is 4631.98944229549"
[1] "The 5th simulation:"
[1] "two-community heter data are generated"
[1] "heter data are generated"
[1] "heter data are generated"
 [1] "lglasso's bic is 12463.386523462"  "lglasso's bic is 10059.9560163402"
 [3] "lglasso's bic is 8219.83899587031" "lglasso's bic is 6757.14243547349"
 [5] "lglasso's bic is 5545.28701849488" "lglasso's bic is 4591.94529015811"
 [7] "lglasso's bic is 3972.26435409378" "lglasso's bic is 3262.53071703368"
 [9] "lglasso's bic is 2725.55990414516" "lglasso's bic is 2292.98479011591"
[11] "lglasso's bic is 1982.08721661723" "lglasso's bic is 1834.80241857111"
[13] "lglasso's bic is 1695.86421508371" "lglasso's bic is 1616.66347391104"
[15] "lglasso's bic is 1601.13172380111" "lglasso's bic is 1585.78508473834"
[17] "lglasso's bic is 1627.79578542739" "lglasso's bic is 1758.62185018896"
[19] "lglasso's bic is 1816.42770312214" "lglasso's bic is 2033.21928565661"
[1] "The 6th simulation:"
[1] "two-community heter data are generated"
[1] "heter data are generated"
[1] "heter data are generated"
 [1] "lglasso's bic is 12143.3784678041" "lglasso's bic is 9678.40618172088"
 [3] "lglasso's bic is 7882.54822190608" "lglasso's bic is 6585.35251146608"
 [5] "lglasso's bic is 5370.14458698701" "lglasso's bic is 4599.14721819105"
 [7] "lglasso's bic is 3930.26521894172" "lglasso's bic is 3008.63926083776"
 [9] "lglasso's bic is 2555.25667026323" "lglasso's bic is 2065.30177575602"
[11] "lglasso's bic is 1836.69683489697" "lglasso's bic is 1491.8686779694" 
[13] "lglasso's bic is 1344.05782787664" "lglasso's bic is 1345.73624706349"
[15] "lglasso's bic is 1297.45832122423" "lglasso's bic is 1275.04071287471"
[17] "lglasso's bic is 1291.14436835344" "lglasso's bic is 1372.99587834995"
[19] "lglasso's bic is 1444.17257701493" "lglasso's bic is 1497.61376539739"
[1] "The 7th simulation:"
[1] "two-community heter data are generated"
[1] "heter data are generated"
[1] "heter data are generated"
 [1] "lglasso's bic is 11582.7532856677" "lglasso's bic is 8981.8758532431" 
 [3] "lglasso's bic is 7723.78750224338" "lglasso's bic is 7650.56976671387"
 [5] "lglasso's bic is 6704.38566444547" "lglasso's bic is 5984.77566402519"
 [7] "lglasso's bic is 5369.58726024746" "lglasso's bic is 4750.875417491"  
 [9] "lglasso's bic is 4244.08913051904" "lglasso's bic is 3779.43912993424"
[11] "lglasso's bic is 1973.79419860458" "lglasso's bic is 1878.93869618547"
[13] "lglasso's bic is 1751.92012338198" "lglasso's bic is 2590.50226609267"
[15] "lglasso's bic is 2451.53040056122" "lglasso's bic is 2345.09570624545"
[17] "lglasso's bic is 2271.08069716661" "lglasso's bic is 2416.21901412115"
[19] "lglasso's bic is 2441.12625026592" "lglasso's bic is 2488.19225729597"
[1] "The 8th simulation:"
[1] "two-community heter data are generated"
[1] "heter data are generated"
[1] "heter data are generated"
 [1] "lglasso's bic is 12523.0038603932" "lglasso's bic is 9916.08216167161"
 [3] "lglasso's bic is 8093.79873447383" "lglasso's bic is 6762.09863146037"
 [5] "lglasso's bic is 5673.16126506284" "lglasso's bic is 4858.84387496103"
 [7] "lglasso's bic is 4230.16875179812" "lglasso's bic is 3472.21977673299"
 [9] "lglasso's bic is 2944.45026226877" "lglasso's bic is 2650.55837856126"
[11] "lglasso's bic is 2440.05221133409" "lglasso's bic is 2330.72850866123"
[13] "lglasso's bic is 2254.91634447145" "lglasso's bic is 2194.27976402063"
[15] "lglasso's bic is 2187.79571293036" "lglasso's bic is 2196.24022645326"
[17] "lglasso's bic is 2229.91140489591" "lglasso's bic is 2277.68601245961"
[19] "lglasso's bic is 2324.7120082377"  "lglasso's bic is 2388.90941603932"
[1] "The 9th simulation:"
[1] "two-community heter data are generated"
[1] "heter data are generated"
[1] "heter data are generated"
 [1] "lglasso's bic is 11911.5020712817" "lglasso's bic is 9370.93269122719"
 [3] "lglasso's bic is 7901.94214353722" "lglasso's bic is 6907.1181129419" 
 [5] "lglasso's bic is 5749.73640269358" "lglasso's bic is 4739.3417848656" 
 [7] "lglasso's bic is 3840.2340820724"  "lglasso's bic is 3216.53088444613"
 [9] "lglasso's bic is 2672.44764455931" "lglasso's bic is 2322.27823699772"
[11] "lglasso's bic is 2079.13334630439" "lglasso's bic is 1951.09111821802"
[13] "lglasso's bic is 1787.4555996525"  "lglasso's bic is 1735.54249036308"
[15] "lglasso's bic is 1656.53119405015" "lglasso's bic is 1683.82326339525"
[17] "lglasso's bic is 1651.75551243217" "lglasso's bic is 1695.85290491803"
[19] "lglasso's bic is 1720.68755756527" "lglasso's bic is 1776.43627138945"
[1] "The 10th simulation:"
[1] "two-community heter data are generated"
[1] "heter data are generated"
[1] "heter data are generated"
 [1] "lglasso's bic is 12921.8595253903" "lglasso's bic is 10402.8485234528"
 [3] "lglasso's bic is 8734.74570119395" "lglasso's bic is 7199.13021508196"
 [5] "lglasso's bic is 5818.97300111706" "lglasso's bic is 4873.47747976233"
 [7] "lglasso's bic is 3998.9367716815"  "lglasso's bic is 3464.66183297814"
 [9] "lglasso's bic is 2871.35527224656" "lglasso's bic is 2462.010578503"  
[11] "lglasso's bic is 2135.26700204813" "lglasso's bic is 2044.09646002198"
[13] "lglasso's bic is 1989.86373720503" "lglasso's bic is 1934.73369704858"
[15] "lglasso's bic is 1952.18969418415" "lglasso's bic is 1981.68555611125"
[17] "lglasso's bic is 1998.42321294622" "lglasso's bic is 2099.72920181936"
[19] "lglasso's bic is 2141.43377057489" "lglasso's bic is 2189.07767100949"
[1] "The 11th simulation:"
[1] "two-community heter data are generated"
[1] "heter data are generated"
[1] "heter data are generated"
 [1] "lglasso's bic is 13856.1369566232" "lglasso's bic is 11209.9873208334"
 [3] "lglasso's bic is 9621.13649062134" "lglasso's bic is 8213.09668968263"
 [5] "lglasso's bic is 7078.61919446838" "lglasso's bic is 6098.65762386402"
 [7] "lglasso's bic is 5394.07692245452" "lglasso's bic is 4703.43325076822"
 [9] "lglasso's bic is 4208.92186236843" "lglasso's bic is 3765.32053386161"
[11] "lglasso's bic is 3476.23310070384" "lglasso's bic is 3345.04040980194"
[13] "lglasso's bic is 3199.92410740321" "lglasso's bic is 3160.75937310318"
[15] "lglasso's bic is 3354.42652891891" "lglasso's bic is 3357.36458059879"
[17] "lglasso's bic is 3430.66888229304" "lglasso's bic is 3473.7101325426" 
[19] "lglasso's bic is 3733.2199480074"  "lglasso's bic is 3775.89353060125"
[1] "The 12th simulation:"
[1] "two-community heter data are generated"
[1] "heter data are generated"
[1] "heter data are generated"
 [1] "lglasso's bic is 12133.8844967372" "lglasso's bic is 9845.67124704114"
 [3] "lglasso's bic is 8112.73362915897" "lglasso's bic is 6635.51466339836"
 [5] "lglasso's bic is 5379.47240963648" "lglasso's bic is 4291.01565884787"
 [7] "lglasso's bic is 3423.15489642404" "lglasso's bic is 2712.1509609415" 
 [9] "lglasso's bic is 2270.49840607737" "lglasso's bic is 1955.29758604666"
[11] "lglasso's bic is 1596.17869294573" "lglasso's bic is 1411.90177640006"
[13] "lglasso's bic is 1331.97512501032" "lglasso's bic is 1246.31339514991"
[15] "lglasso's bic is 1164.74626926026" "lglasso's bic is 1140.99759286432"
[17] "lglasso's bic is 1152.2618674054"  "lglasso's bic is 1161.14665410664"
[19] "lglasso's bic is 1228.33814893962" "lglasso's bic is 1278.31172965036"
[1] "The 13th simulation:"
[1] "two-community heter data are generated"
[1] "heter data are generated"
[1] "heter data are generated"
 [1] "lglasso's bic is 12453.7211780524" "lglasso's bic is 9764.97103622847"
 [3] "lglasso's bic is 7951.81334570356" "lglasso's bic is 6333.03002533059"
 [5] "lglasso's bic is 5279.99332914162" "lglasso's bic is 4439.08709144524"
 [7] "lglasso's bic is 3779.12050404958" "lglasso's bic is 3142.83917101822"
 [9] "lglasso's bic is 2671.98470310078" "lglasso's bic is 2219.02254366398"
[11] "lglasso's bic is 1951.48224646881" "lglasso's bic is 1807.03343725182"
[13] "lglasso's bic is 1674.41170194516" "lglasso's bic is 1675.33622403067"
[15] "lglasso's bic is 1679.11616604407" "lglasso's bic is 1673.67725850874"
[17] "lglasso's bic is 1722.41672226785" "lglasso's bic is 1761.02773870532"
[19] "lglasso's bic is 1786.96382518692" "lglasso's bic is 1952.20091659601"
[1] "The 14th simulation:"
[1] "two-community heter data are generated"
[1] "heter data are generated"
[1] "heter data are generated"
 [1] "lglasso's bic is 13139.1756339311" "lglasso's bic is 10747.5640771139"
 [3] "lglasso's bic is 9046.14944277624" "lglasso's bic is 7379.01934695331"
 [5] "lglasso's bic is 6244.06269390353" "lglasso's bic is 5257.86022426159"
 [7] "lglasso's bic is 4464.90426716709" "lglasso's bic is 3612.15890617292"
 [9] "lglasso's bic is 3011.30720367458" "lglasso's bic is 2767.26305691602"
[11] "lglasso's bic is 2452.45816769062" "lglasso's bic is 2300.55095460945"
[13] "lglasso's bic is 2126.34171531938" "lglasso's bic is 2022.35449011172"
[15] "lglasso's bic is 1981.18518363321" "lglasso's bic is 1970.27988067489"
[17] "lglasso's bic is 1989.89263599994" "lglasso's bic is 2001.55301192412"
[19] "lglasso's bic is 2071.9203091063"  "lglasso's bic is 2103.38825710516"
[1] "The 15th simulation:"
[1] "two-community heter data are generated"
[1] "heter data are generated"
[1] "heter data are generated"
 [1] "lglasso's bic is 14110.0901846246" "lglasso's bic is 11471.0807291481"
 [3] "lglasso's bic is 9709.35267904519" "lglasso's bic is 8172.91508170365"
 [5] "lglasso's bic is 6923.22294969574" "lglasso's bic is 5854.14028882774"
 [7] "lglasso's bic is 5099.18032221418" "lglasso's bic is 4504.10645393903"
 [9] "lglasso's bic is 4010.98642379355" "lglasso's bic is 3708.97528004475"
[11] "lglasso's bic is 3516.23095556674" "lglasso's bic is 3358.5144766834" 
[13] "lglasso's bic is 3318.31967530664" "lglasso's bic is 3246.80295837001"
[15] "lglasso's bic is 3217.34047903847" "lglasso's bic is 3283.80259853329"
[17] "lglasso's bic is 3413.89156819917" "lglasso's bic is 3474.87386700037"
[19] "lglasso's bic is 3524.44179590446" "lglasso's bic is 3571.6653968845" 
[1] "The 16th simulation:"
[1] "two-community heter data are generated"
[1] "heter data are generated"
[1] "heter data are generated"
 [1] "lglasso's bic is 12125.580036529"  "lglasso's bic is 10390.5917150756"
 [3] "lglasso's bic is 8528.31232647598" "lglasso's bic is 7090.37650116216"
 [5] "lglasso's bic is 5890.0224103219"  "lglasso's bic is 4875.08807969038"
 [7] "lglasso's bic is 4034.6155150682"  "lglasso's bic is 3416.20977287949"
 [9] "lglasso's bic is 2806.29947570068" "lglasso's bic is 2381.32683867194"
[11] "lglasso's bic is 2038.51733046098" "lglasso's bic is 1805.35441797862"
[13] "lglasso's bic is 1623.04342199461" "lglasso's bic is 1447.32013469947"
[15] "lglasso's bic is 1365.32240745795" "lglasso's bic is 1340.70112322005"
[17] "lglasso's bic is 1424.38727102254" "lglasso's bic is 1409.72424331794"
[19] "lglasso's bic is 1428.61550306805" "lglasso's bic is 1528.98450122006"
[1] "The 17th simulation:"
[1] "two-community heter data are generated"
[1] "heter data are generated"
[1] "heter data are generated"
 [1] "lglasso's bic is 12285.2936394797" "lglasso's bic is 9620.67121248121"
 [3] "lglasso's bic is 7689.29326815568" "lglasso's bic is 6402.48310339165"
 [5] "lglasso's bic is 5358.72758670618" "lglasso's bic is 4317.13847341512"
 [7] "lglasso's bic is 3479.39774407174" "lglasso's bic is 2875.38729093071"
 [9] "lglasso's bic is 2443.37037912533" "lglasso's bic is 2055.06810378812"
[11] "lglasso's bic is 1797.94154273938" "lglasso's bic is 1596.36540906458"
[13] "lglasso's bic is 1562.54129510141" "lglasso's bic is 1514.04627791857"
[15] "lglasso's bic is 1526.96939458122" "lglasso's bic is 1516.44575809204"
[17] "lglasso's bic is 1528.83777635666" "lglasso's bic is 1661.63764362872"
[19] "lglasso's bic is 1739.12858286112" "lglasso's bic is 1798.49516559406"
[1] "The 18th simulation:"
[1] "two-community heter data are generated"
[1] "heter data are generated"
[1] "heter data are generated"
 [1] "lglasso's bic is 13370.7348087203" "lglasso's bic is 10989.0208417263"
 [3] "lglasso's bic is 8889.14147797439" "lglasso's bic is 7396.59272277554"
 [5] "lglasso's bic is 6395.55833449207" "lglasso's bic is 5419.3794424537" 
 [7] "lglasso's bic is 4563.4449162746"  "lglasso's bic is 3887.10196630268"
 [9] "lglasso's bic is 3405.2128328209"  "lglasso's bic is 3072.28969470556"
[11] "lglasso's bic is 2765.35094523085" "lglasso's bic is 2550.13315772336"
[13] "lglasso's bic is 2487.51887577356" "lglasso's bic is 2432.38739668185"
[15] "lglasso's bic is 2502.39286213068" "lglasso's bic is 2503.19998981362"
[17] "lglasso's bic is 2700.67323612211" "lglasso's bic is 2710.03612741029"
[19] "lglasso's bic is 2728.53032208953" "lglasso's bic is 2774.7047170628" 
[1] "The 19th simulation:"
[1] "two-community heter data are generated"
[1] "heter data are generated"
[1] "heter data are generated"
 [1] "lglasso's bic is 13717.0107562018" "lglasso's bic is 11240.988542201" 
 [3] "lglasso's bic is 9414.58561351754" "lglasso's bic is 7942.38882082657"
 [5] "lglasso's bic is 6944.83785618266" "lglasso's bic is 5857.59869046172"
 [7] "lglasso's bic is 5132.45433391328" "lglasso's bic is 4515.95654600221"
 [9] "lglasso's bic is 3905.34620048974" "lglasso's bic is 3537.61658403037"
[11] "lglasso's bic is 3259.18550367766" "lglasso's bic is 2928.58339583687"
[13] "lglasso's bic is 2803.06212770846" "lglasso's bic is 2692.65489949576"
[15] "lglasso's bic is 2690.70907248478" "lglasso's bic is 2694.53657258086"
[17] "lglasso's bic is 2705.8575537618"  "lglasso's bic is 2767.16209095128"
[19] "lglasso's bic is 2980.86421068811" "lglasso's bic is 3003.8364375533" 
[1] "The 20th simulation:"
[1] "two-community heter data are generated"
[1] "heter data are generated"
[1] "heter data are generated"
 [1] "lglasso's bic is 12716.022686406"  "lglasso's bic is 10029.8389830907"
 [3] "lglasso's bic is 8102.61305744273" "lglasso's bic is 6522.31317563652"
 [5] "lglasso's bic is 5402.76233726291" "lglasso's bic is 4385.21204298979"
 [7] "lglasso's bic is 3660.3419748186"  "lglasso's bic is 3003.38053066574"
 [9] "lglasso's bic is 2634.8216292971"  "lglasso's bic is 2365.66475781718"
[11] "lglasso's bic is 2021.09180570021" "lglasso's bic is 1831.24560451035"
[13] "lglasso's bic is 1714.78748228589" "lglasso's bic is 1906.64940801995"
[15] "lglasso's bic is 1862.12885110176" "lglasso's bic is 2002.18460954612"
[17] "lglasso's bic is 2015.28186126402" "lglasso's bic is 2027.99918429479"
[19] "lglasso's bic is 2029.12126447014" "lglasso's bic is 2162.97690897117"
[1] "The 21th simulation:"
[1] "two-community heter data are generated"
[1] "heter data are generated"
[1] "heter data are generated"
 [1] "lglasso's bic is 14341.856057317"  "lglasso's bic is 11996.1084218751"
 [3] "lglasso's bic is 10419.3269168693" "lglasso's bic is 8919.12848674948"
 [5] "lglasso's bic is 7714.84711332361" "lglasso's bic is 6682.3228693144" 
 [7] "lglasso's bic is 6012.00205723285" "lglasso's bic is 5412.62314655739"
 [9] "lglasso's bic is 4948.29337129914" "lglasso's bic is 4562.14387410821"
[11] "lglasso's bic is 4263.16450360102" "lglasso's bic is 3921.89947838124"
[13] "lglasso's bic is 3764.58919870504" "lglasso's bic is 3684.86611186947"
[15] "lglasso's bic is 3615.19608228912" "lglasso's bic is 3656.66972783346"
[17] "lglasso's bic is 3682.3098799847"  "lglasso's bic is 3690.90648419387"
[19] "lglasso's bic is 3727.70189966568" "lglasso's bic is 3755.73542740489"
[1] "The 22th simulation:"
[1] "two-community heter data are generated"
[1] "heter data are generated"
[1] "heter data are generated"
 [1] "lglasso's bic is 15134.1101056458" "lglasso's bic is 12684.2730289545"
 [3] "lglasso's bic is 11074.8873874338" "lglasso's bic is 9734.09400178439"
 [5] "lglasso's bic is 8762.93515470957" "lglasso's bic is 7816.15243972961"
 [7] "lglasso's bic is 7133.77036426417" "lglasso's bic is 6553.46561744517"
 [9] "lglasso's bic is 6019.33728704732" "lglasso's bic is 5477.59089888311"
[11] "lglasso's bic is 5149.79713818703" "lglasso's bic is 4929.15035172876"
[13] "lglasso's bic is 4760.20841136607" "lglasso's bic is 4685.61714659519"
[15] "lglasso's bic is 4681.0834349861"  "lglasso's bic is 4696.69213216373"
[17] "lglasso's bic is 4671.8673416398"  "lglasso's bic is 4685.00942849287"
[19] "lglasso's bic is 4706.11720197877" "lglasso's bic is 4784.21580500573"
[1] "The 23th simulation:"
[1] "two-community heter data are generated"
[1] "heter data are generated"
[1] "heter data are generated"
 [1] "lglasso's bic is 13349.6722799175" "lglasso's bic is 11114.6831263772"
 [3] "lglasso's bic is 9112.69438439548" "lglasso's bic is 7574.37874401859"
 [5] "lglasso's bic is 6602.76843171468" "lglasso's bic is 5814.67992755015"
 [7] "lglasso's bic is 5370.58314819665" "lglasso's bic is 4347.14429588339"
 [9] "lglasso's bic is 4234.78374140603" "lglasso's bic is 3429.61471546533"
[11] "lglasso's bic is 3200.14274999937" "lglasso's bic is 3022.46403140618"
[13] "lglasso's bic is 2907.73730590234" "lglasso's bic is 2836.96038988319"
[15] "lglasso's bic is 2818.38022389331" "lglasso's bic is 2933.56123454352"
[17] "lglasso's bic is 2923.93980311942" "lglasso's bic is 2973.72249426798"
[19] "lglasso's bic is 3096.3694033828"  "lglasso's bic is 3143.52414881675"
[1] "The 24th simulation:"
[1] "two-community heter data are generated"
[1] "heter data are generated"
[1] "heter data are generated"
 [1] "lglasso's bic is 13797.3744957275" "lglasso's bic is 11452.2213147361"
 [3] "lglasso's bic is 9904.62882943358" "lglasso's bic is 8532.85215392301"
 [5] "lglasso's bic is 7400.17268768809" "lglasso's bic is 6236.51991402378"
 [7] "lglasso's bic is 5401.32688029225" "lglasso's bic is 4649.23129034877"
 [9] "lglasso's bic is 3990.24736378954" "lglasso's bic is 3492.62206507551"
[11] "lglasso's bic is 3234.43782385317" "lglasso's bic is 3067.00539030931"
[13] "lglasso's bic is 2925.97122382987" "lglasso's bic is 2815.41517303254"
[15] "lglasso's bic is 2807.37413329228" "lglasso's bic is 2806.35954296162"
[17] "lglasso's bic is 2830.59826393774" "lglasso's bic is 2835.32975019743"
[19] "lglasso's bic is 2896.15563481146" "lglasso's bic is 2951.14542545626"
[1] "The 25th simulation:"
[1] "two-community heter data are generated"
[1] "heter data are generated"
[1] "heter data are generated"
 [1] "lglasso's bic is 12192.4835131401" "lglasso's bic is 9385.41189890694"
 [3] "lglasso's bic is 7359.43547952657" "lglasso's bic is 5870.98833207713"
 [5] "lglasso's bic is 4743.70815781187" "lglasso's bic is 3736.54547253905"
 [7] "lglasso's bic is 2848.29873633992" "lglasso's bic is 2286.74448107388"
 [9] "lglasso's bic is 1896.66433489711" "lglasso's bic is 1491.06724420184"
[11] "lglasso's bic is 1338.0451148306"  "lglasso's bic is 1176.86836423592"
[13] "lglasso's bic is 1093.41203709394" "lglasso's bic is 1094.92899120264"
[15] "lglasso's bic is 1108.0460643452"  "lglasso's bic is 1118.63732281037"
[17] "lglasso's bic is 1172.90281561004" "lglasso's bic is 1227.72515600467"
[19] "lglasso's bic is 1264.76440827383" "lglasso's bic is 1336.23372511299"
[1] "The 26th simulation:"
[1] "two-community heter data are generated"
[1] "heter data are generated"
[1] "heter data are generated"
 [1] "lglasso's bic is 13175.238154327"  "lglasso's bic is 10471.7469543059"
 [3] "lglasso's bic is 8952.21594915918" "lglasso's bic is 7295.47342494165"
 [5] "lglasso's bic is 6177.24346183098" "lglasso's bic is 4981.78148649307"
 [7] "lglasso's bic is 4104.34359606203" "lglasso's bic is 3707.00364522623"
 [9] "lglasso's bic is 3169.30336876366" "lglasso's bic is 2823.37295125796"
[11] "lglasso's bic is 2627.55253696887" "lglasso's bic is 2475.6515627118" 
[13] "lglasso's bic is 2410.12987187353" "lglasso's bic is 2312.55505016997"
[15] "lglasso's bic is 2257.04357028027" "lglasso's bic is 2230.11933713146"
[17] "lglasso's bic is 2260.27707881722" "lglasso's bic is 2298.08831573862"
[19] "lglasso's bic is 2394.5726297299"  "lglasso's bic is 2475.92453287121"
[1] "The 27th simulation:"
[1] "two-community heter data are generated"
[1] "heter data are generated"
[1] "heter data are generated"
 [1] "lglasso's bic is 13738.798445959"  "lglasso's bic is 11468.2990933193"
 [3] "lglasso's bic is 9704.06245227649" "lglasso's bic is 8099.83125516862"
 [5] "lglasso's bic is 6863.20675381562" "lglasso's bic is 5950.2505349528" 
 [7] "lglasso's bic is 5082.01147843843" "lglasso's bic is 4463.71589418412"
 [9] "lglasso's bic is 3873.78623878522" "lglasso's bic is 3465.81057078704"
[11] "lglasso's bic is 3171.07086658664" "lglasso's bic is 2918.25111587901"
[13] "lglasso's bic is 2821.61242030945" "lglasso's bic is 2729.8018669001" 
[15] "lglasso's bic is 2630.51055508095" "lglasso's bic is 2586.47013054002"
[17] "lglasso's bic is 2581.49017187611" "lglasso's bic is 2599.5762515652" 
[19] "lglasso's bic is 2638.88660668535" "lglasso's bic is 2653.75159955383"
[1] "The 28th simulation:"
[1] "two-community heter data are generated"
[1] "heter data are generated"
[1] "heter data are generated"
 [1] "lglasso's bic is 11634.0969460452" "lglasso's bic is 9583.70938396722"
 [3] "lglasso's bic is 7969.14970773446" "lglasso's bic is 6516.61103222882"
 [5] "lglasso's bic is 5395.52697147456" "lglasso's bic is 4666.80196884936"
 [7] "lglasso's bic is 3882.54849249053" "lglasso's bic is 3195.83566666491"
 [9] "lglasso's bic is 2588.28365612691" "lglasso's bic is 2140.12797539807"
[11] "lglasso's bic is 1685.20245605094" "lglasso's bic is 1381.49687105741"
[13] "lglasso's bic is 1172.08894107716" "lglasso's bic is 970.322894088337"
[15] "lglasso's bic is 922.648661984092" "lglasso's bic is 886.93606109701" 
[17] "lglasso's bic is 932.231254156425" "lglasso's bic is 978.18673195012" 
[19] "lglasso's bic is 933.117665175162" "lglasso's bic is 938.645166323864"
[1] "The 29th simulation:"
[1] "two-community heter data are generated"
[1] "heter data are generated"
[1] "heter data are generated"
 [1] "lglasso's bic is 12934.8916352206" "lglasso's bic is 10614.9451680355"
 [3] "lglasso's bic is 8940.2072240486"  "lglasso's bic is 7577.46567143223"
 [5] "lglasso's bic is 6338.06730903994" "lglasso's bic is 5364.79184684811"
 [7] "lglasso's bic is 4574.3428150089"  "lglasso's bic is 3910.36685871119"
 [9] "lglasso's bic is 3399.70993577588" "lglasso's bic is 2942.19486260171"
[11] "lglasso's bic is 2283.62396640541" "lglasso's bic is 2080.56838095691"
[13] "lglasso's bic is 1997.63645059892" "lglasso's bic is 2157.68496567554"
[15] "lglasso's bic is 2106.54673634767" "lglasso's bic is 2064.34978247636"
[17] "lglasso's bic is 2075.75466857922" "lglasso's bic is 2086.1435109428" 
[19] "lglasso's bic is 2130.70446283726" "lglasso's bic is 2165.96893590588"
[1] "The 30th simulation:"
[1] "two-community heter data are generated"
[1] "heter data are generated"
[1] "heter data are generated"
 [1] "lglasso's bic is 10965.3638152112" "lglasso's bic is 8397.71133312506"
 [3] "lglasso's bic is 6925.44173979401" "lglasso's bic is 5318.41705316849"
 [5] "lglasso's bic is 4022.3582154581"  "lglasso's bic is 3102.65249411945"
 [7] "lglasso's bic is 2369.17293882065" "lglasso's bic is 1614.79549982749"
 [9] "lglasso's bic is 1212.24648225483" "lglasso's bic is 916.207151627661"
[11] "lglasso's bic is 848.53959173852"  "lglasso's bic is 717.097882374645"
[13] "lglasso's bic is 639.594386558271" "lglasso's bic is 608.15839597422" 
[15] "lglasso's bic is 607.014798356604" "lglasso's bic is 625.735856292992"
[17] "lglasso's bic is 637.874172943133" "lglasso's bic is 691.635527498576"
[19] "lglasso's bic is 894.425210840615" "lglasso's bic is 984.88809629963" 
[1] "The 31th simulation:"
[1] "two-community heter data are generated"
[1] "heter data are generated"
[1] "heter data are generated"
 [1] "lglasso's bic is 13147.1095511284" "lglasso's bic is 10506.8668089812"
 [3] "lglasso's bic is 8896.53154626289" "lglasso's bic is 7631.94244706792"
 [5] "lglasso's bic is 6276.20290874015" "lglasso's bic is 5281.26475496471"
 [7] "lglasso's bic is 4656.90423256705" "lglasso's bic is 4004.06113438351"
 [9] "lglasso's bic is 3381.9376170633"  "lglasso's bic is 3032.33308898866"
[11] "lglasso's bic is 2851.13795802759" "lglasso's bic is 2625.36488690287"
[13] "lglasso's bic is 2500.26812968517" "lglasso's bic is 2504.31702511516"
[15] "lglasso's bic is 2455.00569222437" "lglasso's bic is 2634.3472703787" 
[17] "lglasso's bic is 2654.44595758993" "lglasso's bic is 2710.59015253353"
[19] "lglasso's bic is 2736.63795348084" "lglasso's bic is 2783.47025565476"
[1] "The 32th simulation:"
[1] "two-community heter data are generated"
[1] "heter data are generated"
[1] "heter data are generated"
 [1] "lglasso's bic is 13717.2096826171" "lglasso's bic is 11092.3051411141"
 [3] "lglasso's bic is 9247.16257958476" "lglasso's bic is 8321.08452020816"
 [5] "lglasso's bic is 7213.23577575176" "lglasso's bic is 6101.19905667658"
 [7] "lglasso's bic is 5311.67118477292" "lglasso's bic is 4640.1239937254" 
 [9] "lglasso's bic is 4159.83731532009" "lglasso's bic is 3690.38663953701"
[11] "lglasso's bic is 3389.0358509507"  "lglasso's bic is 3224.26762655307"
[13] "lglasso's bic is 3100.27148567616" "lglasso's bic is 2979.84763620999"
[15] "lglasso's bic is 2846.33949297116" "lglasso's bic is 2814.43466989346"
[17] "lglasso's bic is 2799.7937522159"  "lglasso's bic is 2850.94499325992"
[19] "lglasso's bic is 2884.64633992106" "lglasso's bic is 2921.29452839317"
[1] "The 33th simulation:"
[1] "two-community heter data are generated"
[1] "heter data are generated"
[1] "heter data are generated"
 [1] "lglasso's bic is 13887.1096897086" "lglasso's bic is 11369.083215698" 
 [3] "lglasso's bic is 9408.1459590775"  "lglasso's bic is 8054.31210828758"
 [5] "lglasso's bic is 6914.08579404554" "lglasso's bic is 6135.04681574587"
 [7] "lglasso's bic is 5437.23581443289" "lglasso's bic is 4907.15317686293"
 [9] "lglasso's bic is 4284.66254381805" "lglasso's bic is 3890.35743074795"
[11] "lglasso's bic is 3603.58618835507" "lglasso's bic is 3333.65192742495"
[13] "lglasso's bic is 3222.09488901815" "lglasso's bic is 3117.65417829842"
[15] "lglasso's bic is 3059.11312680316" "lglasso's bic is 3039.31283328922"
[17] "lglasso's bic is 3066.795590922"   "lglasso's bic is 3125.69198524834"
[19] "lglasso's bic is 3163.50992079888" "lglasso's bic is 3205.25871006469"
[1] "The 34th simulation:"
[1] "two-community heter data are generated"
[1] "heter data are generated"
[1] "heter data are generated"
 [1] "lglasso's bic is 13366.7729899093" "lglasso's bic is 10943.3665865489"
 [3] "lglasso's bic is 9049.43127391056" "lglasso's bic is 7613.24644053477"
 [5] "lglasso's bic is 6514.15882349908" "lglasso's bic is 5638.36595750176"
 [7] "lglasso's bic is 4854.7257154905"  "lglasso's bic is 4123.00752026991"
 [9] "lglasso's bic is 3529.3438023249"  "lglasso's bic is 3181.1664290597" 
[11] "lglasso's bic is 2826.12032631486" "lglasso's bic is 2696.08207776755"
[13] "lglasso's bic is 2570.18300392463" "lglasso's bic is 2504.52434031945"
[15] "lglasso's bic is 2517.96555701783" "lglasso's bic is 2567.14316729946"
[17] "lglasso's bic is 2554.68596598475" "lglasso's bic is 2588.97292574106"
[19] "lglasso's bic is 2613.03741881245" "lglasso's bic is 2696.7378376786" 
[1] "The 35th simulation:"
[1] "two-community heter data are generated"
[1] "heter data are generated"
[1] "heter data are generated"
 [1] "lglasso's bic is 14978.3437601189" "lglasso's bic is 12647.1964939943"
 [3] "lglasso's bic is 11113.5951661258" "lglasso's bic is 9645.95167749549"
 [5] "lglasso's bic is 8271.8169139081"  "lglasso's bic is 7285.80487538099"
 [7] "lglasso's bic is 6513.52186115964" "lglasso's bic is 5737.6108774756" 
 [9] "lglasso's bic is 5076.29666518265" "lglasso's bic is 4783.65960381477"
[11] "lglasso's bic is 4386.17009840615" "lglasso's bic is 4138.54550455197"
[13] "lglasso's bic is 4021.41976285089" "lglasso's bic is 3889.93634971007"
[15] "lglasso's bic is 3848.73032758251" "lglasso's bic is 3779.12573635236"
[17] "lglasso's bic is 3761.03157116375" "lglasso's bic is 3810.13785912946"
[19] "lglasso's bic is 3825.24971053619" "lglasso's bic is 3841.44944725914"
[1] "The 36th simulation:"
[1] "two-community heter data are generated"
[1] "heter data are generated"
[1] "heter data are generated"
 [1] "lglasso's bic is 13846.2584545504" "lglasso's bic is 11328.8156857403"
 [3] "lglasso's bic is 9688.91301756032" "lglasso's bic is 8050.66272596316"
 [5] "lglasso's bic is 7268.2406375902"  "lglasso's bic is 6295.82740481101"
 [7] "lglasso's bic is 5389.77671903036" "lglasso's bic is 4622.10019943732"
 [9] "lglasso's bic is 4033.04930808675" "lglasso's bic is 3635.26164353761"
[11] "lglasso's bic is 3385.11405555431" "lglasso's bic is 3160.45844092231"
[13] "lglasso's bic is 3081.06405821616" "lglasso's bic is 2909.19127341516"
[15] "lglasso's bic is 2876.18213059888" "lglasso's bic is 2870.40697931548"
[17] "lglasso's bic is 2875.44436925654" "lglasso's bic is 2888.96907804822"
[19] "lglasso's bic is 2919.92177518912" "lglasso's bic is 2964.57628580958"
[1] "The 37th simulation:"
[1] "two-community heter data are generated"
[1] "heter data are generated"
[1] "heter data are generated"
 [1] "lglasso's bic is 14917.1767518906" "lglasso's bic is 12267.2987047109"
 [3] "lglasso's bic is 10271.4414172309" "lglasso's bic is 8912.73395109227"
 [5] "lglasso's bic is 7607.00209329742" "lglasso's bic is 6601.60061254769"
 [7] "lglasso's bic is 5847.48007498117" "lglasso's bic is 5330.48476192947"
 [9] "lglasso's bic is 4833.57029210644" "lglasso's bic is 4432.17497000013"
[11] "lglasso's bic is 4220.46556647885" "lglasso's bic is 3967.20776663213"
[13] "lglasso's bic is 3836.17459547123" "lglasso's bic is 3773.5562993643" 
[15] "lglasso's bic is 3728.76827003719" "lglasso's bic is 3721.05996161388"
[17] "lglasso's bic is 3748.31042698041" "lglasso's bic is 3751.22030745929"
[19] "lglasso's bic is 3753.34068421885" "lglasso's bic is 3781.86715196262"
[1] "The 38th simulation:"
[1] "two-community heter data are generated"
[1] "heter data are generated"
[1] "heter data are generated"
 [1] "lglasso's bic is 11989.3813249359" "lglasso's bic is 9075.95998397407"
 [3] "lglasso's bic is 7231.01332310309" "lglasso's bic is 5928.27315857855"
 [5] "lglasso's bic is 4805.86980049658" "lglasso's bic is 3943.88911316147"
 [7] "lglasso's bic is 3084.67568645101" "lglasso's bic is 2501.74203039288"
 [9] "lglasso's bic is 2004.50195742896" "lglasso's bic is 1716.41696485611"
[11] "lglasso's bic is 1515.03594529889" "lglasso's bic is 1471.1566257525" 
[13] "lglasso's bic is 1403.23558153556" "lglasso's bic is 1377.68779761982"
[15] "lglasso's bic is 1395.85347528768" "lglasso's bic is 1452.21724836524"
[17] "lglasso's bic is 1508.08733847805" "lglasso's bic is 1581.2031997614" 
[19] "lglasso's bic is 2024.7491052948"  "lglasso's bic is 2096.61380189744"
[1] "The 39th simulation:"
[1] "two-community heter data are generated"
[1] "heter data are generated"
[1] "heter data are generated"
 [1] "lglasso's bic is 14341.6353693436" "lglasso's bic is 11738.1615201599"
 [3] "lglasso's bic is 9913.69402884741" "lglasso's bic is 8555.46522757037"
 [5] "lglasso's bic is 7268.96655844128" "lglasso's bic is 6482.18423143276"
 [7] "lglasso's bic is 5757.07668558947" "lglasso's bic is 4973.99735986625"
 [9] "lglasso's bic is 4235.37567387177" "lglasso's bic is 3904.72056087874"
[11] "lglasso's bic is 3695.22121786955" "lglasso's bic is 3493.64710545769"
[13] "lglasso's bic is 3391.25688785522" "lglasso's bic is 3357.26049579841"
[15] "lglasso's bic is 3528.00442580378" "lglasso's bic is 3545.35881011097"
[17] "lglasso's bic is 3562.09349514334" "lglasso's bic is 3596.64389272893"
[19] "lglasso's bic is 3645.07935801139" "lglasso's bic is 3667.16332821791"
[1] "The 40th simulation:"
[1] "two-community heter data are generated"
[1] "heter data are generated"
[1] "heter data are generated"
 [1] "lglasso's bic is 13910.429432864"  "lglasso's bic is 11343.3893345986"
 [3] "lglasso's bic is 9634.65313298222" "lglasso's bic is 8298.85305318814"
 [5] "lglasso's bic is 7105.82538984891" "lglasso's bic is 6237.15128155896"
 [7] "lglasso's bic is 5444.12449685428" "lglasso's bic is 4897.62378077925"
 [9] "lglasso's bic is 4358.46959808054" "lglasso's bic is 3961.44409648793"
[11] "lglasso's bic is 3674.83969952159" "lglasso's bic is 3497.65619657759"
[13] "lglasso's bic is 3366.91574974054" "lglasso's bic is 3329.05251434126"
[15] "lglasso's bic is 3304.63631945211" "lglasso's bic is 3451.52864430114"
[17] "lglasso's bic is 3443.13820716662" "lglasso's bic is 3485.45460090627"
[19] "lglasso's bic is 3480.9202336015"  "lglasso's bic is 3537.08292934711"
[1] "The 41th simulation:"
[1] "two-community heter data are generated"
[1] "heter data are generated"
[1] "heter data are generated"
 [1] "lglasso's bic is 14226.0530176264" "lglasso's bic is 11722.6308826795"
 [3] "lglasso's bic is 9709.91769504192" "lglasso's bic is 8248.8372297962" 
 [5] "lglasso's bic is 7147.96383445464" "lglasso's bic is 6209.93769970083"
 [7] "lglasso's bic is 5433.10626218252" "lglasso's bic is 4808.91760886146"
 [9] "lglasso's bic is 4257.42771885571" "lglasso's bic is 3913.02642067673"
[11] "lglasso's bic is 3824.69458748562" "lglasso's bic is 3645.3511511358" 
[13] "lglasso's bic is 3507.37092039381" "lglasso's bic is 3437.72694017277"
[15] "lglasso's bic is 3413.23302054092" "lglasso's bic is 3404.50373104595"
[17] "lglasso's bic is 3402.12333554805" "lglasso's bic is 3438.01320894168"
[19] "lglasso's bic is 3584.7597147756"  "lglasso's bic is 3652.32601974422"
[1] "The 42th simulation:"
[1] "two-community heter data are generated"
[1] "heter data are generated"
[1] "heter data are generated"
 [1] "lglasso's bic is 10552.5817692895" "lglasso's bic is 7783.12501725522"
 [3] "lglasso's bic is 6233.83514379422" "lglasso's bic is 4627.44362888834"
 [5] "lglasso's bic is 3369.98494343291" "lglasso's bic is 2568.20625927367"
 [7] "lglasso's bic is 1963.91692199579" "lglasso's bic is 1449.958210733"  
 [9] "lglasso's bic is 946.220005487757" "lglasso's bic is 625.794909296771"
[11] "lglasso's bic is 393.886724794145" "lglasso's bic is 308.656660945138"
[13] "lglasso's bic is 181.07066415541"  "lglasso's bic is 147.27589918642" 
[15] "lglasso's bic is 136.201417244104" "lglasso's bic is 186.759560814447"
[17] "lglasso's bic is 225.643443751859" "lglasso's bic is 279.066438054804"
[19] "lglasso's bic is 351.503453978889" "lglasso's bic is 452.38381752438" 
[1] "The 43th simulation:"
[1] "two-community heter data are generated"
[1] "heter data are generated"
[1] "heter data are generated"
 [1] "lglasso's bic is 13272.1720374834" "lglasso's bic is 11048.5613324427"
 [3] "lglasso's bic is 9214.80919308745" "lglasso's bic is 7872.80170210148"
 [5] "lglasso's bic is 6930.3774139944"  "lglasso's bic is 5928.49221102126"
 [7] "lglasso's bic is 5068.72527723465" "lglasso's bic is 4146.41615826078"
 [9] "lglasso's bic is 3648.4379564011"  "lglasso's bic is 3251.08895440259"
[11] "lglasso's bic is 2980.70910634599" "lglasso's bic is 2724.99633538751"
[13] "lglasso's bic is 2565.39081306404" "lglasso's bic is 2466.61341595875"
[15] "lglasso's bic is 2408.32455210576" "lglasso's bic is 2409.95766052162"
[17] "lglasso's bic is 2428.27321321851" "lglasso's bic is 2455.46328568838"
[19] "lglasso's bic is 2469.62460842896" "lglasso's bic is 2511.94707009249"
[1] "The 44th simulation:"
[1] "two-community heter data are generated"
[1] "heter data are generated"
[1] "heter data are generated"
 [1] "lglasso's bic is 12806.7210005854" "lglasso's bic is 10135.6998886348"
 [3] "lglasso's bic is 8616.88457502682" "lglasso's bic is 7126.84744214453"
 [5] "lglasso's bic is 6048.52293066423" "lglasso's bic is 5008.77797227474"
 [7] "lglasso's bic is 4149.28823267565" "lglasso's bic is 3443.28053688763"
 [9] "lglasso's bic is 2929.76808986027" "lglasso's bic is 2545.20004013119"
[11] "lglasso's bic is 2311.15105546196" "lglasso's bic is 2078.08297079976"
[13] "lglasso's bic is 1917.21344188667" "lglasso's bic is 1861.76762373143"
[15] "lglasso's bic is 1852.42166904336" "lglasso's bic is 1880.22374544622"
[17] "lglasso's bic is 1919.03080419251" "lglasso's bic is 2092.87168790726"
[19] "lglasso's bic is 2283.74392217689" "lglasso's bic is 2334.10906009915"
[1] "The 45th simulation:"
[1] "two-community heter data are generated"
[1] "heter data are generated"
[1] "heter data are generated"
 [1] "lglasso's bic is 13063.1293899017" "lglasso's bic is 10584.4234135631"
 [3] "lglasso's bic is 8712.04423086398" "lglasso's bic is 7073.73663101808"
 [5] "lglasso's bic is 5861.14303718168" "lglasso's bic is 4802.82638496004"
 [7] "lglasso's bic is 3972.56414918548" "lglasso's bic is 3355.81666439638"
 [9] "lglasso's bic is 2845.50236739693" "lglasso's bic is 2398.17924916856"
[11] "lglasso's bic is 2231.36513727916" "lglasso's bic is 2047.18316337348"
[13] "lglasso's bic is 2033.45980968156" "lglasso's bic is 1971.56526439417"
[15] "lglasso's bic is 1942.46433946589" "lglasso's bic is 1931.75581466127"
[17] "lglasso's bic is 1932.71000625416" "lglasso's bic is 1977.06144649781"
[19] "lglasso's bic is 2013.2892090449"  "lglasso's bic is 2060.73017815016"
[1] "The 46th simulation:"
[1] "two-community heter data are generated"
[1] "heter data are generated"
[1] "heter data are generated"
 [1] "lglasso's bic is 14737.0028677407" "lglasso's bic is 12306.747674699" 
 [3] "lglasso's bic is 10683.798482724"  "lglasso's bic is 9340.95653377679"
 [5] "lglasso's bic is 8137.82467761646" "lglasso's bic is 7207.38853228913"
 [7] "lglasso's bic is 6387.36070899217" "lglasso's bic is 5674.51634383952"
 [9] "lglasso's bic is 5100.61570054109" "lglasso's bic is 4671.73334734891"
[11] "lglasso's bic is 4344.44150298185" "lglasso's bic is 4128.63020387517"
[13] "lglasso's bic is 4067.0738316009"  "lglasso's bic is 3917.71544867324"
[15] "lglasso's bic is 3887.53891541238" "lglasso's bic is 3885.18836446195"
[17] "lglasso's bic is 3919.00267518185" "lglasso's bic is 3913.65014091829"
[19] "lglasso's bic is 3945.69237715738" "lglasso's bic is 3985.52874399015"
[1] "The 47th simulation:"
[1] "two-community heter data are generated"
[1] "heter data are generated"
[1] "heter data are generated"
 [1] "lglasso's bic is 14203.3740053578" "lglasso's bic is 11984.3795302237"
 [3] "lglasso's bic is 10269.6687504364" "lglasso's bic is 9004.47143503483"
 [5] "lglasso's bic is 7875.89408652831" "lglasso's bic is 6908.85720877035"
 [7] "lglasso's bic is 5983.51241039316" "lglasso's bic is 5391.77212673587"
 [9] "lglasso's bic is 4708.14551316365" "lglasso's bic is 4401.75345537593"
[11] "lglasso's bic is 4097.58094069649" "lglasso's bic is 3924.60168707801"
[13] "lglasso's bic is 3848.04249541497" "lglasso's bic is 3720.93531150014"
[15] "lglasso's bic is 3640.97528955705" "lglasso's bic is 3680.94397048115"
[17] "lglasso's bic is 3690.23070518175" "lglasso's bic is 3732.11863911985"
[19] "lglasso's bic is 3784.71907429066" "lglasso's bic is 3797.44347620564"
[1] "The 48th simulation:"
[1] "two-community heter data are generated"
[1] "heter data are generated"
[1] "heter data are generated"
 [1] "lglasso's bic is 16070.373063261"  "lglasso's bic is 13779.1929630797"
 [3] "lglasso's bic is 11882.173319496"  "lglasso's bic is 10739.8956760461"
 [5] "lglasso's bic is 9531.88878450328" "lglasso's bic is 8531.24306848461"
 [7] "lglasso's bic is 7748.38098301323" "lglasso's bic is 7010.22362399203"
 [9] "lglasso's bic is 6466.35013331897" "lglasso's bic is 6010.31928514934"
[11] "lglasso's bic is 5658.10149343313" "lglasso's bic is 5347.9282882628" 
[13] "lglasso's bic is 5124.70288396635" "lglasso's bic is 5007.75567907578"
[15] "lglasso's bic is 4928.24819438208" "lglasso's bic is 4852.59746608911"
[17] "lglasso's bic is 4854.90719076537" "lglasso's bic is 4857.42388178433"
[19] "lglasso's bic is 4879.6529413082"  "lglasso's bic is 4897.19756816698"
[1] "The 49th simulation:"
[1] "two-community heter data are generated"
[1] "heter data are generated"
[1] "heter data are generated"
 [1] "lglasso's bic is 12400.3513581751" "lglasso's bic is 10006.5660387926"
 [3] "lglasso's bic is 8080.51891211365" "lglasso's bic is 6530.21969414578"
 [5] "lglasso's bic is 5457.68415361242" "lglasso's bic is 4308.34588903777"
 [7] "lglasso's bic is 3578.34375806531" "lglasso's bic is 2906.55025062466"
 [9] "lglasso's bic is 2520.53599046425" "lglasso's bic is 2140.70539232966"
[11] "lglasso's bic is 1868.4202167936"  "lglasso's bic is 1733.90509048613"
[13] "lglasso's bic is 1679.6677930983"  "lglasso's bic is 1638.20861780375"
[15] "lglasso's bic is 1703.23596707822" "lglasso's bic is 1734.85115192097"
[17] "lglasso's bic is 1850.43110474669" "lglasso's bic is 1974.80644997057"
[19] "lglasso's bic is 2029.17942327367" "lglasso's bic is 2099.36571052767"
[1] "The 50th simulation:"
[1] "two-community heter data are generated"
[1] "heter data are generated"
[1] "heter data are generated"
 [1] "lglasso's bic is 11332.6124728955" "lglasso's bic is 9040.72644621876"
 [3] "lglasso's bic is 7175.06755513539" "lglasso's bic is 5960.41885008893"
 [5] "lglasso's bic is 4759.49621688405" "lglasso's bic is 3946.72804151739"
 [7] "lglasso's bic is 3033.12742161409" "lglasso's bic is 2383.18417747486"
 [9] "lglasso's bic is 1833.57587424404" "lglasso's bic is 1315.09861164439"
[11] "lglasso's bic is 989.744202562298" "lglasso's bic is 805.465960098709"
[13] "lglasso's bic is 636.153092661949" "lglasso's bic is 542.772463739809"
[15] "lglasso's bic is 804.636435342717" "lglasso's bic is 714.987620741785"
[17] "lglasso's bic is 724.762027566638" "lglasso's bic is 734.490369019941"
[19] "lglasso's bic is 769.05198636805"  "lglasso's bic is 760.96263728321" 
There were 50 or more warnings (use warnings() to see the first 50)
> save(simures,file="subject=20_time=10_uu2=0.3.Rd")
> q("no")
> proc.time()
     user    system   elapsed 
13639.459    62.832 17116.246 
