
R version 4.1.2 (2021-11-01) -- "Bird Hippie"
Copyright (C) 2021 The R Foundation for Statistical Computing
Platform: x86_64-pc-linux-gnu (64-bit)

R is free software and comes with ABSOLUTELY NO WARRANTY.
You are welcome to redistribute it under certain conditions.
Type 'license()' or 'licence()' for distribution details.

  Natural language support but running in an English locale

R is a collaborative project with many contributors.
Type 'contributors()' for more information and
'citation()' on how to cite R or R packages in publications.

Type 'demo()' for some demos, 'help()' for on-line help, or
'help.start()' for an HTML browser interface to help.
Type 'q()' to quit R.

> library("lglasso")
> library("glasso")
> library("BDgraph")
> library("GGMselect")
Loading required package: mvtnorm

Attaching package: 'mvtnorm'

The following object is masked from 'package:BDgraph':

    rmvnorm

> library("Matrix")
> m=40
> n=20
> uu2=0.4
> Nsim=50
> rho=vector("list",5)
> rho[[1]]=seq(0.001,0.3,length=20)
> rho[[2]]=seq(0.001,0.3,length=20)
> rho[[3]]=seq(0.001,0.3,length=20)
> rho[[4]]=seq(0.00001,0.1,length=10)
> rho[[5]]=seq(0.00001,0.1,length=10)
> set.seed(m+n+uu2)
> simures=power_compare1(m=m,n=n,p=80,coe=c(2,0,0),l=Nsim,rho=rho,prob=0.01,heter=T,community2=T,uu=c(0.1,uu2),zirate=c(0.2, 0.8))
[1] "The 1th simulation:"
[1] "two-community heter data are generated"
[1] "heter data are generated"
[1] "heter data are generated"
 [1] "lglasso's bic is 31589.2300774081" "lglasso's bic is 26275.3266293397"
 [3] "lglasso's bic is 22185.2374239388" "lglasso's bic is 19612.4565996317"
 [5] "lglasso's bic is 17675.897384686"  "lglasso's bic is 16581.5026040735"
 [7] "lglasso's bic is 15866.7677731392" "lglasso's bic is 15503.9648558504"
 [9] "lglasso's bic is 15316.3108181339" "lglasso's bic is 15305.988190157" 
[11] "lglasso's bic is 15455.7195472545" "lglasso's bic is 15625.5907807881"
[13] "lglasso's bic is 15761.6947217316" "lglasso's bic is 16077.7175213354"
[15] "lglasso's bic is 16486.378009699"  "lglasso's bic is 16762.4231278196"
[17] "lglasso's bic is 16878.1153165918" "lglasso's bic is 17021.3684311706"
[19] "lglasso's bic is 17154.6727306109" "lglasso's bic is 17283.896677614" 
[1] "The 2th simulation:"
[1] "two-community heter data are generated"
[1] "heter data are generated"
[1] "heter data are generated"
 [1] "lglasso's bic is 24573.1560253303" "lglasso's bic is 18928.9902893366"
 [3] "lglasso's bic is 14965.535814576"  "lglasso's bic is 12118.3457631302"
 [5] "lglasso's bic is 10698.9424997811" "lglasso's bic is 9674.35850731775"
 [7] "lglasso's bic is 9033.71708834431" "lglasso's bic is 8725.66110899991"
 [9] "lglasso's bic is 8726.41991398951" "lglasso's bic is 8942.85525947347"
[11] "lglasso's bic is 9029.72554828336" "lglasso's bic is 9584.82933564447"
[13] "lglasso's bic is 9784.46609690731" "lglasso's bic is 9935.4119944155" 
[15] "lglasso's bic is 10130.4559860702" "lglasso's bic is 10354.8477414892"
[17] "lglasso's bic is 10674.059660743"  "lglasso's bic is 10949.5056678266"
[19] "lglasso's bic is 11120.8235994331" "lglasso's bic is 11297.839656474" 
[1] "The 3th simulation:"
[1] "two-community heter data are generated"
[1] "heter data are generated"
[1] "heter data are generated"
 [1] "lglasso's bic is 20385.0330597664" "lglasso's bic is 14629.6262009835"
 [3] "lglasso's bic is 10899.1601425124" "lglasso's bic is 8421.2686833167" 
 [5] "lglasso's bic is 6512.68160137726" "lglasso's bic is 5628.73587016179"
 [7] "lglasso's bic is 5236.6784689189"  "lglasso's bic is 4960.50167754344"
 [9] "lglasso's bic is 4888.78269725516" "lglasso's bic is 4974.36522833404"
[11] "lglasso's bic is 5150.96229390246" "lglasso's bic is 5334.40589603775"
[13] "lglasso's bic is 5557.68507362607" "lglasso's bic is 5771.07022499527"
[15] "lglasso's bic is 5996.34132778643" "lglasso's bic is 6221.34121365715"
[17] "lglasso's bic is 6493.96640797296" "lglasso's bic is 6727.1021128704" 
[19] "lglasso's bic is 7568.47758115444" "lglasso's bic is 7800.76203067197"
[1] "The 4th simulation:"
[1] "two-community heter data are generated"
[1] "heter data are generated"
[1] "heter data are generated"
 [1] "lglasso's bic is 24319.4516846401" "lglasso's bic is 18580.2249599754"
 [3] "lglasso's bic is 15107.4073707096" "lglasso's bic is 12327.9439303056"
 [5] "lglasso's bic is 10682.6130153707" "lglasso's bic is 9629.85677065764"
 [7] "lglasso's bic is 9048.08133598557" "lglasso's bic is 8741.67699519427"
 [9] "lglasso's bic is 8862.23147295931" "lglasso's bic is 9040.75093868832"
[11] "lglasso's bic is 9372.96161817081" "lglasso's bic is 9672.08001558999"
[13] "lglasso's bic is 9897.04253091249" "lglasso's bic is 10118.4488405147"
[15] "lglasso's bic is 10301.778809431"  "lglasso's bic is 10569.8067986285"
[17] "lglasso's bic is 10882.9178544221" "lglasso's bic is 11063.7522592827"
[19] "lglasso's bic is 11320.0410491318" "lglasso's bic is 11544.8990697658"
[1] "The 5th simulation:"
[1] "two-community heter data are generated"
[1] "heter data are generated"
[1] "heter data are generated"
 [1] "lglasso's bic is 19846.7458840853" "lglasso's bic is 13771.780521801" 
 [3] "lglasso's bic is 9926.01093391645" "lglasso's bic is 7571.25161482435"
 [5] "lglasso's bic is 6216.96110089448" "lglasso's bic is 5402.87067473663"
 [7] "lglasso's bic is 5050.07945771689" "lglasso's bic is 4919.65689198923"
 [9] "lglasso's bic is 4996.01054420604" "lglasso's bic is 5202.00033942852"
[11] "lglasso's bic is 5446.25823376885" "lglasso's bic is 5686.38656909005"
[13] "lglasso's bic is 5917.92821931139" "lglasso's bic is 6447.37694159836"
[15] "lglasso's bic is 6899.083770823"   "lglasso's bic is 7185.0083719911" 
[17] "lglasso's bic is 7418.09086079869" "lglasso's bic is 7644.40183870092"
[19] "lglasso's bic is 7871.35849114298" "lglasso's bic is 8342.09539230304"
[1] "The 6th simulation:"
[1] "two-community heter data are generated"
[1] "heter data are generated"
[1] "heter data are generated"
 [1] "lglasso's bic is 26957.823981635"  "lglasso's bic is 21359.5681106683"
 [3] "lglasso's bic is 17760.6073046835" "lglasso's bic is 15301.1559510286"
 [5] "lglasso's bic is 13444.8245081052" "lglasso's bic is 12551.5289493013"
 [7] "lglasso's bic is 12411.7349951156" "lglasso's bic is 12309.6438278149"
 [9] "lglasso's bic is 12370.4852866869" "lglasso's bic is 12569.8763415874"
[11] "lglasso's bic is 12744.409664896"  "lglasso's bic is 13361.1707634971"
[13] "lglasso's bic is 13608.3430984694" "lglasso's bic is 13840.0260720606"
[15] "lglasso's bic is 14265.3117872848" "lglasso's bic is 14644.8201872654"
[17] "lglasso's bic is 14916.2862896362" "lglasso's bic is 15201.4944305177"
[19] "lglasso's bic is 15443.3217582711" "lglasso's bic is 15784.7058786637"
[1] "The 7th simulation:"
[1] "two-community heter data are generated"
[1] "heter data are generated"
[1] "heter data are generated"
 [1] "lglasso's bic is 23892.7669394332" "lglasso's bic is 18260.1739211134"
 [3] "lglasso's bic is 14136.2832547202" "lglasso's bic is 11270.3082907298"
 [5] "lglasso's bic is 9383.97073779767" "lglasso's bic is 8469.50314380815"
 [7] "lglasso's bic is 7883.15786295059" "lglasso's bic is 7769.65864416915"
 [9] "lglasso's bic is 8336.88688675655" "lglasso's bic is 8311.08904248788"
[11] "lglasso's bic is 8350.87477547559" "lglasso's bic is 8458.02804038966"
[13] "lglasso's bic is 8586.16583283982" "lglasso's bic is 8740.62443792287"
[15] "lglasso's bic is 8882.62010074348" "lglasso's bic is 9098.14881439604"
[17] "lglasso's bic is 9233.57983679587" "lglasso's bic is 9372.96338685194"
[19] "lglasso's bic is 9508.76049287226" "lglasso's bic is 9653.69395914846"
[1] "The 8th simulation:"
[1] "two-community heter data are generated"
[1] "heter data are generated"
[1] "heter data are generated"
 [1] "lglasso's bic is 26457.2314739705" "lglasso's bic is 21251.6534788955"
 [3] "lglasso's bic is 17184.9956241949" "lglasso's bic is 14534.1968586297"
 [5] "lglasso's bic is 12633.6706425907" "lglasso's bic is 11507.7033172752"
 [7] "lglasso's bic is 10874.1968209605" "lglasso's bic is 10598.1041114907"
 [9] "lglasso's bic is 10742.8355094992" "lglasso's bic is 10795.2362225748"
[11] "lglasso's bic is 10865.8138274201" "lglasso's bic is 10957.1835400191"
[13] "lglasso's bic is 11102.9413436662" "lglasso's bic is 11281.2450892795"
[15] "lglasso's bic is 11479.30493589"   "lglasso's bic is 11609.387135802" 
[17] "lglasso's bic is 12148.7669385382" "lglasso's bic is 12290.5141103746"
[19] "lglasso's bic is 12420.3500792005" "lglasso's bic is 12573.7987077786"
[1] "The 9th simulation:"
[1] "two-community heter data are generated"
[1] "heter data are generated"
[1] "heter data are generated"
 [1] "lglasso's bic is 26725.4363491132" "lglasso's bic is 21168.5251016785"
 [3] "lglasso's bic is 17572.2123796811" "lglasso's bic is 15090.7640872803"
 [5] "lglasso's bic is 13270.3003515934" "lglasso's bic is 12270.2902850977"
 [7] "lglasso's bic is 11695.6803474987" "lglasso's bic is 11557.5338688154"
 [9] "lglasso's bic is 11511.8518684862" "lglasso's bic is 11839.4345913761"
[11] "lglasso's bic is 11988.7908845897" "lglasso's bic is 12240.2895590196"
[13] "lglasso's bic is 12506.8686763971" "lglasso's bic is 12750.0504936146"
[15] "lglasso's bic is 12986.4332524836" "lglasso's bic is 13197.7748727536"
[17] "lglasso's bic is 13467.1571892073" "lglasso's bic is 13673.311696647" 
[19] "lglasso's bic is 13887.221268689"  "lglasso's bic is 14099.624076277" 
[1] "The 10th simulation:"
[1] "two-community heter data are generated"
[1] "heter data are generated"
[1] "heter data are generated"
 [1] "lglasso's bic is 18857.3722052928" "lglasso's bic is 12990.5433154892"
 [3] "lglasso's bic is 8980.88228422356" "lglasso's bic is 6163.33438702967"
 [5] "lglasso's bic is 4469.24862472752" "lglasso's bic is 3547.24942473041"
 [7] "lglasso's bic is 3036.40101938717" "lglasso's bic is 2832.55325054108"
 [9] "lglasso's bic is 2797.8773699827"  "lglasso's bic is 2898.95626370665"
[11] "lglasso's bic is 3094.41013197682" "lglasso's bic is 3281.98010094389"
[13] "lglasso's bic is 3432.56340252609" "lglasso's bic is 3725.23488167428"
[15] "lglasso's bic is 3897.33696588865" "lglasso's bic is 4230.99277979055"
[17] "lglasso's bic is 4485.8554162876"  "lglasso's bic is 4901.54423721548"
[19] "lglasso's bic is 5753.68415774446" "lglasso's bic is 5923.82984864342"
[1] "The 11th simulation:"
[1] "two-community heter data are generated"
[1] "heter data are generated"
[1] "heter data are generated"
 [1] "lglasso's bic is 22921.8195876659" "lglasso's bic is 17183.2555092187"
 [3] "lglasso's bic is 13665.8259387771" "lglasso's bic is 10970.5173814718"
 [5] "lglasso's bic is 9042.73366333434" "lglasso's bic is 7904.71341582925"
 [7] "lglasso's bic is 7335.66718440603" "lglasso's bic is 7119.8874891356" 
 [9] "lglasso's bic is 7113.70585441439" "lglasso's bic is 7305.0940356924" 
[11] "lglasso's bic is 7518.05458206824" "lglasso's bic is 7721.35782277084"
[13] "lglasso's bic is 7890.19663130373" "lglasso's bic is 8388.51040235275"
[15] "lglasso's bic is 8659.07333637076" "lglasso's bic is 8855.61163473082"
[17] "lglasso's bic is 9031.76880022643" "lglasso's bic is 9260.43760514657"
[19] "lglasso's bic is 9740.47210947005" "lglasso's bic is 9913.07094436505"
[1] "The 12th simulation:"
[1] "two-community heter data are generated"
[1] "heter data are generated"
[1] "heter data are generated"
 [1] "lglasso's bic is 25421.5300039613" "lglasso's bic is 19680.9997626299"
 [3] "lglasso's bic is 15860.703699905"  "lglasso's bic is 13260.5352616011"
 [5] "lglasso's bic is 11522.799942078"  "lglasso's bic is 10391.9564852895"
 [7] "lglasso's bic is 9907.46674463081" "lglasso's bic is 9635.79478434515"
 [9] "lglasso's bic is 9759.24467461263" "lglasso's bic is 9766.80633376225"
[11] "lglasso's bic is 9886.78127174046" "lglasso's bic is 10021.2287320189"
[13] "lglasso's bic is 10210.1003941431" "lglasso's bic is 10403.6705828438"
[15] "lglasso's bic is 10808.7218481878" "lglasso's bic is 10993.2254162444"
[17] "lglasso's bic is 11153.6233187375" "lglasso's bic is 11304.3477142708"
[19] "lglasso's bic is 11521.192251817"  "lglasso's bic is 11715.69793228"  
[1] "The 13th simulation:"
[1] "two-community heter data are generated"
[1] "heter data are generated"
[1] "heter data are generated"
 [1] "lglasso's bic is 30905.9353975483" "lglasso's bic is 25327.4512409245"
 [3] "lglasso's bic is 21561.9810406396" "lglasso's bic is 19127.5729889158"
 [5] "lglasso's bic is 17459.0197530475" "lglasso's bic is 16650.2810531023"
 [7] "lglasso's bic is 16107.6952623981" "lglasso's bic is 15829.8323694057"
 [9] "lglasso's bic is 15916.9350934479" "lglasso's bic is 16118.1987090148"
[11] "lglasso's bic is 16307.5626160401" "lglasso's bic is 16511.8329291115"
[13] "lglasso's bic is 16736.4749284607" "lglasso's bic is 17042.4236145801"
[15] "lglasso's bic is 17307.3050375381" "lglasso's bic is 17615.9465232343"
[17] "lglasso's bic is 17903.0696132289" "lglasso's bic is 18221.4688729054"
[19] "lglasso's bic is 18540.4509068108" "lglasso's bic is 18812.0986459396"
[1] "The 14th simulation:"
[1] "two-community heter data are generated"
[1] "heter data are generated"
[1] "heter data are generated"
 [1] "lglasso's bic is 30040.0103325007" "lglasso's bic is 24890.41827134"  
 [3] "lglasso's bic is 21392.0789389587" "lglasso's bic is 18476.9498778718"
 [5] "lglasso's bic is 16753.5140043973" "lglasso's bic is 15622.9533482166"
 [7] "lglasso's bic is 14841.2929682394" "lglasso's bic is 14417.2900020703"
 [9] "lglasso's bic is 14332.7249746868" "lglasso's bic is 14368.6445539822"
[11] "lglasso's bic is 14467.2469197518" "lglasso's bic is 14746.9564003085"
[13] "lglasso's bic is 14903.3912948549" "lglasso's bic is 15078.1250965647"
[15] "lglasso's bic is 15240.6802262618" "lglasso's bic is 15450.8765938898"
[17] "lglasso's bic is 15695.245380684"  "lglasso's bic is 15873.8479311377"
[19] "lglasso's bic is 16076.1242176201" "lglasso's bic is 16433.2438110654"
[1] "The 15th simulation:"
[1] "two-community heter data are generated"
[1] "heter data are generated"
[1] "heter data are generated"
 [1] "lglasso's bic is 23894.4720583349" "lglasso's bic is 18507.252677357" 
 [3] "lglasso's bic is 14428.1188614417" "lglasso's bic is 11412.6823430857"
 [5] "lglasso's bic is 9597.86971769463" "lglasso's bic is 8487.44340331902"
 [7] "lglasso's bic is 7994.41884048299" "lglasso's bic is 7766.50508524506"
 [9] "lglasso's bic is 7863.94513613403" "lglasso's bic is 7927.04127080348"
[11] "lglasso's bic is 8071.11819608944" "lglasso's bic is 8362.44701654467"
[13] "lglasso's bic is 8738.22815540168" "lglasso's bic is 8892.017232714"  
[15] "lglasso's bic is 9286.30099163799" "lglasso's bic is 9444.95098213872"
[17] "lglasso's bic is 9599.44903334285" "lglasso's bic is 9831.01325809377"
[19] "lglasso's bic is 9989.6946752142"  "lglasso's bic is 10489.916969214" 
[1] "The 16th simulation:"
[1] "two-community heter data are generated"
[1] "heter data are generated"
[1] "heter data are generated"
 [1] "lglasso's bic is 22080.7997909295" "lglasso's bic is 16716.217507754" 
 [3] "lglasso's bic is 12702.1166331039" "lglasso's bic is 9853.05358823267"
 [5] "lglasso's bic is 8096.21419334666" "lglasso's bic is 6928.40203334993"
 [7] "lglasso's bic is 6366.15499052533" "lglasso's bic is 6133.92061481115"
 [9] "lglasso's bic is 6297.55263954426" "lglasso's bic is 6400.85018188001"
[11] "lglasso's bic is 6547.26517884323" "lglasso's bic is 6755.19661841427"
[13] "lglasso's bic is 7023.97818266088" "lglasso's bic is 7210.05133293774"
[15] "lglasso's bic is 7429.86869791004" "lglasso's bic is 7623.25219491627"
[17] "lglasso's bic is 7810.35301495871" "lglasso's bic is 8400.09523224706"
[19] "lglasso's bic is 8601.17786283021" "lglasso's bic is 8880.58104372419"
[1] "The 17th simulation:"
[1] "two-community heter data are generated"
[1] "heter data are generated"
[1] "heter data are generated"
 [1] "lglasso's bic is 25926.5258739788" "lglasso's bic is 20291.7867346646"
 [3] "lglasso's bic is 16153.099204152"  "lglasso's bic is 13440.9608465837"
 [5] "lglasso's bic is 11725.8373574986" "lglasso's bic is 10592.8054141039"
 [7] "lglasso's bic is 10224.8806666998" "lglasso's bic is 10005.6575974204"
 [9] "lglasso's bic is 10126.0161751118" "lglasso's bic is 10090.3261482977"
[11] "lglasso's bic is 10323.6585974535" "lglasso's bic is 10440.3146951523"
[13] "lglasso's bic is 10754.2466830782" "lglasso's bic is 10917.2623735684"
[15] "lglasso's bic is 11134.067358832"  "lglasso's bic is 11289.2317388035"
[17] "lglasso's bic is 11513.9040137693" "lglasso's bic is 12082.7905400243"
[19] "lglasso's bic is 12267.4435298377" "lglasso's bic is 12421.6081715478"
[1] "The 18th simulation:"
[1] "two-community heter data are generated"
[1] "heter data are generated"
[1] "heter data are generated"
 [1] "lglasso's bic is 28092.9053374249" "lglasso's bic is 22898.0328265376"
 [3] "lglasso's bic is 19333.5118911726" "lglasso's bic is 16869.8666341916"
 [5] "lglasso's bic is 15114.739344311"  "lglasso's bic is 13772.8960492173"
 [7] "lglasso's bic is 13285.4998750129" "lglasso's bic is 12951.0054208212"
 [9] "lglasso's bic is 12846.5838695848" "lglasso's bic is 12866.0434370162"
[11] "lglasso's bic is 12885.9685293768" "lglasso's bic is 13508.0857351065"
[13] "lglasso's bic is 13631.7036096306" "lglasso's bic is 13802.9312773306"
[15] "lglasso's bic is 14149.2867459713" "lglasso's bic is 14300.2854327242"
[17] "lglasso's bic is 14451.9763171317" "lglasso's bic is 14651.9796457763"
[19] "lglasso's bic is 14840.932767296"  "lglasso's bic is 15140.6719655584"
[1] "The 19th simulation:"
[1] "two-community heter data are generated"
[1] "heter data are generated"
[1] "heter data are generated"
 [1] "lglasso's bic is 29354.8208774055" "lglasso's bic is 24278.8059602941"
 [3] "lglasso's bic is 20365.5708163856" "lglasso's bic is 17518.0956001444"
 [5] "lglasso's bic is 15592.8953214611" "lglasso's bic is 14294.4939857898"
 [7] "lglasso's bic is 13608.1142245949" "lglasso's bic is 13312.3190276344"
 [9] "lglasso's bic is 13440.4765353518" "lglasso's bic is 13416.8127627249"
[11] "lglasso's bic is 13625.9380332629" "lglasso's bic is 13717.9450488963"
[13] "lglasso's bic is 13893.2134278797" "lglasso's bic is 14064.1185921801"
[15] "lglasso's bic is 14194.2491193339" "lglasso's bic is 14352.8053216634"
[17] "lglasso's bic is 14554.8769810742" "lglasso's bic is 14959.1749899765"
[19] "lglasso's bic is 15078.1667486176" "lglasso's bic is 15279.284110477" 
[1] "The 20th simulation:"
[1] "two-community heter data are generated"
[1] "heter data are generated"
[1] "heter data are generated"
 [1] "lglasso's bic is 24582.42756454"   "lglasso's bic is 18526.9960976347"
 [3] "lglasso's bic is 14808.6635814068" "lglasso's bic is 12259.6590595832"
 [5] "lglasso's bic is 10656.2413332878" "lglasso's bic is 9580.14415915345"
 [7] "lglasso's bic is 9039.6937726338"  "lglasso's bic is 9108.11411210304"
 [9] "lglasso's bic is 9115.17725484433" "lglasso's bic is 9257.82955837334"
[11] "lglasso's bic is 9411.89067020862" "lglasso's bic is 9826.83309171654"
[13] "lglasso's bic is 10003.0136257857" "lglasso's bic is 10191.8835820973"
[15] "lglasso's bic is 10382.1368640858" "lglasso's bic is 10574.8246578685"
[17] "lglasso's bic is 11294.6356938854" "lglasso's bic is 11532.5613391978"
[19] "lglasso's bic is 11791.0805896152" "lglasso's bic is 11976.4276684062"
[1] "The 21th simulation:"
[1] "two-community heter data are generated"
[1] "heter data are generated"
[1] "heter data are generated"
 [1] "lglasso's bic is 19842.8262835339" "lglasso's bic is 14757.9415146625"
 [3] "lglasso's bic is 11671.5325719265" "lglasso's bic is 9691.01370122869"
 [5] "lglasso's bic is 7797.48267003772" "lglasso's bic is 6557.15892733877"
 [7] "lglasso's bic is 5738.01376551722" "lglasso's bic is 5353.38872034215"
 [9] "lglasso's bic is 5141.2522941222"  "lglasso's bic is 5082.83414977249"
[11] "lglasso's bic is 5191.31337807046" "lglasso's bic is 5284.68251981824"
[13] "lglasso's bic is 5452.41738620943" "lglasso's bic is 5678.00701079619"
[15] "lglasso's bic is 5952.55410585334" "lglasso's bic is 6150.67986918696"
[17] "lglasso's bic is 6525.99854517211" "lglasso's bic is 6752.66982149071"
[19] "lglasso's bic is 6958.90570413305" "lglasso's bic is 7147.55339899622"
[1] "The 22th simulation:"
[1] "two-community heter data are generated"
[1] "heter data are generated"
[1] "heter data are generated"
 [1] "lglasso's bic is 15791.6259044951" "lglasso's bic is 9566.83912154178"
 [3] "lglasso's bic is 5627.70160460124" "lglasso's bic is 2993.71189008064"
 [5] "lglasso's bic is 1328.13903929946" "lglasso's bic is 505.35106727329" 
 [7] "lglasso's bic is 119.849736265834" "lglasso's bic is 146.842405999552"
 [9] "lglasso's bic is 363.355588457362" "lglasso's bic is 690.630186648103"
[11] "lglasso's bic is 881.791980311086" "lglasso's bic is 1068.82472216895"
[13] "lglasso's bic is 1457.06843027941" "lglasso's bic is 1663.42121412219"
[15] "lglasso's bic is 1876.91071935453" "lglasso's bic is 2087.25505073035"
[17] "lglasso's bic is 2283.67906095731" "lglasso's bic is 2995.89678520785"
[19] "lglasso's bic is 3310.81008984876" "lglasso's bic is 3539.94325660797"
[1] "The 23th simulation:"
[1] "two-community heter data are generated"
[1] "heter data are generated"
[1] "heter data are generated"
 [1] "lglasso's bic is 30312.6699733916" "lglasso's bic is 25020.5180495055"
 [3] "lglasso's bic is 20972.5131283556" "lglasso's bic is 18040.6848605011"
 [5] "lglasso's bic is 16147.1217350413" "lglasso's bic is 15068.2679447809"
 [7] "lglasso's bic is 14496.331758674"  "lglasso's bic is 14233.2051822769"
 [9] "lglasso's bic is 14201.6732156978" "lglasso's bic is 14241.8622020563"
[11] "lglasso's bic is 14493.0363759001" "lglasso's bic is 14864.7696769094"
[13] "lglasso's bic is 15003.398824526"  "lglasso's bic is 15191.9612059129"
[15] "lglasso's bic is 15342.4477123701" "lglasso's bic is 15521.4372955971"
[17] "lglasso's bic is 15870.6501702692" "lglasso's bic is 16043.5909882363"
[19] "lglasso's bic is 16203.4024944774" "lglasso's bic is 16379.675456431" 
[1] "The 24th simulation:"
[1] "two-community heter data are generated"
[1] "heter data are generated"
[1] "heter data are generated"
 [1] "lglasso's bic is 19440.6161667686" "lglasso's bic is 13661.0345322491"
 [3] "lglasso's bic is 9771.76503641348" "lglasso's bic is 7113.47594898694"
 [5] "lglasso's bic is 5333.06076689056" "lglasso's bic is 4169.48937001903"
 [7] "lglasso's bic is 3686.37800759883" "lglasso's bic is 3523.18881515868"
 [9] "lglasso's bic is 3646.1394592076"  "lglasso's bic is 3800.2137321597" 
[11] "lglasso's bic is 4002.64470304481" "lglasso's bic is 4258.97220113959"
[13] "lglasso's bic is 4465.36107378865" "lglasso's bic is 4661.42805013937"
[15] "lglasso's bic is 5365.46995955997" "lglasso's bic is 5561.46118793945"
[17] "lglasso's bic is 5884.13434312503" "lglasso's bic is 6083.48525190837"
[19] "lglasso's bic is 6482.21105665813" "lglasso's bic is 6738.22559066711"
[1] "The 25th simulation:"
[1] "two-community heter data are generated"
[1] "heter data are generated"
[1] "heter data are generated"
 [1] "lglasso's bic is 23827.3536693807" "lglasso's bic is 18346.0317793401"
 [3] "lglasso's bic is 14368.0014569207" "lglasso's bic is 11582.6072296008"
 [5] "lglasso's bic is 9768.38655083175" "lglasso's bic is 8612.66327813873"
 [7] "lglasso's bic is 8228.52530802955" "lglasso's bic is 7995.87765392421"
 [9] "lglasso's bic is 8025.43848367087" "lglasso's bic is 8166.92239119809"
[11] "lglasso's bic is 8314.53968583804" "lglasso's bic is 8480.45931709039"
[13] "lglasso's bic is 8820.28998405885" "lglasso's bic is 9046.77566318628"
[15] "lglasso's bic is 9246.76272365436" "lglasso's bic is 9457.21879358207"
[17] "lglasso's bic is 9743.99923934302" "lglasso's bic is 9963.38286400862"
[19] "lglasso's bic is 10161.649866847"  "lglasso's bic is 10342.2040052806"
[1] "The 26th simulation:"
[1] "two-community heter data are generated"
[1] "heter data are generated"
[1] "heter data are generated"
 [1] "lglasso's bic is 26069.2530112903" "lglasso's bic is 20587.0144837662"
 [3] "lglasso's bic is 16790.5584330423" "lglasso's bic is 13965.3664622153"
 [5] "lglasso's bic is 12155.5219621358" "lglasso's bic is 11140.5783556641"
 [7] "lglasso's bic is 10520.6728220345" "lglasso's bic is 10145.3180920124"
 [9] "lglasso's bic is 10227.9533881959" "lglasso's bic is 10257.3697103555"
[11] "lglasso's bic is 10454.0968430496" "lglasso's bic is 10684.3532041725"
[13] "lglasso's bic is 10863.2707514302" "lglasso's bic is 11066.619970489" 
[15] "lglasso's bic is 11238.4182174594" "lglasso's bic is 11439.3382546847"
[17] "lglasso's bic is 11733.1937939255" "lglasso's bic is 11987.9800947644"
[19] "lglasso's bic is 12174.7891390824" "lglasso's bic is 12568.3017758654"
[1] "The 27th simulation:"
[1] "two-community heter data are generated"
[1] "heter data are generated"
[1] "heter data are generated"
 [1] "lglasso's bic is 31285.999129659"  "lglasso's bic is 25833.8004367641"
 [3] "lglasso's bic is 21986.2041267586" "lglasso's bic is 19207.2644529062"
 [5] "lglasso's bic is 17099.0553086125" "lglasso's bic is 15942.7519427331"
 [7] "lglasso's bic is 15326.9955079934" "lglasso's bic is 14982.6945528896"
 [9] "lglasso's bic is 14943.4095711327" "lglasso's bic is 15083.8345849364"
[11] "lglasso's bic is 15131.8961177773" "lglasso's bic is 15337.3729874864"
[13] "lglasso's bic is 15492.862293169"  "lglasso's bic is 15616.327034879" 
[15] "lglasso's bic is 15750.819982943"  "lglasso's bic is 16062.7425807183"
[17] "lglasso's bic is 16323.0121175858" "lglasso's bic is 16469.2831209692"
[19] "lglasso's bic is 16690.2290858106" "lglasso's bic is 16872.4551921984"
[1] "The 28th simulation:"
[1] "two-community heter data are generated"
[1] "heter data are generated"
[1] "heter data are generated"
 [1] "lglasso's bic is 26197.4769656104" "lglasso's bic is 20770.046150171" 
 [3] "lglasso's bic is 16757.7736717257" "lglasso's bic is 13949.2081740266"
 [5] "lglasso's bic is 11948.8386929672" "lglasso's bic is 10792.7180837307"
 [7] "lglasso's bic is 10387.8763033384" "lglasso's bic is 10348.8880492315"
 [9] "lglasso's bic is 10335.8124119261" "lglasso's bic is 10470.4843352365"
[11] "lglasso's bic is 10635.8240253416" "lglasso's bic is 10774.5919453081"
[13] "lglasso's bic is 10987.9516514922" "lglasso's bic is 11253.2626066981"
[15] "lglasso's bic is 11428.186288716"  "lglasso's bic is 11632.3764125745"
[17] "lglasso's bic is 11984.033736578"  "lglasso's bic is 12141.4965842111"
[19] "lglasso's bic is 12360.0436626236" "lglasso's bic is 12538.6970572816"
[1] "The 29th simulation:"
[1] "two-community heter data are generated"
[1] "heter data are generated"
[1] "heter data are generated"
 [1] "lglasso's bic is 18922.846122315"  "lglasso's bic is 13348.722860493" 
 [3] "lglasso's bic is 9676.58060737682" "lglasso's bic is 6894.90568780082"
 [5] "lglasso's bic is 5266.59041381152" "lglasso's bic is 4238.12177671225"
 [7] "lglasso's bic is 3689.21176248286" "lglasso's bic is 3450.17280748523"
 [9] "lglasso's bic is 3467.28995506983" "lglasso's bic is 3629.61457657297"
[11] "lglasso's bic is 4011.25940374154" "lglasso's bic is 4195.99543274234"
[13] "lglasso's bic is 4418.91603315206" "lglasso's bic is 4966.86338978761"
[15] "lglasso's bic is 5239.15220366006" "lglasso's bic is 5564.09328748235"
[17] "lglasso's bic is 5783.01674249373" "lglasso's bic is 5959.68220043814"
[19] "lglasso's bic is 6272.3438199626"  "lglasso's bic is 7315.74416695612"
[1] "The 30th simulation:"
[1] "two-community heter data are generated"
[1] "heter data are generated"
[1] "heter data are generated"
 [1] "lglasso's bic is 27974.3873996573" "lglasso's bic is 22839.0778455968"
 [3] "lglasso's bic is 19103.4817341826" "lglasso's bic is 16164.8303699739"
 [5] "lglasso's bic is 14356.9919954207" "lglasso's bic is 13162.8358458154"
 [7] "lglasso's bic is 12518.4659567262" "lglasso's bic is 12286.0546302108"
 [9] "lglasso's bic is 12116.5823212971" "lglasso's bic is 12133.4921160836"
[11] "lglasso's bic is 12185.611461012"  "lglasso's bic is 12302.9271174479"
[13] "lglasso's bic is 12457.4992901366" "lglasso's bic is 12595.7496666043"
[15] "lglasso's bic is 12769.3944981559" "lglasso's bic is 12947.6459419051"
[17] "lglasso's bic is 13199.3759191425" "lglasso's bic is 13455.9507058091"
[19] "lglasso's bic is 13788.4398697595" "lglasso's bic is 14003.3289162848"
[1] "The 31th simulation:"
[1] "two-community heter data are generated"
[1] "heter data are generated"
[1] "heter data are generated"
 [1] "lglasso's bic is 28103.5742812966" "lglasso's bic is 22561.0106776766"
 [3] "lglasso's bic is 18407.824177028"  "lglasso's bic is 15787.8600475605"
 [5] "lglasso's bic is 14020.7304953472" "lglasso's bic is 13138.9701641861"
 [7] "lglasso's bic is 12609.5810774545" "lglasso's bic is 12490.9114623013"
 [9] "lglasso's bic is 12388.631248132"  "lglasso's bic is 12427.7791080495"
[11] "lglasso's bic is 12500.5230588432" "lglasso's bic is 12654.580826194" 
[13] "lglasso's bic is 13005.0119035964" "lglasso's bic is 13157.334522666" 
[15] "lglasso's bic is 13316.9533154828" "lglasso's bic is 13505.509182872" 
[17] "lglasso's bic is 13670.3607975119" "lglasso's bic is 13857.6038113855"
[19] "lglasso's bic is 14112.8637302154" "lglasso's bic is 14308.1698088416"
[1] "The 32th simulation:"
[1] "two-community heter data are generated"
[1] "heter data are generated"
[1] "heter data are generated"
 [1] "lglasso's bic is 26820.5399979618" "lglasso's bic is 21460.2316083112"
 [3] "lglasso's bic is 17427.2994155978" "lglasso's bic is 14733.5824588872"
 [5] "lglasso's bic is 12698.8374512609" "lglasso's bic is 11876.9674816963"
 [7] "lglasso's bic is 11182.236611696"  "lglasso's bic is 10896.6897594093"
 [9] "lglasso's bic is 10845.6097431124" "lglasso's bic is 10928.5323755789"
[11] "lglasso's bic is 11064.2219385765" "lglasso's bic is 11196.7852026275"
[13] "lglasso's bic is 11409.9440165893" "lglasso's bic is 11912.5802511853"
[15] "lglasso's bic is 12087.6847562741" "lglasso's bic is 12269.5937177627"
[17] "lglasso's bic is 12464.9193696702" "lglasso's bic is 12634.4399221981"
[19] "lglasso's bic is 12878.9958940359" "lglasso's bic is 13102.1667920345"
[1] "The 33th simulation:"
[1] "two-community heter data are generated"
[1] "heter data are generated"
[1] "heter data are generated"
 [1] "lglasso's bic is 22490.4001960535" "lglasso's bic is 16644.4343986434"
 [3] "lglasso's bic is 12969.7474284763" "lglasso's bic is 10467.8793556108"
 [5] "lglasso's bic is 8801.15110033396" "lglasso's bic is 8075.58434821057"
 [7] "lglasso's bic is 7552.94810665515" "lglasso's bic is 7608.22128429882"
 [9] "lglasso's bic is 7731.32131472374" "lglasso's bic is 7827.38456785561"
[11] "lglasso's bic is 8043.72402251359" "lglasso's bic is 8241.165193153"  
[13] "lglasso's bic is 8484.88256412856" "lglasso's bic is 8819.89435954866"
[15] "lglasso's bic is 9237.51478269677" "lglasso's bic is 9477.51305921778"
[17] "lglasso's bic is 9720.82547753106" "lglasso's bic is 10103.2214073071"
[19] "lglasso's bic is 10335.8376867487" "lglasso's bic is 10913.3816608496"
[1] "The 34th simulation:"
[1] "two-community heter data are generated"
[1] "heter data are generated"
[1] "heter data are generated"
 [1] "lglasso's bic is 18408.3458652167" "lglasso's bic is 12540.9537489724"
 [3] "lglasso's bic is 8445.3934438591"  "lglasso's bic is 6006.98870218851"
 [5] "lglasso's bic is 4409.7309190066"  "lglasso's bic is 3389.39491233175"
 [7] "lglasso's bic is 2831.6519570114"  "lglasso's bic is 2712.67116060126"
 [9] "lglasso's bic is 2701.99774437949" "lglasso's bic is 2804.07534600998"
[11] "lglasso's bic is 2952.46273016754" "lglasso's bic is 3110.65971959627"
[13] "lglasso's bic is 3319.29067503107" "lglasso's bic is 3514.4348756066" 
[15] "lglasso's bic is 3720.23610065976" "lglasso's bic is 4054.48081469985"
[17] "lglasso's bic is 4257.44628322739" "lglasso's bic is 5324.70351992015"
[19] "lglasso's bic is 5545.05173820953" "lglasso's bic is 5719.28572726004"
[1] "The 35th simulation:"
[1] "two-community heter data are generated"
[1] "heter data are generated"
[1] "heter data are generated"
 [1] "lglasso's bic is 27340.9585989599" "lglasso's bic is 21895.8728073492"
 [3] "lglasso's bic is 18100.8043809349" "lglasso's bic is 15356.3834955478"
 [5] "lglasso's bic is 13451.939126801"  "lglasso's bic is 12387.1105337901"
 [7] "lglasso's bic is 11843.2830511935" "lglasso's bic is 11611.3917269904"
 [9] "lglasso's bic is 11580.311100885"  "lglasso's bic is 11768.1345196347"
[11] "lglasso's bic is 11889.0127173175" "lglasso's bic is 12189.0451663177"
[13] "lglasso's bic is 12494.2579957047" "lglasso's bic is 12632.1513932297"
[15] "lglasso's bic is 12873.5483945128" "lglasso's bic is 13035.5762655682"
[17] "lglasso's bic is 13217.6770319657" "lglasso's bic is 13437.5447779671"
[19] "lglasso's bic is 13607.8149548991" "lglasso's bic is 13811.4632365294"
[1] "The 36th simulation:"
[1] "two-community heter data are generated"
[1] "heter data are generated"
[1] "heter data are generated"
 [1] "lglasso's bic is 19510.5627320787" "lglasso's bic is 13637.9568945389"
 [3] "lglasso's bic is 9725.29685358891" "lglasso's bic is 7172.07958324296"
 [5] "lglasso's bic is 5430.19795469163" "lglasso's bic is 4559.52664959774"
 [7] "lglasso's bic is 4221.69149481571" "lglasso's bic is 4077.17466602246"
 [9] "lglasso's bic is 4194.77079022076" "lglasso's bic is 4498.22617304589"
[11] "lglasso's bic is 4844.23879866363" "lglasso's bic is 5074.0622266972" 
[13] "lglasso's bic is 5307.59663788729" "lglasso's bic is 5667.98480601132"
[15] "lglasso's bic is 5944.52361155736" "lglasso's bic is 6168.20234030864"
[17] "lglasso's bic is 6405.70416842438" "lglasso's bic is 6691.72532974487"
[19] "lglasso's bic is 7074.8485700904"  "lglasso's bic is 7620.82750101681"
[1] "The 37th simulation:"
[1] "two-community heter data are generated"
[1] "heter data are generated"
[1] "heter data are generated"
 [1] "lglasso's bic is 19570.4476332691" "lglasso's bic is 14300.6140049756"
 [3] "lglasso's bic is 10425.6797507521" "lglasso's bic is 7523.20870619101"
 [5] "lglasso's bic is 5808.39709937469" "lglasso's bic is 4533.09798245969"
 [7] "lglasso's bic is 4154.27972197547" "lglasso's bic is 3776.61421045177"
 [9] "lglasso's bic is 3675.03996285144" "lglasso's bic is 3708.0857857941" 
[11] "lglasso's bic is 3833.4213847459"  "lglasso's bic is 3963.8472343573" 
[13] "lglasso's bic is 4098.43154455612" "lglasso's bic is 4384.56238234378"
[15] "lglasso's bic is 4517.64401671961" "lglasso's bic is 4877.91241550645"
[17] "lglasso's bic is 5011.6043994776"  "lglasso's bic is 5768.27693594968"
[19] "lglasso's bic is 5952.30756963125" "lglasso's bic is 6110.62080637739"
[1] "The 38th simulation:"
[1] "two-community heter data are generated"
[1] "heter data are generated"
[1] "heter data are generated"
 [1] "lglasso's bic is 27858.0868896733" "lglasso's bic is 22314.1568955506"
 [3] "lglasso's bic is 18575.4140879709" "lglasso's bic is 15750.800895768" 
 [5] "lglasso's bic is 13753.1115405972" "lglasso's bic is 12628.2296714401"
 [7] "lglasso's bic is 11932.7935079879" "lglasso's bic is 11622.5549386833"
 [9] "lglasso's bic is 11600.7450446063" "lglasso's bic is 11632.0895445796"
[11] "lglasso's bic is 11693.380840458"  "lglasso's bic is 11917.6972259541"
[13] "lglasso's bic is 12027.0684914436" "lglasso's bic is 12170.3742747662"
[15] "lglasso's bic is 12355.5154111745" "lglasso's bic is 12518.8944494883"
[17] "lglasso's bic is 12653.67243992"   "lglasso's bic is 13020.9379519431"
[19] "lglasso's bic is 13150.3086827789" "lglasso's bic is 13825.5330118337"
[1] "The 39th simulation:"
[1] "two-community heter data are generated"
[1] "heter data are generated"
[1] "heter data are generated"
 [1] "lglasso's bic is 22134.333219154"  "lglasso's bic is 16214.2319049851"
 [3] "lglasso's bic is 12416.3367184904" "lglasso's bic is 9889.91406086782"
 [5] "lglasso's bic is 8160.43672006075" "lglasso's bic is 7269.2337046261" 
 [7] "lglasso's bic is 6865.5204407422"  "lglasso's bic is 6921.96590443168"
 [9] "lglasso's bic is 7078.40200379633" "lglasso's bic is 7290.05507117697"
[11] "lglasso's bic is 7415.90018629657" "lglasso's bic is 7592.24839538181"
[13] "lglasso's bic is 7783.57897062922" "lglasso's bic is 7992.60997290449"
[15] "lglasso's bic is 8227.11223571617" "lglasso's bic is 8463.27526184471"
[17] "lglasso's bic is 8685.1674195674"  "lglasso's bic is 8988.45511946099"
[19] "lglasso's bic is 9193.56288917026" "lglasso's bic is 9438.04498962783"
[1] "The 40th simulation:"
[1] "two-community heter data are generated"
[1] "heter data are generated"
[1] "heter data are generated"
 [1] "lglasso's bic is 26396.8960887049" "lglasso's bic is 21187.0025152604"
 [3] "lglasso's bic is 17413.005226827"  "lglasso's bic is 14467.6419462065"
 [5] "lglasso's bic is 12556.6291263857" "lglasso's bic is 11401.8664566383"
 [7] "lglasso's bic is 10776.7368119737" "lglasso's bic is 10401.2282962364"
 [9] "lglasso's bic is 10302.3523985299" "lglasso's bic is 10495.6753577572"
[11] "lglasso's bic is 10779.9404366035" "lglasso's bic is 10983.5869909415"
[13] "lglasso's bic is 11173.9662401565" "lglasso's bic is 11296.0542163419"
[15] "lglasso's bic is 11441.6481065054" "lglasso's bic is 11619.0641595776"
[17] "lglasso's bic is 11825.5415337147" "lglasso's bic is 11993.2573701548"
[19] "lglasso's bic is 12175.7131923662" "lglasso's bic is 12483.6469699337"
[1] "The 41th simulation:"
[1] "two-community heter data are generated"
[1] "heter data are generated"
[1] "heter data are generated"
 [1] "lglasso's bic is 22108.8346073437" "lglasso's bic is 16816.7213328707"
 [3] "lglasso's bic is 12951.2098110864" "lglasso's bic is 10178.9843885915"
 [5] "lglasso's bic is 8414.98490958944" "lglasso's bic is 7452.48121746092"
 [7] "lglasso's bic is 6809.8829777773"  "lglasso's bic is 6668.24100765619"
 [9] "lglasso's bic is 6602.88072373442" "lglasso's bic is 6735.7163438343" 
[11] "lglasso's bic is 7009.68238688589" "lglasso's bic is 7211.8282089655" 
[13] "lglasso's bic is 7516.94959974747" "lglasso's bic is 7847.45148005707"
[15] "lglasso's bic is 8463.31558323936" "lglasso's bic is 8683.29609027915"
[17] "lglasso's bic is 9035.04450726434" "lglasso's bic is 9570.2638231471" 
[19] "lglasso's bic is 9821.38719388321" "lglasso's bic is 10045.6552423476"
[1] "The 42th simulation:"
[1] "two-community heter data are generated"
[1] "heter data are generated"
[1] "heter data are generated"
 [1] "lglasso's bic is 26485.3204877552" "lglasso's bic is 20803.0545628719"
 [3] "lglasso's bic is 17070.8908927657" "lglasso's bic is 14337.419688854" 
 [5] "lglasso's bic is 12498.9573071329" "lglasso's bic is 11368.3987723883"
 [7] "lglasso's bic is 10960.966333972"  "lglasso's bic is 10775.2106396066"
 [9] "lglasso's bic is 10683.7916859026" "lglasso's bic is 10882.9706480132"
[11] "lglasso's bic is 11172.6636951754" "lglasso's bic is 11325.0166252964"
[13] "lglasso's bic is 11486.4509891674" "lglasso's bic is 11651.962208223" 
[15] "lglasso's bic is 11820.5093471891" "lglasso's bic is 12157.5505762163"
[17] "lglasso's bic is 12350.183540884"  "lglasso's bic is 12625.7433356396"
[19] "lglasso's bic is 12809.9449272372" "lglasso's bic is 13005.1944015783"
[1] "The 43th simulation:"
[1] "two-community heter data are generated"
[1] "heter data are generated"
[1] "heter data are generated"
 [1] "lglasso's bic is 21929.8703633431" "lglasso's bic is 16252.7506231353"
 [3] "lglasso's bic is 12201.0919781333" "lglasso's bic is 10162.7071282814"
 [5] "lglasso's bic is 8320.77319730298" "lglasso's bic is 7189.71971398141"
 [7] "lglasso's bic is 6620.1015156141"  "lglasso's bic is 6397.36652665203"
 [9] "lglasso's bic is 6520.0803669177"  "lglasso's bic is 6540.54649409901"
[11] "lglasso's bic is 6629.55743984414" "lglasso's bic is 6770.54059113899"
[13] "lglasso's bic is 7120.78102530706" "lglasso's bic is 7853.61423937697"
[15] "lglasso's bic is 7989.14374221746" "lglasso's bic is 8244.2418337469" 
[17] "lglasso's bic is 8510.29090689813" "lglasso's bic is 8656.72421612094"
[19] "lglasso's bic is 8797.92565329536" "lglasso's bic is 8958.86317771593"
[1] "The 44th simulation:"
[1] "two-community heter data are generated"
[1] "heter data are generated"
[1] "heter data are generated"
 [1] "lglasso's bic is 23467.6371147466" "lglasso's bic is 18057.4434052342"
 [3] "lglasso's bic is 14261.5838617092" "lglasso's bic is 11285.6623718295"
 [5] "lglasso's bic is 9525.70258548145" "lglasso's bic is 8316.28910871925"
 [7] "lglasso's bic is 7798.2660123413"  "lglasso's bic is 7470.6796812581" 
 [9] "lglasso's bic is 7444.61514840989" "lglasso's bic is 7577.00552926544"
[11] "lglasso's bic is 7882.07180655474" "lglasso's bic is 8042.40045090418"
[13] "lglasso's bic is 8187.26066724196" "lglasso's bic is 8319.88561857626"
[15] "lglasso's bic is 8479.04130082991" "lglasso's bic is 8629.11328641294"
[17] "lglasso's bic is 10550.5562091276" "lglasso's bic is 10668.3929485626"
[19] "lglasso's bic is 10993.7347798648" "lglasso's bic is 11225.4471851518"
[1] "The 45th simulation:"
[1] "two-community heter data are generated"
[1] "heter data are generated"
[1] "heter data are generated"
 [1] "lglasso's bic is 28665.9775919316" "lglasso's bic is 23220.9760808211"
 [3] "lglasso's bic is 19185.6555474371" "lglasso's bic is 16158.5311535397"
 [5] "lglasso's bic is 14445.7743521794" "lglasso's bic is 13255.810265914" 
 [7] "lglasso's bic is 12593.011984088"  "lglasso's bic is 12296.1245028268"
 [9] "lglasso's bic is 12251.7208707655" "lglasso's bic is 12357.6141052028"
[11] "lglasso's bic is 12509.9352816776" "lglasso's bic is 12618.4493056029"
[13] "lglasso's bic is 12795.7363185152" "lglasso's bic is 12933.4910811178"
[15] "lglasso's bic is 13168.8756216127" "lglasso's bic is 13360.9788840551"
[17] "lglasso's bic is 13698.6244144057" "lglasso's bic is 13880.725641081" 
[19] "lglasso's bic is 14166.1161329942" "lglasso's bic is 14631.8926090522"
[1] "The 46th simulation:"
[1] "two-community heter data are generated"
[1] "heter data are generated"
[1] "heter data are generated"
 [1] "lglasso's bic is 25632.0758148638" "lglasso's bic is 20067.591772692" 
 [3] "lglasso's bic is 15831.5587073689" "lglasso's bic is 13452.4156753088"
 [5] "lglasso's bic is 11581.2938782029" "lglasso's bic is 10488.70436973"  
 [7] "lglasso's bic is 9969.22557759461" "lglasso's bic is 9754.13062562252"
 [9] "lglasso's bic is 9748.44432743223" "lglasso's bic is 10024.2001231545"
[11] "lglasso's bic is 10136.6599921135" "lglasso's bic is 10326.851691014" 
[13] "lglasso's bic is 10439.5751530748" "lglasso's bic is 10608.681054664" 
[15] "lglasso's bic is 10765.9304591518" "lglasso's bic is 10916.7617918184"
[17] "lglasso's bic is 11091.869101384"  "lglasso's bic is 11295.8455479673"
[19] "lglasso's bic is 11460.1555741478" "lglasso's bic is 11910.6359726991"
[1] "The 47th simulation:"
[1] "two-community heter data are generated"
[1] "heter data are generated"
[1] "heter data are generated"
 [1] "lglasso's bic is 17742.0057651128" "lglasso's bic is 11738.6705930809"
 [3] "lglasso's bic is 7727.07632593369" "lglasso's bic is 5239.13725818228"
 [5] "lglasso's bic is 3544.56003909786" "lglasso's bic is 2558.77593205267"
 [7] "lglasso's bic is 2131.47189413993" "lglasso's bic is 2048.6268340326" 
 [9] "lglasso's bic is 2058.63528646903" "lglasso's bic is 2297.74073299345"
[11] "lglasso's bic is 2490.02293308367" "lglasso's bic is 2694.78143268031"
[13] "lglasso's bic is 3196.51493685448" "lglasso's bic is 3542.23046527179"
[15] "lglasso's bic is 3751.39441996096" "lglasso's bic is 3985.65112046458"
[17] "lglasso's bic is 4197.57350273623" "lglasso's bic is 4396.47603686092"
[19] "lglasso's bic is 4632.2749488456"  "lglasso's bic is 4845.31624965167"
[1] "The 48th simulation:"
[1] "two-community heter data are generated"
[1] "heter data are generated"
[1] "heter data are generated"
 [1] "lglasso's bic is 24278.2484820889" "lglasso's bic is 18464.4161312014"
 [3] "lglasso's bic is 14628.9699257852" "lglasso's bic is 11874.1863638843"
 [5] "lglasso's bic is 10158.7321185806" "lglasso's bic is 9215.06051210563"
 [7] "lglasso's bic is 8650.99021970257" "lglasso's bic is 8512.85685220776"
 [9] "lglasso's bic is 8759.84598765257" "lglasso's bic is 8950.32403588111"
[11] "lglasso's bic is 9319.20692100173" "lglasso's bic is 9533.86444845134"
[13] "lglasso's bic is 9750.80035719702" "lglasso's bic is 9946.46507378266"
[15] "lglasso's bic is 10714.0933186762" "lglasso's bic is 10896.861719281" 
[17] "lglasso's bic is 11246.8484973819" "lglasso's bic is 11458.4613459232"
[19] "lglasso's bic is 11658.0011014705" "lglasso's bic is 11893.4408030947"
[1] "The 49th simulation:"
[1] "two-community heter data are generated"
[1] "heter data are generated"
[1] "heter data are generated"
 [1] "lglasso's bic is 33520.0858812079" "lglasso's bic is 28418.6059226632"
 [3] "lglasso's bic is 24156.0011639995" "lglasso's bic is 21415.4893923073"
 [5] "lglasso's bic is 19396.7059796712" "lglasso's bic is 18306.4384477581"
 [7] "lglasso's bic is 17691.0530856012" "lglasso's bic is 17366.9430274122"
 [9] "lglasso's bic is 17378.8294501595" "lglasso's bic is 17358.9259403481"
[11] "lglasso's bic is 17411.8335207722" "lglasso's bic is 17530.4332500094"
[13] "lglasso's bic is 17717.2584803956" "lglasso's bic is 17828.3908325035"
[15] "lglasso's bic is 17958.0809582992" "lglasso's bic is 18082.5452120215"
[17] "lglasso's bic is 18209.2217609132" "lglasso's bic is 18421.4955966757"
[19] "lglasso's bic is 18624.841364739"  "lglasso's bic is 19294.5129008209"
[1] "The 50th simulation:"
[1] "two-community heter data are generated"
[1] "heter data are generated"
[1] "heter data are generated"
 [1] "lglasso's bic is 18126.424324277"  "lglasso's bic is 12167.0313754762"
 [3] "lglasso's bic is 8200.81591527374" "lglasso's bic is 5329.78201013079"
 [5] "lglasso's bic is 3557.60604954076" "lglasso's bic is 2878.91818667995"
 [7] "lglasso's bic is 2533.63954264539" "lglasso's bic is 2440.25150289233"
 [9] "lglasso's bic is 2505.80015290846" "lglasso's bic is 2741.38970368793"
[11] "lglasso's bic is 2943.89104628192" "lglasso's bic is 3140.92879210511"
[13] "lglasso's bic is 3344.64700707777" "lglasso's bic is 3592.1170286799" 
[15] "lglasso's bic is 4247.32585353085" "lglasso's bic is 4449.02750230585"
[17] "lglasso's bic is 4653.92049746143" "lglasso's bic is 4900.53623562855"
[19] "lglasso's bic is 5113.19792378692" "lglasso's bic is 5616.41756076634"
There were 50 or more warnings (use warnings() to see the first 50)
> save(simures,file="subject=40_time=20_uu2=0.4.Rd")
> q("no")
> proc.time()
     user    system   elapsed 
46495.010   108.503 51503.738 
