
R version 4.1.2 (2021-11-01) -- "Bird Hippie"
Copyright (C) 2021 The R Foundation for Statistical Computing
Platform: x86_64-pc-linux-gnu (64-bit)

R is free software and comes with ABSOLUTELY NO WARRANTY.
You are welcome to redistribute it under certain conditions.
Type 'license()' or 'licence()' for distribution details.

  Natural language support but running in an English locale

R is a collaborative project with many contributors.
Type 'contributors()' for more information and
'citation()' on how to cite R or R packages in publications.

Type 'demo()' for some demos, 'help()' for on-line help, or
'help.start()' for an HTML browser interface to help.
Type 'q()' to quit R.

> library("lglasso")
> library("glasso")
> library("BDgraph")
> library("GGMselect")
Loading required package: mvtnorm

Attaching package: 'mvtnorm'

The following object is masked from 'package:BDgraph':

    rmvnorm

> library("Matrix")
> m=20
> n=30
> uu2=0.3
> Nsim=50
> rho=vector("list",5)
> rho[[1]]=seq(0.001,0.3,length=20)
> rho[[2]]=seq(0.001,0.3,length=20)
> rho[[3]]=seq(0.001,0.3,length=20)
> rho[[4]]=seq(0.00001,0.1,length=10)
> rho[[5]]=seq(0.00001,0.1,length=10)
> set.seed(m+n+uu2)
> simures=power_compare1(m=m,n=n,p=80,coe=c(2,0,0),l=Nsim,rho=rho,prob=0.01,heter=T,community2=T,uu=c(0.1,uu2),zirate=c(0.2, 0.8))
[1] "The 1th simulation:"
[1] "two-community heter data are generated"
[1] "heter data are generated"
[1] "heter data are generated"
 [1] "lglasso's bic is 21774.5003045784" "lglasso's bic is 17517.3105677288"
 [3] "lglasso's bic is 14081.3528469042" "lglasso's bic is 11673.2413953737"
 [5] "lglasso's bic is 9912.16936794234" "lglasso's bic is 8537.85428943079"
 [7] "lglasso's bic is 7627.96848988603" "lglasso's bic is 7278.34724134564"
 [9] "lglasso's bic is 6931.32912676463" "lglasso's bic is 6842.00772799733"
[11] "lglasso's bic is 6861.77008481399" "lglasso's bic is 6921.23986027608"
[13] "lglasso's bic is 7238.02646088902" "lglasso's bic is 7453.65873444199"
[15] "lglasso's bic is 7585.71932289558" "lglasso's bic is 7722.91287589301"
[17] "lglasso's bic is 7887.21437936227" "lglasso's bic is 8021.07887296498"
[19] "lglasso's bic is 8163.14772268423" "lglasso's bic is 8341.28979226169"
[1] "The 2th simulation:"
[1] "two-community heter data are generated"
[1] "heter data are generated"
[1] "heter data are generated"
 [1] "lglasso's bic is 26023.9749353626" "lglasso's bic is 21887.4283732611"
 [3] "lglasso's bic is 18741.1949603754" "lglasso's bic is 16445.2275027944"
 [5] "lglasso's bic is 14591.1875788571" "lglasso's bic is 13069.6979244482"
 [7] "lglasso's bic is 12278.7507330936" "lglasso's bic is 11563.4265173051"
 [9] "lglasso's bic is 11444.1185342592" "lglasso's bic is 11194.2024671233"
[11] "lglasso's bic is 11100.4275178394" "lglasso's bic is 11100.8772497327"
[13] "lglasso's bic is 11151.9064717144" "lglasso's bic is 11249.1908753536"
[15] "lglasso's bic is 11441.500089764"  "lglasso's bic is 11577.2957753446"
[17] "lglasso's bic is 11695.7906244283" "lglasso's bic is 11801.2703406542"
[19] "lglasso's bic is 11905.2997479435" "lglasso's bic is 12028.2435031761"
[1] "The 3th simulation:"
[1] "two-community heter data are generated"
[1] "heter data are generated"
[1] "heter data are generated"
 [1] "lglasso's bic is 22139.9205064453" "lglasso's bic is 17751.4001283099"
 [3] "lglasso's bic is 14127.7885410655" "lglasso's bic is 11563.5191788182"
 [5] "lglasso's bic is 9872.68425877813" "lglasso's bic is 8479.06974897109"
 [7] "lglasso's bic is 7662.30094811502" "lglasso's bic is 7171.00171961246"
 [9] "lglasso's bic is 6878.90167211381" "lglasso's bic is 6822.35383617903"
[11] "lglasso's bic is 6886.72442199924" "lglasso's bic is 6934.93828012035"
[13] "lglasso's bic is 7037.60268145629" "lglasso's bic is 7244.18812626772"
[15] "lglasso's bic is 7451.52381748267" "lglasso's bic is 7577.40383243621"
[17] "lglasso's bic is 7996.17427928901" "lglasso's bic is 8221.37407906305"
[19] "lglasso's bic is 8350.5333622116"  "lglasso's bic is 8473.96077046339"
[1] "The 4th simulation:"
[1] "two-community heter data are generated"
[1] "heter data are generated"
[1] "heter data are generated"
 [1] "lglasso's bic is 20924.7399588086" "lglasso's bic is 16333.1611135288"
 [3] "lglasso's bic is 12747.4581037455" "lglasso's bic is 10236.3279512098"
 [5] "lglasso's bic is 8838.10682013066" "lglasso's bic is 7581.88071017304"
 [7] "lglasso's bic is 6701.56469008463" "lglasso's bic is 6364.41576894199"
 [9] "lglasso's bic is 6162.48573937885" "lglasso's bic is 6038.40582030564"
[11] "lglasso's bic is 6384.61113129301" "lglasso's bic is 6367.8498720147" 
[13] "lglasso's bic is 6468.81476389216" "lglasso's bic is 6533.3708184005" 
[15] "lglasso's bic is 6639.44946357334" "lglasso's bic is 6870.21379885034"
[17] "lglasso's bic is 6963.21839802459" "lglasso's bic is 7325.03242147755"
[19] "lglasso's bic is 7442.71461865908" "lglasso's bic is 7556.24941106472"
[1] "The 5th simulation:"
[1] "two-community heter data are generated"
[1] "heter data are generated"
[1] "heter data are generated"
 [1] "lglasso's bic is 23965.4423065837" "lglasso's bic is 19593.0144026892"
 [3] "lglasso's bic is 15978.9713069906" "lglasso's bic is 13540.7170145779"
 [5] "lglasso's bic is 12051.795084378"  "lglasso's bic is 10955.0240495542"
 [7] "lglasso's bic is 10346.4995193914" "lglasso's bic is 10866.8065833013"
 [9] "lglasso's bic is 10632.8463648719" "lglasso's bic is 10561.4486546196"
[11] "lglasso's bic is 10583.5266405643" "lglasso's bic is 10515.9807808849"
[13] "lglasso's bic is 10704.9887316528" "lglasso's bic is 10872.2107677284"
[15] "lglasso's bic is 11018.6726688784" "lglasso's bic is 11166.9504109777"
[17] "lglasso's bic is 11308.7705210514" "lglasso's bic is 11494.5632400785"
[19] "lglasso's bic is 11670.630626402"  "lglasso's bic is 11839.7086925483"
[1] "The 6th simulation:"
[1] "two-community heter data are generated"
[1] "heter data are generated"
[1] "heter data are generated"
 [1] "lglasso's bic is 28592.8114031543" "lglasso's bic is 23866.711434599" 
 [3] "lglasso's bic is 20431.3635078695" "lglasso's bic is 17689.7560995755"
 [5] "lglasso's bic is 16178.2428872018" "lglasso's bic is 15001.7634142323"
 [7] "lglasso's bic is 14141.6332325969" "lglasso's bic is 13726.8363907111"
 [9] "lglasso's bic is 13792.3644868371" "lglasso's bic is 13670.9491380736"
[11] "lglasso's bic is 13679.7973193611" "lglasso's bic is 13697.8821056041"
[13] "lglasso's bic is 13745.2252593187" "lglasso's bic is 13926.6865283626"
[15] "lglasso's bic is 14055.1142148906" "lglasso's bic is 14178.5830263658"
[17] "lglasso's bic is 14298.9132797935" "lglasso's bic is 14421.5323729689"
[19] "lglasso's bic is 14607.1864449704" "lglasso's bic is 14737.4701383255"
[1] "The 7th simulation:"
[1] "two-community heter data are generated"
[1] "heter data are generated"
[1] "heter data are generated"
 [1] "lglasso's bic is 17542.717691807"  "lglasso's bic is 12409.9807766124"
 [3] "lglasso's bic is 9315.94253263642" "lglasso's bic is 6717.16897993876"
 [5] "lglasso's bic is 4981.08506372417" "lglasso's bic is 3764.70772271511"
 [7] "lglasso's bic is 3067.17975686171" "lglasso's bic is 2848.06383904586"
 [9] "lglasso's bic is 2753.84668826455" "lglasso's bic is 2660.3191756852" 
[11] "lglasso's bic is 2706.92911793115" "lglasso's bic is 3135.69857198695"
[13] "lglasso's bic is 3752.75194122074" "lglasso's bic is 3917.66287574788"
[15] "lglasso's bic is 4042.27430679219" "lglasso's bic is 4229.11269296468"
[17] "lglasso's bic is 4612.14607072954" "lglasso's bic is 4758.25055013265"
[19] "lglasso's bic is 4899.91941077635" "lglasso's bic is 5036.42300051337"
[1] "The 8th simulation:"
[1] "two-community heter data are generated"
[1] "heter data are generated"
[1] "heter data are generated"
 [1] "lglasso's bic is 23403.2652035606" "lglasso's bic is 19288.9545121623"
 [3] "lglasso's bic is 16030.341055519"  "lglasso's bic is 13918.591921373" 
 [5] "lglasso's bic is 12009.2503468093" "lglasso's bic is 10875.4945724668"
 [7] "lglasso's bic is 9978.1745790656"  "lglasso's bic is 9295.87863605341"
 [9] "lglasso's bic is 8844.18002182557" "lglasso's bic is 8782.70165970592"
[11] "lglasso's bic is 8732.57185357603" "lglasso's bic is 8714.58636567632"
[13] "lglasso's bic is 8742.34136339102" "lglasso's bic is 8847.377253215"  
[15] "lglasso's bic is 8967.95604683464" "lglasso's bic is 9081.92140803956"
[17] "lglasso's bic is 9225.03771498341" "lglasso's bic is 9335.76869145299"
[19] "lglasso's bic is 9465.66451448926" "lglasso's bic is 9583.58657706142"
[1] "The 9th simulation:"
[1] "two-community heter data are generated"
[1] "heter data are generated"
[1] "heter data are generated"
 [1] "lglasso's bic is 27309.4472096958" "lglasso's bic is 22922.3435388239"
 [3] "lglasso's bic is 19759.604071735"  "lglasso's bic is 17081.821216509" 
 [5] "lglasso's bic is 15596.3178483395" "lglasso's bic is 14079.9776777368"
 [7] "lglasso's bic is 13089.2147132562" "lglasso's bic is 12889.283863441" 
 [9] "lglasso's bic is 12515.3357102994" "lglasso's bic is 12306.2817053504"
[11] "lglasso's bic is 12250.4610075718" "lglasso's bic is 12368.6355974328"
[13] "lglasso's bic is 12473.0067439141" "lglasso's bic is 12580.3307058648"
[15] "lglasso's bic is 12692.1331617064" "lglasso's bic is 12811.5587404681"
[17] "lglasso's bic is 12939.2685751093" "lglasso's bic is 13069.5905949915"
[19] "lglasso's bic is 13195.3577005791" "lglasso's bic is 13995.6996185934"
[1] "The 10th simulation:"
[1] "two-community heter data are generated"
[1] "heter data are generated"
[1] "heter data are generated"
 [1] "lglasso's bic is 26212.7727419529" "lglasso's bic is 21807.6985346053"
 [3] "lglasso's bic is 18664.6023630478" "lglasso's bic is 16154.4000527462"
 [5] "lglasso's bic is 14284.4860262588" "lglasso's bic is 12948.0817764079"
 [7] "lglasso's bic is 12083.4292877345" "lglasso's bic is 11531.9455388721"
 [9] "lglasso's bic is 11130.0422354193" "lglasso's bic is 10879.788993176" 
[11] "lglasso's bic is 10899.2851493674" "lglasso's bic is 10882.2121585311"
[13] "lglasso's bic is 10920.3131138276" "lglasso's bic is 10995.5525598545"
[15] "lglasso's bic is 11172.0715234259" "lglasso's bic is 11272.3948078077"
[17] "lglasso's bic is 11531.0691288324" "lglasso's bic is 11631.2156882658"
[19] "lglasso's bic is 11733.7379504181" "lglasso's bic is 12081.7488017721"
[1] "The 11th simulation:"
[1] "two-community heter data are generated"
[1] "heter data are generated"
[1] "heter data are generated"
 [1] "lglasso's bic is 20921.0488012806" "lglasso's bic is 16487.2005157277"
 [3] "lglasso's bic is 13635.8439566194" "lglasso's bic is 11130.0868976921"
 [5] "lglasso's bic is 9199.21897260076" "lglasso's bic is 7999.10453842989"
 [7] "lglasso's bic is 7142.42871591518" "lglasso's bic is 6622.9727166988" 
 [9] "lglasso's bic is 6279.84581679393" "lglasso's bic is 6357.64227824269"
[11] "lglasso's bic is 6379.74171797224" "lglasso's bic is 6514.70313938485"
[13] "lglasso's bic is 6739.43995147769" "lglasso's bic is 6796.32609860167"
[15] "lglasso's bic is 6905.1524344836"  "lglasso's bic is 7414.66940747948"
[17] "lglasso's bic is 7536.1889530586"  "lglasso's bic is 7654.63020210905"
[19] "lglasso's bic is 7776.53771570972" "lglasso's bic is 7893.66365665701"
[1] "The 12th simulation:"
[1] "two-community heter data are generated"
[1] "heter data are generated"
[1] "heter data are generated"
 [1] "lglasso's bic is 31159.8907059813" "lglasso's bic is 26809.7248033314"
 [3] "lglasso's bic is 23638.4048970763" "lglasso's bic is 21250.7549361511"
 [5] "lglasso's bic is 19380.2971344138" "lglasso's bic is 17985.0554735056"
 [7] "lglasso's bic is 17069.6249393302" "lglasso's bic is 16548.7298959031"
 [9] "lglasso's bic is 16193.8104133369" "lglasso's bic is 16041.67925471"  
[11] "lglasso's bic is 16149.350221876"  "lglasso's bic is 16157.307553402" 
[13] "lglasso's bic is 16296.9721982278" "lglasso's bic is 16365.9071324614"
[15] "lglasso's bic is 16455.266676996"  "lglasso's bic is 16563.9524759885"
[17] "lglasso's bic is 16854.2435255262" "lglasso's bic is 16969.3688130768"
[19] "lglasso's bic is 17078.8678960974" "lglasso's bic is 17545.2093933464"
[1] "The 13th simulation:"
[1] "two-community heter data are generated"
[1] "heter data are generated"
[1] "heter data are generated"
 [1] "lglasso's bic is 23390.3014639326" "lglasso's bic is 18677.5451057845"
 [3] "lglasso's bic is 15686.1094525429" "lglasso's bic is 13116.4220691158"
 [5] "lglasso's bic is 11261.0067721707" "lglasso's bic is 10063.7466041897"
 [7] "lglasso's bic is 9046.43822178787" "lglasso's bic is 8469.05759223278"
 [9] "lglasso's bic is 8374.8892226974"  "lglasso's bic is 8188.91536453539"
[11] "lglasso's bic is 8036.6852711701"  "lglasso's bic is 8041.64696186677"
[13] "lglasso's bic is 8086.69919154238" "lglasso's bic is 8155.8144426806" 
[15] "lglasso's bic is 8267.88909421279" "lglasso's bic is 8402.37705814691"
[17] "lglasso's bic is 8586.10184071403" "lglasso's bic is 8699.34141751784"
[19] "lglasso's bic is 8803.64050933603" "lglasso's bic is 8899.47610297499"
[1] "The 14th simulation:"
[1] "two-community heter data are generated"
[1] "heter data are generated"
[1] "heter data are generated"
 [1] "lglasso's bic is 23079.8614512874" "lglasso's bic is 18705.3034997032"
 [3] "lglasso's bic is 15049.2812535754" "lglasso's bic is 12652.840460528" 
 [5] "lglasso's bic is 10779.0852834389" "lglasso's bic is 9478.3624349961" 
 [7] "lglasso's bic is 8810.89672031251" "lglasso's bic is 8222.94736151037"
 [9] "lglasso's bic is 8015.91819836771" "lglasso's bic is 7922.64601736724"
[11] "lglasso's bic is 8287.20946349515" "lglasso's bic is 8327.30970699805"
[13] "lglasso's bic is 8398.09579948127" "lglasso's bic is 8664.71142262015"
[15] "lglasso's bic is 8786.29403711612" "lglasso's bic is 8909.75177855309"
[17] "lglasso's bic is 9543.94913243911" "lglasso's bic is 9660.24337474886"
[19] "lglasso's bic is 9764.20859009554" "lglasso's bic is 9901.64880042858"
[1] "The 15th simulation:"
[1] "two-community heter data are generated"
[1] "heter data are generated"
[1] "heter data are generated"
 [1] "lglasso's bic is 27798.3472402554" "lglasso's bic is 23339.4497169835"
 [3] "lglasso's bic is 20152.5013538543" "lglasso's bic is 17512.4562643228"
 [5] "lglasso's bic is 15566.3947495087" "lglasso's bic is 14165.1098662807"
 [7] "lglasso's bic is 13144.7534711868" "lglasso's bic is 12626.9797303646"
 [9] "lglasso's bic is 12262.4797212308" "lglasso's bic is 12078.035276976" 
[11] "lglasso's bic is 12046.2583862193" "lglasso's bic is 12151.9630927713"
[13] "lglasso's bic is 12250.9164044593" "lglasso's bic is 12313.0595943803"
[15] "lglasso's bic is 12399.936995164"  "lglasso's bic is 12522.0849711215"
[17] "lglasso's bic is 12958.7753627236" "lglasso's bic is 13051.860744122" 
[19] "lglasso's bic is 13264.670050796"  "lglasso's bic is 13356.5127570289"
[1] "The 16th simulation:"
[1] "two-community heter data are generated"
[1] "heter data are generated"
[1] "heter data are generated"
 [1] "lglasso's bic is 26049.3191264625" "lglasso's bic is 22201.849529281" 
 [3] "lglasso's bic is 19265.6908951002" "lglasso's bic is 16761.207159521" 
 [5] "lglasso's bic is 14880.6309650685" "lglasso's bic is 13399.2837240306"
 [7] "lglasso's bic is 12524.3071982291" "lglasso's bic is 11935.9184674501"
 [9] "lglasso's bic is 11840.6279522107" "lglasso's bic is 11725.7210905604"
[11] "lglasso's bic is 11559.243489494"  "lglasso's bic is 11602.2257734997"
[13] "lglasso's bic is 11607.8501899703" "lglasso's bic is 11588.4025965412"
[15] "lglasso's bic is 11569.9066302461" "lglasso's bic is 11596.7899156591"
[17] "lglasso's bic is 11664.0169230803" "lglasso's bic is 11709.1382172915"
[19] "lglasso's bic is 11759.020500114"  "lglasso's bic is 11839.8067372308"
[1] "The 17th simulation:"
[1] "two-community heter data are generated"
[1] "heter data are generated"
[1] "heter data are generated"
 [1] "lglasso's bic is 21634.9450605841" "lglasso's bic is 17187.8033917943"
 [3] "lglasso's bic is 13770.2550118215" "lglasso's bic is 11347.5905339848"
 [5] "lglasso's bic is 9425.39590221136" "lglasso's bic is 8151.41017099413"
 [7] "lglasso's bic is 7283.76920416042" "lglasso's bic is 6717.43655428896"
 [9] "lglasso's bic is 6348.9179060206"  "lglasso's bic is 7005.13153029879"
[11] "lglasso's bic is 7039.97865274812" "lglasso's bic is 7059.92343978983"
[13] "lglasso's bic is 7101.1986827754"  "lglasso's bic is 7124.17763624399"
[15] "lglasso's bic is 7192.58023174918" "lglasso's bic is 7285.68737129505"
[17] "lglasso's bic is 7700.81310732905" "lglasso's bic is 7808.63598294004"
[19] "lglasso's bic is 7964.75006612229" "lglasso's bic is 8039.48445125631"
[1] "The 18th simulation:"
[1] "two-community heter data are generated"
[1] "heter data are generated"
[1] "heter data are generated"
 [1] "lglasso's bic is 26411.2053945416" "lglasso's bic is 22444.9313569099"
 [3] "lglasso's bic is 19623.6628472112" "lglasso's bic is 17397.8509907468"
 [5] "lglasso's bic is 15625.3213244941" "lglasso's bic is 14160.2730759839"
 [7] "lglasso's bic is 13251.7563217817" "lglasso's bic is 12632.8317664945"
 [9] "lglasso's bic is 12291.6967745363" "lglasso's bic is 12219.5665227506"
[11] "lglasso's bic is 12072.9852369413" "lglasso's bic is 12099.2295721801"
[13] "lglasso's bic is 12146.9282498639" "lglasso's bic is 12288.8139261946"
[15] "lglasso's bic is 12403.966347914"  "lglasso's bic is 12510.8800826354"
[17] "lglasso's bic is 12616.5201089358" "lglasso's bic is 12752.9452032069"
[19] "lglasso's bic is 12883.2402363744" "lglasso's bic is 13107.9129526179"
[1] "The 19th simulation:"
[1] "two-community heter data are generated"
[1] "heter data are generated"
[1] "heter data are generated"
 [1] "lglasso's bic is 24679.4746268255" "lglasso's bic is 20188.5236682964"
 [3] "lglasso's bic is 16585.4036149994" "lglasso's bic is 13931.1049751803"
 [5] "lglasso's bic is 12286.3679238509" "lglasso's bic is 11055.4262659778"
 [7] "lglasso's bic is 10215.5646347143" "lglasso's bic is 9713.40465299787"
 [9] "lglasso's bic is 9600.68864408503" "lglasso's bic is 9935.12169371369"
[11] "lglasso's bic is 9869.6798098547"  "lglasso's bic is 9816.61513612709"
[13] "lglasso's bic is 9915.67458841769" "lglasso's bic is 9995.78724608807"
[15] "lglasso's bic is 10102.7062350401" "lglasso's bic is 10203.2908589008"
[17] "lglasso's bic is 10511.951614506"  "lglasso's bic is 10645.5612814185"
[19] "lglasso's bic is 10753.5773708128" "lglasso's bic is 10868.7116952878"
[1] "The 20th simulation:"
[1] "two-community heter data are generated"
[1] "heter data are generated"
[1] "heter data are generated"
 [1] "lglasso's bic is 21747.4185284587" "lglasso's bic is 17753.5970262441"
 [3] "lglasso's bic is 14509.125256357"  "lglasso's bic is 11964.5500768634"
 [5] "lglasso's bic is 10190.4666098009" "lglasso's bic is 8807.96564919896"
 [7] "lglasso's bic is 7977.53663480061" "lglasso's bic is 7254.5753685879" 
 [9] "lglasso's bic is 6967.68618962819" "lglasso's bic is 6761.6708613357" 
[11] "lglasso's bic is 6692.60298910824" "lglasso's bic is 6697.36667776252"
[13] "lglasso's bic is 6776.43063397878" "lglasso's bic is 7130.08960289344"
[15] "lglasso's bic is 7238.60426628805" "lglasso's bic is 7413.10935610098"
[17] "lglasso's bic is 7656.84064871425" "lglasso's bic is 7757.91533660742"
[19] "lglasso's bic is 7901.23412971052" "lglasso's bic is 8097.56627018372"
[1] "The 21th simulation:"
[1] "two-community heter data are generated"
[1] "heter data are generated"
[1] "heter data are generated"
 [1] "lglasso's bic is 21179.6245530978" "lglasso's bic is 16762.1258545367"
 [3] "lglasso's bic is 13552.2674971343" "lglasso's bic is 11909.9182023262"
 [5] "lglasso's bic is 10108.4339759731" "lglasso's bic is 8872.76708390405"
 [7] "lglasso's bic is 8176.30366297166" "lglasso's bic is 7709.09668146146"
 [9] "lglasso's bic is 7365.57230232957" "lglasso's bic is 7219.81936474728"
[11] "lglasso's bic is 7186.82529129249" "lglasso's bic is 7258.21782102606"
[13] "lglasso's bic is 7380.32301101104" "lglasso's bic is 7505.23597695638"
[15] "lglasso's bic is 7656.92877475642" "lglasso's bic is 7797.5667935417" 
[17] "lglasso's bic is 7963.6249324811"  "lglasso's bic is 8123.34296822104"
[19] "lglasso's bic is 8442.66790582961" "lglasso's bic is 8593.6281331677" 
[1] "The 22th simulation:"
[1] "two-community heter data are generated"
[1] "heter data are generated"
[1] "heter data are generated"
 [1] "lglasso's bic is 25513.6144256672" "lglasso's bic is 20716.2174200925"
 [3] "lglasso's bic is 17311.4697677492" "lglasso's bic is 15015.4619737976"
 [5] "lglasso's bic is 13447.2629249393" "lglasso's bic is 12170.5451566325"
 [7] "lglasso's bic is 11396.1595050837" "lglasso's bic is 10870.0756309378"
 [9] "lglasso's bic is 10686.5193857244" "lglasso's bic is 10935.792928874" 
[11] "lglasso's bic is 10997.3608951537" "lglasso's bic is 11014.7138160125"
[13] "lglasso's bic is 11120.872497321"  "lglasso's bic is 11263.2487266351"
[15] "lglasso's bic is 11877.7602583933" "lglasso's bic is 12020.1008052373"
[17] "lglasso's bic is 12248.1079404877" "lglasso's bic is 12376.5968610682"
[19] "lglasso's bic is 12518.2830422252" "lglasso's bic is 13134.4169932199"
[1] "The 23th simulation:"
[1] "two-community heter data are generated"
[1] "heter data are generated"
[1] "heter data are generated"
 [1] "lglasso's bic is 15263.768019431"  "lglasso's bic is 9862.38981334599"
 [3] "lglasso's bic is 6663.19875646782" "lglasso's bic is 4655.8844040629" 
 [5] "lglasso's bic is 3195.24648577935" "lglasso's bic is 2119.536533665"  
 [7] "lglasso's bic is 1523.14810191112" "lglasso's bic is 1183.66728163626"
 [9] "lglasso's bic is 1068.12159699384" "lglasso's bic is 1118.99061597548"
[11] "lglasso's bic is 1259.8536638946"  "lglasso's bic is 1411.48347510185"
[13] "lglasso's bic is 1637.98589661996" "lglasso's bic is 1998.36661779101"
[15] "lglasso's bic is 2306.82975274522" "lglasso's bic is 2557.09850454427"
[17] "lglasso's bic is 2752.9540067687"  "lglasso's bic is 2960.9741233495" 
[19] "lglasso's bic is 3159.5014867523"  "lglasso's bic is 3559.39945671622"
[1] "The 24th simulation:"
[1] "two-community heter data are generated"
[1] "heter data are generated"
[1] "heter data are generated"
 [1] "lglasso's bic is 24397.5499956146" "lglasso's bic is 20278.7474695827"
 [3] "lglasso's bic is 17021.9750138425" "lglasso's bic is 14485.3339053761"
 [5] "lglasso's bic is 12488.2469267142" "lglasso's bic is 11374.7494679896"
 [7] "lglasso's bic is 10439.5378814187" "lglasso's bic is 9852.62139092834"
 [9] "lglasso's bic is 9561.09079644816" "lglasso's bic is 9428.91306405053"
[11] "lglasso's bic is 9518.44533737431" "lglasso's bic is 9568.79156218483"
[13] "lglasso's bic is 9647.61853170628" "lglasso's bic is 9776.26510615301"
[15] "lglasso's bic is 9923.52132629601" "lglasso's bic is 10043.7600059294"
[17] "lglasso's bic is 10256.1278667076" "lglasso's bic is 10378.2911083646"
[19] "lglasso's bic is 10515.9890047527" "lglasso's bic is 10634.8924904445"
[1] "The 25th simulation:"
[1] "two-community heter data are generated"
[1] "heter data are generated"
[1] "heter data are generated"
 [1] "lglasso's bic is 30095.685770716"  "lglasso's bic is 26398.0697177018"
 [3] "lglasso's bic is 23048.1835538049" "lglasso's bic is 20764.2603244746"
 [5] "lglasso's bic is 18784.0862758617" "lglasso's bic is 17168.4217324545"
 [7] "lglasso's bic is 16188.5888266153" "lglasso's bic is 15505.887351433" 
 [9] "lglasso's bic is 15181.5817429543" "lglasso's bic is 14887.7494855584"
[11] "lglasso's bic is 14848.8978019976" "lglasso's bic is 14824.5378941973"
[13] "lglasso's bic is 14838.3892451751" "lglasso's bic is 14888.2599160613"
[15] "lglasso's bic is 14945.1042705173" "lglasso's bic is 15004.897503363" 
[17] "lglasso's bic is 15076.6232496192" "lglasso's bic is 15167.9744698672"
[19] "lglasso's bic is 15255.0612326467" "lglasso's bic is 15344.5113920325"
[1] "The 26th simulation:"
[1] "two-community heter data are generated"
[1] "heter data are generated"
[1] "heter data are generated"
 [1] "lglasso's bic is 27464.4632124704" "lglasso's bic is 23125.7881896101"
 [3] "lglasso's bic is 19976.2260905581" "lglasso's bic is 17989.8583693187"
 [5] "lglasso's bic is 15951.7668502442" "lglasso's bic is 14536.9647421717"
 [7] "lglasso's bic is 13657.4566940336" "lglasso's bic is 13128.8667760426"
 [9] "lglasso's bic is 12769.3493017636" "lglasso's bic is 12553.4342058032"
[11] "lglasso's bic is 12421.7324068088" "lglasso's bic is 12604.7872817797"
[13] "lglasso's bic is 12667.836963253"  "lglasso's bic is 12722.9918615724"
[15] "lglasso's bic is 12824.5400360536" "lglasso's bic is 12946.5563424005"
[17] "lglasso's bic is 13071.0889334911" "lglasso's bic is 13182.6198322378"
[19] "lglasso's bic is 13294.0722384077" "lglasso's bic is 13525.5893311443"
[1] "The 27th simulation:"
[1] "two-community heter data are generated"
[1] "heter data are generated"
[1] "heter data are generated"
 [1] "lglasso's bic is 23702.1955552399" "lglasso's bic is 18843.5977960163"
 [3] "lglasso's bic is 15503.1258566858" "lglasso's bic is 13692.8292782448"
 [5] "lglasso's bic is 11782.3833744094" "lglasso's bic is 10586.5829823091"
 [7] "lglasso's bic is 9685.12186121362" "lglasso's bic is 9208.90974656143"
 [9] "lglasso's bic is 9063.34413566242" "lglasso's bic is 9061.92413752489"
[11] "lglasso's bic is 9124.00990080235" "lglasso's bic is 9958.331242177"  
[13] "lglasso's bic is 9938.5521660962"  "lglasso's bic is 9991.65529952147"
[15] "lglasso's bic is 10064.6137848226" "lglasso's bic is 10161.4559765375"
[17] "lglasso's bic is 10261.2369473384" "lglasso's bic is 10380.7490863887"
[19] "lglasso's bic is 10495.4604045752" "lglasso's bic is 10657.0622364302"
[1] "The 28th simulation:"
[1] "two-community heter data are generated"
[1] "heter data are generated"
[1] "heter data are generated"
 [1] "lglasso's bic is 19322.4913338656" "lglasso's bic is 14558.9375915516"
 [3] "lglasso's bic is 11072.2175135191" "lglasso's bic is 8544.59876990121"
 [5] "lglasso's bic is 6775.42930461938" "lglasso's bic is 5668.14935021652"
 [7] "lglasso's bic is 4988.33857786543" "lglasso's bic is 4642.51199791583"
 [9] "lglasso's bic is 4463.60725216935" "lglasso's bic is 4447.58214061155"
[11] "lglasso's bic is 4522.87030801667" "lglasso's bic is 4638.87650405036"
[13] "lglasso's bic is 4775.21552485454" "lglasso's bic is 5540.19582176931"
[15] "lglasso's bic is 5743.6264633336"  "lglasso's bic is 6092.22673672103"
[17] "lglasso's bic is 6227.69477925542" "lglasso's bic is 6376.39848019923"
[19] "lglasso's bic is 6519.70100070364" "lglasso's bic is 6668.94784302543"
[1] "The 29th simulation:"
[1] "two-community heter data are generated"
[1] "heter data are generated"
[1] "heter data are generated"
 [1] "lglasso's bic is 24144.4469032147" "lglasso's bic is 19981.3249104341"
 [3] "lglasso's bic is 16687.6464197829" "lglasso's bic is 14079.2279401482"
 [5] "lglasso's bic is 12275.0971080301" "lglasso's bic is 10813.2932283129"
 [7] "lglasso's bic is 9940.63750782599" "lglasso's bic is 9280.84187572605"
 [9] "lglasso's bic is 9054.93220470396" "lglasso's bic is 8927.64188542051"
[11] "lglasso's bic is 9076.85879726673" "lglasso's bic is 9073.11752012212"
[13] "lglasso's bic is 9102.06435982057" "lglasso's bic is 9276.58728580335"
[15] "lglasso's bic is 9329.71792162369" "lglasso's bic is 9479.92958892322"
[17] "lglasso's bic is 9803.06562279606" "lglasso's bic is 9882.23478150551"
[19] "lglasso's bic is 9970.45099826594" "lglasso's bic is 10155.8058890592"
[1] "The 30th simulation:"
[1] "two-community heter data are generated"
[1] "heter data are generated"
[1] "heter data are generated"
 [1] "lglasso's bic is 14583.1394665608" "lglasso's bic is 10233.4018255667"
 [3] "lglasso's bic is 6962.0559595357"  "lglasso's bic is 4461.2816913427" 
 [5] "lglasso's bic is 2861.2554158111"  "lglasso's bic is 1668.40503779187"
 [7] "lglasso's bic is 999.769449668318" "lglasso's bic is 704.972404315823"
 [9] "lglasso's bic is 444.951812534773" "lglasso's bic is 350.729353900706"
[11] "lglasso's bic is 318.941686986564" "lglasso's bic is 435.949963118086"
[13] "lglasso's bic is 491.733920570401" "lglasso's bic is 634.972892054584"
[15] "lglasso's bic is 767.100761727228" "lglasso's bic is 925.687467869319"
[17] "lglasso's bic is 1125.32101374159" "lglasso's bic is 1276.16520156172"
[19] "lglasso's bic is 1425.03535686634" "lglasso's bic is 1585.64701419024"
[1] "The 31th simulation:"
[1] "two-community heter data are generated"
[1] "heter data are generated"
[1] "heter data are generated"
 [1] "lglasso's bic is 15004.5064477829" "lglasso's bic is 9541.90768783308"
 [3] "lglasso's bic is 6462.97381300458" "lglasso's bic is 4503.2039197056" 
 [5] "lglasso's bic is 3017.332589616"   "lglasso's bic is 2179.91338550049"
 [7] "lglasso's bic is 1858.18392654603" "lglasso's bic is 1569.92874693091"
 [9] "lglasso's bic is 1752.93373425009" "lglasso's bic is 1769.00845959843"
[11] "lglasso's bic is 1989.9361760153"  "lglasso's bic is 2441.67273181311"
[13] "lglasso's bic is 2843.85292812878" "lglasso's bic is 3265.17620312074"
[15] "lglasso's bic is 3496.45386378356" "lglasso's bic is 3711.00015198083"
[17] "lglasso's bic is 3907.38544535073" "lglasso's bic is 4163.74543818435"
[19] "lglasso's bic is 4379.74873580094" "lglasso's bic is 4599.19564761177"
[1] "The 32th simulation:"
[1] "two-community heter data are generated"
[1] "heter data are generated"
[1] "heter data are generated"
 [1] "lglasso's bic is 30005.9408373477" "lglasso's bic is 25613.8797231446"
 [3] "lglasso's bic is 22106.3748041964" "lglasso's bic is 19566.2435281601"
 [5] "lglasso's bic is 17815.1870682357" "lglasso's bic is 16586.4674033655"
 [7] "lglasso's bic is 16149.4627358803" "lglasso's bic is 15585.4510485398"
 [9] "lglasso's bic is 15210.4156153903" "lglasso's bic is 15008.0671867793"
[11] "lglasso's bic is 15106.5089462589" "lglasso's bic is 15086.5416415708"
[13] "lglasso's bic is 15154.7501730856" "lglasso's bic is 15241.8591262924"
[15] "lglasso's bic is 15324.9891477615" "lglasso's bic is 15414.1361754334"
[17] "lglasso's bic is 15523.3262797216" "lglasso's bic is 15627.1146873854"
[19] "lglasso's bic is 15739.7064535884" "lglasso's bic is 15854.5823593753"
[1] "The 33th simulation:"
[1] "two-community heter data are generated"
[1] "heter data are generated"
[1] "heter data are generated"
 [1] "lglasso's bic is 23221.7142303814" "lglasso's bic is 18739.7393106937"
 [3] "lglasso's bic is 15785.1600159062" "lglasso's bic is 13559.9039252652"
 [5] "lglasso's bic is 11883.5946097614" "lglasso's bic is 10544.7175417291"
 [7] "lglasso's bic is 9711.71372502313" "lglasso's bic is 9141.77261254266"
 [9] "lglasso's bic is 8942.82554445564" "lglasso's bic is 8842.22321105925"
[11] "lglasso's bic is 8858.48307187719" "lglasso's bic is 8928.54616900831"
[13] "lglasso's bic is 9191.66034691442" "lglasso's bic is 9328.59830543824"
[15] "lglasso's bic is 9467.38731918188" "lglasso's bic is 9592.68215500564"
[17] "lglasso's bic is 9832.00081906398" "lglasso's bic is 9972.52525449781"
[19] "lglasso's bic is 10142.2994709918" "lglasso's bic is 10288.3984604115"
[1] "The 34th simulation:"
[1] "two-community heter data are generated"
[1] "heter data are generated"
[1] "heter data are generated"
 [1] "lglasso's bic is 20938.1747013663" "lglasso's bic is 16182.3742302111"
 [3] "lglasso's bic is 12939.6588336053" "lglasso's bic is 10648.8166277007"
 [5] "lglasso's bic is 8697.74184729821" "lglasso's bic is 7495.77397379234"
 [7] "lglasso's bic is 6637.63332424278" "lglasso's bic is 6305.78837168194"
 [9] "lglasso's bic is 6074.67498780533" "lglasso's bic is 6090.54389168095"
[11] "lglasso's bic is 6085.79052844562" "lglasso's bic is 6338.06241046454"
[13] "lglasso's bic is 6492.68946425583" "lglasso's bic is 6710.14859401905"
[15] "lglasso's bic is 6853.03958818903" "lglasso's bic is 7188.42671265618"
[17] "lglasso's bic is 7345.36946405475" "lglasso's bic is 7488.62806601031"
[19] "lglasso's bic is 7760.37371797802" "lglasso's bic is 7988.72600413808"
[1] "The 35th simulation:"
[1] "two-community heter data are generated"
[1] "heter data are generated"
[1] "heter data are generated"
 [1] "lglasso's bic is 31087.9056708316" "lglasso's bic is 26888.6474562924"
 [3] "lglasso's bic is 23443.0286409075" "lglasso's bic is 20953.001141578" 
 [5] "lglasso's bic is 19009.080112992"  "lglasso's bic is 17700.9387829737"
 [7] "lglasso's bic is 16850.9474681911" "lglasso's bic is 16291.0604682272"
 [9] "lglasso's bic is 16022.9566880017" "lglasso's bic is 15960.7463407281"
[11] "lglasso's bic is 15876.099656553"  "lglasso's bic is 16067.5782906205"
[13] "lglasso's bic is 16117.8403841845" "lglasso's bic is 16168.8734595144"
[15] "lglasso's bic is 16624.0568606883" "lglasso's bic is 16695.5835101536"
[17] "lglasso's bic is 16932.8759633392" "lglasso's bic is 17008.9226439035"
[19] "lglasso's bic is 17103.1856922389" "lglasso's bic is 17225.4394412464"
[1] "The 36th simulation:"
[1] "two-community heter data are generated"
[1] "heter data are generated"
[1] "heter data are generated"
 [1] "lglasso's bic is 30266.6180362279" "lglasso's bic is 25620.142668048" 
 [3] "lglasso's bic is 22481.4456369256" "lglasso's bic is 20419.9654192899"
 [5] "lglasso's bic is 18491.5372250845" "lglasso's bic is 16956.3081439745"
 [7] "lglasso's bic is 16050.5161226017" "lglasso's bic is 15518.972030079" 
 [9] "lglasso's bic is 15208.6450988831" "lglasso's bic is 15035.7197454693"
[11] "lglasso's bic is 15086.6156730739" "lglasso's bic is 15098.2844816703"
[13] "lglasso's bic is 15157.0126502951" "lglasso's bic is 15252.8346352426"
[15] "lglasso's bic is 15356.5024116667" "lglasso's bic is 15462.6696366584"
[17] "lglasso's bic is 15576.9067141257" "lglasso's bic is 15715.1993910145"
[19] "lglasso's bic is 15834.2673476998" "lglasso's bic is 16083.4670992496"
[1] "The 37th simulation:"
[1] "two-community heter data are generated"
[1] "heter data are generated"
[1] "heter data are generated"
 [1] "lglasso's bic is 20886.3741186026" "lglasso's bic is 17590.8613071993"
 [3] "lglasso's bic is 14682.4369367569" "lglasso's bic is 12150.1380368357"
 [5] "lglasso's bic is 10389.6630598312" "lglasso's bic is 9208.16940008099"
 [7] "lglasso's bic is 8254.9066299181"  "lglasso's bic is 7474.91793850806"
 [9] "lglasso's bic is 7146.25627808189" "lglasso's bic is 6855.063030372"  
[11] "lglasso's bic is 6888.92275523414" "lglasso's bic is 6892.86184101835"
[13] "lglasso's bic is 6933.7577848391"  "lglasso's bic is 7023.98041092768"
[15] "lglasso's bic is 7169.57208095729" "lglasso's bic is 7715.54703730876"
[17] "lglasso's bic is 7818.60892566603" "lglasso's bic is 7946.54156823072"
[19] "lglasso's bic is 8066.84652594308" "lglasso's bic is 8179.18159720584"
[1] "The 38th simulation:"
[1] "two-community heter data are generated"
[1] "heter data are generated"
[1] "heter data are generated"
 [1] "lglasso's bic is 24050.257883277"  "lglasso's bic is 19079.2870245926"
 [3] "lglasso's bic is 15911.0589811305" "lglasso's bic is 13581.8288756085"
 [5] "lglasso's bic is 12034.0557602918" "lglasso's bic is 11047.8130944005"
 [7] "lglasso's bic is 10219.1515634368" "lglasso's bic is 9704.43878680114"
 [9] "lglasso's bic is 9602.25967139204" "lglasso's bic is 9488.17122797348"
[11] "lglasso's bic is 9645.19431917737" "lglasso's bic is 9726.91431435716"
[13] "lglasso's bic is 9853.55673880806" "lglasso's bic is 9989.19261354134"
[15] "lglasso's bic is 10176.6878897992" "lglasso's bic is 10454.86158241"  
[17] "lglasso's bic is 10840.3130309349" "lglasso's bic is 11083.4638711364"
[19] "lglasso's bic is 11243.8924547428" "lglasso's bic is 11429.3716131492"
[1] "The 39th simulation:"
[1] "two-community heter data are generated"
[1] "heter data are generated"
[1] "heter data are generated"
 [1] "lglasso's bic is 21167.6795739969" "lglasso's bic is 16368.2135049022"
 [3] "lglasso's bic is 13033.6427294641" "lglasso's bic is 10746.7472972112"
 [5] "lglasso's bic is 9021.49856140029" "lglasso's bic is 7993.15724887659"
 [7] "lglasso's bic is 7273.12116551078" "lglasso's bic is 7072.99787247529"
 [9] "lglasso's bic is 6907.53886439901" "lglasso's bic is 6800.54156488035"
[11] "lglasso's bic is 6837.88596444359" "lglasso's bic is 7025.52155826338"
[13] "lglasso's bic is 7138.00195214766" "lglasso's bic is 7334.70242107218"
[15] "lglasso's bic is 7931.6528394215"  "lglasso's bic is 8078.82749423306"
[17] "lglasso's bic is 8264.44232808628" "lglasso's bic is 8445.84195922971"
[19] "lglasso's bic is 8629.73395204351" "lglasso's bic is 8786.96111054081"
[1] "The 40th simulation:"
[1] "two-community heter data are generated"
[1] "heter data are generated"
[1] "heter data are generated"
 [1] "lglasso's bic is 22234.0612320264" "lglasso's bic is 17710.9732547107"
 [3] "lglasso's bic is 14251.3303102294" "lglasso's bic is 11682.1890461773"
 [5] "lglasso's bic is 9778.8699074352"  "lglasso's bic is 8588.7332000865" 
 [7] "lglasso's bic is 7713.69594489849" "lglasso's bic is 7278.07868461061"
 [9] "lglasso's bic is 7052.12386384695" "lglasso's bic is 7062.81336005733"
[11] "lglasso's bic is 7112.88479278709" "lglasso's bic is 7237.30524106075"
[13] "lglasso's bic is 7360.52631377838" "lglasso's bic is 7467.02669505355"
[15] "lglasso's bic is 7604.09756302769" "lglasso's bic is 7743.91412610674"
[17] "lglasso's bic is 7882.95533244341" "lglasso's bic is 8024.4750208121" 
[19] "lglasso's bic is 8173.08837966251" "lglasso's bic is 8772.13608161775"
[1] "The 41th simulation:"
[1] "two-community heter data are generated"
[1] "heter data are generated"
[1] "heter data are generated"
 [1] "lglasso's bic is 28770.5130478006" "lglasso's bic is 24460.9350140685"
 [3] "lglasso's bic is 21070.6464674005" "lglasso's bic is 18473.3019234183"
 [5] "lglasso's bic is 16533.6984016552" "lglasso's bic is 15297.3761225754"
 [7] "lglasso's bic is 14518.6233116107" "lglasso's bic is 14197.6206983818"
 [9] "lglasso's bic is 14028.8539140264" "lglasso's bic is 13909.8511405546"
[11] "lglasso's bic is 13915.2419696176" "lglasso's bic is 13939.487450729" 
[13] "lglasso's bic is 13985.3785753965" "lglasso's bic is 14080.2414669682"
[15] "lglasso's bic is 14184.6990936503" "lglasso's bic is 14295.0402176502"
[17] "lglasso's bic is 14707.373858362"  "lglasso's bic is 14797.7924510827"
[19] "lglasso's bic is 14906.2433530195" "lglasso's bic is 15019.4397459429"
[1] "The 42th simulation:"
[1] "two-community heter data are generated"
[1] "heter data are generated"
[1] "heter data are generated"
 [1] "lglasso's bic is 23296.4556149936" "lglasso's bic is 18461.2078857461"
 [3] "lglasso's bic is 14872.9736250809" "lglasso's bic is 12447.6674501092"
 [5] "lglasso's bic is 10755.2355733265" "lglasso's bic is 9534.01768427645"
 [7] "lglasso's bic is 8792.9605684461"  "lglasso's bic is 8292.18348287396"
 [9] "lglasso's bic is 8108.54555223465" "lglasso's bic is 7999.98504373249"
[11] "lglasso's bic is 8119.97025161721" "lglasso's bic is 8223.28318859765"
[13] "lglasso's bic is 8367.62916440953" "lglasso's bic is 8488.34011394208"
[15] "lglasso's bic is 8668.72547851013" "lglasso's bic is 8784.00184171044"
[17] "lglasso's bic is 8908.02281146078" "lglasso's bic is 9089.91078581207"
[19] "lglasso's bic is 9581.01662342875" "lglasso's bic is 9707.11690458301"
[1] "The 43th simulation:"
[1] "two-community heter data are generated"
[1] "heter data are generated"
[1] "heter data are generated"
 [1] "lglasso's bic is 22329.0551476595" "lglasso's bic is 17917.6282037791"
 [3] "lglasso's bic is 14449.3114710738" "lglasso's bic is 12149.0362716626"
 [5] "lglasso's bic is 10809.8031795746" "lglasso's bic is 9580.85896363647"
 [7] "lglasso's bic is 8982.63328591994" "lglasso's bic is 8645.82364726939"
 [9] "lglasso's bic is 8379.40859098405" "lglasso's bic is 8402.04381158621"
[11] "lglasso's bic is 8455.17611211713" "lglasso's bic is 8522.12952367418"
[13] "lglasso's bic is 8591.85525642787" "lglasso's bic is 8719.56604653739"
[15] "lglasso's bic is 8845.14973486051" "lglasso's bic is 9040.92322018401"
[17] "lglasso's bic is 9223.60255592154" "lglasso's bic is 9437.08524080784"
[19] "lglasso's bic is 9755.29469637949" "lglasso's bic is 9900.90593100318"
[1] "The 44th simulation:"
[1] "two-community heter data are generated"
[1] "heter data are generated"
[1] "heter data are generated"
 [1] "lglasso's bic is 23074.7304457562" "lglasso's bic is 19139.8482381121"
 [3] "lglasso's bic is 15902.5015548567" "lglasso's bic is 13628.2394459602"
 [5] "lglasso's bic is 11786.7789760026" "lglasso's bic is 10304.7474029676"
 [7] "lglasso's bic is 9304.50863402171" "lglasso's bic is 8695.33723729331"
 [9] "lglasso's bic is 8327.61326125554" "lglasso's bic is 8136.01946437831"
[11] "lglasso's bic is 8002.29551782896" "lglasso's bic is 7990.83064786995"
[13] "lglasso's bic is 8040.28116182342" "lglasso's bic is 8117.23108748613"
[15] "lglasso's bic is 8212.09999948368" "lglasso's bic is 8307.0341904665" 
[17] "lglasso's bic is 8432.82810437637" "lglasso's bic is 8554.8294078851" 
[19] "lglasso's bic is 8742.72152705758" "lglasso's bic is 8947.74308835083"
[1] "The 45th simulation:"
[1] "two-community heter data are generated"
[1] "heter data are generated"
[1] "heter data are generated"
 [1] "lglasso's bic is 24319.4352190618" "lglasso's bic is 19680.633522767" 
 [3] "lglasso's bic is 16387.7857894975" "lglasso's bic is 13862.6180262139"
 [5] "lglasso's bic is 12262.4397034375" "lglasso's bic is 10887.5829173475"
 [7] "lglasso's bic is 10337.5679108332" "lglasso's bic is 9808.10071373558"
 [9] "lglasso's bic is 9526.07022765364" "lglasso's bic is 9732.50777861937"
[11] "lglasso's bic is 9820.03639673977" "lglasso's bic is 9875.1220212986" 
[13] "lglasso's bic is 9940.14008865423" "lglasso's bic is 10067.3801397607"
[15] "lglasso's bic is 10190.8888091758" "lglasso's bic is 10309.7144134402"
[17] "lglasso's bic is 10453.647984759"  "lglasso's bic is 10691.1470575715"
[19] "lglasso's bic is 10886.7217874915" "lglasso's bic is 11107.7306676526"
[1] "The 46th simulation:"
[1] "two-community heter data are generated"
[1] "heter data are generated"
[1] "heter data are generated"
 [1] "lglasso's bic is 21271.0315309183" "lglasso's bic is 16784.3067627295"
 [3] "lglasso's bic is 13444.8007316488" "lglasso's bic is 10883.4856008851"
 [5] "lglasso's bic is 9199.41165766606" "lglasso's bic is 8051.23687079141"
 [7] "lglasso's bic is 7135.47937742947" "lglasso's bic is 6736.12758526222"
 [9] "lglasso's bic is 6353.94508500849" "lglasso's bic is 6215.87799420788"
[11] "lglasso's bic is 6288.06288724785" "lglasso's bic is 6306.8174634705" 
[13] "lglasso's bic is 6381.75286467133" "lglasso's bic is 6514.04824207882"
[15] "lglasso's bic is 6607.54235334901" "lglasso's bic is 6707.34426506092"
[17] "lglasso's bic is 6805.47800837689" "lglasso's bic is 6945.28631146971"
[19] "lglasso's bic is 7047.34596466239" "lglasso's bic is 7404.96616254007"
[1] "The 47th simulation:"
[1] "two-community heter data are generated"
[1] "heter data are generated"
[1] "heter data are generated"
 [1] "lglasso's bic is 28975.4579598991" "lglasso's bic is 24801.7490940427"
 [3] "lglasso's bic is 21537.1543927676" "lglasso's bic is 19192.734851336" 
 [5] "lglasso's bic is 17392.3476116335" "lglasso's bic is 16340.5485315838"
 [7] "lglasso's bic is 15295.7049042359" "lglasso's bic is 14776.3927906151"
 [9] "lglasso's bic is 14337.5882389554" "lglasso's bic is 14129.656706386" 
[11] "lglasso's bic is 14101.0487843087" "lglasso's bic is 14168.5541303268"
[13] "lglasso's bic is 14710.9397804235" "lglasso's bic is 14777.6336576292"
[15] "lglasso's bic is 14891.5980785471" "lglasso's bic is 15006.1615194298"
[17] "lglasso's bic is 15135.3118194286" "lglasso's bic is 15252.0271481392"
[19] "lglasso's bic is 15392.4389904129" "lglasso's bic is 15518.3072107437"
[1] "The 48th simulation:"
[1] "two-community heter data are generated"
[1] "heter data are generated"
[1] "heter data are generated"
 [1] "lglasso's bic is 26493.7134646288" "lglasso's bic is 22279.6701812489"
 [3] "lglasso's bic is 19020.0316158149" "lglasso's bic is 16354.3417752367"
 [5] "lglasso's bic is 14468.8365008856" "lglasso's bic is 13067.3133709293"
 [7] "lglasso's bic is 12011.2928236758" "lglasso's bic is 11555.9162491501"
 [9] "lglasso's bic is 11629.6144963143" "lglasso's bic is 11382.1620044317"
[11] "lglasso's bic is 11395.4074056753" "lglasso's bic is 11404.0278990528"
[13] "lglasso's bic is 11412.033272086"  "lglasso's bic is 11468.0733540713"
[15] "lglasso's bic is 11553.968004896"  "lglasso's bic is 11641.4458965299"
[17] "lglasso's bic is 11794.6250741741" "lglasso's bic is 11918.7384286886"
[19] "lglasso's bic is 12071.5243714424" "lglasso's bic is 12171.1635176611"
[1] "The 49th simulation:"
[1] "two-community heter data are generated"
[1] "heter data are generated"
[1] "heter data are generated"
 [1] "lglasso's bic is 22066.6259412251" "lglasso's bic is 17569.3988261424"
 [3] "lglasso's bic is 14299.6575376877" "lglasso's bic is 11435.3542070723"
 [5] "lglasso's bic is 9593.22549134066" "lglasso's bic is 8151.92906820475"
 [7] "lglasso's bic is 7351.38682473725" "lglasso's bic is 6900.94062545047"
 [9] "lglasso's bic is 6512.80318627757" "lglasso's bic is 6464.54483264307"
[11] "lglasso's bic is 6595.9612525115"  "lglasso's bic is 6707.63544513891"
[13] "lglasso's bic is 6744.28340627671" "lglasso's bic is 6798.45988852912"
[15] "lglasso's bic is 7160.74214689867" "lglasso's bic is 7241.66380198863"
[17] "lglasso's bic is 7338.03260530185" "lglasso's bic is 7518.3101487818" 
[19] "lglasso's bic is 7698.12536484235" "lglasso's bic is 7799.05957578078"
[1] "The 50th simulation:"
[1] "two-community heter data are generated"
[1] "heter data are generated"
[1] "heter data are generated"
 [1] "lglasso's bic is 28439.0971389649" "lglasso's bic is 24219.9168419099"
 [3] "lglasso's bic is 20934.7139794262" "lglasso's bic is 18101.2658428476"
 [5] "lglasso's bic is 16185.3430300005" "lglasso's bic is 14766.9432321805"
 [7] "lglasso's bic is 13962.2498608162" "lglasso's bic is 13534.3942401304"
 [9] "lglasso's bic is 13228.7879699186" "lglasso's bic is 13110.3324103128"
[11] "lglasso's bic is 13416.0842462725" "lglasso's bic is 13420.6706105734"
[13] "lglasso's bic is 13476.7507397124" "lglasso's bic is 13562.9441801416"
[15] "lglasso's bic is 13926.0681494259" "lglasso's bic is 14041.011689239" 
[17] "lglasso's bic is 14316.8320350827" "lglasso's bic is 14459.2721204929"
[19] "lglasso's bic is 14553.5131285246" "lglasso's bic is 14656.2281263478"
There were 50 or more warnings (use warnings() to see the first 50)
> save(simures,file="subject=20_time=30_uu2=0.3.Rd")
> q("no")
> proc.time()
     user    system   elapsed 
27603.681    73.803 30086.056 
