
R version 4.1.2 (2021-11-01) -- "Bird Hippie"
Copyright (C) 2021 The R Foundation for Statistical Computing
Platform: x86_64-pc-linux-gnu (64-bit)

R is free software and comes with ABSOLUTELY NO WARRANTY.
You are welcome to redistribute it under certain conditions.
Type 'license()' or 'licence()' for distribution details.

  Natural language support but running in an English locale

R is a collaborative project with many contributors.
Type 'contributors()' for more information and
'citation()' on how to cite R or R packages in publications.

Type 'demo()' for some demos, 'help()' for on-line help, or
'help.start()' for an HTML browser interface to help.
Type 'q()' to quit R.

> library("lglasso")
> library("glasso")
> library("BDgraph")
> library("GGMselect")
Loading required package: mvtnorm

Attaching package: 'mvtnorm'

The following object is masked from 'package:BDgraph':

    rmvnorm

> library("Matrix")
> m=40
> n=30
> uu2=0.2
> Nsim=50
> rho=vector("list",5)
> rho[[1]]=seq(0.001,0.3,length=20)
> rho[[2]]=seq(0.001,0.3,length=20)
> rho[[3]]=seq(0.001,0.3,length=20)
> rho[[4]]=seq(0.00001,0.1,length=10)
> rho[[5]]=seq(0.00001,0.1,length=10)
> set.seed(m+n+uu2)
> simures=power_compare1(m=m,n=n,p=80,coe=c(2,0,0),l=Nsim,rho=rho,prob=0.01,heter=T,community2=T,uu=c(0.1,uu2),zirate=c(0.2, 0.8))
[1] "The 1th simulation:"
[1] "two-community heter data are generated"
[1] "heter data are generated"
[1] "heter data are generated"
 [1] "lglasso's bic is 38243.8163305799" "lglasso's bic is 31578.7008418157"
 [3] "lglasso's bic is 27129.7658424344" "lglasso's bic is 24185.3945208874"
 [5] "lglasso's bic is 22080.7060294974" "lglasso's bic is 21264.2449641146"
 [7] "lglasso's bic is 21050.67952475"   "lglasso's bic is 21055.1052529827"
 [9] "lglasso's bic is 21164.431119878"  "lglasso's bic is 21328.7241709524"
[11] "lglasso's bic is 21563.2436491243" "lglasso's bic is 21793.687512639" 
[13] "lglasso's bic is 22119.1604788512" "lglasso's bic is 22430.077331624" 
[15] "lglasso's bic is 22853.2141297844" "lglasso's bic is 23387.4142815256"
[17] "lglasso's bic is 24124.7590103722" "lglasso's bic is 24361.9569441237"
[19] "lglasso's bic is 24603.9900055033" "lglasso's bic is 24871.1403426305"
[1] "The 2th simulation:"
[1] "two-community heter data are generated"
[1] "heter data are generated"
[1] "heter data are generated"
 [1] "lglasso's bic is 35220.5035019901" "lglasso's bic is 28343.8869398186"
 [3] "lglasso's bic is 23841.2924354211" "lglasso's bic is 20747.1342809321"
 [5] "lglasso's bic is 19244.5399542765" "lglasso's bic is 18320.5284047032"
 [7] "lglasso's bic is 18113.0587401473" "lglasso's bic is 18220.5339812492"
 [9] "lglasso's bic is 18382.430673812"  "lglasso's bic is 18587.4680014084"
[11] "lglasso's bic is 18972.6577462234" "lglasso's bic is 19215.4862744215"
[13] "lglasso's bic is 19474.9167537745" "lglasso's bic is 19832.2445490469"
[15] "lglasso's bic is 20086.8703611683" "lglasso's bic is 20412.7537565884"
[17] "lglasso's bic is 20800.0489976206" "lglasso's bic is 21148.664571052" 
[19] "lglasso's bic is 21601.9604288394" "lglasso's bic is 21885.9202175864"
[1] "The 3th simulation:"
[1] "two-community heter data are generated"
[1] "heter data are generated"
[1] "heter data are generated"
 [1] "lglasso's bic is 40055.7077788671" "lglasso's bic is 33755.7565120234"
 [3] "lglasso's bic is 29457.1469211062" "lglasso's bic is 26303.7718157949"
 [5] "lglasso's bic is 24646.5006404206" "lglasso's bic is 23726.8924292715"
 [7] "lglasso's bic is 23196.9559927882" "lglasso's bic is 23198.5091594325"
 [9] "lglasso's bic is 23331.8104622662" "lglasso's bic is 23777.5013307952"
[11] "lglasso's bic is 24249.4332708762" "lglasso's bic is 24435.3849313939"
[13] "lglasso's bic is 24639.1759428709" "lglasso's bic is 24858.5523722679"
[15] "lglasso's bic is 25090.4927824826" "lglasso's bic is 25395.338108297" 
[17] "lglasso's bic is 25612.0906137589" "lglasso's bic is 25835.0862005211"
[19] "lglasso's bic is 26060.5080458961" "lglasso's bic is 26305.0662870903"
[1] "The 4th simulation:"
[1] "two-community heter data are generated"
[1] "heter data are generated"
[1] "heter data are generated"
 [1] "lglasso's bic is 20214.6292818136" "lglasso's bic is 13205.3247191137"
 [3] "lglasso's bic is 9310.83401592252" "lglasso's bic is 6847.11477388079"
 [5] "lglasso's bic is 5826.35061641892" "lglasso's bic is 5491.28762148673"
 [7] "lglasso's bic is 5788.97301019984" "lglasso's bic is 6155.42490915807"
 [9] "lglasso's bic is 6598.01201271391" "lglasso's bic is 7051.21143689412"
[11] "lglasso's bic is 7685.76035016584" "lglasso's bic is 8320.33279223776"
[13] "lglasso's bic is 8829.41060063316" "lglasso's bic is 9398.79817252912"
[15] "lglasso's bic is 10077.5675936219" "lglasso's bic is 10559.585845511" 
[17] "lglasso's bic is 11092.1413376123" "lglasso's bic is 11713.802575319" 
[19] "lglasso's bic is 12202.9998493553" "lglasso's bic is 12658.3208026788"
[1] "The 5th simulation:"
[1] "two-community heter data are generated"
[1] "heter data are generated"
[1] "heter data are generated"
 [1] "lglasso's bic is 29166.8540389527" "lglasso's bic is 22850.4074458933"
 [3] "lglasso's bic is 18420.2311311588" "lglasso's bic is 15258.6568247997"
 [5] "lglasso's bic is 13492.5789454981" "lglasso's bic is 12520.2378660129"
 [7] "lglasso's bic is 12162.720148962"  "lglasso's bic is 12115.1902413121"
 [9] "lglasso's bic is 12150.4360386777" "lglasso's bic is 12473.1319370799"
[11] "lglasso's bic is 12666.2373900041" "lglasso's bic is 12941.2644628437"
[13] "lglasso's bic is 13156.3883492329" "lglasso's bic is 13438.2129304304"
[15] "lglasso's bic is 13884.0347306204" "lglasso's bic is 14136.0463299515"
[17] "lglasso's bic is 14372.1736379598" "lglasso's bic is 14585.5731624122"
[19] "lglasso's bic is 15321.3480968012" "lglasso's bic is 15622.0681137715"
[1] "The 6th simulation:"
[1] "two-community heter data are generated"
[1] "heter data are generated"
[1] "heter data are generated"
 [1] "lglasso's bic is 37347.3018976813" "lglasso's bic is 30888.6983490077"
 [3] "lglasso's bic is 26374.8613593262" "lglasso's bic is 23265.2847139819"
 [5] "lglasso's bic is 21366.4484532415" "lglasso's bic is 20464.1913168687"
 [7] "lglasso's bic is 20525.9771682381" "lglasso's bic is 20537.6597975702"
 [9] "lglasso's bic is 20723.255539516"  "lglasso's bic is 20929.2755629712"
[11] "lglasso's bic is 21179.3142465985" "lglasso's bic is 21811.2307468013"
[13] "lglasso's bic is 22111.3094053044" "lglasso's bic is 22368.0073097421"
[15] "lglasso's bic is 22623.3664816799" "lglasso's bic is 22928.5336457619"
[17] "lglasso's bic is 23325.5245639042" "lglasso's bic is 23789.1589924932"
[19] "lglasso's bic is 24207.6717908997" "lglasso's bic is 24862.9207749485"
[1] "The 7th simulation:"
[1] "two-community heter data are generated"
[1] "heter data are generated"
[1] "heter data are generated"
 [1] "lglasso's bic is 42611.3490083236" "lglasso's bic is 35681.2056678469"
 [3] "lglasso's bic is 31340.7341642473" "lglasso's bic is 28583.3044389584"
 [5] "lglasso's bic is 27020.3072214932" "lglasso's bic is 26362.9624229707"
 [7] "lglasso's bic is 26066.0070380112" "lglasso's bic is 26042.4753199935"
 [9] "lglasso's bic is 26143.1639620261" "lglasso's bic is 26352.963048417" 
[11] "lglasso's bic is 26607.3605948646" "lglasso's bic is 27020.5919014829"
[13] "lglasso's bic is 27282.1802636739" "lglasso's bic is 27523.5058818098"
[15] "lglasso's bic is 27834.7967606269" "lglasso's bic is 28273.0200173639"
[17] "lglasso's bic is 28569.9932797768" "lglasso's bic is 28965.259175665" 
[19] "lglasso's bic is 29283.651101706"  "lglasso's bic is 30012.7802086226"
[1] "The 8th simulation:"
[1] "two-community heter data are generated"
[1] "heter data are generated"
[1] "heter data are generated"
 [1] "lglasso's bic is 31771.5624330351" "lglasso's bic is 24887.8755086932"
 [3] "lglasso's bic is 20561.2387031614" "lglasso's bic is 17655.8840126668"
 [5] "lglasso's bic is 16080.3410144363" "lglasso's bic is 15392.659490179" 
 [7] "lglasso's bic is 15001.9224644056" "lglasso's bic is 15120.2114329429"
 [9] "lglasso's bic is 15205.6866123616" "lglasso's bic is 15441.8022697098"
[11] "lglasso's bic is 15656.6179647169" "lglasso's bic is 15888.3852957384"
[13] "lglasso's bic is 16170.3630232407" "lglasso's bic is 16411.7933541823"
[15] "lglasso's bic is 16691.6856442693" "lglasso's bic is 17065.0542696937"
[17] "lglasso's bic is 17453.4915845322" "lglasso's bic is 17719.2423412329"
[19] "lglasso's bic is 17990.174615714"  "lglasso's bic is 18497.2496536161"
[1] "The 9th simulation:"
[1] "two-community heter data are generated"
[1] "heter data are generated"
[1] "heter data are generated"
 [1] "lglasso's bic is 40268.4980278481" "lglasso's bic is 33864.5712013193"
 [3] "lglasso's bic is 29193.2147925191" "lglasso's bic is 26201.6568624648"
 [5] "lglasso's bic is 24485.8653400873" "lglasso's bic is 23481.181334036" 
 [7] "lglasso's bic is 23150.5586639813" "lglasso's bic is 23064.5693050013"
 [9] "lglasso's bic is 23177.640426421"  "lglasso's bic is 23298.5001773172"
[11] "lglasso's bic is 23431.8533266018" "lglasso's bic is 23875.1741943209"
[13] "lglasso's bic is 24096.1926717183" "lglasso's bic is 24282.626365233" 
[15] "lglasso's bic is 24754.7654209676" "lglasso's bic is 25070.8766683328"
[17] "lglasso's bic is 25272.2480352529" "lglasso's bic is 25511.25014049"  
[19] "lglasso's bic is 25815.2971802081" "lglasso's bic is 26063.9382973759"
[1] "The 10th simulation:"
[1] "two-community heter data are generated"
[1] "heter data are generated"
[1] "heter data are generated"
 [1] "lglasso's bic is 48892.6240367661" "lglasso's bic is 42526.1024788786"
 [3] "lglasso's bic is 38088.2308908714" "lglasso's bic is 34937.4713966613"
 [5] "lglasso's bic is 33430.0756909147" "lglasso's bic is 32551.7172316329"
 [7] "lglasso's bic is 31985.9002285251" "lglasso's bic is 32059.5644821699"
 [9] "lglasso's bic is 32173.4438882816" "lglasso's bic is 32301.9757038256"
[11] "lglasso's bic is 32526.2124726406" "lglasso's bic is 32871.7163518727"
[13] "lglasso's bic is 33040.6723320135" "lglasso's bic is 33263.9286972511"
[15] "lglasso's bic is 33489.5948522563" "lglasso's bic is 33746.2709124371"
[17] "lglasso's bic is 34050.5681059605" "lglasso's bic is 34279.8029581922"
[19] "lglasso's bic is 34534.5286793814" "lglasso's bic is 34765.1636830548"
[1] "The 11th simulation:"
[1] "two-community heter data are generated"
[1] "heter data are generated"
[1] "heter data are generated"
 [1] "lglasso's bic is 36877.0672773514" "lglasso's bic is 30189.9085208316"
 [3] "lglasso's bic is 25530.6130432131" "lglasso's bic is 22213.9726941767"
 [5] "lglasso's bic is 20528.9419290429" "lglasso's bic is 20021.2219779542"
 [7] "lglasso's bic is 19757.2041424489" "lglasso's bic is 19706.4434574347"
 [9] "lglasso's bic is 19802.8632050483" "lglasso's bic is 19972.3144159138"
[11] "lglasso's bic is 20169.0101420882" "lglasso's bic is 20442.3224289156"
[13] "lglasso's bic is 20665.5871599456" "lglasso's bic is 20887.4226940815"
[15] "lglasso's bic is 21158.2494390727" "lglasso's bic is 21480.4439977685"
[17] "lglasso's bic is 21712.3773177936" "lglasso's bic is 22098.2431867514"
[19] "lglasso's bic is 23191.8510305103" "lglasso's bic is 23467.5801761331"
[1] "The 12th simulation:"
[1] "two-community heter data are generated"
[1] "heter data are generated"
[1] "heter data are generated"
 [1] "lglasso's bic is 42081.8082755391" "lglasso's bic is 35429.0536641522"
 [3] "lglasso's bic is 30759.1822651567" "lglasso's bic is 27809.1430960113"
 [5] "lglasso's bic is 26136.0577036272" "lglasso's bic is 25160.1074596218"
 [7] "lglasso's bic is 24805.5558285087" "lglasso's bic is 24642.521210642" 
 [9] "lglasso's bic is 24689.7272132552" "lglasso's bic is 24826.4956951933"
[11] "lglasso's bic is 24978.8115770434" "lglasso's bic is 25140.6713982794"
[13] "lglasso's bic is 25712.9375566319" "lglasso's bic is 25888.7051361112"
[15] "lglasso's bic is 26080.8766935785" "lglasso's bic is 26338.2351859045"
[17] "lglasso's bic is 27136.8164278909" "lglasso's bic is 27450.8114300141"
[19] "lglasso's bic is 27624.0785227008" "lglasso's bic is 27852.8383175263"
[1] "The 13th simulation:"
[1] "two-community heter data are generated"
[1] "heter data are generated"
[1] "heter data are generated"
 [1] "lglasso's bic is 44108.4345492248" "lglasso's bic is 37567.5396972964"
 [3] "lglasso's bic is 33160.5755439189" "lglasso's bic is 30404.1507982311"
 [5] "lglasso's bic is 28487.7150697823" "lglasso's bic is 27555.1784865054"
 [7] "lglasso's bic is 27034.9879200179" "lglasso's bic is 27029.0384245845"
 [9] "lglasso's bic is 27134.8522956454" "lglasso's bic is 27556.2595436922"
[11] "lglasso's bic is 27846.1419808475" "lglasso's bic is 28289.8733484778"
[13] "lglasso's bic is 28530.5722360243" "lglasso's bic is 28787.888270608" 
[15] "lglasso's bic is 29031.7021464636" "lglasso's bic is 29261.5408821249"
[17] "lglasso's bic is 29495.4432843274" "lglasso's bic is 29733.0519450916"
[19] "lglasso's bic is 30021.7734496062" "lglasso's bic is 30298.793086048" 
[1] "The 14th simulation:"
[1] "two-community heter data are generated"
[1] "heter data are generated"
[1] "heter data are generated"
 [1] "lglasso's bic is 40358.4930071166" "lglasso's bic is 33632.1899616384"
 [3] "lglasso's bic is 29170.6321018891" "lglasso's bic is 26082.8881287867"
 [5] "lglasso's bic is 24147.6694414678" "lglasso's bic is 23455.4653368049"
 [7] "lglasso's bic is 23189.8824689013" "lglasso's bic is 23085.3744423474"
 [9] "lglasso's bic is 23115.0451791024" "lglasso's bic is 23247.7257137762"
[11] "lglasso's bic is 23432.5174617982" "lglasso's bic is 23645.5607213786"
[13] "lglasso's bic is 23823.2838493014" "lglasso's bic is 24267.6158714988"
[15] "lglasso's bic is 24454.0124130472" "lglasso's bic is 24682.9804931843"
[17] "lglasso's bic is 25054.9189545258" "lglasso's bic is 25472.9043412797"
[19] "lglasso's bic is 26616.5151260311" "lglasso's bic is 26886.6141265318"
[1] "The 15th simulation:"
[1] "two-community heter data are generated"
[1] "heter data are generated"
[1] "heter data are generated"
 [1] "lglasso's bic is 31146.4372445093" "lglasso's bic is 24433.7675535364"
 [3] "lglasso's bic is 19665.6996502775" "lglasso's bic is 16744.8719655439"
 [5] "lglasso's bic is 14971.7455378372" "lglasso's bic is 14342.9565644863"
 [7] "lglasso's bic is 13928.2298700631" "lglasso's bic is 13849.7473884896"
 [9] "lglasso's bic is 13846.5381514079" "lglasso's bic is 13985.9685476415"
[11] "lglasso's bic is 14166.4276649643" "lglasso's bic is 14370.0764583908"
[13] "lglasso's bic is 14557.7377648327" "lglasso's bic is 14869.8282338227"
[15] "lglasso's bic is 15063.1859532004" "lglasso's bic is 15470.9892729964"
[17] "lglasso's bic is 15664.5936648478" "lglasso's bic is 15939.1527987591"
[19] "lglasso's bic is 16142.7201819566" "lglasso's bic is 16381.7467025606"
[1] "The 16th simulation:"
[1] "two-community heter data are generated"
[1] "heter data are generated"
[1] "heter data are generated"
 [1] "lglasso's bic is 32994.8303195947" "lglasso's bic is 26287.0832997941"
 [3] "lglasso's bic is 21432.4542734561" "lglasso's bic is 18539.1315452669"
 [5] "lglasso's bic is 16885.9681946969" "lglasso's bic is 16067.5315766476"
 [7] "lglasso's bic is 15956.9519454593" "lglasso's bic is 16009.5319854703"
 [9] "lglasso's bic is 16543.5581146588" "lglasso's bic is 16724.8696245492"
[11] "lglasso's bic is 16958.5033651008" "lglasso's bic is 17193.4274748696"
[13] "lglasso's bic is 17691.5823803172" "lglasso's bic is 17916.9909120102"
[15] "lglasso's bic is 18156.5148556687" "lglasso's bic is 18403.2944880494"
[17] "lglasso's bic is 18867.9325609699" "lglasso's bic is 19383.0957925919"
[19] "lglasso's bic is 19631.5926304382" "lglasso's bic is 19918.2320575257"
[1] "The 17th simulation:"
[1] "two-community heter data are generated"
[1] "heter data are generated"
[1] "heter data are generated"
 [1] "lglasso's bic is 32510.5655513398" "lglasso's bic is 26211.4897634475"
 [3] "lglasso's bic is 21543.2882013289" "lglasso's bic is 18989.3560341582"
 [5] "lglasso's bic is 17026.596243424"  "lglasso's bic is 15932.9082177376"
 [7] "lglasso's bic is 15489.7496057989" "lglasso's bic is 15453.9070142601"
 [9] "lglasso's bic is 15552.263652057"  "lglasso's bic is 15809.500357347" 
[11] "lglasso's bic is 15983.6123402756" "lglasso's bic is 16178.9620692246"
[13] "lglasso's bic is 16427.4521943156" "lglasso's bic is 16705.6496876796"
[15] "lglasso's bic is 16971.0916888999" "lglasso's bic is 17273.9434716567"
[17] "lglasso's bic is 17513.3831236885" "lglasso's bic is 17751.1497271348"
[19] "lglasso's bic is 18543.628298109"  "lglasso's bic is 18770.4869462112"
[1] "The 18th simulation:"
[1] "two-community heter data are generated"
[1] "heter data are generated"
[1] "heter data are generated"
 [1] "lglasso's bic is 41356.4776509115" "lglasso's bic is 34564.673487005" 
 [3] "lglasso's bic is 30281.3718777174" "lglasso's bic is 27883.718140007" 
 [5] "lglasso's bic is 26252.6837459329" "lglasso's bic is 25287.8338160387"
 [7] "lglasso's bic is 24839.0155020061" "lglasso's bic is 24960.935697055" 
 [9] "lglasso's bic is 25237.4340744964" "lglasso's bic is 25569.5881366994"
[11] "lglasso's bic is 25894.9896778508" "lglasso's bic is 26219.1227049893"
[13] "lglasso's bic is 26555.5885751289" "lglasso's bic is 27251.4976464558"
[15] "lglasso's bic is 27621.4328407902" "lglasso's bic is 27964.1604879628"
[17] "lglasso's bic is 28288.3580974187" "lglasso's bic is 28658.7903853809"
[19] "lglasso's bic is 29191.6757514028" "lglasso's bic is 29622.669452963" 
[1] "The 19th simulation:"
[1] "two-community heter data are generated"
[1] "heter data are generated"
[1] "heter data are generated"
 [1] "lglasso's bic is 36580.9640057933" "lglasso's bic is 29957.7264252444"
 [3] "lglasso's bic is 25452.1541608071" "lglasso's bic is 22102.5906221937"
 [5] "lglasso's bic is 20274.0464727478" "lglasso's bic is 19448.4217961871"
 [7] "lglasso's bic is 19064.5902054375" "lglasso's bic is 19120.7651333804"
 [9] "lglasso's bic is 19205.1850748015" "lglasso's bic is 19339.4872732787"
[11] "lglasso's bic is 19478.7622166075" "lglasso's bic is 19730.9988910751"
[13] "lglasso's bic is 20009.3489929645" "lglasso's bic is 20259.9901026998"
[15] "lglasso's bic is 20450.9216391415" "lglasso's bic is 21064.6789246839"
[17] "lglasso's bic is 21258.6386834477" "lglasso's bic is 21504.2363810957"
[19] "lglasso's bic is 22197.4693309636" "lglasso's bic is 22442.3355767007"
[1] "The 20th simulation:"
[1] "two-community heter data are generated"
[1] "heter data are generated"
[1] "heter data are generated"
 [1] "lglasso's bic is 38749.4334797091" "lglasso's bic is 32104.3974597917"
 [3] "lglasso's bic is 27487.5106844879" "lglasso's bic is 24576.1926612195"
 [5] "lglasso's bic is 23174.0261632607" "lglasso's bic is 22519.9330560353"
 [7] "lglasso's bic is 22465.0791023846" "lglasso's bic is 22639.7640163363"
 [9] "lglasso's bic is 23223.4094198786" "lglasso's bic is 23484.5056069902"
[11] "lglasso's bic is 23764.8343695628" "lglasso's bic is 24031.5774737822"
[13] "lglasso's bic is 24313.0681682907" "lglasso's bic is 24621.1889738611"
[15] "lglasso's bic is 24914.3383536002" "lglasso's bic is 25189.1970330716"
[17] "lglasso's bic is 25480.2703977656" "lglasso's bic is 25849.3098021489"
[19] "lglasso's bic is 26233.3441344536" "lglasso's bic is 26507.8299185204"
[1] "The 21th simulation:"
[1] "two-community heter data are generated"
[1] "heter data are generated"
[1] "heter data are generated"
 [1] "lglasso's bic is 40578.6286417595" "lglasso's bic is 33836.5856866585"
 [3] "lglasso's bic is 29029.3587915021" "lglasso's bic is 26157.9007084399"
 [5] "lglasso's bic is 24707.2460870286" "lglasso's bic is 23812.7880503109"
 [7] "lglasso's bic is 23478.7413653222" "lglasso's bic is 23345.2956375668"
 [9] "lglasso's bic is 23367.373724565"  "lglasso's bic is 23571.5036442493"
[11] "lglasso's bic is 23799.5688391618" "lglasso's bic is 24016.0602383579"
[13] "lglasso's bic is 24201.2270548783" "lglasso's bic is 24393.4848220486"
[15] "lglasso's bic is 24593.7699239266" "lglasso's bic is 25050.7594034924"
[17] "lglasso's bic is 25580.8384349699" "lglasso's bic is 25776.0120734547"
[19] "lglasso's bic is 26031.2857368232" "lglasso's bic is 26234.2851769725"
[1] "The 22th simulation:"
[1] "two-community heter data are generated"
[1] "heter data are generated"
[1] "heter data are generated"
 [1] "lglasso's bic is 38184.8698686832" "lglasso's bic is 31134.5516221796"
 [3] "lglasso's bic is 26824.8494090127" "lglasso's bic is 24037.1909991266"
 [5] "lglasso's bic is 22269.2576597999" "lglasso's bic is 21340.5623610083"
 [7] "lglasso's bic is 21202.9896165868" "lglasso's bic is 21412.9090389428"
 [9] "lglasso's bic is 21628.8583759937" "lglasso's bic is 21980.030878969" 
[11] "lglasso's bic is 22356.4587467784" "lglasso's bic is 22639.3678454769"
[13] "lglasso's bic is 22935.2260243394" "lglasso's bic is 23317.0762828003"
[15] "lglasso's bic is 24025.5880520542" "lglasso's bic is 24383.6461357865"
[17] "lglasso's bic is 24802.1502515222" "lglasso's bic is 25547.6859636854"
[19] "lglasso's bic is 25822.1223200092" "lglasso's bic is 26148.4689760586"
[1] "The 23th simulation:"
[1] "two-community heter data are generated"
[1] "heter data are generated"
[1] "heter data are generated"
 [1] "lglasso's bic is 27506.3155825349" "lglasso's bic is 19959.2565089564"
 [3] "lglasso's bic is 16267.7771656692" "lglasso's bic is 14529.3904692318"
 [5] "lglasso's bic is 13173.751997939"  "lglasso's bic is 12928.6914736391"
 [7] "lglasso's bic is 13099.6738370851" "lglasso's bic is 13431.3834885822"
 [9] "lglasso's bic is 13962.0750535093" "lglasso's bic is 14470.9778410106"
[11] "lglasso's bic is 14940.2821194722" "lglasso's bic is 15442.3140141851"
[13] "lglasso's bic is 15931.7384327064" "lglasso's bic is 16784.7703287466"
[15] "lglasso's bic is 17610.2955773813" "lglasso's bic is 18051.4250305373"
[17] "lglasso's bic is 18489.9216944529" "lglasso's bic is 18932.1885685001"
[19] "lglasso's bic is 19354.7252648178" "lglasso's bic is 20256.3608738087"
[1] "The 24th simulation:"
[1] "two-community heter data are generated"
[1] "heter data are generated"
[1] "heter data are generated"
 [1] "lglasso's bic is 35904.773915187"  "lglasso's bic is 29456.4828474712"
 [3] "lglasso's bic is 24584.9839396761" "lglasso's bic is 21725.2316982143"
 [5] "lglasso's bic is 19969.5494171391" "lglasso's bic is 19052.8110516503"
 [7] "lglasso's bic is 18742.6254997578" "lglasso's bic is 18746.1609638092"
 [9] "lglasso's bic is 18794.9068870167" "lglasso's bic is 18998.8722984983"
[11] "lglasso's bic is 19222.2014502584" "lglasso's bic is 19584.0094095205"
[13] "lglasso's bic is 19790.9366687116" "lglasso's bic is 20187.7475914168"
[15] "lglasso's bic is 20403.6383851199" "lglasso's bic is 20626.0594597516"
[17] "lglasso's bic is 20871.2705887751" "lglasso's bic is 21100.703675463" 
[19] "lglasso's bic is 22095.8114852565" "lglasso's bic is 22395.4250684139"
[1] "The 25th simulation:"
[1] "two-community heter data are generated"
[1] "heter data are generated"
[1] "heter data are generated"
 [1] "lglasso's bic is 44446.1680307678" "lglasso's bic is 38140.7168380785"
 [3] "lglasso's bic is 33289.0641790555" "lglasso's bic is 30257.2347337051"
 [5] "lglasso's bic is 28501.7579080987" "lglasso's bic is 28250.3273703335"
 [7] "lglasso's bic is 28187.1891735324" "lglasso's bic is 27968.0242310196"
 [9] "lglasso's bic is 27983.7489392214" "lglasso's bic is 28095.0630499502"
[11] "lglasso's bic is 28224.710962276"  "lglasso's bic is 28386.8689435601"
[13] "lglasso's bic is 28553.5279090513" "lglasso's bic is 28742.1021539825"
[15] "lglasso's bic is 28945.8003848471" "lglasso's bic is 29345.5385952259"
[17] "lglasso's bic is 29572.4162400535" "lglasso's bic is 29808.0649559346"
[19] "lglasso's bic is 30045.5832407209" "lglasso's bic is 30233.6439494814"
[1] "The 26th simulation:"
[1] "two-community heter data are generated"
[1] "heter data are generated"
[1] "heter data are generated"
 [1] "lglasso's bic is 41738.2463450036" "lglasso's bic is 35269.9768047649"
 [3] "lglasso's bic is 30788.1801022835" "lglasso's bic is 27772.9825504846"
 [5] "lglasso's bic is 25847.7384640405" "lglasso's bic is 25040.379529645" 
 [7] "lglasso's bic is 24846.0713390539" "lglasso's bic is 24745.1002447158"
 [9] "lglasso's bic is 24807.2858552149" "lglasso's bic is 24988.0597468194"
[11] "lglasso's bic is 25133.3297558538" "lglasso's bic is 25454.9026025951"
[13] "lglasso's bic is 25643.3670425594" "lglasso's bic is 25850.2677886626"
[15] "lglasso's bic is 26049.6105898241" "lglasso's bic is 26401.2888376101"
[17] "lglasso's bic is 26609.5381343561" "lglasso's bic is 26859.5843623302"
[19] "lglasso's bic is 27078.0460899384" "lglasso's bic is 27613.2986267499"
[1] "The 27th simulation:"
[1] "two-community heter data are generated"
[1] "heter data are generated"
[1] "heter data are generated"
 [1] "lglasso's bic is 41456.2042035957" "lglasso's bic is 35049.5930247831"
 [3] "lglasso's bic is 30413.4714774737" "lglasso's bic is 27352.764590827" 
 [5] "lglasso's bic is 25443.5312150593" "lglasso's bic is 24466.6891611796"
 [7] "lglasso's bic is 24030.2992827764" "lglasso's bic is 23977.0373562775"
 [9] "lglasso's bic is 24154.3090460141" "lglasso's bic is 24401.043079852" 
[11] "lglasso's bic is 24554.9915204675" "lglasso's bic is 24819.642820412" 
[13] "lglasso's bic is 24994.7207983975" "lglasso's bic is 25197.8037549625"
[15] "lglasso's bic is 25419.0000068008" "lglasso's bic is 25589.4171715823"
[17] "lglasso's bic is 25853.1174165503" "lglasso's bic is 26044.7747428435"
[19] "lglasso's bic is 26323.5527057052" "lglasso's bic is 26517.2152950197"
[1] "The 28th simulation:"
[1] "two-community heter data are generated"
[1] "heter data are generated"
[1] "heter data are generated"
 [1] "lglasso's bic is 43475.1662523576" "lglasso's bic is 36841.7779176182"
 [3] "lglasso's bic is 32450.9674495483" "lglasso's bic is 29157.5467706271"
 [5] "lglasso's bic is 27410.9725244669" "lglasso's bic is 26429.3816714376"
 [7] "lglasso's bic is 26028.6297549022" "lglasso's bic is 25952.940320874" 
 [9] "lglasso's bic is 26182.6294983714" "lglasso's bic is 26404.5206877283"
[11] "lglasso's bic is 26546.678499967"  "lglasso's bic is 26841.8148266841"
[13] "lglasso's bic is 27165.902520089"  "lglasso's bic is 27464.4029888286"
[15] "lglasso's bic is 27735.5021906004" "lglasso's bic is 27924.2135320519"
[17] "lglasso's bic is 28293.4149125467" "lglasso's bic is 28514.5449303878"
[19] "lglasso's bic is 28712.3961794448" "lglasso's bic is 29179.0082276653"
[1] "The 29th simulation:"
[1] "two-community heter data are generated"
[1] "heter data are generated"
[1] "heter data are generated"
 [1] "lglasso's bic is 40771.6554307319" "lglasso's bic is 34264.6388205017"
 [3] "lglasso's bic is 29564.5876351708" "lglasso's bic is 26549.7760976069"
 [5] "lglasso's bic is 24852.2553119538" "lglasso's bic is 23911.9012310348"
 [7] "lglasso's bic is 23509.0346934132" "lglasso's bic is 23401.3613979569"
 [9] "lglasso's bic is 23597.0254823422" "lglasso's bic is 23789.7529060623"
[11] "lglasso's bic is 24012.4466292272" "lglasso's bic is 24254.7457713984"
[13] "lglasso's bic is 24540.1169455216" "lglasso's bic is 24849.3595505922"
[15] "lglasso's bic is 25203.7627952105" "lglasso's bic is 25471.2269673869"
[17] "lglasso's bic is 26079.5092914843" "lglasso's bic is 26342.627210774" 
[19] "lglasso's bic is 27746.0069401957" "lglasso's bic is 27972.0378762628"
[1] "The 30th simulation:"
[1] "two-community heter data are generated"
[1] "heter data are generated"
[1] "heter data are generated"
 [1] "lglasso's bic is 41619.8336887024" "lglasso's bic is 35321.2355790441"
 [3] "lglasso's bic is 30793.3934233635" "lglasso's bic is 27728.163599751" 
 [5] "lglasso's bic is 25945.6332114322" "lglasso's bic is 24964.3481372517"
 [7] "lglasso's bic is 24768.5113007827" "lglasso's bic is 24697.3383610051"
 [9] "lglasso's bic is 24716.2136468361" "lglasso's bic is 24908.3518194315"
[11] "lglasso's bic is 25139.2510349063" "lglasso's bic is 25402.0911487795"
[13] "lglasso's bic is 25740.4127441637" "lglasso's bic is 25961.9088404084"
[15] "lglasso's bic is 26916.0391962662" "lglasso's bic is 27221.4717055782"
[17] "lglasso's bic is 27511.0165573276" "lglasso's bic is 27828.9503172949"
[19] "lglasso's bic is 28072.3704774565" "lglasso's bic is 28302.9518154481"
[1] "The 31th simulation:"
[1] "two-community heter data are generated"
[1] "heter data are generated"
[1] "heter data are generated"
 [1] "lglasso's bic is 44199.8767324494" "lglasso's bic is 38107.0912203192"
 [3] "lglasso's bic is 33384.8303414908" "lglasso's bic is 30250.5671556108"
 [5] "lglasso's bic is 28320.1865401225" "lglasso's bic is 27666.3134187903"
 [7] "lglasso's bic is 27295.8708905864" "lglasso's bic is 27450.9114505083"
 [9] "lglasso's bic is 27441.1660265274" "lglasso's bic is 27585.139874319" 
[11] "lglasso's bic is 27804.2814945092" "lglasso's bic is 28063.5450908041"
[13] "lglasso's bic is 28365.9359960437" "lglasso's bic is 28628.1611917921"
[15] "lglasso's bic is 28866.7078669732" "lglasso's bic is 29391.5457909564"
[17] "lglasso's bic is 29723.5519162866" "lglasso's bic is 29964.6865400014"
[19] "lglasso's bic is 30202.4700693684" "lglasso's bic is 30449.0933594401"
[1] "The 32th simulation:"
[1] "two-community heter data are generated"
[1] "heter data are generated"
[1] "heter data are generated"
 [1] "lglasso's bic is 34587.6421280057" "lglasso's bic is 28047.7456854009"
 [3] "lglasso's bic is 23516.6516183661" "lglasso's bic is 20637.3237676067"
 [5] "lglasso's bic is 18870.6283555386" "lglasso's bic is 18030.8875881429"
 [7] "lglasso's bic is 17645.2336289046" "lglasso's bic is 17750.1559872537"
 [9] "lglasso's bic is 17835.5953552712" "lglasso's bic is 18823.7193163762"
[11] "lglasso's bic is 19000.7007891146" "lglasso's bic is 19168.1623797343"
[13] "lglasso's bic is 19362.619778862"  "lglasso's bic is 19587.2215629919"
[15] "lglasso's bic is 19832.9141434452" "lglasso's bic is 20171.4668614228"
[17] "lglasso's bic is 21299.5162605984" "lglasso's bic is 21574.7315339978"
[19] "lglasso's bic is 21777.2632202727" "lglasso's bic is 21973.2150651783"
[1] "The 33th simulation:"
[1] "two-community heter data are generated"
[1] "heter data are generated"
[1] "heter data are generated"
 [1] "lglasso's bic is 33700.1757317384" "lglasso's bic is 26820.3800309516"
 [3] "lglasso's bic is 22461.6937383609" "lglasso's bic is 19698.1757399282"
 [5] "lglasso's bic is 17979.2171319381" "lglasso's bic is 17110.2637057105"
 [7] "lglasso's bic is 16839.2153140648" "lglasso's bic is 16807.901639924" 
 [9] "lglasso's bic is 17141.5378343268" "lglasso's bic is 17347.1427956746"
[11] "lglasso's bic is 18082.416805141"  "lglasso's bic is 18317.5572353722"
[13] "lglasso's bic is 18632.6287846409" "lglasso's bic is 18993.6904559333"
[15] "lglasso's bic is 19251.052468665"  "lglasso's bic is 19515.2984464249"
[17] "lglasso's bic is 19893.4864970489" "lglasso's bic is 20159.0935508862"
[19] "lglasso's bic is 20571.1818051923" "lglasso's bic is 21096.2044984701"
[1] "The 34th simulation:"
[1] "two-community heter data are generated"
[1] "heter data are generated"
[1] "heter data are generated"
 [1] "lglasso's bic is 37114.2188578137" "lglasso's bic is 30614.6631884389"
 [3] "lglasso's bic is 25834.6499042947" "lglasso's bic is 23818.3081161901"
 [5] "lglasso's bic is 22038.6501701959" "lglasso's bic is 21147.4790210238"
 [7] "lglasso's bic is 20906.1421061214" "lglasso's bic is 20913.9933872799"
 [9] "lglasso's bic is 21142.4899182134" "lglasso's bic is 21503.4044716101"
[11] "lglasso's bic is 21882.1361955957" "lglasso's bic is 22156.1337791357"
[13] "lglasso's bic is 22422.1452676335" "lglasso's bic is 22795.2058317932"
[15] "lglasso's bic is 23126.4518315085" "lglasso's bic is 23411.060150722" 
[17] "lglasso's bic is 23834.3716014538" "lglasso's bic is 24216.1729186351"
[19] "lglasso's bic is 24697.4634534251" "lglasso's bic is 24980.2853332638"
[1] "The 35th simulation:"
[1] "two-community heter data are generated"
[1] "heter data are generated"
[1] "heter data are generated"
 [1] "lglasso's bic is 37426.7657527627" "lglasso's bic is 30818.6739952581"
 [3] "lglasso's bic is 26396.1096110774" "lglasso's bic is 23422.4935128266"
 [5] "lglasso's bic is 21735.769309402"  "lglasso's bic is 20883.6082527834"
 [7] "lglasso's bic is 20565.325632091"  "lglasso's bic is 20735.4959681786"
 [9] "lglasso's bic is 20949.9448047271" "lglasso's bic is 21131.570099817" 
[11] "lglasso's bic is 21603.5515869362" "lglasso's bic is 22418.3783086816"
[13] "lglasso's bic is 22765.3413001268" "lglasso's bic is 23053.0895327372"
[15] "lglasso's bic is 23346.4928538824" "lglasso's bic is 23628.6547647213"
[17] "lglasso's bic is 23897.1804877607" "lglasso's bic is 24239.2185670635"
[19] "lglasso's bic is 24522.2783692205" "lglasso's bic is 24801.1436266705"
[1] "The 36th simulation:"
[1] "two-community heter data are generated"
[1] "heter data are generated"
[1] "heter data are generated"
 [1] "lglasso's bic is 29965.5365499454" "lglasso's bic is 22666.8454386025"
 [3] "lglasso's bic is 18166.1513507497" "lglasso's bic is 15411.2260627526"
 [5] "lglasso's bic is 13850.9656160475" "lglasso's bic is 13424.7871883342"
 [7] "lglasso's bic is 13039.2012960422" "lglasso's bic is 13089.8073434067"
 [9] "lglasso's bic is 13315.6979630216" "lglasso's bic is 13558.0250533038"
[11] "lglasso's bic is 13847.7889584906" "lglasso's bic is 14138.3794106025"
[13] "lglasso's bic is 14412.8082710674" "lglasso's bic is 14680.9345735368"
[15] "lglasso's bic is 15447.4346236149" "lglasso's bic is 16420.7793059419"
[17] "lglasso's bic is 16671.8437635778" "lglasso's bic is 16924.704664914" 
[19] "lglasso's bic is 17468.4044135787" "lglasso's bic is 17885.2432931374"
[1] "The 37th simulation:"
[1] "two-community heter data are generated"
[1] "heter data are generated"
[1] "heter data are generated"
 [1] "lglasso's bic is 34216.0392310979" "lglasso's bic is 27481.964754142" 
 [3] "lglasso's bic is 22817.6784736044" "lglasso's bic is 20152.4453358626"
 [5] "lglasso's bic is 18283.5716674278" "lglasso's bic is 17352.0560198794"
 [7] "lglasso's bic is 17031.150475069"  "lglasso's bic is 16983.0771283338"
 [9] "lglasso's bic is 17123.1513453302" "lglasso's bic is 17299.0769123479"
[11] "lglasso's bic is 17675.2092939683" "lglasso's bic is 17871.8731694839"
[13] "lglasso's bic is 18237.8607320634" "lglasso's bic is 18551.3244630851"
[15] "lglasso's bic is 18794.3392023487" "lglasso's bic is 19119.8806718094"
[17] "lglasso's bic is 19518.3874946254" "lglasso's bic is 19908.5113234794"
[19] "lglasso's bic is 20160.8333105623" "lglasso's bic is 20397.983529968" 
[1] "The 38th simulation:"
[1] "two-community heter data are generated"
[1] "heter data are generated"
[1] "heter data are generated"
 [1] "lglasso's bic is 29362.7362138653" "lglasso's bic is 22572.1052459104"
 [3] "lglasso's bic is 18256.4578615177" "lglasso's bic is 15312.8311000556"
 [5] "lglasso's bic is 13657.4681893352" "lglasso's bic is 12990.0781540323"
 [7] "lglasso's bic is 12788.7546415713" "lglasso's bic is 12930.8547998812"
 [9] "lglasso's bic is 13073.6218110603" "lglasso's bic is 13300.8276618449"
[11] "lglasso's bic is 13503.533608057"  "lglasso's bic is 13767.3460397099"
[13] "lglasso's bic is 14250.4875308799" "lglasso's bic is 14890.3430518982"
[15] "lglasso's bic is 15125.5740895247" "lglasso's bic is 15528.5251454608"
[17] "lglasso's bic is 15911.6328644797" "lglasso's bic is 16162.3427934904"
[19] "lglasso's bic is 16914.6247312457" "lglasso's bic is 17152.1678595569"
[1] "The 39th simulation:"
[1] "two-community heter data are generated"
[1] "heter data are generated"
[1] "heter data are generated"
 [1] "lglasso's bic is 23247.594115364"  "lglasso's bic is 15801.1947023293"
 [3] "lglasso's bic is 11986.0160806476" "lglasso's bic is 9660.14289269974"
 [5] "lglasso's bic is 8455.65610485704" "lglasso's bic is 8102.00825304332"
 [7] "lglasso's bic is 8472.16618091488" "lglasso's bic is 8791.62308124462"
 [9] "lglasso's bic is 9187.81451535231" "lglasso's bic is 9655.31309981885"
[11] "lglasso's bic is 10116.8798417681" "lglasso's bic is 10633.4100456147"
[13] "lglasso's bic is 11140.3747496897" "lglasso's bic is 11950.7995347069"
[15] "lglasso's bic is 12416.9604929152" "lglasso's bic is 12906.0615347519"
[17] "lglasso's bic is 13990.1664882799" "lglasso's bic is 14627.1565118607"
[19] "lglasso's bic is 15129.5945744605" "lglasso's bic is 15588.0696566515"
[1] "The 40th simulation:"
[1] "two-community heter data are generated"
[1] "heter data are generated"
[1] "heter data are generated"
 [1] "lglasso's bic is 40691.2864334133" "lglasso's bic is 34571.6885540489"
 [3] "lglasso's bic is 30232.0479314652" "lglasso's bic is 26853.1412219711"
 [5] "lglasso's bic is 24768.2402463303" "lglasso's bic is 23746.6274030073"
 [7] "lglasso's bic is 23350.7919729456" "lglasso's bic is 23361.2746684212"
 [9] "lglasso's bic is 23427.6577102077" "lglasso's bic is 23581.6976096163"
[11] "lglasso's bic is 23890.5225765261" "lglasso's bic is 24262.7109837836"
[13] "lglasso's bic is 24467.8757370433" "lglasso's bic is 24657.3842387401"
[15] "lglasso's bic is 24916.6482013593" "lglasso's bic is 25149.0675567008"
[17] "lglasso's bic is 25370.0505693841" "lglasso's bic is 25676.3159678224"
[19] "lglasso's bic is 25861.7115895746" "lglasso's bic is 26056.8805590204"
[1] "The 41th simulation:"
[1] "two-community heter data are generated"
[1] "heter data are generated"
[1] "heter data are generated"
 [1] "lglasso's bic is 45415.0212992431" "lglasso's bic is 38742.8677102274"
 [3] "lglasso's bic is 34345.1086267625" "lglasso's bic is 31620.6910316152"
 [5] "lglasso's bic is 30028.9756619211" "lglasso's bic is 29120.3865246386"
 [7] "lglasso's bic is 28865.1519588543" "lglasso's bic is 28829.8084551208"
 [9] "lglasso's bic is 28980.9751671147" "lglasso's bic is 29360.7161303808"
[11] "lglasso's bic is 29613.435541253"  "lglasso's bic is 29882.8880578209"
[13] "lglasso's bic is 30182.9063184809" "lglasso's bic is 30897.277246612" 
[15] "lglasso's bic is 31333.5876199312" "lglasso's bic is 31631.0606052382"
[17] "lglasso's bic is 31962.6409536797" "lglasso's bic is 32245.5738044343"
[19] "lglasso's bic is 32531.9023430019" "lglasso's bic is 32836.2329492117"
[1] "The 42th simulation:"
[1] "two-community heter data are generated"
[1] "heter data are generated"
[1] "heter data are generated"
 [1] "lglasso's bic is 45868.9642359526" "lglasso's bic is 39591.3541687872"
 [3] "lglasso's bic is 35186.9786463641" "lglasso's bic is 31905.2410583458"
 [5] "lglasso's bic is 29904.0219753895" "lglasso's bic is 28923.1485035412"
 [7] "lglasso's bic is 28562.4652600617" "lglasso's bic is 28420.8251228206"
 [9] "lglasso's bic is 28471.0540910301" "lglasso's bic is 28587.5012168698"
[11] "lglasso's bic is 28937.6322629258" "lglasso's bic is 29105.868959957" 
[13] "lglasso's bic is 29263.9478623252" "lglasso's bic is 29429.8061695131"
[15] "lglasso's bic is 29679.8172426507" "lglasso's bic is 29849.8164502933"
[17] "lglasso's bic is 30061.0276660024" "lglasso's bic is 30247.3694099856"
[19] "lglasso's bic is 30470.1836816729" "lglasso's bic is 30839.8786176604"
[1] "The 43th simulation:"
[1] "two-community heter data are generated"
[1] "heter data are generated"
[1] "heter data are generated"
 [1] "lglasso's bic is 31038.1202634248" "lglasso's bic is 23572.8311116431"
 [3] "lglasso's bic is 18861.1590300766" "lglasso's bic is 16263.4806409665"
 [5] "lglasso's bic is 15713.1210470231" "lglasso's bic is 15093.5624651456"
 [7] "lglasso's bic is 14909.3517105182" "lglasso's bic is 14991.3191264287"
 [9] "lglasso's bic is 15249.6542505117" "lglasso's bic is 15569.885979549" 
[11] "lglasso's bic is 15980.7002954266" "lglasso's bic is 16911.5915096208"
[13] "lglasso's bic is 17247.7458586887" "lglasso's bic is 17594.2887772673"
[15] "lglasso's bic is 18339.9701078181" "lglasso's bic is 18644.0334911833"
[17] "lglasso's bic is 18952.7799435625" "lglasso's bic is 19468.3193939901"
[19] "lglasso's bic is 19853.6641092245" "lglasso's bic is 20327.5690510779"
[1] "The 44th simulation:"
[1] "two-community heter data are generated"
[1] "heter data are generated"
[1] "heter data are generated"
 [1] "lglasso's bic is 46129.8864357061" "lglasso's bic is 39843.6422506977"
 [3] "lglasso's bic is 34997.6945186303" "lglasso's bic is 32103.2779237436"
 [5] "lglasso's bic is 30037.435092676"  "lglasso's bic is 29050.6900814562"
 [7] "lglasso's bic is 28723.4789658051" "lglasso's bic is 28555.1463928512"
 [9] "lglasso's bic is 28628.3389388414" "lglasso's bic is 28743.1203243039"
[11] "lglasso's bic is 28909.57984316"   "lglasso's bic is 29084.3733942966"
[13] "lglasso's bic is 29256.373917716"  "lglasso's bic is 29844.7335293827"
[15] "lglasso's bic is 30009.8795468005" "lglasso's bic is 30207.8087974677"
[17] "lglasso's bic is 30505.1816751471" "lglasso's bic is 30981.2117181413"
[19] "lglasso's bic is 31153.4795382441" "lglasso's bic is 31584.7124518446"
[1] "The 45th simulation:"
[1] "two-community heter data are generated"
[1] "heter data are generated"
[1] "heter data are generated"
 [1] "lglasso's bic is 36316.8601976236" "lglasso's bic is 29483.3720712137"
 [3] "lglasso's bic is 25302.5207641697" "lglasso's bic is 22363.6976454279"
 [5] "lglasso's bic is 20382.6438995918" "lglasso's bic is 19515.6751906607"
 [7] "lglasso's bic is 19256.3917174986" "lglasso's bic is 19310.3345987885"
 [9] "lglasso's bic is 19510.3112942829" "lglasso's bic is 19669.6478904813"
[11] "lglasso's bic is 19893.6711558435" "lglasso's bic is 20121.295005775" 
[13] "lglasso's bic is 20758.8158404938" "lglasso's bic is 21179.0351432972"
[15] "lglasso's bic is 21422.328100389"  "lglasso's bic is 21718.9258289672"
[17] "lglasso's bic is 22065.9331635841" "lglasso's bic is 23059.3793709765"
[19] "lglasso's bic is 23275.2595712537" "lglasso's bic is 23482.3201330816"
[1] "The 46th simulation:"
[1] "two-community heter data are generated"
[1] "heter data are generated"
[1] "heter data are generated"
 [1] "lglasso's bic is 26166.5464764699" "lglasso's bic is 19263.4372673621"
 [3] "lglasso's bic is 14673.8877737281" "lglasso's bic is 11660.8917927959"
 [5] "lglasso's bic is 10380.3752252426" "lglasso's bic is 9504.07264468082"
 [7] "lglasso's bic is 9250.82501502687" "lglasso's bic is 9280.29460904495"
 [9] "lglasso's bic is 9431.55955006537" "lglasso's bic is 9719.03414757032"
[11] "lglasso's bic is 9947.23235288469" "lglasso's bic is 10270.1059214681"
[13] "lglasso's bic is 10540.0339508638" "lglasso's bic is 10948.0737761244"
[15] "lglasso's bic is 11229.3744087779" "lglasso's bic is 11517.4850383743"
[17] "lglasso's bic is 12774.1251919175" "lglasso's bic is 13085.6747476361"
[19] "lglasso's bic is 13359.5048131243" "lglasso's bic is 13637.6431546336"
[1] "The 47th simulation:"
[1] "two-community heter data are generated"
[1] "heter data are generated"
[1] "heter data are generated"
 [1] "lglasso's bic is 35567.2814154011" "lglasso's bic is 28446.3304075573"
 [3] "lglasso's bic is 24137.774637885"  "lglasso's bic is 21113.1119298489"
 [5] "lglasso's bic is 19373.2670131088" "lglasso's bic is 18654.4505762046"
 [7] "lglasso's bic is 18390.259041059"  "lglasso's bic is 18456.753825216" 
 [9] "lglasso's bic is 18683.9952639424" "lglasso's bic is 18871.2096010917"
[11] "lglasso's bic is 19140.4926745179" "lglasso's bic is 19881.3051942678"
[13] "lglasso's bic is 20207.1081806966" "lglasso's bic is 20447.8675965167"
[15] "lglasso's bic is 20732.203089759"  "lglasso's bic is 21323.8602420267"
[17] "lglasso's bic is 21713.3729060354" "lglasso's bic is 21959.7407808765"
[19] "lglasso's bic is 22473.4549229661" "lglasso's bic is 22721.628605925" 
[1] "The 48th simulation:"
[1] "two-community heter data are generated"
[1] "heter data are generated"
[1] "heter data are generated"
 [1] "lglasso's bic is 29708.0198283319" "lglasso's bic is 22572.4141381909"
 [3] "lglasso's bic is 18344.5699166265" "lglasso's bic is 16018.5838841791"
 [5] "lglasso's bic is 14580.8855455879" "lglasso's bic is 13797.850594348" 
 [7] "lglasso's bic is 13786.8409179128" "lglasso's bic is 13763.0448983938"
 [9] "lglasso's bic is 14139.9783141406" "lglasso's bic is 14382.4725575468"
[11] "lglasso's bic is 14817.0379679465" "lglasso's bic is 15106.7432554551"
[13] "lglasso's bic is 15397.612633395"  "lglasso's bic is 15758.712240919" 
[15] "lglasso's bic is 16064.9480775503" "lglasso's bic is 16768.1819853352"
[17] "lglasso's bic is 17215.6851714949" "lglasso's bic is 17533.7733588006"
[19] "lglasso's bic is 17834.8074738463" "lglasso's bic is 18145.9058858075"
[1] "The 49th simulation:"
[1] "two-community heter data are generated"
[1] "heter data are generated"
[1] "heter data are generated"
 [1] "lglasso's bic is 37165.3711059419" "lglasso's bic is 30625.4387754853"
 [3] "lglasso's bic is 25899.5390523378" "lglasso's bic is 22938.9970926412"
 [5] "lglasso's bic is 21365.8310153083" "lglasso's bic is 20337.3090139334"
 [7] "lglasso's bic is 20054.9298801467" "lglasso's bic is 20110.7366932049"
 [9] "lglasso's bic is 20097.0287735179" "lglasso's bic is 20203.5025519251"
[11] "lglasso's bic is 20334.8460478838" "lglasso's bic is 20733.0289205373"
[13] "lglasso's bic is 20895.6948502479" "lglasso's bic is 21065.1065419087"
[15] "lglasso's bic is 21241.951373785"  "lglasso's bic is 21603.7655568616"
[17] "lglasso's bic is 21836.1591996731" "lglasso's bic is 22186.3454081705"
[19] "lglasso's bic is 22907.8850536919" "lglasso's bic is 23084.3697197171"
[1] "The 50th simulation:"
[1] "two-community heter data are generated"
[1] "heter data are generated"
[1] "heter data are generated"
 [1] "lglasso's bic is 31731.0780187545" "lglasso's bic is 25078.7094495154"
 [3] "lglasso's bic is 20479.5917177873" "lglasso's bic is 17807.0153997004"
 [5] "lglasso's bic is 16200.5368816485" "lglasso's bic is 15573.9448070872"
 [7] "lglasso's bic is 15566.3183561626" "lglasso's bic is 15564.1427524826"
 [9] "lglasso's bic is 15852.7207724045" "lglasso's bic is 16128.6584389348"
[11] "lglasso's bic is 16476.6622749214" "lglasso's bic is 16768.0408013742"
[13] "lglasso's bic is 17044.203465327"  "lglasso's bic is 17323.4764310926"
[15] "lglasso's bic is 17650.4679724122" "lglasso's bic is 17955.5049403907"
[17] "lglasso's bic is 18255.9267679322" "lglasso's bic is 18571.3822805298"
[19] "lglasso's bic is 18880.3300482014" "lglasso's bic is 19191.926027283" 
There were 50 or more warnings (use warnings() to see the first 50)
> save(simures,file="subject=40_time=30_uu2=0.2.Rd")
> q("no")
> proc.time()
     user    system   elapsed 
63651.766   115.567 68072.084 
