
R version 4.1.2 (2021-11-01) -- "Bird Hippie"
Copyright (C) 2021 The R Foundation for Statistical Computing
Platform: x86_64-pc-linux-gnu (64-bit)

R is free software and comes with ABSOLUTELY NO WARRANTY.
You are welcome to redistribute it under certain conditions.
Type 'license()' or 'licence()' for distribution details.

  Natural language support but running in an English locale

R is a collaborative project with many contributors.
Type 'contributors()' for more information and
'citation()' on how to cite R or R packages in publications.

Type 'demo()' for some demos, 'help()' for on-line help, or
'help.start()' for an HTML browser interface to help.
Type 'q()' to quit R.

> library("lglasso")
> library("glasso")
> library("BDgraph")
> library("GGMselect")
Loading required package: mvtnorm

Attaching package: 'mvtnorm'

The following object is masked from 'package:BDgraph':

    rmvnorm

> library("Matrix")
> m=20
> n=30
> uu2=0.2
> Nsim=50
> rho=vector("list",5)
> rho[[1]]=seq(0.001,0.3,length=20)
> rho[[2]]=seq(0.001,0.3,length=20)
> rho[[3]]=seq(0.001,0.3,length=20)
> rho[[4]]=seq(0.00001,0.1,length=10)
> rho[[5]]=seq(0.00001,0.1,length=10)
> set.seed(m+n+uu2)
> simures=power_compare1(m=m,n=n,p=80,coe=c(2,0,0),l=Nsim,rho=rho,prob=0.01,heter=T,community2=T,uu=c(0.1,uu2),zirate=c(0.2, 0.8))
[1] "The 1th simulation:"
[1] "two-community heter data are generated"
[1] "heter data are generated"
[1] "heter data are generated"
 [1] "lglasso's bic is 22704.2785396004" "lglasso's bic is 18339.8934005698"
 [3] "lglasso's bic is 15165.363168848"  "lglasso's bic is 12875.6650391329"
 [5] "lglasso's bic is 10974.048030972"  "lglasso's bic is 9643.37675236244"
 [7] "lglasso's bic is 8782.84703799931" "lglasso's bic is 8233.38205730186"
 [9] "lglasso's bic is 8042.80780984909" "lglasso's bic is 7940.72471892547"
[11] "lglasso's bic is 7928.72038569644" "lglasso's bic is 7968.46050663253"
[13] "lglasso's bic is 8060.57817919869" "lglasso's bic is 8153.11973305627"
[15] "lglasso's bic is 8620.66403511133" "lglasso's bic is 8748.55368628476"
[17] "lglasso's bic is 8914.22535919509" "lglasso's bic is 9047.49562244842"
[19] "lglasso's bic is 9214.29239136511" "lglasso's bic is 9354.12023979277"
[1] "The 2th simulation:"
[1] "two-community heter data are generated"
[1] "heter data are generated"
[1] "heter data are generated"
 [1] "lglasso's bic is 26996.7707727757" "lglasso's bic is 23163.4768092796"
 [3] "lglasso's bic is 19939.6451266699" "lglasso's bic is 17587.8553916792"
 [5] "lglasso's bic is 15671.6697917317" "lglasso's bic is 14319.5756606472"
 [7] "lglasso's bic is 13318.3070424565" "lglasso's bic is 12607.0000300796"
 [9] "lglasso's bic is 12220.0562296223" "lglasso's bic is 12057.9560161786"
[11] "lglasso's bic is 12044.6550714331" "lglasso's bic is 12121.3419530711"
[13] "lglasso's bic is 12180.6995048616" "lglasso's bic is 12287.112091271" 
[15] "lglasso's bic is 12379.8402782229" "lglasso's bic is 12489.8613899347"
[17] "lglasso's bic is 12593.2838861593" "lglasso's bic is 12808.7772130738"
[19] "lglasso's bic is 12950.7474816115" "lglasso's bic is 13072.1149219319"
[1] "The 3th simulation:"
[1] "two-community heter data are generated"
[1] "heter data are generated"
[1] "heter data are generated"
 [1] "lglasso's bic is 23107.3627120598" "lglasso's bic is 18870.2230634031"
 [3] "lglasso's bic is 15304.8919007925" "lglasso's bic is 12714.3067005057"
 [5] "lglasso's bic is 10980.8562415054" "lglasso's bic is 9570.92375236857"
 [7] "lglasso's bic is 8746.49057116582" "lglasso's bic is 8219.50095545853"
 [9] "lglasso's bic is 7946.35708961628" "lglasso's bic is 7909.16667332376"
[11] "lglasso's bic is 7949.00305476628" "lglasso's bic is 8006.41942127333"
[13] "lglasso's bic is 8076.9961074232"  "lglasso's bic is 8185.98330614541"
[15] "lglasso's bic is 8300.04777561715" "lglasso's bic is 8622.43374436474"
[17] "lglasso's bic is 8759.59879174733" "lglasso's bic is 8885.57804672419"
[19] "lglasso's bic is 9018.32381281512" "lglasso's bic is 9487.66818236658"
[1] "The 4th simulation:"
[1] "two-community heter data are generated"
[1] "heter data are generated"
[1] "heter data are generated"
 [1] "lglasso's bic is 22000.6885969493" "lglasso's bic is 17513.5959553288"
 [3] "lglasso's bic is 13846.299256351"  "lglasso's bic is 11331.9962535144"
 [5] "lglasso's bic is 9536.30393500415" "lglasso's bic is 8385.27193940151"
 [7] "lglasso's bic is 7639.38583316643" "lglasso's bic is 7118.93485487849"
 [9] "lglasso's bic is 7090.50493638823" "lglasso's bic is 7016.79595617993"
[11] "lglasso's bic is 7364.81129624679" "lglasso's bic is 7410.99487338189"
[13] "lglasso's bic is 7450.43961624895" "lglasso's bic is 7520.24168743889"
[15] "lglasso's bic is 7626.98665827343" "lglasso's bic is 7796.0314692042" 
[17] "lglasso's bic is 7985.45854833258" "lglasso's bic is 8079.28136864065"
[19] "lglasso's bic is 8232.91501967645" "lglasso's bic is 8347.88495654254"
[1] "The 5th simulation:"
[1] "two-community heter data are generated"
[1] "heter data are generated"
[1] "heter data are generated"
 [1] "lglasso's bic is 24723.9864479966" "lglasso's bic is 20156.3538628644"
 [3] "lglasso's bic is 16827.0377406139" "lglasso's bic is 14397.4775601989"
 [5] "lglasso's bic is 12992.5417769579" "lglasso's bic is 11751.3214866323"
 [7] "lglasso's bic is 11126.6438665743" "lglasso's bic is 10878.3446513261"
 [9] "lglasso's bic is 10691.7663958867" "lglasso's bic is 11246.0874674449"
[11] "lglasso's bic is 11542.6290395619" "lglasso's bic is 11551.223390686" 
[13] "lglasso's bic is 11624.2863168972" "lglasso's bic is 11762.618361431" 
[15] "lglasso's bic is 11995.7792438865" "lglasso's bic is 12126.8137416414"
[17] "lglasso's bic is 12322.9366743337" "lglasso's bic is 12476.5125852107"
[19] "lglasso's bic is 12641.0551245915" "lglasso's bic is 12805.3891079557"
[1] "The 6th simulation:"
[1] "two-community heter data are generated"
[1] "heter data are generated"
[1] "heter data are generated"
 [1] "lglasso's bic is 29271.683778784"  "lglasso's bic is 24646.6621379228"
 [3] "lglasso's bic is 21210.1339256305" "lglasso's bic is 18417.9978928771"
 [5] "lglasso's bic is 16686.9914286663" "lglasso's bic is 15554.3254804724"
 [7] "lglasso's bic is 14748.8316691637" "lglasso's bic is 14280.1801208789"
 [9] "lglasso's bic is 14220.3571959334" "lglasso's bic is 14148.3413391777"
[11] "lglasso's bic is 14405.503366973"  "lglasso's bic is 14439.7279244349"
[13] "lglasso's bic is 14499.8108877177" "lglasso's bic is 14610.3402233816"
[15] "lglasso's bic is 14741.3364936463" "lglasso's bic is 14857.8396117685"
[17] "lglasso's bic is 15069.3323502508" "lglasso's bic is 15182.8547415964"
[19] "lglasso's bic is 15310.4438438362" "lglasso's bic is 15439.5682527589"
[1] "The 7th simulation:"
[1] "two-community heter data are generated"
[1] "heter data are generated"
[1] "heter data are generated"
 [1] "lglasso's bic is 18534.9068794079" "lglasso's bic is 13443.9724478328"
 [3] "lglasso's bic is 10149.9026548721" "lglasso's bic is 7831.04740635206"
 [5] "lglasso's bic is 5958.65355104257" "lglasso's bic is 4656.30788514299"
 [7] "lglasso's bic is 4106.30845169564" "lglasso's bic is 3798.18125770622"
 [9] "lglasso's bic is 3581.88391216687" "lglasso's bic is 3503.08123619264"
[11] "lglasso's bic is 3630.11727504914" "lglasso's bic is 3715.59300761666"
[13] "lglasso's bic is 3867.92682500426" "lglasso's bic is 4325.15976257892"
[15] "lglasso's bic is 5013.15030007184" "lglasso's bic is 5236.85889457548"
[17] "lglasso's bic is 5378.29100370124" "lglasso's bic is 5537.85052466764"
[19] "lglasso's bic is 5682.64276556039" "lglasso's bic is 5879.75191397133"
[1] "The 8th simulation:"
[1] "two-community heter data are generated"
[1] "heter data are generated"
[1] "heter data are generated"
 [1] "lglasso's bic is 24480.8616824812" "lglasso's bic is 20367.7074606746"
 [3] "lglasso's bic is 17243.7158128625" "lglasso's bic is 14810.2308597109"
 [5] "lglasso's bic is 12983.8100257824" "lglasso's bic is 11778.8307349087"
 [7] "lglasso's bic is 10861.0707230434" "lglasso's bic is 10397.8009864181"
 [9] "lglasso's bic is 10059.9769878644" "lglasso's bic is 9729.90121128633"
[11] "lglasso's bic is 9830.88047065343" "lglasso's bic is 9814.92625770256"
[13] "lglasso's bic is 9885.56779471241" "lglasso's bic is 9934.66433362818"
[15] "lglasso's bic is 10041.6875576969" "lglasso's bic is 10195.5403332252"
[17] "lglasso's bic is 10336.2835365809" "lglasso's bic is 10450.8543797174"
[19] "lglasso's bic is 10589.7138168315" "lglasso's bic is 10712.6530147841"
[1] "The 9th simulation:"
[1] "two-community heter data are generated"
[1] "heter data are generated"
[1] "heter data are generated"
 [1] "lglasso's bic is 28232.1398707198" "lglasso's bic is 23944.5889684552"
 [3] "lglasso's bic is 20728.9508134814" "lglasso's bic is 18182.7270192318"
 [5] "lglasso's bic is 16406.6671039663" "lglasso's bic is 15066.2906990493"
 [7] "lglasso's bic is 14133.5268843259" "lglasso's bic is 13561.7605483429"
 [9] "lglasso's bic is 13329.112702334"  "lglasso's bic is 13163.6790523072"
[11] "lglasso's bic is 13262.9224235664" "lglasso's bic is 13309.6030096974"
[13] "lglasso's bic is 13388.3234339889" "lglasso's bic is 13515.8587817312"
[15] "lglasso's bic is 13678.9415772173" "lglasso's bic is 13810.140133998" 
[17] "lglasso's bic is 13936.1890978353" "lglasso's bic is 14051.1962943128"
[19] "lglasso's bic is 14180.2064551681" "lglasso's bic is 14311.3043101383"
[1] "The 10th simulation:"
[1] "two-community heter data are generated"
[1] "heter data are generated"
[1] "heter data are generated"
 [1] "lglasso's bic is 27264.9885036433" "lglasso's bic is 23105.9622492821"
 [3] "lglasso's bic is 19814.7781492165" "lglasso's bic is 17458.6531910513"
 [5] "lglasso's bic is 15458.724229974"  "lglasso's bic is 14108.2384647842"
 [7] "lglasso's bic is 13208.9139218891" "lglasso's bic is 12435.0330367807"
 [9] "lglasso's bic is 12199.548538852"  "lglasso's bic is 12005.1972331004"
[11] "lglasso's bic is 11932.9224653544" "lglasso's bic is 11940.8834040499"
[13] "lglasso's bic is 12015.399381682"  "lglasso's bic is 12087.3595465714"
[15] "lglasso's bic is 12168.3718837408" "lglasso's bic is 12352.8373250701"
[17] "lglasso's bic is 12440.0433724028" "lglasso's bic is 12540.4939752099"
[19] "lglasso's bic is 12643.320493988"  "lglasso's bic is 12923.3448003315"
[1] "The 11th simulation:"
[1] "two-community heter data are generated"
[1] "heter data are generated"
[1] "heter data are generated"
 [1] "lglasso's bic is 21717.821024271"  "lglasso's bic is 17697.8913457994"
 [3] "lglasso's bic is 14567.5149155746" "lglasso's bic is 12137.2995201772"
 [5] "lglasso's bic is 10481.6492927534" "lglasso's bic is 9134.6641885841" 
 [7] "lglasso's bic is 8268.85333623395" "lglasso's bic is 7685.65842397523"
 [9] "lglasso's bic is 7386.10196154399" "lglasso's bic is 7271.59959802512"
[11] "lglasso's bic is 7248.41722869193" "lglasso's bic is 7499.5709868283" 
[13] "lglasso's bic is 7601.60655531881" "lglasso's bic is 7698.17026317782"
[15] "lglasso's bic is 8029.69201749943" "lglasso's bic is 8160.54911616476"
[17] "lglasso's bic is 8258.03837547659" "lglasso's bic is 8831.53816329462"
[19] "lglasso's bic is 8944.56256414467" "lglasso's bic is 9058.09543315913"
[1] "The 12th simulation:"
[1] "two-community heter data are generated"
[1] "heter data are generated"
[1] "heter data are generated"
 [1] "lglasso's bic is 32012.2177419986" "lglasso's bic is 27617.1897600541"
 [3] "lglasso's bic is 24361.935301439"  "lglasso's bic is 22013.272177841" 
 [5] "lglasso's bic is 20220.0827532456" "lglasso's bic is 18880.7209126548"
 [7] "lglasso's bic is 17966.7346702322" "lglasso's bic is 17421.6444365369"
 [9] "lglasso's bic is 17108.6677019041" "lglasso's bic is 16966.7470714158"
[11] "lglasso's bic is 16997.8793009509" "lglasso's bic is 17018.6727128477"
[13] "lglasso's bic is 17081.10031906"   "lglasso's bic is 17290.8127238916"
[15] "lglasso's bic is 17368.6366704636" "lglasso's bic is 17533.9451287009"
[17] "lglasso's bic is 17658.4202332279" "lglasso's bic is 17778.1104034147"
[19] "lglasso's bic is 18076.5199752002" "lglasso's bic is 18187.4851086354"
[1] "The 13th simulation:"
[1] "two-community heter data are generated"
[1] "heter data are generated"
[1] "heter data are generated"
 [1] "lglasso's bic is 24259.3857743079" "lglasso's bic is 19933.6596940261"
 [3] "lglasso's bic is 16447.2388968061" "lglasso's bic is 13590.970485372" 
 [5] "lglasso's bic is 11748.6120581965" "lglasso's bic is 11071.5164453561"
 [7] "lglasso's bic is 10178.5375812563" "lglasso's bic is 9598.10897829744"
 [9] "lglasso's bic is 9299.74455531404" "lglasso's bic is 9142.33622248788"
[11] "lglasso's bic is 9038.75421071717" "lglasso's bic is 9006.88749834643"
[13] "lglasso's bic is 9143.16108584158" "lglasso's bic is 9199.71788968009"
[15] "lglasso's bic is 9260.99887096831" "lglasso's bic is 9387.23158601815"
[17] "lglasso's bic is 9610.27573869587" "lglasso's bic is 9681.92455311942"
[19] "lglasso's bic is 9803.40694392566" "lglasso's bic is 9912.52251206977"
[1] "The 14th simulation:"
[1] "two-community heter data are generated"
[1] "heter data are generated"
[1] "heter data are generated"
 [1] "lglasso's bic is 24031.3911893775" "lglasso's bic is 19359.6756824604"
 [3] "lglasso's bic is 16259.6648369033" "lglasso's bic is 13708.7745497244"
 [5] "lglasso's bic is 11941.5623487479" "lglasso's bic is 10580.3924755029"
 [7] "lglasso's bic is 9824.16749457324" "lglasso's bic is 9243.0008769005" 
 [9] "lglasso's bic is 8958.60754232132" "lglasso's bic is 8897.80164177975"
[11] "lglasso's bic is 8879.33524219678" "lglasso's bic is 8948.2546252059" 
[13] "lglasso's bic is 9362.63806596703" "lglasso's bic is 9452.27135101939"
[15] "lglasso's bic is 9659.92301320145" "lglasso's bic is 9862.90065569491"
[17] "lglasso's bic is 10004.2919620164" "lglasso's bic is 10115.9757082929"
[19] "lglasso's bic is 10232.8301272615" "lglasso's bic is 10671.0310641849"
[1] "The 15th simulation:"
[1] "two-community heter data are generated"
[1] "heter data are generated"
[1] "heter data are generated"
 [1] "lglasso's bic is 28606.7379735917" "lglasso's bic is 24360.8455946841"
 [3] "lglasso's bic is 21105.6946546958" "lglasso's bic is 18619.392487068" 
 [5] "lglasso's bic is 16690.5245109513" "lglasso's bic is 15271.9216747095"
 [7] "lglasso's bic is 14304.6936889842" "lglasso's bic is 13637.6757145214"
 [9] "lglasso's bic is 13188.4073234987" "lglasso's bic is 13022.0716672168"
[11] "lglasso's bic is 12986.998815814"  "lglasso's bic is 13033.5642547702"
[13] "lglasso's bic is 13113.7561914119" "lglasso's bic is 13222.5516382379"
[15] "lglasso's bic is 13333.9506211178" "lglasso's bic is 13464.1990508425"
[17] "lglasso's bic is 13559.4038152742" "lglasso's bic is 13649.948276902" 
[19] "lglasso's bic is 13851.8238820398" "lglasso's bic is 14251.1359680143"
[1] "The 16th simulation:"
[1] "two-community heter data are generated"
[1] "heter data are generated"
[1] "heter data are generated"
 [1] "lglasso's bic is 26811.5098960074" "lglasso's bic is 23049.5936950131"
 [3] "lglasso's bic is 20055.2307407168" "lglasso's bic is 17647.6734636554"
 [5] "lglasso's bic is 15764.0767262581" "lglasso's bic is 14274.7174534713"
 [7] "lglasso's bic is 13392.302461301"  "lglasso's bic is 12690.6130808567"
 [9] "lglasso's bic is 12308.7818468352" "lglasso's bic is 12015.6916119632"
[11] "lglasso's bic is 11853.7599067673" "lglasso's bic is 11775.4928765324"
[13] "lglasso's bic is 11828.7623734027" "lglasso's bic is 12267.4303833888"
[15] "lglasso's bic is 12489.1428134707" "lglasso's bic is 12517.4652662947"
[17] "lglasso's bic is 12532.5248784878" "lglasso's bic is 12607.3988985089"
[19] "lglasso's bic is 12666.1354043203" "lglasso's bic is 12737.6022456692"
[1] "The 17th simulation:"
[1] "two-community heter data are generated"
[1] "heter data are generated"
[1] "heter data are generated"
 [1] "lglasso's bic is 22583.2677806069" "lglasso's bic is 18291.029822218" 
 [3] "lglasso's bic is 14869.6178757965" "lglasso's bic is 12317.0026031984"
 [5] "lglasso's bic is 10594.7124539248" "lglasso's bic is 9292.09334675898"
 [7] "lglasso's bic is 8347.04282381923" "lglasso's bic is 7721.63028410455"
 [9] "lglasso's bic is 7486.09742426172" "lglasso's bic is 7361.59868198874"
[11] "lglasso's bic is 7347.81195873198" "lglasso's bic is 7962.55243641956"
[13] "lglasso's bic is 8151.67332358307" "lglasso's bic is 8196.39088872722"
[15] "lglasso's bic is 8295.76993174032" "lglasso's bic is 8372.40938740165"
[17] "lglasso's bic is 8461.88522312777" "lglasso's bic is 8565.33640194864"
[19] "lglasso's bic is 8658.0148885187"  "lglasso's bic is 9134.1968547085" 
[1] "The 18th simulation:"
[1] "two-community heter data are generated"
[1] "heter data are generated"
[1] "heter data are generated"
 [1] "lglasso's bic is 27370.8326185696" "lglasso's bic is 22884.7901551116"
 [3] "lglasso's bic is 19894.1193951307" "lglasso's bic is 17944.9132733253"
 [5] "lglasso's bic is 16644.8897000571" "lglasso's bic is 15457.9747738579"
 [7] "lglasso's bic is 14408.1913319633" "lglasso's bic is 13752.7706373803"
 [9] "lglasso's bic is 13413.6083676709" "lglasso's bic is 13255.8991326195"
[11] "lglasso's bic is 13151.49992689"   "lglasso's bic is 13161.3970735099"
[13] "lglasso's bic is 13277.7248345942" "lglasso's bic is 13320.9531275417"
[15] "lglasso's bic is 13432.7514837335" "lglasso's bic is 13574.2500509784"
[17] "lglasso's bic is 13710.0093534647" "lglasso's bic is 13865.2925044385"
[19] "lglasso's bic is 13980.8596973838" "lglasso's bic is 14115.3449000706"
[1] "The 19th simulation:"
[1] "two-community heter data are generated"
[1] "heter data are generated"
[1] "heter data are generated"
 [1] "lglasso's bic is 25775.9186642624" "lglasso's bic is 21278.306890847" 
 [3] "lglasso's bic is 17860.1251860993" "lglasso's bic is 15239.1024944144"
 [5] "lglasso's bic is 13409.9875754771" "lglasso's bic is 12000.7306356746"
 [7] "lglasso's bic is 11223.7187121483" "lglasso's bic is 10767.5201734211"
 [9] "lglasso's bic is 10592.5751066801" "lglasso's bic is 10503.2813382454"
[11] "lglasso's bic is 10627.9736976291" "lglasso's bic is 11039.1924137178"
[13] "lglasso's bic is 11094.6456481938" "lglasso's bic is 11201.9913402981"
[15] "lglasso's bic is 11287.5862791708" "lglasso's bic is 11405.0175661137"
[17] "lglasso's bic is 11512.1664282496" "lglasso's bic is 11627.7350897698"
[19] "lglasso's bic is 11745.5603563243" "lglasso's bic is 12075.2574607097"
[1] "The 20th simulation:"
[1] "two-community heter data are generated"
[1] "heter data are generated"
[1] "heter data are generated"
 [1] "lglasso's bic is 22879.3357323361" "lglasso's bic is 18806.0923602006"
 [3] "lglasso's bic is 15840.8432600502" "lglasso's bic is 13204.8478445111"
 [5] "lglasso's bic is 11363.9593007857" "lglasso's bic is 10132.37777536"  
 [7] "lglasso's bic is 9191.02851996226" "lglasso's bic is 8571.45765489301"
 [9] "lglasso's bic is 8199.23313440209" "lglasso's bic is 7984.18120809442"
[11] "lglasso's bic is 7860.28502360727" "lglasso's bic is 7858.67746779635"
[13] "lglasso's bic is 7956.14170147663" "lglasso's bic is 8043.70495539724"
[15] "lglasso's bic is 8410.55641293992" "lglasso's bic is 8511.66871259187"
[17] "lglasso's bic is 8702.88269800275" "lglasso's bic is 8817.36253052723"
[19] "lglasso's bic is 8975.98073132432" "lglasso's bic is 9172.36053194213"
[1] "The 21th simulation:"
[1] "two-community heter data are generated"
[1] "heter data are generated"
[1] "heter data are generated"
 [1] "lglasso's bic is 22036.6229098151" "lglasso's bic is 17631.0169600412"
 [3] "lglasso's bic is 14362.8466857236" "lglasso's bic is 12161.0371425329"
 [5] "lglasso's bic is 10534.2950254198" "lglasso's bic is 10109.5485299947"
 [7] "lglasso's bic is 9321.96722784078" "lglasso's bic is 8802.87794806043"
 [9] "lglasso's bic is 8442.0106058173"  "lglasso's bic is 8306.98699313771"
[11] "lglasso's bic is 8265.11501479361" "lglasso's bic is 8294.61896105004"
[13] "lglasso's bic is 8402.7863149558"  "lglasso's bic is 8509.99964874567"
[15] "lglasso's bic is 8671.92682017009" "lglasso's bic is 8821.56961136392"
[17] "lglasso's bic is 8976.51326515077" "lglasso's bic is 9169.69132279049"
[19] "lglasso's bic is 9334.76949190725" "lglasso's bic is 9499.69171709805"
[1] "The 22th simulation:"
[1] "two-community heter data are generated"
[1] "heter data are generated"
[1] "heter data are generated"
 [1] "lglasso's bic is 26447.095502218"  "lglasso's bic is 21851.8204441715"
 [3] "lglasso's bic is 18326.1618016906" "lglasso's bic is 15839.9588679452"
 [5] "lglasso's bic is 14158.8721757379" "lglasso's bic is 13257.517018028" 
 [7] "lglasso's bic is 12365.4771560032" "lglasso's bic is 11835.8951022635"
 [9] "lglasso's bic is 11685.6473360016" "lglasso's bic is 11638.6609623876"
[11] "lglasso's bic is 11662.8527800117" "lglasso's bic is 12061.1770810891"
[13] "lglasso's bic is 12163.5881266407" "lglasso's bic is 12297.1415710771"
[15] "lglasso's bic is 12428.8736457779" "lglasso's bic is 13034.0419914124"
[17] "lglasso's bic is 13167.5519089263" "lglasso's bic is 13356.4260092855"
[19] "lglasso's bic is 13544.3803356321" "lglasso's bic is 13719.1874376839"
[1] "The 23th simulation:"
[1] "two-community heter data are generated"
[1] "heter data are generated"
[1] "heter data are generated"
 [1] "lglasso's bic is 16179.9351438207" "lglasso's bic is 11261.3786495405"
 [3] "lglasso's bic is 7759.22491092935" "lglasso's bic is 5646.72469194805"
 [5] "lglasso's bic is 4218.80922290455" "lglasso's bic is 3178.2557160919" 
 [7] "lglasso's bic is 2547.68680555426" "lglasso's bic is 2237.70648645487"
 [9] "lglasso's bic is 2073.6317565954"  "lglasso's bic is 2130.94755975712"
[11] "lglasso's bic is 2223.98239911746" "lglasso's bic is 2409.19725809167"
[13] "lglasso's bic is 2517.87199684966" "lglasso's bic is 2726.96453485065"
[15] "lglasso's bic is 3234.64822605932" "lglasso's bic is 3416.51544842273"
[17] "lglasso's bic is 3616.47345678561" "lglasso's bic is 3923.8588257152" 
[19] "lglasso's bic is 4112.88845951041" "lglasso's bic is 4317.19211296157"
[1] "The 24th simulation:"
[1] "two-community heter data are generated"
[1] "heter data are generated"
[1] "heter data are generated"
 [1] "lglasso's bic is 25137.7469087353" "lglasso's bic is 20932.7561257928"
 [3] "lglasso's bic is 17597.0346985462" "lglasso's bic is 15057.0637940382"
 [5] "lglasso's bic is 12960.9893233947" "lglasso's bic is 12142.4992873008"
 [7] "lglasso's bic is 11472.6552891762" "lglasso's bic is 10733.7298538858"
 [9] "lglasso's bic is 10410.2183665614" "lglasso's bic is 10321.6691531773"
[11] "lglasso's bic is 10411.8982647434" "lglasso's bic is 10465.0211551718"
[13] "lglasso's bic is 10519.0741257755" "lglasso's bic is 10614.354298932" 
[15] "lglasso's bic is 10724.7824776418" "lglasso's bic is 10837.8509773493"
[17] "lglasso's bic is 10959.7404321195" "lglasso's bic is 11108.8733541675"
[19] "lglasso's bic is 11265.12971253"   "lglasso's bic is 11552.6383840915"
[1] "The 25th simulation:"
[1] "two-community heter data are generated"
[1] "heter data are generated"
[1] "heter data are generated"
 [1] "lglasso's bic is 31004.3928109346" "lglasso's bic is 26873.8919987525"
 [3] "lglasso's bic is 23731.6386229547" "lglasso's bic is 21287.5234506382"
 [5] "lglasso's bic is 19839.9462333547" "lglasso's bic is 18320.5835685814"
 [7] "lglasso's bic is 17337.6671550662" "lglasso's bic is 16674.0515104591"
 [9] "lglasso's bic is 16333.2686603569" "lglasso's bic is 16051.7179370814"
[11] "lglasso's bic is 15892.8472168382" "lglasso's bic is 15780.7482447368"
[13] "lglasso's bic is 15833.0766682177" "lglasso's bic is 15934.568383362" 
[15] "lglasso's bic is 15981.3479492756" "lglasso's bic is 16045.2058077818"
[17] "lglasso's bic is 16133.470185056"  "lglasso's bic is 16245.7758954102"
[19] "lglasso's bic is 16343.1712491749" "lglasso's bic is 16429.65417555"  
[1] "The 26th simulation:"
[1] "two-community heter data are generated"
[1] "heter data are generated"
[1] "heter data are generated"
 [1] "lglasso's bic is 28317.8899505004" "lglasso's bic is 24129.1035157214"
 [3] "lglasso's bic is 20862.6723706155" "lglasso's bic is 18657.8154846138"
 [5] "lglasso's bic is 16880.8279580919" "lglasso's bic is 15451.2422973558"
 [7] "lglasso's bic is 14510.3565102557" "lglasso's bic is 14149.602313712" 
 [9] "lglasso's bic is 13810.9843596257" "lglasso's bic is 13533.8583522591"
[11] "lglasso's bic is 13441.3024643013" "lglasso's bic is 13451.877414494" 
[13] "lglasso's bic is 13568.9746670436" "lglasso's bic is 13658.8119771395"
[15] "lglasso's bic is 13805.2147832468" "lglasso's bic is 13962.2240222377"
[17] "lglasso's bic is 14081.8852437875" "lglasso's bic is 14191.1353135682"
[19] "lglasso's bic is 14305.9858172915" "lglasso's bic is 14446.7449366375"
[1] "The 27th simulation:"
[1] "two-community heter data are generated"
[1] "heter data are generated"
[1] "heter data are generated"
 [1] "lglasso's bic is 24651.871201013"  "lglasso's bic is 19999.1908968006"
 [3] "lglasso's bic is 16769.6198176825" "lglasso's bic is 14339.3593458646"
 [5] "lglasso's bic is 12416.0629116476" "lglasso's bic is 11178.7362073405"
 [7] "lglasso's bic is 10495.3701631182" "lglasso's bic is 10293.4436830657"
 [9] "lglasso's bic is 10021.8161793763" "lglasso's bic is 9877.25303091114"
[11] "lglasso's bic is 9830.83609955416" "lglasso's bic is 10087.1861082777"
[13] "lglasso's bic is 10664.6924761057" "lglasso's bic is 11158.9401107401"
[15] "lglasso's bic is 11217.2959152344" "lglasso's bic is 11310.5513401377"
[17] "lglasso's bic is 11388.2087402439" "lglasso's bic is 11503.1832399398"
[19] "lglasso's bic is 11613.2297280167" "lglasso's bic is 11724.3632468352"
[1] "The 28th simulation:"
[1] "two-community heter data are generated"
[1] "heter data are generated"
[1] "heter data are generated"
 [1] "lglasso's bic is 20319.1824322021" "lglasso's bic is 15677.6345804743"
 [3] "lglasso's bic is 12211.648421871"  "lglasso's bic is 9806.04494475397"
 [5] "lglasso's bic is 8008.22425993401" "lglasso's bic is 6789.50984150116"
 [7] "lglasso's bic is 6037.84748088653" "lglasso's bic is 5663.91745599621"
 [9] "lglasso's bic is 5489.33285850088" "lglasso's bic is 5468.73559568066"
[11] "lglasso's bic is 5573.93702783553" "lglasso's bic is 5710.05863286478"
[13] "lglasso's bic is 5847.68300569191" "lglasso's bic is 5981.57591549952"
[15] "lglasso's bic is 6147.30242879173" "lglasso's bic is 7037.01532312742"
[17] "lglasso's bic is 7180.2353493577"  "lglasso's bic is 7529.0102335983" 
[19] "lglasso's bic is 7675.44214926746" "lglasso's bic is 7816.36344709088"
[1] "The 29th simulation:"
[1] "two-community heter data are generated"
[1] "heter data are generated"
[1] "heter data are generated"
 [1] "lglasso's bic is 25190.2355445456" "lglasso's bic is 20886.3616493966"
 [3] "lglasso's bic is 17743.1893635726" "lglasso's bic is 15228.800945123" 
 [5] "lglasso's bic is 13446.1487595276" "lglasso's bic is 11991.0554438462"
 [7] "lglasso's bic is 11215.4194523721" "lglasso's bic is 10472.3622278466"
 [9] "lglasso's bic is 10112.4363155769" "lglasso's bic is 10030.8005134123"
[11] "lglasso's bic is 10104.2836951241" "lglasso's bic is 10100.2886097815"
[13] "lglasso's bic is 10092.8318133588" "lglasso's bic is 10168.3069249653"
[15] "lglasso's bic is 10291.4144886027" "lglasso's bic is 10376.1166207518"
[17] "lglasso's bic is 10563.1836702592" "lglasso's bic is 10754.2315635566"
[19] "lglasso's bic is 10844.2653901923" "lglasso's bic is 11101.6472441029"
[1] "The 30th simulation:"
[1] "two-community heter data are generated"
[1] "heter data are generated"
[1] "heter data are generated"
 [1] "lglasso's bic is 15673.2702450925" "lglasso's bic is 11000.4499543758"
 [3] "lglasso's bic is 8094.99736925563" "lglasso's bic is 5798.48873185347"
 [5] "lglasso's bic is 4044.35447540165" "lglasso's bic is 2989.21014184415"
 [7] "lglasso's bic is 2229.13183465315" "lglasso's bic is 1774.31217436728"
 [9] "lglasso's bic is 1598.89932888191" "lglasso's bic is 1405.08591969151"
[11] "lglasso's bic is 1437.20634851577" "lglasso's bic is 1521.55319234387"
[13] "lglasso's bic is 1619.58874513972" "lglasso's bic is 1759.20246263029"
[15] "lglasso's bic is 1874.46196669451" "lglasso's bic is 2021.80491669014"
[17] "lglasso's bic is 2166.95437513656" "lglasso's bic is 2309.1751639964" 
[19] "lglasso's bic is 2522.14058997146" "lglasso's bic is 2672.58876074751"
[1] "The 31th simulation:"
[1] "two-community heter data are generated"
[1] "heter data are generated"
[1] "heter data are generated"
 [1] "lglasso's bic is 15800.3779599557" "lglasso's bic is 10594.1515938018"
 [3] "lglasso's bic is 7425.01611326679" "lglasso's bic is 5247.56830961025"
 [5] "lglasso's bic is 3902.66372483494" "lglasso's bic is 3045.55916468064"
 [7] "lglasso's bic is 2699.40011143378" "lglasso's bic is 2453.47163828115"
 [9] "lglasso's bic is 2492.93529745394" "lglasso's bic is 2584.90638552967"
[11] "lglasso's bic is 2883.46046602138" "lglasso's bic is 3088.32037782826"
[13] "lglasso's bic is 3439.40707194348" "lglasso's bic is 3904.58065657631"
[15] "lglasso's bic is 4245.94717067942" "lglasso's bic is 4703.93693844209"
[17] "lglasso's bic is 4893.75605890476" "lglasso's bic is 5104.39056204873"
[19] "lglasso's bic is 5324.61873798257" "lglasso's bic is 5535.4339848641" 
[1] "The 32th simulation:"
[1] "two-community heter data are generated"
[1] "heter data are generated"
[1] "heter data are generated"
 [1] "lglasso's bic is 30672.7506528089" "lglasso's bic is 26201.9411047828"
 [3] "lglasso's bic is 23071.6332850569" "lglasso's bic is 20531.9678466296"
 [5] "lglasso's bic is 18747.3710291642" "lglasso's bic is 17578.9332164665"
 [7] "lglasso's bic is 16658.3879787622" "lglasso's bic is 16034.6954820093"
 [9] "lglasso's bic is 15693.3635474944" "lglasso's bic is 15860.3290607919"
[11] "lglasso's bic is 15825.453187062"  "lglasso's bic is 15791.3146533471"
[13] "lglasso's bic is 16044.4200624579" "lglasso's bic is 16125.072045283" 
[15] "lglasso's bic is 16197.9950548536" "lglasso's bic is 16309.341195183" 
[17] "lglasso's bic is 16419.8644902626" "lglasso's bic is 16529.2558426339"
[19] "lglasso's bic is 16633.7978434786" "lglasso's bic is 16746.021734246" 
[1] "The 33th simulation:"
[1] "two-community heter data are generated"
[1] "heter data are generated"
[1] "heter data are generated"
 [1] "lglasso's bic is 24253.490495855"  "lglasso's bic is 19566.4893163282"
 [3] "lglasso's bic is 16886.6241768275" "lglasso's bic is 14268.1259899825"
 [5] "lglasso's bic is 12711.8690126511" "lglasso's bic is 11616.1074236114"
 [7] "lglasso's bic is 10724.2763327957" "lglasso's bic is 10274.3331437266"
 [9] "lglasso's bic is 9947.36376015093" "lglasso's bic is 9964.73843904515"
[11] "lglasso's bic is 9944.51679862766" "lglasso's bic is 9943.98310580747"
[13] "lglasso's bic is 10117.4402996292" "lglasso's bic is 10232.4285244499"
[15] "lglasso's bic is 10352.8006890311" "lglasso's bic is 10692.9700553009"
[17] "lglasso's bic is 10840.7918603224" "lglasso's bic is 11025.7796714518"
[19] "lglasso's bic is 11168.0033687772" "lglasso's bic is 11326.6205433098"
[1] "The 34th simulation:"
[1] "two-community heter data are generated"
[1] "heter data are generated"
[1] "heter data are generated"
 [1] "lglasso's bic is 21880.5120212849" "lglasso's bic is 17230.2466656402"
 [3] "lglasso's bic is 13873.2166095818" "lglasso's bic is 11533.7338584521"
 [5] "lglasso's bic is 9769.05477505403" "lglasso's bic is 8460.36008219326"
 [7] "lglasso's bic is 7716.43928393693" "lglasso's bic is 7293.95220763062"
 [9] "lglasso's bic is 7055.45428240547" "lglasso's bic is 6978.79636518806"
[11] "lglasso's bic is 7134.0674329043"  "lglasso's bic is 7216.35498306729"
[13] "lglasso's bic is 7328.42880201227" "lglasso's bic is 7642.42317543358"
[15] "lglasso's bic is 7772.71674518319" "lglasso's bic is 8198.64445933449"
[17] "lglasso's bic is 8339.25403030928" "lglasso's bic is 8480.66572220824"
[19] "lglasso's bic is 8671.67726412151" "lglasso's bic is 8799.11584916339"
[1] "The 35th simulation:"
[1] "two-community heter data are generated"
[1] "heter data are generated"
[1] "heter data are generated"
 [1] "lglasso's bic is 31935.2887394533" "lglasso's bic is 27435.3261555091"
 [3] "lglasso's bic is 24522.1364342945" "lglasso's bic is 21900.3255769009"
 [5] "lglasso's bic is 19903.2752728883" "lglasso's bic is 18588.451291433" 
 [7] "lglasso's bic is 17726.0384742739" "lglasso's bic is 17164.6797001982"
 [9] "lglasso's bic is 16852.5639656325" "lglasso's bic is 16691.9306577692"
[11] "lglasso's bic is 16753.771773883"  "lglasso's bic is 16736.9408041243"
[13] "lglasso's bic is 16813.9804852906" "lglasso's bic is 16880.4215652857"
[15] "lglasso's bic is 17094.1206190607" "lglasso's bic is 17180.8706515045"
[17] "lglasso's bic is 17305.2854475249" "lglasso's bic is 17501.5734489218"
[19] "lglasso's bic is 17934.3724831416" "lglasso's bic is 18117.71818756"  
[1] "The 36th simulation:"
[1] "two-community heter data are generated"
[1] "heter data are generated"
[1] "heter data are generated"
 [1] "lglasso's bic is 31017.9574914301" "lglasso's bic is 26529.7362159191"
 [3] "lglasso's bic is 23199.5792092124" "lglasso's bic is 20809.1526411753"
 [5] "lglasso's bic is 18865.9267891175" "lglasso's bic is 17295.3395135073"
 [7] "lglasso's bic is 16631.9755624688" "lglasso's bic is 16438.3397630052"
 [9] "lglasso's bic is 16060.4932587998" "lglasso's bic is 15911.0417168599"
[11] "lglasso's bic is 15815.9256839644" "lglasso's bic is 15865.4038367769"
[13] "lglasso's bic is 15914.5692228497" "lglasso's bic is 16109.516028969" 
[15] "lglasso's bic is 16225.0568515564" "lglasso's bic is 16335.3823642579"
[17] "lglasso's bic is 16453.9956302106" "lglasso's bic is 16580.0201132876"
[19] "lglasso's bic is 16696.6082152879" "lglasso's bic is 16838.4711877809"
[1] "The 37th simulation:"
[1] "two-community heter data are generated"
[1] "heter data are generated"
[1] "heter data are generated"
 [1] "lglasso's bic is 21892.8945220958" "lglasso's bic is 18442.3527610221"
 [3] "lglasso's bic is 15809.6080103672" "lglasso's bic is 13473.4165363487"
 [5] "lglasso's bic is 11813.9707067935" "lglasso's bic is 10610.142553934" 
 [7] "lglasso's bic is 9457.79910016735" "lglasso's bic is 8765.80841077378"
 [9] "lglasso's bic is 8332.50954333866" "lglasso's bic is 8018.87983823542"
[11] "lglasso's bic is 7869.45299519339" "lglasso's bic is 7893.36006196361"
[13] "lglasso's bic is 8002.52630329349" "lglasso's bic is 8145.66499570818"
[15] "lglasso's bic is 8258.178253093"   "lglasso's bic is 8388.48862912008"
[17] "lglasso's bic is 8792.71418162462" "lglasso's bic is 8907.11547551913"
[19] "lglasso's bic is 9041.05524088932" "lglasso's bic is 9321.37982310538"
[1] "The 38th simulation:"
[1] "two-community heter data are generated"
[1] "heter data are generated"
[1] "heter data are generated"
 [1] "lglasso's bic is 24872.3501863691" "lglasso's bic is 20192.7010559285"
 [3] "lglasso's bic is 17100.2960543849" "lglasso's bic is 14737.2335660809"
 [5] "lglasso's bic is 13120.6933693817" "lglasso's bic is 12029.3305967838"
 [7] "lglasso's bic is 11184.056205848"  "lglasso's bic is 10796.7404288646"
 [9] "lglasso's bic is 10641.763950404"  "lglasso's bic is 10526.8080686482"
[11] "lglasso's bic is 10551.6639253052" "lglasso's bic is 10639.0818290585"
[13] "lglasso's bic is 10768.1286266976" "lglasso's bic is 10967.4084695759"
[15] "lglasso's bic is 11153.1096099575" "lglasso's bic is 11333.9046260155"
[17] "lglasso's bic is 11591.9407614257" "lglasso's bic is 11850.4482302955"
[19] "lglasso's bic is 12017.098539783"  "lglasso's bic is 12184.5592390755"
[1] "The 39th simulation:"
[1] "two-community heter data are generated"
[1] "heter data are generated"
[1] "heter data are generated"
 [1] "lglasso's bic is 22131.5851273813" "lglasso's bic is 17222.0683611503"
 [3] "lglasso's bic is 13970.8355422426" "lglasso's bic is 11614.9109482687"
 [5] "lglasso's bic is 9994.37567686425" "lglasso's bic is 9029.43945627102"
 [7] "lglasso's bic is 8225.20413919181" "lglasso's bic is 7918.25391768018"
 [9] "lglasso's bic is 7755.58804832564" "lglasso's bic is 7687.48804121873"
[11] "lglasso's bic is 7698.51496670898" "lglasso's bic is 7762.60739902316"
[13] "lglasso's bic is 7917.85122867288" "lglasso's bic is 8103.95799828373"
[15] "lglasso's bic is 8347.17075978655" "lglasso's bic is 8508.45054820979"
[17] "lglasso's bic is 8750.84116425885" "lglasso's bic is 9338.28565128349"
[19] "lglasso's bic is 9519.60145978586" "lglasso's bic is 9719.50008982211"
[1] "The 40th simulation:"
[1] "two-community heter data are generated"
[1] "heter data are generated"
[1] "heter data are generated"
 [1] "lglasso's bic is 23109.8667649574" "lglasso's bic is 18677.0406683202"
 [3] "lglasso's bic is 15291.4200925716" "lglasso's bic is 12698.861612873" 
 [5] "lglasso's bic is 10884.9472532442" "lglasso's bic is 9620.45692085613"
 [7] "lglasso's bic is 8753.5447492301"  "lglasso's bic is 8288.5836492261" 
 [9] "lglasso's bic is 8056.20653435688" "lglasso's bic is 8002.06722894335"
[11] "lglasso's bic is 8023.92630344988" "lglasso's bic is 8120.2325747039" 
[13] "lglasso's bic is 8236.6728645566"  "lglasso's bic is 8393.13242382239"
[15] "lglasso's bic is 8514.05160230185" "lglasso's bic is 8675.66188047844"
[17] "lglasso's bic is 8814.4598021566"  "lglasso's bic is 8966.84528920976"
[19] "lglasso's bic is 9106.13296981733" "lglasso's bic is 9247.45866298302"
[1] "The 41th simulation:"
[1] "two-community heter data are generated"
[1] "heter data are generated"
[1] "heter data are generated"
 [1] "lglasso's bic is 29824.0820259928" "lglasso's bic is 25599.7036806891"
 [3] "lglasso's bic is 22137.2917333533" "lglasso's bic is 19488.6840818235"
 [5] "lglasso's bic is 17636.6997648615" "lglasso's bic is 16431.2241010042"
 [7] "lglasso's bic is 15553.5444742166" "lglasso's bic is 15075.8168673597"
 [9] "lglasso's bic is 14782.7106151283" "lglasso's bic is 14657.6032754621"
[11] "lglasso's bic is 14691.5144298203" "lglasso's bic is 14976.9052444528"
[13] "lglasso's bic is 15056.924479459"  "lglasso's bic is 15110.3503330911"
[15] "lglasso's bic is 15196.2387431677" "lglasso's bic is 15306.2904398834"
[17] "lglasso's bic is 15417.0417453965" "lglasso's bic is 15729.2268418502"
[19] "lglasso's bic is 15886.5191500114" "lglasso's bic is 16048.5204291248"
[1] "The 42th simulation:"
[1] "two-community heter data are generated"
[1] "heter data are generated"
[1] "heter data are generated"
 [1] "lglasso's bic is 23997.1024043368" "lglasso's bic is 19326.7425073691"
 [3] "lglasso's bic is 15905.4564983785" "lglasso's bic is 13349.922667072" 
 [5] "lglasso's bic is 11547.2229965747" "lglasso's bic is 10453.9004285958"
 [7] "lglasso's bic is 9700.07398635499" "lglasso's bic is 9186.37978012734"
 [9] "lglasso's bic is 8927.69356916143" "lglasso's bic is 8851.85371881147"
[11] "lglasso's bic is 8919.78571390225" "lglasso's bic is 8990.40882587265"
[13] "lglasso's bic is 9107.08942627184" "lglasso's bic is 9288.12041717228"
[15] "lglasso's bic is 9403.3552668356"  "lglasso's bic is 9513.89235830501"
[17] "lglasso's bic is 9727.23710948992" "lglasso's bic is 9899.78523868388"
[19] "lglasso's bic is 10026.0166966207" "lglasso's bic is 10258.1863915111"
[1] "The 43th simulation:"
[1] "two-community heter data are generated"
[1] "heter data are generated"
[1] "heter data are generated"
 [1] "lglasso's bic is 23417.4121016545" "lglasso's bic is 18470.0749637272"
 [3] "lglasso's bic is 15208.539146334"  "lglasso's bic is 12795.2547132235"
 [5] "lglasso's bic is 11501.3861045145" "lglasso's bic is 10347.23908642"  
 [7] "lglasso's bic is 9583.6980802149"  "lglasso's bic is 9667.86161135096"
 [9] "lglasso's bic is 9374.78083619079" "lglasso's bic is 9389.70408696526"
[11] "lglasso's bic is 9596.28539989168" "lglasso's bic is 9648.24864579492"
[13] "lglasso's bic is 9744.41396019113" "lglasso's bic is 9914.26733740823"
[15] "lglasso's bic is 10028.3138323854" "lglasso's bic is 10142.5397428734"
[17] "lglasso's bic is 10270.5711530965" "lglasso's bic is 10422.308966652" 
[19] "lglasso's bic is 10658.6940445984" "lglasso's bic is 10807.0426226293"
[1] "The 44th simulation:"
[1] "two-community heter data are generated"
[1] "heter data are generated"
[1] "heter data are generated"
 [1] "lglasso's bic is 24207.0976955574" "lglasso's bic is 20198.43708863"  
 [3] "lglasso's bic is 17215.6744223401" "lglasso's bic is 14936.2939601074"
 [5] "lglasso's bic is 12983.7960603127" "lglasso's bic is 11705.6539952869"
 [7] "lglasso's bic is 10599.3017941731" "lglasso's bic is 9898.16479758557"
 [9] "lglasso's bic is 9476.79005073986" "lglasso's bic is 9246.02582931053"
[11] "lglasso's bic is 9136.32970271572" "lglasso's bic is 9133.47306976973"
[13] "lglasso's bic is 9176.74407073616" "lglasso's bic is 9257.83413656641"
[15] "lglasso's bic is 9343.88030339476" "lglasso's bic is 9441.74305640323"
[17] "lglasso's bic is 9546.44775219095" "lglasso's bic is 9671.29007017441"
[19] "lglasso's bic is 9778.49789927187" "lglasso's bic is 9947.98929152144"
[1] "The 45th simulation:"
[1] "two-community heter data are generated"
[1] "heter data are generated"
[1] "heter data are generated"
 [1] "lglasso's bic is 25204.9411426644" "lglasso's bic is 20816.2674608897"
 [3] "lglasso's bic is 17528.2921581591" "lglasso's bic is 15173.2790177412"
 [5] "lglasso's bic is 13310.6019520848" "lglasso's bic is 12217.5436053468"
 [7] "lglasso's bic is 11296.2788995158" "lglasso's bic is 10643.3451679534"
 [9] "lglasso's bic is 10479.0257269677" "lglasso's bic is 10556.6360526809"
[11] "lglasso's bic is 10571.382314862"  "lglasso's bic is 10651.4327739685"
[13] "lglasso's bic is 11028.6714965218" "lglasso's bic is 11239.994249877" 
[15] "lglasso's bic is 11346.8255505425" "lglasso's bic is 11461.916062518" 
[17] "lglasso's bic is 11595.171917278"  "lglasso's bic is 11729.3598544295"
[19] "lglasso's bic is 11892.663751622"  "lglasso's bic is 12051.3701180367"
[1] "The 46th simulation:"
[1] "two-community heter data are generated"
[1] "heter data are generated"
[1] "heter data are generated"
 [1] "lglasso's bic is 22458.1013410595" "lglasso's bic is 18018.4309296674"
 [3] "lglasso's bic is 14716.9504213168" "lglasso's bic is 12137.2257425487"
 [5] "lglasso's bic is 10302.5125465191" "lglasso's bic is 9019.8173215579" 
 [7] "lglasso's bic is 8164.92861279754" "lglasso's bic is 7616.9087547221" 
 [9] "lglasso's bic is 7286.2587993424"  "lglasso's bic is 7218.89373461375"
[11] "lglasso's bic is 7193.29279369387" "lglasso's bic is 7318.71752979105"
[13] "lglasso's bic is 7375.85504889751" "lglasso's bic is 7447.87146463432"
[15] "lglasso's bic is 7721.16592193497" "lglasso's bic is 7809.23788342832"
[17] "lglasso's bic is 7915.19471764112" "lglasso's bic is 8035.52153274917"
[19] "lglasso's bic is 8129.51305802173" "lglasso's bic is 8363.78498098828"
[1] "The 47th simulation:"
[1] "two-community heter data are generated"
[1] "heter data are generated"
[1] "heter data are generated"
 [1] "lglasso's bic is 29856.8877432422" "lglasso's bic is 25621.10358863"  
 [3] "lglasso's bic is 22790.367919435"  "lglasso's bic is 20341.6943764487"
 [5] "lglasso's bic is 18485.7431962904" "lglasso's bic is 16993.2926006716"
 [7] "lglasso's bic is 16102.9887429234" "lglasso's bic is 15683.6962277469"
 [9] "lglasso's bic is 15368.1789162696" "lglasso's bic is 15166.9032204422"
[11] "lglasso's bic is 15095.5367678914" "lglasso's bic is 15108.8330343643"
[13] "lglasso's bic is 15154.4362403576" "lglasso's bic is 15311.5614351913"
[15] "lglasso's bic is 15588.142182871"  "lglasso's bic is 15801.1436146993"
[17] "lglasso's bic is 15920.4757550011" "lglasso's bic is 16052.655226796" 
[19] "lglasso's bic is 16206.9790216615" "lglasso's bic is 16553.3146981223"
[1] "The 48th simulation:"
[1] "two-community heter data are generated"
[1] "heter data are generated"
[1] "heter data are generated"
 [1] "lglasso's bic is 27533.2592388696" "lglasso's bic is 23463.1507777485"
 [3] "lglasso's bic is 20027.1468520478" "lglasso's bic is 17569.4283513767"
 [5] "lglasso's bic is 15734.41295723"   "lglasso's bic is 14347.775027746" 
 [7] "lglasso's bic is 13165.5137835131" "lglasso's bic is 12631.1029863175"
 [9] "lglasso's bic is 12290.5723154429" "lglasso's bic is 12205.3421774385"
[11] "lglasso's bic is 12069.7440560702" "lglasso's bic is 12149.2848987396"
[13] "lglasso's bic is 12202.8484895482" "lglasso's bic is 12451.8705883968"
[15] "lglasso's bic is 12531.3257683591" "lglasso's bic is 12765.6461041153"
[17] "lglasso's bic is 12882.01372696"   "lglasso's bic is 12993.0786759155"
[19] "lglasso's bic is 13084.8370018657" "lglasso's bic is 13201.526441279" 
[1] "The 49th simulation:"
[1] "two-community heter data are generated"
[1] "heter data are generated"
[1] "heter data are generated"
 [1] "lglasso's bic is 23071.2029483543" "lglasso's bic is 18777.1347194739"
 [3] "lglasso's bic is 15661.9743178292" "lglasso's bic is 12708.6528525023"
 [5] "lglasso's bic is 10707.4865727724" "lglasso's bic is 9331.00830919872"
 [7] "lglasso's bic is 8520.72104280527" "lglasso's bic is 8026.50221454674"
 [9] "lglasso's bic is 7641.66681330019" "lglasso's bic is 7523.53836173641"
[11] "lglasso's bic is 7483.47449901769" "lglasso's bic is 7557.50112999757"
[13] "lglasso's bic is 7636.85669473569" "lglasso's bic is 7827.68135250925"
[15] "lglasso's bic is 7917.58615887668" "lglasso's bic is 8369.25651439962"
[17] "lglasso's bic is 8475.89614273897" "lglasso's bic is 8565.13314923135"
[19] "lglasso's bic is 8662.92315892495" "lglasso's bic is 8850.98414293323"
[1] "The 50th simulation:"
[1] "two-community heter data are generated"
[1] "heter data are generated"
[1] "heter data are generated"
 [1] "lglasso's bic is 29190.0141997346" "lglasso's bic is 25147.6230689393"
 [3] "lglasso's bic is 21793.267247832"  "lglasso's bic is 19140.6445019409"
 [5] "lglasso's bic is 17032.9824761268" "lglasso's bic is 15623.6186792881"
 [7] "lglasso's bic is 14830.6788547009" "lglasso's bic is 14325.4554505139"
 [9] "lglasso's bic is 14005.3101982605" "lglasso's bic is 13917.0217459266"
[11] "lglasso's bic is 13942.2590308401" "lglasso's bic is 13966.1226434401"
[13] "lglasso's bic is 14028.2633288851" "lglasso's bic is 14496.2618446865"
[15] "lglasso's bic is 14556.8696740107" "lglasso's bic is 14654.8313896407"
[17] "lglasso's bic is 15099.0117995755" "lglasso's bic is 15223.8262318084"
[19] "lglasso's bic is 15483.8310191429" "lglasso's bic is 15599.0410521211"
There were 50 or more warnings (use warnings() to see the first 50)
> save(simures,file="subject=20_time=30_uu2=0.2.Rd")
> q("no")
> proc.time()
     user    system   elapsed 
27157.327    57.992 29592.888 
