
R version 4.1.2 (2021-11-01) -- "Bird Hippie"
Copyright (C) 2021 The R Foundation for Statistical Computing
Platform: x86_64-pc-linux-gnu (64-bit)

R is free software and comes with ABSOLUTELY NO WARRANTY.
You are welcome to redistribute it under certain conditions.
Type 'license()' or 'licence()' for distribution details.

  Natural language support but running in an English locale

R is a collaborative project with many contributors.
Type 'contributors()' for more information and
'citation()' on how to cite R or R packages in publications.

Type 'demo()' for some demos, 'help()' for on-line help, or
'help.start()' for an HTML browser interface to help.
Type 'q()' to quit R.

> library("lglasso")
> library("glasso")
> library("BDgraph")
> library("GGMselect")
Loading required package: mvtnorm

Attaching package: 'mvtnorm'

The following object is masked from 'package:BDgraph':

    rmvnorm

> library("Matrix")
> m=40
> n=10
> uu2=0.1
> Nsim=50
> rho=vector("list",5)
> rho[[1]]=seq(0.001,0.3,length=20)
> rho[[2]]=seq(0.001,0.3,length=20)
> rho[[3]]=seq(0.001,0.3,length=20)
> rho[[4]]=seq(0.00001,0.1,length=10)
> rho[[5]]=seq(0.00001,0.1,length=10)
> set.seed(m+n+uu2)
> simures=power_compare1(m=m,n=n,p=80,coe=c(2,0,0),l=Nsim,rho=rho,prob=0.01,heter=T,community2=T,uu=c(0.1,uu2),zirate=c(0.2, 0.8))
[1] "The 1th simulation:"
[1] "two-community heter data are generated"
[1] "heter data are generated"
[1] "heter data are generated"
 [1] "lglasso's bic is 18475.1060759758" "lglasso's bic is 14658.1823709753"
 [3] "lglasso's bic is 11664.8210526979" "lglasso's bic is 9832.37771581967"
 [5] "lglasso's bic is 8075.42828694324" "lglasso's bic is 7015.01611567166"
 [7] "lglasso's bic is 6174.81511938055" "lglasso's bic is 5618.19997647117"
 [9] "lglasso's bic is 5232.47984129372" "lglasso's bic is 5170.70070362463"
[11] "lglasso's bic is 5064.32446075566" "lglasso's bic is 5036.24196002965"
[13] "lglasso's bic is 5078.61765963072" "lglasso's bic is 5170.19325218444"
[15] "lglasso's bic is 5242.84931992366" "lglasso's bic is 5446.6238265047" 
[17] "lglasso's bic is 5535.14723202061" "lglasso's bic is 5664.89941435309"
[19] "lglasso's bic is 5760.909253456"   "lglasso's bic is 5877.25813776663"
[1] "The 2th simulation:"
[1] "two-community heter data are generated"
[1] "heter data are generated"
[1] "heter data are generated"
 [1] "lglasso's bic is 16690.9885308152" "lglasso's bic is 12435.6990243559"
 [3] "lglasso's bic is 9670.92054064175" "lglasso's bic is 7765.72600899364"
 [5] "lglasso's bic is 6601.44118543987" "lglasso's bic is 5700.12908713041"
 [7] "lglasso's bic is 5105.20067796414" "lglasso's bic is 4529.00225746785"
 [9] "lglasso's bic is 4200.10672612554" "lglasso's bic is 4104.07229100369"
[11] "lglasso's bic is 4193.89425378281" "lglasso's bic is 4256.23089951679"
[13] "lglasso's bic is 4392.87108262486" "lglasso's bic is 4611.47077168287"
[15] "lglasso's bic is 4718.26225921928" "lglasso's bic is 4934.30174582313"
[17] "lglasso's bic is 5069.69253531606" "lglasso's bic is 5237.1538453818" 
[19] "lglasso's bic is 5373.47572428298" "lglasso's bic is 5553.79218189958"
[1] "The 3th simulation:"
[1] "two-community heter data are generated"
[1] "heter data are generated"
[1] "heter data are generated"
 [1] "lglasso's bic is 15836.3030914112" "lglasso's bic is 11920.5586083834"
 [3] "lglasso's bic is 8935.94632962176" "lglasso's bic is 6780.87782652868"
 [5] "lglasso's bic is 5101.492505339"   "lglasso's bic is 3903.7948836311" 
 [7] "lglasso's bic is 3126.39315153801" "lglasso's bic is 2760.69613774851"
 [9] "lglasso's bic is 2510.62360574621" "lglasso's bic is 2371.7875838511" 
[11] "lglasso's bic is 2367.11646359544" "lglasso's bic is 2403.3536479729" 
[13] "lglasso's bic is 2560.82034739102" "lglasso's bic is 2725.79218319714"
[15] "lglasso's bic is 3024.88520256358" "lglasso's bic is 3113.01887115274"
[17] "lglasso's bic is 3197.00460856043" "lglasso's bic is 3339.95005489766"
[19] "lglasso's bic is 3419.40178903951" "lglasso's bic is 3517.57555066072"
[1] "The 4th simulation:"
[1] "two-community heter data are generated"
[1] "heter data are generated"
[1] "heter data are generated"
 [1] "lglasso's bic is 15739.0577042945" "lglasso's bic is 11257.6032572678"
 [3] "lglasso's bic is 8987.66535763121" "lglasso's bic is 6963.24369470347"
 [5] "lglasso's bic is 5507.08757323041" "lglasso's bic is 4412.64397934332"
 [7] "lglasso's bic is 3811.6576357227"  "lglasso's bic is 3261.79237314873"
 [9] "lglasso's bic is 2945.66985760597" "lglasso's bic is 2980.70560912163"
[11] "lglasso's bic is 3012.13374952691" "lglasso's bic is 3064.60435194561"
[13] "lglasso's bic is 3207.83098365149" "lglasso's bic is 3384.98670678468"
[15] "lglasso's bic is 3502.57136210851" "lglasso's bic is 3709.80131689813"
[17] "lglasso's bic is 4041.93968755594" "lglasso's bic is 4166.04285849362"
[19] "lglasso's bic is 4309.71497710627" "lglasso's bic is 4483.85928466614"
[1] "The 5th simulation:"
[1] "two-community heter data are generated"
[1] "heter data are generated"
[1] "heter data are generated"
 [1] "lglasso's bic is 18627.1898803972" "lglasso's bic is 14682.2800473543"
 [3] "lglasso's bic is 12344.4659909078" "lglasso's bic is 10194.9726914543"
 [5] "lglasso's bic is 8440.74163005136" "lglasso's bic is 7239.78772669946"
 [7] "lglasso's bic is 6486.70867200871" "lglasso's bic is 5854.70412724095"
 [9] "lglasso's bic is 5633.80654580793" "lglasso's bic is 5457.03980462306"
[11] "lglasso's bic is 5441.81091974022" "lglasso's bic is 5473.99136933257"
[13] "lglasso's bic is 5567.7899548868"  "lglasso's bic is 5659.64847124106"
[15] "lglasso's bic is 5775.70580957331" "lglasso's bic is 5870.1787549172" 
[17] "lglasso's bic is 6025.34967273638" "lglasso's bic is 6381.52052500815"
[19] "lglasso's bic is 6633.03706430245" "lglasso's bic is 6795.98311106675"
[1] "The 6th simulation:"
[1] "two-community heter data are generated"
[1] "heter data are generated"
[1] "heter data are generated"
 [1] "lglasso's bic is 20653.6635410474" "lglasso's bic is 16933.4706034699"
 [3] "lglasso's bic is 14231.0792883942" "lglasso's bic is 12010.7238159093"
 [5] "lglasso's bic is 10319.3630874229" "lglasso's bic is 8937.43462407463"
 [7] "lglasso's bic is 8077.76767753715" "lglasso's bic is 7559.28115344657"
 [9] "lglasso's bic is 7191.32251510594" "lglasso's bic is 6994.10232350038"
[11] "lglasso's bic is 6916.83951432647" "lglasso's bic is 6949.26083023202"
[13] "lglasso's bic is 7029.64855173972" "lglasso's bic is 7153.10039370144"
[15] "lglasso's bic is 7278.12607197748" "lglasso's bic is 7382.54080378251"
[17] "lglasso's bic is 7492.47843175318" "lglasso's bic is 7665.57490196231"
[19] "lglasso's bic is 7767.1852816408"  "lglasso's bic is 7966.72681402541"
[1] "The 7th simulation:"
[1] "two-community heter data are generated"
[1] "heter data are generated"
[1] "heter data are generated"
 [1] "lglasso's bic is 19254.5135351322" "lglasso's bic is 15372.3340065705"
 [3] "lglasso's bic is 12467.1575982928" "lglasso's bic is 10096.1351604667"
 [5] "lglasso's bic is 8317.35040509712" "lglasso's bic is 7327.56811347606"
 [7] "lglasso's bic is 6474.74508845331" "lglasso's bic is 6045.3310439955" 
 [9] "lglasso's bic is 5737.81635812706" "lglasso's bic is 5579.93343958379"
[11] "lglasso's bic is 5594.65591759963" "lglasso's bic is 5699.13642176493"
[13] "lglasso's bic is 5778.9344021784"  "lglasso's bic is 5888.89340946735"
[15] "lglasso's bic is 6000.07889257583" "lglasso's bic is 6115.4868566532" 
[17] "lglasso's bic is 6219.04766501988" "lglasso's bic is 6411.18409549511"
[19] "lglasso's bic is 6525.91599423984" "lglasso's bic is 6675.84588733676"
[1] "The 8th simulation:"
[1] "two-community heter data are generated"
[1] "heter data are generated"
[1] "heter data are generated"
 [1] "lglasso's bic is 13832.1948106793" "lglasso's bic is 9697.02597160123"
 [3] "lglasso's bic is 6849.31515554349" "lglasso's bic is 4820.07658481353"
 [5] "lglasso's bic is 3197.32922235224" "lglasso's bic is 2087.30373137819"
 [7] "lglasso's bic is 1405.81932268978" "lglasso's bic is 1199.15627342845"
 [9] "lglasso's bic is 982.921929824866" "lglasso's bic is 884.489290140769"
[11] "lglasso's bic is 900.477480294957" "lglasso's bic is 960.774476787991"
[13] "lglasso's bic is 1068.56251802305" "lglasso's bic is 1191.32660467148"
[15] "lglasso's bic is 1343.47802727168" "lglasso's bic is 1581.09673001814"
[17] "lglasso's bic is 1701.90842238136" "lglasso's bic is 1863.9952419419" 
[19] "lglasso's bic is 2245.07891994551" "lglasso's bic is 2364.83419193633"
[1] "The 9th simulation:"
[1] "two-community heter data are generated"
[1] "heter data are generated"
[1] "heter data are generated"
 [1] "lglasso's bic is 19376.1800795528" "lglasso's bic is 15575.2932732791"
 [3] "lglasso's bic is 12608.9221698084" "lglasso's bic is 10427.2540713131"
 [5] "lglasso's bic is 8804.73314345645" "lglasso's bic is 7569.75318053751"
 [7] "lglasso's bic is 6662.44371875153" "lglasso's bic is 6153.66875059837"
 [9] "lglasso's bic is 5917.12494070832" "lglasso's bic is 5711.26136314628"
[11] "lglasso's bic is 5630.83019365399" "lglasso's bic is 5596.20080405175"
[13] "lglasso's bic is 5655.71074409566" "lglasso's bic is 5709.37894309521"
[15] "lglasso's bic is 5814.44024000351" "lglasso's bic is 5906.11447238022"
[17] "lglasso's bic is 6021.95455309115" "lglasso's bic is 6165.18921482024"
[19] "lglasso's bic is 6319.05716166436" "lglasso's bic is 6504.40814457001"
[1] "The 10th simulation:"
[1] "two-community heter data are generated"
[1] "heter data are generated"
[1] "heter data are generated"
 [1] "lglasso's bic is 19675.8498265088" "lglasso's bic is 15867.6880373841"
 [3] "lglasso's bic is 12880.9970394054" "lglasso's bic is 11021.9881221802"
 [5] "lglasso's bic is 9228.89744523204" "lglasso's bic is 8138.02887802478"
 [7] "lglasso's bic is 7333.86241123044" "lglasso's bic is 6656.43222432558"
 [9] "lglasso's bic is 6310.78956332256" "lglasso's bic is 6121.19967397168"
[11] "lglasso's bic is 5965.3851548941"  "lglasso's bic is 5977.2303148707" 
[13] "lglasso's bic is 6010.02832027711" "lglasso's bic is 6069.70506086652"
[15] "lglasso's bic is 6128.66021256098" "lglasso's bic is 6295.76529098802"
[17] "lglasso's bic is 6396.685084169"   "lglasso's bic is 6494.15745620136"
[19] "lglasso's bic is 6620.35927417633" "lglasso's bic is 6717.11359390852"
[1] "The 11th simulation:"
[1] "two-community heter data are generated"
[1] "heter data are generated"
[1] "heter data are generated"
 [1] "lglasso's bic is 8242.84289419843"  "lglasso's bic is 3398.84733202182" 
 [3] "lglasso's bic is 1928.71445789545"  "lglasso's bic is 531.815475341503" 
 [5] "lglasso's bic is -297.08472887622"  "lglasso's bic is -1026.26320083504"
 [7] "lglasso's bic is -1328.3919005508"  "lglasso's bic is -1400.35101578764"
 [9] "lglasso's bic is -1470.79590458339" "lglasso's bic is -1369.44455818835"
[11] "lglasso's bic is -1208.17971191082" "lglasso's bic is -977.125900190913"
[13] "lglasso's bic is -737.21037389833"  "lglasso's bic is -404.287062235528"
[15] "lglasso's bic is 166.795894080711"  "lglasso's bic is 502.023398909474" 
[17] "lglasso's bic is 749.308109334394"  "lglasso's bic is 1004.11412026532" 
[19] "lglasso's bic is 1235.60833270561"  "lglasso's bic is 1474.81267154673" 
[1] "The 12th simulation:"
[1] "two-community heter data are generated"
[1] "heter data are generated"
[1] "heter data are generated"
 [1] "lglasso's bic is 16361.5485887797" "lglasso's bic is 12162.0410801327"
 [3] "lglasso's bic is 9261.25851364565" "lglasso's bic is 7134.18873236439"
 [5] "lglasso's bic is 5704.91005675308" "lglasso's bic is 4449.54000371583"
 [7] "lglasso's bic is 3942.49057641398" "lglasso's bic is 3322.43996103601"
 [9] "lglasso's bic is 3444.72013189909" "lglasso's bic is 3298.18025300357"
[11] "lglasso's bic is 3295.29518157972" "lglasso's bic is 3346.79932106056"
[13] "lglasso's bic is 3427.09418260159" "lglasso's bic is 3785.33774244714"
[15] "lglasso's bic is 3866.26867420379" "lglasso's bic is 3996.05772871633"
[17] "lglasso's bic is 4115.92702453983" "lglasso's bic is 4233.1625731932" 
[19] "lglasso's bic is 4379.94110546405" "lglasso's bic is 4496.15758819755"
[1] "The 13th simulation:"
[1] "two-community heter data are generated"
[1] "heter data are generated"
[1] "heter data are generated"
 [1] "lglasso's bic is 21941.8718978652" "lglasso's bic is 17946.0454239407"
 [3] "lglasso's bic is 15179.3171099434" "lglasso's bic is 13464.9453659956"
 [5] "lglasso's bic is 11591.2622108925" "lglasso's bic is 10281.5730977387"
 [7] "lglasso's bic is 9534.24360464775" "lglasso's bic is 9037.31368128019"
 [9] "lglasso's bic is 8648.29252278833" "lglasso's bic is 8499.6886682553" 
[11] "lglasso's bic is 8454.96945427656" "lglasso's bic is 8505.64746862418"
[13] "lglasso's bic is 8524.99963815266" "lglasso's bic is 8627.77696204844"
[15] "lglasso's bic is 8743.52671325408" "lglasso's bic is 8836.77098422111"
[17] "lglasso's bic is 8964.77609688871" "lglasso's bic is 9093.47929288313"
[19] "lglasso's bic is 9219.99583259171" "lglasso's bic is 9324.90492306418"
[1] "The 14th simulation:"
[1] "two-community heter data are generated"
[1] "heter data are generated"
[1] "heter data are generated"
 [1] "lglasso's bic is 17213.3795294639" "lglasso's bic is 13043.7884867963"
 [3] "lglasso's bic is 10287.0440148383" "lglasso's bic is 8354.9763913359" 
 [5] "lglasso's bic is 6650.71800929887" "lglasso's bic is 5585.46892218158"
 [7] "lglasso's bic is 4906.61242370715" "lglasso's bic is 4376.12513411437"
 [9] "lglasso's bic is 4112.36416961298" "lglasso's bic is 4007.38882763874"
[11] "lglasso's bic is 3932.14252239131" "lglasso's bic is 4103.74345913529"
[13] "lglasso's bic is 4188.51841664812" "lglasso's bic is 4309.53917008843"
[15] "lglasso's bic is 4429.54510580987" "lglasso's bic is 4526.66916738371"
[17] "lglasso's bic is 4651.72895586354" "lglasso's bic is 4834.92392436262"
[19] "lglasso's bic is 4948.62232522442" "lglasso's bic is 5071.49646892913"
[1] "The 15th simulation:"
[1] "two-community heter data are generated"
[1] "heter data are generated"
[1] "heter data are generated"
 [1] "lglasso's bic is 13609.3170325762" "lglasso's bic is 8967.41419066119"
 [3] "lglasso's bic is 6509.11726109451" "lglasso's bic is 4577.73991265821"
 [5] "lglasso's bic is 3312.13847881555" "lglasso's bic is 2570.78371672383"
 [7] "lglasso's bic is 2016.21586097498" "lglasso's bic is 1691.03779696"   
 [9] "lglasso's bic is 1458.76608589781" "lglasso's bic is 1451.28237816605"
[11] "lglasso's bic is 1497.30397193302" "lglasso's bic is 1605.99694959742"
[13] "lglasso's bic is 1823.39358565089" "lglasso's bic is 1984.70448068436"
[15] "lglasso's bic is 2195.70437874235" "lglasso's bic is 2382.40484072915"
[17] "lglasso's bic is 2549.44113428154" "lglasso's bic is 2724.0232211599" 
[19] "lglasso's bic is 2895.26455733283" "lglasso's bic is 3239.837298293"  
[1] "The 16th simulation:"
[1] "two-community heter data are generated"
[1] "heter data are generated"
[1] "heter data are generated"
 [1] "lglasso's bic is 20038.4222144478" "lglasso's bic is 16162.2979120483"
 [3] "lglasso's bic is 13309.3621870776" "lglasso's bic is 11032.857524006" 
 [5] "lglasso's bic is 9483.3161161709"  "lglasso's bic is 8373.34803943054"
 [7] "lglasso's bic is 7678.74756421053" "lglasso's bic is 7223.14054982077"
 [9] "lglasso's bic is 6953.54010029451" "lglasso's bic is 6905.83871559117"
[11] "lglasso's bic is 6835.47534623226" "lglasso's bic is 6876.59097565857"
[13] "lglasso's bic is 6973.47346751889" "lglasso's bic is 7087.5496329794" 
[15] "lglasso's bic is 7200.2232515256"  "lglasso's bic is 7313.70164235005"
[17] "lglasso's bic is 7473.07808031778" "lglasso's bic is 7604.26958140218"
[19] "lglasso's bic is 7765.35037126796" "lglasso's bic is 7910.40683141244"
[1] "The 17th simulation:"
[1] "two-community heter data are generated"
[1] "heter data are generated"
[1] "heter data are generated"
 [1] "lglasso's bic is 17955.2573862814" "lglasso's bic is 13912.1213091356"
 [3] "lglasso's bic is 11320.045857826"  "lglasso's bic is 8970.46488500016"
 [5] "lglasso's bic is 7646.60024206318" "lglasso's bic is 6554.92917176033"
 [7] "lglasso's bic is 5743.93830291722" "lglasso's bic is 5122.66965868011"
 [9] "lglasso's bic is 4784.89565478004" "lglasso's bic is 4745.98017890157"
[11] "lglasso's bic is 4824.89220025846" "lglasso's bic is 4871.5853400237" 
[13] "lglasso's bic is 4980.51248280398" "lglasso's bic is 5117.54609662305"
[15] "lglasso's bic is 5309.94845868176" "lglasso's bic is 5397.96655613249"
[17] "lglasso's bic is 5496.10006707114" "lglasso's bic is 5609.16285810674"
[19] "lglasso's bic is 5843.39833727356" "lglasso's bic is 5948.64236043652"
[1] "The 18th simulation:"
[1] "two-community heter data are generated"
[1] "heter data are generated"
[1] "heter data are generated"
 [1] "lglasso's bic is 18891.9333875407" "lglasso's bic is 15293.6894779411"
 [3] "lglasso's bic is 12831.208950281"  "lglasso's bic is 10949.658652274" 
 [5] "lglasso's bic is 7529.59108829349" "lglasso's bic is 6301.75899789354"
 [7] "lglasso's bic is 5472.84495758795" "lglasso's bic is 4950.80293565622"
 [9] "lglasso's bic is 4684.32035081458" "lglasso's bic is 4628.39680696019"
[11] "lglasso's bic is 4606.39346252185" "lglasso's bic is 4662.20348380715"
[13] "lglasso's bic is 4737.03556879361" "lglasso's bic is 4865.5192913261" 
[15] "lglasso's bic is 5050.05479864735" "lglasso's bic is 5147.56303953193"
[17] "lglasso's bic is 5255.42531546779" "lglasso's bic is 5370.36433036606"
[19] "lglasso's bic is 5534.74691025769" "lglasso's bic is 5638.53670713088"
[1] "The 19th simulation:"
[1] "two-community heter data are generated"
[1] "heter data are generated"
[1] "heter data are generated"
 [1] "lglasso's bic is 21999.1469011957" "lglasso's bic is 18327.6691540757"
 [3] "lglasso's bic is 15375.0792901497" "lglasso's bic is 13193.031954355" 
 [5] "lglasso's bic is 11387.209557202"  "lglasso's bic is 10101.5265588153"
 [7] "lglasso's bic is 9183.7410743659"  "lglasso's bic is 8551.36042367023"
 [9] "lglasso's bic is 8264.25406898475" "lglasso's bic is 8103.65645367734"
[11] "lglasso's bic is 8092.72724956072" "lglasso's bic is 8103.55064972273"
[13] "lglasso's bic is 8158.56323279025" "lglasso's bic is 8237.71851426223"
[15] "lglasso's bic is 8371.41487690403" "lglasso's bic is 8509.35185731442"
[17] "lglasso's bic is 8594.64795922508" "lglasso's bic is 8838.72874079733"
[19] "lglasso's bic is 8967.55676829205" "lglasso's bic is 9172.73050212179"
[1] "The 20th simulation:"
[1] "two-community heter data are generated"
[1] "heter data are generated"
[1] "heter data are generated"
 [1] "lglasso's bic is 17413.7349452423" "lglasso's bic is 13542.7480080993"
 [3] "lglasso's bic is 11013.7652105939" "lglasso's bic is 9434.49521915649"
 [5] "lglasso's bic is 7974.82733263761" "lglasso's bic is 6843.27702114848"
 [7] "lglasso's bic is 4055.33106447574" "lglasso's bic is 3577.7834493328" 
 [9] "lglasso's bic is 3337.68936151174" "lglasso's bic is 3277.45979069196"
[11] "lglasso's bic is 3408.99212355712" "lglasso's bic is 3472.1921475266" 
[13] "lglasso's bic is 3590.34243392839" "lglasso's bic is 3702.40169072526"
[15] "lglasso's bic is 3807.02716824381" "lglasso's bic is 3917.70760392844"
[17] "lglasso's bic is 5007.26689433546" "lglasso's bic is 5075.56687166849"
[19] "lglasso's bic is 5219.33993552611" "lglasso's bic is 5320.78673702467"
[1] "The 21th simulation:"
[1] "two-community heter data are generated"
[1] "heter data are generated"
[1] "heter data are generated"
 [1] "lglasso's bic is 15467.3854763654" "lglasso's bic is 11272.9581873295"
 [3] "lglasso's bic is 8175.6686124251"  "lglasso's bic is 6164.34599390862"
 [5] "lglasso's bic is 4418.28614158029" "lglasso's bic is 3305.87667573229"
 [7] "lglasso's bic is 2543.68895096749" "lglasso's bic is 2244.65826167523"
 [9] "lglasso's bic is 2084.57989732043" "lglasso's bic is 2029.36581177973"
[11] "lglasso's bic is 2071.65237419717" "lglasso's bic is 2216.32281994216"
[13] "lglasso's bic is 2381.69556999414" "lglasso's bic is 2502.46751974468"
[15] "lglasso's bic is 2661.688300098"   "lglasso's bic is 2779.40554778673"
[17] "lglasso's bic is 3088.77172347208" "lglasso's bic is 3209.0293053268" 
[19] "lglasso's bic is 3325.19652455409" "lglasso's bic is 3515.78620084352"
[1] "The 22th simulation:"
[1] "two-community heter data are generated"
[1] "heter data are generated"
[1] "heter data are generated"
 [1] "lglasso's bic is 16592.9545341714" "lglasso's bic is 12690.4955535696"
 [3] "lglasso's bic is 9710.89305478012" "lglasso's bic is 7410.81639504856"
 [5] "lglasso's bic is 5613.43385810348" "lglasso's bic is 4638.78809193113"
 [7] "lglasso's bic is 3999.22711559595" "lglasso's bic is 3500.36356246678"
 [9] "lglasso's bic is 3189.2614608893"  "lglasso's bic is 3098.93555269793"
[11] "lglasso's bic is 3216.24718671254" "lglasso's bic is 3287.47899266401"
[13] "lglasso's bic is 3368.47713795963" "lglasso's bic is 3479.83324078925"
[15] "lglasso's bic is 3641.20270714027" "lglasso's bic is 3730.22138150926"
[17] "lglasso's bic is 3817.33022665226" "lglasso's bic is 3916.84495258983"
[19] "lglasso's bic is 4030.96657107568" "lglasso's bic is 4156.88836201445"
[1] "The 23th simulation:"
[1] "two-community heter data are generated"
[1] "heter data are generated"
[1] "heter data are generated"
 [1] "lglasso's bic is 16445.3998462343" "lglasso's bic is 12258.0376297876"
 [3] "lglasso's bic is 9351.94916648907" "lglasso's bic is 7622.0190129662" 
 [5] "lglasso's bic is 6035.63064928294" "lglasso's bic is 4946.21153934156"
 [7] "lglasso's bic is 4418.9534983817"  "lglasso's bic is 4027.07987819014"
 [9] "lglasso's bic is 3837.78776548992" "lglasso's bic is 3790.15647200658"
[11] "lglasso's bic is 3803.22462103344" "lglasso's bic is 3906.29138503306"
[13] "lglasso's bic is 4037.80247486343" "lglasso's bic is 4253.15233356031"
[15] "lglasso's bic is 4440.67563279305" "lglasso's bic is 4657.91085824131"
[17] "lglasso's bic is 4835.46637374656" "lglasso's bic is 5036.906603899"  
[19] "lglasso's bic is 5204.29264663325" "lglasso's bic is 5372.83702932533"
[1] "The 24th simulation:"
[1] "two-community heter data are generated"
[1] "heter data are generated"
[1] "heter data are generated"
 [1] "lglasso's bic is 20733.0934219959" "lglasso's bic is 16792.3377125661"
 [3] "lglasso's bic is 13812.2066911178" "lglasso's bic is 11703.2126514106"
 [5] "lglasso's bic is 10167.0879961399" "lglasso's bic is 9085.99492581245"
 [7] "lglasso's bic is 8317.59419171568" "lglasso's bic is 7720.89197198745"
 [9] "lglasso's bic is 7401.62158200273" "lglasso's bic is 7291.7971294466" 
[11] "lglasso's bic is 7272.94666178938" "lglasso's bic is 7303.63833751113"
[13] "lglasso's bic is 7415.36438317604" "lglasso's bic is 7493.0669125659" 
[15] "lglasso's bic is 7609.68146059603" "lglasso's bic is 7733.917565241"  
[17] "lglasso's bic is 7852.05045490641" "lglasso's bic is 8035.13237816818"
[19] "lglasso's bic is 8143.86526640982" "lglasso's bic is 8293.11971139653"
[1] "The 25th simulation:"
[1] "two-community heter data are generated"
[1] "heter data are generated"
[1] "heter data are generated"
 [1] "lglasso's bic is 14516.2129478032" "lglasso's bic is 10085.1813365358"
 [3] "lglasso's bic is 7443.24635311748" "lglasso's bic is 5553.58655007825"
 [5] "lglasso's bic is 3985.48612265783" "lglasso's bic is 2940.42236522709"
 [7] "lglasso's bic is 2355.66787089072" "lglasso's bic is 1920.98553380415"
 [9] "lglasso's bic is 1762.72794690937" "lglasso's bic is 1714.29496083665"
[11] "lglasso's bic is 1820.02871234669" "lglasso's bic is 1982.28036483968"
[13] "lglasso's bic is 2164.39345831793" "lglasso's bic is 2320.79547192002"
[15] "lglasso's bic is 2466.59207017074" "lglasso's bic is 2666.5118025439" 
[17] "lglasso's bic is 2953.7147875201"  "lglasso's bic is 3164.86790486342"
[19] "lglasso's bic is 3306.40540390059" "lglasso's bic is 3823.05909177875"
[1] "The 26th simulation:"
[1] "two-community heter data are generated"
[1] "heter data are generated"
[1] "heter data are generated"
 [1] "lglasso's bic is 19800.8021543758" "lglasso's bic is 15959.0920375014"
 [3] "lglasso's bic is 13149.0166406185" "lglasso's bic is 11053.0446306797"
 [5] "lglasso's bic is 9387.81452532437" "lglasso's bic is 8222.01187592612"
 [7] "lglasso's bic is 7366.78099700899" "lglasso's bic is 6776.3693421648" 
 [9] "lglasso's bic is 6408.90081915139" "lglasso's bic is 6203.50801970973"
[11] "lglasso's bic is 6098.66838938796" "lglasso's bic is 6124.40152668677"
[13] "lglasso's bic is 6144.00170044204" "lglasso's bic is 6233.46232837894"
[15] "lglasso's bic is 6309.19055456821" "lglasso's bic is 6461.18528385662"
[17] "lglasso's bic is 6671.65616206894" "lglasso's bic is 6756.8337079659" 
[19] "lglasso's bic is 6862.92827218417" "lglasso's bic is 6974.62746821115"
[1] "The 27th simulation:"
[1] "two-community heter data are generated"
[1] "heter data are generated"
[1] "heter data are generated"
 [1] "lglasso's bic is 17386.2356973039" "lglasso's bic is 13877.1966496397"
 [3] "lglasso's bic is 10903.2141778114" "lglasso's bic is 8780.07509149801"
 [5] "lglasso's bic is 7112.33643907908" "lglasso's bic is 5832.35357750237"
 [7] "lglasso's bic is 4972.11213051633" "lglasso's bic is 4438.79211009038"
 [9] "lglasso's bic is 4237.54062220433" "lglasso's bic is 4115.5928069275" 
[11] "lglasso's bic is 4079.19888822318" "lglasso's bic is 4085.21554247502"
[13] "lglasso's bic is 4110.64457125103" "lglasso's bic is 4185.92790151282"
[15] "lglasso's bic is 4418.3252628127"  "lglasso's bic is 4536.34808585062"
[17] "lglasso's bic is 4634.82666447021" "lglasso's bic is 4868.15586553858"
[19] "lglasso's bic is 5085.14285643262" "lglasso's bic is 5176.9048216725" 
[1] "The 28th simulation:"
[1] "two-community heter data are generated"
[1] "heter data are generated"
[1] "heter data are generated"
 [1] "lglasso's bic is 17942.7735652958" "lglasso's bic is 13958.5388351756"
 [3] "lglasso's bic is 11232.0300357711" "lglasso's bic is 9107.39952371813"
 [5] "lglasso's bic is 7413.85353245124" "lglasso's bic is 6276.46210889169"
 [7] "lglasso's bic is 5442.05164666503" "lglasso's bic is 4914.22406279751"
 [9] "lglasso's bic is 4629.52932467255" "lglasso's bic is 4568.72753935711"
[11] "lglasso's bic is 4515.40802529537" "lglasso's bic is 4602.1829042604" 
[13] "lglasso's bic is 4695.15164807396" "lglasso's bic is 4754.12603990896"
[15] "lglasso's bic is 4855.60364256676" "lglasso's bic is 4962.33074840472"
[17] "lglasso's bic is 5044.72973288311" "lglasso's bic is 5141.46519351066"
[19] "lglasso's bic is 5254.01148859195" "lglasso's bic is 5382.35278849826"
[1] "The 29th simulation:"
[1] "two-community heter data are generated"
[1] "heter data are generated"
[1] "heter data are generated"
 [1] "lglasso's bic is 19357.7116846183" "lglasso's bic is 15335.0124125745"
 [3] "lglasso's bic is 12623.7725389014" "lglasso's bic is 10576.2359985026"
 [5] "lglasso's bic is 8938.73858755569" "lglasso's bic is 7853.59677051052"
 [7] "lglasso's bic is 6950.60129362527" "lglasso's bic is 6446.04184919173"
 [9] "lglasso's bic is 6090.43156789927" "lglasso's bic is 6020.36149442913"
[11] "lglasso's bic is 6022.63973465273" "lglasso's bic is 6066.39652153998"
[13] "lglasso's bic is 6252.76726172166" "lglasso's bic is 6351.76378660722"
[15] "lglasso's bic is 6481.45129386774" "lglasso's bic is 6749.66388643532"
[17] "lglasso's bic is 6853.74849560824" "lglasso's bic is 6970.91014542421"
[19] "lglasso's bic is 7091.62239139438" "lglasso's bic is 7235.45736585308"
[1] "The 30th simulation:"
[1] "two-community heter data are generated"
[1] "heter data are generated"
[1] "heter data are generated"
 [1] "lglasso's bic is 18943.8112104537" "lglasso's bic is 15006.500509339" 
 [3] "lglasso's bic is 12331.2464886263" "lglasso's bic is 9947.43661000207"
 [5] "lglasso's bic is 8462.72979742981" "lglasso's bic is 7336.15129945756"
 [7] "lglasso's bic is 6592.09587951332" "lglasso's bic is 6095.75267056734"
 [9] "lglasso's bic is 5843.24006540418" "lglasso's bic is 5592.47514274522"
[11] "lglasso's bic is 5578.62663013655" "lglasso's bic is 5539.86834055439"
[13] "lglasso's bic is 5629.69200852615" "lglasso's bic is 5711.63146886193"
[15] "lglasso's bic is 5798.2265713317"  "lglasso's bic is 5964.25875022139"
[17] "lglasso's bic is 6070.45565008314" "lglasso's bic is 6201.04413242268"
[19] "lglasso's bic is 6319.55163164165" "lglasso's bic is 6442.13397036129"
[1] "The 31th simulation:"
[1] "two-community heter data are generated"
[1] "heter data are generated"
[1] "heter data are generated"
 [1] "lglasso's bic is 18778.7421288209" "lglasso's bic is 14651.6253261051"
 [3] "lglasso's bic is 12068.043377432"  "lglasso's bic is 9731.29620967572"
 [5] "lglasso's bic is 8258.53090372432" "lglasso's bic is 7256.9012193305" 
 [7] "lglasso's bic is 6418.50044357406" "lglasso's bic is 5950.63565203583"
 [9] "lglasso's bic is 5589.63942615046" "lglasso's bic is 5522.4917747583" 
[11] "lglasso's bic is 5464.9572113519"  "lglasso's bic is 5496.618233961"  
[13] "lglasso's bic is 5577.06685946051" "lglasso's bic is 5761.41385010296"
[15] "lglasso's bic is 5896.89532850199" "lglasso's bic is 6022.49851036575"
[17] "lglasso's bic is 6125.10723094203" "lglasso's bic is 6244.75976506066"
[19] "lglasso's bic is 6381.70139009435" "lglasso's bic is 6494.97162699128"
[1] "The 32th simulation:"
[1] "two-community heter data are generated"
[1] "heter data are generated"
[1] "heter data are generated"
 [1] "lglasso's bic is 16699.8289545445" "lglasso's bic is 12925.2080797041"
 [3] "lglasso's bic is 10124.3418746735" "lglasso's bic is 8007.65600626496"
 [5] "lglasso's bic is 6406.27575924929" "lglasso's bic is 5250.28148229948"
 [7] "lglasso's bic is 4450.0971167502"  "lglasso's bic is 4059.75896317284"
 [9] "lglasso's bic is 3804.45763222128" "lglasso's bic is 3721.80036142608"
[11] "lglasso's bic is 3720.54572152022" "lglasso's bic is 3828.23658606637"
[13] "lglasso's bic is 3982.74019338898" "lglasso's bic is 4061.22439737017"
[15] "lglasso's bic is 4162.46646235737" "lglasso's bic is 4311.84739959629"
[17] "lglasso's bic is 4480.44120166032" "lglasso's bic is 4609.28967568534"
[19] "lglasso's bic is 4734.57179717588" "lglasso's bic is 4858.71907411694"
[1] "The 33th simulation:"
[1] "two-community heter data are generated"
[1] "heter data are generated"
[1] "heter data are generated"
 [1] "lglasso's bic is 19465.7024298933" "lglasso's bic is 15483.1991753429"
 [3] "lglasso's bic is 12996.0416050881" "lglasso's bic is 10651.4742207033"
 [5] "lglasso's bic is 8874.83070762567" "lglasso's bic is 7649.39358882833"
 [7] "lglasso's bic is 6832.71235978742" "lglasso's bic is 6236.47705130181"
 [9] "lglasso's bic is 5983.26669219074" "lglasso's bic is 5887.54901787591"
[11] "lglasso's bic is 5813.96605681384" "lglasso's bic is 5831.96186208726"
[13] "lglasso's bic is 5886.95709573276" "lglasso's bic is 5984.90761314621"
[15] "lglasso's bic is 6034.07747184388" "lglasso's bic is 6169.94277680847"
[17] "lglasso's bic is 6257.12811477974" "lglasso's bic is 6383.68083984561"
[19] "lglasso's bic is 6485.04661194322" "lglasso's bic is 6669.6055816538" 
[1] "The 34th simulation:"
[1] "two-community heter data are generated"
[1] "heter data are generated"
[1] "heter data are generated"
 [1] "lglasso's bic is 19322.9630200006" "lglasso's bic is 15575.3594932109"
 [3] "lglasso's bic is 12804.2750984727" "lglasso's bic is 10562.4016811853"
 [5] "lglasso's bic is 8809.00829379058" "lglasso's bic is 7551.55525320966"
 [7] "lglasso's bic is 6736.36686626825" "lglasso's bic is 6216.33803916453"
 [9] "lglasso's bic is 5997.01279002414" "lglasso's bic is 5868.56241622791"
[11] "lglasso's bic is 5828.22560780816" "lglasso's bic is 5945.23126495789"
[13] "lglasso's bic is 6000.57194753292" "lglasso's bic is 6072.71148665613"
[15] "lglasso's bic is 6159.83323825369" "lglasso's bic is 6289.1229885516" 
[17] "lglasso's bic is 6396.3770546572"  "lglasso's bic is 6482.91651408292"
[19] "lglasso's bic is 6596.23517086998" "lglasso's bic is 6700.50540710175"
[1] "The 35th simulation:"
[1] "two-community heter data are generated"
[1] "heter data are generated"
[1] "heter data are generated"
 [1] "lglasso's bic is 18336.3837209995" "lglasso's bic is 14096.3064183564"
 [3] "lglasso's bic is 11348.5299223013" "lglasso's bic is 9107.19326464814"
 [5] "lglasso's bic is 7499.58911645712" "lglasso's bic is 6391.75140101637"
 [7] "lglasso's bic is 5597.27329796205" "lglasso's bic is 5161.32434601784"
 [9] "lglasso's bic is 4934.87279325233" "lglasso's bic is 4837.22135782389"
[11] "lglasso's bic is 4823.12305171849" "lglasso's bic is 4802.32255651099"
[13] "lglasso's bic is 4913.85647813884" "lglasso's bic is 5024.03687537176"
[15] "lglasso's bic is 5132.10928002157" "lglasso's bic is 5285.38871169252"
[17] "lglasso's bic is 5398.84823978474" "lglasso's bic is 5597.33739511796"
[19] "lglasso's bic is 5812.27317065192" "lglasso's bic is 5956.44447320694"
[1] "The 36th simulation:"
[1] "two-community heter data are generated"
[1] "heter data are generated"
[1] "heter data are generated"
 [1] "lglasso's bic is 19765.9103478127" "lglasso's bic is 15747.9768229035"
 [3] "lglasso's bic is 12916.9049704177" "lglasso's bic is 10922.7453260061"
 [5] "lglasso's bic is 9229.61240765261" "lglasso's bic is 8145.86515078237"
 [7] "lglasso's bic is 7238.77272787831" "lglasso's bic is 6503.44150127012"
 [9] "lglasso's bic is 6215.10962579434" "lglasso's bic is 6033.37338938995"
[11] "lglasso's bic is 6010.46721681816" "lglasso's bic is 6067.16003357612"
[13] "lglasso's bic is 6106.85281387531" "lglasso's bic is 6174.61526156441"
[15] "lglasso's bic is 6244.67665379779" "lglasso's bic is 6327.19885481681"
[17] "lglasso's bic is 6429.29602569468" "lglasso's bic is 6531.37789004071"
[19] "lglasso's bic is 6647.08831966955" "lglasso's bic is 6771.05259300091"
[1] "The 37th simulation:"
[1] "two-community heter data are generated"
[1] "heter data are generated"
[1] "heter data are generated"
 [1] "lglasso's bic is 15116.3358384741" "lglasso's bic is 11010.7339687127"
 [3] "lglasso's bic is 8190.7417451485"  "lglasso's bic is 6414.78846299591"
 [5] "lglasso's bic is 5016.12515957731" "lglasso's bic is 3823.57501436855"
 [7] "lglasso's bic is 3136.44261826529" "lglasso's bic is 2899.5090049863" 
 [9] "lglasso's bic is 2695.89663858198" "lglasso's bic is 2532.52338956344"
[11] "lglasso's bic is 2675.22046421263" "lglasso's bic is 2746.77536255331"
[13] "lglasso's bic is 2941.32864140969" "lglasso's bic is 3074.05915526904"
[15] "lglasso's bic is 3215.94409945381" "lglasso's bic is 3393.61183259216"
[17] "lglasso's bic is 3574.66277299973" "lglasso's bic is 3742.32643556343"
[19] "lglasso's bic is 3884.52999058157" "lglasso's bic is 4073.56889053072"
[1] "The 38th simulation:"
[1] "two-community heter data are generated"
[1] "heter data are generated"
[1] "heter data are generated"
 [1] "lglasso's bic is 16601.3418339233" "lglasso's bic is 12315.052699795" 
 [3] "lglasso's bic is 9406.08005495841" "lglasso's bic is 7369.34621669387"
 [5] "lglasso's bic is 5839.34572639329" "lglasso's bic is 4622.70474830621"
 [7] "lglasso's bic is 3971.98958467963" "lglasso's bic is 3461.55397181871"
 [9] "lglasso's bic is 3292.90762872906" "lglasso's bic is 3224.88259269525"
[11] "lglasso's bic is 3325.70028440783" "lglasso's bic is 3417.96234293624"
[13] "lglasso's bic is 3512.08988213091" "lglasso's bic is 3629.38939204155"
[15] "lglasso's bic is 3778.92625803552" "lglasso's bic is 4003.48262111434"
[17] "lglasso's bic is 4151.217739126"   "lglasso's bic is 4349.51996652659"
[19] "lglasso's bic is 4481.44928559268" "lglasso's bic is 4656.69742893304"
[1] "The 39th simulation:"
[1] "two-community heter data are generated"
[1] "heter data are generated"
[1] "heter data are generated"
 [1] "lglasso's bic is 21957.2837104499" "lglasso's bic is 18147.2400281169"
 [3] "lglasso's bic is 15238.4451842493" "lglasso's bic is 13038.2428453627"
 [5] "lglasso's bic is 11244.9132353907" "lglasso's bic is 9983.16531892143"
 [7] "lglasso's bic is 9181.28191210474" "lglasso's bic is 8611.11091247471"
 [9] "lglasso's bic is 8271.29041214489" "lglasso's bic is 8105.00452729335"
[11] "lglasso's bic is 8057.46512338335" "lglasso's bic is 8089.39386070077"
[13] "lglasso's bic is 8098.95839868834" "lglasso's bic is 8164.17613871981"
[15] "lglasso's bic is 8259.83237577498" "lglasso's bic is 8402.40332174994"
[17] "lglasso's bic is 8481.58646183687" "lglasso's bic is 8595.50448832089"
[19] "lglasso's bic is 8671.19112860343" "lglasso's bic is 8749.10469478123"
[1] "The 40th simulation:"
[1] "two-community heter data are generated"
[1] "heter data are generated"
[1] "heter data are generated"
 [1] "lglasso's bic is 19905.4219960797" "lglasso's bic is 16048.4334550384"
 [3] "lglasso's bic is 13456.7538123174" "lglasso's bic is 11151.7208885016"
 [5] "lglasso's bic is 9389.48171306155" "lglasso's bic is 8039.74144660306"
 [7] "lglasso's bic is 7284.97530628979" "lglasso's bic is 6756.09837519165"
 [9] "lglasso's bic is 6462.91564544411" "lglasso's bic is 6389.21320050562"
[11] "lglasso's bic is 6318.81757045923" "lglasso's bic is 6347.04595173678"
[13] "lglasso's bic is 6457.62115511515" "lglasso's bic is 6545.93607286415"
[15] "lglasso's bic is 6643.94798149554" "lglasso's bic is 6738.42425493918"
[17] "lglasso's bic is 6849.98780490762" "lglasso's bic is 6987.11462433166"
[19] "lglasso's bic is 7096.84943718882" "lglasso's bic is 7202.93366850391"
[1] "The 41th simulation:"
[1] "two-community heter data are generated"
[1] "heter data are generated"
[1] "heter data are generated"
 [1] "lglasso's bic is 18430.1441116508" "lglasso's bic is 14237.5131223808"
 [3] "lglasso's bic is 11409.4732471464" "lglasso's bic is 9565.23504304147"
 [5] "lglasso's bic is 7801.92943697"    "lglasso's bic is 6667.80107505077"
 [7] "lglasso's bic is 5958.49493296116" "lglasso's bic is 5557.6737738751" 
 [9] "lglasso's bic is 5347.35630948106" "lglasso's bic is 5212.59312825437"
[11] "lglasso's bic is 5211.91371585896" "lglasso's bic is 5271.19375178755"
[13] "lglasso's bic is 5365.50729398784" "lglasso's bic is 5451.5288229836" 
[15] "lglasso's bic is 5560.24794565369" "lglasso's bic is 5707.47075157514"
[17] "lglasso's bic is 5833.88074169451" "lglasso's bic is 5953.22040839683"
[19] "lglasso's bic is 6198.2010014279"  "lglasso's bic is 6379.28869206724"
[1] "The 42th simulation:"
[1] "two-community heter data are generated"
[1] "heter data are generated"
[1] "heter data are generated"
 [1] "lglasso's bic is 15528.568060854"  "lglasso's bic is 11326.432904326" 
 [3] "lglasso's bic is 8250.00042933206" "lglasso's bic is 5968.80501945021"
 [5] "lglasso's bic is 4517.11950202909" "lglasso's bic is 3290.45662814762"
 [7] "lglasso's bic is 2576.48805045301" "lglasso's bic is 2178.50214164649"
 [9] "lglasso's bic is 2021.4973601404"  "lglasso's bic is 2024.76182002054"
[11] "lglasso's bic is 2038.79480186596" "lglasso's bic is 2065.33261849638"
[13] "lglasso's bic is 2149.50022003464" "lglasso's bic is 2404.32126247051"
[15] "lglasso's bic is 2519.8375938234"  "lglasso's bic is 2636.63452393757"
[17] "lglasso's bic is 2750.76700866881" "lglasso's bic is 2922.70282025027"
[19] "lglasso's bic is 3028.54027938295" "lglasso's bic is 3284.04129373588"
[1] "The 43th simulation:"
[1] "two-community heter data are generated"
[1] "heter data are generated"
[1] "heter data are generated"
 [1] "lglasso's bic is 20558.7288464174" "lglasso's bic is 16478.0651933251"
 [3] "lglasso's bic is 13595.3422994078" "lglasso's bic is 11452.3458159817"
 [5] "lglasso's bic is 9956.12368769648" "lglasso's bic is 8992.17924516646"
 [7] "lglasso's bic is 8151.96160805747" "lglasso's bic is 7599.95086375145"
 [9] "lglasso's bic is 7335.12299861178" "lglasso's bic is 7217.71991514291"
[11] "lglasso's bic is 7206.13826098843" "lglasso's bic is 7325.16484985726"
[13] "lglasso's bic is 7367.79770162645" "lglasso's bic is 7455.04288540137"
[15] "lglasso's bic is 7561.5496155738"  "lglasso's bic is 7935.30168824496"
[17] "lglasso's bic is 8005.18689215555" "lglasso's bic is 8121.20075075355"
[19] "lglasso's bic is 8242.47607367228" "lglasso's bic is 8346.72727757439"
[1] "The 44th simulation:"
[1] "two-community heter data are generated"
[1] "heter data are generated"
[1] "heter data are generated"
 [1] "lglasso's bic is 19449.0254604865" "lglasso's bic is 15820.9894781217"
 [3] "lglasso's bic is 13143.5640998959" "lglasso's bic is 11197.5260063528"
 [5] "lglasso's bic is 9534.59228024014" "lglasso's bic is 8265.57113141243"
 [7] "lglasso's bic is 7492.32890544614" "lglasso's bic is 6957.06195550798"
 [9] "lglasso's bic is 6695.59002646477" "lglasso's bic is 6430.26740221157"
[11] "lglasso's bic is 6293.55035689065" "lglasso's bic is 6238.69382596775"
[13] "lglasso's bic is 6276.16863649274" "lglasso's bic is 6323.45419350917"
[15] "lglasso's bic is 6385.994685585"   "lglasso's bic is 6471.24660536119"
[17] "lglasso's bic is 6740.99474881697" "lglasso's bic is 6841.85984183617"
[19] "lglasso's bic is 6987.58378326182" "lglasso's bic is 7075.4885680863" 
[1] "The 45th simulation:"
[1] "two-community heter data are generated"
[1] "heter data are generated"
[1] "heter data are generated"
 [1] "lglasso's bic is 16346.1021292659" "lglasso's bic is 12347.7841461846"
 [3] "lglasso's bic is 9424.62714006103" "lglasso's bic is 7458.11829822883"
 [5] "lglasso's bic is 6055.98383456321" "lglasso's bic is 4888.35208990561"
 [7] "lglasso's bic is 4332.28195489914" "lglasso's bic is 3769.24187398217"
 [9] "lglasso's bic is 3483.46347638677" "lglasso's bic is 3359.92934590349"
[11] "lglasso's bic is 3391.64707071941" "lglasso's bic is 3421.15425125668"
[13] "lglasso's bic is 3716.49439589224" "lglasso's bic is 3802.5576089788" 
[15] "lglasso's bic is 3914.69516151672" "lglasso's bic is 4118.47479695535"
[17] "lglasso's bic is 4247.84147059771" "lglasso's bic is 4375.20160424063"
[19] "lglasso's bic is 4505.51315721584" "lglasso's bic is 4629.4258161776" 
[1] "The 46th simulation:"
[1] "two-community heter data are generated"
[1] "heter data are generated"
[1] "heter data are generated"
 [1] "lglasso's bic is 21681.9101680975" "lglasso's bic is 17726.3308401681"
 [3] "lglasso's bic is 14753.0436230039" "lglasso's bic is 12545.2835613347"
 [5] "lglasso's bic is 11014.3099116752" "lglasso's bic is 9988.92661264431"
 [7] "lglasso's bic is 9341.52926402878" "lglasso's bic is 8817.28411800024"
 [9] "lglasso's bic is 8432.57701608216" "lglasso's bic is 8279.31469964541"
[11] "lglasso's bic is 8193.36364249414" "lglasso's bic is 8214.49282969567"
[13] "lglasso's bic is 8256.49684923422" "lglasso's bic is 8367.87964334654"
[15] "lglasso's bic is 8482.4504253448"  "lglasso's bic is 8646.32111239122"
[17] "lglasso's bic is 8744.04946819218" "lglasso's bic is 8887.12690914929"
[19] "lglasso's bic is 9005.37342902777" "lglasso's bic is 9123.8950792233" 
[1] "The 47th simulation:"
[1] "two-community heter data are generated"
[1] "heter data are generated"
[1] "heter data are generated"
 [1] "lglasso's bic is 20620.7465881367" "lglasso's bic is 16590.1859905541"
 [3] "lglasso's bic is 13320.8916761329" "lglasso's bic is 11212.4889101908"
 [5] "lglasso's bic is 9871.09614120017" "lglasso's bic is 8818.49466898141"
 [7] "lglasso's bic is 8072.53442083788" "lglasso's bic is 7653.05798779339"
 [9] "lglasso's bic is 7319.78586604721" "lglasso's bic is 7229.98592065014"
[11] "lglasso's bic is 7186.11159891454" "lglasso's bic is 7238.45210180929"
[13] "lglasso's bic is 7323.61065109016" "lglasso's bic is 7406.07610150736"
[15] "lglasso's bic is 7585.19783751139" "lglasso's bic is 7724.02715192923"
[17] "lglasso's bic is 7849.87251922301" "lglasso's bic is 7956.92797503582"
[19] "lglasso's bic is 8096.60513227613" "lglasso's bic is 8222.40241647668"
[1] "The 48th simulation:"
[1] "two-community heter data are generated"
[1] "heter data are generated"
[1] "heter data are generated"
 [1] "lglasso's bic is 19900.9972329866" "lglasso's bic is 15786.7344649849"
 [3] "lglasso's bic is 13264.5369284727" "lglasso's bic is 11269.8452893377"
 [5] "lglasso's bic is 9846.34893231304" "lglasso's bic is 8707.92850009397"
 [7] "lglasso's bic is 7842.78727065854" "lglasso's bic is 7342.06511527446"
 [9] "lglasso's bic is 7045.97470738708" "lglasso's bic is 6898.2047660644" 
[11] "lglasso's bic is 6870.60396120973" "lglasso's bic is 6868.36393901171"
[13] "lglasso's bic is 6886.9572068337"  "lglasso's bic is 6950.66212299811"
[15] "lglasso's bic is 7098.73579020566" "lglasso's bic is 7201.73125014736"
[17] "lglasso's bic is 7349.02476098902" "lglasso's bic is 7470.90848189528"
[19] "lglasso's bic is 7584.62113113634" "lglasso's bic is 7758.7415892642" 
[1] "The 49th simulation:"
[1] "two-community heter data are generated"
[1] "heter data are generated"
[1] "heter data are generated"
 [1] "lglasso's bic is 19373.6477143586" "lglasso's bic is 15540.9075977381"
 [3] "lglasso's bic is 12758.0238750298" "lglasso's bic is 10671.0529540721"
 [5] "lglasso's bic is 9144.83595351264" "lglasso's bic is 7836.73059020414"
 [7] "lglasso's bic is 6991.18495755126" "lglasso's bic is 6463.32713618954"
 [9] "lglasso's bic is 6142.57474366353" "lglasso's bic is 6057.80102465248"
[11] "lglasso's bic is 6087.37548737975" "lglasso's bic is 6267.26380883528"
[13] "lglasso's bic is 6326.31183961616" "lglasso's bic is 6417.09102953777"
[15] "lglasso's bic is 6518.13370696005" "lglasso's bic is 6615.92784404434"
[17] "lglasso's bic is 6877.86294459654" "lglasso's bic is 7009.49649954088"
[19] "lglasso's bic is 7114.92213480014" "lglasso's bic is 7239.23476421956"
[1] "The 50th simulation:"
[1] "two-community heter data are generated"
[1] "heter data are generated"
[1] "heter data are generated"
 [1] "lglasso's bic is 20165.7763040834" "lglasso's bic is 15955.4125742691"
 [3] "lglasso's bic is 13269.4449236658" "lglasso's bic is 11149.3798886365"
 [5] "lglasso's bic is 9920.49052273125" "lglasso's bic is 9012.6546813558" 
 [7] "lglasso's bic is 8144.90697871644" "lglasso's bic is 7755.49854499064"
 [9] "lglasso's bic is 7411.52099171441" "lglasso's bic is 7184.72893179489"
[11] "lglasso's bic is 7134.14465518381" "lglasso's bic is 7184.91912781333"
[13] "lglasso's bic is 7477.57973719044" "lglasso's bic is 7552.49020954874"
[15] "lglasso's bic is 7699.05629688274" "lglasso's bic is 7842.50174571335"
[17] "lglasso's bic is 7986.4888741389"  "lglasso's bic is 8136.64896825228"
[19] "lglasso's bic is 8292.88067887944" "lglasso's bic is 8411.36011009087"
There were 50 or more warnings (use warnings() to see the first 50)
> save(simures,file="subject=40_time=10_uu2=0.1.Rd")
> q("no")
> proc.time()
     user    system   elapsed 
26437.750   125.585 32831.578 
