
R version 4.1.2 (2021-11-01) -- "Bird Hippie"
Copyright (C) 2021 The R Foundation for Statistical Computing
Platform: x86_64-pc-linux-gnu (64-bit)

R is free software and comes with ABSOLUTELY NO WARRANTY.
You are welcome to redistribute it under certain conditions.
Type 'license()' or 'licence()' for distribution details.

  Natural language support but running in an English locale

R is a collaborative project with many contributors.
Type 'contributors()' for more information and
'citation()' on how to cite R or R packages in publications.

Type 'demo()' for some demos, 'help()' for on-line help, or
'help.start()' for an HTML browser interface to help.
Type 'q()' to quit R.

> library("lglasso")
> library("glasso")
> library("BDgraph")
> library("GGMselect")
Loading required package: mvtnorm

Attaching package: 'mvtnorm'

The following object is masked from 'package:BDgraph':

    rmvnorm

> library("Matrix")
> m=40
> n=20
> uu2=0.1
> Nsim=50
> rho=vector("list",5)
> rho[[1]]=seq(0.001,0.3,length=20)
> rho[[2]]=seq(0.001,0.3,length=20)
> rho[[3]]=seq(0.001,0.3,length=20)
> rho[[4]]=seq(0.00001,0.1,length=10)
> rho[[5]]=seq(0.00001,0.1,length=10)
> set.seed(m+n+uu2)
> simures=power_compare1(m=m,n=n,p=80,coe=c(2,0,0),l=Nsim,rho=rho,prob=0.01,heter=T,community2=T,uu=c(0.1,uu2),zirate=c(0.2, 0.8))
[1] "The 1th simulation:"
[1] "two-community heter data are generated"
[1] "heter data are generated"
[1] "heter data are generated"
 [1] "lglasso's bic is 35131.9127852549" "lglasso's bic is 29809.4761822878"
 [3] "lglasso's bic is 25906.4285173661" "lglasso's bic is 23270.329444197" 
 [5] "lglasso's bic is 21466.7739577568" "lglasso's bic is 20337.4466990836"
 [7] "lglasso's bic is 19542.9369376189" "lglasso's bic is 19114.8258998931"
 [9] "lglasso's bic is 19006.5751657846" "lglasso's bic is 18966.1276597487"
[11] "lglasso's bic is 19002.0662422636" "lglasso's bic is 19160.1739349435"
[13] "lglasso's bic is 19281.9031859488" "lglasso's bic is 19382.6539649591"
[15] "lglasso's bic is 19535.3446646546" "lglasso's bic is 19667.8744911625"
[17] "lglasso's bic is 19798.6705414154" "lglasso's bic is 19994.4281294187"
[19] "lglasso's bic is 20209.1418133216" "lglasso's bic is 20644.411938922" 
[1] "The 2th simulation:"
[1] "two-community heter data are generated"
[1] "heter data are generated"
[1] "heter data are generated"
 [1] "lglasso's bic is 28214.733386946"  "lglasso's bic is 22765.5308090507"
 [3] "lglasso's bic is 18797.4218773896" "lglasso's bic is 16230.0500953963"
 [5] "lglasso's bic is 14550.6113188953" "lglasso's bic is 13452.7173846032"
 [7] "lglasso's bic is 12848.0606067589" "lglasso's bic is 12560.8287639948"
 [9] "lglasso's bic is 12449.4995442954" "lglasso's bic is 12658.8452349058"
[11] "lglasso's bic is 12759.4124056603" "lglasso's bic is 12973.2471250279"
[13] "lglasso's bic is 13113.8304567095" "lglasso's bic is 13303.2077406979"
[15] "lglasso's bic is 13486.7909324638" "lglasso's bic is 13948.5778464658"
[17] "lglasso's bic is 14211.3539005456" "lglasso's bic is 14389.8651074499"
[19] "lglasso's bic is 14626.1564455756" "lglasso's bic is 14954.3055376378"
[1] "The 3th simulation:"
[1] "two-community heter data are generated"
[1] "heter data are generated"
[1] "heter data are generated"
 [1] "lglasso's bic is 24070.6660089167" "lglasso's bic is 18311.900861014" 
 [3] "lglasso's bic is 14491.2540360605" "lglasso's bic is 12065.6206840047"
 [5] "lglasso's bic is 10558.9590334687" "lglasso's bic is 9500.64525985884"
 [7] "lglasso's bic is 8965.62255807656" "lglasso's bic is 8699.67167303188"
 [9] "lglasso's bic is 8607.6731399498"  "lglasso's bic is 8660.39911805454"
[11] "lglasso's bic is 9008.33442520878" "lglasso's bic is 9181.39735913092"
[13] "lglasso's bic is 9514.81919576011" "lglasso's bic is 9705.56414671443"
[15] "lglasso's bic is 9916.21489470177" "lglasso's bic is 10149.8756991887"
[17] "lglasso's bic is 10354.6715411742" "lglasso's bic is 10585.2262008437"
[19] "lglasso's bic is 10788.7712049703" "lglasso's bic is 11021.4143642185"
[1] "The 4th simulation:"
[1] "two-community heter data are generated"
[1] "heter data are generated"
[1] "heter data are generated"
 [1] "lglasso's bic is 28283.4487459267" "lglasso's bic is 22867.9998231393"
 [3] "lglasso's bic is 19126.8197926585" "lglasso's bic is 16378.6078900722"
 [5] "lglasso's bic is 14705.1390945981" "lglasso's bic is 13718.0045588537"
 [7] "lglasso's bic is 13044.3950687557" "lglasso's bic is 12693.8234676652"
 [9] "lglasso's bic is 12698.8667158162" "lglasso's bic is 12817.3870183665"
[11] "lglasso's bic is 13140.6135920403" "lglasso's bic is 13360.1279824482"
[13] "lglasso's bic is 13555.4331518521" "lglasso's bic is 13792.5739967974"
[15] "lglasso's bic is 13992.8195405944" "lglasso's bic is 14192.1931523724"
[17] "lglasso's bic is 14425.7649693558" "lglasso's bic is 14764.3123139779"
[19] "lglasso's bic is 15433.953789909"  "lglasso's bic is 15630.4081532944"
[1] "The 5th simulation:"
[1] "two-community heter data are generated"
[1] "heter data are generated"
[1] "heter data are generated"
 [1] "lglasso's bic is 23746.8479062233" "lglasso's bic is 17895.4246695296"
 [3] "lglasso's bic is 14134.4735617501" "lglasso's bic is 11623.0467986663"
 [5] "lglasso's bic is 10222.9813955329" "lglasso's bic is 9413.26162188736"
 [7] "lglasso's bic is 8856.53886468781" "lglasso's bic is 8765.14238394235"
 [9] "lglasso's bic is 8947.70913768555" "lglasso's bic is 9119.09960112941"
[11] "lglasso's bic is 9347.9600578176"  "lglasso's bic is 9591.87447565938"
[13] "lglasso's bic is 9820.94273168115" "lglasso's bic is 10268.8120867503"
[15] "lglasso's bic is 10547.7890925659" "lglasso's bic is 10783.0094786537"
[17] "lglasso's bic is 11078.16361595"   "lglasso's bic is 11421.7258775733"
[19] "lglasso's bic is 11654.7228349372" "lglasso's bic is 11957.6094402882"
[1] "The 6th simulation:"
[1] "two-community heter data are generated"
[1] "heter data are generated"
[1] "heter data are generated"
 [1] "lglasso's bic is 30165.832195045"  "lglasso's bic is 24483.5396789344"
 [3] "lglasso's bic is 21001.1041733251" "lglasso's bic is 18335.1691997571"
 [5] "lglasso's bic is 16898.0197143891" "lglasso's bic is 15904.0829307657"
 [7] "lglasso's bic is 15397.8487196661" "lglasso's bic is 15279.6348047432"
 [9] "lglasso's bic is 15327.8166822749" "lglasso's bic is 15574.5775170998"
[11] "lglasso's bic is 15821.7414302537" "lglasso's bic is 16064.2269307813"
[13] "lglasso's bic is 16351.6419102244" "lglasso's bic is 17159.7476602925"
[15] "lglasso's bic is 17409.951420925"  "lglasso's bic is 17678.9482487041"
[17] "lglasso's bic is 17991.4513613826" "lglasso's bic is 18238.5175904346"
[19] "lglasso's bic is 18687.0508853407" "lglasso's bic is 19267.8291391393"
[1] "The 7th simulation:"
[1] "two-community heter data are generated"
[1] "heter data are generated"
[1] "heter data are generated"
 [1] "lglasso's bic is 27948.2954127743" "lglasso's bic is 22433.1923678681"
 [3] "lglasso's bic is 18659.8481766065" "lglasso's bic is 15739.9588063684"
 [5] "lglasso's bic is 13795.488918773"  "lglasso's bic is 12551.1641933973"
 [7] "lglasso's bic is 11956.6921984115" "lglasso's bic is 11688.9003425076"
 [9] "lglasso's bic is 11647.8765212334" "lglasso's bic is 11690.5934777068"
[11] "lglasso's bic is 11799.0194506561" "lglasso's bic is 11919.457693437" 
[13] "lglasso's bic is 12279.6041502847" "lglasso's bic is 12818.4306760498"
[15] "lglasso's bic is 13269.1771594822" "lglasso's bic is 13402.3411561178"
[17] "lglasso's bic is 13521.9436778033" "lglasso's bic is 13689.8949551265"
[19] "lglasso's bic is 13820.5500175992" "lglasso's bic is 14023.7452549964"
[1] "The 8th simulation:"
[1] "two-community heter data are generated"
[1] "heter data are generated"
[1] "heter data are generated"
 [1] "lglasso's bic is 30692.8560663183" "lglasso's bic is 25403.0181665369"
 [3] "lglasso's bic is 21443.2891815352" "lglasso's bic is 18849.0569292995"
 [5] "lglasso's bic is 17152.7898104496" "lglasso's bic is 15864.28663743"  
 [7] "lglasso's bic is 15133.5453821188" "lglasso's bic is 14793.2912781254"
 [9] "lglasso's bic is 14694.438253521"  "lglasso's bic is 14715.0572988689"
[11] "lglasso's bic is 14839.9763554887" "lglasso's bic is 14921.7567948693"
[13] "lglasso's bic is 15083.2086488166" "lglasso's bic is 15565.48049264"  
[15] "lglasso's bic is 15682.8925384479" "lglasso's bic is 15968.0555543042"
[17] "lglasso's bic is 16117.3358260353" "lglasso's bic is 16290.9576336305"
[19] "lglasso's bic is 16439.3712355366" "lglasso's bic is 16565.2373421719"
[1] "The 9th simulation:"
[1] "two-community heter data are generated"
[1] "heter data are generated"
[1] "heter data are generated"
 [1] "lglasso's bic is 30168.0870020251" "lglasso's bic is 24653.889501988" 
 [3] "lglasso's bic is 20918.713829601"  "lglasso's bic is 18646.6225210368"
 [5] "lglasso's bic is 16941.0407057651" "lglasso's bic is 15820.5233257578"
 [7] "lglasso's bic is 15301.1070488051" "lglasso's bic is 14994.2365523087"
 [9] "lglasso's bic is 14983.0625523402" "lglasso's bic is 15016.0773097988"
[11] "lglasso's bic is 15231.2225398808" "lglasso's bic is 15566.1428923416"
[13] "lglasso's bic is 15798.4818636693" "lglasso's bic is 16078.7014670641"
[15] "lglasso's bic is 16450.0117458222" "lglasso's bic is 16728.4447011121"
[17] "lglasso's bic is 16935.0218603552" "lglasso's bic is 17147.9787978882"
[19] "lglasso's bic is 17551.9469742374" "lglasso's bic is 17872.4494121287"
[1] "The 10th simulation:"
[1] "two-community heter data are generated"
[1] "heter data are generated"
[1] "heter data are generated"
 [1] "lglasso's bic is 22987.9740162968" "lglasso's bic is 17415.5436286088"
 [3] "lglasso's bic is 13505.413798699"  "lglasso's bic is 10902.9316134037"
 [5] "lglasso's bic is 8933.16818359634" "lglasso's bic is 7863.14298929843"
 [7] "lglasso's bic is 7330.05289436847" "lglasso's bic is 7002.61309643639"
 [9] "lglasso's bic is 6947.23928827375" "lglasso's bic is 6997.32497452287"
[11] "lglasso's bic is 7098.55440774873" "lglasso's bic is 7227.10282770442"
[13] "lglasso's bic is 7411.83943348002" "lglasso's bic is 7581.82578685601"
[15] "lglasso's bic is 7805.26315078853" "lglasso's bic is 8012.2520846027" 
[17] "lglasso's bic is 8238.69804795757" "lglasso's bic is 8436.53934331783"
[19] "lglasso's bic is 8826.21203267893" "lglasso's bic is 9040.02117874908"
[1] "The 11th simulation:"
[1] "two-community heter data are generated"
[1] "heter data are generated"
[1] "heter data are generated"
 [1] "lglasso's bic is 26894.3257624343" "lglasso's bic is 21466.777052447" 
 [3] "lglasso's bic is 17515.1012754399" "lglasso's bic is 15030.1612470169"
 [5] "lglasso's bic is 13063.2881116209" "lglasso's bic is 12011.6275545961"
 [7] "lglasso's bic is 11786.7703811433" "lglasso's bic is 11510.2350830611"
 [9] "lglasso's bic is 11395.4220786355" "lglasso's bic is 11449.7813798321"
[11] "lglasso's bic is 11571.1010310211" "lglasso's bic is 11742.3581128461"
[13] "lglasso's bic is 11914.4807566912" "lglasso's bic is 12078.4445762073"
[15] "lglasso's bic is 12360.4485176106" "lglasso's bic is 12646.1147290613"
[17] "lglasso's bic is 12823.2038011263" "lglasso's bic is 13047.0269493534"
[19] "lglasso's bic is 13456.9430162427" "lglasso's bic is 13792.6615197363"
[1] "The 12th simulation:"
[1] "two-community heter data are generated"
[1] "heter data are generated"
[1] "heter data are generated"
 [1] "lglasso's bic is 29613.855319438"  "lglasso's bic is 24070.7994707384"
 [3] "lglasso's bic is 19960.2117249415" "lglasso's bic is 17338.4826175951"
 [5] "lglasso's bic is 15502.4702207864" "lglasso's bic is 14338.8322224143"
 [7] "lglasso's bic is 13720.0911768261" "lglasso's bic is 13508.3640827664"
 [9] "lglasso's bic is 13576.5108551593" "lglasso's bic is 13671.0604936504"
[11] "lglasso's bic is 13730.4814632861" "lglasso's bic is 13853.9638590811"
[13] "lglasso's bic is 14090.3503737416" "lglasso's bic is 14262.9652459875"
[15] "lglasso's bic is 14533.0111801623" "lglasso's bic is 14692.8149247606"
[17] "lglasso's bic is 14929.7377091806" "lglasso's bic is 15077.2269253716"
[19] "lglasso's bic is 15234.6332211561" "lglasso's bic is 15388.9374906665"
[1] "The 13th simulation:"
[1] "two-community heter data are generated"
[1] "heter data are generated"
[1] "heter data are generated"
 [1] "lglasso's bic is 34122.198838807"  "lglasso's bic is 28588.3335705056"
 [3] "lglasso's bic is 24923.1346604539" "lglasso's bic is 22189.6594557103"
 [5] "lglasso's bic is 20710.2836752163" "lglasso's bic is 19732.6990192436"
 [7] "lglasso's bic is 19274.242221211"  "lglasso's bic is 19147.2050180434"
 [9] "lglasso's bic is 19191.94490088"   "lglasso's bic is 19322.2585676887"
[11] "lglasso's bic is 19489.5887990541" "lglasso's bic is 19744.7945724913"
[13] "lglasso's bic is 19971.5105890268" "lglasso's bic is 20299.3849848694"
[15] "lglasso's bic is 20536.7002448483" "lglasso's bic is 20763.2165049374"
[17] "lglasso's bic is 20986.5414873528" "lglasso's bic is 21284.14519943"  
[19] "lglasso's bic is 21561.4353868574" "lglasso's bic is 21876.2725266366"
[1] "The 14th simulation:"
[1] "two-community heter data are generated"
[1] "heter data are generated"
[1] "heter data are generated"
 [1] "lglasso's bic is 33677.7098386098" "lglasso's bic is 28424.5035178653"
 [3] "lglasso's bic is 24781.0304242974" "lglasso's bic is 22132.0383782085"
 [5] "lglasso's bic is 20432.9269383244" "lglasso's bic is 19131.1385243147"
 [7] "lglasso's bic is 18544.8522911504" "lglasso's bic is 18116.6718214761"
 [9] "lglasso's bic is 18030.8025700747" "lglasso's bic is 18026.288835657" 
[11] "lglasso's bic is 18287.1247047724" "lglasso's bic is 18395.6827735317"
[13] "lglasso's bic is 18570.0569678572" "lglasso's bic is 18756.9723240154"
[15] "lglasso's bic is 18930.0076745168" "lglasso's bic is 19098.8497214682"
[17] "lglasso's bic is 19274.1544801391" "lglasso's bic is 19450.8552319839"
[19] "lglasso's bic is 19651.5414627528" "lglasso's bic is 19827.7295563235"
[1] "The 15th simulation:"
[1] "two-community heter data are generated"
[1] "heter data are generated"
[1] "heter data are generated"
 [1] "lglasso's bic is 28062.2687373739" "lglasso's bic is 22461.5014860108"
 [3] "lglasso's bic is 18505.7244126101" "lglasso's bic is 15586.9627621469"
 [5] "lglasso's bic is 13714.544333503"  "lglasso's bic is 12733.4662881988"
 [7] "lglasso's bic is 12254.0307220706" "lglasso's bic is 11979.8227058335"
 [9] "lglasso's bic is 11973.4198670017" "lglasso's bic is 12009.5186480758"
[11] "lglasso's bic is 12131.9103591355" "lglasso's bic is 12408.7342014336"
[13] "lglasso's bic is 12560.9225932421" "lglasso's bic is 12727.8101845942"
[15] "lglasso's bic is 12884.8263791121" "lglasso's bic is 13149.3581428068"
[17] "lglasso's bic is 13330.2875846683" "lglasso's bic is 13508.2115638374"
[19] "lglasso's bic is 14016.0555304854" "lglasso's bic is 14670.5882660731"
[1] "The 16th simulation:"
[1] "two-community heter data are generated"
[1] "heter data are generated"
[1] "heter data are generated"
 [1] "lglasso's bic is 25597.347698893"  "lglasso's bic is 20070.3389958226"
 [3] "lglasso's bic is 16440.1702349358" "lglasso's bic is 13826.0056993651"
 [5] "lglasso's bic is 11925.3342304515" "lglasso's bic is 10725.768021632" 
 [7] "lglasso's bic is 10129.0343079568" "lglasso's bic is 10052.9785211474"
 [9] "lglasso's bic is 9981.31739510723" "lglasso's bic is 10050.2474980369"
[11] "lglasso's bic is 10159.8870170144" "lglasso's bic is 10344.1440570699"
[13] "lglasso's bic is 10643.0147408391" "lglasso's bic is 10828.2862410612"
[15] "lglasso's bic is 11017.5839542198" "lglasso's bic is 11228.8448754468"
[17] "lglasso's bic is 11457.2527662093" "lglasso's bic is 11663.3505605846"
[19] "lglasso's bic is 11978.1046978063" "lglasso's bic is 12227.1577662554"
[1] "The 17th simulation:"
[1] "two-community heter data are generated"
[1] "heter data are generated"
[1] "heter data are generated"
 [1] "lglasso's bic is 29237.8917240542" "lglasso's bic is 23667.4322968033"
 [3] "lglasso's bic is 19490.2265579704" "lglasso's bic is 16838.2735399766"
 [5] "lglasso's bic is 14949.64222808"   "lglasso's bic is 14105.5926615137"
 [7] "lglasso's bic is 13507.7360102897" "lglasso's bic is 13229.085917435" 
 [9] "lglasso's bic is 13454.2456767407" "lglasso's bic is 13678.5622758309"
[11] "lglasso's bic is 13831.471555727"  "lglasso's bic is 13961.5820153828"
[13] "lglasso's bic is 14108.2272910557" "lglasso's bic is 14286.9638688489"
[15] "lglasso's bic is 14468.815577582"  "lglasso's bic is 14614.865581681" 
[17] "lglasso's bic is 14788.9483757033" "lglasso's bic is 14947.3976361196"
[19] "lglasso's bic is 15183.316309194"  "lglasso's bic is 15436.3180001509"
[1] "The 18th simulation:"
[1] "two-community heter data are generated"
[1] "heter data are generated"
[1] "heter data are generated"
 [1] "lglasso's bic is 31842.1570971561" "lglasso's bic is 27196.8689088397"
 [3] "lglasso's bic is 23444.9268004593" "lglasso's bic is 20940.7972961463"
 [5] "lglasso's bic is 19262.5577037746" "lglasso's bic is 17903.3189896852"
 [7] "lglasso's bic is 17144.2989911776" "lglasso's bic is 16727.5445820709"
 [9] "lglasso's bic is 16578.6856379216" "lglasso's bic is 16487.9934258784"
[11] "lglasso's bic is 16516.0566558827" "lglasso's bic is 16688.2986620795"
[13] "lglasso's bic is 16847.7265185832" "lglasso's bic is 17115.0839649225"
[15] "lglasso's bic is 17317.99532254"   "lglasso's bic is 17527.751489"    
[17] "lglasso's bic is 18015.6167222497" "lglasso's bic is 18200.1516511184"
[19] "lglasso's bic is 18378.5427224527" "lglasso's bic is 18676.6000636309"
[1] "The 19th simulation:"
[1] "two-community heter data are generated"
[1] "heter data are generated"
[1] "heter data are generated"
 [1] "lglasso's bic is 33246.5525333443" "lglasso's bic is 28077.5917440527"
 [3] "lglasso's bic is 24191.4392183618" "lglasso's bic is 21410.4996963874"
 [5] "lglasso's bic is 19296.9498928506" "lglasso's bic is 17970.3174084765"
 [7] "lglasso's bic is 17410.5117024113" "lglasso's bic is 17086.9069992126"
 [9] "lglasso's bic is 17022.7786088847" "lglasso's bic is 16959.9632715565"
[11] "lglasso's bic is 17105.2864202035" "lglasso's bic is 17359.6853813465"
[13] "lglasso's bic is 17473.7467606712" "lglasso's bic is 17627.1591600456"
[15] "lglasso's bic is 17736.096197427"  "lglasso's bic is 18309.9831342914"
[17] "lglasso's bic is 18447.3209370171" "lglasso's bic is 18559.9255636457"
[19] "lglasso's bic is 18733.8937699583" "lglasso's bic is 18874.9815929661"
[1] "The 20th simulation:"
[1] "two-community heter data are generated"
[1] "heter data are generated"
[1] "heter data are generated"
 [1] "lglasso's bic is 28521.3005658222" "lglasso's bic is 22877.866725869" 
 [3] "lglasso's bic is 19129.0427936982" "lglasso's bic is 16635.3659490692"
 [5] "lglasso's bic is 14898.6039981473" "lglasso's bic is 13867.4343292354"
 [7] "lglasso's bic is 13322.3010953498" "lglasso's bic is 13122.0087659376"
 [9] "lglasso's bic is 13218.3553514187" "lglasso's bic is 13341.1663691801"
[11] "lglasso's bic is 13438.3148989602" "lglasso's bic is 13617.0258487369"
[13] "lglasso's bic is 13846.4690358145" "lglasso's bic is 14039.0821894573"
[15] "lglasso's bic is 14320.8251978213" "lglasso's bic is 14620.2548906795"
[17] "lglasso's bic is 14986.8229085814" "lglasso's bic is 15203.8856624045"
[19] "lglasso's bic is 15613.9180778892" "lglasso's bic is 15803.2995992107"
[1] "The 21th simulation:"
[1] "two-community heter data are generated"
[1] "heter data are generated"
[1] "heter data are generated"
 [1] "lglasso's bic is 24064.2764560344" "lglasso's bic is 19092.1992132146"
 [3] "lglasso's bic is 15383.3591589674" "lglasso's bic is 10724.8665156908"
 [5] "lglasso's bic is 11492.9492997206" "lglasso's bic is 10581.6399677841"
 [7] "lglasso's bic is 9990.45572062504" "lglasso's bic is 9540.52370023018"
 [9] "lglasso's bic is 9909.4590549488"  "lglasso's bic is 9887.11489571846"
[11] "lglasso's bic is 9972.08566063842" "lglasso's bic is 10006.9259341541"
[13] "lglasso's bic is 10105.1054771875" "lglasso's bic is 10232.1510933267"
[15] "lglasso's bic is 10389.2636466772" "lglasso's bic is 10578.7393641989"
[17] "lglasso's bic is 10774.8657310649" "lglasso's bic is 10976.8650348692"
[19] "lglasso's bic is 11226.1989836604" "lglasso's bic is 11460.6329877981"
[1] "The 22th simulation:"
[1] "two-community heter data are generated"
[1] "heter data are generated"
[1] "heter data are generated"
 [1] "lglasso's bic is 20252.2930738426" "lglasso's bic is 14448.0007678449"
 [3] "lglasso's bic is 10522.1782670527" "lglasso's bic is 7953.38123172102"
 [5] "lglasso's bic is 6156.92325536613" "lglasso's bic is 5047.91037121774"
 [7] "lglasso's bic is 4605.38509232131" "lglasso's bic is 4502.85331550871"
 [9] "lglasso's bic is 4610.19740868955" "lglasso's bic is 4710.89533940941"
[11] "lglasso's bic is 4876.50912820243" "lglasso's bic is 5078.28489971612"
[13] "lglasso's bic is 5463.25522987627" "lglasso's bic is 5661.46125559482"
[15] "lglasso's bic is 6044.00850019928" "lglasso's bic is 6419.336942742"  
[17] "lglasso's bic is 6677.17848257514" "lglasso's bic is 6923.16999290179"
[19] "lglasso's bic is 7136.98424192631" "lglasso's bic is 7339.03265736471"
[1] "The 23th simulation:"
[1] "two-community heter data are generated"
[1] "heter data are generated"
[1] "heter data are generated"
 [1] "lglasso's bic is 33714.2050760766" "lglasso's bic is 28223.8974166395"
 [3] "lglasso's bic is 24303.5668260712" "lglasso's bic is 21559.7241919257"
 [5] "lglasso's bic is 19847.4021261459" "lglasso's bic is 18591.2354186717"
 [7] "lglasso's bic is 17866.7256537086" "lglasso's bic is 17663.1901815504"
 [9] "lglasso's bic is 17755.3383997223" "lglasso's bic is 17856.1510490149"
[11] "lglasso's bic is 17956.4412727921" "lglasso's bic is 18237.6688489711"
[13] "lglasso's bic is 18538.1208811807" "lglasso's bic is 18678.6071886048"
[15] "lglasso's bic is 18821.6584910761" "lglasso's bic is 18968.6907238043"
[17] "lglasso's bic is 19223.1078245642" "lglasso's bic is 19372.8411552627"
[19] "lglasso's bic is 19540.3060363635" "lglasso's bic is 19772.6465141949"
[1] "The 24th simulation:"
[1] "two-community heter data are generated"
[1] "heter data are generated"
[1] "heter data are generated"
 [1] "lglasso's bic is 22981.6019813986" "lglasso's bic is 17529.4715415804"
 [3] "lglasso's bic is 13565.568939697"  "lglasso's bic is 10742.9438619515"
 [5] "lglasso's bic is 8858.2510102143"  "lglasso's bic is 8070.75628581567"
 [7] "lglasso's bic is 7489.31730780509" "lglasso's bic is 7309.8953650683" 
 [9] "lglasso's bic is 7364.05672388716" "lglasso's bic is 7484.35773252223"
[11] "lglasso's bic is 7689.02363693138" "lglasso's bic is 7909.04074282243"
[13] "lglasso's bic is 8120.39717897278" "lglasso's bic is 8415.43024724644"
[15] "lglasso's bic is 8643.19137090279" "lglasso's bic is 8851.11237652959"
[17] "lglasso's bic is 9177.95737108982" "lglasso's bic is 9383.4138332907" 
[19] "lglasso's bic is 10083.1723536091" "lglasso's bic is 10438.9778538861"
[1] "The 25th simulation:"
[1] "two-community heter data are generated"
[1] "heter data are generated"
[1] "heter data are generated"
 [1] "lglasso's bic is 27462.9844805769" "lglasso's bic is 21962.1526226903"
 [3] "lglasso's bic is 18005.0355085074" "lglasso's bic is 15147.6182742633"
 [5] "lglasso's bic is 13385.3100162493" "lglasso's bic is 12285.1978056108"
 [7] "lglasso's bic is 11931.1165469235" "lglasso's bic is 11693.7333463809"
 [9] "lglasso's bic is 11698.4754730266" "lglasso's bic is 11961.3390790495"
[11] "lglasso's bic is 12067.3405317228" "lglasso's bic is 12224.2866365901"
[13] "lglasso's bic is 12388.7854198395" "lglasso's bic is 12545.7703584038"
[15] "lglasso's bic is 12758.2435506103" "lglasso's bic is 12976.7504347626"
[17] "lglasso's bic is 13211.5910466081" "lglasso's bic is 13411.4099729284"
[19] "lglasso's bic is 13604.1387069377" "lglasso's bic is 13827.75463222"  
[1] "The 26th simulation:"
[1] "two-community heter data are generated"
[1] "heter data are generated"
[1] "heter data are generated"
 [1] "lglasso's bic is 29505.3738828283" "lglasso's bic is 24139.489091724" 
 [3] "lglasso's bic is 19876.5105084439" "lglasso's bic is 17324.0347356472"
 [5] "lglasso's bic is 15493.7380032614" "lglasso's bic is 14566.6662459541"
 [7] "lglasso's bic is 13885.0916355289" "lglasso's bic is 13619.9553814033"
 [9] "lglasso's bic is 13749.5175301615" "lglasso's bic is 13806.0967990787"
[11] "lglasso's bic is 13918.5338884243" "lglasso's bic is 14054.5828687158"
[13] "lglasso's bic is 14215.5454172396" "lglasso's bic is 14398.7544224058"
[15] "lglasso's bic is 14583.9089330678" "lglasso's bic is 14809.8579275149"
[17] "lglasso's bic is 15053.7093481308" "lglasso's bic is 15266.429071709" 
[19] "lglasso's bic is 15540.9556685938" "lglasso's bic is 15732.667253715" 
[1] "The 27th simulation:"
[1] "two-community heter data are generated"
[1] "heter data are generated"
[1] "heter data are generated"
 [1] "lglasso's bic is 34578.7038910152" "lglasso's bic is 29127.7332973668"
 [3] "lglasso's bic is 25522.6089577875" "lglasso's bic is 22531.1512842513"
 [5] "lglasso's bic is 20662.8485036736" "lglasso's bic is 19426.4803563162"
 [7] "lglasso's bic is 18752.0440078657" "lglasso's bic is 18373.5457508943"
 [9] "lglasso's bic is 18266.1349583992" "lglasso's bic is 18279.8930840201"
[11] "lglasso's bic is 18428.3796146824" "lglasso's bic is 18536.0219406308"
[13] "lglasso's bic is 18665.2454063466" "lglasso's bic is 18803.8248419524"
[15] "lglasso's bic is 19002.5945260681" "lglasso's bic is 19139.0509331885"
[17] "lglasso's bic is 19288.6796851179" "lglasso's bic is 19432.0222519219"
[19] "lglasso's bic is 19581.0569199719" "lglasso's bic is 20118.8846710407"
[1] "The 28th simulation:"
[1] "two-community heter data are generated"
[1] "heter data are generated"
[1] "heter data are generated"
 [1] "lglasso's bic is 29793.0139680433" "lglasso's bic is 24628.8091027411"
 [3] "lglasso's bic is 20741.3756754566" "lglasso's bic is 18104.6520684246"
 [5] "lglasso's bic is 15984.3474779628" "lglasso's bic is 14807.7550031316"
 [7] "lglasso's bic is 14276.774821442"  "lglasso's bic is 14038.6784686755"
 [9] "lglasso's bic is 13953.4492903046" "lglasso's bic is 14048.7684000973"
[11] "lglasso's bic is 14240.5340256145" "lglasso's bic is 14389.3859072007"
[13] "lglasso's bic is 14563.1969912887" "lglasso's bic is 14712.6520321654"
[15] "lglasso's bic is 15042.3303536129" "lglasso's bic is 15249.4805187357"
[17] "lglasso's bic is 15546.9614833109" "lglasso's bic is 16020.0261217347"
[19] "lglasso's bic is 16204.087766451"  "lglasso's bic is 16424.1641335514"
[1] "The 29th simulation:"
[1] "two-community heter data are generated"
[1] "heter data are generated"
[1] "heter data are generated"
 [1] "lglasso's bic is 22798.6864827437" "lglasso's bic is 17066.7023188519"
 [3] "lglasso's bic is 13424.523419848"  "lglasso's bic is 10959.793588645" 
 [5] "lglasso's bic is 9213.25064047397" "lglasso's bic is 8557.03876467011"
 [7] "lglasso's bic is 7844.47384481183" "lglasso's bic is 7614.55577948996"
 [9] "lglasso's bic is 7516.1072766534"  "lglasso's bic is 7543.96927980516"
[11] "lglasso's bic is 7695.89181733677" "lglasso's bic is 7874.65951925984"
[13] "lglasso's bic is 8050.87580988904" "lglasso's bic is 8229.70906825298"
[15] "lglasso's bic is 8564.05513044806" "lglasso's bic is 8849.4136370828" 
[17] "lglasso's bic is 9379.14696836652" "lglasso's bic is 9678.19359475616"
[19] "lglasso's bic is 9979.67597315336" "lglasso's bic is 10166.0665683077"
[1] "The 30th simulation:"
[1] "two-community heter data are generated"
[1] "heter data are generated"
[1] "heter data are generated"
 [1] "lglasso's bic is 31660.9014957703" "lglasso's bic is 26565.9764110046"
 [3] "lglasso's bic is 22598.9729733054" "lglasso's bic is 19660.1337344593"
 [5] "lglasso's bic is 17664.5863292896" "lglasso's bic is 16785.1692271053"
 [7] "lglasso's bic is 16135.6324616742" "lglasso's bic is 15852.9070480328"
 [9] "lglasso's bic is 15772.7725842193" "lglasso's bic is 15751.7938483449"
[11] "lglasso's bic is 16055.6883523203" "lglasso's bic is 16169.7070569722"
[13] "lglasso's bic is 16334.7703208285" "lglasso's bic is 16473.8659098488"
[15] "lglasso's bic is 16702.2050367232" "lglasso's bic is 16825.015039287" 
[17] "lglasso's bic is 16983.8552582652" "lglasso's bic is 17125.7735322331"
[19] "lglasso's bic is 17330.8744733632" "lglasso's bic is 17478.2509847461"
[1] "The 31th simulation:"
[1] "two-community heter data are generated"
[1] "heter data are generated"
[1] "heter data are generated"
 [1] "lglasso's bic is 31700.8646101426" "lglasso's bic is 25756.3848677002"
 [3] "lglasso's bic is 22062.166766052"  "lglasso's bic is 19221.6770156314"
 [5] "lglasso's bic is 17882.1404326593" "lglasso's bic is 16645.0666948065"
 [7] "lglasso's bic is 16124.4643738183" "lglasso's bic is 15862.2878959651"
 [9] "lglasso's bic is 15847.3352930148" "lglasso's bic is 15964.812356468" 
[11] "lglasso's bic is 16128.9420027921" "lglasso's bic is 16260.9788922152"
[13] "lglasso's bic is 16467.9601868077" "lglasso's bic is 16693.8211181281"
[15] "lglasso's bic is 16963.0576257416" "lglasso's bic is 17151.991604113" 
[17] "lglasso's bic is 17314.0791741104" "lglasso's bic is 17525.1031535308"
[19] "lglasso's bic is 17952.1465677172" "lglasso's bic is 18165.5168769697"
[1] "The 32th simulation:"
[1] "two-community heter data are generated"
[1] "heter data are generated"
[1] "heter data are generated"
 [1] "lglasso's bic is 30240.7614678894" "lglasso's bic is 24700.7417777735"
 [3] "lglasso's bic is 20965.7818315165" "lglasso's bic is 18211.9134865948"
 [5] "lglasso's bic is 16384.109774297"  "lglasso's bic is 15533.4221261025"
 [7] "lglasso's bic is 15007.5382036946" "lglasso's bic is 14650.2791547739"
 [9] "lglasso's bic is 14503.1583551281" "lglasso's bic is 14682.8369014871"
[11] "lglasso's bic is 14853.2244643938" "lglasso's bic is 14984.8511934522"
[13] "lglasso's bic is 15177.100112068"  "lglasso's bic is 15412.0621639902"
[15] "lglasso's bic is 15584.8166086187" "lglasso's bic is 15759.645535472" 
[17] "lglasso's bic is 16045.8777175863" "lglasso's bic is 16290.0478180748"
[19] "lglasso's bic is 16705.1703714431" "lglasso's bic is 16875.5260760919"
[1] "The 33th simulation:"
[1] "two-community heter data are generated"
[1] "heter data are generated"
[1] "heter data are generated"
 [1] "lglasso's bic is 25844.4950928084" "lglasso's bic is 20014.4062311917"
 [3] "lglasso's bic is 16273.4881538931" "lglasso's bic is 13884.9609045557"
 [5] "lglasso's bic is 12017.9081229559" "lglasso's bic is 11099.1774656106"
 [7] "lglasso's bic is 10849.0094264866" "lglasso's bic is 10898.3749577862"
 [9] "lglasso's bic is 10879.7126068739" "lglasso's bic is 11001.4795979125"
[11] "lglasso's bic is 11306.0430267221" "lglasso's bic is 11507.9666773905"
[13] "lglasso's bic is 11740.703389434"  "lglasso's bic is 11997.8060702569"
[15] "lglasso's bic is 12273.0046189415" "lglasso's bic is 12898.9807716335"
[17] "lglasso's bic is 13149.4642993233" "lglasso's bic is 13438.2984136803"
[19] "lglasso's bic is 13809.3578915145" "lglasso's bic is 14044.2698154668"
[1] "The 34th simulation:"
[1] "two-community heter data are generated"
[1] "heter data are generated"
[1] "heter data are generated"
 [1] "lglasso's bic is 22404.0790459273" "lglasso's bic is 16845.9360629287"
 [3] "lglasso's bic is 12791.0862497567" "lglasso's bic is 10077.1415126946"
 [5] "lglasso's bic is 8376.75760179835" "lglasso's bic is 7745.14985044508"
 [7] "lglasso's bic is 7361.94009367643" "lglasso's bic is 7140.1542076034" 
 [9] "lglasso's bic is 7115.87402924933" "lglasso's bic is 7127.40587871947"
[11] "lglasso's bic is 7223.76254739865" "lglasso's bic is 7398.11003208306"
[13] "lglasso's bic is 7595.90974000803" "lglasso's bic is 7819.66232708318"
[15] "lglasso's bic is 8066.1758562913"  "lglasso's bic is 8233.34995646236"
[17] "lglasso's bic is 8441.58319088832" "lglasso's bic is 8626.40085709724"
[19] "lglasso's bic is 8824.28853857157" "lglasso's bic is 9019.60876660503"
[1] "The 35th simulation:"
[1] "two-community heter data are generated"
[1] "heter data are generated"
[1] "heter data are generated"
 [1] "lglasso's bic is 31023.1752218783" "lglasso's bic is 25484.2378880938"
 [3] "lglasso's bic is 21825.2146224765" "lglasso's bic is 18995.7053145499"
 [5] "lglasso's bic is 17131.4858625885" "lglasso's bic is 16060.9391283607"
 [7] "lglasso's bic is 15449.1334747295" "lglasso's bic is 15157.2779770478"
 [9] "lglasso's bic is 15134.9241121482" "lglasso's bic is 15168.2586030491"
[11] "lglasso's bic is 15410.8161382253" "lglasso's bic is 15686.4872276935"
[13] "lglasso's bic is 15833.6279390761" "lglasso's bic is 16132.7740295787"
[15] "lglasso's bic is 16286.6212453805" "lglasso's bic is 16508.8289185473"
[17] "lglasso's bic is 16672.3793773114" "lglasso's bic is 16844.3506313342"
[19] "lglasso's bic is 17013.9744794835" "lglasso's bic is 17213.8869372202"
[1] "The 36th simulation:"
[1] "two-community heter data are generated"
[1] "heter data are generated"
[1] "heter data are generated"
 [1] "lglasso's bic is 23264.3816100527" "lglasso's bic is 17424.0293747152"
 [3] "lglasso's bic is 13798.2225598632" "lglasso's bic is 11172.2760791348"
 [5] "lglasso's bic is 9435.39814520884" "lglasso's bic is 8463.35094043788"
 [7] "lglasso's bic is 8193.71535365095" "lglasso's bic is 8021.90403014984"
 [9] "lglasso's bic is 8003.08022094011" "lglasso's bic is 8176.14964370042"
[11] "lglasso's bic is 8345.4895567825"  "lglasso's bic is 8527.5035833237" 
[13] "lglasso's bic is 8735.04946206061" "lglasso's bic is 8964.80271960026"
[15] "lglasso's bic is 9220.52867760744" "lglasso's bic is 9521.5406718257" 
[17] "lglasso's bic is 9939.42493696932" "lglasso's bic is 10486.0039101858"
[19] "lglasso's bic is 10864.5775865489" "lglasso's bic is 11097.9849723647"
[1] "The 37th simulation:"
[1] "two-community heter data are generated"
[1] "heter data are generated"
[1] "heter data are generated"
 [1] "lglasso's bic is 24058.4226646714" "lglasso's bic is 18679.2107834483"
 [3] "lglasso's bic is 14950.218606335"  "lglasso's bic is 12105.0625562575"
 [5] "lglasso's bic is 10365.4946494713" "lglasso's bic is 9146.87826161078"
 [7] "lglasso's bic is 8461.5148741805"  "lglasso's bic is 8133.14297418059"
 [9] "lglasso's bic is 7996.61087037979" "lglasso's bic is 8015.1558208599" 
[11] "lglasso's bic is 8218.43430195131" "lglasso's bic is 8340.5731372969" 
[13] "lglasso's bic is 8459.45010412491" "lglasso's bic is 8597.93805310803"
[15] "lglasso's bic is 8905.22937631285" "lglasso's bic is 9089.07667134528"
[17] "lglasso's bic is 9223.29906207511" "lglasso's bic is 9589.95136235216"
[19] "lglasso's bic is 9784.42847779385" "lglasso's bic is 9927.05350921722"
[1] "The 38th simulation:"
[1] "two-community heter data are generated"
[1] "heter data are generated"
[1] "heter data are generated"
 [1] "lglasso's bic is 31572.8060495598" "lglasso's bic is 26116.5796938827"
 [3] "lglasso's bic is 22167.6248490227" "lglasso's bic is 19439.879894158" 
 [5] "lglasso's bic is 17393.3472411736" "lglasso's bic is 16245.9591062357"
 [7] "lglasso's bic is 15646.6184560383" "lglasso's bic is 15244.2111518035"
 [9] "lglasso's bic is 15270.8003144865" "lglasso's bic is 15252.94000431"  
[11] "lglasso's bic is 15350.4051249723" "lglasso's bic is 15703.2656274785"
[13] "lglasso's bic is 15828.9471740701" "lglasso's bic is 15957.0207158872"
[15] "lglasso's bic is 16078.3074059902" "lglasso's bic is 16209.8387635484"
[17] "lglasso's bic is 16365.1030800242" "lglasso's bic is 16504.137374888" 
[19] "lglasso's bic is 16645.425611862"  "lglasso's bic is 16829.0066162233"
[1] "The 39th simulation:"
[1] "two-community heter data are generated"
[1] "heter data are generated"
[1] "heter data are generated"
 [1] "lglasso's bic is 25909.5804972886" "lglasso's bic is 19887.8241249626"
 [3] "lglasso's bic is 16102.6283835789" "lglasso's bic is 13323.2215240107"
 [5] "lglasso's bic is 11982.4386480143" "lglasso's bic is 10976.5188400608"
 [7] "lglasso's bic is 10538.8840194853" "lglasso's bic is 10521.3552682508"
 [9] "lglasso's bic is 10537.9020284795" "lglasso's bic is 10607.5389303141"
[11] "lglasso's bic is 10800.2832304793" "lglasso's bic is 11024.8501462782"
[13] "lglasso's bic is 11331.9051305918" "lglasso's bic is 11884.299976099" 
[15] "lglasso's bic is 12177.8167068383" "lglasso's bic is 12374.3744072931"
[17] "lglasso's bic is 12565.253888144"  "lglasso's bic is 12800.5479550596"
[19] "lglasso's bic is 13065.7090522412" "lglasso's bic is 13282.3067466452"
[1] "The 40th simulation:"
[1] "two-community heter data are generated"
[1] "heter data are generated"
[1] "heter data are generated"
 [1] "lglasso's bic is 30347.8671884138" "lglasso's bic is 25281.635985761" 
 [3] "lglasso's bic is 21406.0583667604" "lglasso's bic is 18426.7427216539"
 [5] "lglasso's bic is 16558.5752079467" "lglasso's bic is 15476.387439162" 
 [7] "lglasso's bic is 14783.3805741873" "lglasso's bic is 14363.7075067642"
 [9] "lglasso's bic is 14408.7430980731" "lglasso's bic is 14386.4510067784"
[11] "lglasso's bic is 14652.6006791593" "lglasso's bic is 14776.2376614285"
[13] "lglasso's bic is 14926.6602352196" "lglasso's bic is 15071.1373885034"
[15] "lglasso's bic is 15308.5604033916" "lglasso's bic is 15454.2665462543"
[17] "lglasso's bic is 15773.1700759833" "lglasso's bic is 16229.0045291019"
[19] "lglasso's bic is 16462.4740763968" "lglasso's bic is 16620.3215666823"
[1] "The 41th simulation:"
[1] "two-community heter data are generated"
[1] "heter data are generated"
[1] "heter data are generated"
 [1] "lglasso's bic is 26151.9337842903" "lglasso's bic is 20912.5524964977"
 [3] "lglasso's bic is 16979.7265116831" "lglasso's bic is 14184.9566024633"
 [5] "lglasso's bic is 12460.7622031669" "lglasso's bic is 11623.8759953898"
 [7] "lglasso's bic is 10879.6640917286" "lglasso's bic is 10504.5100392289"
 [9] "lglasso's bic is 10673.8642481507" "lglasso's bic is 10776.2654585807"
[11] "lglasso's bic is 10952.6421247668" "lglasso's bic is 11200.7489873111"
[13] "lglasso's bic is 11462.2645406748" "lglasso's bic is 11661.7428476535"
[15] "lglasso's bic is 11863.9447165806" "lglasso's bic is 12174.8143555852"
[17] "lglasso's bic is 12398.3230234902" "lglasso's bic is 12672.4807883231"
[19] "lglasso's bic is 12896.376086141"  "lglasso's bic is 13497.6858794464"
[1] "The 42th simulation:"
[1] "two-community heter data are generated"
[1] "heter data are generated"
[1] "heter data are generated"
 [1] "lglasso's bic is 30161.0416262981" "lglasso's bic is 24884.8881297994"
 [3] "lglasso's bic is 21078.7079570802" "lglasso's bic is 18380.4801838262"
 [5] "lglasso's bic is 16550.230809371"  "lglasso's bic is 15465.5052451024"
 [7] "lglasso's bic is 14717.4795677485" "lglasso's bic is 14485.929003717" 
 [9] "lglasso's bic is 14384.1917217772" "lglasso's bic is 14412.9436951959"
[11] "lglasso's bic is 14487.1404067489" "lglasso's bic is 14622.0363024087"
[13] "lglasso's bic is 14787.5735737013" "lglasso's bic is 15099.9469009241"
[15] "lglasso's bic is 15302.4956072765" "lglasso's bic is 15478.4975741183"
[17] "lglasso's bic is 16033.8515056233" "lglasso's bic is 16320.3281661389"
[19] "lglasso's bic is 16502.0688482585" "lglasso's bic is 16693.0579698333"
[1] "The 43th simulation:"
[1] "two-community heter data are generated"
[1] "heter data are generated"
[1] "heter data are generated"
 [1] "lglasso's bic is 25856.3317276505" "lglasso's bic is 20212.279815105" 
 [3] "lglasso's bic is 16755.5736473282" "lglasso's bic is 13842.6126630191"
 [5] "lglasso's bic is 12021.2445008254" "lglasso's bic is 11071.5381142758"
 [7] "lglasso's bic is 10614.2775585015" "lglasso's bic is 10326.2020760328"
 [9] "lglasso's bic is 10366.0358877955" "lglasso's bic is 10382.7752053847"
[11] "lglasso's bic is 10454.5691793461" "lglasso's bic is 10861.2818626551"
[13] "lglasso's bic is 11368.5353400328" "lglasso's bic is 11506.2295015803"
[15] "lglasso's bic is 11698.1559808354" "lglasso's bic is 11873.4247341204"
[17] "lglasso's bic is 12030.573159184"  "lglasso's bic is 12183.6629997576"
[19] "lglasso's bic is 12381.3532769621" "lglasso's bic is 13067.2312777922"
[1] "The 44th simulation:"
[1] "two-community heter data are generated"
[1] "heter data are generated"
[1] "heter data are generated"
 [1] "lglasso's bic is 27550.3217928134" "lglasso's bic is 22034.2137677219"
 [3] "lglasso's bic is 18045.2502901037" "lglasso's bic is 15221.8941498121"
 [5] "lglasso's bic is 13484.3788350886" "lglasso's bic is 12372.8870216818"
 [7] "lglasso's bic is 11747.3185565392" "lglasso's bic is 11364.8601318432"
 [9] "lglasso's bic is 11314.0741938585" "lglasso's bic is 11601.8095022002"
[11] "lglasso's bic is 11722.1997100441" "lglasso's bic is 11869.5608155281"
[13] "lglasso's bic is 12006.6578870781" "lglasso's bic is 12139.484025782" 
[15] "lglasso's bic is 12285.3735687982" "lglasso's bic is 12471.5640884587"
[17] "lglasso's bic is 12758.7106253695" "lglasso's bic is 13018.490806875" 
[19] "lglasso's bic is 13362.887940175"  "lglasso's bic is 13540.26309025"  
[1] "The 45th simulation:"
[1] "two-community heter data are generated"
[1] "heter data are generated"
[1] "heter data are generated"
 [1] "lglasso's bic is 32345.9966681459" "lglasso's bic is 27093.6469745379"
 [3] "lglasso's bic is 23256.129667456"  "lglasso's bic is 20196.4235575797"
 [5] "lglasso's bic is 18452.6241803008" "lglasso's bic is 17083.3983927916"
 [7] "lglasso's bic is 16372.6578126249" "lglasso's bic is 16055.433982598" 
 [9] "lglasso's bic is 15985.7148531129" "lglasso's bic is 16078.6408489375"
[11] "lglasso's bic is 16186.0570460161" "lglasso's bic is 16285.7435446613"
[13] "lglasso's bic is 16421.744664743"  "lglasso's bic is 16577.3322761008"
[15] "lglasso's bic is 16713.0580524804" "lglasso's bic is 16905.2253092504"
[17] "lglasso's bic is 17054.2823944599" "lglasso's bic is 17226.1808628795"
[19] "lglasso's bic is 17412.3462070537" "lglasso's bic is 17626.7921934532"
[1] "The 46th simulation:"
[1] "two-community heter data are generated"
[1] "heter data are generated"
[1] "heter data are generated"
 [1] "lglasso's bic is 29627.5898618957" "lglasso's bic is 24207.5681535027"
 [3] "lglasso's bic is 20164.3083608422" "lglasso's bic is 17375.3806769786"
 [5] "lglasso's bic is 15702.7669302182" "lglasso's bic is 14436.0756493129"
 [7] "lglasso's bic is 13954.1508561607" "lglasso's bic is 13678.1584940483"
 [9] "lglasso's bic is 13639.0979596479" "lglasso's bic is 13854.8380735484"
[11] "lglasso's bic is 13918.6526967988" "lglasso's bic is 14018.065376928" 
[13] "lglasso's bic is 14186.5907348508" "lglasso's bic is 14338.7738350886"
[15] "lglasso's bic is 14499.0881977077" "lglasso's bic is 14755.8004379254"
[17] "lglasso's bic is 15155.4888802367" "lglasso's bic is 15305.9856792022"
[19] "lglasso's bic is 15471.5272150171" "lglasso's bic is 15763.4247692028"
[1] "The 47th simulation:"
[1] "two-community heter data are generated"
[1] "heter data are generated"
[1] "heter data are generated"
 [1] "lglasso's bic is 21764.0445948252" "lglasso's bic is 16106.3931609769"
 [3] "lglasso's bic is 12207.9400941139" "lglasso's bic is 9543.03594038218"
 [5] "lglasso's bic is 7753.24799207356" "lglasso's bic is 6687.41807496248"
 [7] "lglasso's bic is 6274.80800434221" "lglasso's bic is 6039.14963263171"
 [9] "lglasso's bic is 6000.16721419657" "lglasso's bic is 6182.68737314126"
[11] "lglasso's bic is 6349.73854170468" "lglasso's bic is 6539.04201984472"
[13] "lglasso's bic is 6747.05824307976" "lglasso's bic is 7031.13459323481"
[15] "lglasso's bic is 7307.63961201769" "lglasso's bic is 7568.72406319013"
[17] "lglasso's bic is 7781.85285853105" "lglasso's bic is 8201.23494047427"
[19] "lglasso's bic is 8751.76046714472" "lglasso's bic is 8986.40755085906"
[1] "The 48th simulation:"
[1] "two-community heter data are generated"
[1] "heter data are generated"
[1] "heter data are generated"
 [1] "lglasso's bic is 28171.0780782175" "lglasso's bic is 22841.3899411041"
 [3] "lglasso's bic is 18809.0780383329" "lglasso's bic is 16139.1083477386"
 [5] "lglasso's bic is 14315.8579516497" "lglasso's bic is 13165.6947903804"
 [7] "lglasso's bic is 12608.4198965568" "lglasso's bic is 12361.3197084425"
 [9] "lglasso's bic is 12390.2293257532" "lglasso's bic is 12526.6900878283"
[11] "lglasso's bic is 12726.7861840937" "lglasso's bic is 12942.9888822692"
[13] "lglasso's bic is 13157.7224058666" "lglasso's bic is 13434.9781164632"
[15] "lglasso's bic is 13861.2179052609" "lglasso's bic is 14197.2148746409"
[17] "lglasso's bic is 14465.6763796713" "lglasso's bic is 14678.6519137434"
[19] "lglasso's bic is 15315.3557208454" "lglasso's bic is 16034.8447689703"
[1] "The 49th simulation:"
[1] "two-community heter data are generated"
[1] "heter data are generated"
[1] "heter data are generated"
 [1] "lglasso's bic is 36755.7693701868" "lglasso's bic is 31582.0054124183"
 [3] "lglasso's bic is 27432.0082025747" "lglasso's bic is 24645.7172296572"
 [5] "lglasso's bic is 22707.9375047938" "lglasso's bic is 21655.7984922632"
 [7] "lglasso's bic is 21150.5300756454" "lglasso's bic is 20814.9110794322"
 [9] "lglasso's bic is 20770.0395804405" "lglasso's bic is 20693.6961235431"
[11] "lglasso's bic is 20689.5579980654" "lglasso's bic is 20761.7543907246"
[13] "lglasso's bic is 21080.0848122184" "lglasso's bic is 21203.0327815644"
[15] "lglasso's bic is 21314.4405833637" "lglasso's bic is 21553.500745109" 
[17] "lglasso's bic is 21686.7603255104" "lglasso's bic is 21820.3865639407"
[19] "lglasso's bic is 22042.3446439445" "lglasso's bic is 22196.143946329" 
[1] "The 50th simulation:"
[1] "two-community heter data are generated"
[1] "heter data are generated"
[1] "heter data are generated"
 [1] "lglasso's bic is 21968.5010093789" "lglasso's bic is 16171.7324428551"
 [3] "lglasso's bic is 12314.6285042643" "lglasso's bic is 9308.48933245585"
 [5] "lglasso's bic is 7480.27830737206" "lglasso's bic is 6482.60493673723"
 [7] "lglasso's bic is 6103.91248802186" "lglasso's bic is 5988.63331412202"
 [9] "lglasso's bic is 6170.65810831541" "lglasso's bic is 6341.04915811866"
[11] "lglasso's bic is 6599.93937203083" "lglasso's bic is 6791.64203766574"
[13] "lglasso's bic is 7274.6648344604"  "lglasso's bic is 7469.64248090512"
[15] "lglasso's bic is 7687.01856499307" "lglasso's bic is 7895.94117493954"
[17] "lglasso's bic is 8134.73807143109" "lglasso's bic is 8345.62150274405"
[19] "lglasso's bic is 8758.58596671136" "lglasso's bic is 8965.57169576512"
There were 50 or more warnings (use warnings() to see the first 50)
> save(simures,file="subject=40_time=20_uu2=0.1.Rd")
> q("no")
> proc.time()
     user    system   elapsed 
45398.036   117.226 50293.012 
