
R version 4.1.2 (2021-11-01) -- "Bird Hippie"
Copyright (C) 2021 The R Foundation for Statistical Computing
Platform: x86_64-pc-linux-gnu (64-bit)

R is free software and comes with ABSOLUTELY NO WARRANTY.
You are welcome to redistribute it under certain conditions.
Type 'license()' or 'licence()' for distribution details.

  Natural language support but running in an English locale

R is a collaborative project with many contributors.
Type 'contributors()' for more information and
'citation()' on how to cite R or R packages in publications.

Type 'demo()' for some demos, 'help()' for on-line help, or
'help.start()' for an HTML browser interface to help.
Type 'q()' to quit R.

> library("lglasso")
> library("glasso")
> library("BDgraph")
> library("GGMselect")
Loading required package: mvtnorm

Attaching package: 'mvtnorm'

The following object is masked from 'package:BDgraph':

    rmvnorm

> library("Matrix")
> m=20
> n=20
> uu2=0.1
> Nsim=50
> rho=vector("list",5)
> rho[[1]]=seq(0.001,0.3,length=20)
> rho[[2]]=seq(0.001,0.3,length=20)
> rho[[3]]=seq(0.001,0.3,length=20)
> rho[[4]]=seq(0.00001,0.1,length=10)
> rho[[5]]=seq(0.00001,0.1,length=10)
> set.seed(m+n+uu2)
> simures=power_compare1(m=m,n=n,p=80,coe=c(2,0,0),l=Nsim,rho=rho,prob=0.01,heter=T,community2=T,uu=c(0.1,uu2),zirate=c(0.2, 0.8))
[1] "The 1th simulation:"
[1] "two-community heter data are generated"
[1] "heter data are generated"
[1] "heter data are generated"
 [1] "lglasso's bic is 22375.6386817267" "lglasso's bic is 19110.2537242792"
 [3] "lglasso's bic is 16611.5024113261" "lglasso's bic is 14321.3671840524"
 [5] "lglasso's bic is 12703.182642478"  "lglasso's bic is 11260.3757158255"
 [7] "lglasso's bic is 10128.2613248412" "lglasso's bic is 9356.7983294489" 
 [9] "lglasso's bic is 8857.81688702919" "lglasso's bic is 8527.26060738083"
[11] "lglasso's bic is 8332.21409505057" "lglasso's bic is 8228.29560324951"
[13] "lglasso's bic is 8133.81423298348" "lglasso's bic is 8610.31238453421"
[15] "lglasso's bic is 8630.14392858351" "lglasso's bic is 8678.19371933694"
[17] "lglasso's bic is 8715.18281382271" "lglasso's bic is 8773.53056167391"
[19] "lglasso's bic is 8844.29115930475" "lglasso's bic is 8940.86264395344"
[1] "The 2th simulation:"
[1] "two-community heter data are generated"
[1] "heter data are generated"
[1] "heter data are generated"
 [1] "lglasso's bic is 19504.4693714653" "lglasso's bic is 15457.1218288116"
 [3] "lglasso's bic is 12795.1606724829" "lglasso's bic is 10625.0074526604"
 [5] "lglasso's bic is 9126.04342332603" "lglasso's bic is 8087.94647269306"
 [7] "lglasso's bic is 7269.85088581431" "lglasso's bic is 6749.01471986094"
 [9] "lglasso's bic is 6665.32999802777" "lglasso's bic is 6529.97420985919"
[11] "lglasso's bic is 6432.51827738985" "lglasso's bic is 6449.46113981813"
[13] "lglasso's bic is 6516.0303073432"  "lglasso's bic is 6640.40424937568"
[15] "lglasso's bic is 6828.80491741257" "lglasso's bic is 6933.64802064368"
[17] "lglasso's bic is 7130.12985407092" "lglasso's bic is 7308.70458847053"
[19] "lglasso's bic is 7441.08988311834" "lglasso's bic is 7614.48017727677"
[1] "The 3th simulation:"
[1] "two-community heter data are generated"
[1] "heter data are generated"
[1] "heter data are generated"
 [1] "lglasso's bic is 18983.3039850612" "lglasso's bic is 15661.0106982036"
 [3] "lglasso's bic is 12885.6577090692" "lglasso's bic is 10937.1213802987"
 [5] "lglasso's bic is 9292.12139736668" "lglasso's bic is 7936.97630343367"
 [7] "lglasso's bic is 6926.31540951047" "lglasso's bic is 6009.97384416124"
 [9] "lglasso's bic is 5605.7270020576"  "lglasso's bic is 5359.69121595476"
[11] "lglasso's bic is 5189.58502682758" "lglasso's bic is 5189.59120977985"
[13] "lglasso's bic is 5188.93464954257" "lglasso's bic is 5149.12215379387"
[15] "lglasso's bic is 5263.17878709243" "lglasso's bic is 5304.66030933286"
[17] "lglasso's bic is 5372.3924238274"  "lglasso's bic is 5463.54494448111"
[19] "lglasso's bic is 5605.10541861853" "lglasso's bic is 5709.74389567535"
[1] "The 4th simulation:"
[1] "two-community heter data are generated"
[1] "heter data are generated"
[1] "heter data are generated"
 [1] "lglasso's bic is 21403.7623592112" "lglasso's bic is 17708.7816220113"
 [3] "lglasso's bic is 15174.3682496416" "lglasso's bic is 13034.4408354802"
 [5] "lglasso's bic is 11527.8421519473" "lglasso's bic is 10251.8225121451"
 [7] "lglasso's bic is 9480.30370557844" "lglasso's bic is 8652.26107671127"
 [9] "lglasso's bic is 8408.67596223673" "lglasso's bic is 8138.98816242291"
[11] "lglasso's bic is 7903.72314512633" "lglasso's bic is 7878.05411669405"
[13] "lglasso's bic is 7805.63323216356" "lglasso's bic is 7847.53387219063"
[15] "lglasso's bic is 7960.15296666267" "lglasso's bic is 8024.94815697553"
[17] "lglasso's bic is 8107.01236346554" "lglasso's bic is 8171.75068830833"
[19] "lglasso's bic is 8332.22314268802" "lglasso's bic is 8485.28194036246"
[1] "The 5th simulation:"
[1] "two-community heter data are generated"
[1] "heter data are generated"
[1] "heter data are generated"
 [1] "lglasso's bic is 23555.3916582677" "lglasso's bic is 20178.248383916" 
 [3] "lglasso's bic is 17628.3047078819" "lglasso's bic is 15495.8765321759"
 [5] "lglasso's bic is 13975.7482780065" "lglasso's bic is 12666.3168780713"
 [7] "lglasso's bic is 11649.6309455695" "lglasso's bic is 10898.057201811" 
 [9] "lglasso's bic is 10496.1037152512" "lglasso's bic is 10132.0591586415"
[11] "lglasso's bic is 9859.75536144496" "lglasso's bic is 9844.09270632812"
[13] "lglasso's bic is 9767.56492514645" "lglasso's bic is 9728.99371748776"
[15] "lglasso's bic is 9760.88033302405" "lglasso's bic is 9826.84941071794"
[17] "lglasso's bic is 9886.11276422321" "lglasso's bic is 9939.26470661431"
[19] "lglasso's bic is 10225.3453231016" "lglasso's bic is 10284.4519791215"
[1] "The 6th simulation:"
[1] "two-community heter data are generated"
[1] "heter data are generated"
[1] "heter data are generated"
 [1] "lglasso's bic is 24801.8741785091" "lglasso's bic is 21305.5679510907"
 [3] "lglasso's bic is 18833.1776816201" "lglasso's bic is 16706.8488085822"
 [5] "lglasso's bic is 15155.149861732"  "lglasso's bic is 13648.5849300823"
 [7] "lglasso's bic is 12643.9989239944" "lglasso's bic is 11979.5610370182"
 [9] "lglasso's bic is 11520.8996085286" "lglasso's bic is 11315.2332694128"
[11] "lglasso's bic is 11078.147377689"  "lglasso's bic is 10960.0019614077"
[13] "lglasso's bic is 10916.3499251132" "lglasso's bic is 10932.8097196496"
[15] "lglasso's bic is 11016.5600472948" "lglasso's bic is 11068.5833924046"
[17] "lglasso's bic is 11112.8615381243" "lglasso's bic is 11207.5002051604"
[19] "lglasso's bic is 11264.6809983729" "lglasso's bic is 11389.8639755014"
[1] "The 7th simulation:"
[1] "two-community heter data are generated"
[1] "heter data are generated"
[1] "heter data are generated"
 [1] "lglasso's bic is 19082.7362242746" "lglasso's bic is 15254.6541025146"
 [3] "lglasso's bic is 12581.008467955"  "lglasso's bic is 10653.4290461803"
 [5] "lglasso's bic is 9290.96992203885" "lglasso's bic is 8408.42073147457"
 [7] "lglasso's bic is 7525.90184865765" "lglasso's bic is 7029.09321047407"
 [9] "lglasso's bic is 6643.07653631048" "lglasso's bic is 6378.68360393186"
[11] "lglasso's bic is 6443.79532822635" "lglasso's bic is 6420.27843763676"
[13] "lglasso's bic is 6586.6790143665"  "lglasso's bic is 6642.63548226802"
[15] "lglasso's bic is 6800.24464607354" "lglasso's bic is 6879.22644390733"
[17] "lglasso's bic is 7017.75476033832" "lglasso's bic is 7175.33277592976"
[19] "lglasso's bic is 7354.36787611284" "lglasso's bic is 7487.01683180544"
[1] "The 8th simulation:"
[1] "two-community heter data are generated"
[1] "heter data are generated"
[1] "heter data are generated"
 [1] "lglasso's bic is 13529.7793462032" "lglasso's bic is 9403.04492272655"
 [3] "lglasso's bic is 6571.92672232787" "lglasso's bic is 4640.20913470691"
 [5] "lglasso's bic is 3191.11842995993" "lglasso's bic is 1905.90735745044"
 [7] "lglasso's bic is 1271.30055076917" "lglasso's bic is 647.564610643977"
 [9] "lglasso's bic is 303.068272963262" "lglasso's bic is 138.176185130932"
[11] "lglasso's bic is 53.817550509357"  "lglasso's bic is 96.9957359722209"
[13] "lglasso's bic is 129.681439879275" "lglasso's bic is 161.678384464289"
[15] "lglasso's bic is 231.034214396746" "lglasso's bic is 412.419986770161"
[17] "lglasso's bic is 505.776077761712" "lglasso's bic is 649.803719279338"
[19] "lglasso's bic is 766.197527084362" "lglasso's bic is 870.384756841617"
[1] "The 9th simulation:"
[1] "two-community heter data are generated"
[1] "heter data are generated"
[1] "heter data are generated"
 [1] "lglasso's bic is 19354.3706573044" "lglasso's bic is 15632.1748028693"
 [3] "lglasso's bic is 12988.3672993221" "lglasso's bic is 10703.8132435262"
 [5] "lglasso's bic is 9048.61947652881" "lglasso's bic is 7652.60023997647"
 [7] "lglasso's bic is 6872.04074803663" "lglasso's bic is 6245.10080425"   
 [9] "lglasso's bic is 5900.19227438247" "lglasso's bic is 5632.35638787958"
[11] "lglasso's bic is 5557.95430714257" "lglasso's bic is 5550.22955807317"
[13] "lglasso's bic is 5532.76392774139" "lglasso's bic is 5657.91519495511"
[15] "lglasso's bic is 5841.68543913571" "lglasso's bic is 5951.99928663133"
[17] "lglasso's bic is 6047.2579140262"  "lglasso's bic is 6139.80810780762"
[19] "lglasso's bic is 6353.64934405729" "lglasso's bic is 6446.55554531674"
[1] "The 10th simulation:"
[1] "two-community heter data are generated"
[1] "heter data are generated"
[1] "heter data are generated"
 [1] "lglasso's bic is 22514.9052135498" "lglasso's bic is 19330.4055849838"
 [3] "lglasso's bic is 16712.4472462745" "lglasso's bic is 14655.2768910665"
 [5] "lglasso's bic is 13037.0394985281" "lglasso's bic is 11741.8545347213"
 [7] "lglasso's bic is 10810.052459445"  "lglasso's bic is 9893.77544800193"
 [9] "lglasso's bic is 9220.593269596"   "lglasso's bic is 8859.3622056304" 
[11] "lglasso's bic is 8699.5985679764"  "lglasso's bic is 8528.85329715653"
[13] "lglasso's bic is 8465.22181638935" "lglasso's bic is 8480.78491799655"
[15] "lglasso's bic is 8475.63726329873" "lglasso's bic is 8485.06083204118"
[17] "lglasso's bic is 8557.51820612709" "lglasso's bic is 8619.22202736341"
[19] "lglasso's bic is 8692.94744073983" "lglasso's bic is 8824.52035648851"
[1] "The 11th simulation:"
[1] "two-community heter data are generated"
[1] "heter data are generated"
[1] "heter data are generated"
 [1] "lglasso's bic is 16119.053526387"  "lglasso's bic is 12224.9835237298"
 [3] "lglasso's bic is 9248.88003302447" "lglasso's bic is 7210.40859375277"
 [5] "lglasso's bic is 5733.90249841542" "lglasso's bic is 4558.6142782915" 
 [7] "lglasso's bic is 3744.54572935221" "lglasso's bic is 3217.8573714576" 
 [9] "lglasso's bic is 2895.4931768"     "lglasso's bic is 2883.5441282222" 
[11] "lglasso's bic is 2904.84608397815" "lglasso's bic is 2923.74249550405"
[13] "lglasso's bic is 2910.98602028698" "lglasso's bic is 2969.3264679028" 
[15] "lglasso's bic is 3074.74333332772" "lglasso's bic is 3187.12727572663"
[17] "lglasso's bic is 3381.28633890741" "lglasso's bic is 3592.80207114745"
[19] "lglasso's bic is 3747.01309618498" "lglasso's bic is 3884.70677125983"
[1] "The 12th simulation:"
[1] "two-community heter data are generated"
[1] "heter data are generated"
[1] "heter data are generated"
 [1] "lglasso's bic is 25123.7535198564" "lglasso's bic is 21671.5383153631"
 [3] "lglasso's bic is 19257.0999345851" "lglasso's bic is 17135.4409076219"
 [5] "lglasso's bic is 15458.0795380789" "lglasso's bic is 14136.0097354113"
 [7] "lglasso's bic is 13235.0166954888" "lglasso's bic is 12463.2714616102"
 [9] "lglasso's bic is 11984.7949853041" "lglasso's bic is 11595.722594829" 
[11] "lglasso's bic is 11429.9452777548" "lglasso's bic is 11352.8206711386"
[13] "lglasso's bic is 11336.2414083051" "lglasso's bic is 11379.8309637495"
[15] "lglasso's bic is 11406.9439765913" "lglasso's bic is 11461.0728350687"
[17] "lglasso's bic is 11504.7512414113" "lglasso's bic is 11581.292424255" 
[19] "lglasso's bic is 11650.7114445967" "lglasso's bic is 11733.06637475"  
[1] "The 13th simulation:"
[1] "two-community heter data are generated"
[1] "heter data are generated"
[1] "heter data are generated"
 [1] "lglasso's bic is 20732.2728736234" "lglasso's bic is 16911.1312254994"
 [3] "lglasso's bic is 13954.8431624581" "lglasso's bic is 11794.7461888275"
 [5] "lglasso's bic is 10323.9450819728" "lglasso's bic is 9252.67132434235"
 [7] "lglasso's bic is 8500.72014837441" "lglasso's bic is 7863.43036752665"
 [9] "lglasso's bic is 7553.0899544154"  "lglasso's bic is 7322.169321915"  
[11] "lglasso's bic is 7216.27512053006" "lglasso's bic is 7147.56906390063"
[13] "lglasso's bic is 7190.45783327199" "lglasso's bic is 7314.41476297939"
[15] "lglasso's bic is 7378.89832094152" "lglasso's bic is 7478.67234588919"
[17] "lglasso's bic is 7744.30466168952" "lglasso's bic is 7870.24456791978"
[19] "lglasso's bic is 8011.25385723396" "lglasso's bic is 8195.14113444775"
[1] "The 14th simulation:"
[1] "two-community heter data are generated"
[1] "heter data are generated"
[1] "heter data are generated"
 [1] "lglasso's bic is 20510.7519485945" "lglasso's bic is 16925.4986775823"
 [3] "lglasso's bic is 14097.5234848381" "lglasso's bic is 11910.008581338" 
 [5] "lglasso's bic is 10053.036206023"  "lglasso's bic is 8848.05696611513"
 [7] "lglasso's bic is 7916.53757695273" "lglasso's bic is 7278.79068336842"
 [9] "lglasso's bic is 6805.17332965288" "lglasso's bic is 6546.48891080609"
[11] "lglasso's bic is 6471.10150603015" "lglasso's bic is 6407.29680339411"
[13] "lglasso's bic is 6379.3464907006"  "lglasso's bic is 6529.35828426643"
[15] "lglasso's bic is 6573.27099121784" "lglasso's bic is 6638.77149687343"
[17] "lglasso's bic is 6704.41317135467" "lglasso's bic is 6875.1223495285" 
[19] "lglasso's bic is 6939.1613166574"  "lglasso's bic is 7375.63601004907"
[1] "The 15th simulation:"
[1] "two-community heter data are generated"
[1] "heter data are generated"
[1] "heter data are generated"
 [1] "lglasso's bic is 19973.6393004148" "lglasso's bic is 16210.9829070067"
 [3] "lglasso's bic is 13722.7453454632" "lglasso's bic is 11702.2355597815"
 [5] "lglasso's bic is 10042.0399338292" "lglasso's bic is 8977.01622551479"
 [7] "lglasso's bic is 8043.32550142875" "lglasso's bic is 7414.2071416796" 
 [9] "lglasso's bic is 6969.81946098019" "lglasso's bic is 6805.03018488521"
[11] "lglasso's bic is 6656.36838597025" "lglasso's bic is 6742.30605090519"
[13] "lglasso's bic is 6662.9259339245"  "lglasso's bic is 6678.90414242526"
[15] "lglasso's bic is 6729.89333474545" "lglasso's bic is 6773.33415884919"
[17] "lglasso's bic is 6923.03465429022" "lglasso's bic is 7013.63894387434"
[19] "lglasso's bic is 7510.98117877299" "lglasso's bic is 7636.4712377943" 
[1] "The 16th simulation:"
[1] "two-community heter data are generated"
[1] "heter data are generated"
[1] "heter data are generated"
 [1] "lglasso's bic is 19685.1561553177" "lglasso's bic is 16183.8431074676"
 [3] "lglasso's bic is 13685.5337237246" "lglasso's bic is 11640.5203775817"
 [5] "lglasso's bic is 10199.4174562162" "lglasso's bic is 8552.76378588317"
 [7] "lglasso's bic is 7431.9309949063"  "lglasso's bic is 6628.40290875385"
 [9] "lglasso's bic is 6308.97508987454" "lglasso's bic is 6661.36980307489"
[11] "lglasso's bic is 6622.72188121704" "lglasso's bic is 6436.30570325656"
[13] "lglasso's bic is 6365.98412704518" "lglasso's bic is 6272.59976820117"
[15] "lglasso's bic is 6231.18787687201" "lglasso's bic is 6226.68464069573"
[17] "lglasso's bic is 6257.80515960484" "lglasso's bic is 6323.00853395671"
[19] "lglasso's bic is 6356.97171906589" "lglasso's bic is 6389.4595549339" 
[1] "The 17th simulation:"
[1] "two-community heter data are generated"
[1] "heter data are generated"
[1] "heter data are generated"
 [1] "lglasso's bic is 18868.4642866597" "lglasso's bic is 15113.5500726526"
 [3] "lglasso's bic is 12592.8720487117" "lglasso's bic is 10948.2567118782"
 [5] "lglasso's bic is 9393.36918707336" "lglasso's bic is 8236.79613964714"
 [7] "lglasso's bic is 7289.47085642216" "lglasso's bic is 6653.96560097472"
 [9] "lglasso's bic is 6255.4587970509"  "lglasso's bic is 6102.94649258543"
[11] "lglasso's bic is 6327.90182543613" "lglasso's bic is 6300.66691973022"
[13] "lglasso's bic is 6267.23460797287" "lglasso's bic is 6313.89576408837"
[15] "lglasso's bic is 6378.99178132426" "lglasso's bic is 6490.50080152617"
[17] "lglasso's bic is 6566.02691654137" "lglasso's bic is 6643.33358184967"
[19] "lglasso's bic is 6747.69211938235" "lglasso's bic is 6830.29875502456"
[1] "The 18th simulation:"
[1] "two-community heter data are generated"
[1] "heter data are generated"
[1] "heter data are generated"
 [1] "lglasso's bic is 21715.2101308637" "lglasso's bic is 18123.0600991578"
 [3] "lglasso's bic is 15541.8160803905" "lglasso's bic is 13436.9679067635"
 [5] "lglasso's bic is 11808.1605351344" "lglasso's bic is 10692.2714350703"
 [7] "lglasso's bic is 9785.22371806369" "lglasso's bic is 9102.96647646202"
 [9] "lglasso's bic is 8651.85722982018" "lglasso's bic is 8399.73642255353"
[11] "lglasso's bic is 8181.50365895825" "lglasso's bic is 8104.59062991858"
[13] "lglasso's bic is 8031.81342316615" "lglasso's bic is 8079.77600541975"
[15] "lglasso's bic is 8131.14849096908" "lglasso's bic is 8213.63110592186"
[17] "lglasso's bic is 8269.24205943869" "lglasso's bic is 8345.42755306424"
[19] "lglasso's bic is 8502.75270866793" "lglasso's bic is 8604.68660538982"
[1] "The 19th simulation:"
[1] "two-community heter data are generated"
[1] "heter data are generated"
[1] "heter data are generated"
 [1] "lglasso's bic is 21395.0385495505" "lglasso's bic is 17643.1008726491"
 [3] "lglasso's bic is 14905.8024780103" "lglasso's bic is 12741.4084888409"
 [5] "lglasso's bic is 11132.2191080339" "lglasso's bic is 9821.88538857937"
 [7] "lglasso's bic is 8976.57601785341" "lglasso's bic is 8408.7870935609" 
 [9] "lglasso's bic is 8034.44891093324" "lglasso's bic is 7810.58971299091"
[11] "lglasso's bic is 7654.10445122987" "lglasso's bic is 7636.663667625"  
[13] "lglasso's bic is 7788.19220242318" "lglasso's bic is 7844.11877982246"
[15] "lglasso's bic is 8198.42273347287" "lglasso's bic is 8265.11770038181"
[17] "lglasso's bic is 8359.05487484733" "lglasso's bic is 8459.98697211547"
[19] "lglasso's bic is 8732.26417556714" "lglasso's bic is 8829.54039949774"
[1] "The 20th simulation:"
[1] "two-community heter data are generated"
[1] "heter data are generated"
[1] "heter data are generated"
 [1] "lglasso's bic is 20553.1997351625" "lglasso's bic is 17109.3213711955"
 [3] "lglasso's bic is 14234.4102060155" "lglasso's bic is 12053.9195566475"
 [5] "lglasso's bic is 10361.9965276224" "lglasso's bic is 8952.92509788523"
 [7] "lglasso's bic is 7888.64070534403" "lglasso's bic is 7226.44399692692"
 [9] "lglasso's bic is 6748.16247631417" "lglasso's bic is 6547.98111922753"
[11] "lglasso's bic is 6454.03502720324" "lglasso's bic is 6427.73573530656"
[13] "lglasso's bic is 6888.8667612293"  "lglasso's bic is 6913.99430491915"
[15] "lglasso's bic is 6936.10933327478" "lglasso's bic is 6951.52995476258"
[17] "lglasso's bic is 7003.72522787856" "lglasso's bic is 7042.1658327248" 
[19] "lglasso's bic is 7101.8623052494"  "lglasso's bic is 7159.24769746426"
[1] "The 21th simulation:"
[1] "two-community heter data are generated"
[1] "heter data are generated"
[1] "heter data are generated"
 [1] "lglasso's bic is 21345.4824301439" "lglasso's bic is 17699.1963562746"
 [3] "lglasso's bic is 14937.9997859228" "lglasso's bic is 13073.091213574" 
 [5] "lglasso's bic is 11490.8445597267" "lglasso's bic is 10278.0888628478"
 [7] "lglasso's bic is 9448.69202546891" "lglasso's bic is 8912.16814801145"
 [9] "lglasso's bic is 8383.39611607518" "lglasso's bic is 8163.30915451157"
[11] "lglasso's bic is 8022.07135273691" "lglasso's bic is 7999.14977383224"
[13] "lglasso's bic is 7977.06589920837" "lglasso's bic is 8029.19714829088"
[15] "lglasso's bic is 8115.40147228623" "lglasso's bic is 8216.51067456795"
[17] "lglasso's bic is 8351.94417816418" "lglasso's bic is 8462.37773713834"
[19] "lglasso's bic is 8580.99499806971" "lglasso's bic is 8696.39146418266"
[1] "The 22th simulation:"
[1] "two-community heter data are generated"
[1] "heter data are generated"
[1] "heter data are generated"
 [1] "lglasso's bic is 27258.0755200975" "lglasso's bic is 24036.4351957171"
 [3] "lglasso's bic is 21143.5164462991" "lglasso's bic is 19192.6140040774"
 [5] "lglasso's bic is 17518.5348766923" "lglasso's bic is 15947.454038821" 
 [7] "lglasso's bic is 14921.8573453703" "lglasso's bic is 14146.7975012512"
 [9] "lglasso's bic is 13639.4415182837" "lglasso's bic is 13269.359492778" 
[11] "lglasso's bic is 13222.264924867"  "lglasso's bic is 13053.7310076187"
[13] "lglasso's bic is 12974.6985433271" "lglasso's bic is 12958.9178483339"
[15] "lglasso's bic is 12952.4628392915" "lglasso's bic is 12998.5151929158"
[17] "lglasso's bic is 13247.9174818377" "lglasso's bic is 13317.2909193691"
[19] "lglasso's bic is 13385.0130857898" "lglasso's bic is 13612.6645543896"
[1] "The 23th simulation:"
[1] "two-community heter data are generated"
[1] "heter data are generated"
[1] "heter data are generated"
 [1] "lglasso's bic is 21861.5240055691" "lglasso's bic is 18263.7745714147"
 [3] "lglasso's bic is 15943.5181653758" "lglasso's bic is 13890.2705225631"
 [5] "lglasso's bic is 12172.3444667269" "lglasso's bic is 10863.0782061744"
 [7] "lglasso's bic is 9818.81190175049" "lglasso's bic is 9102.17540169601"
 [9] "lglasso's bic is 8586.34703770206" "lglasso's bic is 8375.29223763135"
[11] "lglasso's bic is 8244.31511212137" "lglasso's bic is 8185.2360718133" 
[13] "lglasso's bic is 8199.38657087081" "lglasso's bic is 8211.56128325567"
[15] "lglasso's bic is 8250.71642615183" "lglasso's bic is 8327.74270248014"
[17] "lglasso's bic is 8397.34242277131" "lglasso's bic is 8564.46100492779"
[19] "lglasso's bic is 8649.380155389"   "lglasso's bic is 8723.20402080138"
[1] "The 24th simulation:"
[1] "two-community heter data are generated"
[1] "heter data are generated"
[1] "heter data are generated"
 [1] "lglasso's bic is 16894.3788236136" "lglasso's bic is 13343.3717260441"
 [3] "lglasso's bic is 10605.4223541752" "lglasso's bic is 8223.0801508061" 
 [5] "lglasso's bic is 6582.75570253998" "lglasso's bic is 5474.87976226224"
 [7] "lglasso's bic is 4585.83943342451" "lglasso's bic is 3820.35609464912"
 [9] "lglasso's bic is 3480.6669916759"  "lglasso's bic is 3318.62110082598"
[11] "lglasso's bic is 3182.78136670765" "lglasso's bic is 3119.43869637047"
[13] "lglasso's bic is 3139.0632405987"  "lglasso's bic is 3435.25394645662"
[15] "lglasso's bic is 3654.86675945354" "lglasso's bic is 3714.97369419665"
[17] "lglasso's bic is 3788.94896316461" "lglasso's bic is 4154.52308956463"
[19] "lglasso's bic is 4242.01302396951" "lglasso's bic is 4317.195060857"  
[1] "The 25th simulation:"
[1] "two-community heter data are generated"
[1] "heter data are generated"
[1] "heter data are generated"
 [1] "lglasso's bic is 24754.6141802731" "lglasso's bic is 21570.5179659042"
 [3] "lglasso's bic is 18809.3124853822" "lglasso's bic is 16858.3227090326"
 [5] "lglasso's bic is 15176.018587137"  "lglasso's bic is 13857.0137160804"
 [7] "lglasso's bic is 12648.8091483782" "lglasso's bic is 11644.381514398" 
 [9] "lglasso's bic is 11140.1720711276" "lglasso's bic is 10925.4516355467"
[11] "lglasso's bic is 10865.6655198742" "lglasso's bic is 10998.8334721415"
[13] "lglasso's bic is 10939.1830461934" "lglasso's bic is 10887.6934795541"
[15] "lglasso's bic is 10869.0915505147" "lglasso's bic is 10858.8352770696"
[17] "lglasso's bic is 10897.1251795788" "lglasso's bic is 10950.6966301438"
[19] "lglasso's bic is 11002.2944223673" "lglasso's bic is 11065.8151915443"
[1] "The 26th simulation:"
[1] "two-community heter data are generated"
[1] "heter data are generated"
[1] "heter data are generated"
 [1] "lglasso's bic is 19560.028374863"  "lglasso's bic is 15918.9119448267"
 [3] "lglasso's bic is 12894.4474813022" "lglasso's bic is 10631.1543271364"
 [5] "lglasso's bic is 9005.48997565236" "lglasso's bic is 7869.0928379336" 
 [7] "lglasso's bic is 6973.55337898558" "lglasso's bic is 6325.91582324794"
 [9] "lglasso's bic is 6699.52686567615" "lglasso's bic is 6425.92340247935"
[11] "lglasso's bic is 6324.45713088573" "lglasso's bic is 6256.9595730962" 
[13] "lglasso's bic is 6161.5052213688"  "lglasso's bic is 6463.02787817916"
[15] "lglasso's bic is 6477.20508241789" "lglasso's bic is 6530.49748035456"
[17] "lglasso's bic is 6742.85367687965" "lglasso's bic is 6795.90851115442"
[19] "lglasso's bic is 6876.61347607642" "lglasso's bic is 7074.9975614955" 
[1] "The 27th simulation:"
[1] "two-community heter data are generated"
[1] "heter data are generated"
[1] "heter data are generated"
 [1] "lglasso's bic is 20807.4818599312" "lglasso's bic is 16730.7241110714"
 [3] "lglasso's bic is 13775.3638518905" "lglasso's bic is 11518.8932330148"
 [5] "lglasso's bic is 10079.2212471404" "lglasso's bic is 8941.13817906007"
 [7] "lglasso's bic is 8061.51511262371" "lglasso's bic is 7389.11811283543"
 [9] "lglasso's bic is 7025.29071250177" "lglasso's bic is 6872.46121243613"
[11] "lglasso's bic is 6931.58585640198" "lglasso's bic is 6931.17050670577"
[13] "lglasso's bic is 7014.57619909895" "lglasso's bic is 7254.03070454195"
[15] "lglasso's bic is 7309.24036937447" "lglasso's bic is 7608.82798851334"
[17] "lglasso's bic is 7754.66316336365" "lglasso's bic is 7848.51360403667"
[19] "lglasso's bic is 7945.97458553023" "lglasso's bic is 8045.8276512742" 
[1] "The 28th simulation:"
[1] "two-community heter data are generated"
[1] "heter data are generated"
[1] "heter data are generated"
 [1] "lglasso's bic is 23348.4313074946" "lglasso's bic is 19508.9216469352"
 [3] "lglasso's bic is 16841.5361529083" "lglasso's bic is 14798.9103324961"
 [5] "lglasso's bic is 13119.6739008124" "lglasso's bic is 12086.0575180772"
 [7] "lglasso's bic is 11093.4950696683" "lglasso's bic is 10411.3503779092"
 [9] "lglasso's bic is 9926.25227189465" "lglasso's bic is 9702.60684058789"
[11] "lglasso's bic is 9589.07500851462" "lglasso's bic is 9532.46091131572"
[13] "lglasso's bic is 9475.78280266695" "lglasso's bic is 9527.50081522645"
[15] "lglasso's bic is 9575.04980115434" "lglasso's bic is 9633.95301564735"
[17] "lglasso's bic is 9839.01932570883" "lglasso's bic is 10015.5984928409"
[19] "lglasso's bic is 10090.383519442"  "lglasso's bic is 10156.914839778" 
[1] "The 29th simulation:"
[1] "two-community heter data are generated"
[1] "heter data are generated"
[1] "heter data are generated"
 [1] "lglasso's bic is 22319.2635541752" "lglasso's bic is 18786.5206625557"
 [3] "lglasso's bic is 15958.7405968301" "lglasso's bic is 13926.9515848361"
 [5] "lglasso's bic is 12082.0156849411" "lglasso's bic is 10745.9792019483"
 [7] "lglasso's bic is 9822.2536654016"  "lglasso's bic is 9171.38453911667"
 [9] "lglasso's bic is 8730.50802498523" "lglasso's bic is 8467.68469891514"
[11] "lglasso's bic is 8286.74994989233" "lglasso's bic is 8201.8804413131" 
[13] "lglasso's bic is 8248.92390058328" "lglasso's bic is 8319.91488773884"
[15] "lglasso's bic is 8371.55983906019" "lglasso's bic is 8499.31238386051"
[17] "lglasso's bic is 8549.70829565962" "lglasso's bic is 8749.64255251154"
[19] "lglasso's bic is 8898.34693036221" "lglasso's bic is 9012.2266399684" 
[1] "The 30th simulation:"
[1] "two-community heter data are generated"
[1] "heter data are generated"
[1] "heter data are generated"
 [1] "lglasso's bic is 21858.4770642691" "lglasso's bic is 18400.6466729476"
 [3] "lglasso's bic is 15692.5648876926" "lglasso's bic is 13585.7902382928"
 [5] "lglasso's bic is 12005.4384320255" "lglasso's bic is 10661.8183430087"
 [7] "lglasso's bic is 9604.33313925866" "lglasso's bic is 8860.17860501433"
 [9] "lglasso's bic is 8358.4000132841"  "lglasso's bic is 7999.77781665853"
[11] "lglasso's bic is 7788.03335009701" "lglasso's bic is 7701.58583618744"
[13] "lglasso's bic is 7709.33391757367" "lglasso's bic is 7756.8769533031" 
[15] "lglasso's bic is 7856.80394294928" "lglasso's bic is 7911.32176073928"
[17] "lglasso's bic is 7975.30498693375" "lglasso's bic is 8043.76791788045"
[19] "lglasso's bic is 8133.72379713906" "lglasso's bic is 8219.03028162546"
[1] "The 31th simulation:"
[1] "two-community heter data are generated"
[1] "heter data are generated"
[1] "heter data are generated"
 [1] "lglasso's bic is 13413.9117478736"  "lglasso's bic is 10065.4184463207" 
 [3] "lglasso's bic is 7207.4023948121"   "lglasso's bic is 4680.99043764015" 
 [5] "lglasso's bic is 2869.25042561366"  "lglasso's bic is 1658.97793482953" 
 [7] "lglasso's bic is 753.641170961555"  "lglasso's bic is 125.77734134506"  
 [9] "lglasso's bic is -176.932742136129" "lglasso's bic is -423.016511018706"
[11] "lglasso's bic is -514.779131943582" "lglasso's bic is -434.039429188898"
[13] "lglasso's bic is -430.210504626923" "lglasso's bic is -407.366071484069"
[15] "lglasso's bic is -348.901197211406" "lglasso's bic is -222.214256928903"
[17] "lglasso's bic is -147.475049364531" "lglasso's bic is -46.7912650095545"
[19] "lglasso's bic is 56.0744831556261"  "lglasso's bic is 230.383630976108" 
[1] "The 32th simulation:"
[1] "two-community heter data are generated"
[1] "heter data are generated"
[1] "heter data are generated"
 [1] "lglasso's bic is 22377.7734676095" "lglasso's bic is 18969.9943930822"
 [3] "lglasso's bic is 16252.8989637872" "lglasso's bic is 14171.3786021203"
 [5] "lglasso's bic is 12461.1614355435" "lglasso's bic is 11309.3699577075"
 [7] "lglasso's bic is 10168.1966102827" "lglasso's bic is 9492.08478894211"
 [9] "lglasso's bic is 9024.71572487487" "lglasso's bic is 8742.21432167786"
[11] "lglasso's bic is 8514.15800869253" "lglasso's bic is 8459.30787170912"
[13] "lglasso's bic is 8466.79407749453" "lglasso's bic is 8484.17417919068"
[15] "lglasso's bic is 8868.87516099151" "lglasso's bic is 8944.90838759883"
[17] "lglasso's bic is 9074.23214528833" "lglasso's bic is 9137.8237400621" 
[19] "lglasso's bic is 9253.87793754772" "lglasso's bic is 9328.68037286267"
[1] "The 33th simulation:"
[1] "two-community heter data are generated"
[1] "heter data are generated"
[1] "heter data are generated"
 [1] "lglasso's bic is 19235.4973208655" "lglasso's bic is 15765.204057313" 
 [3] "lglasso's bic is 13068.7768531682" "lglasso's bic is 11047.1574317095"
 [5] "lglasso's bic is 9233.14755801184" "lglasso's bic is 7952.17947518113"
 [7] "lglasso's bic is 7005.40362404451" "lglasso's bic is 6250.06297418789"
 [9] "lglasso's bic is 5712.34267767674" "lglasso's bic is 5411.17722794889"
[11] "lglasso's bic is 5322.16324707862" "lglasso's bic is 5324.37366455361"
[13] "lglasso's bic is 5303.61224917127" "lglasso's bic is 5384.43839015662"
[15] "lglasso's bic is 5884.58699661377" "lglasso's bic is 5927.68476580091"
[17] "lglasso's bic is 5969.90852101903" "lglasso's bic is 6032.62473808064"
[19] "lglasso's bic is 6084.80785002223" "lglasso's bic is 6137.55124604748"
[1] "The 34th simulation:"
[1] "two-community heter data are generated"
[1] "heter data are generated"
[1] "heter data are generated"
 [1] "lglasso's bic is 22767.3009220228" "lglasso's bic is 19280.507089258" 
 [3] "lglasso's bic is 16588.0328791108" "lglasso's bic is 14296.5166000105"
 [5] "lglasso's bic is 12726.7369487089" "lglasso's bic is 11570.0314816509"
 [7] "lglasso's bic is 10433.9630350871" "lglasso's bic is 9669.20530234285"
 [9] "lglasso's bic is 9070.07589103922" "lglasso's bic is 8751.76537906972"
[11] "lglasso's bic is 8641.71923123442" "lglasso's bic is 8608.02540820604"
[13] "lglasso's bic is 8697.46545656829" "lglasso's bic is 8743.46190707996"
[15] "lglasso's bic is 8790.34451437974" "lglasso's bic is 8890.73517292329"
[17] "lglasso's bic is 8979.6719636384"  "lglasso's bic is 9178.17003710147"
[19] "lglasso's bic is 9253.40099020233" "lglasso's bic is 9341.40495063318"
[1] "The 35th simulation:"
[1] "two-community heter data are generated"
[1] "heter data are generated"
[1] "heter data are generated"
 [1] "lglasso's bic is 21880.6990973539" "lglasso's bic is 18763.5916761422"
 [3] "lglasso's bic is 16089.3570904597" "lglasso's bic is 13917.1340140694"
 [5] "lglasso's bic is 12252.3597203552" "lglasso's bic is 11055.0237258057"
 [7] "lglasso's bic is 10109.6205434363" "lglasso's bic is 9340.79314716385"
 [9] "lglasso's bic is 8722.13801236228" "lglasso's bic is 8398.67567369078"
[11] "lglasso's bic is 8172.29822336787" "lglasso's bic is 8036.72253772862"
[13] "lglasso's bic is 7963.57393382254" "lglasso's bic is 7978.48744006194"
[15] "lglasso's bic is 7990.24847109374" "lglasso's bic is 8020.6817793706" 
[17] "lglasso's bic is 8166.07464187033" "lglasso's bic is 8244.3967771876" 
[19] "lglasso's bic is 8312.50005310656" "lglasso's bic is 8388.06465746927"
[1] "The 36th simulation:"
[1] "two-community heter data are generated"
[1] "heter data are generated"
[1] "heter data are generated"
 [1] "lglasso's bic is 18876.6002098088" "lglasso's bic is 15329.525642725" 
 [3] "lglasso's bic is 13126.3876207194" "lglasso's bic is 11119.9412544626"
 [5] "lglasso's bic is 9994.31527059349" "lglasso's bic is 8691.51386009506"
 [7] "lglasso's bic is 7667.10999434768" "lglasso's bic is 6859.70039862017"
 [9] "lglasso's bic is 5906.03934915994" "lglasso's bic is 5882.02744270964"
[11] "lglasso's bic is 5639.50685953977" "lglasso's bic is 5530.73037697989"
[13] "lglasso's bic is 5460.42929502316" "lglasso's bic is 5450.67617004249"
[15] "lglasso's bic is 5470.80464200286" "lglasso's bic is 5552.01638516205"
[17] "lglasso's bic is 5603.71467621461" "lglasso's bic is 5669.76219793191"
[19] "lglasso's bic is 5727.86645562903" "lglasso's bic is 5796.29319508482"
[1] "The 37th simulation:"
[1] "two-community heter data are generated"
[1] "heter data are generated"
[1] "heter data are generated"
 [1] "lglasso's bic is 19195.1077373606" "lglasso's bic is 15354.1885716588"
 [3] "lglasso's bic is 12864.7028375489" "lglasso's bic is 10776.3714533155"
 [5] "lglasso's bic is 9121.73657756035" "lglasso's bic is 7959.01122886446"
 [7] "lglasso's bic is 7079.33208163002" "lglasso's bic is 6615.62438815835"
 [9] "lglasso's bic is 6165.78425420201" "lglasso's bic is 5818.25451420555"
[11] "lglasso's bic is 5599.37310318439" "lglasso's bic is 5601.36516745874"
[13] "lglasso's bic is 5630.7256489925"  "lglasso's bic is 5668.07009584521"
[15] "lglasso's bic is 5753.31311293671" "lglasso's bic is 5825.75500717747"
[17] "lglasso's bic is 5885.24190252269" "lglasso's bic is 6072.24170609061"
[19] "lglasso's bic is 6322.97502652869" "lglasso's bic is 6490.88369412482"
[1] "The 38th simulation:"
[1] "two-community heter data are generated"
[1] "heter data are generated"
[1] "heter data are generated"
 [1] "lglasso's bic is 18235.9211833427" "lglasso's bic is 14172.3873305492"
 [3] "lglasso's bic is 11484.6817136799" "lglasso's bic is 9417.43269268375"
 [5] "lglasso's bic is 8855.08391587709" "lglasso's bic is 7737.91716860486"
 [7] "lglasso's bic is 6880.03466986309" "lglasso's bic is 6196.27081615901"
 [9] "lglasso's bic is 5716.99206552517" "lglasso's bic is 5378.38517906403"
[11] "lglasso's bic is 5241.46807121215" "lglasso's bic is 5202.409085365"  
[13] "lglasso's bic is 5206.14444930724" "lglasso's bic is 5237.49456918262"
[15] "lglasso's bic is 5344.62749490403" "lglasso's bic is 5509.74702448939"
[17] "lglasso's bic is 5586.62118657069" "lglasso's bic is 5672.58804590842"
[19] "lglasso's bic is 5830.115442268"   "lglasso's bic is 5933.7044653879" 
[1] "The 39th simulation:"
[1] "two-community heter data are generated"
[1] "heter data are generated"
[1] "heter data are generated"
 [1] "lglasso's bic is 20175.671381467"  "lglasso's bic is 16686.7194964341"
 [3] "lglasso's bic is 13843.9873764801" "lglasso's bic is 11878.2247725703"
 [5] "lglasso's bic is 10322.0020376792" "lglasso's bic is 8948.14079081471"
 [7] "lglasso's bic is 7932.39221689262" "lglasso's bic is 7059.11538708371"
 [9] "lglasso's bic is 6564.39470787967" "lglasso's bic is 6295.56742014681"
[11] "lglasso's bic is 6065.25585721121" "lglasso's bic is 6016.30846369225"
[13] "lglasso's bic is 6057.44717158189" "lglasso's bic is 6182.82260605371"
[15] "lglasso's bic is 6211.99918063319" "lglasso's bic is 6258.38652961185"
[17] "lglasso's bic is 6467.24701283979" "lglasso's bic is 6550.9493632764" 
[19] "lglasso's bic is 6622.45877122361" "lglasso's bic is 6699.22494384167"
[1] "The 40th simulation:"
[1] "two-community heter data are generated"
[1] "heter data are generated"
[1] "heter data are generated"
 [1] "lglasso's bic is 18960.8307240964" "lglasso's bic is 15142.8589979096"
 [3] "lglasso's bic is 13068.8181576296" "lglasso's bic is 11072.562326766" 
 [5] "lglasso's bic is 9661.62637309867" "lglasso's bic is 8635.32912805491"
 [7] "lglasso's bic is 7902.1190105506"  "lglasso's bic is 7191.82813432993"
 [9] "lglasso's bic is 6715.79589023788" "lglasso's bic is 6466.56864130506"
[11] "lglasso's bic is 6260.01391471433" "lglasso's bic is 6237.36118761625"
[13] "lglasso's bic is 6232.7528961396"  "lglasso's bic is 6234.37105654453"
[15] "lglasso's bic is 6327.69558722495" "lglasso's bic is 6399.55515807072"
[17] "lglasso's bic is 6505.01602636166" "lglasso's bic is 6631.72554353166"
[19] "lglasso's bic is 6878.28870894736" "lglasso's bic is 7017.70287490006"
[1] "The 41th simulation:"
[1] "two-community heter data are generated"
[1] "heter data are generated"
[1] "heter data are generated"
 [1] "lglasso's bic is 21038.3154559964" "lglasso's bic is 17579.3352391919"
 [3] "lglasso's bic is 14735.7034344614" "lglasso's bic is 12421.2531731006"
 [5] "lglasso's bic is 10728.2846321905" "lglasso's bic is 9280.6164604692" 
 [7] "lglasso's bic is 8210.57404897661" "lglasso's bic is 7649.64593028422"
 [9] "lglasso's bic is 7296.08704629524" "lglasso's bic is 7050.80850972604"
[11] "lglasso's bic is 6925.98993691988" "lglasso's bic is 6869.90012267857"
[13] "lglasso's bic is 6805.57818039437" "lglasso's bic is 6834.44850351442"
[15] "lglasso's bic is 6871.40786487183" "lglasso's bic is 6943.32912858873"
[17] "lglasso's bic is 7027.73049136947" "lglasso's bic is 7082.03637233525"
[19] "lglasso's bic is 7148.78391494907" "lglasso's bic is 7222.13697753196"
[1] "The 42th simulation:"
[1] "two-community heter data are generated"
[1] "heter data are generated"
[1] "heter data are generated"
 [1] "lglasso's bic is 19591.3240938786" "lglasso's bic is 15976.3889348079"
 [3] "lglasso's bic is 13313.7821520551" "lglasso's bic is 11330.4619775193"
 [5] "lglasso's bic is 9790.38110126044" "lglasso's bic is 8390.13030946854"
 [7] "lglasso's bic is 7358.26032348529" "lglasso's bic is 6725.17607534363"
 [9] "lglasso's bic is 6277.53834380899" "lglasso's bic is 6168.06045201081"
[11] "lglasso's bic is 6002.18849712129" "lglasso's bic is 5997.16809926844"
[13] "lglasso's bic is 5998.16909015243" "lglasso's bic is 6036.4035327126" 
[15] "lglasso's bic is 6136.30155965222" "lglasso's bic is 6173.4284581164" 
[17] "lglasso's bic is 6257.59482034601" "lglasso's bic is 6426.60042623668"
[19] "lglasso's bic is 6514.01192718996" "lglasso's bic is 6607.34497716842"
[1] "The 43th simulation:"
[1] "two-community heter data are generated"
[1] "heter data are generated"
[1] "heter data are generated"
 [1] "lglasso's bic is 17738.1093108493" "lglasso's bic is 14096.1570994735"
 [3] "lglasso's bic is 11127.2621623565" "lglasso's bic is 8809.69844958585"
 [5] "lglasso's bic is 7085.70842864765" "lglasso's bic is 5748.58358274167"
 [7] "lglasso's bic is 4788.38450639788" "lglasso's bic is 4298.39164436708"
 [9] "lglasso's bic is 3842.70829505662" "lglasso's bic is 3667.41515690794"
[11] "lglasso's bic is 3588.57990980421" "lglasso's bic is 3544.93533273688"
[13] "lglasso's bic is 3586.3699891039"  "lglasso's bic is 3638.57544438884"
[15] "lglasso's bic is 3704.15809347107" "lglasso's bic is 3768.77180464221"
[17] "lglasso's bic is 3914.70919478663" "lglasso's bic is 3984.34080420665"
[19] "lglasso's bic is 4060.83681594141" "lglasso's bic is 4142.51199475763"
[1] "The 44th simulation:"
[1] "two-community heter data are generated"
[1] "heter data are generated"
[1] "heter data are generated"
 [1] "lglasso's bic is 20904.7735859228" "lglasso's bic is 17273.8867716945"
 [3] "lglasso's bic is 14502.94272851"   "lglasso's bic is 12260.5002794493"
 [5] "lglasso's bic is 10557.0635677239" "lglasso's bic is 9231.05850818959"
 [7] "lglasso's bic is 8324.64488738609" "lglasso's bic is 7668.99347520384"
 [9] "lglasso's bic is 7256.00019558152" "lglasso's bic is 7110.10549952361"
[11] "lglasso's bic is 6910.63750616406" "lglasso's bic is 6859.4797341504" 
[13] "lglasso's bic is 6835.65264111342" "lglasso's bic is 7088.40889775823"
[15] "lglasso's bic is 7159.172613002"   "lglasso's bic is 7202.56228644187"
[17] "lglasso's bic is 7262.94953089324" "lglasso's bic is 7386.54807804258"
[19] "lglasso's bic is 7646.98365428884" "lglasso's bic is 7708.99752039516"
[1] "The 45th simulation:"
[1] "two-community heter data are generated"
[1] "heter data are generated"
[1] "heter data are generated"
 [1] "lglasso's bic is 25078.5027110808" "lglasso's bic is 21549.1039936257"
 [3] "lglasso's bic is 19042.5203440952" "lglasso's bic is 17045.5117685783"
 [5] "lglasso's bic is 15281.4618536532" "lglasso's bic is 13923.9643253609"
 [7] "lglasso's bic is 13004.4154870614" "lglasso's bic is 12219.3736086003"
 [9] "lglasso's bic is 11768.9367375925" "lglasso's bic is 11431.7109409551"
[11] "lglasso's bic is 11313.5017738409" "lglasso's bic is 11338.3643227101"
[13] "lglasso's bic is 11322.3621854956" "lglasso's bic is 11326.200144832" 
[15] "lglasso's bic is 11392.8931354099" "lglasso's bic is 11485.6222592073"
[17] "lglasso's bic is 11612.0851574212" "lglasso's bic is 11684.6694982921"
[19] "lglasso's bic is 11792.5312800512" "lglasso's bic is 11863.8417879502"
[1] "The 46th simulation:"
[1] "two-community heter data are generated"
[1] "heter data are generated"
[1] "heter data are generated"
 [1] "lglasso's bic is 14156.6721286573" "lglasso's bic is 11039.3612673257"
 [3] "lglasso's bic is 8799.97049707111" "lglasso's bic is 7088.88997108871"
 [5] "lglasso's bic is 5631.62309228219" "lglasso's bic is 4206.72187843397"
 [7] "lglasso's bic is 3107.07059529217" "lglasso's bic is 2367.16086095788"
 [9] "lglasso's bic is 1763.69662217936" "lglasso's bic is 1745.96928479899"
[11] "lglasso's bic is 1378.71608190275" "lglasso's bic is 1104.51445751227"
[13] "lglasso's bic is 970.902169596952" "lglasso's bic is 923.390593534898"
[15] "lglasso's bic is 842.205973562155" "lglasso's bic is 819.983713195844"
[17] "lglasso's bic is 805.897525159032" "lglasso's bic is 764.396847385619"
[19] "lglasso's bic is 785.917693962661" "lglasso's bic is 776.438789528249"
[1] "The 47th simulation:"
[1] "two-community heter data are generated"
[1] "heter data are generated"
[1] "heter data are generated"
 [1] "lglasso's bic is 20066.5470123549" "lglasso's bic is 16850.9323224756"
 [3] "lglasso's bic is 14140.3360008498" "lglasso's bic is 12099.4137362386"
 [5] "lglasso's bic is 10553.4550150912" "lglasso's bic is 9370.90450692901"
 [7] "lglasso's bic is 8260.25522465844" "lglasso's bic is 7605.82920677986"
 [9] "lglasso's bic is 7115.44926256493" "lglasso's bic is 6774.87081031918"
[11] "lglasso's bic is 6533.39054462417" "lglasso's bic is 6444.25617913877"
[13] "lglasso's bic is 6396.3387724842"  "lglasso's bic is 6398.22598062459"
[15] "lglasso's bic is 6502.6464549707"  "lglasso's bic is 6539.98854473662"
[17] "lglasso's bic is 6579.59940920307" "lglasso's bic is 7052.3710521659" 
[19] "lglasso's bic is 7112.53127063578" "lglasso's bic is 7179.08872022733"
[1] "The 48th simulation:"
[1] "two-community heter data are generated"
[1] "heter data are generated"
[1] "heter data are generated"
 [1] "lglasso's bic is 20419.2701277215" "lglasso's bic is 16790.9542896606"
 [3] "lglasso's bic is 14095.6005840694" "lglasso's bic is 11691.031751425" 
 [5] "lglasso's bic is 10083.752220619"  "lglasso's bic is 8832.75567537998"
 [7] "lglasso's bic is 7886.87868857983" "lglasso's bic is 7282.00554841255"
 [9] "lglasso's bic is 6859.56913365772" "lglasso's bic is 6522.13165510785"
[11] "lglasso's bic is 6374.7859381438"  "lglasso's bic is 6576.73970902004"
[13] "lglasso's bic is 6512.40886346901" "lglasso's bic is 6574.25670208683"
[15] "lglasso's bic is 6618.47096945455" "lglasso's bic is 6686.25679310296"
[17] "lglasso's bic is 6834.66211720874" "lglasso's bic is 6910.41245834249"
[19] "lglasso's bic is 6979.64019402159" "lglasso's bic is 7069.44394622432"
[1] "The 49th simulation:"
[1] "two-community heter data are generated"
[1] "heter data are generated"
[1] "heter data are generated"
 [1] "lglasso's bic is 23164.8882521022" "lglasso's bic is 19905.6678582056"
 [3] "lglasso's bic is 17147.685133792"  "lglasso's bic is 15514.3171307767"
 [5] "lglasso's bic is 13908.2742434777" "lglasso's bic is 12481.8118107513"
 [7] "lglasso's bic is 11455.947259093"  "lglasso's bic is 10679.3972015798"
 [9] "lglasso's bic is 10131.695705744"  "lglasso's bic is 9737.07770894454"
[11] "lglasso's bic is 9494.19739819259" "lglasso's bic is 9386.48172016144"
[13] "lglasso's bic is 9293.7090350146"  "lglasso's bic is 9263.58881134422"
[15] "lglasso's bic is 9287.50196957434" "lglasso's bic is 9323.89018772622"
[17] "lglasso's bic is 9371.2052070559"  "lglasso's bic is 9433.62330975623"
[19] "lglasso's bic is 9502.25842799004" "lglasso's bic is 9728.54689838699"
[1] "The 50th simulation:"
[1] "two-community heter data are generated"
[1] "heter data are generated"
[1] "heter data are generated"
 [1] "lglasso's bic is 21672.9898848047" "lglasso's bic is 18148.040382807" 
 [3] "lglasso's bic is 15300.211291017"  "lglasso's bic is 13205.8588627428"
 [5] "lglasso's bic is 11480.439329457"  "lglasso's bic is 10393.9673993314"
 [7] "lglasso's bic is 9538.05892789793" "lglasso's bic is 9001.79443092243"
 [9] "lglasso's bic is 8650.94862405064" "lglasso's bic is 8471.1725597465" 
[11] "lglasso's bic is 8254.16823227259" "lglasso's bic is 8833.09515182649"
[13] "lglasso's bic is 8861.72238386557" "lglasso's bic is 9113.81393942766"
[15] "lglasso's bic is 9154.75705400401" "lglasso's bic is 9203.53219329909"
[17] "lglasso's bic is 9252.36819190553" "lglasso's bic is 9317.02717500055"
[19] "lglasso's bic is 9431.95840492253" "lglasso's bic is 9524.61712044078"
There were 50 or more warnings (use warnings() to see the first 50)
> save(simures,file="subject=20_time=20_uu2=0.1.Rd")
> q("no")
> proc.time()
     user    system   elapsed 
20810.568    82.501 23681.426 
