
R version 4.1.2 (2021-11-01) -- "Bird Hippie"
Copyright (C) 2021 The R Foundation for Statistical Computing
Platform: x86_64-pc-linux-gnu (64-bit)

R is free software and comes with ABSOLUTELY NO WARRANTY.
You are welcome to redistribute it under certain conditions.
Type 'license()' or 'licence()' for distribution details.

  Natural language support but running in an English locale

R is a collaborative project with many contributors.
Type 'contributors()' for more information and
'citation()' on how to cite R or R packages in publications.

Type 'demo()' for some demos, 'help()' for on-line help, or
'help.start()' for an HTML browser interface to help.
Type 'q()' to quit R.

> library("lglasso")
> library("glasso")
> library("BDgraph")
> library("GGMselect")
Loading required package: mvtnorm

Attaching package: 'mvtnorm'

The following object is masked from 'package:BDgraph':

    rmvnorm

> library("Matrix")
> m=40
> n=20
> uu2=0.3
> Nsim=50
> rho=vector("list",5)
> rho[[1]]=seq(0.001,0.3,length=20)
> rho[[2]]=seq(0.001,0.3,length=20)
> rho[[3]]=seq(0.001,0.3,length=20)
> rho[[4]]=seq(0.00001,0.1,length=10)
> rho[[5]]=seq(0.00001,0.1,length=10)
> set.seed(m+n+uu2)
> simures=power_compare1(m=m,n=n,p=80,coe=c(2,0,0),l=Nsim,rho=rho,prob=0.01,heter=T,community2=T,uu=c(0.1,uu2),zirate=c(0.2, 0.8))
[1] "The 1th simulation:"
[1] "two-community heter data are generated"
[1] "heter data are generated"
[1] "heter data are generated"
 [1] "lglasso's bic is 32865.0874441535" "lglasso's bic is 27312.3650809799"
 [3] "lglasso's bic is 23552.6760331778" "lglasso's bic is 20782.8249628591"
 [5] "lglasso's bic is 18981.4562994527" "lglasso's bic is 17824.2547088329"
 [7] "lglasso's bic is 17128.5790170345" "lglasso's bic is 16844.7949448424"
 [9] "lglasso's bic is 16628.9335261278" "lglasso's bic is 16580.8732406488"
[11] "lglasso's bic is 16672.0659753541" "lglasso's bic is 16798.4117062774"
[13] "lglasso's bic is 16932.8028633774" "lglasso's bic is 17148.1166787899"
[15] "lglasso's bic is 17289.4678385391" "lglasso's bic is 17638.5561889905"
[17] "lglasso's bic is 18078.2221671634" "lglasso's bic is 18408.8123123838"
[19] "lglasso's bic is 18525.1475799694" "lglasso's bic is 18670.5447449211"
[1] "The 2th simulation:"
[1] "two-community heter data are generated"
[1] "heter data are generated"
[1] "heter data are generated"
 [1] "lglasso's bic is 25823.5461100584" "lglasso's bic is 20303.200394797" 
 [3] "lglasso's bic is 16339.5323490114" "lglasso's bic is 13493.7760000508"
 [5] "lglasso's bic is 11939.5374755494" "lglasso's bic is 10818.954918009" 
 [7] "lglasso's bic is 10470.6656097465" "lglasso's bic is 10134.4843810514"
 [9] "lglasso's bic is 10055.9855456397" "lglasso's bic is 10141.5193445983"
[11] "lglasso's bic is 10236.3620241634" "lglasso's bic is 10518.0813893289"
[13] "lglasso's bic is 10731.5723464662" "lglasso's bic is 11181.2874668284"
[15] "lglasso's bic is 11488.2103694861" "lglasso's bic is 11693.0770451236"
[17] "lglasso's bic is 11931.0462506382" "lglasso's bic is 12160.3347078108"
[19] "lglasso's bic is 12451.7510908618" "lglasso's bic is 12787.1955043104"
[1] "The 3th simulation:"
[1] "two-community heter data are generated"
[1] "heter data are generated"
[1] "heter data are generated"
 [1] "lglasso's bic is 21522.924573347"  "lglasso's bic is 15746.761474986" 
 [3] "lglasso's bic is 12195.4318409069" "lglasso's bic is 9367.86913856678"
 [5] "lglasso's bic is 7910.13212465824" "lglasso's bic is 6874.11058659431"
 [7] "lglasso's bic is 6431.68249511691" "lglasso's bic is 6153.77701163326"
 [9] "lglasso's bic is 6200.19245752668" "lglasso's bic is 6355.04232600263"
[11] "lglasso's bic is 6474.38157877467" "lglasso's bic is 6660.10746132503"
[13] "lglasso's bic is 6852.9289134955"  "lglasso's bic is 7089.78376078686"
[15] "lglasso's bic is 7301.54964610365" "lglasso's bic is 7509.41018190723"
[17] "lglasso's bic is 7735.35429600484" "lglasso's bic is 7957.40625943409"
[19] "lglasso's bic is 8219.42257443069" "lglasso's bic is 9117.5635335318" 
[1] "The 4th simulation:"
[1] "two-community heter data are generated"
[1] "heter data are generated"
[1] "heter data are generated"
 [1] "lglasso's bic is 25602.5145248651" "lglasso's bic is 20027.6980059924"
 [3] "lglasso's bic is 16177.0374439735" "lglasso's bic is 13669.782905589" 
 [5] "lglasso's bic is 12116.2207730643" "lglasso's bic is 11029.5930192596"
 [7] "lglasso's bic is 10416.128035707"  "lglasso's bic is 10230.7384608578"
 [9] "lglasso's bic is 10133.2349852134" "lglasso's bic is 10278.8337617752"
[11] "lglasso's bic is 10439.0087304325" "lglasso's bic is 10692.6595194669"
[13] "lglasso's bic is 10947.9095747753" "lglasso's bic is 11532.4170392752"
[15] "lglasso's bic is 11784.6247946817" "lglasso's bic is 11989.9530368901"
[17] "lglasso's bic is 12184.8079220172" "lglasso's bic is 12474.4546574498"
[19] "lglasso's bic is 12708.1471546595" "lglasso's bic is 12962.5081382292"
[1] "The 5th simulation:"
[1] "two-community heter data are generated"
[1] "heter data are generated"
[1] "heter data are generated"
 [1] "lglasso's bic is 21183.1822469391" "lglasso's bic is 15473.8464337597"
 [3] "lglasso's bic is 11364.6739655774" "lglasso's bic is 8928.27258466982"
 [5] "lglasso's bic is 7704.50548649041" "lglasso's bic is 6726.03520287877"
 [7] "lglasso's bic is 6330.46887566326" "lglasso's bic is 6169.34471084069"
 [9] "lglasso's bic is 6362.55000987512" "lglasso's bic is 6586.22667830283"
[11] "lglasso's bic is 6799.1952428325"  "lglasso's bic is 7058.69599278159"
[13] "lglasso's bic is 7315.60817116009" "lglasso's bic is 7545.29101032254"
[15] "lglasso's bic is 7840.86392668171" "lglasso's bic is 8578.36428567584"
[17] "lglasso's bic is 8871.29442928365" "lglasso's bic is 9093.74878885021"
[19] "lglasso's bic is 9315.14011214574" "lglasso's bic is 9543.54945018312"
[1] "The 6th simulation:"
[1] "two-community heter data are generated"
[1] "heter data are generated"
[1] "heter data are generated"
 [1] "lglasso's bic is 27977.620228993"  "lglasso's bic is 22257.7284488341"
 [3] "lglasso's bic is 18891.0077795178" "lglasso's bic is 16323.1817710475"
 [5] "lglasso's bic is 14601.8259425676" "lglasso's bic is 13758.2435479755"
 [7] "lglasso's bic is 13188.5480036556" "lglasso's bic is 13084.5280743026"
 [9] "lglasso's bic is 13506.2040107901" "lglasso's bic is 13672.5615535529"
[11] "lglasso's bic is 13935.4878902464" "lglasso's bic is 14185.3260642825"
[13] "lglasso's bic is 14576.9360146458" "lglasso's bic is 14987.1248328897"
[15] "lglasso's bic is 15327.3786686781" "lglasso's bic is 15907.6158865739"
[17] "lglasso's bic is 16149.8749019303" "lglasso's bic is 16395.0264453698"
[19] "lglasso's bic is 16664.1141482091" "lglasso's bic is 16922.5928801804"
[1] "The 7th simulation:"
[1] "two-community heter data are generated"
[1] "heter data are generated"
[1] "heter data are generated"
 [1] "lglasso's bic is 25300.8823123145" "lglasso's bic is 19670.855661718" 
 [3] "lglasso's bic is 15711.5232965982" "lglasso's bic is 12940.4611323268"
 [5] "lglasso's bic is 10888.7741220911" "lglasso's bic is 9725.97565176525"
 [7] "lglasso's bic is 9218.7697642682"  "lglasso's bic is 8952.48100161191"
 [9] "lglasso's bic is 9058.5379649847"  "lglasso's bic is 9741.05888168214"
[11] "lglasso's bic is 9843.0140347017"  "lglasso's bic is 9922.50005528437"
[13] "lglasso's bic is 10045.5945520774" "lglasso's bic is 10167.582595751" 
[15] "lglasso's bic is 10336.5400595009" "lglasso's bic is 10483.2343001598"
[17] "lglasso's bic is 10634.5235478091" "lglasso's bic is 10797.7891745224"
[19] "lglasso's bic is 11025.2929110766" "lglasso's bic is 11165.6816696311"
[1] "The 8th simulation:"
[1] "two-community heter data are generated"
[1] "heter data are generated"
[1] "heter data are generated"
 [1] "lglasso's bic is 27999.5589556699" "lglasso's bic is 22545.858780382" 
 [3] "lglasso's bic is 18439.3504911109" "lglasso's bic is 16068.4502285835"
 [5] "lglasso's bic is 14115.942708883"  "lglasso's bic is 13097.5020434743"
 [7] "lglasso's bic is 12298.1183155423" "lglasso's bic is 11986.957104539" 
 [9] "lglasso's bic is 11911.5137395815" "lglasso's bic is 12021.8228275583"
[11] "lglasso's bic is 12312.0961184782" "lglasso's bic is 12381.7766173088"
[13] "lglasso's bic is 12659.7007850307" "lglasso's bic is 12768.4734658325"
[15] "lglasso's bic is 12881.3204510471" "lglasso's bic is 13081.8717059586"
[17] "lglasso's bic is 13303.2726875927" "lglasso's bic is 13428.6349510504"
[19] "lglasso's bic is 14001.280975438"  "lglasso's bic is 14161.5658710769"
[1] "The 9th simulation:"
[1] "two-community heter data are generated"
[1] "heter data are generated"
[1] "heter data are generated"
 [1] "lglasso's bic is 27788.3922831193" "lglasso's bic is 22407.1045859205"
 [3] "lglasso's bic is 18699.3172932999" "lglasso's bic is 16275.9044715636"
 [5] "lglasso's bic is 14527.2104813173" "lglasso's bic is 13515.4303951676"
 [7] "lglasso's bic is 12893.5914484591" "lglasso's bic is 12595.0941628381"
 [9] "lglasso's bic is 12619.4174797549" "lglasso's bic is 12663.048964441" 
[11] "lglasso's bic is 13200.4507190803" "lglasso's bic is 13365.6188179206"
[13] "lglasso's bic is 13601.7507171663" "lglasso's bic is 13991.1265718471"
[15] "lglasso's bic is 14201.1677552301" "lglasso's bic is 14424.9091197898"
[17] "lglasso's bic is 14720.5668758468" "lglasso's bic is 14933.1987131955"
[19] "lglasso's bic is 15163.5281673293" "lglasso's bic is 15373.3467003548"
[1] "The 10th simulation:"
[1] "two-community heter data are generated"
[1] "heter data are generated"
[1] "heter data are generated"
 [1] "lglasso's bic is 20253.4449745335" "lglasso's bic is 14488.2419649282"
 [3] "lglasso's bic is 10488.4477875242" "lglasso's bic is 7674.54561625668"
 [5] "lglasso's bic is 5952.9202871187"  "lglasso's bic is 5024.79716827737"
 [7] "lglasso's bic is 4466.78937280834" "lglasso's bic is 4229.42175792345"
 [9] "lglasso's bic is 4191.11560141212" "lglasso's bic is 4260.81140168471"
[11] "lglasso's bic is 4387.06488968252" "lglasso's bic is 4566.17499815798"
[13] "lglasso's bic is 4773.8946733349"  "lglasso's bic is 5056.07800166434"
[15] "lglasso's bic is 5268.02750950222" "lglasso's bic is 5507.03659056573"
[17] "lglasso's bic is 5718.88670700632" "lglasso's bic is 6002.30990015277"
[19] "lglasso's bic is 6212.02379281794" "lglasso's bic is 6760.0861426589" 
[1] "The 11th simulation:"
[1] "two-community heter data are generated"
[1] "heter data are generated"
[1] "heter data are generated"
 [1] "lglasso's bic is 24251.9124315687" "lglasso's bic is 18836.8206081514"
 [3] "lglasso's bic is 15216.2057420424" "lglasso's bic is 12563.7459649923"
 [5] "lglasso's bic is 10520.7428485781" "lglasso's bic is 9328.48711846786"
 [7] "lglasso's bic is 8919.71131887449" "lglasso's bic is 8611.85287655457"
 [9] "lglasso's bic is 8576.68168111898" "lglasso's bic is 8639.71246171026"
[11] "lglasso's bic is 8773.42775723724" "lglasso's bic is 9087.79506003226"
[13] "lglasso's bic is 9329.46158960038" "lglasso's bic is 9564.95213172583"
[15] "lglasso's bic is 9735.78029209161" "lglasso's bic is 10296.1652278852"
[17] "lglasso's bic is 10519.7561380336" "lglasso's bic is 10724.124335155" 
[19] "lglasso's bic is 11249.9587629816" "lglasso's bic is 11448.3065993265"
[1] "The 12th simulation:"
[1] "two-community heter data are generated"
[1] "heter data are generated"
[1] "heter data are generated"
 [1] "lglasso's bic is 26918.0588753397" "lglasso's bic is 21109.783514152" 
 [3] "lglasso's bic is 17165.668747146"  "lglasso's bic is 14748.568814507" 
 [5] "lglasso's bic is 12864.8556787391" "lglasso's bic is 11758.0874018132"
 [7] "lglasso's bic is 11175.4737522269" "lglasso's bic is 11098.1436637387"
 [9] "lglasso's bic is 11065.1254762905" "lglasso's bic is 11105.5966049539"
[11] "lglasso's bic is 11293.5228978864" "lglasso's bic is 11479.8264640573"
[13] "lglasso's bic is 11616.2968540141" "lglasso's bic is 11762.5546741115"
[15] "lglasso's bic is 11920.0001188422" "lglasso's bic is 12123.8303480995"
[17] "lglasso's bic is 12336.6141087069" "lglasso's bic is 12636.2315449036"
[19] "lglasso's bic is 12974.8909116372" "lglasso's bic is 13196.2258428527"
[1] "The 13th simulation:"
[1] "two-community heter data are generated"
[1] "heter data are generated"
[1] "heter data are generated"
 [1] "lglasso's bic is 32000.7328251895" "lglasso's bic is 26407.9747502007"
 [3] "lglasso's bic is 22581.1554412418" "lglasso's bic is 20063.2802442232"
 [5] "lglasso's bic is 18608.2770583216" "lglasso's bic is 17734.4623395273"
 [7] "lglasso's bic is 17181.2013625471" "lglasso's bic is 16961.3449628476"
 [9] "lglasso's bic is 17075.8644706011" "lglasso's bic is 17172.1066425636"
[11] "lglasso's bic is 17359.2689778765" "lglasso's bic is 17613.4051103075"
[13] "lglasso's bic is 17838.0320773172" "lglasso's bic is 18102.3894506917"
[15] "lglasso's bic is 18402.7358729041" "lglasso's bic is 18723.44320445"  
[17] "lglasso's bic is 18944.8357136324" "lglasso's bic is 19174.6619222804"
[19] "lglasso's bic is 19589.263749059"  "lglasso's bic is 19940.0436843001"
[1] "The 14th simulation:"
[1] "two-community heter data are generated"
[1] "heter data are generated"
[1] "heter data are generated"
 [1] "lglasso's bic is 31345.4841784512" "lglasso's bic is 26191.3377411651"
 [3] "lglasso's bic is 22427.1369280193" "lglasso's bic is 19705.1255697627"
 [5] "lglasso's bic is 17912.8886765971" "lglasso's bic is 16887.6421132657"
 [7] "lglasso's bic is 16164.738632466"  "lglasso's bic is 15809.0976516383"
 [9] "lglasso's bic is 15670.5784236192" "lglasso's bic is 15701.1378499818"
[11] "lglasso's bic is 15807.7204159116" "lglasso's bic is 15921.1508307698"
[13] "lglasso's bic is 16085.2487894176" "lglasso's bic is 16410.9987381614"
[15] "lglasso's bic is 16577.1151152901" "lglasso's bic is 16748.453523498" 
[17] "lglasso's bic is 16968.0349109239" "lglasso's bic is 17142.2863053703"
[19] "lglasso's bic is 17383.8190573169" "lglasso's bic is 17655.5891136111"
[1] "The 15th simulation:"
[1] "two-community heter data are generated"
[1] "heter data are generated"
[1] "heter data are generated"
 [1] "lglasso's bic is 25206.9812406907" "lglasso's bic is 19692.9118278425"
 [3] "lglasso's bic is 15769.4611319237" "lglasso's bic is 12890.9402402459"
 [5] "lglasso's bic is 11164.7988563591" "lglasso's bic is 10067.7360130781"
 [7] "lglasso's bic is 9453.85976704354" "lglasso's bic is 9235.169444707"  
 [9] "lglasso's bic is 9184.54168600292" "lglasso's bic is 9258.2979775688" 
[11] "lglasso's bic is 9413.3355079528"  "lglasso's bic is 9664.66974909524"
[13] "lglasso's bic is 9855.43770064127" "lglasso's bic is 10247.2291924077"
[15] "lglasso's bic is 10599.6094716407" "lglasso's bic is 10751.5089042522"
[17] "lglasso's bic is 11154.7907835407" "lglasso's bic is 11307.0281248342"
[19] "lglasso's bic is 11482.0886213422" "lglasso's bic is 11973.8253226467"
[1] "The 16th simulation:"
[1] "two-community heter data are generated"
[1] "heter data are generated"
[1] "heter data are generated"
 [1] "lglasso's bic is 23183.6906923843" "lglasso's bic is 17841.1958427679"
 [3] "lglasso's bic is 14060.9611226905" "lglasso's bic is 11125.1499573022"
 [5] "lglasso's bic is 9428.64117385436" "lglasso's bic is 8224.06383622334"
 [7] "lglasso's bic is 7657.62069370513" "lglasso's bic is 7345.70594664691"
 [9] "lglasso's bic is 7378.86281879193" "lglasso's bic is 7542.81394339222"
[11] "lglasso's bic is 7748.9573592573"  "lglasso's bic is 7913.21902212477"
[13] "lglasso's bic is 8126.64141680667" "lglasso's bic is 8340.1163134425" 
[15] "lglasso's bic is 8593.00561303088" "lglasso's bic is 8860.63295768314"
[17] "lglasso's bic is 9058.06082733261" "lglasso's bic is 9267.60285684185"
[19] "lglasso's bic is 9459.94438847302" "lglasso's bic is 10037.977997712" 
[1] "The 17th simulation:"
[1] "two-community heter data are generated"
[1] "heter data are generated"
[1] "heter data are generated"
 [1] "lglasso's bic is 27079.0668595651" "lglasso's bic is 21276.511483103" 
 [3] "lglasso's bic is 17202.8284018639" "lglasso's bic is 14574.5620758965"
 [5] "lglasso's bic is 13189.7124089721" "lglasso's bic is 11896.1389915992"
 [7] "lglasso's bic is 11478.9463066119" "lglasso's bic is 11243.9577754727"
 [9] "lglasso's bic is 11273.0962637365" "lglasso's bic is 11341.9245815439"
[11] "lglasso's bic is 11441.2820324319" "lglasso's bic is 11605.6263527424"
[13] "lglasso's bic is 11747.5877401653" "lglasso's bic is 12030.9537564754"
[15] "lglasso's bic is 12188.0586129211" "lglasso's bic is 12496.7073134055"
[17] "lglasso's bic is 12681.1852700109" "lglasso's bic is 13039.8545424803"
[19] "lglasso's bic is 13195.4946967393" "lglasso's bic is 13339.8675318165"
[1] "The 18th simulation:"
[1] "two-community heter data are generated"
[1] "heter data are generated"
[1] "heter data are generated"
 [1] "lglasso's bic is 29349.5039721592" "lglasso's bic is 24155.079255764" 
 [3] "lglasso's bic is 20595.3829221568" "lglasso's bic is 17952.1482253632"
 [5] "lglasso's bic is 16309.0660816342" "lglasso's bic is 15043.112348962" 
 [7] "lglasso's bic is 14452.9277590215" "lglasso's bic is 13995.5355239032"
 [9] "lglasso's bic is 13964.3798956186" "lglasso's bic is 14012.0462997999"
[11] "lglasso's bic is 14061.824339293"  "lglasso's bic is 14260.1388231433"
[13] "lglasso's bic is 14392.3902083269" "lglasso's bic is 14978.8228208153"
[15] "lglasso's bic is 15141.423156069"  "lglasso's bic is 15464.0231544258"
[17] "lglasso's bic is 15635.6781574569" "lglasso's bic is 15837.6548591395"
[19] "lglasso's bic is 16174.1954187964" "lglasso's bic is 16369.4021035498"
[1] "The 19th simulation:"
[1] "two-community heter data are generated"
[1] "heter data are generated"
[1] "heter data are generated"
 [1] "lglasso's bic is 30712.67674349"   "lglasso's bic is 25502.0613460772"
 [3] "lglasso's bic is 21670.330571871"  "lglasso's bic is 18777.394887038" 
 [5] "lglasso's bic is 16857.9944123509" "lglasso's bic is 15653.507192828" 
 [7] "lglasso's bic is 14949.68760583"   "lglasso's bic is 14664.9332364729"
 [9] "lglasso's bic is 14564.6531445319" "lglasso's bic is 14633.5211804047"
[11] "lglasso's bic is 14749.0840227654" "lglasso's bic is 15080.8968752746"
[13] "lglasso's bic is 15198.5412147289" "lglasso's bic is 15355.4268760078"
[15] "lglasso's bic is 15509.1632720473" "lglasso's bic is 15652.6670879574"
[17] "lglasso's bic is 15786.2814892582" "lglasso's bic is 15951.5465454882"
[19] "lglasso's bic is 16506.2846281105" "lglasso's bic is 16629.5515616485"
[1] "The 20th simulation:"
[1] "two-community heter data are generated"
[1] "heter data are generated"
[1] "heter data are generated"
 [1] "lglasso's bic is 26077.1493450273" "lglasso's bic is 20190.4514664692"
 [3] "lglasso's bic is 16247.9785919198" "lglasso's bic is 13750.9641905532"
 [5] "lglasso's bic is 12336.9929071135" "lglasso's bic is 11113.0116140105"
 [7] "lglasso's bic is 10586.9325417502" "lglasso's bic is 10334.7349990654"
 [9] "lglasso's bic is 10304.5946992524" "lglasso's bic is 10547.0640627058"
[11] "lglasso's bic is 10787.1400342137" "lglasso's bic is 11075.8563903059"
[13] "lglasso's bic is 11294.9235598062" "lglasso's bic is 11680.2287158225"
[15] "lglasso's bic is 11923.4107727644" "lglasso's bic is 12123.8765418043"
[17] "lglasso's bic is 12315.0552127701" "lglasso's bic is 12526.2802868935"
[19] "lglasso's bic is 13274.2184041968" "lglasso's bic is 13458.0202312408"
[1] "The 21th simulation:"
[1] "two-community heter data are generated"
[1] "heter data are generated"
[1] "heter data are generated"
 [1] "lglasso's bic is 21363.6552748327" "lglasso's bic is 16004.8489884406"
 [3] "lglasso's bic is 12757.2079535249" "lglasso's bic is 10347.891615171" 
 [5] "lglasso's bic is 9429.26639087326" "lglasso's bic is 8188.48510402704"
 [7] "lglasso's bic is 7478.6013783506"  "lglasso's bic is 7011.94857032498"
 [9] "lglasso's bic is 6784.28088939193" "lglasso's bic is 6724.00059532282"
[11] "lglasso's bic is 6779.08003097591" "lglasso's bic is 6896.73871942876"
[13] "lglasso's bic is 7047.53365106231" "lglasso's bic is 7180.26966500081"
[15] "lglasso's bic is 7352.54823316185" "lglasso's bic is 7711.16734651846"
[17] "lglasso's bic is 7917.91180854738" "lglasso's bic is 8103.61283869653"
[19] "lglasso's bic is 8445.78507366162" "lglasso's bic is 8676.18952806947"
[1] "The 22th simulation:"
[1] "two-community heter data are generated"
[1] "heter data are generated"
[1] "heter data are generated"
 [1] "lglasso's bic is 17357.4224466732" "lglasso's bic is 11308.7023482572"
 [3] "lglasso's bic is 7395.68870795018" "lglasso's bic is 4674.01938399982"
 [5] "lglasso's bic is 3038.24102825584" "lglasso's bic is 2011.26223973966"
 [7] "lglasso's bic is 1710.72439575372" "lglasso's bic is 1610.71193396942"
 [9] "lglasso's bic is 1834.42433324728" "lglasso's bic is 1948.66270960674"
[11] "lglasso's bic is 2315.39210558014" "lglasso's bic is 2627.33921547258"
[13] "lglasso's bic is 2867.75097781987" "lglasso's bic is 3074.87693515073"
[15] "lglasso's bic is 3285.97483286056" "lglasso's bic is 3580.32253352847"
[17] "lglasso's bic is 3929.77655945332" "lglasso's bic is 4129.96705309105"
[19] "lglasso's bic is 4343.27286283542" "lglasso's bic is 4790.20894134541"
[1] "The 23th simulation:"
[1] "two-community heter data are generated"
[1] "heter data are generated"
[1] "heter data are generated"
 [1] "lglasso's bic is 31474.3866446538" "lglasso's bic is 26178.2125764807"
 [3] "lglasso's bic is 22378.2336383161" "lglasso's bic is 19441.8396013976"
 [5] "lglasso's bic is 17583.6523598508" "lglasso's bic is 16430.2031434539"
 [7] "lglasso's bic is 15642.7851391696" "lglasso's bic is 15451.1536909014"
 [9] "lglasso's bic is 15555.1446462231" "lglasso's bic is 15572.2021580594"
[11] "lglasso's bic is 15684.8189270449" "lglasso's bic is 15945.0268090408"
[13] "lglasso's bic is 16235.8932067861" "lglasso's bic is 16448.5357787803"
[15] "lglasso's bic is 16657.6527438283" "lglasso's bic is 16805.2943985978"
[17] "lglasso's bic is 17041.1655242926" "lglasso's bic is 17193.8733172212"
[19] "lglasso's bic is 17585.5249349384" "lglasso's bic is 17768.9656550247"
[1] "The 24th simulation:"
[1] "two-community heter data are generated"
[1] "heter data are generated"
[1] "heter data are generated"
 [1] "lglasso's bic is 20791.3844614043" "lglasso's bic is 14875.6339015907"
 [3] "lglasso's bic is 10891.9638980952" "lglasso's bic is 8145.67267584941"
 [5] "lglasso's bic is 6562.2234148531"  "lglasso's bic is 5482.69628631083"
 [7] "lglasso's bic is 5032.49220386245" "lglasso's bic is 4855.31300615439"
 [9] "lglasso's bic is 4897.87540615231" "lglasso's bic is 5024.09180126885"
[11] "lglasso's bic is 5281.53923727293" "lglasso's bic is 5455.51296331123"
[13] "lglasso's bic is 5668.75452328002" "lglasso's bic is 5973.34161500159"
[15] "lglasso's bic is 6383.63184106473" "lglasso's bic is 6587.03936396035"
[17] "lglasso's bic is 7233.47961073765" "lglasso's bic is 7446.65176846673"
[19] "lglasso's bic is 7649.03295524586" "lglasso's bic is 7856.53650849583"
[1] "The 25th simulation:"
[1] "two-community heter data are generated"
[1] "heter data are generated"
[1] "heter data are generated"
 [1] "lglasso's bic is 25119.9206441895" "lglasso's bic is 19621.3786284352"
 [3] "lglasso's bic is 15682.3770181738" "lglasso's bic is 12975.2046156527"
 [5] "lglasso's bic is 11168.8530853926" "lglasso's bic is 10088.8556473617"
 [7] "lglasso's bic is 9586.34083530007" "lglasso's bic is 9310.97644221779"
 [9] "lglasso's bic is 9350.31619468659" "lglasso's bic is 9453.35773569355"
[11] "lglasso's bic is 9604.40674799368" "lglasso's bic is 9776.5885556193" 
[13] "lglasso's bic is 9970.76762153827" "lglasso's bic is 10204.0341689688"
[15] "lglasso's bic is 10410.0101399676" "lglasso's bic is 10732.7104394812"
[17] "lglasso's bic is 10981.4032528587" "lglasso's bic is 11241.5880936489"
[19] "lglasso's bic is 11442.0081253546" "lglasso's bic is 11662.5029812074"
[1] "The 26th simulation:"
[1] "two-community heter data are generated"
[1] "heter data are generated"
[1] "heter data are generated"
 [1] "lglasso's bic is 27304.5824623361" "lglasso's bic is 21716.3719761232"
 [3] "lglasso's bic is 17621.2338117651" "lglasso's bic is 15366.4653953162"
 [5] "lglasso's bic is 13498.4540264836" "lglasso's bic is 12428.3776308786"
 [7] "lglasso's bic is 11743.1902533534" "lglasso's bic is 11452.5986040913"
 [9] "lglasso's bic is 11354.8548728135" "lglasso's bic is 11439.7948321197"
[11] "lglasso's bic is 11642.8964757729" "lglasso's bic is 11782.6961140322"
[13] "lglasso's bic is 11998.5654228003" "lglasso's bic is 12178.1783381714"
[15] "lglasso's bic is 12467.8212791038" "lglasso's bic is 12681.0174660956"
[17] "lglasso's bic is 12901.1340526886" "lglasso's bic is 13142.9342966537"
[19] "lglasso's bic is 13426.5361357315" "lglasso's bic is 13634.7636210023"
[1] "The 27th simulation:"
[1] "two-community heter data are generated"
[1] "heter data are generated"
[1] "heter data are generated"
 [1] "lglasso's bic is 32409.6513294298" "lglasso's bic is 27033.3257714928"
 [3] "lglasso's bic is 23265.1345724587" "lglasso's bic is 20515.1147093924"
 [5] "lglasso's bic is 18456.9729049046" "lglasso's bic is 17158.2878178978"
 [7] "lglasso's bic is 16536.5685130242" "lglasso's bic is 16148.186897448" 
 [9] "lglasso's bic is 16150.1284420409" "lglasso's bic is 16188.1621929699"
[11] "lglasso's bic is 16240.2461243797" "lglasso's bic is 16384.5073613729"
[13] "lglasso's bic is 16525.0251542915" "lglasso's bic is 16827.0833188434"
[15] "lglasso's bic is 16996.3412004968" "lglasso's bic is 17150.6473683396"
[17] "lglasso's bic is 17289.9184944237" "lglasso's bic is 17549.3958224767"
[19] "lglasso's bic is 17895.1725186517" "lglasso's bic is 18037.8144205033"
[1] "The 28th simulation:"
[1] "two-community heter data are generated"
[1] "heter data are generated"
[1] "heter data are generated"
 [1] "lglasso's bic is 27570.273163244"  "lglasso's bic is 22214.9973869681"
 [3] "lglasso's bic is 18014.6481955733" "lglasso's bic is 15331.2346814151"
 [5] "lglasso's bic is 13264.1068419101" "lglasso's bic is 12143.0403639275"
 [7] "lglasso's bic is 11699.7044343519" "lglasso's bic is 11509.8254099599"
 [9] "lglasso's bic is 11529.5179571722" "lglasso's bic is 11593.6214447979"
[11] "lglasso's bic is 11826.7755403791" "lglasso's bic is 12043.4846767954"
[13] "lglasso's bic is 12323.8390606626" "lglasso's bic is 12483.7886651931"
[15] "lglasso's bic is 12644.1081252585" "lglasso's bic is 12936.1512771167"
[17] "lglasso's bic is 13254.1853911144" "lglasso's bic is 13451.1395723597"
[19] "lglasso's bic is 13650.0239613692" "lglasso's bic is 13813.0389281357"
[1] "The 29th simulation:"
[1] "two-community heter data are generated"
[1] "heter data are generated"
[1] "heter data are generated"
 [1] "lglasso's bic is 20133.1504692387" "lglasso's bic is 14683.6800589679"
 [3] "lglasso's bic is 11036.0137067395" "lglasso's bic is 8382.29401429207"
 [5] "lglasso's bic is 6646.4130532686"  "lglasso's bic is 5618.88958214632"
 [7] "lglasso's bic is 4970.46529083265" "lglasso's bic is 4760.07468039537"
 [9] "lglasso's bic is 4731.27375407757" "lglasso's bic is 4838.08156696616"
[11] "lglasso's bic is 5121.95668364653" "lglasso's bic is 5312.41468540811"
[13] "lglasso's bic is 5752.9256843734"  "lglasso's bic is 5927.55426042744"
[15] "lglasso's bic is 6339.04492026009" "lglasso's bic is 6754.934708639"  
[17] "lglasso's bic is 7000.75922726085" "lglasso's bic is 7295.86912435095"
[19] "lglasso's bic is 7590.68640589021" "lglasso's bic is 7889.41183394714"
[1] "The 30th simulation:"
[1] "two-community heter data are generated"
[1] "heter data are generated"
[1] "heter data are generated"
 [1] "lglasso's bic is 29265.0425368468" "lglasso's bic is 24171.199973"    
 [3] "lglasso's bic is 20166.5550323032" "lglasso's bic is 17195.290799322" 
 [5] "lglasso's bic is 15407.9463113072" "lglasso's bic is 14667.5714033591"
 [7] "lglasso's bic is 13924.8327798833" "lglasso's bic is 13592.6645343816"
 [9] "lglasso's bic is 13490.7483030907" "lglasso's bic is 13572.9509345969"
[11] "lglasso's bic is 13589.2138708003" "lglasso's bic is 13704.9362942876"
[13] "lglasso's bic is 13818.6711039635" "lglasso's bic is 13996.4693558214"
[15] "lglasso's bic is 14157.1691918456" "lglasso's bic is 14292.4830678723"
[17] "lglasso's bic is 14438.4285664263" "lglasso's bic is 14655.1708508389"
[19] "lglasso's bic is 14806.8916813548" "lglasso's bic is 14957.298644257" 
[1] "The 31th simulation:"
[1] "two-community heter data are generated"
[1] "heter data are generated"
[1] "heter data are generated"
 [1] "lglasso's bic is 29232.0215415638" "lglasso's bic is 23691.1205409076"
 [3] "lglasso's bic is 19659.8908204984" "lglasso's bic is 17137.4116728555"
 [5] "lglasso's bic is 15327.0532646866" "lglasso's bic is 14232.750292326" 
 [7] "lglasso's bic is 13732.1879217902" "lglasso's bic is 13567.154499147" 
 [9] "lglasso's bic is 13640.8723772776" "lglasso's bic is 13664.7470661037"
[11] "lglasso's bic is 13799.2144899435" "lglasso's bic is 13946.1874201768"
[13] "lglasso's bic is 14100.7456235079" "lglasso's bic is 14280.1716353714"
[15] "lglasso's bic is 14643.0120449785" "lglasso's bic is 14801.5158502287"
[17] "lglasso's bic is 14998.1342817335" "lglasso's bic is 15211.5235916057"
[19] "lglasso's bic is 15378.7048917406" "lglasso's bic is 15579.312296996" 
[1] "The 32th simulation:"
[1] "two-community heter data are generated"
[1] "heter data are generated"
[1] "heter data are generated"
 [1] "lglasso's bic is 27917.5624244292" "lglasso's bic is 22674.3316704889"
 [3] "lglasso's bic is 18496.4287857131" "lglasso's bic is 15798.9265066657"
 [5] "lglasso's bic is 14137.5997017418" "lglasso's bic is 13075.0199790785"
 [7] "lglasso's bic is 12473.821248355"  "lglasso's bic is 12263.6089242112"
 [9] "lglasso's bic is 12115.8095259104" "lglasso's bic is 12196.1092206048"
[11] "lglasso's bic is 12345.5965926209" "lglasso's bic is 12498.0599711796"
[13] "lglasso's bic is 12682.7383130208" "lglasso's bic is 12869.3310821568"
[15] "lglasso's bic is 13155.9565673457" "lglasso's bic is 13556.9390086603"
[17] "lglasso's bic is 13806.2069615742" "lglasso's bic is 13984.2663003698"
[19] "lglasso's bic is 14163.2861136483" "lglasso's bic is 14335.0455749706"
[1] "The 33th simulation:"
[1] "two-community heter data are generated"
[1] "heter data are generated"
[1] "heter data are generated"
 [1] "lglasso's bic is 23527.9785115204" "lglasso's bic is 17742.1602207368"
 [3] "lglasso's bic is 14125.4304320864" "lglasso's bic is 11534.6532191652"
 [5] "lglasso's bic is 10113.005684504"  "lglasso's bic is 9229.7037227503" 
 [7] "lglasso's bic is 8687.37660666187" "lglasso's bic is 8591.19930311282"
 [9] "lglasso's bic is 8584.18000832429" "lglasso's bic is 8990.31126594285"
[11] "lglasso's bic is 9194.53955186868" "lglasso's bic is 9407.04749029532"
[13] "lglasso's bic is 9636.91434676713" "lglasso's bic is 9998.66258386736"
[15] "lglasso's bic is 10222.5885704536" "lglasso's bic is 10668.7225643653"
[17] "lglasso's bic is 10930.7190101416" "lglasso's bic is 11172.8160646994"
[19] "lglasso's bic is 11462.9754682819" "lglasso's bic is 11761.5390301922"
[1] "The 34th simulation:"
[1] "two-community heter data are generated"
[1] "heter data are generated"
[1] "heter data are generated"
 [1] "lglasso's bic is 19682.504697463"  "lglasso's bic is 14205.4823274783"
 [3] "lglasso's bic is 10191.853033139"  "lglasso's bic is 7372.91659968002"
 [5] "lglasso's bic is 5779.18923747641" "lglasso's bic is 4702.0286862347" 
 [7] "lglasso's bic is 4422.20521330376" "lglasso's bic is 4271.77229881547"
 [9] "lglasso's bic is 4221.48513724676" "lglasso's bic is 4282.51272470176"
[11] "lglasso's bic is 4446.40400975033" "lglasso's bic is 4594.21958319809"
[13] "lglasso's bic is 4758.25752177658" "lglasso's bic is 4956.69462848926"
[15] "lglasso's bic is 5190.82914419948" "lglasso's bic is 5394.82392059121"
[17] "lglasso's bic is 5585.55200283573" "lglasso's bic is 5943.44234511401"
[19] "lglasso's bic is 6136.37545750571" "lglasso's bic is 7234.68713053411"
[1] "The 35th simulation:"
[1] "two-community heter data are generated"
[1] "heter data are generated"
[1] "heter data are generated"
 [1] "lglasso's bic is 28796.0491305368" "lglasso's bic is 23315.6747356136"
 [3] "lglasso's bic is 19480.8705703127" "lglasso's bic is 16819.2792752604"
 [5] "lglasso's bic is 14835.0853538588" "lglasso's bic is 13611.7392280097"
 [7] "lglasso's bic is 13073.8043648129" "lglasso's bic is 12926.3971981505"
 [9] "lglasso's bic is 12867.4454794794" "lglasso's bic is 13082.7978864077"
[11] "lglasso's bic is 13190.013296893"  "lglasso's bic is 13331.7385586448"
[13] "lglasso's bic is 13598.3143957087" "lglasso's bic is 13770.8329349851"
[15] "lglasso's bic is 13932.6609405976" "lglasso's bic is 14320.985269579" 
[17] "lglasso's bic is 14492.7414095719" "lglasso's bic is 14665.0866273422"
[19] "lglasso's bic is 14958.5462286056" "lglasso's bic is 15194.8223029753"
[1] "The 36th simulation:"
[1] "two-community heter data are generated"
[1] "heter data are generated"
[1] "heter data are generated"
 [1] "lglasso's bic is 20829.0124825912" "lglasso's bic is 14867.5025523649"
 [3] "lglasso's bic is 11268.828514306"  "lglasso's bic is 8536.63059047062"
 [5] "lglasso's bic is 6861.61798828798" "lglasso's bic is 5958.85674833167"
 [7] "lglasso's bic is 5479.11934080739" "lglasso's bic is 5378.05470883517"
 [9] "lglasso's bic is 5451.61347786768" "lglasso's bic is 5605.94670128019"
[11] "lglasso's bic is 5814.83158466065" "lglasso's bic is 6039.70689652842"
[13] "lglasso's bic is 6620.7024769611"  "lglasso's bic is 6900.84079283694"
[15] "lglasso's bic is 7117.92472147763" "lglasso's bic is 7535.24089432139"
[17] "lglasso's bic is 7772.80537456078" "lglasso's bic is 7997.28542823882"
[19] "lglasso's bic is 8296.43480250429" "lglasso's bic is 8525.22855642128"
[1] "The 37th simulation:"
[1] "two-community heter data are generated"
[1] "heter data are generated"
[1] "heter data are generated"
 [1] "lglasso's bic is 21058.1145018562" "lglasso's bic is 15824.1189035357"
 [3] "lglasso's bic is 12137.966752525"  "lglasso's bic is 9182.10235369204"
 [5] "lglasso's bic is 7379.21629650645" "lglasso's bic is 6025.0140479431" 
 [7] "lglasso's bic is 5498.69520420635" "lglasso's bic is 5179.22383545634"
 [9] "lglasso's bic is 5052.5106371589"  "lglasso's bic is 5285.29987746288"
[11] "lglasso's bic is 5322.52824907742" "lglasso's bic is 5455.71070851252"
[13] "lglasso's bic is 5631.07447795498" "lglasso's bic is 5775.47480747334"
[15] "lglasso's bic is 6103.69824457592" "lglasso's bic is 6231.13801493547"
[17] "lglasso's bic is 6479.10592811512" "lglasso's bic is 6620.20479179519"
[19] "lglasso's bic is 6883.38193865642" "lglasso's bic is 7347.58262004412"
[1] "The 38th simulation:"
[1] "two-community heter data are generated"
[1] "heter data are generated"
[1] "heter data are generated"
 [1] "lglasso's bic is 29034.6450065832" "lglasso's bic is 23567.7702909959"
 [3] "lglasso's bic is 19634.7851177956" "lglasso's bic is 16922.9130061147"
 [5] "lglasso's bic is 15065.6042956079" "lglasso's bic is 13778.1366922939"
 [7] "lglasso's bic is 13152.3455458633" "lglasso's bic is 12957.809180427" 
 [9] "lglasso's bic is 12832.159972884"  "lglasso's bic is 12945.3937930523"
[11] "lglasso's bic is 13008.1620985605" "lglasso's bic is 13100.1701892117"
[13] "lglasso's bic is 13231.7650871162" "lglasso's bic is 13359.9641027291"
[15] "lglasso's bic is 13641.5496615892" "lglasso's bic is 13771.0319296304"
[17] "lglasso's bic is 13953.2852198433" "lglasso's bic is 14080.3201349083"
[19] "lglasso's bic is 14261.5872543183" "lglasso's bic is 14418.9475428868"
[1] "The 39th simulation:"
[1] "two-community heter data are generated"
[1] "heter data are generated"
[1] "heter data are generated"
 [1] "lglasso's bic is 23222.7198886595" "lglasso's bic is 17644.6782787919"
 [3] "lglasso's bic is 13930.5183355274" "lglasso's bic is 11067.1238718054"
 [5] "lglasso's bic is 9394.8077877132"  "lglasso's bic is 8684.59689813023"
 [7] "lglasso's bic is 8112.45573792477" "lglasso's bic is 7945.82558228602"
 [9] "lglasso's bic is 7963.54531322589" "lglasso's bic is 8397.75968997518"
[11] "lglasso's bic is 8618.03220072477" "lglasso's bic is 8780.50301345978"
[13] "lglasso's bic is 9093.84661647226" "lglasso's bic is 9286.79034053428"
[15] "lglasso's bic is 9521.5900913886"  "lglasso's bic is 9712.30165976663"
[17] "lglasso's bic is 9977.30280320487" "lglasso's bic is 10177.9029095497"
[19] "lglasso's bic is 10440.378670963"  "lglasso's bic is 10675.4185602571"
[1] "The 40th simulation:"
[1] "two-community heter data are generated"
[1] "heter data are generated"
[1] "heter data are generated"
 [1] "lglasso's bic is 27802.6130605074" "lglasso's bic is 22654.9752173359"
 [3] "lglasso's bic is 18627.384511989"  "lglasso's bic is 15718.9277121818"
 [5] "lglasso's bic is 13980.1852385338" "lglasso's bic is 12805.4261960951"
 [7] "lglasso's bic is 12282.3344768397" "lglasso's bic is 11933.8415369688"
 [9] "lglasso's bic is 11734.5860727202" "lglasso's bic is 11802.8654993759"
[11] "lglasso's bic is 11958.9562954208" "lglasso's bic is 12388.4070514285"
[13] "lglasso's bic is 12673.0739953215" "lglasso's bic is 12804.9229547512"
[15] "lglasso's bic is 12930.0010771037" "lglasso's bic is 13070.7996469545"
[17] "lglasso's bic is 13263.5881571953" "lglasso's bic is 13410.8468638537"
[19] "lglasso's bic is 13627.6651667142" "lglasso's bic is 13810.3799195817"
[1] "The 41th simulation:"
[1] "two-community heter data are generated"
[1] "heter data are generated"
[1] "heter data are generated"
 [1] "lglasso's bic is 23414.4205280666" "lglasso's bic is 18036.9639423319"
 [3] "lglasso's bic is 14325.7283564658" "lglasso's bic is 11366.2632698962"
 [5] "lglasso's bic is 9643.99883600022" "lglasso's bic is 8744.55085345466"
 [7] "lglasso's bic is 8123.40331069744" "lglasso's bic is 7910.29031317915"
 [9] "lglasso's bic is 7880.97818002517" "lglasso's bic is 8074.00200615771"
[11] "lglasso's bic is 8197.02426892264" "lglasso's bic is 8384.91077456967"
[13] "lglasso's bic is 8739.92701362428" "lglasso's bic is 9057.75391979327"
[15] "lglasso's bic is 9381.31664412546" "lglasso's bic is 10193.4801191697"
[17] "lglasso's bic is 10387.9367086648" "lglasso's bic is 10698.2413146426"
[19] "lglasso's bic is 10895.5472136664" "lglasso's bic is 11284.38994296"  
[1] "The 42th simulation:"
[1] "two-community heter data are generated"
[1] "heter data are generated"
[1] "heter data are generated"
 [1] "lglasso's bic is 27646.8584430533" "lglasso's bic is 22486.7383596718"
 [3] "lglasso's bic is 18465.5459196148" "lglasso's bic is 15765.5376129912"
 [5] "lglasso's bic is 13829.7089367371" "lglasso's bic is 12848.5800582914"
 [7] "lglasso's bic is 12163.0036045994" "lglasso's bic is 12028.6926624156"
 [9] "lglasso's bic is 11931.0435303635" "lglasso's bic is 12039.8231590283"
[11] "lglasso's bic is 12138.2366596264" "lglasso's bic is 12294.9869207317"
[13] "lglasso's bic is 12865.2981233055" "lglasso's bic is 13009.9276178987"
[15] "lglasso's bic is 13175.8222680977" "lglasso's bic is 13385.949114001" 
[17] "lglasso's bic is 13551.6876006723" "lglasso's bic is 13871.1478424217"
[19] "lglasso's bic is 14099.8377619022" "lglasso's bic is 14339.6811362416"
[1] "The 43th simulation:"
[1] "two-community heter data are generated"
[1] "heter data are generated"
[1] "heter data are generated"
 [1] "lglasso's bic is 23270.650218429"  "lglasso's bic is 17761.862353164" 
 [3] "lglasso's bic is 13742.0919786208" "lglasso's bic is 11130.7858900286"
 [5] "lglasso's bic is 9147.94090232537" "lglasso's bic is 8194.33083253161"
 [7] "lglasso's bic is 7930.02333815391" "lglasso's bic is 7935.92020488898"
 [9] "lglasso's bic is 7854.8305148169"  "lglasso's bic is 8051.5011362479" 
[11] "lglasso's bic is 8176.63807293972" "lglasso's bic is 8323.95036174025"
[13] "lglasso's bic is 8449.66315609293" "lglasso's bic is 8600.31483592554"
[15] "lglasso's bic is 8959.22458543361" "lglasso's bic is 9384.10491132514"
[17] "lglasso's bic is 9558.29158845651" "lglasso's bic is 9813.30922271353"
[19] "lglasso's bic is 10273.2813211046" "lglasso's bic is 10558.1400825206"
[1] "The 44th simulation:"
[1] "two-community heter data are generated"
[1] "heter data are generated"
[1] "heter data are generated"
 [1] "lglasso's bic is 25026.3556837319" "lglasso's bic is 19315.7367922381"
 [3] "lglasso's bic is 15413.769073357"  "lglasso's bic is 13084.7338052623"
 [5] "lglasso's bic is 10939.568870896"  "lglasso's bic is 9869.85751870501"
 [7] "lglasso's bic is 9116.99267139181" "lglasso's bic is 8941.51631707939"
 [9] "lglasso's bic is 8868.31646297257" "lglasso's bic is 8924.7067332095" 
[11] "lglasso's bic is 9065.1649207838"  "lglasso's bic is 9258.42924090849"
[13] "lglasso's bic is 9651.53088333633" "lglasso's bic is 9807.38256087046"
[15] "lglasso's bic is 9948.98470988929" "lglasso's bic is 10111.3519592874"
[17] "lglasso's bic is 10267.7313125292" "lglasso's bic is 10420.386282133" 
[19] "lglasso's bic is 10581.1801843865" "lglasso's bic is 10769.3281045893"
[1] "The 45th simulation:"
[1] "two-community heter data are generated"
[1] "heter data are generated"
[1] "heter data are generated"
 [1] "lglasso's bic is 29881.1507575853" "lglasso's bic is 24658.4353635694"
 [3] "lglasso's bic is 20722.2600361542" "lglasso's bic is 17704.5050066565"
 [5] "lglasso's bic is 15823.7592482052" "lglasso's bic is 14561.1979677798"
 [7] "lglasso's bic is 13874.4447876019" "lglasso's bic is 13614.9311678885"
 [9] "lglasso's bic is 13545.6034016519" "lglasso's bic is 13584.6141695688"
[11] "lglasso's bic is 13726.0689660163" "lglasso's bic is 13829.3004661925"
[13] "lglasso's bic is 14031.4506449526" "lglasso's bic is 14194.177490134" 
[15] "lglasso's bic is 14377.9468713996" "lglasso's bic is 14539.4405772862"
[17] "lglasso's bic is 14707.9192314118" "lglasso's bic is 14925.7510364395"
[19] "lglasso's bic is 15478.1322612004" "lglasso's bic is 15680.6449493992"
[1] "The 46th simulation:"
[1] "two-community heter data are generated"
[1] "heter data are generated"
[1] "heter data are generated"
 [1] "lglasso's bic is 27078.7194232824" "lglasso's bic is 21218.758067448" 
 [3] "lglasso's bic is 17285.5796052831" "lglasso's bic is 14638.264330327" 
 [5] "lglasso's bic is 13059.0075447013" "lglasso's bic is 11923.1511277621"
 [7] "lglasso's bic is 11359.4657147603" "lglasso's bic is 11178.1770541494"
 [9] "lglasso's bic is 11168.130156686"  "lglasso's bic is 11190.2197904486"
[11] "lglasso's bic is 11277.6885105868" "lglasso's bic is 11600.5449194758"
[13] "lglasso's bic is 11771.6354390627" "lglasso's bic is 12039.4654980043"
[15] "lglasso's bic is 12217.6540845993" "lglasso's bic is 12357.1729940809"
[17] "lglasso's bic is 12511.123377365"  "lglasso's bic is 12668.2326836548"
[19] "lglasso's bic is 12837.52213801"   "lglasso's bic is 13042.0182796206"
[1] "The 47th simulation:"
[1] "two-community heter data are generated"
[1] "heter data are generated"
[1] "heter data are generated"
 [1] "lglasso's bic is 19129.7324614385" "lglasso's bic is 13143.8146872156"
 [3] "lglasso's bic is 9081.63326710766" "lglasso's bic is 6526.9368305143" 
 [5] "lglasso's bic is 4762.18110095555" "lglasso's bic is 3933.2285561905" 
 [7] "lglasso's bic is 3556.30187971671" "lglasso's bic is 3329.99654351851"
 [9] "lglasso's bic is 3340.902876241"   "lglasso's bic is 3467.78305165246"
[11] "lglasso's bic is 3782.07171812368" "lglasso's bic is 4033.91058701161"
[13] "lglasso's bic is 4238.40574003075" "lglasso's bic is 4440.840960706"  
[15] "lglasso's bic is 5150.86608412515" "lglasso's bic is 5354.21578359572"
[17] "lglasso's bic is 5593.07603313488" "lglasso's bic is 5792.47917009348"
[19] "lglasso's bic is 6001.49903950552" "lglasso's bic is 6208.85631366304"
[1] "The 48th simulation:"
[1] "two-community heter data are generated"
[1] "heter data are generated"
[1] "heter data are generated"
 [1] "lglasso's bic is 25592.9479211597" "lglasso's bic is 20035.1121056339"
 [3] "lglasso's bic is 16204.133884541"  "lglasso's bic is 13377.5899414114"
 [5] "lglasso's bic is 11597.5701400819" "lglasso's bic is 10652.9574313459"
 [7] "lglasso's bic is 10018.8487586272" "lglasso's bic is 9786.92157467475"
 [9] "lglasso's bic is 9868.66674332329" "lglasso's bic is 10086.7662936955"
[11] "lglasso's bic is 10469.1423642666" "lglasso's bic is 10761.6994592088"
[13] "lglasso's bic is 11207.1873187548" "lglasso's bic is 11406.6671585622"
[15] "lglasso's bic is 12117.1476301595" "lglasso's bic is 12356.5209381892"
[17] "lglasso's bic is 12603.3389068216" "lglasso's bic is 12825.7271799004"
[19] "lglasso's bic is 13023.2165531596" "lglasso's bic is 13379.5147633663"
[1] "The 49th simulation:"
[1] "two-community heter data are generated"
[1] "heter data are generated"
[1] "heter data are generated"
 [1] "lglasso's bic is 34565.5995960936" "lglasso's bic is 29562.6316663003"
 [3] "lglasso's bic is 25437.958161153"  "lglasso's bic is 22641.8534694132"
 [5] "lglasso's bic is 20806.5252295437" "lglasso's bic is 19425.9748207159"
 [7] "lglasso's bic is 18935.4013815482" "lglasso's bic is 18611.917034251" 
 [9] "lglasso's bic is 18444.0641164609" "lglasso's bic is 18585.537300259" 
[11] "lglasso's bic is 18625.7505195862" "lglasso's bic is 18709.7736632198"
[13] "lglasso's bic is 18857.9465284816" "lglasso's bic is 19037.7850244328"
[15] "lglasso's bic is 19169.0910612921" "lglasso's bic is 19307.7895033271"
[17] "lglasso's bic is 19488.8833870512" "lglasso's bic is 19617.9968326516"
[19] "lglasso's bic is 19846.2262742528" "lglasso's bic is 19979.0067306605"
[1] "The 50th simulation:"
[1] "two-community heter data are generated"
[1] "heter data are generated"
[1] "heter data are generated"
 [1] "lglasso's bic is 19325.2776931049" "lglasso's bic is 13397.6652593391"
 [3] "lglasso's bic is 9460.59887583169" "lglasso's bic is 6694.18181246453"
 [5] "lglasso's bic is 4968.58430116645" "lglasso's bic is 4057.44510651695"
 [7] "lglasso's bic is 3680.58084102322" "lglasso's bic is 3742.3858964978" 
 [9] "lglasso's bic is 3838.89391518344" "lglasso's bic is 3954.37117466767"
[11] "lglasso's bic is 4269.70646164501" "lglasso's bic is 4462.58285180133"
[13] "lglasso's bic is 4652.04440160871" "lglasso's bic is 4856.89965015593"
[15] "lglasso's bic is 5065.73595364406" "lglasso's bic is 5353.94256933712"
[17] "lglasso's bic is 6036.15913132153" "lglasso's bic is 6238.2387131992" 
[19] "lglasso's bic is 6442.84116145745" "lglasso's bic is 6672.11846064112"
There were 50 or more warnings (use warnings() to see the first 50)
> save(simures,file="subject=40_time=20_uu2=0.3.Rd")
> q("no")
> proc.time()
    user   system  elapsed 
45904.88   192.29 50919.23 
