
R version 4.1.2 (2021-11-01) -- "Bird Hippie"
Copyright (C) 2021 The R Foundation for Statistical Computing
Platform: x86_64-pc-linux-gnu (64-bit)

R is free software and comes with ABSOLUTELY NO WARRANTY.
You are welcome to redistribute it under certain conditions.
Type 'license()' or 'licence()' for distribution details.

  Natural language support but running in an English locale

R is a collaborative project with many contributors.
Type 'contributors()' for more information and
'citation()' on how to cite R or R packages in publications.

Type 'demo()' for some demos, 'help()' for on-line help, or
'help.start()' for an HTML browser interface to help.
Type 'q()' to quit R.

> library("lglasso")
> library("glasso")
> library("BDgraph")
> library("GGMselect")
Loading required package: mvtnorm

Attaching package: 'mvtnorm'

The following object is masked from 'package:BDgraph':

    rmvnorm

> library("Matrix")
> m=20
> n=20
> uu2=0.2
> Nsim=50
> rho=vector("list",5)
> rho[[1]]=seq(0.001,0.3,length=20)
> rho[[2]]=seq(0.001,0.3,length=20)
> rho[[3]]=seq(0.001,0.3,length=20)
> rho[[4]]=seq(0.00001,0.1,length=10)
> rho[[5]]=seq(0.00001,0.1,length=10)
> set.seed(m+n+uu2)
> simures=power_compare1(m=m,n=n,p=80,coe=c(2,0,0),l=Nsim,rho=rho,prob=0.01,heter=T,community2=T,uu=c(0.1,uu2),zirate=c(0.2, 0.8))
[1] "The 1th simulation:"
[1] "two-community heter data are generated"
[1] "heter data are generated"
[1] "heter data are generated"
 [1] "lglasso's bic is 21599.2145529043" "lglasso's bic is 18457.4659390312"
 [3] "lglasso's bic is 15886.8968688722" "lglasso's bic is 13797.5238222612"
 [5] "lglasso's bic is 11882.1254083612" "lglasso's bic is 10479.5154295925"
 [7] "lglasso's bic is 9428.52725535831" "lglasso's bic is 8718.91521032629"
 [9] "lglasso's bic is 8188.15333031112" "lglasso's bic is 7799.78734833115"
[11] "lglasso's bic is 8187.7279635491"  "lglasso's bic is 8060.78169283296"
[13] "lglasso's bic is 7990.67571326406" "lglasso's bic is 8008.6861634692" 
[15] "lglasso's bic is 7989.80627625017" "lglasso's bic is 7959.52733900124"
[17] "lglasso's bic is 8008.55346673424" "lglasso's bic is 8271.78389399054"
[19] "lglasso's bic is 8312.53874800549" "lglasso's bic is 8377.00868152876"
[1] "The 2th simulation:"
[1] "two-community heter data are generated"
[1] "heter data are generated"
[1] "heter data are generated"
 [1] "lglasso's bic is 18912.6531953362" "lglasso's bic is 15078.5434356858"
 [3] "lglasso's bic is 12259.2606736133" "lglasso's bic is 10167.1843513705"
 [5] "lglasso's bic is 8650.47477498796" "lglasso's bic is 7557.33489194061"
 [7] "lglasso's bic is 6821.08291104428" "lglasso's bic is 6373.55340366775"
 [9] "lglasso's bic is 6066.08007394018" "lglasso's bic is 6025.39850421254"
[11] "lglasso's bic is 5927.78893648577" "lglasso's bic is 5945.26998346179"
[13] "lglasso's bic is 6018.49880234947" "lglasso's bic is 6137.71979072161"
[15] "lglasso's bic is 6256.23563992118" "lglasso's bic is 6445.13594295803"
[17] "lglasso's bic is 6627.98281734875" "lglasso's bic is 6764.84415232034"
[19] "lglasso's bic is 6905.43224083037" "lglasso's bic is 7056.15410278381"
[1] "The 3th simulation:"
[1] "two-community heter data are generated"
[1] "heter data are generated"
[1] "heter data are generated"
 [1] "lglasso's bic is 18358.3941863948" "lglasso's bic is 14932.993592711" 
 [3] "lglasso's bic is 12382.3479807799" "lglasso's bic is 10356.6541396209"
 [5] "lglasso's bic is 8609.88773453525" "lglasso's bic is 7296.25256326326"
 [7] "lglasso's bic is 6316.7084233658"  "lglasso's bic is 5497.15704156728"
 [9] "lglasso's bic is 5001.35478636911" "lglasso's bic is 4667.48109566014"
[11] "lglasso's bic is 4563.16341847858" "lglasso's bic is 4583.55155463358"
[13] "lglasso's bic is 4547.43019459386" "lglasso's bic is 4561.57211835178"
[15] "lglasso's bic is 4699.22941206817" "lglasso's bic is 4748.21513041035"
[17] "lglasso's bic is 4810.12536300694" "lglasso's bic is 4890.54510118711"
[19] "lglasso's bic is 5008.0177666346"  "lglasso's bic is 5135.3362069563" 
[1] "The 4th simulation:"
[1] "two-community heter data are generated"
[1] "heter data are generated"
[1] "heter data are generated"
 [1] "lglasso's bic is 20791.8623202772" "lglasso's bic is 17395.7162560678"
 [3] "lglasso's bic is 14836.3123788806" "lglasso's bic is 12698.1338496486"
 [5] "lglasso's bic is 11078.139849382"  "lglasso's bic is 9811.09343540435"
 [7] "lglasso's bic is 8971.96104552071" "lglasso's bic is 8266.86516369681"
 [9] "lglasso's bic is 7602.92399039727" "lglasso's bic is 7357.98118059036"
[11] "lglasso's bic is 7186.39569258024" "lglasso's bic is 7288.02834009439"
[13] "lglasso's bic is 7241.32181334624" "lglasso's bic is 7229.72540503957"
[15] "lglasso's bic is 7240.25801807825" "lglasso's bic is 7344.19313423376"
[17] "lglasso's bic is 8014.84337036629" "lglasso's bic is 8066.03921155799"
[19] "lglasso's bic is 8113.77291696956" "lglasso's bic is 8171.56182111868"
[1] "The 5th simulation:"
[1] "two-community heter data are generated"
[1] "heter data are generated"
[1] "heter data are generated"
 [1] "lglasso's bic is 22798.5412400354" "lglasso's bic is 19535.3961838457"
 [3] "lglasso's bic is 17042.4880226619" "lglasso's bic is 14839.2481976354"
 [5] "lglasso's bic is 13379.3953634673" "lglasso's bic is 11849.443755124" 
 [7] "lglasso's bic is 10801.705760749"  "lglasso's bic is 10155.3745194257"
 [9] "lglasso's bic is 9694.09980327717" "lglasso's bic is 9473.56753392326"
[11] "lglasso's bic is 9244.42903224871" "lglasso's bic is 9140.77534984393"
[13] "lglasso's bic is 9056.98475469184" "lglasso's bic is 9035.22438790217"
[15] "lglasso's bic is 9077.44258869364" "lglasso's bic is 9321.24083592072"
[17] "lglasso's bic is 9365.71715191311" "lglasso's bic is 9427.57189820096"
[19] "lglasso's bic is 9554.84371584904" "lglasso's bic is 9711.53428275983"
[1] "The 6th simulation:"
[1] "two-community heter data are generated"
[1] "heter data are generated"
[1] "heter data are generated"
 [1] "lglasso's bic is 24210.6660546417" "lglasso's bic is 20566.0233246769"
 [3] "lglasso's bic is 18444.0504451144" "lglasso's bic is 16260.1222406596"
 [5] "lglasso's bic is 14579.3505937699" "lglasso's bic is 13132.7454940917"
 [7] "lglasso's bic is 12149.9020689366" "lglasso's bic is 11500.2078741114"
 [9] "lglasso's bic is 11011.4287398393" "lglasso's bic is 10858.4522811591"
[11] "lglasso's bic is 10682.9872906407" "lglasso's bic is 10518.7062894578"
[13] "lglasso's bic is 10496.8333771074" "lglasso's bic is 10486.5891252521"
[15] "lglasso's bic is 10507.1701350085" "lglasso's bic is 10549.1735531533"
[17] "lglasso's bic is 10605.7744432533" "lglasso's bic is 10662.896508576" 
[19] "lglasso's bic is 10876.938561686"  "lglasso's bic is 10950.1570327164"
[1] "The 7th simulation:"
[1] "two-community heter data are generated"
[1] "heter data are generated"
[1] "heter data are generated"
 [1] "lglasso's bic is 18507.6191658188" "lglasso's bic is 14630.3549105315"
 [3] "lglasso's bic is 12034.9268607718" "lglasso's bic is 10147.4435324435"
 [5] "lglasso's bic is 8935.49371611837" "lglasso's bic is 7750.6542152478" 
 [7] "lglasso's bic is 6895.17039916514" "lglasso's bic is 6324.63714594237"
 [9] "lglasso's bic is 6117.07133460498" "lglasso's bic is 5941.13124282062"
[11] "lglasso's bic is 5859.64341398043" "lglasso's bic is 5869.9784398138" 
[13] "lglasso's bic is 5989.45384027066" "lglasso's bic is 6191.18215924952"
[15] "lglasso's bic is 6257.43866383316" "lglasso's bic is 6341.66169383155"
[17] "lglasso's bic is 6443.2894090751"  "lglasso's bic is 6556.95876968151"
[19] "lglasso's bic is 6692.57806817308" "lglasso's bic is 6802.2014316432" 
[1] "The 8th simulation:"
[1] "two-community heter data are generated"
[1] "heter data are generated"
[1] "heter data are generated"
 [1] "lglasso's bic is 12873.6767999245"  "lglasso's bic is 8728.9061415319"  
 [3] "lglasso's bic is 5972.82979244149"  "lglasso's bic is 3889.80887822376" 
 [5] "lglasso's bic is 2464.37601753909"  "lglasso's bic is 1344.65054549508" 
 [7] "lglasso's bic is 521.424244593698"  "lglasso's bic is 24.9631060956722" 
 [9] "lglasso's bic is -453.540855793008" "lglasso's bic is -596.740860546557"
[11] "lglasso's bic is -656.676915366388" "lglasso's bic is -650.946488302576"
[13] "lglasso's bic is -577.005617211124" "lglasso's bic is -490.928222578742"
[15] "lglasso's bic is -393.651470699264" "lglasso's bic is -276.895918308172"
[17] "lglasso's bic is -158.769560215879" "lglasso's bic is -30.5038512681687"
[19] "lglasso's bic is 97.1954998984017"  "lglasso's bic is 278.782944406987" 
[1] "The 9th simulation:"
[1] "two-community heter data are generated"
[1] "heter data are generated"
[1] "heter data are generated"
 [1] "lglasso's bic is 18821.3858013403" "lglasso's bic is 15124.7899810876"
 [3] "lglasso's bic is 12278.2377711698" "lglasso's bic is 10037.1057841488"
 [5] "lglasso's bic is 8257.68214853935" "lglasso's bic is 6952.56272521481"
 [7] "lglasso's bic is 6203.02272869445" "lglasso's bic is 5543.66928007536"
 [9] "lglasso's bic is 5199.95142846176" "lglasso's bic is 5013.32030819849"
[11] "lglasso's bic is 4928.4422449186"  "lglasso's bic is 5114.61608642797"
[13] "lglasso's bic is 5146.97581474815" "lglasso's bic is 5193.09828805251"
[15] "lglasso's bic is 5243.74570345017" "lglasso's bic is 5318.99889597283"
[17] "lglasso's bic is 5515.48990237967" "lglasso's bic is 5610.527114536"  
[19] "lglasso's bic is 5713.99790423949" "lglasso's bic is 5834.47466214035"
[1] "The 10th simulation:"
[1] "two-community heter data are generated"
[1] "heter data are generated"
[1] "heter data are generated"
 [1] "lglasso's bic is 21772.1620374633" "lglasso's bic is 18539.8876352838"
 [3] "lglasso's bic is 16010.7290656773" "lglasso's bic is 13834.4762316942"
 [5] "lglasso's bic is 12259.6914494065" "lglasso's bic is 10906.7543458435"
 [7] "lglasso's bic is 9892.95914478223" "lglasso's bic is 8990.34327902575"
 [9] "lglasso's bic is 8459.51847767007" "lglasso's bic is 8114.33437311946"
[11] "lglasso's bic is 7909.7287294834"  "lglasso's bic is 7734.61945735186"
[13] "lglasso's bic is 7697.70195573186" "lglasso's bic is 7754.54202005948"
[15] "lglasso's bic is 7744.99285753185" "lglasso's bic is 7831.22053815777"
[17] "lglasso's bic is 7876.04292667693" "lglasso's bic is 7958.23750461738"
[19] "lglasso's bic is 8034.00905722714" "lglasso's bic is 8104.5326628335" 
[1] "The 11th simulation:"
[1] "two-community heter data are generated"
[1] "heter data are generated"
[1] "heter data are generated"
 [1] "lglasso's bic is 15525.7521131118" "lglasso's bic is 11554.0783147737"
 [3] "lglasso's bic is 8587.04655658736" "lglasso's bic is 6832.25659671166"
 [5] "lglasso's bic is 5208.99265467846" "lglasso's bic is 4067.83354040233"
 [7] "lglasso's bic is 3227.70114863334" "lglasso's bic is 2628.01194542398"
 [9] "lglasso's bic is 2362.03358576958" "lglasso's bic is 2268.54053658464"
[11] "lglasso's bic is 2301.42573847772" "lglasso's bic is 2272.74810301352"
[13] "lglasso's bic is 2291.4054636651"  "lglasso's bic is 2367.65711500636"
[15] "lglasso's bic is 2544.98722864882" "lglasso's bic is 2774.09412492949"
[17] "lglasso's bic is 2948.62762981421" "lglasso's bic is 3060.30939154245"
[19] "lglasso's bic is 3176.35242861988" "lglasso's bic is 3285.25375718518"
[1] "The 12th simulation:"
[1] "two-community heter data are generated"
[1] "heter data are generated"
[1] "heter data are generated"
 [1] "lglasso's bic is 24624.7527218251" "lglasso's bic is 21423.6793180749"
 [3] "lglasso's bic is 18680.7318614284" "lglasso's bic is 16512.6537030445"
 [5] "lglasso's bic is 14881.6889124866" "lglasso's bic is 13678.1785981665"
 [7] "lglasso's bic is 12603.2937028609" "lglasso's bic is 11901.8724446142"
 [9] "lglasso's bic is 11414.8414438655" "lglasso's bic is 11128.9908007442"
[11] "lglasso's bic is 10920.547828751"  "lglasso's bic is 10822.4145248625"
[13] "lglasso's bic is 10824.2987318662" "lglasso's bic is 10821.7388549487"
[15] "lglasso's bic is 10871.0912240281" "lglasso's bic is 10913.9099151514"
[17] "lglasso's bic is 10962.1561986974" "lglasso's bic is 11044.8984589688"
[19] "lglasso's bic is 11114.8954913343" "lglasso's bic is 11292.1846315315"
[1] "The 13th simulation:"
[1] "two-community heter data are generated"
[1] "heter data are generated"
[1] "heter data are generated"
 [1] "lglasso's bic is 20294.5601966691" "lglasso's bic is 16337.9929880085"
 [3] "lglasso's bic is 13426.0510320861" "lglasso's bic is 11422.8151595572"
 [5] "lglasso's bic is 9862.60396621637" "lglasso's bic is 8729.04429096789"
 [7] "lglasso's bic is 7869.43729001695" "lglasso's bic is 7383.41447960265"
 [9] "lglasso's bic is 7046.87519900197" "lglasso's bic is 6831.52670221345"
[11] "lglasso's bic is 6718.61219105245" "lglasso's bic is 6711.86494743518"
[13] "lglasso's bic is 6766.35482007236" "lglasso's bic is 6902.67149856199"
[15] "lglasso's bic is 7070.93293556672" "lglasso's bic is 7198.00063681792"
[17] "lglasso's bic is 7298.17204886397" "lglasso's bic is 7471.75868256626"
[19] "lglasso's bic is 7595.7703806749"  "lglasso's bic is 7708.88434978928"
[1] "The 14th simulation:"
[1] "two-community heter data are generated"
[1] "heter data are generated"
[1] "heter data are generated"
 [1] "lglasso's bic is 19905.4502383054" "lglasso's bic is 16254.2784761627"
 [3] "lglasso's bic is 13520.9359906204" "lglasso's bic is 11089.0738685242"
 [5] "lglasso's bic is 9386.44306179421" "lglasso's bic is 8154.92760057484"
 [7] "lglasso's bic is 7149.48361598955" "lglasso's bic is 6566.39125207576"
 [9] "lglasso's bic is 6122.95413736038" "lglasso's bic is 5934.1834044767" 
[11] "lglasso's bic is 5892.58209922889" "lglasso's bic is 5815.13796606241"
[13] "lglasso's bic is 5873.48149388643" "lglasso's bic is 5886.43092461803"
[15] "lglasso's bic is 5924.84230714629" "lglasso's bic is 6490.57199098972"
[17] "lglasso's bic is 6518.61659746253" "lglasso's bic is 6549.6636217971" 
[19] "lglasso's bic is 6796.16086994817" "lglasso's bic is 6847.99092808183"
[1] "The 15th simulation:"
[1] "two-community heter data are generated"
[1] "heter data are generated"
[1] "heter data are generated"
 [1] "lglasso's bic is 19369.7820756029" "lglasso's bic is 16028.1088323609"
 [3] "lglasso's bic is 13022.4970253098" "lglasso's bic is 10994.9203393365"
 [5] "lglasso's bic is 9382.66466768933" "lglasso's bic is 8328.47942842401"
 [7] "lglasso's bic is 7403.847597467"   "lglasso's bic is 6760.85069004524"
 [9] "lglasso's bic is 6337.87803891471" "lglasso's bic is 6143.48638870203"
[11] "lglasso's bic is 6111.44404743743" "lglasso's bic is 6065.19709728859"
[13] "lglasso's bic is 6058.1446637534"  "lglasso's bic is 6071.64175149074"
[15] "lglasso's bic is 6110.03790182788" "lglasso's bic is 6183.81872798697"
[17] "lglasso's bic is 6319.71898656141" "lglasso's bic is 6868.07978663945"
[19] "lglasso's bic is 6952.48191521203" "lglasso's bic is 7030.41583257241"
[1] "The 16th simulation:"
[1] "two-community heter data are generated"
[1] "heter data are generated"
[1] "heter data are generated"
 [1] "lglasso's bic is 18969.3808781904" "lglasso's bic is 15565.0024411864"
 [3] "lglasso's bic is 14426.6395161524" "lglasso's bic is 12361.6614375596"
 [5] "lglasso's bic is 10606.5826738724" "lglasso's bic is 9372.28262217541"
 [7] "lglasso's bic is 8344.89488403822" "lglasso's bic is 7585.6911431575" 
 [9] "lglasso's bic is 6813.62833391291" "lglasso's bic is 6212.9684338541" 
[11] "lglasso's bic is 5800.31440883838" "lglasso's bic is 5590.95930968898"
[13] "lglasso's bic is 5482.06812277464" "lglasso's bic is 5432.38120558467"
[15] "lglasso's bic is 5441.06272659693" "lglasso's bic is 5424.58904226175"
[17] "lglasso's bic is 5458.22615974266" "lglasso's bic is 5501.50095047723"
[19] "lglasso's bic is 5549.83153089479" "lglasso's bic is 5591.51449737589"
[1] "The 17th simulation:"
[1] "two-community heter data are generated"
[1] "heter data are generated"
[1] "heter data are generated"
 [1] "lglasso's bic is 18245.1981706259" "lglasso's bic is 14326.4005772152"
 [3] "lglasso's bic is 12084.0031836947" "lglasso's bic is 10307.8436671609"
 [5] "lglasso's bic is 8883.45050008181" "lglasso's bic is 8264.3919145191" 
 [7] "lglasso's bic is 7390.73111124939" "lglasso's bic is 6631.09401307055"
 [9] "lglasso's bic is 6110.69048592162" "lglasso's bic is 5870.64860469883"
[11] "lglasso's bic is 5617.21362162681" "lglasso's bic is 5530.11228442954"
[13] "lglasso's bic is 5567.31378127678" "lglasso's bic is 5670.74365464908"
[15] "lglasso's bic is 5714.38021782039" "lglasso's bic is 5775.52070182155"
[17] "lglasso's bic is 5854.43094557148" "lglasso's bic is 5990.61443312268"
[19] "lglasso's bic is 6066.64207509053" "lglasso's bic is 6181.09934186943"
[1] "The 18th simulation:"
[1] "two-community heter data are generated"
[1] "heter data are generated"
[1] "heter data are generated"
 [1] "lglasso's bic is 21208.6645187859" "lglasso's bic is 17855.9845736441"
 [3] "lglasso's bic is 15212.0812308099" "lglasso's bic is 13061.5834679053"
 [5] "lglasso's bic is 11354.8270870251" "lglasso's bic is 10052.6604612641"
 [7] "lglasso's bic is 9249.58990515942" "lglasso's bic is 8509.69699500175"
 [9] "lglasso's bic is 8023.8911549148"  "lglasso's bic is 7798.71832188281"
[11] "lglasso's bic is 7660.54691317635" "lglasso's bic is 7560.6975352769" 
[13] "lglasso's bic is 7538.31020481476" "lglasso's bic is 7570.05765960735"
[15] "lglasso's bic is 7630.91934586023" "lglasso's bic is 7738.40200511077"
[17] "lglasso's bic is 7853.53103568626" "lglasso's bic is 7937.98621258438"
[19] "lglasso's bic is 8090.86861232703" "lglasso's bic is 8238.61041849574"
[1] "The 19th simulation:"
[1] "two-community heter data are generated"
[1] "heter data are generated"
[1] "heter data are generated"
 [1] "lglasso's bic is 20811.035260853"  "lglasso's bic is 17026.9632021791"
 [3] "lglasso's bic is 14222.8971028065" "lglasso's bic is 12154.5942133119"
 [5] "lglasso's bic is 10437.8887057058" "lglasso's bic is 9337.9058028948" 
 [7] "lglasso's bic is 8397.94112171777" "lglasso's bic is 7856.47862573365"
 [9] "lglasso's bic is 7496.54036479541" "lglasso's bic is 7310.46739611399"
[11] "lglasso's bic is 7177.22103466078" "lglasso's bic is 7226.79514184931"
[13] "lglasso's bic is 7288.85049100436" "lglasso's bic is 7338.97381802253"
[15] "lglasso's bic is 7751.42025383626" "lglasso's bic is 7826.00463081691"
[17] "lglasso's bic is 8005.0323604627"  "lglasso's bic is 8095.07075838057"
[19] "lglasso's bic is 8228.95843838061" "lglasso's bic is 8305.96020603104"
[1] "The 20th simulation:"
[1] "two-community heter data are generated"
[1] "heter data are generated"
[1] "heter data are generated"
 [1] "lglasso's bic is 19930.6006666827" "lglasso's bic is 16470.7081871306"
 [3] "lglasso's bic is 13744.113007426"  "lglasso's bic is 11335.5825338941"
 [5] "lglasso's bic is 9617.99431558228" "lglasso's bic is 8197.98647904899"
 [7] "lglasso's bic is 7250.01826706925" "lglasso's bic is 6582.35863919927"
 [9] "lglasso's bic is 6176.1766317897"  "lglasso's bic is 5992.9160869351" 
[11] "lglasso's bic is 5986.14839538215" "lglasso's bic is 6253.8348988984" 
[13] "lglasso's bic is 6222.72145202535" "lglasso's bic is 6262.73153497806"
[15] "lglasso's bic is 6295.75507482314" "lglasso's bic is 6309.76313697981"
[17] "lglasso's bic is 6347.7966131503"  "lglasso's bic is 6406.71323858965"
[19] "lglasso's bic is 6644.89520699893" "lglasso's bic is 6845.76100515094"
[1] "The 21th simulation:"
[1] "two-community heter data are generated"
[1] "heter data are generated"
[1] "heter data are generated"
 [1] "lglasso's bic is 20857.4016100633" "lglasso's bic is 16959.9283154632"
 [3] "lglasso's bic is 14345.9557173802" "lglasso's bic is 12432.6262111961"
 [5] "lglasso's bic is 10858.9292699781" "lglasso's bic is 9647.3594826789" 
 [7] "lglasso's bic is 8797.08021590972" "lglasso's bic is 8223.84937171621"
 [9] "lglasso's bic is 7802.06325404287" "lglasso's bic is 7573.28860939873"
[11] "lglasso's bic is 7442.10512029388" "lglasso's bic is 7384.30105528036"
[13] "lglasso's bic is 7387.74672420061" "lglasso's bic is 7458.86849298688"
[15] "lglasso's bic is 7583.39881996241" "lglasso's bic is 7671.43608338714"
[17] "lglasso's bic is 7788.59185687749" "lglasso's bic is 8167.35187803833"
[19] "lglasso's bic is 8277.85210698694" "lglasso's bic is 8382.08603831466"
[1] "The 22th simulation:"
[1] "two-community heter data are generated"
[1] "heter data are generated"
[1] "heter data are generated"
 [1] "lglasso's bic is 26772.1248689309" "lglasso's bic is 23421.493811312" 
 [3] "lglasso's bic is 20742.6485602016" "lglasso's bic is 18689.6447615385"
 [5] "lglasso's bic is 17009.7696278285" "lglasso's bic is 15411.531717582" 
 [7] "lglasso's bic is 14406.3793378647" "lglasso's bic is 13597.3726631591"
 [9] "lglasso's bic is 13050.8432259863" "lglasso's bic is 12782.5083448408"
[11] "lglasso's bic is 12647.8468110102" "lglasso's bic is 12478.5074342651"
[13] "lglasso's bic is 12647.7302366818" "lglasso's bic is 12621.2113546196"
[15] "lglasso's bic is 12638.5711318684" "lglasso's bic is 12666.4249343332"
[17] "lglasso's bic is 12697.7252613249" "lglasso's bic is 12929.4293359578"
[19] "lglasso's bic is 13165.1606274497" "lglasso's bic is 13216.9909950663"
[1] "The 23th simulation:"
[1] "two-community heter data are generated"
[1] "heter data are generated"
[1] "heter data are generated"
 [1] "lglasso's bic is 21328.3498071853" "lglasso's bic is 17833.663107987" 
 [3] "lglasso's bic is 15256.2307475193" "lglasso's bic is 13174.5993529489"
 [5] "lglasso's bic is 11587.8231018297" "lglasso's bic is 10311.5867481973"
 [7] "lglasso's bic is 9303.56440769155" "lglasso's bic is 8670.87264700742"
 [9] "lglasso's bic is 8105.68181247002" "lglasso's bic is 7810.39873929586"
[11] "lglasso's bic is 7639.57165323804" "lglasso's bic is 7634.66068504525"
[13] "lglasso's bic is 7569.15655573709" "lglasso's bic is 7582.67468654077"
[15] "lglasso's bic is 7734.94661125219" "lglasso's bic is 7814.2323507082" 
[17] "lglasso's bic is 7885.13225518743" "lglasso's bic is 7987.4855275499" 
[19] "lglasso's bic is 8074.69696309584" "lglasso's bic is 8176.56930919899"
[1] "The 24th simulation:"
[1] "two-community heter data are generated"
[1] "heter data are generated"
[1] "heter data are generated"
 [1] "lglasso's bic is 16319.4070586258" "lglasso's bic is 12611.6009119087"
 [3] "lglasso's bic is 9999.71051401571" "lglasso's bic is 7551.54587194717"
 [5] "lglasso's bic is 6000.61620509429" "lglasso's bic is 4730.18081162993"
 [7] "lglasso's bic is 3840.32434877321" "lglasso's bic is 3174.89838730043"
 [9] "lglasso's bic is 2859.65164392075" "lglasso's bic is 2687.43200387982"
[11] "lglasso's bic is 2563.61558241987" "lglasso's bic is 3017.01197221022"
[13] "lglasso's bic is 2935.05296227074" "lglasso's bic is 2961.56474619855"
[15] "lglasso's bic is 3028.98610895243" "lglasso's bic is 3376.15020644126"
[17] "lglasso's bic is 3432.70066707726" "lglasso's bic is 3521.17270708302"
[19] "lglasso's bic is 3612.70991565129" "lglasso's bic is 3683.19349930514"
[1] "The 25th simulation:"
[1] "two-community heter data are generated"
[1] "heter data are generated"
[1] "heter data are generated"
 [1] "lglasso's bic is 24155.2059872354" "lglasso's bic is 20760.1776593966"
 [3] "lglasso's bic is 18738.2080889684" "lglasso's bic is 16920.4292803195"
 [5] "lglasso's bic is 15329.401738372"  "lglasso's bic is 13976.7693223648"
 [7] "lglasso's bic is 12809.6257468604" "lglasso's bic is 11733.8213641416"
 [9] "lglasso's bic is 11086.6433812098" "lglasso's bic is 10663.889969269" 
[11] "lglasso's bic is 10429.1313529608" "lglasso's bic is 10317.5243338948"
[13] "lglasso's bic is 10250.2583774794" "lglasso's bic is 10192.3464373003"
[15] "lglasso's bic is 10205.7061419758" "lglasso's bic is 10229.8866367286"
[17] "lglasso's bic is 10257.8187652535" "lglasso's bic is 10295.2573260163"
[19] "lglasso's bic is 10408.1976458639" "lglasso's bic is 10576.7556383701"
[1] "The 26th simulation:"
[1] "two-community heter data are generated"
[1] "heter data are generated"
[1] "heter data are generated"
 [1] "lglasso's bic is 18863.4081960423" "lglasso's bic is 15102.0763387925"
 [3] "lglasso's bic is 12161.132101173"  "lglasso's bic is 9825.58861965515"
 [5] "lglasso's bic is 9189.05036825389" "lglasso's bic is 7917.53567432515"
 [7] "lglasso's bic is 6903.53077762607" "lglasso's bic is 6190.5489865476" 
 [9] "lglasso's bic is 5879.31830302321" "lglasso's bic is 5655.12111610366"
[11] "lglasso's bic is 5527.67599558529" "lglasso's bic is 5483.33997466157"
[13] "lglasso's bic is 5417.69496765003" "lglasso's bic is 5741.77252921468"
[15] "lglasso's bic is 5872.80510866247" "lglasso's bic is 5927.37352271031"
[17] "lglasso's bic is 6036.46930150904" "lglasso's bic is 6655.2435283832" 
[19] "lglasso's bic is 6736.61512360639" "lglasso's bic is 6798.28206214016"
[1] "The 27th simulation:"
[1] "two-community heter data are generated"
[1] "heter data are generated"
[1] "heter data are generated"
 [1] "lglasso's bic is 20163.3012544537" "lglasso's bic is 16099.1916414854"
 [3] "lglasso's bic is 13169.1681704879" "lglasso's bic is 10902.3537643224"
 [5] "lglasso's bic is 9543.22235092788" "lglasso's bic is 8300.22684294714"
 [7] "lglasso's bic is 7525.55435290053" "lglasso's bic is 6915.8392648331" 
 [9] "lglasso's bic is 6568.6070255959"  "lglasso's bic is 6358.43381888869"
[11] "lglasso's bic is 6469.06356697424" "lglasso's bic is 6511.70317332068"
[13] "lglasso's bic is 6563.17524282264" "lglasso's bic is 6607.80165729267"
[15] "lglasso's bic is 6928.38071371323" "lglasso's bic is 7006.17572171491"
[17] "lglasso's bic is 7102.22940319175" "lglasso's bic is 7196.16938869831"
[19] "lglasso's bic is 7361.3989651845"  "lglasso's bic is 7447.94486864068"
[1] "The 28th simulation:"
[1] "two-community heter data are generated"
[1] "heter data are generated"
[1] "heter data are generated"
 [1] "lglasso's bic is 22913.0256047892" "lglasso's bic is 18908.1563960286"
 [3] "lglasso's bic is 16425.4392475486" "lglasso's bic is 14409.2867394736"
 [5] "lglasso's bic is 12730.5125641447" "lglasso's bic is 11450.1262663878"
 [7] "lglasso's bic is 10502.8717429968" "lglasso's bic is 9760.6180593082" 
 [9] "lglasso's bic is 9347.64280439149" "lglasso's bic is 9144.82374486359"
[11] "lglasso's bic is 9001.11995471756" "lglasso's bic is 8933.44246845441"
[13] "lglasso's bic is 9044.50945521876" "lglasso's bic is 9097.56187900948"
[15] "lglasso's bic is 9137.54920031029" "lglasso's bic is 9200.29841675879"
[17] "lglasso's bic is 9284.12294775367" "lglasso's bic is 9351.99186746657"
[19] "lglasso's bic is 9505.90473557349" "lglasso's bic is 9584.62352319703"
[1] "The 29th simulation:"
[1] "two-community heter data are generated"
[1] "heter data are generated"
[1] "heter data are generated"
 [1] "lglasso's bic is 21573.0191378165" "lglasso's bic is 18179.6830530912"
 [3] "lglasso's bic is 15210.1893362067" "lglasso's bic is 13021.6789548329"
 [5] "lglasso's bic is 11499.1488436702" "lglasso's bic is 10155.2580046387"
 [7] "lglasso's bic is 9172.79520684394" "lglasso's bic is 8476.42785901285"
 [9] "lglasso's bic is 8024.41200902876" "lglasso's bic is 7777.29350593979"
[11] "lglasso's bic is 7627.50044989238" "lglasso's bic is 7654.86795918427"
[13] "lglasso's bic is 7637.53451595583" "lglasso's bic is 7723.68283539339"
[15] "lglasso's bic is 7805.36428625739" "lglasso's bic is 7956.72190112615"
[17] "lglasso's bic is 8130.92314267255" "lglasso's bic is 8395.49293615144"
[19] "lglasso's bic is 8540.78268564221" "lglasso's bic is 8640.79361970293"
[1] "The 30th simulation:"
[1] "two-community heter data are generated"
[1] "heter data are generated"
[1] "heter data are generated"
 [1] "lglasso's bic is 21197.9527189219" "lglasso's bic is 17571.4980485124"
 [3] "lglasso's bic is 15232.7789802121" "lglasso's bic is 13041.1644595728"
 [5] "lglasso's bic is 11531.923902195"  "lglasso's bic is 10072.8999465852"
 [7] "lglasso's bic is 8878.15213372046" "lglasso's bic is 8148.30642467501"
 [9] "lglasso's bic is 7641.26414290971" "lglasso's bic is 7289.94420752832"
[11] "lglasso's bic is 7133.78458602528" "lglasso's bic is 7115.20948762236"
[13] "lglasso's bic is 7088.04522865584" "lglasso's bic is 7151.53006926184"
[15] "lglasso's bic is 7204.54897296372" "lglasso's bic is 7269.54398096256"
[17] "lglasso's bic is 7336.4798184029"  "lglasso's bic is 7409.81910046133"
[19] "lglasso's bic is 7486.43539162445" "lglasso's bic is 7569.64852600702"
[1] "The 31th simulation:"
[1] "two-community heter data are generated"
[1] "heter data are generated"
[1] "heter data are generated"
 [1] "lglasso's bic is 12725.1925427794"  "lglasso's bic is 9221.64356825834" 
 [3] "lglasso's bic is 6207.59971078326"  "lglasso's bic is 3750.854880047"   
 [5] "lglasso's bic is 2093.09782590203"  "lglasso's bic is 881.331651725783" 
 [7] "lglasso's bic is -152.901346799725" "lglasso's bic is -563.511828572282"
 [9] "lglasso's bic is -1053.50609685163" "lglasso's bic is -1082.18101698538"
[11] "lglasso's bic is -1184.63185798627" "lglasso's bic is -1197.28088717066"
[13] "lglasso's bic is -1207.43996743247" "lglasso's bic is -1117.31410943258"
[15] "lglasso's bic is -1023.9495032097"  "lglasso's bic is -951.365024161535"
[17] "lglasso's bic is -756.297463271189" "lglasso's bic is -692.191007920257"
[19] "lglasso's bic is -628.411570960379" "lglasso's bic is -492.156525569076"
[1] "The 32th simulation:"
[1] "two-community heter data are generated"
[1] "heter data are generated"
[1] "heter data are generated"
 [1] "lglasso's bic is 21946.2747126917" "lglasso's bic is 18299.3711160483"
 [3] "lglasso's bic is 15650.1454600544" "lglasso's bic is 13491.477161395" 
 [5] "lglasso's bic is 11952.6680718957" "lglasso's bic is 10590.1626900597"
 [7] "lglasso's bic is 9570.92968228932" "lglasso's bic is 8869.15697934841"
 [9] "lglasso's bic is 8370.54203354515" "lglasso's bic is 8010.54404300481"
[11] "lglasso's bic is 7852.72829467972" "lglasso's bic is 8193.9507225296" 
[13] "lglasso's bic is 8185.20703236133" "lglasso's bic is 8190.37539566233"
[15] "lglasso's bic is 8275.91396147367" "lglasso's bic is 8330.39785011698"
[17] "lglasso's bic is 8425.56156575569" "lglasso's bic is 8499.24772072891"
[19] "lglasso's bic is 8680.06153301875" "lglasso's bic is 8762.27325113394"
[1] "The 33th simulation:"
[1] "two-community heter data are generated"
[1] "heter data are generated"
[1] "heter data are generated"
 [1] "lglasso's bic is 18576.1173063639" "lglasso's bic is 14941.3744404771"
 [3] "lglasso's bic is 12137.1776613233" "lglasso's bic is 10089.0422771529"
 [5] "lglasso's bic is 8343.49663288593" "lglasso's bic is 7058.06153011023"
 [7] "lglasso's bic is 6071.0351012917"  "lglasso's bic is 5489.82307117274"
 [9] "lglasso's bic is 5007.51401342079" "lglasso's bic is 4706.02312865212"
[11] "lglasso's bic is 4648.94569863633" "lglasso's bic is 5113.8303337636" 
[13] "lglasso's bic is 5057.09675809538" "lglasso's bic is 5065.56206311333"
[15] "lglasso's bic is 5077.13723105065" "lglasso's bic is 5125.34259009614"
[17] "lglasso's bic is 5156.59039555842" "lglasso's bic is 5216.58245872734"
[19] "lglasso's bic is 5270.7211358439"  "lglasso's bic is 5512.37389996537"
[1] "The 34th simulation:"
[1] "two-community heter data are generated"
[1] "heter data are generated"
[1] "heter data are generated"
 [1] "lglasso's bic is 22169.7139124586" "lglasso's bic is 18610.4168890423"
 [3] "lglasso's bic is 15816.6292956027" "lglasso's bic is 13641.7406186693"
 [5] "lglasso's bic is 12013.910735661"  "lglasso's bic is 10825.617442549" 
 [7] "lglasso's bic is 9753.78058191699" "lglasso's bic is 9012.10202949318"
 [9] "lglasso's bic is 8520.10361933429" "lglasso's bic is 8289.56217398233"
[11] "lglasso's bic is 8126.55428520787" "lglasso's bic is 8131.50756320536"
[13] "lglasso's bic is 8081.91017553727" "lglasso's bic is 8194.95694805757"
[15] "lglasso's bic is 8242.94466707187" "lglasso's bic is 8436.62705870615"
[17] "lglasso's bic is 8484.51846321237" "lglasso's bic is 8557.46468294845"
[19] "lglasso's bic is 8639.8557895102"  "lglasso's bic is 8736.83192472306"
[1] "The 35th simulation:"
[1] "two-community heter data are generated"
[1] "heter data are generated"
[1] "heter data are generated"
 [1] "lglasso's bic is 21323.9356500166" "lglasso's bic is 18082.368904207" 
 [3] "lglasso's bic is 15418.7912598289" "lglasso's bic is 13198.6143537106"
 [5] "lglasso's bic is 11490.3778380954" "lglasso's bic is 10253.8800576184"
 [7] "lglasso's bic is 9390.16182724565" "lglasso's bic is 8600.17218138806"
 [9] "lglasso's bic is 7995.04362823782" "lglasso's bic is 7671.07546660682"
[11] "lglasso's bic is 7520.73669757797" "lglasso's bic is 7334.16975402697"
[13] "lglasso's bic is 7292.8108166648"  "lglasso's bic is 7322.52157906763"
[15] "lglasso's bic is 7376.03109012349" "lglasso's bic is 7448.60687175544"
[17] "lglasso's bic is 7506.0203215192"  "lglasso's bic is 7568.89679116865"
[19] "lglasso's bic is 7723.07526405862" "lglasso's bic is 7881.27954153095"
[1] "The 36th simulation:"
[1] "two-community heter data are generated"
[1] "heter data are generated"
[1] "heter data are generated"
 [1] "lglasso's bic is 18093.682722504"  "lglasso's bic is 14917.8677130132"
 [3] "lglasso's bic is 12334.409588124"  "lglasso's bic is 10492.9024199095"
 [5] "lglasso's bic is 8897.60398524587" "lglasso's bic is 7564.822783525"  
 [7] "lglasso's bic is 6600.22073522858" "lglasso's bic is 5852.84827342654"
 [9] "lglasso's bic is 5306.4673277143"  "lglasso's bic is 4919.49240039987"
[11] "lglasso's bic is 4732.82077267292" "lglasso's bic is 4643.22711551477"
[13] "lglasso's bic is 4568.80659674283" "lglasso's bic is 4654.9461156972" 
[15] "lglasso's bic is 4659.33180846248" "lglasso's bic is 4720.68917267979"
[17] "lglasso's bic is 4742.48543501081" "lglasso's bic is 4821.0069089201" 
[19] "lglasso's bic is 4890.61434292765" "lglasso's bic is 5369.63754558034"
[1] "The 37th simulation:"
[1] "two-community heter data are generated"
[1] "heter data are generated"
[1] "heter data are generated"
 [1] "lglasso's bic is 18606.2700575745" "lglasso's bic is 14575.0883459657"
 [3] "lglasso's bic is 12067.9372334129" "lglasso's bic is 10149.6478164576"
 [5] "lglasso's bic is 8637.83979925975" "lglasso's bic is 7484.92405830956"
 [7] "lglasso's bic is 6551.56281843439" "lglasso's bic is 5852.39270825288"
 [9] "lglasso's bic is 5368.3892605891"  "lglasso's bic is 5069.14740230228"
[11] "lglasso's bic is 4958.19666975205" "lglasso's bic is 4961.39995616993"
[13] "lglasso's bic is 4948.51959549407" "lglasso's bic is 5060.4015742846" 
[15] "lglasso's bic is 5133.53803229177" "lglasso's bic is 5488.27940565821"
[17] "lglasso's bic is 5551.40856279265" "lglasso's bic is 5695.66257086588"
[19] "lglasso's bic is 5816.30384011552" "lglasso's bic is 5906.06719675351"
[1] "The 38th simulation:"
[1] "two-community heter data are generated"
[1] "heter data are generated"
[1] "heter data are generated"
 [1] "lglasso's bic is 17652.3172114406" "lglasso's bic is 13851.5518473327"
 [3] "lglasso's bic is 11625.9280947903" "lglasso's bic is 9744.07817962828"
 [5] "lglasso's bic is 8062.46071054757" "lglasso's bic is 6934.19896256639"
 [7] "lglasso's bic is 6252.96510230799" "lglasso's bic is 5404.87823193726"
 [9] "lglasso's bic is 4985.71004030705" "lglasso's bic is 4816.61507587514"
[11] "lglasso's bic is 4668.36241141797" "lglasso's bic is 4670.91694378282"
[13] "lglasso's bic is 4668.09555882335" "lglasso's bic is 4702.48792650731"
[15] "lglasso's bic is 4781.21190168541" "lglasso's bic is 4890.27993807838"
[17] "lglasso's bic is 5018.78313686425" "lglasso's bic is 5126.1639151484" 
[19] "lglasso's bic is 5234.27771284869" "lglasso's bic is 5461.25308727511"
[1] "The 39th simulation:"
[1] "two-community heter data are generated"
[1] "heter data are generated"
[1] "heter data are generated"
 [1] "lglasso's bic is 19446.3461631429" "lglasso's bic is 15887.1526374465"
 [3] "lglasso's bic is 13093.2511299471" "lglasso's bic is 10992.0200864301"
 [5] "lglasso's bic is 9453.36318143906" "lglasso's bic is 8093.03472829303"
 [7] "lglasso's bic is 7075.47883445678" "lglasso's bic is 6274.85164487058"
 [9] "lglasso's bic is 5861.60984336883" "lglasso's bic is 5535.91799016435"
[11] "lglasso's bic is 5432.12346766948" "lglasso's bic is 5355.58710642734"
[13] "lglasso's bic is 5472.33043633105" "lglasso's bic is 5584.65936420223"
[15] "lglasso's bic is 5659.10594153983" "lglasso's bic is 5697.76764126918"
[17] "lglasso's bic is 5748.86475741294" "lglasso's bic is 5824.81573289907"
[19] "lglasso's bic is 5900.43130294587" "lglasso's bic is 5977.28330830513"
[1] "The 40th simulation:"
[1] "two-community heter data are generated"
[1] "heter data are generated"
[1] "heter data are generated"
 [1] "lglasso's bic is 18380.0589114083" "lglasso's bic is 14416.2512174519"
 [3] "lglasso's bic is 12369.0744591355" "lglasso's bic is 10393.0444459878"
 [5] "lglasso's bic is 8960.74345078155" "lglasso's bic is 7879.22145873369"
 [7] "lglasso's bic is 6967.78403981604" "lglasso's bic is 6400.87495389602"
 [9] "lglasso's bic is 5992.49825953434" "lglasso's bic is 5702.553285961"  
[11] "lglasso's bic is 5462.7085803942"  "lglasso's bic is 5490.31663496475"
[13] "lglasso's bic is 5484.53572362119" "lglasso's bic is 5523.32729136867"
[15] "lglasso's bic is 5599.95903172192" "lglasso's bic is 5778.31893675773"
[17] "lglasso's bic is 5905.42722345683" "lglasso's bic is 6024.55295341078"
[19] "lglasso's bic is 6167.12406020476" "lglasso's bic is 6311.61286877412"
[1] "The 41th simulation:"
[1] "two-community heter data are generated"
[1] "heter data are generated"
[1] "heter data are generated"
 [1] "lglasso's bic is 20477.091922054"  "lglasso's bic is 16909.0788794057"
 [3] "lglasso's bic is 14175.6855383634" "lglasso's bic is 12003.1118076257"
 [5] "lglasso's bic is 10186.9016283262" "lglasso's bic is 8823.9681418494" 
 [7] "lglasso's bic is 7766.98680026592" "lglasso's bic is 7155.54873557398"
 [9] "lglasso's bic is 6748.26841840575" "lglasso's bic is 6460.54096773651"
[11] "lglasso's bic is 6325.89840055793" "lglasso's bic is 6219.6022283946" 
[13] "lglasso's bic is 6218.90581341988" "lglasso's bic is 6255.15359427853"
[15] "lglasso's bic is 6298.0670295236"  "lglasso's bic is 6351.18342459069"
[17] "lglasso's bic is 6423.17149510508" "lglasso's bic is 6485.10540040381"
[19] "lglasso's bic is 6576.69632241407" "lglasso's bic is 6853.90999616663"
[1] "The 42th simulation:"
[1] "two-community heter data are generated"
[1] "heter data are generated"
[1] "heter data are generated"
 [1] "lglasso's bic is 18746.5277944739" "lglasso's bic is 15046.4801627293"
 [3] "lglasso's bic is 12503.0136111968" "lglasso's bic is 10368.2919147336"
 [5] "lglasso's bic is 8854.34359118817" "lglasso's bic is 7535.85169958697"
 [7] "lglasso's bic is 6604.19132949967" "lglasso's bic is 5952.25445787536"
 [9] "lglasso's bic is 5595.32695614792" "lglasso's bic is 5407.35483874598"
[11] "lglasso's bic is 5324.94569438813" "lglasso's bic is 5275.00626691924"
[13] "lglasso's bic is 5302.09050653238" "lglasso's bic is 5357.66413254377"
[15] "lglasso's bic is 5474.04391708088" "lglasso's bic is 5559.51535359288"
[17] "lglasso's bic is 5611.33850049672" "lglasso's bic is 5683.83407767777"
[19] "lglasso's bic is 5779.69680477681" "lglasso's bic is 5897.08023520567"
[1] "The 43th simulation:"
[1] "two-community heter data are generated"
[1] "heter data are generated"
[1] "heter data are generated"
 [1] "lglasso's bic is 17046.067621784"  "lglasso's bic is 13334.0806790737"
 [3] "lglasso's bic is 10695.200079934"  "lglasso's bic is 8245.35011853553"
 [5] "lglasso's bic is 6354.31595370831" "lglasso's bic is 5149.76850214911"
 [7] "lglasso's bic is 4105.21233804814" "lglasso's bic is 3539.86432755449"
 [9] "lglasso's bic is 3085.743925289"   "lglasso's bic is 2895.4719273735" 
[11] "lglasso's bic is 2845.65065718238" "lglasso's bic is 2813.43586558736"
[13] "lglasso's bic is 2868.23353707886" "lglasso's bic is 2916.13777946378"
[15] "lglasso's bic is 2972.39473433794" "lglasso's bic is 3101.64247861123"
[17] "lglasso's bic is 3181.44891367685" "lglasso's bic is 3258.05377942902"
[19] "lglasso's bic is 3356.20718064586" "lglasso's bic is 3423.32969366786"
[1] "The 44th simulation:"
[1] "two-community heter data are generated"
[1] "heter data are generated"
[1] "heter data are generated"
 [1] "lglasso's bic is 20299.3074671327" "lglasso's bic is 16616.2965442299"
 [3] "lglasso's bic is 13892.0815391732" "lglasso's bic is 11625.6403430629"
 [5] "lglasso's bic is 10048.6583342514" "lglasso's bic is 8740.67365021761"
 [7] "lglasso's bic is 7704.87305464289" "lglasso's bic is 7089.71125359937"
 [9] "lglasso's bic is 6735.81700035006" "lglasso's bic is 6485.5558616972" 
[11] "lglasso's bic is 6369.06921953917" "lglasso's bic is 6349.02837886842"
[13] "lglasso's bic is 6485.27788509524" "lglasso's bic is 6468.70647198901"
[15] "lglasso's bic is 6518.02404034776" "lglasso's bic is 6848.83491425078"
[17] "lglasso's bic is 6872.28752522145" "lglasso's bic is 6926.28844274688"
[19] "lglasso's bic is 6994.80718115735" "lglasso's bic is 7087.22481881623"
[1] "The 45th simulation:"
[1] "two-community heter data are generated"
[1] "heter data are generated"
[1] "heter data are generated"
 [1] "lglasso's bic is 24549.4114171157" "lglasso's bic is 21257.0378651845"
 [3] "lglasso's bic is 18578.8341276846" "lglasso's bic is 16449.1880413066"
 [5] "lglasso's bic is 14826.3193269529" "lglasso's bic is 13227.5188103521"
 [7] "lglasso's bic is 12486.159892054"  "lglasso's bic is 11711.5442868516"
 [9] "lglasso's bic is 11220.7492876861" "lglasso's bic is 10956.507798531" 
[11] "lglasso's bic is 10900.4721566673" "lglasso's bic is 10869.7329916823"
[13] "lglasso's bic is 10845.617048347"  "lglasso's bic is 10864.4966472902"
[15] "lglasso's bic is 10933.3704316254" "lglasso's bic is 10970.2609756844"
[17] "lglasso's bic is 11041.7559141874" "lglasso's bic is 11119.7813669064"
[19] "lglasso's bic is 11222.4125321108" "lglasso's bic is 11326.6264537924"
[1] "The 46th simulation:"
[1] "two-community heter data are generated"
[1] "heter data are generated"
[1] "heter data are generated"
 [1] "lglasso's bic is 13268.2192358516"  "lglasso's bic is 10181.9843476912" 
 [3] "lglasso's bic is 7866.31429415939"  "lglasso's bic is 6107.22411674181" 
 [5] "lglasso's bic is 4628.14052094372"  "lglasso's bic is 3464.19358166982" 
 [7] "lglasso's bic is 2447.24338596369"  "lglasso's bic is 1549.18498387974" 
 [9] "lglasso's bic is 1030.23216874734"  "lglasso's bic is 624.966874853266" 
[11] "lglasso's bic is 334.126899018218"  "lglasso's bic is 102.574367245466" 
[13] "lglasso's bic is -42.7617552907905" "lglasso's bic is -114.846538331981"
[15] "lglasso's bic is -202.851653717149" "lglasso's bic is -201.101419642709"
[17] "lglasso's bic is -201.216260850537" "lglasso's bic is -196.421756802294"
[19] "lglasso's bic is -186.066577524462" "lglasso's bic is -175.40436825234" 
[1] "The 47th simulation:"
[1] "two-community heter data are generated"
[1] "heter data are generated"
[1] "heter data are generated"
 [1] "lglasso's bic is 19362.687365274"  "lglasso's bic is 16256.5700928266"
 [3] "lglasso's bic is 13462.3900396252" "lglasso's bic is 11291.6590626116"
 [5] "lglasso's bic is 9809.23383550272" "lglasso's bic is 8594.03843676988"
 [7] "lglasso's bic is 7593.25705819079" "lglasso's bic is 6801.18563841907"
 [9] "lglasso's bic is 6274.82546849131" "lglasso's bic is 5961.75604787028"
[11] "lglasso's bic is 5770.75598210498" "lglasso's bic is 5731.15828920186"
[13] "lglasso's bic is 5704.71128289578" "lglasso's bic is 5688.23303723928"
[15] "lglasso's bic is 5779.10165962731" "lglasso's bic is 5992.01399428714"
[17] "lglasso's bic is 6214.92824339451" "lglasso's bic is 6263.78627733285"
[19] "lglasso's bic is 6319.2988767793"  "lglasso's bic is 6393.51652636048"
[1] "The 48th simulation:"
[1] "two-community heter data are generated"
[1] "heter data are generated"
[1] "heter data are generated"
 [1] "lglasso's bic is 19737.7450793466" "lglasso's bic is 16082.7972918003"
 [3] "lglasso's bic is 13252.2028184446" "lglasso's bic is 10832.2279397415"
 [5] "lglasso's bic is 9253.54133636183" "lglasso's bic is 7987.7511545975" 
 [7] "lglasso's bic is 7049.11071041899" "lglasso's bic is 6446.81307810585"
 [9] "lglasso's bic is 6098.57981729386" "lglasso's bic is 6201.76075624716"
[11] "lglasso's bic is 6002.60676737539" "lglasso's bic is 5902.37826361838"
[13] "lglasso's bic is 5888.65550830612" "lglasso's bic is 5973.79021097892"
[15] "lglasso's bic is 6020.43990112438" "lglasso's bic is 6085.64853313359"
[17] "lglasso's bic is 6170.16807882049" "lglasso's bic is 6248.51188978651"
[19] "lglasso's bic is 6319.70367256897" "lglasso's bic is 6529.39707101729"
[1] "The 49th simulation:"
[1] "two-community heter data are generated"
[1] "heter data are generated"
[1] "heter data are generated"
 [1] "lglasso's bic is 22577.1651382844" "lglasso's bic is 19211.3783536027"
 [3] "lglasso's bic is 16880.8063597249" "lglasso's bic is 14926.015960908" 
 [5] "lglasso's bic is 13151.0624020871" "lglasso's bic is 11675.8621377571"
 [7] "lglasso's bic is 10756.9568484955" "lglasso's bic is 10012.453687725" 
 [9] "lglasso's bic is 9408.92785551778" "lglasso's bic is 8969.85269349937"
[11] "lglasso's bic is 8796.51778784155" "lglasso's bic is 8711.38899956156"
[13] "lglasso's bic is 8652.86698572975" "lglasso's bic is 8646.25823577828"
[15] "lglasso's bic is 8663.38934644132" "lglasso's bic is 8691.7612841301" 
[17] "lglasso's bic is 8745.55633502081" "lglasso's bic is 9066.35382288746"
[19] "lglasso's bic is 9135.44407003408" "lglasso's bic is 9196.36925088364"
[1] "The 50th simulation:"
[1] "two-community heter data are generated"
[1] "heter data are generated"
[1] "heter data are generated"
 [1] "lglasso's bic is 21088.9990717512" "lglasso's bic is 17517.1021395209"
 [3] "lglasso's bic is 14596.8691352297" "lglasso's bic is 12411.3829714929"
 [5] "lglasso's bic is 10869.1822426099" "lglasso's bic is 9707.33551042467"
 [7] "lglasso's bic is 8905.11943995653" "lglasso's bic is 8444.41578975887"
 [9] "lglasso's bic is 8523.10627114931" "lglasso's bic is 8463.95796637278"
[11] "lglasso's bic is 8379.00744352271" "lglasso's bic is 8236.23279565728"
[13] "lglasso's bic is 8416.12064447849" "lglasso's bic is 8588.1784332875" 
[15] "lglasso's bic is 8616.08038388305" "lglasso's bic is 8671.97735063391"
[17] "lglasso's bic is 8720.25237076357" "lglasso's bic is 8798.44001170494"
[19] "lglasso's bic is 8849.44740997516" "lglasso's bic is 8944.94052593694"
There were 50 or more warnings (use warnings() to see the first 50)
> save(simures,file="subject=20_time=20_uu2=0.2.Rd")
> q("no")
> proc.time()
     user    system   elapsed 
21127.247    54.223 24131.830 
