
R version 4.1.2 (2021-11-01) -- "Bird Hippie"
Copyright (C) 2021 The R Foundation for Statistical Computing
Platform: x86_64-pc-linux-gnu (64-bit)

R is free software and comes with ABSOLUTELY NO WARRANTY.
You are welcome to redistribute it under certain conditions.
Type 'license()' or 'licence()' for distribution details.

  Natural language support but running in an English locale

R is a collaborative project with many contributors.
Type 'contributors()' for more information and
'citation()' on how to cite R or R packages in publications.

Type 'demo()' for some demos, 'help()' for on-line help, or
'help.start()' for an HTML browser interface to help.
Type 'q()' to quit R.

> library("lglasso")
> library("glasso")
> library("BDgraph")
> library("GGMselect")
Loading required package: mvtnorm

Attaching package: 'mvtnorm'

The following object is masked from 'package:BDgraph':

    rmvnorm

> library("Matrix")
> m=20
> n=20
> uu2=0.4
> Nsim=50
> rho=vector("list",5)
> rho[[1]]=seq(0.001,0.3,length=20)
> rho[[2]]=seq(0.001,0.3,length=20)
> rho[[3]]=seq(0.001,0.3,length=20)
> rho[[4]]=seq(0.00001,0.1,length=10)
> rho[[5]]=seq(0.00001,0.1,length=10)
> set.seed(m+n+uu2)
> simures=power_compare1(m=m,n=n,p=80,coe=c(2,0,0),l=Nsim,rho=rho,prob=0.01,heter=T,community2=T,uu=c(0.1,uu2),zirate=c(0.2, 0.8))
[1] "The 1th simulation:"
[1] "two-community heter data are generated"
[1] "heter data are generated"
[1] "heter data are generated"
 [1] "lglasso's bic is 20165.3012604905" "lglasso's bic is 16995.9199402937"
 [3] "lglasso's bic is 15049.912273273"  "lglasso's bic is 12928.3484681929"
 [5] "lglasso's bic is 11185.1203479516" "lglasso's bic is 9748.34246759857"
 [7] "lglasso's bic is 8674.22332117659" "lglasso's bic is 7880.21017364006"
 [9] "lglasso's bic is 7361.72620054066" "lglasso's bic is 6978.13752214111"
[11] "lglasso's bic is 6969.04105096195" "lglasso's bic is 6795.58009432543"
[13] "lglasso's bic is 6719.87608421941" "lglasso's bic is 6655.82402920116"
[15] "lglasso's bic is 6654.18237041836" "lglasso's bic is 6794.03534261268"
[17] "lglasso's bic is 6817.69276499633" "lglasso's bic is 6946.69641711154"
[19] "lglasso's bic is 7018.30199166177" "lglasso's bic is 7055.56098213353"
[1] "The 2th simulation:"
[1] "two-community heter data are generated"
[1] "heter data are generated"
[1] "heter data are generated"
 [1] "lglasso's bic is 17812.4207956482" "lglasso's bic is 13785.5007753974"
 [3] "lglasso's bic is 11033.4069828884" "lglasso's bic is 9099.29648257456"
 [5] "lglasso's bic is 7457.05105329208" "lglasso's bic is 6355.05839199269"
 [7] "lglasso's bic is 5638.14098321495" "lglasso's bic is 5152.06993294036"
 [9] "lglasso's bic is 4810.38892958198" "lglasso's bic is 4783.3308687607" 
[11] "lglasso's bic is 4735.44350987275" "lglasso's bic is 4727.82808415459"
[13] "lglasso's bic is 4793.42537338846" "lglasso's bic is 4945.66522140925"
[15] "lglasso's bic is 5039.70142006484" "lglasso's bic is 5189.1207728322" 
[17] "lglasso's bic is 5436.95404758556" "lglasso's bic is 5682.09170356185"
[19] "lglasso's bic is 5809.39415740619" "lglasso's bic is 6109.90085291873"
[1] "The 3th simulation:"
[1] "two-community heter data are generated"
[1] "heter data are generated"
[1] "heter data are generated"
 [1] "lglasso's bic is 17154.4322914615" "lglasso's bic is 13611.32732399"  
 [3] "lglasso's bic is 10931.9242482673" "lglasso's bic is 9015.13792112628"
 [5] "lglasso's bic is 7305.99575592992" "lglasso's bic is 6037.41206904285"
 [7] "lglasso's bic is 5089.11021488598" "lglasso's bic is 4236.662053537"  
 [9] "lglasso's bic is 3715.27211044209" "lglasso's bic is 3516.35476031671"
[11] "lglasso's bic is 3363.63805694126" "lglasso's bic is 3333.61883200358"
[13] "lglasso's bic is 3324.82575579567" "lglasso's bic is 3339.2638306678" 
[15] "lglasso's bic is 3434.091053975"   "lglasso's bic is 3505.90487339329"
[17] "lglasso's bic is 3596.58212347785" "lglasso's bic is 3670.57097991971"
[19] "lglasso's bic is 3745.17982098071" "lglasso's bic is 3827.38830264655"
[1] "The 4th simulation:"
[1] "two-community heter data are generated"
[1] "heter data are generated"
[1] "heter data are generated"
 [1] "lglasso's bic is 19540.3524751363" "lglasso's bic is 16127.8627533243"
 [3] "lglasso's bic is 13355.5259824748" "lglasso's bic is 11416.8878937349"
 [5] "lglasso's bic is 9807.87722590411" "lglasso's bic is 8487.95634628122"
 [7] "lglasso's bic is 7457.59889136642" "lglasso's bic is 6795.14669298279"
 [9] "lglasso's bic is 6257.19568925471" "lglasso's bic is 6008.00080863843"
[11] "lglasso's bic is 5914.80936156443" "lglasso's bic is 5809.01289966851"
[13] "lglasso's bic is 6236.50346067564" "lglasso's bic is 6227.22251948415"
[15] "lglasso's bic is 6224.06683276782" "lglasso's bic is 6230.99166262636"
[17] "lglasso's bic is 6453.95449993364" "lglasso's bic is 6543.27687011497"
[19] "lglasso's bic is 6625.05736213743" "lglasso's bic is 6702.93667512965"
[1] "The 5th simulation:"
[1] "two-community heter data are generated"
[1] "heter data are generated"
[1] "heter data are generated"
 [1] "lglasso's bic is 21423.8182887682" "lglasso's bic is 17903.593268506" 
 [3] "lglasso's bic is 15329.417314207"  "lglasso's bic is 13381.523598012" 
 [5] "lglasso's bic is 11932.6734398466" "lglasso's bic is 10390.5792014357"
 [7] "lglasso's bic is 9362.33028626231" "lglasso's bic is 8762.93154626104"
 [9] "lglasso's bic is 8663.31886695821" "lglasso's bic is 8240.7642729409" 
[11] "lglasso's bic is 7995.31978320148" "lglasso's bic is 7859.95681699274"
[13] "lglasso's bic is 7864.97539289236" "lglasso's bic is 7779.0248582674" 
[15] "lglasso's bic is 7822.84978847608" "lglasso's bic is 7884.18530729702"
[17] "lglasso's bic is 8145.0706318569"  "lglasso's bic is 8239.38358240442"
[19] "lglasso's bic is 8292.00241213212" "lglasso's bic is 8368.24031452355"
[1] "The 6th simulation:"
[1] "two-community heter data are generated"
[1] "heter data are generated"
[1] "heter data are generated"
 [1] "lglasso's bic is 23214.2733952649" "lglasso's bic is 20084.0034084419"
 [3] "lglasso's bic is 17297.9671366236" "lglasso's bic is 15242.6846153095"
 [5] "lglasso's bic is 13552.2783139087" "lglasso's bic is 12118.1577174443"
 [7] "lglasso's bic is 11037.7647144835" "lglasso's bic is 10346.0146590178"
 [9] "lglasso's bic is 9902.50032669796" "lglasso's bic is 9598.36287864479"
[11] "lglasso's bic is 9412.8784125545"  "lglasso's bic is 9353.25907442515"
[13] "lglasso's bic is 9324.57924939194" "lglasso's bic is 9317.86235748243"
[15] "lglasso's bic is 9385.7670925805"  "lglasso's bic is 9501.43218596766"
[17] "lglasso's bic is 9582.90899025739" "lglasso's bic is 9659.77513201891"
[19] "lglasso's bic is 9729.56662762997" "lglasso's bic is 9804.87887204209"
[1] "The 7th simulation:"
[1] "two-community heter data are generated"
[1] "heter data are generated"
[1] "heter data are generated"
 [1] "lglasso's bic is 17521.9499353292" "lglasso's bic is 13404.0768515145"
 [3] "lglasso's bic is 10700.2889599082" "lglasso's bic is 9664.58594829456"
 [5] "lglasso's bic is 8161.03380131929" "lglasso's bic is 7069.21944599975"
 [7] "lglasso's bic is 6239.45565633687" "lglasso's bic is 5642.28939003018"
 [9] "lglasso's bic is 5177.93083423912" "lglasso's bic is 4875.29109156531"
[11] "lglasso's bic is 4729.90748175319" "lglasso's bic is 4723.19923565949"
[13] "lglasso's bic is 4811.0429553254"  "lglasso's bic is 4873.23524757431"
[15] "lglasso's bic is 4978.73972508157" "lglasso's bic is 5060.2675205968" 
[17] "lglasso's bic is 5163.48346481991" "lglasso's bic is 5290.11040249592"
[19] "lglasso's bic is 5433.93877483105" "lglasso's bic is 5565.59403590532"
[1] "The 8th simulation:"
[1] "two-community heter data are generated"
[1] "heter data are generated"
[1] "heter data are generated"
 [1] "lglasso's bic is 12251.175925036"   "lglasso's bic is 8805.07763834917" 
 [3] "lglasso's bic is 6324.34248289496"  "lglasso's bic is 4427.15835155587" 
 [5] "lglasso's bic is 3056.93087963814"  "lglasso's bic is 1895.36939900107" 
 [7] "lglasso's bic is 1028.98103583358"  "lglasso's bic is 390.468993889482" 
 [9] "lglasso's bic is -11.4363470014755" "lglasso's bic is -423.002774153137"
[11] "lglasso's bic is -676.835360665609" "lglasso's bic is -806.984878361306"
[13] "lglasso's bic is -687.168057545446" "lglasso's bic is -673.497033719001"
[15] "lglasso's bic is -653.251038659428" "lglasso's bic is -645.187431021466"
[17] "lglasso's bic is -631.378166024405" "lglasso's bic is -538.419110721381"
[19] "lglasso's bic is -466.577746692402" "lglasso's bic is -384.640451516695"
[1] "The 9th simulation:"
[1] "two-community heter data are generated"
[1] "heter data are generated"
[1] "heter data are generated"
 [1] "lglasso's bic is 17493.5812085359" "lglasso's bic is 13538.715676741" 
 [3] "lglasso's bic is 10761.0185269167" "lglasso's bic is 8589.41340599171"
 [5] "lglasso's bic is 6861.49834498886" "lglasso's bic is 5712.34846104233"
 [7] "lglasso's bic is 4890.80999097352" "lglasso's bic is 4402.03348562748"
 [9] "lglasso's bic is 4086.25906249215" "lglasso's bic is 3815.22232848326"
[11] "lglasso's bic is 3659.84243023241" "lglasso's bic is 3686.44393852329"
[13] "lglasso's bic is 3797.72223783715" "lglasso's bic is 3881.80069460613"
[15] "lglasso's bic is 3960.60132532262" "lglasso's bic is 4040.01503183582"
[17] "lglasso's bic is 4174.20564702736" "lglasso's bic is 4307.23950911772"
[19] "lglasso's bic is 4402.96703367469" "lglasso's bic is 4481.25484832401"
[1] "The 10th simulation:"
[1] "two-community heter data are generated"
[1] "heter data are generated"
[1] "heter data are generated"
 [1] "lglasso's bic is 20370.3229860456" "lglasso's bic is 17006.9413067019"
 [3] "lglasso's bic is 14290.7230151385" "lglasso's bic is 12244.7508779564"
 [5] "lglasso's bic is 10413.0033515599" "lglasso's bic is 9131.75624917038"
 [7] "lglasso's bic is 8158.22183820611" "lglasso's bic is 7397.32101083329"
 [9] "lglasso's bic is 6808.10708633973" "lglasso's bic is 6509.3616022744" 
[11] "lglasso's bic is 6423.65200724283" "lglasso's bic is 6318.3190648132" 
[13] "lglasso's bic is 6313.81603836258" "lglasso's bic is 6315.26358574266"
[15] "lglasso's bic is 6347.57489602175" "lglasso's bic is 6404.495116801"  
[17] "lglasso's bic is 6457.72922161853" "lglasso's bic is 6721.18637573284"
[19] "lglasso's bic is 6800.98371465314" "lglasso's bic is 6934.19155827382"
[1] "The 11th simulation:"
[1] "two-community heter data are generated"
[1] "heter data are generated"
[1] "heter data are generated"
 [1] "lglasso's bic is 14107.5569505196" "lglasso's bic is 10100.9958306382"
 [3] "lglasso's bic is 7114.1401348442"  "lglasso's bic is 5394.81847315574"
 [5] "lglasso's bic is 3838.60054731179" "lglasso's bic is 2629.18235579341"
 [7] "lglasso's bic is 1826.5009713118"  "lglasso's bic is 1364.45711055505"
 [9] "lglasso's bic is 1105.61496682844" "lglasso's bic is 992.035144958563"
[11] "lglasso's bic is 1149.63010089172" "lglasso's bic is 1151.30469734308"
[13] "lglasso's bic is 1186.94895997424" "lglasso's bic is 1225.37487327186"
[15] "lglasso's bic is 1324.12984859107" "lglasso's bic is 1436.55732518943"
[17] "lglasso's bic is 1547.99815825526" "lglasso's bic is 1662.08611803851"
[19] "lglasso's bic is 1857.8493752202"  "lglasso's bic is 1987.78216947357"
[1] "The 12th simulation:"
[1] "two-community heter data are generated"
[1] "heter data are generated"
[1] "heter data are generated"
 [1] "lglasso's bic is 23508.4128744028" "lglasso's bic is 20164.7540240983"
 [3] "lglasso's bic is 17528.4399246074" "lglasso's bic is 15344.5967918069"
 [5] "lglasso's bic is 13719.6480627165" "lglasso's bic is 12450.280967616" 
 [7] "lglasso's bic is 11390.4649903712" "lglasso's bic is 10643.5456213212"
 [9] "lglasso's bic is 10112.9638787246" "lglasso's bic is 9862.36674088217"
[11] "lglasso's bic is 9667.93835161113" "lglasso's bic is 9571.87037670136"
[13] "lglasso's bic is 9605.32263828723" "lglasso's bic is 9628.70090980412"
[15] "lglasso's bic is 9753.74227528976" "lglasso's bic is 9801.47964684561"
[17] "lglasso's bic is 9950.77617659856" "lglasso's bic is 10103.5629783001"
[19] "lglasso's bic is 10177.1426831637" "lglasso's bic is 10263.4647043369"
[1] "The 13th simulation:"
[1] "two-community heter data are generated"
[1] "heter data are generated"
[1] "heter data are generated"
 [1] "lglasso's bic is 19120.5325936586" "lglasso's bic is 15039.5951297445"
 [3] "lglasso's bic is 12236.2378436454" "lglasso's bic is 10143.1958933594"
 [5] "lglasso's bic is 8490.13032092554" "lglasso's bic is 7536.09721700328"
 [7] "lglasso's bic is 6727.72273966653" "lglasso's bic is 6329.90014102739"
 [9] "lglasso's bic is 5969.58443933755" "lglasso's bic is 5855.3330369073" 
[11] "lglasso's bic is 5703.34345850479" "lglasso's bic is 5729.1585777679" 
[13] "lglasso's bic is 5790.85111621114" "lglasso's bic is 5839.9817375165" 
[15] "lglasso's bic is 5927.49453996323" "lglasso's bic is 6245.7016855735" 
[17] "lglasso's bic is 6330.81953485032" "lglasso's bic is 6444.21605680876"
[19] "lglasso's bic is 6557.36589381864" "lglasso's bic is 6706.97085248248"
[1] "The 14th simulation:"
[1] "two-community heter data are generated"
[1] "heter data are generated"
[1] "heter data are generated"
 [1] "lglasso's bic is 18534.9769465628" "lglasso's bic is 14820.1084651775"
 [3] "lglasso's bic is 11965.2323900794" "lglasso's bic is 9678.58892782319"
 [5] "lglasso's bic is 8099.58880364199" "lglasso's bic is 6826.42082523504"
 [7] "lglasso's bic is 5797.18791483986" "lglasso's bic is 5196.67266752822"
 [9] "lglasso's bic is 4921.45932047505" "lglasso's bic is 4685.8472366844" 
[11] "lglasso's bic is 4602.07616332718" "lglasso's bic is 4530.53216064613"
[13] "lglasso's bic is 4543.59804216517" "lglasso's bic is 4966.53185036158"
[15] "lglasso's bic is 5157.63734682377" "lglasso's bic is 5208.84084186022"
[17] "lglasso's bic is 5328.25302991957" "lglasso's bic is 5424.72907672555"
[19] "lglasso's bic is 5464.32733907283" "lglasso's bic is 5513.1445190819" 
[1] "The 15th simulation:"
[1] "two-community heter data are generated"
[1] "heter data are generated"
[1] "heter data are generated"
 [1] "lglasso's bic is 18221.2033374453" "lglasso's bic is 14263.943684064" 
 [3] "lglasso's bic is 11694.3494045284" "lglasso's bic is 9730.69399061941"
 [5] "lglasso's bic is 8097.24159820331" "lglasso's bic is 6816.10700846368"
 [7] "lglasso's bic is 6000.11593308786" "lglasso's bic is 5313.26856521815"
 [9] "lglasso's bic is 4963.21663145863" "lglasso's bic is 4732.24356305311"
[11] "lglasso's bic is 4577.98608897853" "lglasso's bic is 4585.84941627303"
[13] "lglasso's bic is 5046.23157717348" "lglasso's bic is 5091.34642991864"
[15] "lglasso's bic is 5152.79448143477" "lglasso's bic is 5169.45144715654"
[17] "lglasso's bic is 5235.6301557154"  "lglasso's bic is 5348.03412394846"
[19] "lglasso's bic is 5424.5120901109"  "lglasso's bic is 5512.42596856014"
[1] "The 16th simulation:"
[1] "two-community heter data are generated"
[1] "heter data are generated"
[1] "heter data are generated"
 [1] "lglasso's bic is 17481.5672449975" "lglasso's bic is 14504.118210425" 
 [3] "lglasso's bic is 12215.3953905451" "lglasso's bic is 10024.1388343807"
 [5] "lglasso's bic is 8817.47448563973" "lglasso's bic is 7470.50077402678"
 [7] "lglasso's bic is 6450.54817953624" "lglasso's bic is 5536.77437551064"
 [9] "lglasso's bic is 4859.23478696713" "lglasso's bic is 4422.99678198577"
[11] "lglasso's bic is 4108.2761568101"  "lglasso's bic is 3837.06345061887"
[13] "lglasso's bic is 3763.47603749616" "lglasso's bic is 3713.65514015543"
[15] "lglasso's bic is 3728.23210459775" "lglasso's bic is 3737.16416028121"
[17] "lglasso's bic is 3765.90469450322" "lglasso's bic is 3811.90171961578"
[19] "lglasso's bic is 3881.16710901427" "lglasso's bic is 3933.50728593506"
[1] "The 17th simulation:"
[1] "two-community heter data are generated"
[1] "heter data are generated"
[1] "heter data are generated"
 [1] "lglasso's bic is 17172.0873765222" "lglasso's bic is 13428.4856845108"
 [3] "lglasso's bic is 11347.4572329588" "lglasso's bic is 9354.9327514296" 
 [5] "lglasso's bic is 7791.62821805763" "lglasso's bic is 6435.04148238139"
 [7] "lglasso's bic is 5616.58204235758" "lglasso's bic is 5009.4870417831" 
 [9] "lglasso's bic is 4580.83399340042" "lglasso's bic is 4237.69401579868"
[11] "lglasso's bic is 4071.46653554467" "lglasso's bic is 4066.39984230852"
[13] "lglasso's bic is 4080.97524350615" "lglasso's bic is 4177.87161789123"
[15] "lglasso's bic is 4241.02436043461" "lglasso's bic is 4363.4430707299" 
[17] "lglasso's bic is 4440.28133632741" "lglasso's bic is 4551.17340492136"
[19] "lglasso's bic is 4635.26051647535" "lglasso's bic is 4721.33944351198"
[1] "The 18th simulation:"
[1] "two-community heter data are generated"
[1] "heter data are generated"
[1] "heter data are generated"
 [1] "lglasso's bic is 20273.3270264252" "lglasso's bic is 16647.4279492438"
 [3] "lglasso's bic is 13991.5764689441" "lglasso's bic is 11723.5462479311"
 [5] "lglasso's bic is 10013.8587347416" "lglasso's bic is 8862.29804703707"
 [7] "lglasso's bic is 7958.00591447528" "lglasso's bic is 7267.7130650616" 
 [9] "lglasso's bic is 6890.20467380701" "lglasso's bic is 6665.90281473089"
[11] "lglasso's bic is 6550.39886366966" "lglasso's bic is 6533.15307359302"
[13] "lglasso's bic is 6564.78921292548" "lglasso's bic is 6589.44322152802"
[15] "lglasso's bic is 6634.89729049606" "lglasso's bic is 6845.95599739538"
[17] "lglasso's bic is 6921.22033668301" "lglasso's bic is 7012.89513273363"
[19] "lglasso's bic is 7090.48031314537" "lglasso's bic is 7199.73111115495"
[1] "The 19th simulation:"
[1] "two-community heter data are generated"
[1] "heter data are generated"
[1] "heter data are generated"
 [1] "lglasso's bic is 19741.453730778"  "lglasso's bic is 16048.3597235794"
 [3] "lglasso's bic is 13282.148614539"  "lglasso's bic is 11053.5880338899"
 [5] "lglasso's bic is 9406.00779091311" "lglasso's bic is 8152.28927864397"
 [7] "lglasso's bic is 7142.71356053765" "lglasso's bic is 6649.88994200807"
 [9] "lglasso's bic is 6336.0110148199"  "lglasso's bic is 6336.21468525045"
[11] "lglasso's bic is 6731.08170503863" "lglasso's bic is 6664.15799113859"
[13] "lglasso's bic is 6666.852165294"   "lglasso's bic is 6641.35727159487"
[15] "lglasso's bic is 6670.22218277832" "lglasso's bic is 6766.75763762045"
[17] "lglasso's bic is 6904.93537506772" "lglasso's bic is 6986.37400247133"
[19] "lglasso's bic is 7078.95536196232" "lglasso's bic is 7188.45385529875"
[1] "The 20th simulation:"
[1] "two-community heter data are generated"
[1] "heter data are generated"
[1] "heter data are generated"
 [1] "lglasso's bic is 18601.6009519488" "lglasso's bic is 14963.1933088914"
 [3] "lglasso's bic is 12470.0964310013" "lglasso's bic is 10221.8889441646"
 [5] "lglasso's bic is 8410.3103474074"  "lglasso's bic is 7080.74853046262"
 [7] "lglasso's bic is 6618.18375723671" "lglasso's bic is 6011.0265849326" 
 [9] "lglasso's bic is 5525.16210964967" "lglasso's bic is 5246.23105552139"
[11] "lglasso's bic is 4989.92033054393" "lglasso's bic is 4925.6072138254" 
[13] "lglasso's bic is 5280.14124007369" "lglasso's bic is 5289.7594050243" 
[15] "lglasso's bic is 5313.36916985558" "lglasso's bic is 5324.98444865869"
[17] "lglasso's bic is 5409.79046299055" "lglasso's bic is 5636.14105468497"
[19] "lglasso's bic is 5685.47625675236" "lglasso's bic is 5722.43392249795"
[1] "The 21th simulation:"
[1] "two-community heter data are generated"
[1] "heter data are generated"
[1] "heter data are generated"
 [1] "lglasso's bic is 19617.0185903815" "lglasso's bic is 15777.3096168393"
 [3] "lglasso's bic is 13070.6309023823" "lglasso's bic is 10939.3219160151"
 [5] "lglasso's bic is 9431.86693147743" "lglasso's bic is 8293.1483961017" 
 [7] "lglasso's bic is 7494.02803713526" "lglasso's bic is 6936.84990610941"
 [9] "lglasso's bic is 6524.72033251141" "lglasso's bic is 6320.5508290627" 
[11] "lglasso's bic is 6369.36417047226" "lglasso's bic is 6396.39779128532"
[13] "lglasso's bic is 6483.34398429395" "lglasso's bic is 6517.55127563411"
[15] "lglasso's bic is 6575.87290513044" "lglasso's bic is 6684.31873261495"
[17] "lglasso's bic is 7379.49289585061" "lglasso's bic is 7475.04646729609"
[19] "lglasso's bic is 7598.53716153358" "lglasso's bic is 7772.26893214106"
[1] "The 22th simulation:"
[1] "two-community heter data are generated"
[1] "heter data are generated"
[1] "heter data are generated"
 [1] "lglasso's bic is 25731.3805446831" "lglasso's bic is 22235.5055215617"
 [3] "lglasso's bic is 19750.4971675619" "lglasso's bic is 17728.694367679" 
 [5] "lglasso's bic is 16068.2504323355" "lglasso's bic is 14616.1505185933"
 [7] "lglasso's bic is 13465.3180983747" "lglasso's bic is 12662.9449477666"
 [9] "lglasso's bic is 12188.2221887532" "lglasso's bic is 11880.1821656009"
[11] "lglasso's bic is 11674.3226776282" "lglasso's bic is 11562.5931957369"
[13] "lglasso's bic is 11562.5943734548" "lglasso's bic is 11835.3303441586"
[15] "lglasso's bic is 11797.1831616019" "lglasso's bic is 11810.4841915322"
[17] "lglasso's bic is 11851.2270683677" "lglasso's bic is 11877.7062447853"
[19] "lglasso's bic is 12003.8395683174" "lglasso's bic is 12047.6194825534"
[1] "The 23th simulation:"
[1] "two-community heter data are generated"
[1] "heter data are generated"
[1] "heter data are generated"
 [1] "lglasso's bic is 20209.9746641858" "lglasso's bic is 16604.2030035529"
 [3] "lglasso's bic is 14136.9791237155" "lglasso's bic is 12089.2433402566"
 [5] "lglasso's bic is 10311.9898576325" "lglasso's bic is 8788.21016731269"
 [7] "lglasso's bic is 7979.70514432753" "lglasso's bic is 7217.34442868905"
 [9] "lglasso's bic is 6783.80347889148" "lglasso's bic is 6628.53111525816"
[11] "lglasso's bic is 6520.12102099545" "lglasso's bic is 6495.45047715901"
[13] "lglasso's bic is 6482.33809813814" "lglasso's bic is 6530.12803012034"
[15] "lglasso's bic is 6594.76403783993" "lglasso's bic is 6702.52115344961"
[17] "lglasso's bic is 6792.14050633537" "lglasso's bic is 6909.20257648684"
[19] "lglasso's bic is 6978.57398613603" "lglasso's bic is 7072.32232167445"
[1] "The 24th simulation:"
[1] "two-community heter data are generated"
[1] "heter data are generated"
[1] "heter data are generated"
 [1] "lglasso's bic is 14845.836383148"  "lglasso's bic is 11236.4925319284"
 [3] "lglasso's bic is 8826.70931911471" "lglasso's bic is 6765.00285105258"
 [5] "lglasso's bic is 5180.6526742286"  "lglasso's bic is 3875.60027889929"
 [7] "lglasso's bic is 2877.09519278907" "lglasso's bic is 2281.25007348514"
 [9] "lglasso's bic is 1903.91298934561" "lglasso's bic is 1725.97743590509"
[11] "lglasso's bic is 1688.52690512891" "lglasso's bic is 1629.40431831245"
[13] "lglasso's bic is 1682.69646972388" "lglasso's bic is 1688.73741112557"
[15] "lglasso's bic is 1724.30409730672" "lglasso's bic is 1795.21971766135"
[17] "lglasso's bic is 1883.17860445866" "lglasso's bic is 2159.60968860351"
[19] "lglasso's bic is 2249.20253314994" "lglasso's bic is 2324.34538662013"
[1] "The 25th simulation:"
[1] "two-community heter data are generated"
[1] "heter data are generated"
[1] "heter data are generated"
 [1] "lglasso's bic is 22945.2622716125" "lglasso's bic is 19810.4151838411"
 [3] "lglasso's bic is 17363.5165702765" "lglasso's bic is 15266.9593393953"
 [5] "lglasso's bic is 13582.6849245872" "lglasso's bic is 12379.7538506916"
 [7] "lglasso's bic is 11251.4416084401" "lglasso's bic is 10241.7465612753"
 [9] "lglasso's bic is 9551.67291738214" "lglasso's bic is 9190.2414802006" 
[11] "lglasso's bic is 9074.8533048074"  "lglasso's bic is 8949.67375153176"
[13] "lglasso's bic is 8887.54575664292" "lglasso's bic is 9024.55118697129"
[15] "lglasso's bic is 8997.52756506509" "lglasso's bic is 9054.31464060042"
[17] "lglasso's bic is 9100.82847166611" "lglasso's bic is 9138.63953561801"
[19] "lglasso's bic is 9257.23659821137" "lglasso's bic is 9323.82306681149"
[1] "The 26th simulation:"
[1] "two-community heter data are generated"
[1] "heter data are generated"
[1] "heter data are generated"
 [1] "lglasso's bic is 17580.7443081436" "lglasso's bic is 13871.9962953255"
 [3] "lglasso's bic is 11508.2614412818" "lglasso's bic is 9358.81972075081"
 [5] "lglasso's bic is 7607.10555590564" "lglasso's bic is 6223.33000953234"
 [7] "lglasso's bic is 5383.27109016474" "lglasso's bic is 4761.84501598364"
 [9] "lglasso's bic is 4936.42114822004" "lglasso's bic is 4673.77713330104"
[11] "lglasso's bic is 4499.03246980244" "lglasso's bic is 5185.41685435411"
[13] "lglasso's bic is 5130.39320448508" "lglasso's bic is 5090.54430919124"
[15] "lglasso's bic is 5038.90034702958" "lglasso's bic is 5084.05093502599"
[17] "lglasso's bic is 5293.00992096206" "lglasso's bic is 5326.07919428478"
[19] "lglasso's bic is 5390.45124293328" "lglasso's bic is 5452.23580935347"
[1] "The 27th simulation:"
[1] "two-community heter data are generated"
[1] "heter data are generated"
[1] "heter data are generated"
 [1] "lglasso's bic is 19029.5073035088" "lglasso's bic is 14997.6630830962"
 [3] "lglasso's bic is 12488.0344236028" "lglasso's bic is 10055.5018784317"
 [5] "lglasso's bic is 8627.60758441792" "lglasso's bic is 7332.28702242227"
 [7] "lglasso's bic is 6504.83311944451" "lglasso's bic is 5937.91029584206"
 [9] "lglasso's bic is 5530.54480392188" "lglasso's bic is 5358.60248189807"
[11] "lglasso's bic is 5468.21604129712" "lglasso's bic is 5510.328458457"  
[13] "lglasso's bic is 5543.50228547446" "lglasso's bic is 5595.74357736868"
[15] "lglasso's bic is 5652.96782346611" "lglasso's bic is 5735.83475884849"
[17] "lglasso's bic is 5863.80027254944" "lglasso's bic is 6026.95882424213"
[19] "lglasso's bic is 6128.26949621582" "lglasso's bic is 6227.822654233"  
[1] "The 28th simulation:"
[1] "two-community heter data are generated"
[1] "heter data are generated"
[1] "heter data are generated"
 [1] "lglasso's bic is 21774.7383716862" "lglasso's bic is 18105.3781036735"
 [3] "lglasso's bic is 15060.4783404955" "lglasso's bic is 13135.8252768388"
 [5] "lglasso's bic is 11539.2437675674" "lglasso's bic is 10274.2799578015"
 [7] "lglasso's bic is 9376.59798537366" "lglasso's bic is 8753.64355670385"
 [9] "lglasso's bic is 8367.35976991877" "lglasso's bic is 8103.78633028996"
[11] "lglasso's bic is 7983.9346846921"  "lglasso's bic is 7873.81221405568"
[13] "lglasso's bic is 7900.67912466482" "lglasso's bic is 7930.23400544228"
[15] "lglasso's bic is 7969.99219676868" "lglasso's bic is 8074.87589704894"
[17] "lglasso's bic is 8150.21330382441" "lglasso's bic is 8293.29335191611"
[19] "lglasso's bic is 8368.80983545396" "lglasso's bic is 8734.14619031189"
[1] "The 29th simulation:"
[1] "two-community heter data are generated"
[1] "heter data are generated"
[1] "heter data are generated"
 [1] "lglasso's bic is 20224.938312302"  "lglasso's bic is 16593.7004387535"
 [3] "lglasso's bic is 13617.0372994947" "lglasso's bic is 11487.6829835791"
 [5] "lglasso's bic is 9775.72492664504" "lglasso's bic is 8481.22344445895"
 [7] "lglasso's bic is 7443.29161897988" "lglasso's bic is 6848.06066216197"
 [9] "lglasso's bic is 6570.23161211095" "lglasso's bic is 6349.47712864274"
[11] "lglasso's bic is 6472.25909001644" "lglasso's bic is 6509.5218851852" 
[13] "lglasso's bic is 6443.66511279543" "lglasso's bic is 6725.04566629444"
[15] "lglasso's bic is 6758.08594345987" "lglasso's bic is 6786.08999749734"
[17] "lglasso's bic is 6834.45516061991" "lglasso's bic is 6906.54975180749"
[19] "lglasso's bic is 7055.28748079093" "lglasso's bic is 7152.67593845703"
[1] "The 30th simulation:"
[1] "two-community heter data are generated"
[1] "heter data are generated"
[1] "heter data are generated"
 [1] "lglasso's bic is 19890.497427833"  "lglasso's bic is 16388.1975966956"
 [3] "lglasso's bic is 13647.3563258163" "lglasso's bic is 11609.4777583239"
 [5] "lglasso's bic is 9944.60416112795" "lglasso's bic is 8501.36659115758"
 [7] "lglasso's bic is 7420.2872426078"  "lglasso's bic is 6626.2351473109" 
 [9] "lglasso's bic is 6157.87255507822" "lglasso's bic is 5916.29000218243"
[11] "lglasso's bic is 5829.49894271736" "lglasso's bic is 5701.63311093606"
[13] "lglasso's bic is 5689.81594834046" "lglasso's bic is 5902.31203955533"
[15] "lglasso's bic is 5963.36605817782" "lglasso's bic is 6122.87911753809"
[17] "lglasso's bic is 6174.15686815401" "lglasso's bic is 6254.03179719516"
[19] "lglasso's bic is 6388.74513705567" "lglasso's bic is 6609.82203193966"
[1] "The 31th simulation:"
[1] "two-community heter data are generated"
[1] "heter data are generated"
[1] "heter data are generated"
 [1] "lglasso's bic is 11265.8461630828"  "lglasso's bic is 7517.15056872433" 
 [3] "lglasso's bic is 4667.84428454266"  "lglasso's bic is 2046.97180695942" 
 [5] "lglasso's bic is 722.133976535436"  "lglasso's bic is -502.462665133993"
 [7] "lglasso's bic is -1397.7485287202"  "lglasso's bic is -1964.89837289216"
 [9] "lglasso's bic is -2400.14134960277" "lglasso's bic is -2590.82908813734"
[11] "lglasso's bic is -2667.20534272005" "lglasso's bic is -2623.12211206934"
[13] "lglasso's bic is -2604.24178794985" "lglasso's bic is -2542.50124158234"
[15] "lglasso's bic is -2480.73792780877" "lglasso's bic is -2400.68296055748"
[17] "lglasso's bic is -2325.78809700758" "lglasso's bic is -2228.46018351954"
[19] "lglasso's bic is -2080.19773665309" "lglasso's bic is -2007.18065805962"
[1] "The 32th simulation:"
[1] "two-community heter data are generated"
[1] "heter data are generated"
[1] "heter data are generated"
 [1] "lglasso's bic is 20750.9835582936" "lglasso's bic is 17167.6308688179"
 [3] "lglasso's bic is 14835.37282747"   "lglasso's bic is 12548.0742469538"
 [5] "lglasso's bic is 10931.9661451977" "lglasso's bic is 9594.96779745278"
 [7] "lglasso's bic is 8593.05630822667" "lglasso's bic is 7888.2434909933" 
 [9] "lglasso's bic is 7402.26705612707" "lglasso's bic is 6974.97198098882"
[11] "lglasso's bic is 6911.96437246893" "lglasso's bic is 6856.02117780152"
[13] "lglasso's bic is 6814.22476350988" "lglasso's bic is 6890.99931505528"
[15] "lglasso's bic is 7053.0292630213"  "lglasso's bic is 7111.19134270846"
[17] "lglasso's bic is 7172.86836548004" "lglasso's bic is 7280.33169836939"
[19] "lglasso's bic is 7364.3273554441"  "lglasso's bic is 7463.71913474987"
[1] "The 33th simulation:"
[1] "two-community heter data are generated"
[1] "heter data are generated"
[1] "heter data are generated"
 [1] "lglasso's bic is 17053.9195144261" "lglasso's bic is 13303.4768962011"
 [3] "lglasso's bic is 11697.8515287602" "lglasso's bic is 9590.45755352224"
 [5] "lglasso's bic is 7804.08183453235" "lglasso's bic is 6522.05223016565"
 [7] "lglasso's bic is 5485.37656425593" "lglasso's bic is 4777.58686730223"
 [9] "lglasso's bic is 4228.9649316935"  "lglasso's bic is 3845.19087617573"
[11] "lglasso's bic is 3653.5044813182"  "lglasso's bic is 3583.21074885065"
[13] "lglasso's bic is 3499.13532031845" "lglasso's bic is 3508.18830626576"
[15] "lglasso's bic is 3540.82796514774" "lglasso's bic is 3594.05956943417"
[17] "lglasso's bic is 3715.12097092525" "lglasso's bic is 3957.49411769813"
[19] "lglasso's bic is 4265.57514536375" "lglasso's bic is 4345.21574178332"
[1] "The 34th simulation:"
[1] "two-community heter data are generated"
[1] "heter data are generated"
[1] "heter data are generated"
 [1] "lglasso's bic is 20845.4109247872" "lglasso's bic is 17403.6540280834"
 [3] "lglasso's bic is 14406.3531431539" "lglasso's bic is 12372.1412681728"
 [5] "lglasso's bic is 10850.946119836"  "lglasso's bic is 9663.24884487454"
 [7] "lglasso's bic is 8534.3644524359"  "lglasso's bic is 7767.59030765526"
 [9] "lglasso's bic is 7286.18861031396" "lglasso's bic is 7147.75742737418"
[11] "lglasso's bic is 6968.89955950174" "lglasso's bic is 6935.08674987534"
[13] "lglasso's bic is 6909.60786302454" "lglasso's bic is 7002.72459289698"
[15] "lglasso's bic is 7048.9102491269"  "lglasso's bic is 7133.23147288476"
[17] "lglasso's bic is 7220.02230433332" "lglasso's bic is 7315.50547644041"
[19] "lglasso's bic is 7393.5168188581"  "lglasso's bic is 7633.77783757174"
[1] "The 35th simulation:"
[1] "two-community heter data are generated"
[1] "heter data are generated"
[1] "heter data are generated"
 [1] "lglasso's bic is 20044.8009937411" "lglasso's bic is 16436.4350593944"
 [3] "lglasso's bic is 13770.2671317209" "lglasso's bic is 11607.5653605173"
 [5] "lglasso's bic is 9853.61289622093" "lglasso's bic is 8609.65394108547"
 [7] "lglasso's bic is 7598.27088218147" "lglasso's bic is 6973.44631875833"
 [9] "lglasso's bic is 6468.72446385829" "lglasso's bic is 6177.64568286961"
[11] "lglasso's bic is 6076.22197435839" "lglasso's bic is 5884.14594609693"
[13] "lglasso's bic is 5881.41967066608" "lglasso's bic is 5978.49844742003"
[15] "lglasso's bic is 6020.62046346115" "lglasso's bic is 6083.64791888375"
[17] "lglasso's bic is 6221.74557930618" "lglasso's bic is 6330.9544062366" 
[19] "lglasso's bic is 6419.67029152478" "lglasso's bic is 6494.87580437223"
[1] "The 36th simulation:"
[1] "two-community heter data are generated"
[1] "heter data are generated"
[1] "heter data are generated"
 [1] "lglasso's bic is 16560.8342493525" "lglasso's bic is 13408.3903291791"
 [3] "lglasso's bic is 10870.0484628899" "lglasso's bic is 8736.84783080583"
 [5] "lglasso's bic is 7047.38327684525" "lglasso's bic is 5702.81801707785"
 [7] "lglasso's bic is 4732.41870876911" "lglasso's bic is 4013.15770377417"
 [9] "lglasso's bic is 3554.44012396036" "lglasso's bic is 3197.92542453586"
[11] "lglasso's bic is 3057.7809930163"  "lglasso's bic is 2952.55953211729"
[13] "lglasso's bic is 3033.20268398636" "lglasso's bic is 3065.41419696914"
[15] "lglasso's bic is 3105.51655728735" "lglasso's bic is 3542.3910703471" 
[17] "lglasso's bic is 3575.37301788737" "lglasso's bic is 3633.8798910942" 
[19] "lglasso's bic is 3675.2885756649"  "lglasso's bic is 3758.08364815379"
[1] "The 37th simulation:"
[1] "two-community heter data are generated"
[1] "heter data are generated"
[1] "heter data are generated"
 [1] "lglasso's bic is 17245.7212932223" "lglasso's bic is 13279.3042004893"
 [3] "lglasso's bic is 10708.4047405271" "lglasso's bic is 8723.47116967617"
 [5] "lglasso's bic is 7226.60478164477" "lglasso's bic is 5922.21594375241"
 [7] "lglasso's bic is 4932.07726304423" "lglasso's bic is 4277.24255602814"
 [9] "lglasso's bic is 3859.24256467471" "lglasso's bic is 3553.42549892904"
[11] "lglasso's bic is 3783.62215836667" "lglasso's bic is 3747.49050134072"
[13] "lglasso's bic is 3760.5723627622"  "lglasso's bic is 3937.82500639074"
[15] "lglasso's bic is 4003.81794996517" "lglasso's bic is 4073.97087551697"
[17] "lglasso's bic is 4118.63981198375" "lglasso's bic is 4213.6087546305" 
[19] "lglasso's bic is 4325.45998832062" "lglasso's bic is 4821.69542142167"
[1] "The 38th simulation:"
[1] "two-community heter data are generated"
[1] "heter data are generated"
[1] "heter data are generated"
 [1] "lglasso's bic is 16574.3177780137" "lglasso's bic is 12464.4084432174"
 [3] "lglasso's bic is 10422.1266151428" "lglasso's bic is 8488.39162265939"
 [5] "lglasso's bic is 6712.53864797237" "lglasso's bic is 5640.3892269411" 
 [7] "lglasso's bic is 4777.35346709409" "lglasso's bic is 4299.50118358734"
 [9] "lglasso's bic is 3902.18308692214" "lglasso's bic is 3609.2753893912" 
[11] "lglasso's bic is 3547.57983126712" "lglasso's bic is 3499.68182664131"
[13] "lglasso's bic is 3504.67580122249" "lglasso's bic is 3831.86046577785"
[15] "lglasso's bic is 3866.91123111816" "lglasso's bic is 3938.36046879657"
[17] "lglasso's bic is 3961.26623541114" "lglasso's bic is 4043.99823670459"
[19] "lglasso's bic is 4221.00110349485" "lglasso's bic is 4315.15781312318"
[1] "The 39th simulation:"
[1] "two-community heter data are generated"
[1] "heter data are generated"
[1] "heter data are generated"
 [1] "lglasso's bic is 17985.2032796661" "lglasso's bic is 14279.0861362897"
 [3] "lglasso's bic is 11833.716908601"  "lglasso's bic is 9896.37915169665"
 [5] "lglasso's bic is 8202.75488264954" "lglasso's bic is 6971.52674511635"
 [7] "lglasso's bic is 5646.47696324386" "lglasso's bic is 4999.18082390256"
 [9] "lglasso's bic is 4533.82267691441" "lglasso's bic is 4193.15166788027"
[11] "lglasso's bic is 3993.93651424469" "lglasso's bic is 4024.31608738283"
[13] "lglasso's bic is 4056.66258944486" "lglasso's bic is 4085.69840275098"
[15] "lglasso's bic is 4124.25610767769" "lglasso's bic is 4157.02047187172"
[17] "lglasso's bic is 4222.59952478513" "lglasso's bic is 4301.80318334656"
[19] "lglasso's bic is 4382.89709949744" "lglasso's bic is 4671.29242860496"
[1] "The 40th simulation:"
[1] "two-community heter data are generated"
[1] "heter data are generated"
[1] "heter data are generated"
 [1] "lglasso's bic is 16976.6045764254" "lglasso's bic is 13066.2772343759"
 [3] "lglasso's bic is 10598.1050369787" "lglasso's bic is 8592.81271741422"
 [5] "lglasso's bic is 7138.02002928911" "lglasso's bic is 6147.54512674482"
 [7] "lglasso's bic is 5282.63930848762" "lglasso's bic is 4759.35575726267"
 [9] "lglasso's bic is 4366.365166575"   "lglasso's bic is 4162.13435103307"
[11] "lglasso's bic is 3971.85093378511" "lglasso's bic is 4029.90737737474"
[13] "lglasso's bic is 4067.38482926508" "lglasso's bic is 4151.18328184332"
[15] "lglasso's bic is 4245.29575321813" "lglasso's bic is 4382.81495190971"
[17] "lglasso's bic is 4484.02875625217" "lglasso's bic is 4888.7163039362" 
[19] "lglasso's bic is 5010.13954578779" "lglasso's bic is 5130.66642493185"
[1] "The 41th simulation:"
[1] "two-community heter data are generated"
[1] "heter data are generated"
[1] "heter data are generated"
 [1] "lglasso's bic is 19411.8791035931" "lglasso's bic is 15856.2574018118"
 [3] "lglasso's bic is 12756.7560337768" "lglasso's bic is 10527.3210486809"
 [5] "lglasso's bic is 8873.85882947384" "lglasso's bic is 7503.61717693668"
 [7] "lglasso's bic is 6520.04434758186" "lglasso's bic is 5821.30455696921"
 [9] "lglasso's bic is 5475.46714725884" "lglasso's bic is 5186.22707255918"
[11] "lglasso's bic is 5066.82562578931" "lglasso's bic is 5060.0535425711" 
[13] "lglasso's bic is 5066.77567807262" "lglasso's bic is 5102.80667074187"
[15] "lglasso's bic is 5154.15693491356" "lglasso's bic is 5253.37090729859"
[17] "lglasso's bic is 5321.29373882301" "lglasso's bic is 5652.5238289165" 
[19] "lglasso's bic is 5711.64549901398" "lglasso's bic is 5786.46386545489"
[1] "The 42th simulation:"
[1] "two-community heter data are generated"
[1] "heter data are generated"
[1] "heter data are generated"
 [1] "lglasso's bic is 17365.4352110564" "lglasso's bic is 13883.3543546951"
 [3] "lglasso's bic is 10843.1282864779" "lglasso's bic is 8914.02210581952"
 [5] "lglasso's bic is 7231.0021412165"  "lglasso's bic is 5891.75507956582"
 [7] "lglasso's bic is 5015.50824849423" "lglasso's bic is 4508.97066427068"
 [9] "lglasso's bic is 4241.73418641871" "lglasso's bic is 4047.92354609585"
[11] "lglasso's bic is 3967.52788547449" "lglasso's bic is 3895.4069579752" 
[13] "lglasso's bic is 3903.84153033153" "lglasso's bic is 3966.55630197922"
[15] "lglasso's bic is 3988.65487856973" "lglasso's bic is 4078.8303158653" 
[17] "lglasso's bic is 4158.86094713929" "lglasso's bic is 4243.43097067056"
[19] "lglasso's bic is 4555.24858116625" "lglasso's bic is 4678.362773986"  
[1] "The 43th simulation:"
[1] "two-community heter data are generated"
[1] "heter data are generated"
[1] "heter data are generated"
 [1] "lglasso's bic is 15663.0858759588" "lglasso's bic is 11986.4789030625"
 [3] "lglasso's bic is 9017.80357616969" "lglasso's bic is 6536.5605442663" 
 [5] "lglasso's bic is 4999.17689103438" "lglasso's bic is 3506.41581904589"
 [7] "lglasso's bic is 2779.111845881"   "lglasso's bic is 2174.06493416788"
 [9] "lglasso's bic is 1775.30617020006" "lglasso's bic is 1555.35405946404"
[11] "lglasso's bic is 1548.0198207367"  "lglasso's bic is 1569.84167537485"
[13] "lglasso's bic is 1596.98063898291" "lglasso's bic is 1653.29818827565"
[15] "lglasso's bic is 1709.11985840159" "lglasso's bic is 1810.25233598437"
[17] "lglasso's bic is 1903.29335518206" "lglasso's bic is 2036.91766784408"
[19] "lglasso's bic is 2119.98947357308" "lglasso's bic is 2196.49980763738"
[1] "The 44th simulation:"
[1] "two-community heter data are generated"
[1] "heter data are generated"
[1] "heter data are generated"
 [1] "lglasso's bic is 19070.9297638273" "lglasso's bic is 15252.2357597912"
 [3] "lglasso's bic is 12443.8052502652" "lglasso's bic is 10516.4906766492"
 [5] "lglasso's bic is 8897.95435381684" "lglasso's bic is 7457.4964858837" 
 [7] "lglasso's bic is 6494.41083620888" "lglasso's bic is 5909.83751271371"
 [9] "lglasso's bic is 5426.5868119458"  "lglasso's bic is 5411.58843469729"
[11] "lglasso's bic is 5208.15601496988" "lglasso's bic is 5128.72467585386"
[13] "lglasso's bic is 5257.74114299514" "lglasso's bic is 5306.49665124941"
[15] "lglasso's bic is 5410.09421442323" "lglasso's bic is 5439.12473452095"
[17] "lglasso's bic is 5488.26177373108" "lglasso's bic is 5543.73551471506"
[19] "lglasso's bic is 5610.19276145869" "lglasso's bic is 5675.84056602177"
[1] "The 45th simulation:"
[1] "two-community heter data are generated"
[1] "heter data are generated"
[1] "heter data are generated"
 [1] "lglasso's bic is 23400.3671816618" "lglasso's bic is 19856.9992592666"
 [3] "lglasso's bic is 17395.1780347843" "lglasso's bic is 15281.6158046952"
 [5] "lglasso's bic is 13723.4262620492" "lglasso's bic is 12232.0312603879"
 [7] "lglasso's bic is 11461.0660115943" "lglasso's bic is 10673.0670154823"
 [9] "lglasso's bic is 10202.031238823"  "lglasso's bic is 9944.69302446372"
[11] "lglasso's bic is 9777.12219993301" "lglasso's bic is 9661.45918041401"
[13] "lglasso's bic is 9636.89611896387" "lglasso's bic is 9619.77023156971"
[15] "lglasso's bic is 9742.07312723671" "lglasso's bic is 9870.81303287248"
[17] "lglasso's bic is 9924.75063941218" "lglasso's bic is 9974.06619589112"
[19] "lglasso's bic is 10053.0019515277" "lglasso's bic is 10166.112069463" 
[1] "The 46th simulation:"
[1] "two-community heter data are generated"
[1] "heter data are generated"
[1] "heter data are generated"
 [1] "lglasso's bic is 11489.1413827869"  "lglasso's bic is 8591.61506531214" 
 [3] "lglasso's bic is 6214.92230039634"  "lglasso's bic is 4240.31420580545" 
 [5] "lglasso's bic is 2529.12084005788"  "lglasso's bic is 1334.36596334078" 
 [7] "lglasso's bic is 326.163966257517"  "lglasso's bic is -379.417621900108"
 [9] "lglasso's bic is -914.77554611945"  "lglasso's bic is -1315.44926466748"
[11] "lglasso's bic is -1572.49953509037" "lglasso's bic is -1742.10214449932"
[13] "lglasso's bic is -1896.05542261217" "lglasso's bic is -1437.5324782209" 
[15] "lglasso's bic is -1506.30608438607" "lglasso's bic is -1531.29613764002"
[17] "lglasso's bic is -1560.48932054355" "lglasso's bic is -1516.58804109284"
[19] "lglasso's bic is -1533.07335894879" "lglasso's bic is -1494.13467870055"
[1] "The 47th simulation:"
[1] "two-community heter data are generated"
[1] "heter data are generated"
[1] "heter data are generated"
 [1] "lglasso's bic is 18154.4628882398" "lglasso's bic is 14580.0727202343"
 [3] "lglasso's bic is 12011.0930696709" "lglasso's bic is 9641.57116972934"
 [5] "lglasso's bic is 8116.64332334993" "lglasso's bic is 6861.85276501542"
 [7] "lglasso's bic is 5848.70522264887" "lglasso's bic is 5179.03545761843"
 [9] "lglasso's bic is 4697.23680124665" "lglasso's bic is 4832.06544036643"
[11] "lglasso's bic is 4656.99084139555" "lglasso's bic is 4720.58272027551"
[13] "lglasso's bic is 4637.3070539154"  "lglasso's bic is 4638.21378635448"
[15] "lglasso's bic is 4659.78287841793" "lglasso's bic is 4666.75971994176"
[17] "lglasso's bic is 4703.54709644779" "lglasso's bic is 4764.89226495181"
[19] "lglasso's bic is 5170.20521601031" "lglasso's bic is 5243.2993214537" 
[1] "The 48th simulation:"
[1] "two-community heter data are generated"
[1] "heter data are generated"
[1] "heter data are generated"
 [1] "lglasso's bic is 18451.9937338048" "lglasso's bic is 14707.9515940211"
 [3] "lglasso's bic is 11980.0289122068" "lglasso's bic is 9915.05993212118"
 [5] "lglasso's bic is 8314.05822313534" "lglasso's bic is 7005.56763406411"
 [7] "lglasso's bic is 6169.27762778546" "lglasso's bic is 5508.54936881686"
 [9] "lglasso's bic is 5095.23158611491" "lglasso's bic is 4847.86619938466"
[11] "lglasso's bic is 4632.0381530518"  "lglasso's bic is 4566.49234729404"
[13] "lglasso's bic is 4550.58564571791" "lglasso's bic is 4609.93787521822"
[15] "lglasso's bic is 4690.85190544549" "lglasso's bic is 4759.50999458039"
[17] "lglasso's bic is 5368.14352557158" "lglasso's bic is 5468.26109531029"
[19] "lglasso's bic is 5544.33342385552" "lglasso's bic is 5608.77795163738"
[1] "The 49th simulation:"
[1] "two-community heter data are generated"
[1] "heter data are generated"
[1] "heter data are generated"
 [1] "lglasso's bic is 21285.5356337054" "lglasso's bic is 18060.1395637852"
 [3] "lglasso's bic is 15502.3815682702" "lglasso's bic is 13276.5525274564"
 [5] "lglasso's bic is 11381.804971533"  "lglasso's bic is 10137.3242203169"
 [7] "lglasso's bic is 9182.90984765473" "lglasso's bic is 8389.21862753312"
 [9] "lglasso's bic is 7926.15520749175" "lglasso's bic is 7498.49689410495"
[11] "lglasso's bic is 7414.18041621268" "lglasso's bic is 7336.37280284518"
[13] "lglasso's bic is 7299.7456999465"  "lglasso's bic is 7361.68753428386"
[15] "lglasso's bic is 7402.852925958"   "lglasso's bic is 7590.46612504479"
[17] "lglasso's bic is 7639.65465211413" "lglasso's bic is 7799.51229672445"
[19] "lglasso's bic is 8078.92989700109" "lglasso's bic is 8124.54223551203"
[1] "The 50th simulation:"
[1] "two-community heter data are generated"
[1] "heter data are generated"
[1] "heter data are generated"
 [1] "lglasso's bic is 19889.2306695407" "lglasso's bic is 16440.6155367954"
 [3] "lglasso's bic is 13916.211359374"  "lglasso's bic is 11823.8383616208"
 [5] "lglasso's bic is 10030.0158939602" "lglasso's bic is 9076.4470405977" 
 [7] "lglasso's bic is 8123.51196041907" "lglasso's bic is 7549.56524492805"
 [9] "lglasso's bic is 7197.93971176954" "lglasso's bic is 7335.50038668821"
[11] "lglasso's bic is 7243.31916551622" "lglasso's bic is 7071.21023531966"
[13] "lglasso's bic is 7001.80972629029" "lglasso's bic is 6955.86826067944"
[15] "lglasso's bic is 7152.31179407685" "lglasso's bic is 7210.05605461062"
[17] "lglasso's bic is 7291.38000996285" "lglasso's bic is 7374.96390994732"
[19] "lglasso's bic is 7552.70439493904" "lglasso's bic is 7653.98562353948"
There were 50 or more warnings (use warnings() to see the first 50)
> save(simures,file="subject=20_time=20_uu2=0.4.Rd")
> q("no")
> proc.time()
     user    system   elapsed 
20356.812    55.479 23253.714 
