
R version 4.1.2 (2021-11-01) -- "Bird Hippie"
Copyright (C) 2021 The R Foundation for Statistical Computing
Platform: x86_64-pc-linux-gnu (64-bit)

R is free software and comes with ABSOLUTELY NO WARRANTY.
You are welcome to redistribute it under certain conditions.
Type 'license()' or 'licence()' for distribution details.

  Natural language support but running in an English locale

R is a collaborative project with many contributors.
Type 'contributors()' for more information and
'citation()' on how to cite R or R packages in publications.

Type 'demo()' for some demos, 'help()' for on-line help, or
'help.start()' for an HTML browser interface to help.
Type 'q()' to quit R.

> library("lglasso")
> library("glasso")
> library("BDgraph")
> library("GGMselect")
Loading required package: mvtnorm

Attaching package: 'mvtnorm'

The following object is masked from 'package:BDgraph':

    rmvnorm

> library("Matrix")
> m=40
> n=10
> uu2=0.2
> Nsim=50
> rho=vector("list",5)
> rho[[1]]=seq(0.001,0.3,length=20)
> rho[[2]]=seq(0.001,0.3,length=20)
> rho[[3]]=seq(0.001,0.3,length=20)
> rho[[4]]=seq(0.00001,0.1,length=10)
> rho[[5]]=seq(0.00001,0.1,length=10)
> set.seed(m+n+uu2)
> simures=power_compare1(m=m,n=n,p=80,coe=c(2,0,0),l=Nsim,rho=rho,prob=0.01,heter=T,community2=T,uu=c(0.1,uu2),zirate=c(0.2, 0.8))
[1] "The 1th simulation:"
[1] "two-community heter data are generated"
[1] "heter data are generated"
[1] "heter data are generated"
 [1] "lglasso's bic is 17863.5969815828" "lglasso's bic is 14015.5222120403"
 [3] "lglasso's bic is 11191.0376470528" "lglasso's bic is 8927.40329488114"
 [5] "lglasso's bic is 7675.52134900492" "lglasso's bic is 6516.80693655971"
 [7] "lglasso's bic is 5751.93144599169" "lglasso's bic is 5251.16911201755"
 [9] "lglasso's bic is 4768.75372847043" "lglasso's bic is 4599.3400365621" 
[11] "lglasso's bic is 4449.17367448077" "lglasso's bic is 4412.29817517805"
[13] "lglasso's bic is 4484.94875027786" "lglasso's bic is 4587.72117644788"
[15] "lglasso's bic is 4776.33475225246" "lglasso's bic is 4869.20190702169"
[17] "lglasso's bic is 4982.76249655438" "lglasso's bic is 5086.27827738926"
[19] "lglasso's bic is 5284.68912368447" "lglasso's bic is 5415.18882159445"
[1] "The 2th simulation:"
[1] "two-community heter data are generated"
[1] "heter data are generated"
[1] "heter data are generated"
 [1] "lglasso's bic is 16031.904624365"  "lglasso's bic is 11767.8019503261"
 [3] "lglasso's bic is 9130.59995193297" "lglasso's bic is 7378.88324067286"
 [5] "lglasso's bic is 6011.18954431517" "lglasso's bic is 5079.69357081967"
 [7] "lglasso's bic is 4358.59097257931" "lglasso's bic is 3852.36923755139"
 [9] "lglasso's bic is 3488.76759927024" "lglasso's bic is 3508.15658054687"
[11] "lglasso's bic is 3540.90766853927" "lglasso's bic is 3631.17686497941"
[13] "lglasso's bic is 3806.84826031815" "lglasso's bic is 3956.29320183013"
[15] "lglasso's bic is 4133.56231943734" "lglasso's bic is 4269.13236109016"
[17] "lglasso's bic is 4446.59947251899" "lglasso's bic is 4601.6969786028" 
[19] "lglasso's bic is 4753.04686402683" "lglasso's bic is 4958.72027605992"
[1] "The 3th simulation:"
[1] "two-community heter data are generated"
[1] "heter data are generated"
[1] "heter data are generated"
 [1] "lglasso's bic is 15217.9014062729" "lglasso's bic is 11227.8379360254"
 [3] "lglasso's bic is 8198.69205896492" "lglasso's bic is 5950.87666373183"
 [5] "lglasso's bic is 4348.01948969421" "lglasso's bic is 3079.33712124806"
 [7] "lglasso's bic is 2408.60956555814" "lglasso's bic is 1995.99252824453"
 [9] "lglasso's bic is 1658.93118167321" "lglasso's bic is 1525.06881883042"
[11] "lglasso's bic is 1619.25511019635" "lglasso's bic is 1714.48173404882"
[13] "lglasso's bic is 1915.94256528997" "lglasso's bic is 1998.35135978455"
[15] "lglasso's bic is 2256.71186890572" "lglasso's bic is 2346.93647453566"
[17] "lglasso's bic is 2451.3663570349"  "lglasso's bic is 2532.06413262064"
[19] "lglasso's bic is 2626.00136530228" "lglasso's bic is 2732.48020666008"
[1] "The 4th simulation:"
[1] "two-community heter data are generated"
[1] "heter data are generated"
[1] "heter data are generated"
 [1] "lglasso's bic is 15224.4122788342" "lglasso's bic is 10607.8436024371"
 [3] "lglasso's bic is 8263.40483966405" "lglasso's bic is 6362.03205105348"
 [5] "lglasso's bic is 4932.91156145731" "lglasso's bic is 4002.44565124213"
 [7] "lglasso's bic is 3288.55712908596" "lglasso's bic is 2756.89046413226"
 [9] "lglasso's bic is 2501.25743346573" "lglasso's bic is 2403.36132346764"
[11] "lglasso's bic is 2410.69089319447" "lglasso's bic is 2477.66905454979"
[13] "lglasso's bic is 2624.61866799928" "lglasso's bic is 3066.55488575345"
[15] "lglasso's bic is 3188.80221795398" "lglasso's bic is 3304.0056218374" 
[17] "lglasso's bic is 3452.58862137472" "lglasso's bic is 3578.77044102139"
[19] "lglasso's bic is 3759.15058632883" "lglasso's bic is 3888.26677174818"
[1] "The 5th simulation:"
[1] "two-community heter data are generated"
[1] "heter data are generated"
[1] "heter data are generated"
 [1] "lglasso's bic is 18066.6906016963" "lglasso's bic is 14206.0342156396"
 [3] "lglasso's bic is 11431.9915781308" "lglasso's bic is 9292.10896488822"
 [5] "lglasso's bic is 7580.56514813928" "lglasso's bic is 6476.657414733"  
 [7] "lglasso's bic is 5741.13698449717" "lglasso's bic is 5174.96775568212"
 [9] "lglasso's bic is 4973.07753592211" "lglasso's bic is 4831.01521679262"
[11] "lglasso's bic is 4787.3246069457"  "lglasso's bic is 4831.92376510152"
[13] "lglasso's bic is 4908.7436581795"  "lglasso's bic is 5017.50273188332"
[15] "lglasso's bic is 5244.82954814404" "lglasso's bic is 5476.20614205682"
[17] "lglasso's bic is 5711.29207367235" "lglasso's bic is 5906.93785864219"
[19] "lglasso's bic is 6003.61555399421" "lglasso's bic is 6210.49913714117"
[1] "The 6th simulation:"
[1] "two-community heter data are generated"
[1] "heter data are generated"
[1] "heter data are generated"
 [1] "lglasso's bic is 20153.6926338871" "lglasso's bic is 16436.7944704555"
 [3] "lglasso's bic is 13656.7922179397" "lglasso's bic is 11361.5815469622"
 [5] "lglasso's bic is 9712.02287810551" "lglasso's bic is 8389.71614551237"
 [7] "lglasso's bic is 7572.88918343471" "lglasso's bic is 7039.43306275683"
 [9] "lglasso's bic is 6623.85976574805" "lglasso's bic is 6449.07099038262"
[11] "lglasso's bic is 6514.30366973566" "lglasso's bic is 6525.89814701734"
[13] "lglasso's bic is 6585.52691547135" "lglasso's bic is 6673.86030835671"
[15] "lglasso's bic is 6793.46963747984" "lglasso's bic is 6889.15268998935"
[17] "lglasso's bic is 6993.80232213029" "lglasso's bic is 7180.22758439821"
[19] "lglasso's bic is 7383.69001753164" "lglasso's bic is 7489.8471514586" 
[1] "The 7th simulation:"
[1] "two-community heter data are generated"
[1] "heter data are generated"
[1] "heter data are generated"
 [1] "lglasso's bic is 18669.0844748034" "lglasso's bic is 14747.2073302296"
 [3] "lglasso's bic is 11782.1936817889" "lglasso's bic is 9347.98730456928"
 [5] "lglasso's bic is 7795.53980344128" "lglasso's bic is 6712.41348522005"
 [7] "lglasso's bic is 5963.74148964282" "lglasso's bic is 5488.82752876013"
 [9] "lglasso's bic is 5161.89036715745" "lglasso's bic is 5005.75761766985"
[11] "lglasso's bic is 5084.82646811795" "lglasso's bic is 5158.907924619"  
[13] "lglasso's bic is 5262.14697291143" "lglasso's bic is 5351.74298759002"
[15] "lglasso's bic is 5440.71295635143" "lglasso's bic is 5580.42604175348"
[17] "lglasso's bic is 5753.21293562365" "lglasso's bic is 5865.87858866131"
[19] "lglasso's bic is 5998.71345466489" "lglasso's bic is 6114.56189620103"
[1] "The 8th simulation:"
[1] "two-community heter data are generated"
[1] "heter data are generated"
[1] "heter data are generated"
 [1] "lglasso's bic is 13199.9862747239" "lglasso's bic is 9027.29361370012"
 [3] "lglasso's bic is 6232.12579250808" "lglasso's bic is 4171.96648574842"
 [5] "lglasso's bic is 2761.10752575516" "lglasso's bic is 1650.04350407596"
 [7] "lglasso's bic is 993.927277758889" "lglasso's bic is 504.335300384296"
 [9] "lglasso's bic is 347.559300034856" "lglasso's bic is 235.07601036569" 
[11] "lglasso's bic is 252.178852198684" "lglasso's bic is 343.002128201007"
[13] "lglasso's bic is 442.890989516047" "lglasso's bic is 666.680012386597"
[15] "lglasso's bic is 792.093921815699" "lglasso's bic is 937.737738609585"
[17] "lglasso's bic is 1248.76779766463" "lglasso's bic is 1479.71071007054"
[19] "lglasso's bic is 1600.54212471827" "lglasso's bic is 2055.8030302192" 
[1] "The 9th simulation:"
[1] "two-community heter data are generated"
[1] "heter data are generated"
[1] "heter data are generated"
 [1] "lglasso's bic is 18739.3712226659" "lglasso's bic is 14927.41751064"  
 [3] "lglasso's bic is 12132.4213128809" "lglasso's bic is 9686.5654706492" 
 [5] "lglasso's bic is 8160.64931466477" "lglasso's bic is 6870.42660705414"
 [7] "lglasso's bic is 6042.45796477611" "lglasso's bic is 5560.8753019471" 
 [9] "lglasso's bic is 5317.24950113305" "lglasso's bic is 5131.54577736648"
[11] "lglasso's bic is 5072.61819873661" "lglasso's bic is 5016.9667263155" 
[13] "lglasso's bic is 5087.11806858388" "lglasso's bic is 5155.16637065904"
[15] "lglasso's bic is 5254.61101114106" "lglasso's bic is 5439.2611787538" 
[17] "lglasso's bic is 5628.5357415055"  "lglasso's bic is 5709.63272549964"
[19] "lglasso's bic is 5796.75854616915" "lglasso's bic is 5905.89380066366"
[1] "The 10th simulation:"
[1] "two-community heter data are generated"
[1] "heter data are generated"
[1] "heter data are generated"
 [1] "lglasso's bic is 19017.6701539363" "lglasso's bic is 15095.8300418503"
 [3] "lglasso's bic is 12522.8860952282" "lglasso's bic is 10334.3318338941"
 [5] "lglasso's bic is 8754.15110125736" "lglasso's bic is 7399.80469015115"
 [7] "lglasso's bic is 6430.73624696088" "lglasso's bic is 5879.97407800292"
 [9] "lglasso's bic is 5579.72343768188" "lglasso's bic is 5393.10696656852"
[11] "lglasso's bic is 5275.06708142085" "lglasso's bic is 5284.53629131044"
[13] "lglasso's bic is 5398.63641238559" "lglasso's bic is 5479.83487117647"
[15] "lglasso's bic is 5572.25981947817" "lglasso's bic is 5677.33209622355"
[17] "lglasso's bic is 5748.86221452394" "lglasso's bic is 5844.30390929745"
[19] "lglasso's bic is 5935.71559977168" "lglasso's bic is 6043.32891281482"
[1] "The 11th simulation:"
[1] "two-community heter data are generated"
[1] "heter data are generated"
[1] "heter data are generated"
 [1] "lglasso's bic is 7770.98402659704"  "lglasso's bic is 3124.59129179401" 
 [3] "lglasso's bic is 1243.39314410184"  "lglasso's bic is 58.3836519782944" 
 [5] "lglasso's bic is -793.159310373688" "lglasso's bic is -1399.54399631036"
 [7] "lglasso's bic is -1972.68781258564" "lglasso's bic is -2055.60570314488"
 [9] "lglasso's bic is -1974.12547005817" "lglasso's bic is -1865.38237412487"
[11] "lglasso's bic is -1704.86856568286" "lglasso's bic is -1453.68155552879"
[13] "lglasso's bic is -1064.7640797053"  "lglasso's bic is -620.050696897374"
[15] "lglasso's bic is -289.75633821183"  "lglasso's bic is -27.5344525217658"
[17] "lglasso's bic is 215.219107689429"  "lglasso's bic is 466.363197536971" 
[19] "lglasso's bic is 710.386700665457"  "lglasso's bic is 947.531789417627" 
[1] "The 12th simulation:"
[1] "two-community heter data are generated"
[1] "heter data are generated"
[1] "heter data are generated"
 [1] "lglasso's bic is 15725.1668364073" "lglasso's bic is 11329.606307188" 
 [3] "lglasso's bic is 8465.93656645204" "lglasso's bic is 6703.05817144373"
 [5] "lglasso's bic is 5304.38951323604" "lglasso's bic is 4117.22127569983"
 [7] "lglasso's bic is 3497.25754999786" "lglasso's bic is 3100.42448412745"
 [9] "lglasso's bic is 2738.73640268595" "lglasso's bic is 2655.37835566251"
[11] "lglasso's bic is 2579.45565165274" "lglasso's bic is 2808.21850675346"
[13] "lglasso's bic is 2944.30362925922" "lglasso's bic is 3051.16728140757"
[15] "lglasso's bic is 3163.29567459457" "lglasso's bic is 3276.73964974693"
[17] "lglasso's bic is 3408.79699162713" "lglasso's bic is 3519.99765768986"
[19] "lglasso's bic is 3660.5386469007"  "lglasso's bic is 3785.18057985723"
[1] "The 13th simulation:"
[1] "two-community heter data are generated"
[1] "heter data are generated"
[1] "heter data are generated"
 [1] "lglasso's bic is 21317.6748702024" "lglasso's bic is 17457.2729447181"
 [3] "lglasso's bic is 14614.8510343153" "lglasso's bic is 12835.6317233797"
 [5] "lglasso's bic is 11065.5541765627" "lglasso's bic is 9751.48701496383"
 [7] "lglasso's bic is 8996.63037617873" "lglasso's bic is 8459.94030321416"
 [9] "lglasso's bic is 8160.74279976955" "lglasso's bic is 7980.23932230113"
[11] "lglasso's bic is 7895.12132993609" "lglasso's bic is 7912.03717692653"
[13] "lglasso's bic is 7977.81410027066" "lglasso's bic is 8097.02395494136"
[15] "lglasso's bic is 8176.13970617966" "lglasso's bic is 8284.39879252178"
[17] "lglasso's bic is 8395.08267505469" "lglasso's bic is 8511.49784704069"
[19] "lglasso's bic is 8621.4863496678"  "lglasso's bic is 8725.06588571768"
[1] "The 14th simulation:"
[1] "two-community heter data are generated"
[1] "heter data are generated"
[1] "heter data are generated"
 [1] "lglasso's bic is 16434.6703089364" "lglasso's bic is 12284.4015782001"
 [3] "lglasso's bic is 9439.26447454588" "lglasso's bic is 7488.42637857859"
 [5] "lglasso's bic is 5824.19457490109" "lglasso's bic is 4875.55522025986"
 [7] "lglasso's bic is 4102.35521845421" "lglasso's bic is 3777.56964927157"
 [9] "lglasso's bic is 3444.52240084095" "lglasso's bic is 3263.22868102719"
[11] "lglasso's bic is 3394.99551235437" "lglasso's bic is 3439.20774739858"
[13] "lglasso's bic is 3516.5600070897"  "lglasso's bic is 3602.35794654225"
[15] "lglasso's bic is 3712.93127377881" "lglasso's bic is 3890.6921580283" 
[17] "lglasso's bic is 4012.80797421945" "lglasso's bic is 4155.68121097722"
[19] "lglasso's bic is 4282.98427967205" "lglasso's bic is 4570.95075832463"
[1] "The 15th simulation:"
[1] "two-community heter data are generated"
[1] "heter data are generated"
[1] "heter data are generated"
 [1] "lglasso's bic is 12989.8880554118" "lglasso's bic is 8345.80496899523"
 [3] "lglasso's bic is 5987.09211845975" "lglasso's bic is 3985.42751064029"
 [5] "lglasso's bic is 2819.56181138953" "lglasso's bic is 1960.74770881803"
 [7] "lglasso's bic is 1355.43314546602" "lglasso's bic is 1069.12811383753"
 [9] "lglasso's bic is 816.007255412725" "lglasso's bic is 870.775923805761"
[11] "lglasso's bic is 970.10934468354"  "lglasso's bic is 1094.45814951517"
[13] "lglasso's bic is 1216.74910744279" "lglasso's bic is 1409.60596116051"
[15] "lglasso's bic is 1582.26746766822" "lglasso's bic is 1747.86855219381"
[17] "lglasso's bic is 1923.11925121315" "lglasso's bic is 2165.66954678631"
[19] "lglasso's bic is 2393.37382586388" "lglasso's bic is 2723.05203786276"
[1] "The 16th simulation:"
[1] "two-community heter data are generated"
[1] "heter data are generated"
[1] "heter data are generated"
 [1] "lglasso's bic is 19538.0256615495" "lglasso's bic is 15536.7397218939"
 [3] "lglasso's bic is 12807.4879477986" "lglasso's bic is 10516.2017994452"
 [5] "lglasso's bic is 9006.50873174755" "lglasso's bic is 7853.12354490342"
 [7] "lglasso's bic is 7210.3944533642"  "lglasso's bic is 6741.5098212359" 
 [9] "lglasso's bic is 6469.56313317409" "lglasso's bic is 6391.06017505046"
[11] "lglasso's bic is 6328.85623410909" "lglasso's bic is 6392.96007341424"
[13] "lglasso's bic is 6472.85716379089" "lglasso's bic is 6580.46274630351"
[15] "lglasso's bic is 6699.96650398634" "lglasso's bic is 6824.23066962501"
[17] "lglasso's bic is 6983.28406367165" "lglasso's bic is 7130.28919771736"
[19] "lglasso's bic is 7375.92342110328" "lglasso's bic is 7510.77064840955"
[1] "The 17th simulation:"
[1] "two-community heter data are generated"
[1] "heter data are generated"
[1] "heter data are generated"
 [1] "lglasso's bic is 17361.0447812478" "lglasso's bic is 13490.0805718267"
 [3] "lglasso's bic is 10653.3039483275" "lglasso's bic is 8639.52853748093"
 [5] "lglasso's bic is 6914.23124766797" "lglasso's bic is 5686.64933159485"
 [7] "lglasso's bic is 4919.19081525022" "lglasso's bic is 4512.45274810125"
 [9] "lglasso's bic is 4240.35246126043" "lglasso's bic is 4162.94988733472"
[11] "lglasso's bic is 4160.09488474168" "lglasso's bic is 4290.04368214065"
[13] "lglasso's bic is 4404.08398946677" "lglasso's bic is 4477.1015485865" 
[15] "lglasso's bic is 4559.47533377674" "lglasso's bic is 4645.79578887447"
[17] "lglasso's bic is 4831.1237514766"  "lglasso's bic is 4958.14263714044"
[19] "lglasso's bic is 5081.73047711499" "lglasso's bic is 5238.04180755718"
[1] "The 18th simulation:"
[1] "two-community heter data are generated"
[1] "heter data are generated"
[1] "heter data are generated"
 [1] "lglasso's bic is 18162.5683505216" "lglasso's bic is 14476.5749606936"
 [3] "lglasso's bic is 12116.9660774596" "lglasso's bic is 10072.3945940438"
 [5] "lglasso's bic is 8468.87765348656" "lglasso's bic is 5644.75653842656"
 [7] "lglasso's bic is 4817.55670050697" "lglasso's bic is 4280.65064819069"
 [9] "lglasso's bic is 4081.79715469961" "lglasso's bic is 4006.55017537515"
[11] "lglasso's bic is 4004.40836454612" "lglasso's bic is 4080.06046664638"
[13] "lglasso's bic is 4216.64274499931" "lglasso's bic is 4310.44302776198"
[15] "lglasso's bic is 4414.45908549067" "lglasso's bic is 4524.93797720838"
[17] "lglasso's bic is 4676.02639229399" "lglasso's bic is 5583.50969290869"
[19] "lglasso's bic is 5711.17084918225" "lglasso's bic is 5837.94719053067"
[1] "The 19th simulation:"
[1] "two-community heter data are generated"
[1] "heter data are generated"
[1] "heter data are generated"
 [1] "lglasso's bic is 21476.1653022677" "lglasso's bic is 17703.9098200929"
 [3] "lglasso's bic is 14871.8359002233" "lglasso's bic is 12782.8130185858"
 [5] "lglasso's bic is 10912.7436631378" "lglasso's bic is 9566.40640362056"
 [7] "lglasso's bic is 8586.87507381753" "lglasso's bic is 8082.9897916574" 
 [9] "lglasso's bic is 7804.45318981856" "lglasso's bic is 7587.71520993977"
[11] "lglasso's bic is 7610.86281968395" "lglasso's bic is 7705.43294400937"
[13] "lglasso's bic is 7764.16801975783" "lglasso's bic is 7861.68421006288"
[15] "lglasso's bic is 7932.14872032787" "lglasso's bic is 8049.26695777925"
[17] "lglasso's bic is 8294.60409081109" "lglasso's bic is 8385.36526394599"
[19] "lglasso's bic is 8504.15794090185" "lglasso's bic is 8592.18773336394"
[1] "The 20th simulation:"
[1] "two-community heter data are generated"
[1] "heter data are generated"
[1] "heter data are generated"
 [1] "lglasso's bic is 16751.6433844264" "lglasso's bic is 13108.6021415798"
 [3] "lglasso's bic is 10247.9145359578" "lglasso's bic is 8453.11001109395"
 [5] "lglasso's bic is 7120.95680167046" "lglasso's bic is 6007.4603972159" 
 [7] "lglasso's bic is 3374.28727377295" "lglasso's bic is 3016.01678393464"
 [9] "lglasso's bic is 2809.93221520028" "lglasso's bic is 2714.44099787075"
[11] "lglasso's bic is 2693.26202618693" "lglasso's bic is 2775.09820413523"
[13] "lglasso's bic is 2872.23252243748" "lglasso's bic is 2984.91872462247"
[15] "lglasso's bic is 4131.85453755232" "lglasso's bic is 4224.42022313237"
[17] "lglasso's bic is 4294.50650818809" "lglasso's bic is 4408.99355953092"
[19] "lglasso's bic is 4637.85201620669" "lglasso's bic is 4794.83084943658"
[1] "The 21th simulation:"
[1] "two-community heter data are generated"
[1] "heter data are generated"
[1] "heter data are generated"
 [1] "lglasso's bic is 14782.8066942648" "lglasso's bic is 10542.2768041833"
 [3] "lglasso's bic is 7390.02019583678" "lglasso's bic is 5275.4628441351" 
 [5] "lglasso's bic is 3734.19203212782" "lglasso's bic is 2511.28693375094"
 [7] "lglasso's bic is 1985.74157271689" "lglasso's bic is 1630.65106587247"
 [9] "lglasso's bic is 1432.09982185908" "lglasso's bic is 1419.77090983754"
[11] "lglasso's bic is 1579.94748972343" "lglasso's bic is 1627.61243455736"
[13] "lglasso's bic is 1716.7119146824"  "lglasso's bic is 1843.14106696151"
[15] "lglasso's bic is 2143.31221030404" "lglasso's bic is 2264.31989190939"
[17] "lglasso's bic is 2383.08611093057" "lglasso's bic is 2489.17067379016"
[19] "lglasso's bic is 2613.89381460971" "lglasso's bic is 2744.86462714266"
[1] "The 22th simulation:"
[1] "two-community heter data are generated"
[1] "heter data are generated"
[1] "heter data are generated"
 [1] "lglasso's bic is 16018.9596729601" "lglasso's bic is 12039.4671513203"
 [3] "lglasso's bic is 9335.20533856638" "lglasso's bic is 6960.49825867139"
 [5] "lglasso's bic is 5328.08354332699" "lglasso's bic is 4091.78244126791"
 [7] "lglasso's bic is 3403.91720805921" "lglasso's bic is 2831.83896822326"
 [9] "lglasso's bic is 2617.43967816391" "lglasso's bic is 2707.07524290228"
[11] "lglasso's bic is 2663.89693035512" "lglasso's bic is 2694.09899077433"
[13] "lglasso's bic is 2835.79672300884" "lglasso's bic is 2912.95406582478"
[15] "lglasso's bic is 3008.78941817461" "lglasso's bic is 3109.2463731602" 
[17] "lglasso's bic is 3205.58138179585" "lglasso's bic is 3330.42368782601"
[19] "lglasso's bic is 3439.76630314707" "lglasso's bic is 3579.19824400902"
[1] "The 23th simulation:"
[1] "two-community heter data are generated"
[1] "heter data are generated"
[1] "heter data are generated"
 [1] "lglasso's bic is 15847.9507060409" "lglasso's bic is 11600.1359705596"
 [3] "lglasso's bic is 8712.01982851473" "lglasso's bic is 7011.03056524619"
 [5] "lglasso's bic is 5400.59506931616" "lglasso's bic is 4297.69675896646"
 [7] "lglasso's bic is 3766.84373072133" "lglasso's bic is 3415.07538271982"
 [9] "lglasso's bic is 3218.42552216217" "lglasso's bic is 3184.3442854388" 
[11] "lglasso's bic is 3309.14342804005" "lglasso's bic is 3377.1804184736" 
[13] "lglasso's bic is 3602.47853405667" "lglasso's bic is 3745.84291350967"
[15] "lglasso's bic is 3908.39299005908" "lglasso's bic is 4110.34927637621"
[17] "lglasso's bic is 4313.46968167103" "lglasso's bic is 4493.47473323382"
[19] "lglasso's bic is 4692.69282891943" "lglasso's bic is 4857.1258418144" 
[1] "The 24th simulation:"
[1] "two-community heter data are generated"
[1] "heter data are generated"
[1] "heter data are generated"
 [1] "lglasso's bic is 20409.7069772942" "lglasso's bic is 16274.2672806414"
 [3] "lglasso's bic is 13338.5609923515" "lglasso's bic is 11064.7731989155"
 [5] "lglasso's bic is 9512.94200892026" "lglasso's bic is 8578.39435861936"
 [7] "lglasso's bic is 7687.057584931"   "lglasso's bic is 7205.92104967938"
 [9] "lglasso's bic is 6866.11308909618" "lglasso's bic is 6747.30423982398"
[11] "lglasso's bic is 6739.74197692744" "lglasso's bic is 6813.2334384649" 
[13] "lglasso's bic is 6915.31832380164" "lglasso's bic is 6982.34870210121"
[15] "lglasso's bic is 7095.75571474063" "lglasso's bic is 7236.34522551105"
[17] "lglasso's bic is 7428.56152581594" "lglasso's bic is 7528.30155440224"
[19] "lglasso's bic is 7702.90771029526" "lglasso's bic is 7949.19244497063"
[1] "The 25th simulation:"
[1] "two-community heter data are generated"
[1] "heter data are generated"
[1] "heter data are generated"
 [1] "lglasso's bic is 13774.1980887706" "lglasso's bic is 9523.0576601158" 
 [3] "lglasso's bic is 6724.16204956743" "lglasso's bic is 4872.51333080263"
 [5] "lglasso's bic is 3311.60997716903" "lglasso's bic is 2165.70047259512"
 [7] "lglasso's bic is 1496.00878544958" "lglasso's bic is 1211.96799507987"
 [9] "lglasso's bic is 1109.77845399611" "lglasso's bic is 1131.44243642506"
[11] "lglasso's bic is 1237.52256910688" "lglasso's bic is 1342.53958822422"
[13] "lglasso's bic is 1551.97187186246" "lglasso's bic is 1706.57247013075"
[15] "lglasso's bic is 1980.45714801681" "lglasso's bic is 2135.68663797925"
[17] "lglasso's bic is 2285.10027927696" "lglasso's bic is 2434.77069679778"
[19] "lglasso's bic is 2635.23523239045" "lglasso's bic is 3256.0583104826" 
[1] "The 26th simulation:"
[1] "two-community heter data are generated"
[1] "heter data are generated"
[1] "heter data are generated"
 [1] "lglasso's bic is 19103.8754217694" "lglasso's bic is 15472.312824987" 
 [3] "lglasso's bic is 12409.8489482877" "lglasso's bic is 10300.1344083316"
 [5] "lglasso's bic is 8533.00270648765" "lglasso's bic is 7393.52798321264"
 [7] "lglasso's bic is 6673.11462310527" "lglasso's bic is 6052.66581828036"
 [9] "lglasso's bic is 5667.01777822132" "lglasso's bic is 5493.91333509985"
[11] "lglasso's bic is 5443.83984980716" "lglasso's bic is 5455.51946519868"
[13] "lglasso's bic is 5557.2443684816"  "lglasso's bic is 5726.2344665199" 
[15] "lglasso's bic is 5765.58182132924" "lglasso's bic is 5889.20951282812"
[17] "lglasso's bic is 6015.43500763635" "lglasso's bic is 6099.53897623465"
[19] "lglasso's bic is 6198.49654557076" "lglasso's bic is 6286.65647375075"
[1] "The 27th simulation:"
[1] "two-community heter data are generated"
[1] "heter data are generated"
[1] "heter data are generated"
 [1] "lglasso's bic is 16719.6535113235" "lglasso's bic is 13165.7622889238"
 [3] "lglasso's bic is 10112.1388110923" "lglasso's bic is 8014.07702869005"
 [5] "lglasso's bic is 6550.2085654802"  "lglasso's bic is 5261.24661079174"
 [7] "lglasso's bic is 4422.45289298703" "lglasso's bic is 3886.98816424268"
 [9] "lglasso's bic is 3556.72499173761" "lglasso's bic is 3436.81924863689"
[11] "lglasso's bic is 3380.70772449499" "lglasso's bic is 3338.03689703411"
[13] "lglasso's bic is 3428.63538843594" "lglasso's bic is 3660.92293237369"
[15] "lglasso's bic is 3956.28047867579" "lglasso's bic is 4046.65083529801"
[17] "lglasso's bic is 4152.47649555697" "lglasso's bic is 4246.79213699681"
[19] "lglasso's bic is 4396.93039219517" "lglasso's bic is 4498.13298387112"
[1] "The 28th simulation:"
[1] "two-community heter data are generated"
[1] "heter data are generated"
[1] "heter data are generated"
 [1] "lglasso's bic is 17220.4374599659" "lglasso's bic is 13265.9479502914"
 [3] "lglasso's bic is 10334.7476707824" "lglasso's bic is 8346.24235325627"
 [5] "lglasso's bic is 6707.2122599351"  "lglasso's bic is 5682.75907513575"
 [7] "lglasso's bic is 4808.98787285868" "lglasso's bic is 4352.06378156211"
 [9] "lglasso's bic is 4032.88816765906" "lglasso's bic is 3922.83215482581"
[11] "lglasso's bic is 3921.19999609616" "lglasso's bic is 3923.31548428301"
[13] "lglasso's bic is 4014.56598964116" "lglasso's bic is 4074.52968178788"
[15] "lglasso's bic is 4156.46523827764" "lglasso's bic is 4258.10596598071"
[17] "lglasso's bic is 4365.08675610061" "lglasso's bic is 4466.55907976218"
[19] "lglasso's bic is 4607.83354232955" "lglasso's bic is 4741.8332944617" 
[1] "The 29th simulation:"
[1] "two-community heter data are generated"
[1] "heter data are generated"
[1] "heter data are generated"
 [1] "lglasso's bic is 18715.205482199"  "lglasso's bic is 14960.1272252126"
 [3] "lglasso's bic is 12011.3483553362" "lglasso's bic is 9939.77961129671"
 [5] "lglasso's bic is 8354.26949906702" "lglasso's bic is 7192.7936811718" 
 [7] "lglasso's bic is 6399.01941205053" "lglasso's bic is 5856.05096787441"
 [9] "lglasso's bic is 5546.72499148912" "lglasso's bic is 5426.72226187447"
[11] "lglasso's bic is 5550.80750918525" "lglasso's bic is 5548.81627239797"
[13] "lglasso's bic is 5664.48759222066" "lglasso's bic is 5816.75420809268"
[15] "lglasso's bic is 6028.68771911893" "lglasso's bic is 6128.65666987085"
[17] "lglasso's bic is 6241.52497290544" "lglasso's bic is 6386.11120256493"
[19] "lglasso's bic is 6506.93188143864" "lglasso's bic is 6626.61853600966"
[1] "The 30th simulation:"
[1] "two-community heter data are generated"
[1] "heter data are generated"
[1] "heter data are generated"
 [1] "lglasso's bic is 18261.0492959904" "lglasso's bic is 14312.6991721441"
 [3] "lglasso's bic is 11464.1895903904" "lglasso's bic is 9292.84027555591"
 [5] "lglasso's bic is 7773.70033250342" "lglasso's bic is 6609.80899117495"
 [7] "lglasso's bic is 5821.95281830207" "lglasso's bic is 5340.54228761188"
 [9] "lglasso's bic is 5069.65306850092" "lglasso's bic is 4855.38233316569"
[11] "lglasso's bic is 4805.92640569179" "lglasso's bic is 4846.28288965601"
[13] "lglasso's bic is 4896.85146088375" "lglasso's bic is 5063.71450010678"
[15] "lglasso's bic is 5148.57965914287" "lglasso's bic is 5301.13032459565"
[17] "lglasso's bic is 5397.27735957413" "lglasso's bic is 5512.75367250791"
[19] "lglasso's bic is 5645.49121159841" "lglasso's bic is 5905.00173013508"
[1] "The 31th simulation:"
[1] "two-community heter data are generated"
[1] "heter data are generated"
[1] "heter data are generated"
 [1] "lglasso's bic is 18157.5693618372" "lglasso's bic is 14190.0765883843"
 [3] "lglasso's bic is 11326.5811775869" "lglasso's bic is 8999.35569106141"
 [5] "lglasso's bic is 7515.19670176284" "lglasso's bic is 6539.6795820798" 
 [7] "lglasso's bic is 5777.57707789498" "lglasso's bic is 5300.2657057407" 
 [9] "lglasso's bic is 5018.14291663151" "lglasso's bic is 4938.66765906658"
[11] "lglasso's bic is 4887.41100617481" "lglasso's bic is 4978.24242809583"
[13] "lglasso's bic is 5112.20157374807" "lglasso's bic is 5207.0144903867" 
[15] "lglasso's bic is 5309.80839217518" "lglasso's bic is 5417.65226635246"
[17] "lglasso's bic is 5518.28695703476" "lglasso's bic is 5668.55994500281"
[19] "lglasso's bic is 5793.10541471973" "lglasso's bic is 5994.85998605947"
[1] "The 32th simulation:"
[1] "two-community heter data are generated"
[1] "heter data are generated"
[1] "heter data are generated"
 [1] "lglasso's bic is 16026.9632416472" "lglasso's bic is 12198.8054516076"
 [3] "lglasso's bic is 9248.69265739578" "lglasso's bic is 7387.03830874951"
 [5] "lglasso's bic is 5697.02209519686" "lglasso's bic is 4705.66831189294"
 [7] "lglasso's bic is 3947.71011398069" "lglasso's bic is 3413.32276937994"
 [9] "lglasso's bic is 3183.6985521179"  "lglasso's bic is 3294.19497426572"
[11] "lglasso's bic is 3230.58595019992" "lglasso's bic is 3271.02228112178"
[13] "lglasso's bic is 3358.00680522258" "lglasso's bic is 3447.321119875"  
[15] "lglasso's bic is 3654.24322778613" "lglasso's bic is 3752.50930807807"
[17] "lglasso's bic is 3881.32982159775" "lglasso's bic is 4075.62143896825"
[19] "lglasso's bic is 4193.86675665557" "lglasso's bic is 4352.42947361821"
[1] "The 33th simulation:"
[1] "two-community heter data are generated"
[1] "heter data are generated"
[1] "heter data are generated"
 [1] "lglasso's bic is 18933.9691415075" "lglasso's bic is 15129.8424439709"
 [3] "lglasso's bic is 12418.6576069064" "lglasso's bic is 10065.0593307335"
 [5] "lglasso's bic is 8177.81696297596" "lglasso's bic is 6928.45792077311"
 [7] "lglasso's bic is 6173.19010386961" "lglasso's bic is 5619.2675480594" 
 [9] "lglasso's bic is 5389.27745478446" "lglasso's bic is 5305.81819564184"
[11] "lglasso's bic is 5272.19067481242" "lglasso's bic is 5290.54317278191"
[13] "lglasso's bic is 5346.72466851615" "lglasso's bic is 5446.04172164063"
[15] "lglasso's bic is 5529.67955358424" "lglasso's bic is 5601.43034633745"
[17] "lglasso's bic is 5775.06950738418" "lglasso's bic is 5887.41751409681"
[19] "lglasso's bic is 6043.26030821136" "lglasso's bic is 6143.36862494045"
[1] "The 34th simulation:"
[1] "two-community heter data are generated"
[1] "heter data are generated"
[1] "heter data are generated"
 [1] "lglasso's bic is 18686.1882420215" "lglasso's bic is 14981.3365546505"
 [3] "lglasso's bic is 12040.5307613068" "lglasso's bic is 9852.93416108003"
 [5] "lglasso's bic is 8028.99957519237" "lglasso's bic is 6916.52898504724"
 [7] "lglasso's bic is 5985.54504041022" "lglasso's bic is 5510.5887066339" 
 [9] "lglasso's bic is 5442.05844750088" "lglasso's bic is 5367.53689487647"
[11] "lglasso's bic is 5255.35957251866" "lglasso's bic is 5246.22366132381"
[13] "lglasso's bic is 5321.94741675319" "lglasso's bic is 5394.90513952608"
[15] "lglasso's bic is 5519.46901162873" "lglasso's bic is 5606.79253729383"
[17] "lglasso's bic is 5723.06747903652" "lglasso's bic is 5828.67628784214"
[19] "lglasso's bic is 5920.7311614574"  "lglasso's bic is 6081.93211174389"
[1] "The 35th simulation:"
[1] "two-community heter data are generated"
[1] "heter data are generated"
[1] "heter data are generated"
 [1] "lglasso's bic is 17609.1400068192" "lglasso's bic is 13155.1714709155"
 [3] "lglasso's bic is 10546.0419544839" "lglasso's bic is 8427.53759389923"
 [5] "lglasso's bic is 6797.05871754814" "lglasso's bic is 5778.00251511805"
 [7] "lglasso's bic is 4962.25852083888" "lglasso's bic is 4407.40904452093"
 [9] "lglasso's bic is 4245.32214224875" "lglasso's bic is 4179.28802854563"
[11] "lglasso's bic is 4133.74579400981" "lglasso's bic is 4145.71274249832"
[13] "lglasso's bic is 4235.74442917077" "lglasso's bic is 4383.57113464756"
[15] "lglasso's bic is 4571.15012816409" "lglasso's bic is 4738.75585788595"
[17] "lglasso's bic is 4851.1437081689"  "lglasso's bic is 5044.31959638278"
[19] "lglasso's bic is 5169.36502226784" "lglasso's bic is 5318.920567208"  
[1] "The 36th simulation:"
[1] "two-community heter data are generated"
[1] "heter data are generated"
[1] "heter data are generated"
 [1] "lglasso's bic is 19170.9174554917" "lglasso's bic is 14982.2716156852"
 [3] "lglasso's bic is 12275.7929913573" "lglasso's bic is 10287.5195469419"
 [5] "lglasso's bic is 8553.15101754849" "lglasso's bic is 7451.92574879394"
 [7] "lglasso's bic is 6585.60019954911" "lglasso's bic is 5912.11194481338"
 [9] "lglasso's bic is 5645.37388442403" "lglasso's bic is 5469.98663886967"
[11] "lglasso's bic is 5402.91401418675" "lglasso's bic is 5435.68800188526"
[13] "lglasso's bic is 5491.74497834366" "lglasso's bic is 5553.44697644585"
[15] "lglasso's bic is 5640.92522657359" "lglasso's bic is 5742.96043483818"
[17] "lglasso's bic is 5842.92460324297" "lglasso's bic is 5972.57855944363"
[19] "lglasso's bic is 6073.58614560629" "lglasso's bic is 6220.28941202025"
[1] "The 37th simulation:"
[1] "two-community heter data are generated"
[1] "heter data are generated"
[1] "heter data are generated"
 [1] "lglasso's bic is 14427.9695149156" "lglasso's bic is 10338.2362578815"
 [3] "lglasso's bic is 7708.91206930148" "lglasso's bic is 5646.14157645732"
 [5] "lglasso's bic is 4394.42018316416" "lglasso's bic is 3091.88728709158"
 [7] "lglasso's bic is 2494.96733590173" "lglasso's bic is 2190.16260505392"
 [9] "lglasso's bic is 2092.12935343606" "lglasso's bic is 2072.53352140185"
[11] "lglasso's bic is 2049.7720905691"  "lglasso's bic is 2081.27777035262"
[13] "lglasso's bic is 2273.64323975042" "lglasso's bic is 2478.37656802092"
[15] "lglasso's bic is 2635.94481949611" "lglasso's bic is 2779.40073106223"
[17] "lglasso's bic is 2925.7538491202"  "lglasso's bic is 3092.64268439871"
[19] "lglasso's bic is 3233.78924034637" "lglasso's bic is 3398.77633795011"
[1] "The 38th simulation:"
[1] "two-community heter data are generated"
[1] "heter data are generated"
[1] "heter data are generated"
 [1] "lglasso's bic is 16094.1598656159" "lglasso's bic is 11551.3594880155"
 [3] "lglasso's bic is 8853.30731592872" "lglasso's bic is 6773.71353996366"
 [5] "lglasso's bic is 5312.12882548784" "lglasso's bic is 3970.36077526169"
 [7] "lglasso's bic is 3294.79244187595" "lglasso's bic is 2834.09822599146"
 [9] "lglasso's bic is 2787.75714465598" "lglasso's bic is 2740.23191092192"
[11] "lglasso's bic is 2771.84422454343" "lglasso's bic is 2894.68871866631"
[13] "lglasso's bic is 2990.81697101836" "lglasso's bic is 3120.6300294581" 
[15] "lglasso's bic is 3299.41691824153" "lglasso's bic is 3486.23169158138"
[17] "lglasso's bic is 3605.31945257194" "lglasso's bic is 3766.76005398501"
[19] "lglasso's bic is 3902.71286671203" "lglasso's bic is 4041.91103239601"
[1] "The 39th simulation:"
[1] "two-community heter data are generated"
[1] "heter data are generated"
[1] "heter data are generated"
 [1] "lglasso's bic is 21370.6097027398" "lglasso's bic is 17650.4941288553"
 [3] "lglasso's bic is 14555.094249162"  "lglasso's bic is 12464.8061027038"
 [5] "lglasso's bic is 10858.2851288496" "lglasso's bic is 9567.50277290633"
 [7] "lglasso's bic is 8675.1080148698"  "lglasso's bic is 8043.46889505914"
 [9] "lglasso's bic is 7636.80971240129" "lglasso's bic is 7504.99838641187"
[11] "lglasso's bic is 7428.28991241977" "lglasso's bic is 7467.80800107542"
[13] "lglasso's bic is 7546.50299074798" "lglasso's bic is 7648.14157225704"
[15] "lglasso's bic is 7721.94317489181" "lglasso's bic is 7834.04926201197"
[17] "lglasso's bic is 7905.89380340161" "lglasso's bic is 8007.47189621242"
[19] "lglasso's bic is 8102.07587801803" "lglasso's bic is 8215.13220451046"
[1] "The 40th simulation:"
[1] "two-community heter data are generated"
[1] "heter data are generated"
[1] "heter data are generated"
 [1] "lglasso's bic is 19400.4403454474" "lglasso's bic is 15337.1701534578"
 [3] "lglasso's bic is 12826.8115480399" "lglasso's bic is 10312.9435037852"
 [5] "lglasso's bic is 8663.92486584319" "lglasso's bic is 7444.51333717614"
 [7] "lglasso's bic is 6679.43536887289" "lglasso's bic is 6184.45944097638"
 [9] "lglasso's bic is 5910.85863410233" "lglasso's bic is 5763.10956281599"
[11] "lglasso's bic is 5730.09316255228" "lglasso's bic is 5808.20889386411"
[13] "lglasso's bic is 5878.70827908669" "lglasso's bic is 5941.505678952"  
[15] "lglasso's bic is 6048.7266841121"  "lglasso's bic is 6180.20029515901"
[17] "lglasso's bic is 6295.52851055286" "lglasso's bic is 6403.70916980747"
[19] "lglasso's bic is 6504.22328232511" "lglasso's bic is 6625.62487184519"
[1] "The 41th simulation:"
[1] "two-community heter data are generated"
[1] "heter data are generated"
[1] "heter data are generated"
 [1] "lglasso's bic is 17834.6365815763" "lglasso's bic is 13593.1015746056"
 [3] "lglasso's bic is 11009.2626825836" "lglasso's bic is 8973.45784840741"
 [5] "lglasso's bic is 7270.76719616506" "lglasso's bic is 6071.85075293781"
 [7] "lglasso's bic is 5510.32249977495" "lglasso's bic is 5043.53212619876"
 [9] "lglasso's bic is 4819.85315039263" "lglasso's bic is 4692.72843525337"
[11] "lglasso's bic is 4652.64230653951" "lglasso's bic is 4736.1896357716" 
[13] "lglasso's bic is 4808.44774130402" "lglasso's bic is 4934.88596231166"
[15] "lglasso's bic is 5051.5718961028"  "lglasso's bic is 5216.84334186217"
[17] "lglasso's bic is 5411.28603178556" "lglasso's bic is 5520.82964690918"
[19] "lglasso's bic is 5637.68594208894" "lglasso's bic is 5807.96477076194"
[1] "The 42th simulation:"
[1] "two-community heter data are generated"
[1] "heter data are generated"
[1] "heter data are generated"
 [1] "lglasso's bic is 14879.1293585144" "lglasso's bic is 10431.0234089064"
 [3] "lglasso's bic is 7403.86286095468" "lglasso's bic is 5141.75580556165"
 [5] "lglasso's bic is 3568.16449060833" "lglasso's bic is 2472.1970318911" 
 [7] "lglasso's bic is 1769.81578156865" "lglasso's bic is 1472.90026720668"
 [9] "lglasso's bic is 1409.25009022733" "lglasso's bic is 1346.86512926935"
[11] "lglasso's bic is 1380.66091726407" "lglasso's bic is 1437.39369484199"
[13] "lglasso's bic is 1527.3196686863"  "lglasso's bic is 1618.4494969497" 
[15] "lglasso's bic is 1774.43681352716" "lglasso's bic is 2010.37759737281"
[17] "lglasso's bic is 2117.03676200646" "lglasso's bic is 2320.13339793009"
[19] "lglasso's bic is 2427.73832217574" "lglasso's bic is 2521.25404047859"
[1] "The 43th simulation:"
[1] "two-community heter data are generated"
[1] "heter data are generated"
[1] "heter data are generated"
 [1] "lglasso's bic is 19889.7239327323" "lglasso's bic is 15905.4906277765"
 [3] "lglasso's bic is 12877.0468516548" "lglasso's bic is 10729.6573472911"
 [5] "lglasso's bic is 9388.30655351855" "lglasso's bic is 8455.31866488558"
 [7] "lglasso's bic is 7517.20656759674" "lglasso's bic is 7049.71066252197"
 [9] "lglasso's bic is 6813.96763857454" "lglasso's bic is 6603.81531427171"
[11] "lglasso's bic is 6553.97123295336" "lglasso's bic is 6640.96312723035"
[13] "lglasso's bic is 6807.49996025183" "lglasso's bic is 7108.44004290164"
[15] "lglasso's bic is 7180.34720699799" "lglasso's bic is 7297.19789410993"
[17] "lglasso's bic is 7389.32194952585" "lglasso's bic is 7519.23497328992"
[19] "lglasso's bic is 7629.24143538922" "lglasso's bic is 7836.28694956288"
[1] "The 44th simulation:"
[1] "two-community heter data are generated"
[1] "heter data are generated"
[1] "heter data are generated"
 [1] "lglasso's bic is 18849.6299400437" "lglasso's bic is 15080.3068822349"
 [3] "lglasso's bic is 12592.2860150897" "lglasso's bic is 10320.4931842729"
 [5] "lglasso's bic is 8642.17199724257" "lglasso's bic is 7586.34518844572"
 [7] "lglasso's bic is 6833.13053062709" "lglasso's bic is 6184.21306697659"
 [9] "lglasso's bic is 5964.75449589766" "lglasso's bic is 5732.8990211002" 
[11] "lglasso's bic is 5657.50041894137" "lglasso's bic is 5551.78110365458"
[13] "lglasso's bic is 5584.37679052721" "lglasso's bic is 5651.09228454954"
[15] "lglasso's bic is 5871.78489335494" "lglasso's bic is 5959.24725281438"
[17] "lglasso's bic is 6076.88377154272" "lglasso's bic is 6157.93109856579"
[19] "lglasso's bic is 6257.03351042248" "lglasso's bic is 6459.11495599958"
[1] "The 45th simulation:"
[1] "two-community heter data are generated"
[1] "heter data are generated"
[1] "heter data are generated"
 [1] "lglasso's bic is 15468.7005419922" "lglasso's bic is 11650.7246505669"
 [3] "lglasso's bic is 8857.89797935468" "lglasso's bic is 6953.28277085114"
 [5] "lglasso's bic is 5255.07918877014" "lglasso's bic is 4242.35100202643"
 [7] "lglasso's bic is 3547.31167780276" "lglasso's bic is 3245.05888736814"
 [9] "lglasso's bic is 2941.85638176532" "lglasso's bic is 2790.73281514403"
[11] "lglasso's bic is 2856.2758824738"  "lglasso's bic is 2932.95981965268"
[13] "lglasso's bic is 2986.603430767"   "lglasso's bic is 3196.82571433617"
[15] "lglasso's bic is 3313.73191521788" "lglasso's bic is 3431.77800588221"
[17] "lglasso's bic is 3554.06904553663" "lglasso's bic is 3697.77080951983"
[19] "lglasso's bic is 3820.71475373787" "lglasso's bic is 4197.5480057922" 
[1] "The 46th simulation:"
[1] "two-community heter data are generated"
[1] "heter data are generated"
[1] "heter data are generated"
 [1] "lglasso's bic is 21183.4164429394" "lglasso's bic is 17035.1775266964"
 [3] "lglasso's bic is 14115.6906568908" "lglasso's bic is 12129.0802154269"
 [5] "lglasso's bic is 10612.5634539263" "lglasso's bic is 9524.73399097793"
 [7] "lglasso's bic is 8764.56764455945" "lglasso's bic is 8159.95604868229"
 [9] "lglasso's bic is 7779.95234171689" "lglasso's bic is 7687.06391358763"
[11] "lglasso's bic is 7629.09034759874" "lglasso's bic is 7635.59387044359"
[13] "lglasso's bic is 7688.2590442386"  "lglasso's bic is 7830.87920797907"
[15] "lglasso's bic is 7991.2986970985"  "lglasso's bic is 8081.45025117826"
[17] "lglasso's bic is 8179.72785173067" "lglasso's bic is 8364.45921871225"
[19] "lglasso's bic is 8474.48622060979" "lglasso's bic is 8586.26984051507"
[1] "The 47th simulation:"
[1] "two-community heter data are generated"
[1] "heter data are generated"
[1] "heter data are generated"
 [1] "lglasso's bic is 20109.2800220777" "lglasso's bic is 15969.4094792025"
 [3] "lglasso's bic is 12767.6454641747" "lglasso's bic is 10566.5751792991"
 [5] "lglasso's bic is 9350.57973305746" "lglasso's bic is 8319.42765990367"
 [7] "lglasso's bic is 7658.64863414373" "lglasso's bic is 7126.03712429048"
 [9] "lglasso's bic is 6801.11444911248" "lglasso's bic is 6677.2207059997" 
[11] "lglasso's bic is 6636.48510029009" "lglasso's bic is 6767.46920789719"
[13] "lglasso's bic is 6830.99982788247" "lglasso's bic is 6941.11633790376"
[15] "lglasso's bic is 7050.53477709246" "lglasso's bic is 7184.20211909516"
[17] "lglasso's bic is 7322.70072819577" "lglasso's bic is 7422.81200572727"
[19] "lglasso's bic is 7562.84015841082" "lglasso's bic is 7676.90096774963"
[1] "The 48th simulation:"
[1] "two-community heter data are generated"
[1] "heter data are generated"
[1] "heter data are generated"
 [1] "lglasso's bic is 19190.2359824168" "lglasso's bic is 15129.4205558584"
 [3] "lglasso's bic is 12677.1036415154" "lglasso's bic is 10787.1598237756"
 [5] "lglasso's bic is 9209.14903902468" "lglasso's bic is 8016.86050319316"
 [7] "lglasso's bic is 7297.76862686213" "lglasso's bic is 6787.32357684269"
 [9] "lglasso's bic is 6404.82097403809" "lglasso's bic is 6191.56484074523"
[11] "lglasso's bic is 6175.36611589501" "lglasso's bic is 6187.31671013691"
[13] "lglasso's bic is 6236.97954549569" "lglasso's bic is 6358.05407635692"
[15] "lglasso's bic is 6464.17075163952" "lglasso's bic is 6580.67550124436"
[17] "lglasso's bic is 6722.38275983296" "lglasso's bic is 6841.26622118882"
[19] "lglasso's bic is 7069.47699053193" "lglasso's bic is 7186.14739844878"
[1] "The 49th simulation:"
[1] "two-community heter data are generated"
[1] "heter data are generated"
[1] "heter data are generated"
 [1] "lglasso's bic is 18870.8493629031" "lglasso's bic is 14835.5503823808"
 [3] "lglasso's bic is 12117.8770564192" "lglasso's bic is 9966.56516548965"
 [5] "lglasso's bic is 8377.74211648072" "lglasso's bic is 7175.94643829341"
 [7] "lglasso's bic is 6414.17820168941" "lglasso's bic is 5968.12828745061"
 [9] "lglasso's bic is 5627.65348688544" "lglasso's bic is 5489.48761593744"
[11] "lglasso's bic is 5535.59482339682" "lglasso's bic is 5595.285546404"  
[13] "lglasso's bic is 5674.80458531622" "lglasso's bic is 5768.47847937869"
[15] "lglasso's bic is 5895.19131562592" "lglasso's bic is 6028.48808690207"
[17] "lglasso's bic is 6168.54558800045" "lglasso's bic is 6431.31140003954"
[19] "lglasso's bic is 6543.47906962311" "lglasso's bic is 6660.88676205545"
[1] "The 50th simulation:"
[1] "two-community heter data are generated"
[1] "heter data are generated"
[1] "heter data are generated"
 [1] "lglasso's bic is 19571.277045855"  "lglasso's bic is 15535.5418456295"
 [3] "lglasso's bic is 12816.4500360264" "lglasso's bic is 10694.9807310564"
 [5] "lglasso's bic is 9405.90295483664" "lglasso's bic is 8409.41674592336"
 [7] "lglasso's bic is 7692.46697228779" "lglasso's bic is 7122.52507902584"
 [9] "lglasso's bic is 6721.59170996077" "lglasso's bic is 6604.79350792475"
[11] "lglasso's bic is 6635.48750718987" "lglasso's bic is 6785.66979685805"
[13] "lglasso's bic is 6894.04612651433" "lglasso's bic is 6990.27133107281"
[15] "lglasso's bic is 7131.70137858617" "lglasso's bic is 7262.14949686741"
[17] "lglasso's bic is 7388.51509155164" "lglasso's bic is 7531.05293040234"
[19] "lglasso's bic is 7658.23085469644" "lglasso's bic is 7790.30519231489"
There were 50 or more warnings (use warnings() to see the first 50)
> save(simures,file="subject=40_time=10_uu2=0.2.Rd")
> q("no")
> proc.time()
     user    system   elapsed 
27305.116   114.743 33303.095 
