
R version 4.1.2 (2021-11-01) -- "Bird Hippie"
Copyright (C) 2021 The R Foundation for Statistical Computing
Platform: x86_64-pc-linux-gnu (64-bit)

R is free software and comes with ABSOLUTELY NO WARRANTY.
You are welcome to redistribute it under certain conditions.
Type 'license()' or 'licence()' for distribution details.

  Natural language support but running in an English locale

R is a collaborative project with many contributors.
Type 'contributors()' for more information and
'citation()' on how to cite R or R packages in publications.

Type 'demo()' for some demos, 'help()' for on-line help, or
'help.start()' for an HTML browser interface to help.
Type 'q()' to quit R.

> library("lglasso")
> library("glasso")
> library("BDgraph")
> library("GGMselect")
Loading required package: mvtnorm

Attaching package: 'mvtnorm'

The following object is masked from 'package:BDgraph':

    rmvnorm

> library("Matrix")
> m=20
> n=30
> uu2=0.4
> Nsim=50
> rho=vector("list",5)
> rho[[1]]=seq(0.001,0.3,length=20)
> rho[[2]]=seq(0.001,0.3,length=20)
> rho[[3]]=seq(0.001,0.3,length=20)
> rho[[4]]=seq(0.00001,0.1,length=10)
> rho[[5]]=seq(0.00001,0.1,length=10)
> set.seed(m+n+uu2)
> simures=power_compare1(m=m,n=n,p=80,coe=c(2,0,0),l=Nsim,rho=rho,prob=0.01,heter=T,community2=T,uu=c(0.1,uu2),zirate=c(0.2, 0.8))
[1] "The 1th simulation:"
[1] "two-community heter data are generated"
[1] "heter data are generated"
[1] "heter data are generated"
 [1] "lglasso's bic is 20718.6370806217" "lglasso's bic is 16333.1008170109"
 [3] "lglasso's bic is 12992.8422648201" "lglasso's bic is 10501.3382639503"
 [5] "lglasso's bic is 8551.85296702594" "lglasso's bic is 7349.17676968983"
 [7] "lglasso's bic is 6556.59737710829" "lglasso's bic is 6032.33985046226"
 [9] "lglasso's bic is 5824.12291975745" "lglasso's bic is 5723.17232648324"
[11] "lglasso's bic is 5756.87142592097" "lglasso's bic is 6016.81152244282"
[13] "lglasso's bic is 6174.86155160401" "lglasso's bic is 6379.52487769344"
[15] "lglasso's bic is 6505.83168331409" "lglasso's bic is 6646.8259286877" 
[17] "lglasso's bic is 6825.5344272668"  "lglasso's bic is 6962.77834854322"
[19] "lglasso's bic is 7124.19268838464" "lglasso's bic is 7271.25202748263"
[1] "The 2th simulation:"
[1] "two-community heter data are generated"
[1] "heter data are generated"
[1] "heter data are generated"
 [1] "lglasso's bic is 25191.6288158448" "lglasso's bic is 20821.1625357118"
 [3] "lglasso's bic is 17356.9957292919" "lglasso's bic is 15071.0487914657"
 [5] "lglasso's bic is 13396.8075254565" "lglasso's bic is 12295.2617900731"
 [7] "lglasso's bic is 11354.863859541"  "lglasso's bic is 10780.3516098588"
 [9] "lglasso's bic is 10341.7886433462" "lglasso's bic is 10133.7700367998"
[11] "lglasso's bic is 10133.7278852717" "lglasso's bic is 10160.0013341847"
[13] "lglasso's bic is 10231.1296238553" "lglasso's bic is 10324.6529626993"
[15] "lglasso's bic is 10408.135789443"  "lglasso's bic is 10508.5851181263"
[17] "lglasso's bic is 10635.2927150181" "lglasso's bic is 10742.7019542181"
[19] "lglasso's bic is 11257.5042222344" "lglasso's bic is 11351.3175478953"
[1] "The 3th simulation:"
[1] "two-community heter data are generated"
[1] "heter data are generated"
[1] "heter data are generated"
 [1] "lglasso's bic is 20923.7002509444" "lglasso's bic is 16483.6838096117"
 [3] "lglasso's bic is 12903.2630277545" "lglasso's bic is 10444.1929485524"
 [5] "lglasso's bic is 8659.3124940696"  "lglasso's bic is 7361.29048952087"
 [7] "lglasso's bic is 6566.19347984712" "lglasso's bic is 5997.09133994927"
 [9] "lglasso's bic is 5761.63157620312" "lglasso's bic is 5755.14104488716"
[11] "lglasso's bic is 5839.97478435857" "lglasso's bic is 6013.96167135139"
[13] "lglasso's bic is 6113.85942770288" "lglasso's bic is 6246.79319157192"
[15] "lglasso's bic is 6723.75044197559" "lglasso's bic is 6841.27820482975"
[17] "lglasso's bic is 7031.92952038105" "lglasso's bic is 7159.71174489136"
[19] "lglasso's bic is 7391.96275570157" "lglasso's bic is 7518.63854509997"
[1] "The 4th simulation:"
[1] "two-community heter data are generated"
[1] "heter data are generated"
[1] "heter data are generated"
 [1] "lglasso's bic is 19902.6111376985" "lglasso's bic is 15175.0001887478"
 [3] "lglasso's bic is 11964.2242506181" "lglasso's bic is 9591.0921850558" 
 [5] "lglasso's bic is 7684.42724595774" "lglasso's bic is 6644.94067182199"
 [7] "lglasso's bic is 5775.96523626245" "lglasso's bic is 5493.26161185775"
 [9] "lglasso's bic is 5566.39551507209" "lglasso's bic is 5393.41687027939"
[11] "lglasso's bic is 5350.95377031263" "lglasso's bic is 5389.04971523429"
[13] "lglasso's bic is 5473.11393727447" "lglasso's bic is 5697.06495926243"
[15] "lglasso's bic is 5928.31539909414" "lglasso's bic is 6019.11314928015"
[17] "lglasso's bic is 6114.50255231889" "lglasso's bic is 6215.61530133667"
[19] "lglasso's bic is 6330.9728535053"  "lglasso's bic is 6642.55381460701"
[1] "The 5th simulation:"
[1] "two-community heter data are generated"
[1] "heter data are generated"
[1] "heter data are generated"
 [1] "lglasso's bic is 23005.2380464347" "lglasso's bic is 18444.3442614792"
 [3] "lglasso's bic is 14875.8680597367" "lglasso's bic is 13373.9386344135"
 [5] "lglasso's bic is 11995.7584223933" "lglasso's bic is 11014.2003367406"
 [7] "lglasso's bic is 10322.7212954896" "lglasso's bic is 9829.57918073571"
 [9] "lglasso's bic is 9589.03626598199" "lglasso's bic is 9500.71873980845"
[11] "lglasso's bic is 9502.84789731974" "lglasso's bic is 9554.61695391265"
[13] "lglasso's bic is 9656.84156250647" "lglasso's bic is 9814.42060258775"
[15] "lglasso's bic is 9966.19838290246" "lglasso's bic is 10110.8609212341"
[17] "lglasso's bic is 10274.5679453268" "lglasso's bic is 10449.6902135598"
[19] "lglasso's bic is 10698.1750139776" "lglasso's bic is 11143.6932163942"
[1] "The 6th simulation:"
[1] "two-community heter data are generated"
[1] "heter data are generated"
[1] "heter data are generated"
 [1] "lglasso's bic is 27774.906509867"  "lglasso's bic is 22975.5408974314"
 [3] "lglasso's bic is 20086.2548554646" "lglasso's bic is 17352.4615449586"
 [5] "lglasso's bic is 15661.491366194"  "lglasso's bic is 14490.0407072228"
 [7] "lglasso's bic is 13639.8342491379" "lglasso's bic is 13137.1879820179"
 [9] "lglasso's bic is 12889.2732993468" "lglasso's bic is 12761.3077190171"
[11] "lglasso's bic is 12836.9622829646" "lglasso's bic is 12879.7655010335"
[13] "lglasso's bic is 12963.5298543304" "lglasso's bic is 13046.8618089393"
[15] "lglasso's bic is 13202.9243409876" "lglasso's bic is 13344.6895795625"
[17] "lglasso's bic is 13476.0174254864" "lglasso's bic is 13601.5530603"   
[19] "lglasso's bic is 13784.764646023"  "lglasso's bic is 14064.4865948614"
[1] "The 7th simulation:"
[1] "two-community heter data are generated"
[1] "heter data are generated"
[1] "heter data are generated"
 [1] "lglasso's bic is 16517.3627964358" "lglasso's bic is 11257.6143378368"
 [3] "lglasso's bic is 8080.0352573716"  "lglasso's bic is 5678.13362238277"
 [5] "lglasso's bic is 3885.9853488375"  "lglasso's bic is 2690.54362655562"
 [7] "lglasso's bic is 2090.40313544186" "lglasso's bic is 1854.04405308324"
 [9] "lglasso's bic is 1736.25259446067" "lglasso's bic is 2144.08307178057"
[11] "lglasso's bic is 2580.44236343891" "lglasso's bic is 2696.12842003567"
[13] "lglasso's bic is 2760.6781988504"  "lglasso's bic is 2887.72395690421"
[15] "lglasso's bic is 3199.72561694064" "lglasso's bic is 3333.08137740776"
[17] "lglasso's bic is 3511.10249772235" "lglasso's bic is 3655.3654815398" 
[19] "lglasso's bic is 3824.81841330306" "lglasso's bic is 3970.46006946307"
[1] "The 8th simulation:"
[1] "two-community heter data are generated"
[1] "heter data are generated"
[1] "heter data are generated"
 [1] "lglasso's bic is 22346.0009814824" "lglasso's bic is 18244.6879670011"
 [3] "lglasso's bic is 15268.5484563706" "lglasso's bic is 12632.0431550317"
 [5] "lglasso's bic is 10917.4374457987" "lglasso's bic is 9641.08145155285"
 [7] "lglasso's bic is 9108.84726412439" "lglasso's bic is 8428.4089560432" 
 [9] "lglasso's bic is 8047.97811862949" "lglasso's bic is 7721.66651428896"
[11] "lglasso's bic is 7621.40385982586" "lglasso's bic is 7608.86010427794"
[13] "lglasso's bic is 7668.45358392911" "lglasso's bic is 7759.52735911907"
[15] "lglasso's bic is 7845.8376216817"  "lglasso's bic is 7965.57491951202"
[17] "lglasso's bic is 8138.26870536989" "lglasso's bic is 8437.40535134207"
[19] "lglasso's bic is 8584.56783536162" "lglasso's bic is 8785.35153315022"
[1] "The 9th simulation:"
[1] "two-community heter data are generated"
[1] "heter data are generated"
[1] "heter data are generated"
 [1] "lglasso's bic is 26490.3324329579" "lglasso's bic is 21950.3267229358"
 [3] "lglasso's bic is 18715.477211898"  "lglasso's bic is 16552.3771625295"
 [5] "lglasso's bic is 14792.1419286766" "lglasso's bic is 13323.2729824343"
 [7] "lglasso's bic is 12404.802493333"  "lglasso's bic is 11757.4638312914"
 [9] "lglasso's bic is 11509.6801944653" "lglasso's bic is 11308.0623341307"
[11] "lglasso's bic is 11257.7649478204" "lglasso's bic is 11387.0503618854"
[13] "lglasso's bic is 11465.8008218767" "lglasso's bic is 11577.5611560639"
[15] "lglasso's bic is 12496.9789621432" "lglasso's bic is 12678.083608891" 
[17] "lglasso's bic is 12777.9988590556" "lglasso's bic is 12877.9455444753"
[19] "lglasso's bic is 12984.4584758213" "lglasso's bic is 13112.1057078898"
[1] "The 10th simulation:"
[1] "two-community heter data are generated"
[1] "heter data are generated"
[1] "heter data are generated"
 [1] "lglasso's bic is 25176.1964497812" "lglasso's bic is 20900.3895968675"
 [3] "lglasso's bic is 17684.3755811542" "lglasso's bic is 15347.5415894957"
 [5] "lglasso's bic is 13432.9033722899" "lglasso's bic is 12084.720455677" 
 [7] "lglasso's bic is 11038.4971165357" "lglasso's bic is 10478.74520066"  
 [9] "lglasso's bic is 10189.3336705907" "lglasso's bic is 9965.82407624718"
[11] "lglasso's bic is 9934.16890608492" "lglasso's bic is 10063.8534852556"
[13] "lglasso's bic is 10098.9143972366" "lglasso's bic is 10153.6083006366"
[15] "lglasso's bic is 10401.2759015982" "lglasso's bic is 10487.9814968529"
[17] "lglasso's bic is 10588.5413645398" "lglasso's bic is 10932.4967156981"
[19] "lglasso's bic is 11032.5473187519" "lglasso's bic is 11134.7814437575"
[1] "The 11th simulation:"
[1] "two-community heter data are generated"
[1] "heter data are generated"
[1] "heter data are generated"
 [1] "lglasso's bic is 19911.0296064462" "lglasso's bic is 15560.3321215674"
 [3] "lglasso's bic is 12457.15832166"   "lglasso's bic is 9889.97353283982"
 [5] "lglasso's bic is 8007.72598123464" "lglasso's bic is 6853.70811904692"
 [7] "lglasso's bic is 6059.66611071021" "lglasso's bic is 5703.5187481418" 
 [9] "lglasso's bic is 5530.23805645776" "lglasso's bic is 5570.5117899135" 
[11] "lglasso's bic is 5523.47796743303" "lglasso's bic is 5587.86826353276"
[13] "lglasso's bic is 6025.09133423307" "lglasso's bic is 6107.05586442328"
[15] "lglasso's bic is 6187.72385535685" "lglasso's bic is 6289.36919909897"
[17] "lglasso's bic is 6389.7527397629"  "lglasso's bic is 6507.45369420554"
[19] "lglasso's bic is 6633.32162429195" "lglasso's bic is 6754.36909998893"
[1] "The 12th simulation:"
[1] "two-community heter data are generated"
[1] "heter data are generated"
[1] "heter data are generated"
 [1] "lglasso's bic is 30326.4042101133" "lglasso's bic is 26095.1858085943"
 [3] "lglasso's bic is 22756.8107538151" "lglasso's bic is 20374.7799150348"
 [5] "lglasso's bic is 18611.7382897548" "lglasso's bic is 17275.9838368232"
 [7] "lglasso's bic is 16203.0405038427" "lglasso's bic is 15805.5628045137"
 [9] "lglasso's bic is 15399.5531637822" "lglasso's bic is 15336.3714140004"
[11] "lglasso's bic is 15310.6707558261" "lglasso's bic is 15355.4056341442"
[13] "lglasso's bic is 15375.7890153919" "lglasso's bic is 15471.2989356518"
[15] "lglasso's bic is 15712.7044401757" "lglasso's bic is 15813.7379279215"
[17] "lglasso's bic is 15936.2202952434" "lglasso's bic is 16403.7032281295"
[19] "lglasso's bic is 16499.7926487099" "lglasso's bic is 16650.9646777952"
[1] "The 13th simulation:"
[1] "two-community heter data are generated"
[1] "heter data are generated"
[1] "heter data are generated"
 [1] "lglasso's bic is 22278.3236278736" "lglasso's bic is 18002.0987285818"
 [3] "lglasso's bic is 14566.3583541137" "lglasso's bic is 12023.8096099549"
 [5] "lglasso's bic is 10171.4835510199" "lglasso's bic is 8839.62481296408"
 [7] "lglasso's bic is 7847.34385338836" "lglasso's bic is 7377.07781025"   
 [9] "lglasso's bic is 7139.13217375594" "lglasso's bic is 6947.13320440446"
[11] "lglasso's bic is 6839.31101456987" "lglasso's bic is 6910.11228774059"
[13] "lglasso's bic is 6960.08818806389" "lglasso's bic is 7030.49511617495"
[15] "lglasso's bic is 7197.8514797194"  "lglasso's bic is 7315.64318275116"
[17] "lglasso's bic is 7506.34803055735" "lglasso's bic is 7595.70590427547"
[19] "lglasso's bic is 7694.11880706187" "lglasso's bic is 7801.11459938234"
[1] "The 14th simulation:"
[1] "two-community heter data are generated"
[1] "heter data are generated"
[1] "heter data are generated"
 [1] "lglasso's bic is 22191.1238418449" "lglasso's bic is 17474.548428414" 
 [3] "lglasso's bic is 14020.9568902452" "lglasso's bic is 11569.5088694658"
 [5] "lglasso's bic is 9703.9585158315"  "lglasso's bic is 8417.31377424983"
 [7] "lglasso's bic is 7696.63807327124" "lglasso's bic is 7230.61967886426"
 [9] "lglasso's bic is 7007.89826151898" "lglasso's bic is 6908.92758912388"
[11] "lglasso's bic is 7259.88619881387" "lglasso's bic is 7337.21333735748"
[13] "lglasso's bic is 7793.1954723121"  "lglasso's bic is 7880.60643366618"
[15] "lglasso's bic is 8224.08464334034" "lglasso's bic is 8325.90150750345"
[17] "lglasso's bic is 8442.40506554912" "lglasso's bic is 8553.90072779268"
[19] "lglasso's bic is 8678.73886968808" "lglasso's bic is 8797.10517570839"
[1] "The 15th simulation:"
[1] "two-community heter data are generated"
[1] "heter data are generated"
[1] "heter data are generated"
 [1] "lglasso's bic is 26794.9201122675" "lglasso's bic is 22295.9395333571"
 [3] "lglasso's bic is 19055.3469594213" "lglasso's bic is 16427.6122459266"
 [5] "lglasso's bic is 14437.9324247826" "lglasso's bic is 13026.3468175542"
 [7] "lglasso's bic is 12153.0566554992" "lglasso's bic is 11586.4826045565"
 [9] "lglasso's bic is 11233.8948924167" "lglasso's bic is 11037.7583861616"
[11] "lglasso's bic is 11160.9905251577" "lglasso's bic is 11224.7897792677"
[13] "lglasso's bic is 11280.837252599"  "lglasso's bic is 11651.6118594522"
[15] "lglasso's bic is 11759.4966638092" "lglasso's bic is 11918.594348665" 
[17] "lglasso's bic is 12009.3235276907" "lglasso's bic is 12096.1279759445"
[19] "lglasso's bic is 12183.4974880284" "lglasso's bic is 12325.5736813589"
[1] "The 16th simulation:"
[1] "two-community heter data are generated"
[1] "heter data are generated"
[1] "heter data are generated"
 [1] "lglasso's bic is 25235.806708317"  "lglasso's bic is 21474.04995261"  
 [3] "lglasso's bic is 18330.3454256082" "lglasso's bic is 15798.6955538242"
 [5] "lglasso's bic is 14522.2893492872" "lglasso's bic is 13208.8520130261"
 [7] "lglasso's bic is 12094.931590165"  "lglasso's bic is 11498.2230113939"
 [9] "lglasso's bic is 11321.2941059238" "lglasso's bic is 10944.3519501882"
[11] "lglasso's bic is 10742.2755882551" "lglasso's bic is 10659.4930585571"
[13] "lglasso's bic is 10586.7904311826" "lglasso's bic is 10568.2061173344"
[15] "lglasso's bic is 10577.9360842634" "lglasso's bic is 10620.2227813069"
[17] "lglasso's bic is 10676.8029102157" "lglasso's bic is 10726.3380013259"
[19] "lglasso's bic is 10778.5435195512" "lglasso's bic is 10911.5094378097"
[1] "The 17th simulation:"
[1] "two-community heter data are generated"
[1] "heter data are generated"
[1] "heter data are generated"
 [1] "lglasso's bic is 20625.1193692951" "lglasso's bic is 16063.3441143798"
 [3] "lglasso's bic is 12617.3752426973" "lglasso's bic is 11231.4186258779"
 [5] "lglasso's bic is 9285.37981845699" "lglasso's bic is 7761.05711383445"
 [7] "lglasso's bic is 7143.59289874985" "lglasso's bic is 6585.02438934785"
 [9] "lglasso's bic is 6251.13758397567" "lglasso's bic is 5983.67002925071"
[11] "lglasso's bic is 5896.96591739525" "lglasso's bic is 5889.41470935252"
[13] "lglasso's bic is 6008.39609918963" "lglasso's bic is 6296.21751754095"
[15] "lglasso's bic is 6399.0591170382"  "lglasso's bic is 6487.25919151772"
[17] "lglasso's bic is 6571.92212395764" "lglasso's bic is 6664.18770140431"
[19] "lglasso's bic is 6756.43246153395" "lglasso's bic is 6840.3757673479" 
[1] "The 18th simulation:"
[1] "two-community heter data are generated"
[1] "heter data are generated"
[1] "heter data are generated"
 [1] "lglasso's bic is 25430.2806872936" "lglasso's bic is 21590.1922035858"
 [3] "lglasso's bic is 18543.5313414285" "lglasso's bic is 16161.4927644892"
 [5] "lglasso's bic is 14483.5658267358" "lglasso's bic is 13086.9468375326"
 [7] "lglasso's bic is 12121.8905321174" "lglasso's bic is 11604.7597547263"
 [9] "lglasso's bic is 11249.8121995294" "lglasso's bic is 11063.7515223756"
[11] "lglasso's bic is 11042.2921060322" "lglasso's bic is 11041.3380183618"
[13] "lglasso's bic is 11133.8019800109" "lglasso's bic is 11193.5843416847"
[15] "lglasso's bic is 11312.2901546817" "lglasso's bic is 11426.493931728" 
[17] "lglasso's bic is 11546.550910457"  "lglasso's bic is 11686.463933747" 
[19] "lglasso's bic is 12108.5654309395" "lglasso's bic is 12235.8928922933"
[1] "The 19th simulation:"
[1] "two-community heter data are generated"
[1] "heter data are generated"
[1] "heter data are generated"
 [1] "lglasso's bic is 23647.6380968133" "lglasso's bic is 19101.328913432" 
 [3] "lglasso's bic is 15584.8589864821" "lglasso's bic is 12955.1080009101"
 [5] "lglasso's bic is 11074.3934544207" "lglasso's bic is 9807.14601867512"
 [7] "lglasso's bic is 9001.57588512664" "lglasso's bic is 9128.71353691465"
 [9] "lglasso's bic is 8857.03484664636" "lglasso's bic is 8766.91681785463"
[11] "lglasso's bic is 8715.84114377014" "lglasso's bic is 8673.87102035073"
[13] "lglasso's bic is 8761.40760292147" "lglasso's bic is 8862.09733496288"
[15] "lglasso's bic is 8962.28330219569" "lglasso's bic is 9280.17040519577"
[17] "lglasso's bic is 9692.2240709107"  "lglasso's bic is 9869.43439741909"
[19] "lglasso's bic is 9997.10418403384" "lglasso's bic is 10380.2434328809"
[1] "The 20th simulation:"
[1] "two-community heter data are generated"
[1] "heter data are generated"
[1] "heter data are generated"
 [1] "lglasso's bic is 20711.7005965621" "lglasso's bic is 16548.4179066588"
 [3] "lglasso's bic is 13328.9070525964" "lglasso's bic is 10749.8058134422"
 [5] "lglasso's bic is 8863.39825101413" "lglasso's bic is 7497.60335665974"
 [7] "lglasso's bic is 6666.58586215259" "lglasso's bic is 6022.41982515006"
 [9] "lglasso's bic is 5757.52493529528" "lglasso's bic is 5618.63630070566"
[11] "lglasso's bic is 5534.93637728727" "lglasso's bic is 5533.60028444494"
[13] "lglasso's bic is 5897.27469441525" "lglasso's bic is 6059.22902946783"
[15] "lglasso's bic is 6261.91947637895" "lglasso's bic is 6385.4307037709" 
[17] "lglasso's bic is 6596.2803146075"  "lglasso's bic is 6697.40573176034"
[19] "lglasso's bic is 6812.04903311941" "lglasso's bic is 7285.90273376607"
[1] "The 21th simulation:"
[1] "two-community heter data are generated"
[1] "heter data are generated"
[1] "heter data are generated"
 [1] "lglasso's bic is 20376.8131902294" "lglasso's bic is 16136.2251644943"
 [3] "lglasso's bic is 12955.8121096226" "lglasso's bic is 10647.9810015181"
 [5] "lglasso's bic is 8819.70762811279" "lglasso's bic is 7638.05159724294"
 [7] "lglasso's bic is 6971.54511569675" "lglasso's bic is 6500.54990627224"
 [9] "lglasso's bic is 6175.40839643689" "lglasso's bic is 6076.86924217386"
[11] "lglasso's bic is 6046.8899618329"  "lglasso's bic is 6123.64801432579"
[13] "lglasso's bic is 6213.55174767721" "lglasso's bic is 6397.29742473012"
[15] "lglasso's bic is 6560.06871254935" "lglasso's bic is 6716.79271335993"
[17] "lglasso's bic is 6873.14429495444" "lglasso's bic is 7166.83356854624"
[19] "lglasso's bic is 7330.91492398487" "lglasso's bic is 7598.73982465672"
[1] "The 22th simulation:"
[1] "two-community heter data are generated"
[1] "heter data are generated"
[1] "heter data are generated"
 [1] "lglasso's bic is 24514.1482088345" "lglasso's bic is 19615.8433237899"
 [3] "lglasso's bic is 16538.1604879196" "lglasso's bic is 13971.717008242" 
 [5] "lglasso's bic is 12224.7138196943" "lglasso's bic is 11111.8970953716"
 [7] "lglasso's bic is 10350.0569726497" "lglasso's bic is 10152.3638094937"
 [9] "lglasso's bic is 9985.55954043484" "lglasso's bic is 9916.478159635"  
[11] "lglasso's bic is 9967.92553956826" "lglasso's bic is 9985.09651397412"
[13] "lglasso's bic is 10606.4932412313" "lglasso's bic is 10751.8667091654"
[15] "lglasso's bic is 10871.2867718526" "lglasso's bic is 11008.2247356523"
[17] "lglasso's bic is 11540.2524284793" "lglasso's bic is 11729.3825892823"
[19] "lglasso's bic is 11863.0983023809" "lglasso's bic is 12007.2285099543"
[1] "The 23th simulation:"
[1] "two-community heter data are generated"
[1] "heter data are generated"
[1] "heter data are generated"
 [1] "lglasso's bic is 14325.0646439997" "lglasso's bic is 8941.4811724066" 
 [3] "lglasso's bic is 5890.92223091399" "lglasso's bic is 3696.46039692228"
 [5] "lglasso's bic is 2043.23368718823" "lglasso's bic is 988.781306583634"
 [7] "lglasso's bic is 403.10608482178"  "lglasso's bic is 127.922529938839"
 [9] "lglasso's bic is 59.7439695412489" "lglasso's bic is 120.518319079572"
[11] "lglasso's bic is 395.506892436631" "lglasso's bic is 927.902819145305"
[13] "lglasso's bic is 1058.07339953305" "lglasso's bic is 1340.58469488584"
[15] "lglasso's bic is 1544.38672570832" "lglasso's bic is 1749.28111355179"
[17] "lglasso's bic is 1948.66255673531" "lglasso's bic is 2154.02677737518"
[19] "lglasso's bic is 2343.30993167038" "lglasso's bic is 2542.48954709691"
[1] "The 24th simulation:"
[1] "two-community heter data are generated"
[1] "heter data are generated"
[1] "heter data are generated"
 [1] "lglasso's bic is 23611.1818947272" "lglasso's bic is 19503.4401669638"
 [3] "lglasso's bic is 16071.4456899405" "lglasso's bic is 13463.5820455294"
 [5] "lglasso's bic is 11702.046215006"  "lglasso's bic is 10376.9969076211"
 [7] "lglasso's bic is 9489.92171992971" "lglasso's bic is 8986.9424358399" 
 [9] "lglasso's bic is 8681.07448167479" "lglasso's bic is 8607.68626049367"
[11] "lglasso's bic is 8702.33885491708" "lglasso's bic is 8769.36163875951"
[13] "lglasso's bic is 8871.47920756992" "lglasso's bic is 9057.35892295139"
[15] "lglasso's bic is 9139.8978408606"  "lglasso's bic is 9258.79854102106"
[17] "lglasso's bic is 9380.75596569283" "lglasso's bic is 9498.61625968309"
[19] "lglasso's bic is 9623.90929390982" "lglasso's bic is 9765.109089158"  
[1] "The 25th simulation:"
[1] "two-community heter data are generated"
[1] "heter data are generated"
[1] "heter data are generated"
 [1] "lglasso's bic is 29094.2859513438" "lglasso's bic is 25253.7999660144"
 [3] "lglasso's bic is 21929.3699888797" "lglasso's bic is 19410.7902398245"
 [5] "lglasso's bic is 17434.2440317965" "lglasso's bic is 15955.0032331036"
 [7] "lglasso's bic is 15005.2247495551" "lglasso's bic is 14512.8528455842"
 [9] "lglasso's bic is 14064.2292216517" "lglasso's bic is 13850.889260204" 
[11] "lglasso's bic is 13739.1211683945" "lglasso's bic is 13696.003285742" 
[13] "lglasso's bic is 13686.3351157091" "lglasso's bic is 13734.9791325747"
[15] "lglasso's bic is 13788.929799171"  "lglasso's bic is 13862.3649571801"
[17] "lglasso's bic is 13943.7073497671" "lglasso's bic is 14019.7747746602"
[19] "lglasso's bic is 14158.202959921"  "lglasso's bic is 14331.4479687464"
[1] "The 26th simulation:"
[1] "two-community heter data are generated"
[1] "heter data are generated"
[1] "heter data are generated"
 [1] "lglasso's bic is 26389.3806022607" "lglasso's bic is 22352.8994783336"
 [3] "lglasso's bic is 19027.4599093343" "lglasso's bic is 16776.3367044293"
 [5] "lglasso's bic is 14825.5845156673" "lglasso's bic is 13387.3311616274"
 [7] "lglasso's bic is 12614.5610031816" "lglasso's bic is 12092.4056625963"
 [9] "lglasso's bic is 11703.7534655103" "lglasso's bic is 11701.6753895061"
[11] "lglasso's bic is 11546.7208082188" "lglasso's bic is 11495.2730303419"
[13] "lglasso's bic is 11570.280486261"  "lglasso's bic is 11657.8942359695"
[15] "lglasso's bic is 11756.4569808826" "lglasso's bic is 11881.8330821141"
[17] "lglasso's bic is 11995.5666989688" "lglasso's bic is 12195.9107126914"
[19] "lglasso's bic is 12326.5462029544" "lglasso's bic is 12480.112739584" 
[1] "The 27th simulation:"
[1] "two-community heter data are generated"
[1] "heter data are generated"
[1] "heter data are generated"
 [1] "lglasso's bic is 22581.9129938871" "lglasso's bic is 18090.2323458861"
 [3] "lglasso's bic is 14901.9098085511" "lglasso's bic is 12521.3087081712"
 [5] "lglasso's bic is 10583.3906285224" "lglasso's bic is 9355.60942254583"
 [7] "lglasso's bic is 8861.29863847149" "lglasso's bic is 8424.72253625693"
 [9] "lglasso's bic is 8590.70117132761" "lglasso's bic is 8751.11483137052"
[11] "lglasso's bic is 8641.35365709583" "lglasso's bic is 8635.59670238752"
[13] "lglasso's bic is 8642.95044779486" "lglasso's bic is 8716.91821092036"
[15] "lglasso's bic is 8818.93831965406" "lglasso's bic is 8912.83142909773"
[17] "lglasso's bic is 9023.32175613326" "lglasso's bic is 9281.23302926009"
[19] "lglasso's bic is 9438.29020987934" "lglasso's bic is 9602.68266293296"
[1] "The 28th simulation:"
[1] "two-community heter data are generated"
[1] "heter data are generated"
[1] "heter data are generated"
 [1] "lglasso's bic is 18298.9562615308" "lglasso's bic is 13638.8818255775"
 [3] "lglasso's bic is 9880.0398337947"  "lglasso's bic is 7526.27370892918"
 [5] "lglasso's bic is 5631.3847934587"  "lglasso's bic is 4616.47074872554"
 [7] "lglasso's bic is 3944.88513261283" "lglasso's bic is 3576.28806904863"
 [9] "lglasso's bic is 3411.27981578316" "lglasso's bic is 3465.65848280151"
[11] "lglasso's bic is 4047.5853597064"  "lglasso's bic is 4207.28987302727"
[13] "lglasso's bic is 4367.65552750595" "lglasso's bic is 4573.78869966279"
[15] "lglasso's bic is 4808.55360243299" "lglasso's bic is 4957.6742864737" 
[17] "lglasso's bic is 5101.40160903619" "lglasso's bic is 5257.08177876565"
[19] "lglasso's bic is 5401.3647467977"  "lglasso's bic is 5552.62964971444"
[1] "The 29th simulation:"
[1] "two-community heter data are generated"
[1] "heter data are generated"
[1] "heter data are generated"
 [1] "lglasso's bic is 23094.5799287781" "lglasso's bic is 18793.8979824918"
 [3] "lglasso's bic is 15423.5689765203" "lglasso's bic is 12989.2348221348"
 [5] "lglasso's bic is 11045.8126478676" "lglasso's bic is 9630.92401591254"
 [7] "lglasso's bic is 8835.44405105867" "lglasso's bic is 8304.76482207154"
 [9] "lglasso's bic is 8050.80455500375" "lglasso's bic is 8116.98053021526"
[11] "lglasso's bic is 8067.99652817616" "lglasso's bic is 8091.36106803089"
[13] "lglasso's bic is 8108.55843877265" "lglasso's bic is 8203.01635078946"
[15] "lglasso's bic is 8506.98385338573" "lglasso's bic is 8565.17312591304"
[17] "lglasso's bic is 8730.06685453426" "lglasso's bic is 8816.84217602048"
[19] "lglasso's bic is 8906.40426339094" "lglasso's bic is 8998.59737692852"
[1] "The 30th simulation:"
[1] "two-community heter data are generated"
[1] "heter data are generated"
[1] "heter data are generated"
 [1] "lglasso's bic is 13583.5175314428"  "lglasso's bic is 9071.95933457274" 
 [3] "lglasso's bic is 5766.75955952166"  "lglasso's bic is 3537.46599042218" 
 [5] "lglasso's bic is 1763.00384224349"  "lglasso's bic is 641.986664345375" 
 [7] "lglasso's bic is -119.016474706072" "lglasso's bic is -460.015564542277"
 [9] "lglasso's bic is -630.105468039616" "lglasso's bic is -718.499390072114"
[11] "lglasso's bic is -756.242936363271" "lglasso's bic is -675.221080376097"
[13] "lglasso's bic is -567.6134933048"   "lglasso's bic is -363.257859110993"
[15] "lglasso's bic is -232.446835322451" "lglasso's bic is -61.1926525868183"
[17] "lglasso's bic is 89.8622912653963"  "lglasso's bic is 267.259535628217" 
[19] "lglasso's bic is 419.949818319304"  "lglasso's bic is 583.708218547067" 
[1] "The 31th simulation:"
[1] "two-community heter data are generated"
[1] "heter data are generated"
[1] "heter data are generated"
 [1] "lglasso's bic is 13865.3481636119" "lglasso's bic is 8412.4886864836" 
 [3] "lglasso's bic is 5360.05023435833" "lglasso's bic is 3513.8033198757" 
 [5] "lglasso's bic is 2162.6585545489"  "lglasso's bic is 1684.28506202537"
 [7] "lglasso's bic is 1085.06562101639" "lglasso's bic is 1027.82876029041"
 [9] "lglasso's bic is 948.038290876179" "lglasso's bic is 1021.85543992081"
[11] "lglasso's bic is 1415.07142795142" "lglasso's bic is 1599.97108657167"
[13] "lglasso's bic is 2038.68208626821" "lglasso's bic is 2244.89871185024"
[15] "lglasso's bic is 2506.18664579126" "lglasso's bic is 2724.57578214972"
[17] "lglasso's bic is 2938.63421530352" "lglasso's bic is 3220.66667301889"
[19] "lglasso's bic is 3439.56998568824" "lglasso's bic is 3668.73638923597"
[1] "The 32th simulation:"
[1] "two-community heter data are generated"
[1] "heter data are generated"
[1] "heter data are generated"
 [1] "lglasso's bic is 29097.7355520321" "lglasso's bic is 24707.4749094238"
 [3] "lglasso's bic is 21050.9365445953" "lglasso's bic is 19024.5298636789"
 [5] "lglasso's bic is 17261.9682684152" "lglasso's bic is 15999.600248068" 
 [7] "lglasso's bic is 15304.1037603762" "lglasso's bic is 14728.0858616997"
 [9] "lglasso's bic is 14421.1019995706" "lglasso's bic is 14200.0076317267"
[11] "lglasso's bic is 14144.6031422319" "lglasso's bic is 14172.1595765867"
[13] "lglasso's bic is 14178.9500603673" "lglasso's bic is 14285.8291789185"
[15] "lglasso's bic is 14371.5684729791" "lglasso's bic is 14477.1362858103"
[17] "lglasso's bic is 14576.8769684647" "lglasso's bic is 14690.3822249945"
[19] "lglasso's bic is 14825.8874156016" "lglasso's bic is 14943.6668401193"
[1] "The 33th simulation:"
[1] "two-community heter data are generated"
[1] "heter data are generated"
[1] "heter data are generated"
 [1] "lglasso's bic is 22212.2544140149" "lglasso's bic is 17717.7841374622"
 [3] "lglasso's bic is 14574.4582501671" "lglasso's bic is 12422.747261946" 
 [5] "lglasso's bic is 10607.7201178275" "lglasso's bic is 9387.76328792738"
 [7] "lglasso's bic is 8664.31466018582" "lglasso's bic is 8196.77526695367"
 [9] "lglasso's bic is 7843.1647134963"  "lglasso's bic is 7983.93594081666"
[11] "lglasso's bic is 7969.63032928894" "lglasso's bic is 8015.44147002614"
[13] "lglasso's bic is 8099.42923151822" "lglasso's bic is 8231.80633783684"
[15] "lglasso's bic is 8457.17524355394" "lglasso's bic is 8599.55369197852"
[17] "lglasso's bic is 8742.50909880406" "lglasso's bic is 8892.76704433698"
[19] "lglasso's bic is 9038.80577297664" "lglasso's bic is 9185.44017950441"
[1] "The 34th simulation:"
[1] "two-community heter data are generated"
[1] "heter data are generated"
[1] "heter data are generated"
 [1] "lglasso's bic is 19845.1764582067" "lglasso's bic is 15201.4444066393"
 [3] "lglasso's bic is 11817.9967612205" "lglasso's bic is 9383.0809401533" 
 [5] "lglasso's bic is 7682.24543562783" "lglasso's bic is 6351.85669423297"
 [7] "lglasso's bic is 5611.63495906927" "lglasso's bic is 5177.24681529879"
 [9] "lglasso's bic is 4992.78681616632" "lglasso's bic is 5137.84244470226"
[11] "lglasso's bic is 5171.19343070753" "lglasso's bic is 5338.26302239068"
[13] "lglasso's bic is 5473.28532993972" "lglasso's bic is 5821.51137183971"
[15] "lglasso's bic is 5946.7066851259"  "lglasso's bic is 6202.97637413829"
[17] "lglasso's bic is 6353.44705702166" "lglasso's bic is 6606.31565651628"
[19] "lglasso's bic is 6734.16671120161" "lglasso's bic is 6880.02164933501"
[1] "The 35th simulation:"
[1] "two-community heter data are generated"
[1] "heter data are generated"
[1] "heter data are generated"
 [1] "lglasso's bic is 30312.5788866981" "lglasso's bic is 25906.7094287563"
 [3] "lglasso's bic is 22537.9424309547" "lglasso's bic is 19912.9078628055"
 [5] "lglasso's bic is 18067.2874438698" "lglasso's bic is 16876.291379427" 
 [7] "lglasso's bic is 15985.0928638552" "lglasso's bic is 15388.2535961899"
 [9] "lglasso's bic is 15119.6159890467" "lglasso's bic is 15128.2573931207"
[11] "lglasso's bic is 15119.9060903527" "lglasso's bic is 15499.1939331384"
[13] "lglasso's bic is 15546.9329527868" "lglasso's bic is 15576.1081364907"
[15] "lglasso's bic is 15776.9877521516" "lglasso's bic is 15853.2125784669"
[17] "lglasso's bic is 16043.5425378915" "lglasso's bic is 16124.409773823" 
[19] "lglasso's bic is 16206.2621959299" "lglasso's bic is 16296.5794734219"
[1] "The 36th simulation:"
[1] "two-community heter data are generated"
[1] "heter data are generated"
[1] "heter data are generated"
 [1] "lglasso's bic is 29390.4763376593" "lglasso's bic is 25200.4035245213"
 [3] "lglasso's bic is 22075.0547226295" "lglasso's bic is 19468.1367461093"
 [5] "lglasso's bic is 17574.4409739754" "lglasso's bic is 16009.4770148768"
 [7] "lglasso's bic is 15186.3344566394" "lglasso's bic is 14656.5572912749"
 [9] "lglasso's bic is 14318.1264854182" "lglasso's bic is 14132.699496268" 
[11] "lglasso's bic is 14123.9948687431" "lglasso's bic is 14145.0064084996"
[13] "lglasso's bic is 14197.8726272431" "lglasso's bic is 14284.0890834105"
[15] "lglasso's bic is 14390.375710724"  "lglasso's bic is 14506.0917742157"
[17] "lglasso's bic is 14752.7328229978" "lglasso's bic is 15001.4264370298"
[19] "lglasso's bic is 15126.7247509223" "lglasso's bic is 15403.4881884699"
[1] "The 37th simulation:"
[1] "two-community heter data are generated"
[1] "heter data are generated"
[1] "heter data are generated"
 [1] "lglasso's bic is 19912.0956045506" "lglasso's bic is 16345.9788290929"
 [3] "lglasso's bic is 13061.3559163719" "lglasso's bic is 10822.7969231093"
 [5] "lglasso's bic is 9158.62825282882" "lglasso's bic is 8002.8330781491" 
 [7] "lglasso's bic is 7016.54753183937" "lglasso's bic is 6415.87184276318"
 [9] "lglasso's bic is 5896.60291447529" "lglasso's bic is 5683.86641842896"
[11] "lglasso's bic is 5653.88860740038" "lglasso's bic is 5648.3920871776" 
[13] "lglasso's bic is 5748.82713842621" "lglasso's bic is 6113.18219181083"
[15] "lglasso's bic is 6387.81186252594" "lglasso's bic is 6502.33538469827"
[17] "lglasso's bic is 6624.09347697052" "lglasso's bic is 6753.89777126974"
[19] "lglasso's bic is 6876.49202215963" "lglasso's bic is 6998.71639769966"
[1] "The 38th simulation:"
[1] "two-community heter data are generated"
[1] "heter data are generated"
[1] "heter data are generated"
 [1] "lglasso's bic is 23099.9137374538" "lglasso's bic is 18354.5777101085"
 [3] "lglasso's bic is 14935.7149047707" "lglasso's bic is 12556.2237463097"
 [5] "lglasso's bic is 11078.8620183562" "lglasso's bic is 10029.0581031404"
 [7] "lglasso's bic is 9122.15196754411" "lglasso's bic is 8970.93838409968"
 [9] "lglasso's bic is 8754.37023507985" "lglasso's bic is 8653.88599465208"
[11] "lglasso's bic is 8640.22483514617" "lglasso's bic is 8797.44175911822"
[13] "lglasso's bic is 8899.89107065079" "lglasso's bic is 9133.02812944079"
[15] "lglasso's bic is 9563.97377171998" "lglasso's bic is 10139.5922596573"
[17] "lglasso's bic is 10289.5712483906" "lglasso's bic is 10439.6834242809"
[19] "lglasso's bic is 10584.1696859905" "lglasso's bic is 10735.3181774047"
[1] "The 39th simulation:"
[1] "two-community heter data are generated"
[1] "heter data are generated"
[1] "heter data are generated"
 [1] "lglasso's bic is 20287.3772267061" "lglasso's bic is 15552.9854193837"
 [3] "lglasso's bic is 12142.4314556407" "lglasso's bic is 9805.45340516622"
 [5] "lglasso's bic is 8175.66234658404" "lglasso's bic is 7062.07703816791"
 [7] "lglasso's bic is 6467.67771488404" "lglasso's bic is 6256.92778431438"
 [9] "lglasso's bic is 6049.00301066871" "lglasso's bic is 6045.92458800131"
[11] "lglasso's bic is 6013.21380606322" "lglasso's bic is 6203.77512419857"
[13] "lglasso's bic is 6346.34462464203" "lglasso's bic is 6779.07763689764"
[15] "lglasso's bic is 7024.15894276758" "lglasso's bic is 7225.44260344171"
[17] "lglasso's bic is 7374.08638136277" "lglasso's bic is 7533.4161075612" 
[19] "lglasso's bic is 7694.07987215892" "lglasso's bic is 7855.91131733758"
[1] "The 40th simulation:"
[1] "two-community heter data are generated"
[1] "heter data are generated"
[1] "heter data are generated"
 [1] "lglasso's bic is 21308.8893467231" "lglasso's bic is 16662.6426130118"
 [3] "lglasso's bic is 13290.1135536252" "lglasso's bic is 10704.9888801479"
 [5] "lglasso's bic is 8865.43981710093" "lglasso's bic is 7539.56845959974"
 [7] "lglasso's bic is 6719.14398060815" "lglasso's bic is 6333.37272446358"
 [9] "lglasso's bic is 6193.69304321074" "lglasso's bic is 6143.99956493802"
[11] "lglasso's bic is 6215.73422794769" "lglasso's bic is 6309.16045762649"
[13] "lglasso's bic is 6444.4142789543"  "lglasso's bic is 6553.96853695004"
[15] "lglasso's bic is 6679.93839961514" "lglasso's bic is 6820.45222756557"
[17] "lglasso's bic is 7371.17025586917" "lglasso's bic is 7505.31978397949"
[19] "lglasso's bic is 7713.22105998535" "lglasso's bic is 7849.80854855307"
[1] "The 41th simulation:"
[1] "two-community heter data are generated"
[1] "heter data are generated"
[1] "heter data are generated"
 [1] "lglasso's bic is 27664.3003061772" "lglasso's bic is 23242.896550659" 
 [3] "lglasso's bic is 19805.6320342258" "lglasso's bic is 17330.8355517687"
 [5] "lglasso's bic is 15674.4660742254" "lglasso's bic is 14415.0381159199"
 [7] "lglasso's bic is 13821.3130902434" "lglasso's bic is 13345.5864360014"
 [9] "lglasso's bic is 12982.4616132627" "lglasso's bic is 12882.1819553283"
[11] "lglasso's bic is 12838.3605577002" "lglasso's bic is 12873.3462588118"
[13] "lglasso's bic is 13027.8769031956" "lglasso's bic is 13314.2654910781"
[15] "lglasso's bic is 13394.1847244188" "lglasso's bic is 13495.8289142059"
[17] "lglasso's bic is 13581.7349414027" "lglasso's bic is 13694.4785574137"
[19] "lglasso's bic is 13814.0122440037" "lglasso's bic is 13925.9178586273"
[1] "The 42th simulation:"
[1] "two-community heter data are generated"
[1] "heter data are generated"
[1] "heter data are generated"
 [1] "lglasso's bic is 22425.3698022624" "lglasso's bic is 17607.7994702488"
 [3] "lglasso's bic is 13901.3096625547" "lglasso's bic is 11618.148294854" 
 [5] "lglasso's bic is 9785.68903832565" "lglasso's bic is 8576.68370459567"
 [7] "lglasso's bic is 8012.81167342949" "lglasso's bic is 7463.64667900835"
 [9] "lglasso's bic is 7314.63009450704" "lglasso's bic is 7241.81832707645"
[11] "lglasso's bic is 7303.62494846569" "lglasso's bic is 7445.32600661509"
[13] "lglasso's bic is 7559.86592093576" "lglasso's bic is 7661.69860096737"
[15] "lglasso's bic is 7856.61294725692" "lglasso's bic is 7970.02239763319"
[17] "lglasso's bic is 8094.38352292073" "lglasso's bic is 8547.22615336737"
[19] "lglasso's bic is 8660.28321171887" "lglasso's bic is 8781.35428397384"
[1] "The 43th simulation:"
[1] "two-community heter data are generated"
[1] "heter data are generated"
[1] "heter data are generated"
 [1] "lglasso's bic is 21265.0184898725" "lglasso's bic is 16649.4700914411"
 [3] "lglasso's bic is 13960.5573289316" "lglasso's bic is 11561.5553041412"
 [5] "lglasso's bic is 9697.30991747916" "lglasso's bic is 8517.13517701674"
 [7] "lglasso's bic is 7778.98318579008" "lglasso's bic is 7652.41918624672"
 [9] "lglasso's bic is 7415.97933054223" "lglasso's bic is 7290.26827541275"
[11] "lglasso's bic is 7250.79710199409" "lglasso's bic is 7246.54504599078"
[13] "lglasso's bic is 7378.73437904881" "lglasso's bic is 7825.81054040373"
[15] "lglasso's bic is 7990.72149397311" "lglasso's bic is 8112.64687099402"
[17] "lglasso's bic is 8237.2448128968"  "lglasso's bic is 8409.76748151582"
[19] "lglasso's bic is 8535.35844932388" "lglasso's bic is 8762.74954808745"
[1] "The 44th simulation:"
[1] "two-community heter data are generated"
[1] "heter data are generated"
[1] "heter data are generated"
 [1] "lglasso's bic is 22588.4443445102" "lglasso's bic is 18444.0375490784"
 [3] "lglasso's bic is 15251.0190917929" "lglasso's bic is 12819.8434509405"
 [5] "lglasso's bic is 11123.0432302654" "lglasso's bic is 9630.38652731314"
 [7] "lglasso's bic is 8766.82202672542" "lglasso's bic is 8068.01627814008"
 [9] "lglasso's bic is 7708.28043221295" "lglasso's bic is 7531.94966409777"
[11] "lglasso's bic is 7381.92528964007" "lglasso's bic is 7424.11513047169"
[13] "lglasso's bic is 7480.33875974716" "lglasso's bic is 7612.11202416499"
[15] "lglasso's bic is 7705.94948744654" "lglasso's bic is 7925.7376473535" 
[17] "lglasso's bic is 8041.32517882515" "lglasso's bic is 8165.87910856033"
[19] "lglasso's bic is 8614.76044178489" "lglasso's bic is 8734.17188687728"
[1] "The 45th simulation:"
[1] "two-community heter data are generated"
[1] "heter data are generated"
[1] "heter data are generated"
 [1] "lglasso's bic is 23089.0700885095" "lglasso's bic is 18656.4700657415"
 [3] "lglasso's bic is 15264.1803220031" "lglasso's bic is 13533.7803853675"
 [5] "lglasso's bic is 11606.175389959"  "lglasso's bic is 10421.7524225084"
 [7] "lglasso's bic is 9871.29078948849" "lglasso's bic is 9134.46971714889"
 [9] "lglasso's bic is 8810.021971302"   "lglasso's bic is 8673.76147511472"
[11] "lglasso's bic is 8707.57053075003" "lglasso's bic is 8738.91997244572"
[13] "lglasso's bic is 8823.20879768391" "lglasso's bic is 8945.76410678131"
[15] "lglasso's bic is 9192.06709911298" "lglasso's bic is 9361.38380385861"
[17] "lglasso's bic is 9618.52400538066" "lglasso's bic is 9759.59506022805"
[19] "lglasso's bic is 9895.73892936985" "lglasso's bic is 10038.6139214528"
[1] "The 46th simulation:"
[1] "two-community heter data are generated"
[1] "heter data are generated"
[1] "heter data are generated"
 [1] "lglasso's bic is 20071.9592013545" "lglasso's bic is 15590.1095506669"
 [3] "lglasso's bic is 12293.0782712844" "lglasso's bic is 10055.8039756695"
 [5] "lglasso's bic is 8298.5959574069"  "lglasso's bic is 7088.56854305366"
 [7] "lglasso's bic is 6282.57073845589" "lglasso's bic is 5695.54864268124"
 [9] "lglasso's bic is 5348.57628739385" "lglasso's bic is 5120.14928557097"
[11] "lglasso's bic is 5162.51275320555" "lglasso's bic is 5269.4559868242" 
[13] "lglasso's bic is 5302.82723055514" "lglasso's bic is 5397.44376156739"
[15] "lglasso's bic is 5484.26437360064" "lglasso's bic is 5599.39557343738"
[17] "lglasso's bic is 5917.80699783025" "lglasso's bic is 6019.86477833785"
[19] "lglasso's bic is 6133.27881340818" "lglasso's bic is 6277.47251235669"
[1] "The 47th simulation:"
[1] "two-community heter data are generated"
[1] "heter data are generated"
[1] "heter data are generated"
 [1] "lglasso's bic is 28086.7014573863" "lglasso's bic is 23803.8826162134"
 [3] "lglasso's bic is 20708.5790597505" "lglasso's bic is 18475.8368451117"
 [5] "lglasso's bic is 16785.4738030407" "lglasso's bic is 15325.0918298433"
 [7] "lglasso's bic is 14319.8458206755" "lglasso's bic is 13777.9116520554"
 [9] "lglasso's bic is 13382.2233609942" "lglasso's bic is 13544.0274133679"
[11] "lglasso's bic is 13614.4405118208" "lglasso's bic is 13675.1385991492"
[13] "lglasso's bic is 13668.5520877951" "lglasso's bic is 13757.9045497426"
[15] "lglasso's bic is 13862.4112245348" "lglasso's bic is 13987.3898318055"
[17] "lglasso's bic is 14105.8059928893" "lglasso's bic is 14343.1155197826"
[19] "lglasso's bic is 14536.3913469486" "lglasso's bic is 14694.840867345" 
[1] "The 48th simulation:"
[1] "two-community heter data are generated"
[1] "heter data are generated"
[1] "heter data are generated"
 [1] "lglasso's bic is 25521.0208044366" "lglasso's bic is 21372.2623785629"
 [3] "lglasso's bic is 17926.9738229253" "lglasso's bic is 15226.3246720319"
 [5] "lglasso's bic is 13872.2219797223" "lglasso's bic is 12575.3254447809"
 [7] "lglasso's bic is 11542.1020153707" "lglasso's bic is 10882.8685355961"
 [9] "lglasso's bic is 10502.6564265426" "lglasso's bic is 10340.8434884252"
[11] "lglasso's bic is 10333.3016306287" "lglasso's bic is 10340.8804077552"
[13] "lglasso's bic is 10366.6463754557" "lglasso's bic is 10443.6551255116"
[15] "lglasso's bic is 10559.7272974478" "lglasso's bic is 10684.852233347" 
[17] "lglasso's bic is 10771.3714576579" "lglasso's bic is 10889.6792628727"
[19] "lglasso's bic is 10990.2458584433" "lglasso's bic is 11126.7025685046"
[1] "The 49th simulation:"
[1] "two-community heter data are generated"
[1] "heter data are generated"
[1] "heter data are generated"
 [1] "lglasso's bic is 20922.1732963323" "lglasso's bic is 16507.1329007168"
 [3] "lglasso's bic is 13038.8308593518" "lglasso's bic is 10330.537089562" 
 [5] "lglasso's bic is 8339.8721217858"  "lglasso's bic is 7093.72473488777"
 [7] "lglasso's bic is 6294.05947737945" "lglasso's bic is 5959.63587772428"
 [9] "lglasso's bic is 5597.10440550137" "lglasso's bic is 5568.25979594523"
[11] "lglasso's bic is 5526.31649874797" "lglasso's bic is 5586.69384898967"
[13] "lglasso's bic is 5901.74963263999" "lglasso's bic is 5949.44222086226"
[15] "lglasso's bic is 6023.17343538665" "lglasso's bic is 6183.88664153493"
[17] "lglasso's bic is 6358.28597476422" "lglasso's bic is 6458.01395134826"
[19] "lglasso's bic is 6560.50404305621" "lglasso's bic is 6665.56924373338"
[1] "The 50th simulation:"
[1] "two-community heter data are generated"
[1] "heter data are generated"
[1] "heter data are generated"
 [1] "lglasso's bic is 27562.7674439617" "lglasso's bic is 23245.4086397404"
 [3] "lglasso's bic is 19922.6965361306" "lglasso's bic is 17246.6555380352"
 [5] "lglasso's bic is 15114.9644565523" "lglasso's bic is 13965.4438514563"
 [7] "lglasso's bic is 13080.3082885082" "lglasso's bic is 12606.2962472134"
 [9] "lglasso's bic is 12657.7522807362" "lglasso's bic is 12511.1219141318"
[11] "lglasso's bic is 12447.0386875579" "lglasso's bic is 12759.7556001404"
[13] "lglasso's bic is 12765.392077072"  "lglasso's bic is 12902.2799927321"
[15] "lglasso's bic is 12984.6331382511" "lglasso's bic is 13189.565573257" 
[17] "lglasso's bic is 13276.8133742532" "lglasso's bic is 13394.3769014368"
[19] "lglasso's bic is 13679.7162541391" "lglasso's bic is 13812.0742195507"
There were 50 or more warnings (use warnings() to see the first 50)
> save(simures,file="subject=20_time=30_uu2=0.4.Rd")
> q("no")
> proc.time()
    user   system  elapsed 
27377.92    64.30 29833.85 
