
R version 4.1.2 (2021-11-01) -- "Bird Hippie"
Copyright (C) 2021 The R Foundation for Statistical Computing
Platform: x86_64-pc-linux-gnu (64-bit)

R is free software and comes with ABSOLUTELY NO WARRANTY.
You are welcome to redistribute it under certain conditions.
Type 'license()' or 'licence()' for distribution details.

  Natural language support but running in an English locale

R is a collaborative project with many contributors.
Type 'contributors()' for more information and
'citation()' on how to cite R or R packages in publications.

Type 'demo()' for some demos, 'help()' for on-line help, or
'help.start()' for an HTML browser interface to help.
Type 'q()' to quit R.

> library("lglasso")
> library("glasso")
> library("BDgraph")
> library("GGMselect")
Loading required package: mvtnorm

Attaching package: 'mvtnorm'

The following object is masked from 'package:BDgraph':

    rmvnorm

> library("Matrix")
> m=20
> n=30
> uu2=0.1
> Nsim=50
> rho=vector("list",5)
> rho[[1]]=seq(0.001,0.3,length=20)
> rho[[2]]=seq(0.001,0.3,length=20)
> rho[[3]]=seq(0.001,0.3,length=20)
> rho[[4]]=seq(0.00001,0.1,length=10)
> rho[[5]]=seq(0.00001,0.1,length=10)
> set.seed(m+n+uu2)
> simures=power_compare1(m=m,n=n,p=80,coe=c(2,0,0),l=Nsim,rho=rho,prob=0.01,heter=T,community2=T,uu=c(0.1,uu2),zirate=c(0.2, 0.8))
[1] "The 1th simulation:"
[1] "two-community heter data are generated"
[1] "heter data are generated"
[1] "heter data are generated"
 [1] "lglasso's bic is 23660.0424219336" "lglasso's bic is 19266.1084899416"
 [3] "lglasso's bic is 16011.6194491095" "lglasso's bic is 13954.6857647202"
 [5] "lglasso's bic is 12079.1683190221" "lglasso's bic is 10798.8034174469"
 [7] "lglasso's bic is 9847.13340694766" "lglasso's bic is 9267.93770364964"
 [9] "lglasso's bic is 9016.94200712545" "lglasso's bic is 8898.33860345631"
[11] "lglasso's bic is 8940.58577829312" "lglasso's bic is 8973.30991160654"
[13] "lglasso's bic is 9071.31435883865" "lglasso's bic is 9156.13397105605"
[15] "lglasso's bic is 9295.2050695605"  "lglasso's bic is 9735.9859380172" 
[17] "lglasso's bic is 9909.14855393612" "lglasso's bic is 10049.0877687258"
[19] "lglasso's bic is 10216.5837396214" "lglasso's bic is 10353.7239025767"
[1] "The 2th simulation:"
[1] "two-community heter data are generated"
[1] "heter data are generated"
[1] "heter data are generated"
 [1] "lglasso's bic is 27946.8937046861" "lglasso's bic is 23639.9045791373"
 [3] "lglasso's bic is 20907.4692077373" "lglasso's bic is 18628.7535618558"
 [5] "lglasso's bic is 16737.2041704186" "lglasso's bic is 15430.3012516957"
 [7] "lglasso's bic is 14455.4099490832" "lglasso's bic is 13739.1936873617"
 [9] "lglasso's bic is 13306.8541349459" "lglasso's bic is 13033.9647061505"
[11] "lglasso's bic is 12970.1728793464" "lglasso's bic is 12974.1950521275"
[13] "lglasso's bic is 13086.4269681837" "lglasso's bic is 13166.4071204357"
[15] "lglasso's bic is 13338.6910579283" "lglasso's bic is 13492.1393295238"
[17] "lglasso's bic is 13605.3444742581" "lglasso's bic is 13718.6713035762"
[19] "lglasso's bic is 13840.6521364982" "lglasso's bic is 13950.7614603602"
[1] "The 3th simulation:"
[1] "two-community heter data are generated"
[1] "heter data are generated"
[1] "heter data are generated"
 [1] "lglasso's bic is 23810.0423893422" "lglasso's bic is 19981.6829298063"
 [3] "lglasso's bic is 16591.024340562"  "lglasso's bic is 13922.9093817701"
 [5] "lglasso's bic is 12096.7228241912" "lglasso's bic is 10669.1109193943"
 [7] "lglasso's bic is 9944.37361843569" "lglasso's bic is 9383.52597439192"
 [9] "lglasso's bic is 9058.62742757172" "lglasso's bic is 8981.22145691322"
[11] "lglasso's bic is 8970.91024332871" "lglasso's bic is 9039.39999522254"
[13] "lglasso's bic is 9133.71269691222" "lglasso's bic is 9249.34457067842"
[15] "lglasso's bic is 9356.5156013757"  "lglasso's bic is 9482.5061443745" 
[17] "lglasso's bic is 9650.90929212601" "lglasso's bic is 9825.73936963238"
[19] "lglasso's bic is 10073.0354194263" "lglasso's bic is 10208.4572705517"
[1] "The 4th simulation:"
[1] "two-community heter data are generated"
[1] "heter data are generated"
[1] "heter data are generated"
 [1] "lglasso's bic is 23042.013354963"  "lglasso's bic is 18422.2496761894"
 [3] "lglasso's bic is 14808.4480577135" "lglasso's bic is 12248.6865640026"
 [5] "lglasso's bic is 10575.0647960286" "lglasso's bic is 9381.2203079118" 
 [7] "lglasso's bic is 8614.70946572024" "lglasso's bic is 8100.98449025288"
 [9] "lglasso's bic is 7875.05516290414" "lglasso's bic is 7778.01526035631"
[11] "lglasso's bic is 8425.57848551418" "lglasso's bic is 8460.08267959182"
[13] "lglasso's bic is 8486.31021771527" "lglasso's bic is 8549.59789131174"
[15] "lglasso's bic is 8644.85960994979" "lglasso's bic is 8740.80958439139"
[17] "lglasso's bic is 9041.43890446391" "lglasso's bic is 9130.64880002863"
[19] "lglasso's bic is 9246.97821028474" "lglasso's bic is 9358.2431134525" 
[1] "The 5th simulation:"
[1] "two-community heter data are generated"
[1] "heter data are generated"
[1] "heter data are generated"
 [1] "lglasso's bic is 25643.4447092564" "lglasso's bic is 21009.6426490042"
 [3] "lglasso's bic is 17659.2519627587" "lglasso's bic is 15325.8396411774"
 [5] "lglasso's bic is 13622.4128952987" "lglasso's bic is 12828.1903339464"
 [7] "lglasso's bic is 12104.4936943559" "lglasso's bic is 11652.970438996" 
 [9] "lglasso's bic is 11443.5407256809" "lglasso's bic is 11518.1956841557"
[11] "lglasso's bic is 11583.8036327671" "lglasso's bic is 11760.982762957" 
[13] "lglasso's bic is 12424.6839297986" "lglasso's bic is 12541.8344553681"
[15] "lglasso's bic is 12695.3409304648" "lglasso's bic is 13016.9481977553"
[17] "lglasso's bic is 13237.5210748531" "lglasso's bic is 13455.4760719254"
[19] "lglasso's bic is 13604.8278699978" "lglasso's bic is 13815.6670181188"
[1] "The 6th simulation:"
[1] "two-community heter data are generated"
[1] "heter data are generated"
[1] "heter data are generated"
 [1] "lglasso's bic is 30153.4975218901" "lglasso's bic is 25527.9264448948"
 [3] "lglasso's bic is 22131.4975377744" "lglasso's bic is 19475.1759638551"
 [5] "lglasso's bic is 17678.7068471098" "lglasso's bic is 16416.6130812969"
 [7] "lglasso's bic is 15608.6084082436" "lglasso's bic is 15086.3759952544"
 [9] "lglasso's bic is 14898.0168335832" "lglasso's bic is 14826.2485695065"
[11] "lglasso's bic is 14977.1056128435" "lglasso's bic is 15037.7858537425"
[13] "lglasso's bic is 15111.5375715879" "lglasso's bic is 15223.3506299909"
[15] "lglasso's bic is 15353.1720152575" "lglasso's bic is 15752.7218900946"
[17] "lglasso's bic is 15871.8551960064" "lglasso's bic is 16005.9962285261"
[19] "lglasso's bic is 16134.9539995127" "lglasso's bic is 16355.9456119379"
[1] "The 7th simulation:"
[1] "two-community heter data are generated"
[1] "heter data are generated"
[1] "heter data are generated"
 [1] "lglasso's bic is 19464.7595653905" "lglasso's bic is 14470.0255452738"
 [3] "lglasso's bic is 11214.1550648776" "lglasso's bic is 8742.5426613755" 
 [5] "lglasso's bic is 6953.46489552182" "lglasso's bic is 5760.4182372822" 
 [7] "lglasso's bic is 5063.74095621467" "lglasso's bic is 4723.97215429016"
 [9] "lglasso's bic is 4549.52360835541" "lglasso's bic is 4483.92225389902"
[11] "lglasso's bic is 4488.81164084061" "lglasso's bic is 4680.50584152543"
[13] "lglasso's bic is 4797.95963698794" "lglasso's bic is 4954.70607224298"
[15] "lglasso's bic is 5114.79202322302" "lglasso's bic is 5563.15466549878"
[17] "lglasso's bic is 6344.34253732181" "lglasso's bic is 6486.69825393904"
[19] "lglasso's bic is 6738.18317935713" "lglasso's bic is 6884.65874435235"
[1] "The 8th simulation:"
[1] "two-community heter data are generated"
[1] "heter data are generated"
[1] "heter data are generated"
 [1] "lglasso's bic is 25379.2516511812" "lglasso's bic is 21329.7915639266"
 [3] "lglasso's bic is 18179.4667170702" "lglasso's bic is 15723.3667390859"
 [5] "lglasso's bic is 13939.765953718"  "lglasso's bic is 12708.7091606329"
 [7] "lglasso's bic is 11724.241716307"  "lglasso's bic is 11081.3704087126"
 [9] "lglasso's bic is 10717.6961699494" "lglasso's bic is 10587.1844976527"
[11] "lglasso's bic is 10509.5397840982" "lglasso's bic is 10481.3938840731"
[13] "lglasso's bic is 10756.9352497365" "lglasso's bic is 10845.1095375665"
[15] "lglasso's bic is 10990.3464215897" "lglasso's bic is 11088.1718429867"
[17] "lglasso's bic is 11217.0932194502" "lglasso's bic is 11338.7963911368"
[19] "lglasso's bic is 11447.5677853159" "lglasso's bic is 11601.8425402991"
[1] "The 9th simulation:"
[1] "two-community heter data are generated"
[1] "heter data are generated"
[1] "heter data are generated"
 [1] "lglasso's bic is 29127.2158695925" "lglasso's bic is 24726.3217149541"
 [3] "lglasso's bic is 21693.0820694694" "lglasso's bic is 19082.9378450965"
 [5] "lglasso's bic is 17264.8483279823" "lglasso's bic is 15853.8507432138"
 [7] "lglasso's bic is 14987.0053048432" "lglasso's bic is 14465.4361150434"
 [9] "lglasso's bic is 14247.7470934402" "lglasso's bic is 14075.8496265084"
[11] "lglasso's bic is 13990.0676052521" "lglasso's bic is 14042.0829334756"
[13] "lglasso's bic is 14091.3207968753" "lglasso's bic is 14413.5168414985"
[15] "lglasso's bic is 14539.1008629492" "lglasso's bic is 14691.9362737177"
[17] "lglasso's bic is 14819.9487122423" "lglasso's bic is 14939.6634159991"
[19] "lglasso's bic is 15071.2155605212" "lglasso's bic is 15191.4680324373"
[1] "The 10th simulation:"
[1] "two-community heter data are generated"
[1] "heter data are generated"
[1] "heter data are generated"
 [1] "lglasso's bic is 27996.7198291004" "lglasso's bic is 23812.0481763935"
 [3] "lglasso's bic is 21092.2466998211" "lglasso's bic is 18497.1316433962"
 [5] "lglasso's bic is 16563.260585226"  "lglasso's bic is 15226.9903249981"
 [7] "lglasso's bic is 14272.2063709187" "lglasso's bic is 13638.2143591094"
 [9] "lglasso's bic is 13122.9110818067" "lglasso's bic is 12899.385822825" 
[11] "lglasso's bic is 12847.5636086614" "lglasso's bic is 12949.4821564212"
[13] "lglasso's bic is 12979.0994717493" "lglasso's bic is 13040.2293856068"
[15] "lglasso's bic is 13134.4582832957" "lglasso's bic is 13276.3960732513"
[17] "lglasso's bic is 13376.2942647522" "lglasso's bic is 13547.0887583754"
[19] "lglasso's bic is 13646.7966604517" "lglasso's bic is 13844.5683438534"
[1] "The 11th simulation:"
[1] "two-community heter data are generated"
[1] "heter data are generated"
[1] "heter data are generated"
 [1] "lglasso's bic is 22914.0669066742" "lglasso's bic is 18529.256594998" 
 [3] "lglasso's bic is 15841.3215958468" "lglasso's bic is 13459.557894965" 
 [5] "lglasso's bic is 11677.4433362448" "lglasso's bic is 10390.0869382141"
 [7] "lglasso's bic is 9514.81214000818" "lglasso's bic is 8883.50496245833"
 [9] "lglasso's bic is 8619.66365853456" "lglasso's bic is 8440.7135673429" 
[11] "lglasso's bic is 8414.11403523437" "lglasso's bic is 8445.81596404935"
[13] "lglasso's bic is 8533.35359976095" "lglasso's bic is 8644.59132146363"
[15] "lglasso's bic is 8967.27136314346" "lglasso's bic is 9120.4108709505" 
[17] "lglasso's bic is 9244.96292620283" "lglasso's bic is 9637.31681719863"
[19] "lglasso's bic is 9750.18221555315" "lglasso's bic is 9876.296160135"  
[1] "The 12th simulation:"
[1] "two-community heter data are generated"
[1] "heter data are generated"
[1] "heter data are generated"
 [1] "lglasso's bic is 32824.2348275254" "lglasso's bic is 28514.3273493805"
 [3] "lglasso's bic is 25322.2369170477" "lglasso's bic is 23063.8789273305"
 [5] "lglasso's bic is 21253.2120341183" "lglasso's bic is 19730.0472993215"
 [7] "lglasso's bic is 18771.3832278521" "lglasso's bic is 18106.7266601057"
 [9] "lglasso's bic is 17808.4866704694" "lglasso's bic is 17723.7393277768"
[11] "lglasso's bic is 17779.269119133"  "lglasso's bic is 17814.5684359044"
[13] "lglasso's bic is 17870.6381247173" "lglasso's bic is 18033.403799737" 
[15] "lglasso's bic is 18102.8866710514" "lglasso's bic is 18202.3268438833"
[17] "lglasso's bic is 18445.6082567295" "lglasso's bic is 18636.3256281806"
[19] "lglasso's bic is 18748.9827380985" "lglasso's bic is 18862.4789696886"
[1] "The 13th simulation:"
[1] "two-community heter data are generated"
[1] "heter data are generated"
[1] "heter data are generated"
 [1] "lglasso's bic is 25276.4645190349" "lglasso's bic is 21064.1134530632"
 [3] "lglasso's bic is 17699.6183506317" "lglasso's bic is 14733.4912920392"
 [5] "lglasso's bic is 12898.4469033951" "lglasso's bic is 11632.70229338"  
 [7] "lglasso's bic is 10635.9922329987" "lglasso's bic is 10203.570936064" 
 [9] "lglasso's bic is 9974.59921196681" "lglasso's bic is 10181.2644976187"
[11] "lglasso's bic is 10122.1574816146" "lglasso's bic is 10052.70957681"  
[13] "lglasso's bic is 10077.9371729796" "lglasso's bic is 10137.7344991068"
[15] "lglasso's bic is 10202.0212618427" "lglasso's bic is 10423.9538776042"
[17] "lglasso's bic is 10495.1450408995" "lglasso's bic is 10578.2687995482"
[19] "lglasso's bic is 10670.2666709539" "lglasso's bic is 10880.1632898721"
[1] "The 14th simulation:"
[1] "two-community heter data are generated"
[1] "heter data are generated"
[1] "heter data are generated"
 [1] "lglasso's bic is 24911.1417236724" "lglasso's bic is 19857.1431506874"
 [3] "lglasso's bic is 16680.967815494"  "lglasso's bic is 14075.4864132187"
 [5] "lglasso's bic is 12586.1249029669" "lglasso's bic is 11424.1832083417"
 [7] "lglasso's bic is 10609.9721093496" "lglasso's bic is 10050.6382963133"
 [9] "lglasso's bic is 9953.28637539004" "lglasso's bic is 9844.45816176486"
[11] "lglasso's bic is 9798.15350815449" "lglasso's bic is 9871.19294295879"
[13] "lglasso's bic is 10274.6523610021" "lglasso's bic is 10349.4853421081"
[15] "lglasso's bic is 10487.6527466583" "lglasso's bic is 10718.4436883154"
[17] "lglasso's bic is 10890.1839222688" "lglasso's bic is 11062.627022455" 
[19] "lglasso's bic is 11186.7555039519" "lglasso's bic is 11316.1306131508"
[1] "The 15th simulation:"
[1] "two-community heter data are generated"
[1] "heter data are generated"
[1] "heter data are generated"
 [1] "lglasso's bic is 29594.8976876648" "lglasso's bic is 25298.9824704704"
 [3] "lglasso's bic is 21853.4811525611" "lglasso's bic is 19317.3390280744"
 [5] "lglasso's bic is 17334.5076737821" "lglasso's bic is 16003.7355895491"
 [7] "lglasso's bic is 14949.3806486454" "lglasso's bic is 14797.8256708249"
 [9] "lglasso's bic is 14416.8338079552" "lglasso's bic is 14088.005493723" 
[11] "lglasso's bic is 14041.1085962145" "lglasso's bic is 14076.2378275979"
[13] "lglasso's bic is 14140.7940027484" "lglasso's bic is 14222.732390861" 
[15] "lglasso's bic is 14291.4016423294" "lglasso's bic is 14440.8322228992"
[17] "lglasso's bic is 14593.1062564634" "lglasso's bic is 14687.3714303245"
[19] "lglasso's bic is 14821.6895698887" "lglasso's bic is 14918.2884385599"
[1] "The 16th simulation:"
[1] "two-community heter data are generated"
[1] "heter data are generated"
[1] "heter data are generated"
 [1] "lglasso's bic is 27546.8181006448" "lglasso's bic is 23807.8404654878"
 [3] "lglasso's bic is 20700.690861765"  "lglasso's bic is 18382.8407868518"
 [5] "lglasso's bic is 16355.7815225596" "lglasso's bic is 14931.9557320622"
 [7] "lglasso's bic is 14084.0098254665" "lglasso's bic is 13325.5208442009"
 [9] "lglasso's bic is 12971.8904887483" "lglasso's bic is 12673.3462755689"
[11] "lglasso's bic is 12520.6831712968" "lglasso's bic is 12456.3000715023"
[13] "lglasso's bic is 12432.4137518213" "lglasso's bic is 12450.5428785098"
[15] "lglasso's bic is 12460.3126464963" "lglasso's bic is 12592.9971722915"
[17] "lglasso's bic is 13082.1457836564" "lglasso's bic is 13189.4681689018"
[19] "lglasso's bic is 13416.2030596903" "lglasso's bic is 13487.2732184679"
[1] "The 17th simulation:"
[1] "two-community heter data are generated"
[1] "heter data are generated"
[1] "heter data are generated"
 [1] "lglasso's bic is 23690.3695411914" "lglasso's bic is 19484.3304811424"
 [3] "lglasso's bic is 16011.9985342181" "lglasso's bic is 13498.1306561699"
 [5] "lglasso's bic is 11663.7791877198" "lglasso's bic is 10333.5950098016"
 [7] "lglasso's bic is 9433.12887679044" "lglasso's bic is 8799.36869719042"
 [9] "lglasso's bic is 8520.5663572035"  "lglasso's bic is 8388.66433590703"
[11] "lglasso's bic is 8342.17771185624" "lglasso's bic is 8405.52757943703"
[13] "lglasso's bic is 8505.54555511482" "lglasso's bic is 8677.40623300161"
[15] "lglasso's bic is 9268.54074688369" "lglasso's bic is 9512.92313268669"
[17] "lglasso's bic is 9599.57309195346" "lglasso's bic is 9732.82844070779"
[19] "lglasso's bic is 9819.22574435069" "lglasso's bic is 9912.22918692106"
[1] "The 18th simulation:"
[1] "two-community heter data are generated"
[1] "heter data are generated"
[1] "heter data are generated"
 [1] "lglasso's bic is 28195.1678818303" "lglasso's bic is 23900.1661263918"
 [3] "lglasso's bic is 20720.0016484722" "lglasso's bic is 18487.9159812917"
 [5] "lglasso's bic is 16834.3895779944" "lglasso's bic is 15565.5397350826"
 [7] "lglasso's bic is 15620.7559563706" "lglasso's bic is 14943.9891343127"
 [9] "lglasso's bic is 14572.4059603883" "lglasso's bic is 14314.4759787145"
[11] "lglasso's bic is 14285.1210769262" "lglasso's bic is 14235.5893508427"
[13] "lglasso's bic is 14295.7605683913" "lglasso's bic is 14344.6562463337"
[15] "lglasso's bic is 14485.4089551595" "lglasso's bic is 14610.5609314619"
[17] "lglasso's bic is 14729.5280638924" "lglasso's bic is 14903.8046534867"
[19] "lglasso's bic is 15019.5461316727" "lglasso's bic is 15185.9640258475"
[1] "The 19th simulation:"
[1] "two-community heter data are generated"
[1] "heter data are generated"
[1] "heter data are generated"
 [1] "lglasso's bic is 26880.4070811909" "lglasso's bic is 22523.3925966845"
 [3] "lglasso's bic is 19067.2030110384" "lglasso's bic is 16400.0672460826"
 [5] "lglasso's bic is 14608.5362474253" "lglasso's bic is 13232.79085683"  
 [7] "lglasso's bic is 12312.4697235521" "lglasso's bic is 11889.6438157851"
 [9] "lglasso's bic is 11538.3866722656" "lglasso's bic is 11501.6551619685"
[11] "lglasso's bic is 11478.1984434287" "lglasso's bic is 11776.7723320397"
[13] "lglasso's bic is 11852.491922254"  "lglasso's bic is 11916.1860238153"
[15] "lglasso's bic is 12396.0832353664" "lglasso's bic is 12511.0182475479"
[17] "lglasso's bic is 12614.9186968836" "lglasso's bic is 12739.6649894049"
[19] "lglasso's bic is 12854.1847723252" "lglasso's bic is 12970.7637007547"
[1] "The 20th simulation:"
[1] "two-community heter data are generated"
[1] "heter data are generated"
[1] "heter data are generated"
 [1] "lglasso's bic is 23934.472651436"  "lglasso's bic is 19887.2267655518"
 [3] "lglasso's bic is 16545.4497489998" "lglasso's bic is 14126.6304446518"
 [5] "lglasso's bic is 12370.3072339459" "lglasso's bic is 10845.6736086589"
 [7] "lglasso's bic is 9911.17740472409" "lglasso's bic is 9699.00910830586"
 [9] "lglasso's bic is 9361.13228645283" "lglasso's bic is 9188.88725660528"
[11] "lglasso's bic is 9008.33879831188" "lglasso's bic is 9004.23369356192"
[13] "lglasso's bic is 9050.47777204136" "lglasso's bic is 9139.2607614937" 
[15] "lglasso's bic is 9231.88068374492" "lglasso's bic is 9643.96982558244"
[17] "lglasso's bic is 9757.47864385299" "lglasso's bic is 9851.57852202138"
[19] "lglasso's bic is 10047.257643613"  "lglasso's bic is 10198.076697723" 
[1] "The 21th simulation:"
[1] "two-community heter data are generated"
[1] "heter data are generated"
[1] "heter data are generated"
 [1] "lglasso's bic is 22894.8667892866" "lglasso's bic is 18064.6427282618"
 [3] "lglasso's bic is 15398.0605740672" "lglasso's bic is 13205.2527353322"
 [5] "lglasso's bic is 11559.3018713242" "lglasso's bic is 10430.3305575042"
 [7] "lglasso's bic is 9779.61762304131" "lglasso's bic is 9296.8872363405" 
 [9] "lglasso's bic is 9482.78185483125" "lglasso's bic is 9346.16724728579"
[11] "lglasso's bic is 9308.50140859101" "lglasso's bic is 9298.22175283962"
[13] "lglasso's bic is 9413.88475189251" "lglasso's bic is 9497.97985881428"
[15] "lglasso's bic is 9680.34080228561" "lglasso's bic is 9821.33509346977"
[17] "lglasso's bic is 10003.9270191048" "lglasso's bic is 10155.6289445104"
[19] "lglasso's bic is 10314.5323923647" "lglasso's bic is 10467.5094087523"
[1] "The 22th simulation:"
[1] "two-community heter data are generated"
[1] "heter data are generated"
[1] "heter data are generated"
 [1] "lglasso's bic is 27407.9263770913" "lglasso's bic is 22688.5753430772"
 [3] "lglasso's bic is 19428.5513232394" "lglasso's bic is 16872.5209561965"
 [5] "lglasso's bic is 15132.3073152837" "lglasso's bic is 13955.6564315393"
 [7] "lglasso's bic is 13160.86644206"   "lglasso's bic is 12642.5237870877"
 [9] "lglasso's bic is 12600.3217184969" "lglasso's bic is 12605.3003249694"
[11] "lglasso's bic is 12564.3266299318" "lglasso's bic is 12674.6340968638"
[13] "lglasso's bic is 12813.0608930112" "lglasso's bic is 13255.8050339507"
[15] "lglasso's bic is 13398.0431679079" "lglasso's bic is 13519.4757281779"
[17] "lglasso's bic is 13663.5428696748" "lglasso's bic is 13816.2355828007"
[19] "lglasso's bic is 14462.7529435359" "lglasso's bic is 14649.771957"    
[1] "The 23th simulation:"
[1] "two-community heter data are generated"
[1] "heter data are generated"
[1] "heter data are generated"
 [1] "lglasso's bic is 16990.5927030165" "lglasso's bic is 11526.6693854506"
 [3] "lglasso's bic is 8692.13493080016" "lglasso's bic is 6584.81271849007"
 [5] "lglasso's bic is 5056.43028084169" "lglasso's bic is 4090.26998817222"
 [7] "lglasso's bic is 3549.67258991277" "lglasso's bic is 3164.64258394785"
 [9] "lglasso's bic is 2997.88378240449" "lglasso's bic is 3129.01504119248"
[11] "lglasso's bic is 3196.61239349952" "lglasso's bic is 3340.18072621847"
[13] "lglasso's bic is 3485.90573448792" "lglasso's bic is 3656.79462079489"
[15] "lglasso's bic is 3892.52836264609" "lglasso's bic is 4301.65242333756"
[17] "lglasso's bic is 4566.37061989978" "lglasso's bic is 4770.26229518539"
[19] "lglasso's bic is 4962.84330306853" "lglasso's bic is 5161.59396923519"
[1] "The 24th simulation:"
[1] "two-community heter data are generated"
[1] "heter data are generated"
[1] "heter data are generated"
 [1] "lglasso's bic is 26005.5902199908" "lglasso's bic is 21630.9286978886"
 [3] "lglasso's bic is 18423.7818241039" "lglasso's bic is 15946.3443129349"
 [5] "lglasso's bic is 13882.0796660822" "lglasso's bic is 12693.9756053566"
 [7] "lglasso's bic is 11821.8816501659" "lglasso's bic is 11254.3503122696"
 [9] "lglasso's bic is 10985.0385080267" "lglasso's bic is 11197.5580791814"
[11] "lglasso's bic is 11188.9184225898" "lglasso's bic is 11364.2314305692"
[13] "lglasso's bic is 11419.6028151161" "lglasso's bic is 11500.0184994162"
[15] "lglasso's bic is 11602.8770938767" "lglasso's bic is 11707.0000388538"
[17] "lglasso's bic is 11826.1681928876" "lglasso's bic is 11948.0557143959"
[19] "lglasso's bic is 12098.968862008"  "lglasso's bic is 12244.5025881286"
[1] "The 25th simulation:"
[1] "two-community heter data are generated"
[1] "heter data are generated"
[1] "heter data are generated"
 [1] "lglasso's bic is 31856.4438261886" "lglasso's bic is 27886.8543864224"
 [3] "lglasso's bic is 24488.7285511758" "lglasso's bic is 22034.8367318451"
 [5] "lglasso's bic is 20084.2417453123" "lglasso's bic is 18802.1750172503"
 [7] "lglasso's bic is 17862.2699741699" "lglasso's bic is 17129.4165758333"
 [9] "lglasso's bic is 16790.8999913804" "lglasso's bic is 16619.0837168628"
[11] "lglasso's bic is 16899.0633781687" "lglasso's bic is 16870.2568102916"
[13] "lglasso's bic is 16815.7837261754" "lglasso's bic is 16863.6389917295"
[15] "lglasso's bic is 16975.8539068825" "lglasso's bic is 17038.8517997419"
[17] "lglasso's bic is 17183.1170252635" "lglasso's bic is 17277.1589009577"
[19] "lglasso's bic is 17359.8037966889" "lglasso's bic is 17457.743323449" 
[1] "The 26th simulation:"
[1] "two-community heter data are generated"
[1] "heter data are generated"
[1] "heter data are generated"
 [1] "lglasso's bic is 28981.5803289094" "lglasso's bic is 24890.2149402679"
 [3] "lglasso's bic is 21790.5831963988" "lglasso's bic is 19482.4942235141"
 [5] "lglasso's bic is 17817.5726831857" "lglasso's bic is 16450.3359261798"
 [7] "lglasso's bic is 15478.0980798153" "lglasso's bic is 14877.6370608444"
 [9] "lglasso's bic is 14545.7131104317" "lglasso's bic is 14219.2131430248"
[11] "lglasso's bic is 14233.3900504487" "lglasso's bic is 14341.3807115708"
[13] "lglasso's bic is 14354.2057224314" "lglasso's bic is 14527.9496552106"
[15] "lglasso's bic is 14624.7574829232" "lglasso's bic is 14754.9720362512"
[17] "lglasso's bic is 14871.1304884614" "lglasso's bic is 15104.9065942125"
[19] "lglasso's bic is 15224.5157770355" "lglasso's bic is 15330.8671773462"
[1] "The 27th simulation:"
[1] "two-community heter data are generated"
[1] "heter data are generated"
[1] "heter data are generated"
 [1] "lglasso's bic is 25687.2783193805" "lglasso's bic is 21121.5746596207"
 [3] "lglasso's bic is 17811.1098151326" "lglasso's bic is 15366.6983629333"
 [5] "lglasso's bic is 13506.7803718777" "lglasso's bic is 12233.2860867063"
 [7] "lglasso's bic is 11456.4038359519" "lglasso's bic is 11001.2157213958"
 [9] "lglasso's bic is 10757.153460174"  "lglasso's bic is 10764.3892199204"
[11] "lglasso's bic is 10738.9941497536" "lglasso's bic is 11013.1565761734"
[13] "lglasso's bic is 11119.2441288365" "lglasso's bic is 11411.285520549" 
[15] "lglasso's bic is 12358.6997713321" "lglasso's bic is 12441.7325533693"
[17] "lglasso's bic is 12565.2087471113" "lglasso's bic is 12732.8535616653"
[19] "lglasso's bic is 12832.619262422"  "lglasso's bic is 12939.197581187" 
[1] "The 28th simulation:"
[1] "two-community heter data are generated"
[1] "heter data are generated"
[1] "heter data are generated"
 [1] "lglasso's bic is 21211.4184088909" "lglasso's bic is 16667.7419212186"
 [3] "lglasso's bic is 13307.3897561741" "lglasso's bic is 10881.416666085" 
 [5] "lglasso's bic is 9133.68985140674" "lglasso's bic is 7829.3757949493" 
 [7] "lglasso's bic is 7134.06035166649" "lglasso's bic is 6772.32566118077"
 [9] "lglasso's bic is 6603.7847425646"  "lglasso's bic is 6473.79906703025"
[11] "lglasso's bic is 6528.51053808408" "lglasso's bic is 6636.90679325115"
[13] "lglasso's bic is 6803.94567579333" "lglasso's bic is 6943.51894832324"
[15] "lglasso's bic is 7100.70860633614" "lglasso's bic is 7265.53084322773"
[17] "lglasso's bic is 7431.77380343222" "lglasso's bic is 8409.46527469561"
[19] "lglasso's bic is 8557.55692986698" "lglasso's bic is 8711.13766750095"
[1] "The 29th simulation:"
[1] "two-community heter data are generated"
[1] "heter data are generated"
[1] "heter data are generated"
 [1] "lglasso's bic is 26077.6047001032" "lglasso's bic is 21911.305344835" 
 [3] "lglasso's bic is 18532.9140539209" "lglasso's bic is 16341.5673498145"
 [5] "lglasso's bic is 14302.5951978885" "lglasso's bic is 12870.251669682" 
 [7] "lglasso's bic is 12035.9842420634" "lglasso's bic is 11424.0657486735"
 [9] "lglasso's bic is 11165.0759438907" "lglasso's bic is 11090.2262168163"
[11] "lglasso's bic is 10984.9618609682" "lglasso's bic is 11111.9100252818"
[13] "lglasso's bic is 11093.3748039731" "lglasso's bic is 11146.5114677745"
[15] "lglasso's bic is 11217.1770375876" "lglasso's bic is 11300.4380932504"
[17] "lglasso's bic is 11371.0832305469" "lglasso's bic is 11489.3899423368"
[19] "lglasso's bic is 11635.9284618389" "lglasso's bic is 11966.0738626754"
[1] "The 30th simulation:"
[1] "two-community heter data are generated"
[1] "heter data are generated"
[1] "heter data are generated"
 [1] "lglasso's bic is 16874.66600845"   "lglasso's bic is 12283.0067874039"
 [3] "lglasso's bic is 9016.03361728119" "lglasso's bic is 6597.77332852881"
 [5] "lglasso's bic is 5446.63657669696" "lglasso's bic is 4377.43570532429"
 [7] "lglasso's bic is 3560.47705020545" "lglasso's bic is 2995.98421005401"
 [9] "lglasso's bic is 2755.7770598486"  "lglasso's bic is 2603.80848757058"
[11] "lglasso's bic is 2550.44270035247" "lglasso's bic is 2629.64194027876"
[13] "lglasso's bic is 2784.99607730174" "lglasso's bic is 2928.57948786183"
[15] "lglasso's bic is 3034.76424756513" "lglasso's bic is 3173.380825999"  
[17] "lglasso's bic is 3325.26421573011" "lglasso's bic is 3460.56729791515"
[19] "lglasso's bic is 3606.9243263468"  "lglasso's bic is 3784.22085444928"
[1] "The 31th simulation:"
[1] "two-community heter data are generated"
[1] "heter data are generated"
[1] "heter data are generated"
 [1] "lglasso's bic is 16687.9683329992" "lglasso's bic is 11377.6768385903"
 [3] "lglasso's bic is 8143.35636086416" "lglasso's bic is 6101.55947609716"
 [5] "lglasso's bic is 4902.90138114572" "lglasso's bic is 4104.30075933327"
 [7] "lglasso's bic is 3440.68964516827" "lglasso's bic is 3193.16976221212"
 [9] "lglasso's bic is 3407.73265860152" "lglasso's bic is 3498.15301179178"
[11] "lglasso's bic is 3661.58925427846" "lglasso's bic is 3904.77522485547"
[13] "lglasso's bic is 4155.63218891973" "lglasso's bic is 4617.10244018171"
[15] "lglasso's bic is 5088.99775676948" "lglasso's bic is 5304.79332864297"
[17] "lglasso's bic is 5547.96439360521" "lglasso's bic is 5868.64386772936"
[19] "lglasso's bic is 6321.74543889985" "lglasso's bic is 6543.44000030464"
[1] "The 32th simulation:"
[1] "two-community heter data are generated"
[1] "heter data are generated"
[1] "heter data are generated"
 [1] "lglasso's bic is 31482.1613231226" "lglasso's bic is 26959.0750308651"
 [3] "lglasso's bic is 23541.8905682001" "lglasso's bic is 21249.4616568974"
 [5] "lglasso's bic is 19387.3255696141" "lglasso's bic is 18175.526814049" 
 [7] "lglasso's bic is 17278.8702882707" "lglasso's bic is 17009.9508032326"
 [9] "lglasso's bic is 16714.882263763"  "lglasso's bic is 16447.2884477025"
[11] "lglasso's bic is 16387.5327512304" "lglasso's bic is 16408.7961118903"
[13] "lglasso's bic is 16757.8777040759" "lglasso's bic is 17044.4193731614"
[15] "lglasso's bic is 17140.0649562214" "lglasso's bic is 17207.683059309" 
[17] "lglasso's bic is 17307.645373894"  "lglasso's bic is 17435.9607609704"
[19] "lglasso's bic is 17543.2544443721" "lglasso's bic is 17652.8027818074"
[1] "The 33th simulation:"
[1] "two-community heter data are generated"
[1] "heter data are generated"
[1] "heter data are generated"
 [1] "lglasso's bic is 25389.8037702508" "lglasso's bic is 20699.2284755937"
 [3] "lglasso's bic is 17691.56392884"   "lglasso's bic is 15144.0008970888"
 [5] "lglasso's bic is 13413.637249363"  "lglasso's bic is 12189.796783137" 
 [7] "lglasso's bic is 11295.8294192221" "lglasso's bic is 11215.094709948" 
 [9] "lglasso's bic is 11024.6924525394" "lglasso's bic is 10860.0143439391"
[11] "lglasso's bic is 10812.3872276634" "lglasso's bic is 10977.7802406008"
[13] "lglasso's bic is 11235.7424171141" "lglasso's bic is 11344.8668930191"
[15] "lglasso's bic is 11491.1370722306" "lglasso's bic is 11622.8431288089"
[17] "lglasso's bic is 11899.8816404406" "lglasso's bic is 12040.2785229806"
[19] "lglasso's bic is 12243.591340837"  "lglasso's bic is 12471.0592477882"
[1] "The 34th simulation:"
[1] "two-community heter data are generated"
[1] "heter data are generated"
[1] "heter data are generated"
 [1] "lglasso's bic is 22826.5200774686" "lglasso's bic is 18241.0179233506"
 [3] "lglasso's bic is 14974.8536263299" "lglasso's bic is 12631.148415656" 
 [5] "lglasso's bic is 10768.9701959826" "lglasso's bic is 9465.8533440412" 
 [7] "lglasso's bic is 8698.62327290627" "lglasso's bic is 8262.304824047"  
 [9] "lglasso's bic is 8002.81416298195" "lglasso's bic is 8046.43592615823"
[11] "lglasso's bic is 8104.33168364522" "lglasso's bic is 8138.18546737563"
[13] "lglasso's bic is 8353.22768769756" "lglasso's bic is 8510.25307955588"
[15] "lglasso's bic is 8649.7118527133"  "lglasso's bic is 8801.19207875218"
[17] "lglasso's bic is 9132.99555161077" "lglasso's bic is 9577.91044533802"
[19] "lglasso's bic is 9703.91246506616" "lglasso's bic is 9832.40104042726"
[1] "The 35th simulation:"
[1] "two-community heter data are generated"
[1] "heter data are generated"
[1] "heter data are generated"
 [1] "lglasso's bic is 32684.990104305"  "lglasso's bic is 28285.3293549963"
 [3] "lglasso's bic is 24944.9694681357" "lglasso's bic is 22554.0760952747"
 [5] "lglasso's bic is 20613.1808906314" "lglasso's bic is 19418.8718187334"
 [7] "lglasso's bic is 18589.7635403633" "lglasso's bic is 17967.3895873054"
 [9] "lglasso's bic is 17689.2846962909" "lglasso's bic is 17490.2893403525"
[11] "lglasso's bic is 17426.2352393126" "lglasso's bic is 17517.4556235447"
[13] "lglasso's bic is 17522.523944045"  "lglasso's bic is 17623.7084885216"
[15] "lglasso's bic is 17736.9984843136" "lglasso's bic is 17825.2239424897"
[17] "lglasso's bic is 17935.9503043189" "lglasso's bic is 18168.8219162417"
[19] "lglasso's bic is 18265.9428762495" "lglasso's bic is 18397.9135140625"
[1] "The 36th simulation:"
[1] "two-community heter data are generated"
[1] "heter data are generated"
[1] "heter data are generated"
 [1] "lglasso's bic is 31853.3383693761" "lglasso's bic is 27402.9672464977"
 [3] "lglasso's bic is 24112.6668051289" "lglasso's bic is 21695.7726431469"
 [5] "lglasso's bic is 19733.9270844857" "lglasso's bic is 18162.9153295935"
 [7] "lglasso's bic is 17444.9732503337" "lglasso's bic is 16844.4291203057"
 [9] "lglasso's bic is 16500.812344248"  "lglasso's bic is 16355.6857508564"
[11] "lglasso's bic is 16658.5633308032" "lglasso's bic is 16706.1258438347"
[13] "lglasso's bic is 16771.0719484402" "lglasso's bic is 16864.5976459243"
[15] "lglasso's bic is 16990.9429765765" "lglasso's bic is 17102.1923525992"
[17] "lglasso's bic is 17331.4368794085" "lglasso's bic is 17443.7461332934"
[19] "lglasso's bic is 17572.6640873353" "lglasso's bic is 17712.6003279669"
[1] "The 37th simulation:"
[1] "two-community heter data are generated"
[1] "heter data are generated"
[1] "heter data are generated"
 [1] "lglasso's bic is 22735.9464772449" "lglasso's bic is 19536.5231657529"
 [3] "lglasso's bic is 16423.9117140801" "lglasso's bic is 14587.5197546013"
 [5] "lglasso's bic is 12965.5991841499" "lglasso's bic is 11644.257163538" 
 [7] "lglasso's bic is 10632.7696503669" "lglasso's bic is 9903.36087484712"
 [9] "lglasso's bic is 9485.66514641777" "lglasso's bic is 9225.7274802424" 
[11] "lglasso's bic is 9078.57784848885" "lglasso's bic is 9011.59222770082"
[13] "lglasso's bic is 9088.12760606057" "lglasso's bic is 9162.78031194698"
[15] "lglasso's bic is 9337.53811557265" "lglasso's bic is 9455.15587075285"
[17] "lglasso's bic is 9618.16987390353" "lglasso's bic is 9745.29123084172"
[19] "lglasso's bic is 9885.3005218647"  "lglasso's bic is 10004.675346311" 
[1] "The 38th simulation:"
[1] "two-community heter data are generated"
[1] "heter data are generated"
[1] "heter data are generated"
 [1] "lglasso's bic is 25774.1944092334" "lglasso's bic is 20888.2192431322"
 [3] "lglasso's bic is 17930.3877165394" "lglasso's bic is 15558.1296690121"
 [5] "lglasso's bic is 13958.2808814369" "lglasso's bic is 13085.6069209377"
 [7] "lglasso's bic is 12346.1529614708" "lglasso's bic is 11811.0112129487"
 [9] "lglasso's bic is 11659.72472135"   "lglasso's bic is 11537.1286401155"
[11] "lglasso's bic is 11546.0821057211" "lglasso's bic is 11652.6638517257"
[13] "lglasso's bic is 11788.344224542"  "lglasso's bic is 11900.1230192476"
[15] "lglasso's bic is 12044.2100395681" "lglasso's bic is 12213.5908439432"
[17] "lglasso's bic is 12456.4717329314" "lglasso's bic is 12626.2650575058"
[19] "lglasso's bic is 12937.876013197"  "lglasso's bic is 13104.5631161041"
[1] "The 39th simulation:"
[1] "two-community heter data are generated"
[1] "heter data are generated"
[1] "heter data are generated"
 [1] "lglasso's bic is 22918.5583278932" "lglasso's bic is 17862.9765076611"
 [3] "lglasso's bic is 14905.5592330684" "lglasso's bic is 12580.3587585459"
 [5] "lglasso's bic is 10850.5935542738" "lglasso's bic is 9737.5046309907" 
 [7] "lglasso's bic is 9162.48797382967" "lglasso's bic is 8750.50533235073"
 [9] "lglasso's bic is 8486.44285898382" "lglasso's bic is 8413.13257195281"
[11] "lglasso's bic is 8425.48588860342" "lglasso's bic is 8567.95555956534"
[13] "lglasso's bic is 8693.51963654251" "lglasso's bic is 8867.10577513294"
[15] "lglasso's bic is 9025.64241877467" "lglasso's bic is 9182.15259219281"
[17] "lglasso's bic is 9378.50972718595" "lglasso's bic is 9737.0362913325" 
[19] "lglasso's bic is 9902.26026440211" "lglasso's bic is 10068.562288878" 
[1] "The 40th simulation:"
[1] "two-community heter data are generated"
[1] "heter data are generated"
[1] "heter data are generated"
 [1] "lglasso's bic is 23994.2197339458" "lglasso's bic is 19373.975276081" 
 [3] "lglasso's bic is 16272.7141401489" "lglasso's bic is 13619.7644191862"
 [5] "lglasso's bic is 11774.9361900561" "lglasso's bic is 10542.7633760558"
 [7] "lglasso's bic is 9728.36712389783" "lglasso's bic is 9313.56573570824"
 [9] "lglasso's bic is 9000.19218569379" "lglasso's bic is 8965.71019507628"
[11] "lglasso's bic is 8994.97452902585" "lglasso's bic is 9048.44515216751"
[13] "lglasso's bic is 9138.93930747911" "lglasso's bic is 9277.42694786257"
[15] "lglasso's bic is 9440.13227763972" "lglasso's bic is 9566.43425254612"
[17] "lglasso's bic is 9732.67416802987" "lglasso's bic is 9864.58846620523"
[19] "lglasso's bic is 10031.1559533775" "lglasso's bic is 10169.0834491637"
[1] "The 41th simulation:"
[1] "two-community heter data are generated"
[1] "heter data are generated"
[1] "heter data are generated"
 [1] "lglasso's bic is 30806.510774771"  "lglasso's bic is 26568.9478688581"
 [3] "lglasso's bic is 23297.3624603671" "lglasso's bic is 20651.0665850389"
 [5] "lglasso's bic is 18745.3449749372" "lglasso's bic is 17490.0062902618"
 [7] "lglasso's bic is 16624.5809760737" "lglasso's bic is 16066.9872405651"
 [9] "lglasso's bic is 15789.3537547584" "lglasso's bic is 15606.6656443715"
[11] "lglasso's bic is 15614.1848349869" "lglasso's bic is 15605.2977813395"
[13] "lglasso's bic is 15727.3438846932" "lglasso's bic is 15855.8640733606"
[15] "lglasso's bic is 16000.0460943071" "lglasso's bic is 16318.7975273315"
[17] "lglasso's bic is 16445.2043170158" "lglasso's bic is 16538.9911652439"
[19] "lglasso's bic is 16842.342721407"  "lglasso's bic is 16956.0908069417"
[1] "The 42th simulation:"
[1] "two-community heter data are generated"
[1] "heter data are generated"
[1] "heter data are generated"
 [1] "lglasso's bic is 24920.7444653518" "lglasso's bic is 19978.493599132" 
 [3] "lglasso's bic is 16894.2442213768" "lglasso's bic is 14358.2939640419"
 [5] "lglasso's bic is 12477.80536983"   "lglasso's bic is 11302.1137331829"
 [7] "lglasso's bic is 10600.7753934471" "lglasso's bic is 10051.9356008853"
 [9] "lglasso's bic is 9779.55496124537" "lglasso's bic is 9692.82148514678"
[11] "lglasso's bic is 9726.39817472708" "lglasso's bic is 9835.58850123798"
[13] "lglasso's bic is 9934.38027180804" "lglasso's bic is 10032.5352713817"
[15] "lglasso's bic is 10166.1401416341" "lglasso's bic is 10374.6978838611"
[17] "lglasso's bic is 10484.6275813925" "lglasso's bic is 10609.2533252285"
[19] "lglasso's bic is 10736.1278292432" "lglasso's bic is 11023.3810035538"
[1] "The 43th simulation:"
[1] "two-community heter data are generated"
[1] "heter data are generated"
[1] "heter data are generated"
 [1] "lglasso's bic is 24222.2071068144" "lglasso's bic is 19613.2438451045"
 [3] "lglasso's bic is 16077.3966973564" "lglasso's bic is 13695.4799267736"
 [5] "lglasso's bic is 11977.3573454012" "lglasso's bic is 11498.8617300504"
 [7] "lglasso's bic is 10755.7139377891" "lglasso's bic is 10223.5040869259"
 [9] "lglasso's bic is 9991.26075246477" "lglasso's bic is 10224.7116642759"
[11] "lglasso's bic is 10353.7561260912" "lglasso's bic is 10409.9880267523"
[13] "lglasso's bic is 10810.5517939917" "lglasso's bic is 10901.0359598223"
[15] "lglasso's bic is 11092.5729276396" "lglasso's bic is 11211.7279834363"
[17] "lglasso's bic is 11357.6585901425" "lglasso's bic is 11482.6626437776"
[19] "lglasso's bic is 11625.8223090558" "lglasso's bic is 11775.1398740057"
[1] "The 44th simulation:"
[1] "two-community heter data are generated"
[1] "heter data are generated"
[1] "heter data are generated"
 [1] "lglasso's bic is 25314.8021194913" "lglasso's bic is 21374.4603178704"
 [3] "lglasso's bic is 18253.0653581826" "lglasso's bic is 15924.3778637651"
 [5] "lglasso's bic is 14407.9645031558" "lglasso's bic is 12968.2558997104"
 [7] "lglasso's bic is 11956.1484898618" "lglasso's bic is 11110.4594384812"
 [9] "lglasso's bic is 10670.8175831703" "lglasso's bic is 10455.7589947326"
[11] "lglasso's bic is 10314.7436947404" "lglasso's bic is 10271.9255467595"
[13] "lglasso's bic is 10296.5236888946" "lglasso's bic is 10399.8489800539"
[15] "lglasso's bic is 10482.917197647"  "lglasso's bic is 10573.5292332387"
[17] "lglasso's bic is 10679.3547495169" "lglasso's bic is 10792.1498099524"
[19] "lglasso's bic is 10929.9570267228" "lglasso's bic is 11043.4487857714"
[1] "The 45th simulation:"
[1] "two-community heter data are generated"
[1] "heter data are generated"
[1] "heter data are generated"
 [1] "lglasso's bic is 26165.9416618489" "lglasso's bic is 21367.4639396636"
 [3] "lglasso's bic is 18489.4685643422" "lglasso's bic is 16283.1230654455"
 [5] "lglasso's bic is 14499.2306883647" "lglasso's bic is 13259.9973476077"
 [7] "lglasso's bic is 12361.9515882128" "lglasso's bic is 11886.9393090097"
 [9] "lglasso's bic is 11609.6819631376" "lglasso's bic is 11507.8910424755"
[11] "lglasso's bic is 11484.2026862146" "lglasso's bic is 11680.8626826785"
[13] "lglasso's bic is 11829.6342764716" "lglasso's bic is 11937.7189121259"
[15] "lglasso's bic is 12071.1926717346" "lglasso's bic is 12513.8490093223"
[17] "lglasso's bic is 12770.2403525296" "lglasso's bic is 12893.7931976496"
[19] "lglasso's bic is 13029.9367378037" "lglasso's bic is 13167.3843993873"
[1] "The 46th simulation:"
[1] "two-community heter data are generated"
[1] "heter data are generated"
[1] "heter data are generated"
 [1] "lglasso's bic is 23399.1056411961" "lglasso's bic is 19229.2543030267"
 [3] "lglasso's bic is 15908.7626144217" "lglasso's bic is 13255.261700501" 
 [5] "lglasso's bic is 11374.8067219584" "lglasso's bic is 10042.5096521526"
 [7] "lglasso's bic is 9299.20570681127" "lglasso's bic is 8589.39996859916"
 [9] "lglasso's bic is 8303.43686400385" "lglasso's bic is 8194.48617151772"
[11] "lglasso's bic is 8110.85023726796" "lglasso's bic is 8162.89908782364"
[13] "lglasso's bic is 8308.1833374693"  "lglasso's bic is 8416.32332653137"
[15] "lglasso's bic is 8541.87577209761" "lglasso's bic is 8641.21732570026"
[17] "lglasso's bic is 8872.71471915525" "lglasso's bic is 9062.00416932978"
[19] "lglasso's bic is 9183.62892670964" "lglasso's bic is 9298.04840988853"
[1] "The 47th simulation:"
[1] "two-community heter data are generated"
[1] "heter data are generated"
[1] "heter data are generated"
 [1] "lglasso's bic is 30726.2428216066" "lglasso's bic is 26361.6343846558"
 [3] "lglasso's bic is 23417.2170835532" "lglasso's bic is 21017.5385744551"
 [5] "lglasso's bic is 19399.3558495653" "lglasso's bic is 18292.3973215257"
 [7] "lglasso's bic is 17267.2377533285" "lglasso's bic is 16562.814166593" 
 [9] "lglasso's bic is 16241.6093063769" "lglasso's bic is 16019.6637043351"
[11] "lglasso's bic is 16008.1226811665" "lglasso's bic is 16136.7652858252"
[13] "lglasso's bic is 16230.1245716713" "lglasso's bic is 16353.9879656597"
[15] "lglasso's bic is 16481.3145058673" "lglasso's bic is 16597.1347517576"
[17] "lglasso's bic is 16742.1050569434" "lglasso's bic is 16897.0045865879"
[19] "lglasso's bic is 17224.4228422902" "lglasso's bic is 17418.8762233223"
[1] "The 48th simulation:"
[1] "two-community heter data are generated"
[1] "heter data are generated"
[1] "heter data are generated"
 [1] "lglasso's bic is 28590.4970834854" "lglasso's bic is 24334.4767617415"
 [3] "lglasso's bic is 20996.2929804956" "lglasso's bic is 18489.1699369241"
 [5] "lglasso's bic is 16668.1158648968" "lglasso's bic is 15197.5526429801"
 [7] "lglasso's bic is 14310.2699059768" "lglasso's bic is 13830.9626775906"
 [9] "lglasso's bic is 13381.9979647574" "lglasso's bic is 13235.9805331821"
[11] "lglasso's bic is 13136.9725639188" "lglasso's bic is 13101.9602489924"
[13] "lglasso's bic is 13235.4639340146" "lglasso's bic is 13312.9712878436"
[15] "lglasso's bic is 13410.5316630947" "lglasso's bic is 13684.310783691" 
[17] "lglasso's bic is 13785.5515088637" "lglasso's bic is 13910.7346571462"
[19] "lglasso's bic is 14003.9345709814" "lglasso's bic is 14255.5207949197"
[1] "The 49th simulation:"
[1] "two-community heter data are generated"
[1] "heter data are generated"
[1] "heter data are generated"
 [1] "lglasso's bic is 24114.854701362"  "lglasso's bic is 19944.7942477049"
 [3] "lglasso's bic is 16432.5406046795" "lglasso's bic is 13745.1515348586"
 [5] "lglasso's bic is 11956.0356911541" "lglasso's bic is 10477.6865706483"
 [7] "lglasso's bic is 9609.21813541686" "lglasso's bic is 9183.1433039897" 
 [9] "lglasso's bic is 8780.46981582048" "lglasso's bic is 8588.90914152699"
[11] "lglasso's bic is 8595.92065227039" "lglasso's bic is 8636.27015118015"
[13] "lglasso's bic is 8675.31428806814" "lglasso's bic is 8748.41488577238"
[15] "lglasso's bic is 8841.71007810193" "lglasso's bic is 9135.5872438763" 
[17] "lglasso's bic is 9234.73077822003" "lglasso's bic is 9725.29449376861"
[19] "lglasso's bic is 9821.40600413293" "lglasso's bic is 9912.2866545722" 
[1] "The 50th simulation:"
[1] "two-community heter data are generated"
[1] "heter data are generated"
[1] "heter data are generated"
 [1] "lglasso's bic is 30025.4892535806" "lglasso's bic is 26114.9339357399"
 [3] "lglasso's bic is 22748.9908633764" "lglasso's bic is 20100.994069434" 
 [5] "lglasso's bic is 17990.1602766116" "lglasso's bic is 16517.4970346604"
 [7] "lglasso's bic is 15829.9357473221" "lglasso's bic is 15229.880299206" 
 [9] "lglasso's bic is 14973.0509455408" "lglasso's bic is 14812.1107702095"
[11] "lglasso's bic is 14764.9146938766" "lglasso's bic is 14771.2789779732"
[13] "lglasso's bic is 14846.6381123302" "lglasso's bic is 15009.8693472101"
[15] "lglasso's bic is 15107.4494826183" "lglasso's bic is 15638.4024563398"
[17] "lglasso's bic is 15715.9478267145" "lglasso's bic is 15820.8732231965"
[19] "lglasso's bic is 15928.3548285673" "lglasso's bic is 16520.0863229771"
There were 50 or more warnings (use warnings() to see the first 50)
> save(simures,file="subject=20_time=30_uu2=0.1.Rd")
> q("no")
> proc.time()
     user    system   elapsed 
24135.541    64.334 26092.517 
