
R version 4.1.2 (2021-11-01) -- "Bird Hippie"
Copyright (C) 2021 The R Foundation for Statistical Computing
Platform: x86_64-pc-linux-gnu (64-bit)

R is free software and comes with ABSOLUTELY NO WARRANTY.
You are welcome to redistribute it under certain conditions.
Type 'license()' or 'licence()' for distribution details.

  Natural language support but running in an English locale

R is a collaborative project with many contributors.
Type 'contributors()' for more information and
'citation()' on how to cite R or R packages in publications.

Type 'demo()' for some demos, 'help()' for on-line help, or
'help.start()' for an HTML browser interface to help.
Type 'q()' to quit R.

> library("lglasso")
> library("glasso")
> library("BDgraph")
> library("GGMselect")
Loading required package: mvtnorm

Attaching package: 'mvtnorm'

The following object is masked from 'package:BDgraph':

    rmvnorm

> library("Matrix")
> m=40
> n=20
> uu2=0.2
> Nsim=50
> rho=vector("list",5)
> rho[[1]]=seq(0.001,0.3,length=20)
> rho[[2]]=seq(0.001,0.3,length=20)
> rho[[3]]=seq(0.001,0.3,length=20)
> rho[[4]]=seq(0.00001,0.1,length=10)
> rho[[5]]=seq(0.00001,0.1,length=10)
> set.seed(m+n+uu2)
> simures=power_compare1(m=m,n=n,p=80,coe=c(2,0,0),l=Nsim,rho=rho,prob=0.01,heter=T,community2=T,uu=c(0.1,uu2),zirate=c(0.2, 0.8))
[1] "The 1th simulation:"
[1] "two-community heter data are generated"
[1] "heter data are generated"
[1] "heter data are generated"
 [1] "lglasso's bic is 34037.0370580431" "lglasso's bic is 28715.0823338659"
 [3] "lglasso's bic is 24802.6103053436" "lglasso's bic is 21984.9633882997"
 [5] "lglasso's bic is 20335.6246713317" "lglasso's bic is 19017.2800465565"
 [7] "lglasso's bic is 18372.842837864"  "lglasso's bic is 17986.9322324618"
 [9] "lglasso's bic is 17776.3678528141" "lglasso's bic is 17776.2666610684"
[11] "lglasso's bic is 17871.3951258993" "lglasso's bic is 17981.1596757658"
[13] "lglasso's bic is 18119.2695360978" "lglasso's bic is 18224.2339831007"
[15] "lglasso's bic is 18385.7965369756" "lglasso's bic is 18531.946032194" 
[17] "lglasso's bic is 19000.1253492825" "lglasso's bic is 19120.5733234091"
[19] "lglasso's bic is 19575.4284198409" "lglasso's bic is 19699.7529519038"
[1] "The 2th simulation:"
[1] "two-community heter data are generated"
[1] "heter data are generated"
[1] "heter data are generated"
 [1] "lglasso's bic is 26995.8240630355" "lglasso's bic is 21542.6502832273"
 [3] "lglasso's bic is 17735.5905857099" "lglasso's bic is 14985.2566048806"
 [5] "lglasso's bic is 13301.0799679398" "lglasso's bic is 12139.5638128229"
 [7] "lglasso's bic is 11560.5795993737" "lglasso's bic is 11240.453276807" 
 [9] "lglasso's bic is 11378.328413403"  "lglasso's bic is 11449.3711469099"
[11] "lglasso's bic is 11594.2563665534" "lglasso's bic is 11737.0980387648"
[13] "lglasso's bic is 11882.5635851073" "lglasso's bic is 12404.5987596093"
[15] "lglasso's bic is 12571.6943304859" "lglasso's bic is 12797.1506470551"
[17] "lglasso's bic is 13086.2786923611" "lglasso's bic is 13402.2946919583"
[19] "lglasso's bic is 13623.0174220209" "lglasso's bic is 13970.5490291838"
[1] "The 3th simulation:"
[1] "two-community heter data are generated"
[1] "heter data are generated"
[1] "heter data are generated"
 [1] "lglasso's bic is 22950.508226027"  "lglasso's bic is 16983.7235038117"
 [3] "lglasso's bic is 13400.00596133"   "lglasso's bic is 10788.6642243416"
 [5] "lglasso's bic is 9125.21424537619" "lglasso's bic is 8038.57518659312"
 [7] "lglasso's bic is 7502.96348832803" "lglasso's bic is 7460.77342100651"
 [9] "lglasso's bic is 7345.21292690606" "lglasso's bic is 7487.54686668445"
[11] "lglasso's bic is 7781.5464497124"  "lglasso's bic is 7971.94137521728"
[13] "lglasso's bic is 8159.33528740128" "lglasso's bic is 8347.92702881386"
[15] "lglasso's bic is 8610.71339865884" "lglasso's bic is 8813.43073580651"
[17] "lglasso's bic is 9019.24011129918" "lglasso's bic is 9232.51501098046"
[19] "lglasso's bic is 9459.5035977265"  "lglasso's bic is 9679.18274640928"
[1] "The 4th simulation:"
[1] "two-community heter data are generated"
[1] "heter data are generated"
[1] "heter data are generated"
 [1] "lglasso's bic is 26990.8453339805" "lglasso's bic is 21528.9507563413"
 [3] "lglasso's bic is 17687.034437059"  "lglasso's bic is 14972.7945985201"
 [5] "lglasso's bic is 13349.7394945382" "lglasso's bic is 12208.0151943015"
 [7] "lglasso's bic is 11611.284831134"  "lglasso's bic is 11442.6505629711"
 [9] "lglasso's bic is 11507.6112573306" "lglasso's bic is 11649.8566461117"
[11] "lglasso's bic is 11799.0413954246" "lglasso's bic is 11995.4069010216"
[13] "lglasso's bic is 12227.7808941078" "lglasso's bic is 12420.0003140442"
[15] "lglasso's bic is 12735.4542688615" "lglasso's bic is 13444.2018941034"
[17] "lglasso's bic is 13620.124238088"  "lglasso's bic is 13825.2749722969"
[19] "lglasso's bic is 14007.9736694439" "lglasso's bic is 14250.1182351496"
[1] "The 5th simulation:"
[1] "two-community heter data are generated"
[1] "heter data are generated"
[1] "heter data are generated"
 [1] "lglasso's bic is 22626.0975181007" "lglasso's bic is 16775.4369471048"
 [3] "lglasso's bic is 13040.7088123813" "lglasso's bic is 10444.5533076604"
 [5] "lglasso's bic is 9068.59923090656" "lglasso's bic is 8052.97718412279"
 [7] "lglasso's bic is 7710.72164288092" "lglasso's bic is 7596.91416936118"
 [9] "lglasso's bic is 7674.78707931278" "lglasso's bic is 7877.3588211343" 
[11] "lglasso's bic is 8113.47080944612" "lglasso's bic is 8528.79172535181"
[13] "lglasso's bic is 8763.3159509775"  "lglasso's bic is 8986.82446516726"
[15] "lglasso's bic is 9304.27145864125" "lglasso's bic is 9584.29767187274"
[17] "lglasso's bic is 9821.59149183014" "lglasso's bic is 10330.0068721336"
[19] "lglasso's bic is 10786.4398965637" "lglasso's bic is 11091.4878332855"
[1] "The 6th simulation:"
[1] "two-community heter data are generated"
[1] "heter data are generated"
[1] "heter data are generated"
 [1] "lglasso's bic is 29208.1785286572" "lglasso's bic is 23453.2058543787"
 [3] "lglasso's bic is 19993.6548252992" "lglasso's bic is 17301.6106238464"
 [5] "lglasso's bic is 15764.7906678699" "lglasso's bic is 14857.3749302503"
 [7] "lglasso's bic is 14345.624094888"  "lglasso's bic is 14197.1602627067"
 [9] "lglasso's bic is 14252.2654938938" "lglasso's bic is 14458.4357235863"
[11] "lglasso's bic is 15073.077166277"  "lglasso's bic is 15321.3806625721"
[13] "lglasso's bic is 15745.5061344637" "lglasso's bic is 16039.2079821219"
[15] "lglasso's bic is 16293.5673479189" "lglasso's bic is 16658.1362740317"
[17] "lglasso's bic is 16973.3128077805" "lglasso's bic is 17545.6918750613"
[19] "lglasso's bic is 17910.6801739706" "lglasso's bic is 18142.115139075" 
[1] "The 7th simulation:"
[1] "two-community heter data are generated"
[1] "heter data are generated"
[1] "heter data are generated"
 [1] "lglasso's bic is 26636.5660349415" "lglasso's bic is 21102.8627469668"
 [3] "lglasso's bic is 17060.0440223363" "lglasso's bic is 14268.5242917522"
 [5] "lglasso's bic is 12425.4484182902" "lglasso's bic is 11161.6821934134"
 [7] "lglasso's bic is 10643.2305256206" "lglasso's bic is 10373.6319115518"
 [9] "lglasso's bic is 10282.6258612231" "lglasso's bic is 10291.4967212644"
[11] "lglasso's bic is 10620.0224545749" "lglasso's bic is 11107.1699481426"
[13] "lglasso's bic is 11516.6594028575" "lglasso's bic is 11642.8560422466"
[15] "lglasso's bic is 11762.9208213795" "lglasso's bic is 11893.3658043767"
[17] "lglasso's bic is 12052.4811092331" "lglasso's bic is 12244.877132585" 
[19] "lglasso's bic is 12389.0384179306" "lglasso's bic is 12526.4344964335"
[1] "The 8th simulation:"
[1] "two-community heter data are generated"
[1] "heter data are generated"
[1] "heter data are generated"
 [1] "lglasso's bic is 29249.8469030796" "lglasso's bic is 24012.4770471555"
 [3] "lglasso's bic is 19792.9845697145" "lglasso's bic is 17409.611652934" 
 [5] "lglasso's bic is 15703.2127761157" "lglasso's bic is 14519.598228596" 
 [7] "lglasso's bic is 13739.6094336086" "lglasso's bic is 13427.6729689731"
 [9] "lglasso's bic is 13391.6408420512" "lglasso's bic is 13383.1065364631"
[11] "lglasso's bic is 13439.6492575054" "lglasso's bic is 13602.5693752917"
[13] "lglasso's bic is 13977.4076294623" "lglasso's bic is 14249.8662025473"
[15] "lglasso's bic is 14381.4137966046" "lglasso's bic is 14509.3237201137"
[17] "lglasso's bic is 14638.187902607"  "lglasso's bic is 14828.6781104075"
[19] "lglasso's bic is 15052.4194906093" "lglasso's bic is 15205.0813969936"
[1] "The 9th simulation:"
[1] "two-community heter data are generated"
[1] "heter data are generated"
[1] "heter data are generated"
 [1] "lglasso's bic is 28985.2308913845" "lglasso's bic is 23503.5689215578"
 [3] "lglasso's bic is 19942.0194063023" "lglasso's bic is 17508.3972781071"
 [5] "lglasso's bic is 15788.202817606"  "lglasso's bic is 14652.8643286595"
 [7] "lglasso's bic is 14152.4960964983" "lglasso's bic is 13835.0471026307"
 [9] "lglasso's bic is 13855.8476373885" "lglasso's bic is 13897.3514215311"
[11] "lglasso's bic is 14067.4320662991" "lglasso's bic is 14412.0079964401"
[13] "lglasso's bic is 14854.4882651016" "lglasso's bic is 15059.2779252179"
[15] "lglasso's bic is 15325.0202749948" "lglasso's bic is 15530.31087019"  
[17] "lglasso's bic is 15955.5164464131" "lglasso's bic is 16247.0139827213"
[19] "lglasso's bic is 16452.0234949413" "lglasso's bic is 16658.0773523204"
[1] "The 10th simulation:"
[1] "two-community heter data are generated"
[1] "heter data are generated"
[1] "heter data are generated"
 [1] "lglasso's bic is 21718.9360101097" "lglasso's bic is 15960.6986785637"
 [3] "lglasso's bic is 11823.6126784346" "lglasso's bic is 9198.36383426595"
 [5] "lglasso's bic is 7437.71527318467" "lglasso's bic is 6479.4420055119" 
 [7] "lglasso's bic is 5853.13867868407" "lglasso's bic is 5604.38213052278"
 [9] "lglasso's bic is 5570.36118407399" "lglasso's bic is 5565.91304928458"
[11] "lglasso's bic is 5703.39648534087" "lglasso's bic is 5845.5003567628" 
[13] "lglasso's bic is 6038.35729325445" "lglasso's bic is 6300.0116514447" 
[15] "lglasso's bic is 6500.32166198059" "lglasso's bic is 6844.20617110542"
[17] "lglasso's bic is 7007.48045844363" "lglasso's bic is 7252.30471595065"
[19] "lglasso's bic is 7596.04111924282" "lglasso's bic is 7773.18139946135"
[1] "The 11th simulation:"
[1] "two-community heter data are generated"
[1] "heter data are generated"
[1] "heter data are generated"
 [1] "lglasso's bic is 25469.8982085827" "lglasso's bic is 19963.5765906305"
 [3] "lglasso's bic is 16167.804543838"  "lglasso's bic is 14064.3004554653"
 [5] "lglasso's bic is 11991.2642157292" "lglasso's bic is 10825.7110306877"
 [7] "lglasso's bic is 10332.4963372847" "lglasso's bic is 10054.3313117038"
 [9] "lglasso's bic is 9954.20303620433" "lglasso's bic is 10030.7883327983"
[11] "lglasso's bic is 10158.0087819809" "lglasso's bic is 10322.0555658466"
[13] "lglasso's bic is 10484.0272517689" "lglasso's bic is 10807.315119132" 
[15] "lglasso's bic is 11035.4013248272" "lglasso's bic is 11275.914364967" 
[17] "lglasso's bic is 11781.311895398"  "lglasso's bic is 11948.9090832803"
[19] "lglasso's bic is 12320.6539967305" "lglasso's bic is 12521.9259746701"
[1] "The 12th simulation:"
[1] "two-community heter data are generated"
[1] "heter data are generated"
[1] "heter data are generated"
 [1] "lglasso's bic is 28218.7381731262" "lglasso's bic is 22586.1567003295"
 [3] "lglasso's bic is 18757.5423278379" "lglasso's bic is 15939.8595140542"
 [5] "lglasso's bic is 14079.6459267887" "lglasso's bic is 13006.6732489408"
 [7] "lglasso's bic is 12482.1051173872" "lglasso's bic is 12263.1296150033"
 [9] "lglasso's bic is 12265.0043561079" "lglasso's bic is 12444.8394396101"
[11] "lglasso's bic is 12533.1358469129" "lglasso's bic is 12647.0426230654"
[13] "lglasso's bic is 12925.5707412782" "lglasso's bic is 13112.0699121585"
[15] "lglasso's bic is 13253.5056384032" "lglasso's bic is 13397.2361297942"
[17] "lglasso's bic is 13552.3242035509" "lglasso's bic is 13704.0951492309"
[19] "lglasso's bic is 14012.4470457718" "lglasso's bic is 14206.7790787921"
[1] "The 13th simulation:"
[1] "two-community heter data are generated"
[1] "heter data are generated"
[1] "heter data are generated"
 [1] "lglasso's bic is 33123.7657094141" "lglasso's bic is 27366.4858075892"
 [3] "lglasso's bic is 23720.3800846957" "lglasso's bic is 21057.5127569388"
 [5] "lglasso's bic is 19651.3469765801" "lglasso's bic is 18690.236651732" 
 [7] "lglasso's bic is 18348.590429471"  "lglasso's bic is 18138.9831418408"
 [9] "lglasso's bic is 18149.7507869785" "lglasso's bic is 18305.3758962152"
[11] "lglasso's bic is 18505.1135458955" "lglasso's bic is 18736.917063605" 
[13] "lglasso's bic is 18947.4575611241" "lglasso's bic is 19240.0148997307"
[15] "lglasso's bic is 19518.7508503887" "lglasso's bic is 19756.9965299836"
[17] "lglasso's bic is 20010.0030143846" "lglasso's bic is 20334.41633564"  
[19] "lglasso's bic is 20613.5295154784" "lglasso's bic is 20851.1456244556"
[1] "The 14th simulation:"
[1] "two-community heter data are generated"
[1] "heter data are generated"
[1] "heter data are generated"
 [1] "lglasso's bic is 32327.5835161327" "lglasso's bic is 27480.7253291933"
 [3] "lglasso's bic is 23729.0377641369" "lglasso's bic is 21014.1953335696"
 [5] "lglasso's bic is 19242.0273459246" "lglasso's bic is 18139.5191644985"
 [7] "lglasso's bic is 17268.5747334557" "lglasso's bic is 16841.3706130622"
 [9] "lglasso's bic is 16885.8929463429" "lglasso's bic is 16936.8906206755"
[11] "lglasso's bic is 17065.6897205074" "lglasso's bic is 17194.1009381428"
[13] "lglasso's bic is 17333.4137892767" "lglasso's bic is 17488.658357267" 
[15] "lglasso's bic is 17657.0834438088" "lglasso's bic is 17853.6771212536"
[17] "lglasso's bic is 18025.6387685607" "lglasso's bic is 18361.5017822991"
[19] "lglasso's bic is 18547.1608486072" "lglasso's bic is 18824.707873606" 
[1] "The 15th simulation:"
[1] "two-community heter data are generated"
[1] "heter data are generated"
[1] "heter data are generated"
 [1] "lglasso's bic is 26608.0115479827" "lglasso's bic is 21051.192716778" 
 [3] "lglasso's bic is 17296.4200678314" "lglasso's bic is 14144.4361947411"
 [5] "lglasso's bic is 12677.2093827727" "lglasso's bic is 11398.6758056345"
 [7] "lglasso's bic is 10830.1435942258" "lglasso's bic is 10519.6044828632"
 [9] "lglasso's bic is 10487.6051335669" "lglasso's bic is 10698.4051962784"
[11] "lglasso's bic is 10818.5541264431" "lglasso's bic is 10950.6662709948"
[13] "lglasso's bic is 11145.9042230729" "lglasso's bic is 11314.3655162268"
[15] "lglasso's bic is 11564.8273259266" "lglasso's bic is 11861.9773253339"
[17] "lglasso's bic is 12433.9469080382" "lglasso's bic is 12639.9546882229"
[19] "lglasso's bic is 12929.61594567"   "lglasso's bic is 13538.0251103164"
[1] "The 16th simulation:"
[1] "two-community heter data are generated"
[1] "heter data are generated"
[1] "heter data are generated"
 [1] "lglasso's bic is 24235.2435879946" "lglasso's bic is 18987.0624117119"
 [3] "lglasso's bic is 15224.4038929576" "lglasso's bic is 12463.2421686548"
 [5] "lglasso's bic is 10592.7963891744" "lglasso's bic is 9628.41769518433"
 [7] "lglasso's bic is 9012.36947159043" "lglasso's bic is 8741.14992958486"
 [9] "lglasso's bic is 8652.37423231959" "lglasso's bic is 8723.53150417434"
[11] "lglasso's bic is 8940.90966365763" "lglasso's bic is 9098.98864092311"
[13] "lglasso's bic is 9319.3532194094"  "lglasso's bic is 9564.27738506885"
[15] "lglasso's bic is 9746.21530339901" "lglasso's bic is 10022.2664137564"
[17] "lglasso's bic is 10209.3734730217" "lglasso's bic is 10478.3747694717"
[19] "lglasso's bic is 10740.4095812409" "lglasso's bic is 10975.6570637813"
[1] "The 17th simulation:"
[1] "two-community heter data are generated"
[1] "heter data are generated"
[1] "heter data are generated"
 [1] "lglasso's bic is 28127.8397785693" "lglasso's bic is 22371.2714019915"
 [3] "lglasso's bic is 18355.8986626976" "lglasso's bic is 15693.9715465613"
 [5] "lglasso's bic is 14007.1882900877" "lglasso's bic is 13025.255639867" 
 [7] "lglasso's bic is 12474.1397846785" "lglasso's bic is 12402.1431874294"
 [9] "lglasso's bic is 12427.8794433642" "lglasso's bic is 12513.5505367895"
[11] "lglasso's bic is 12662.3701510457" "lglasso's bic is 12835.1964530163"
[13] "lglasso's bic is 12965.370885316"  "lglasso's bic is 13113.1159531185"
[15] "lglasso's bic is 13270.0300379407" "lglasso's bic is 13599.7498445961"
[17] "lglasso's bic is 13747.9669928745" "lglasso's bic is 13898.897969465" 
[19] "lglasso's bic is 14215.4950242458" "lglasso's bic is 14635.8896864524"
[1] "The 18th simulation:"
[1] "two-community heter data are generated"
[1] "heter data are generated"
[1] "heter data are generated"
 [1] "lglasso's bic is 30850.0377228689" "lglasso's bic is 26087.7476167279"
 [3] "lglasso's bic is 22331.6144317613" "lglasso's bic is 19805.7973470838"
 [5] "lglasso's bic is 18018.9704294238" "lglasso's bic is 16837.1075621844"
 [7] "lglasso's bic is 16057.3588858867" "lglasso's bic is 15651.1919661982"
 [9] "lglasso's bic is 15482.4771850209" "lglasso's bic is 15419.8516753883"
[11] "lglasso's bic is 15623.596721809"  "lglasso's bic is 15738.7483387779"
[13] "lglasso's bic is 15869.4446444054" "lglasso's bic is 16090.705733533" 
[15] "lglasso's bic is 16271.9345115293" "lglasso's bic is 16888.0012239726"
[17] "lglasso's bic is 17056.2697433518" "lglasso's bic is 17231.6553097247"
[19] "lglasso's bic is 17403.5957239895" "lglasso's bic is 17835.3221980387"
[1] "The 19th simulation:"
[1] "two-community heter data are generated"
[1] "heter data are generated"
[1] "heter data are generated"
 [1] "lglasso's bic is 32056.3011929227" "lglasso's bic is 26901.9918323904"
 [3] "lglasso's bic is 22970.936850361"  "lglasso's bic is 20055.0367442501"
 [5] "lglasso's bic is 18146.0377478427" "lglasso's bic is 16934.5210921077"
 [7] "lglasso's bic is 16260.0311321351" "lglasso's bic is 15971.3454072204"
 [9] "lglasso's bic is 15885.2119329126" "lglasso's bic is 15840.239109441" 
[11] "lglasso's bic is 15965.8292984571" "lglasso's bic is 16127.5658770881"
[13] "lglasso's bic is 16241.5241603134" "lglasso's bic is 16680.7169648602"
[15] "lglasso's bic is 16878.9579696882" "lglasso's bic is 16992.1273075851"
[17] "lglasso's bic is 17140.9460283539" "lglasso's bic is 17305.5074755414"
[19] "lglasso's bic is 17426.0423174613" "lglasso's bic is 17585.7072229118"
[1] "The 20th simulation:"
[1] "two-community heter data are generated"
[1] "heter data are generated"
[1] "heter data are generated"
 [1] "lglasso's bic is 27474.405693915"  "lglasso's bic is 21680.2022249672"
 [3] "lglasso's bic is 17777.9021945778" "lglasso's bic is 15123.9371399811"
 [5] "lglasso's bic is 13593.3848918913" "lglasso's bic is 12436.7283520159"
 [7] "lglasso's bic is 11917.9325208881" "lglasso's bic is 11975.0443632944"
 [9] "lglasso's bic is 11811.8119389198" "lglasso's bic is 12007.4486693784"
[11] "lglasso's bic is 12163.718009821"  "lglasso's bic is 12332.7318449012"
[13] "lglasso's bic is 12663.4875995842" "lglasso's bic is 12858.3923919651"
[15] "lglasso's bic is 13213.65393966"   "lglasso's bic is 13598.3780024961"
[17] "lglasso's bic is 13811.5387169316" "lglasso's bic is 14045.5796392225"
[19] "lglasso's bic is 14236.9197424817" "lglasso's bic is 14445.2402435767"
[1] "The 21th simulation:"
[1] "two-community heter data are generated"
[1] "heter data are generated"
[1] "heter data are generated"
 [1] "lglasso's bic is 22653.8886643186" "lglasso's bic is 17638.8909557161"
 [3] "lglasso's bic is 14101.1625873764" "lglasso's bic is 11838.1186587249"
 [5] "lglasso's bic is 10173.159710438"  "lglasso's bic is 9942.40566590332"
 [7] "lglasso's bic is 9142.22869592764" "lglasso's bic is 8628.75407916793"
 [9] "lglasso's bic is 8372.76859426651" "lglasso's bic is 8344.03235412272"
[11] "lglasso's bic is 8374.03268080869" "lglasso's bic is 8494.62306410892"
[13] "lglasso's bic is 8600.95229579242" "lglasso's bic is 8737.77600506743"
[15] "lglasso's bic is 8925.7767382938"  "lglasso's bic is 9122.76777024982"
[17] "lglasso's bic is 9300.78108487149" "lglasso's bic is 9564.7425135069" 
[19] "lglasso's bic is 9752.99320990835" "lglasso's bic is 10074.964621248" 
[1] "The 22th simulation:"
[1] "two-community heter data are generated"
[1] "heter data are generated"
[1] "heter data are generated"
 [1] "lglasso's bic is 18751.5803237235" "lglasso's bic is 12909.7924091754"
 [3] "lglasso's bic is 8988.28824588148" "lglasso's bic is 6311.6777140926" 
 [5] "lglasso's bic is 4561.83644144231" "lglasso's bic is 3583.32278744474"
 [7] "lglasso's bic is 3203.3739798233"  "lglasso's bic is 3067.79416056161"
 [9] "lglasso's bic is 3176.85426921941" "lglasso's bic is 3309.30444749384"
[11] "lglasso's bic is 3516.40029854234" "lglasso's bic is 3793.4823966036" 
[13] "lglasso's bic is 4190.86532404042" "lglasso's bic is 4546.99126069716"
[15] "lglasso's bic is 4794.76200008703" "lglasso's bic is 5001.35671659446"
[17] "lglasso's bic is 5261.30620440688" "lglasso's bic is 5462.67355734278"
[19] "lglasso's bic is 5890.90975392478" "lglasso's bic is 6090.98188154765"
[1] "The 23th simulation:"
[1] "two-community heter data are generated"
[1] "heter data are generated"
[1] "heter data are generated"
 [1] "lglasso's bic is 32565.8548456398" "lglasso's bic is 27342.3197289566"
 [3] "lglasso's bic is 23452.1389789912" "lglasso's bic is 20439.1093414573"
 [5] "lglasso's bic is 18498.6629443704" "lglasso's bic is 17508.4692097208"
 [7] "lglasso's bic is 16827.5350982143" "lglasso's bic is 16685.3430127019"
 [9] "lglasso's bic is 16619.2380219165" "lglasso's bic is 16738.0451921962"
[11] "lglasso's bic is 16869.6025130529" "lglasso's bic is 17104.9825280615"
[13] "lglasso's bic is 17403.412842405"  "lglasso's bic is 17534.4361522977"
[15] "lglasso's bic is 17681.3615096617" "lglasso's bic is 17907.6952042601"
[17] "lglasso's bic is 18135.4652355775" "lglasso's bic is 18316.555689426" 
[19] "lglasso's bic is 18500.1847045691" "lglasso's bic is 18749.5625062377"
[1] "The 24th simulation:"
[1] "two-community heter data are generated"
[1] "heter data are generated"
[1] "heter data are generated"
 [1] "lglasso's bic is 21922.6592924958" "lglasso's bic is 16395.4908044528"
 [3] "lglasso's bic is 12224.9710017766" "lglasso's bic is 9401.70115097589"
 [5] "lglasso's bic is 7683.76743494913" "lglasso's bic is 6743.22151155344"
 [7] "lglasso's bic is 6257.94562195133" "lglasso's bic is 6113.08050245131"
 [9] "lglasso's bic is 6176.86362796202" "lglasso's bic is 6270.83503063429"
[11] "lglasso's bic is 6470.47648290564" "lglasso's bic is 6718.19864484658"
[13] "lglasso's bic is 6933.49207018041" "lglasso's bic is 7181.74185483808"
[15] "lglasso's bic is 7405.4694579038"  "lglasso's bic is 7771.2355423589" 
[17] "lglasso's bic is 8131.14280475805" "lglasso's bic is 8343.51686550263"
[19] "lglasso's bic is 8942.66574373608" "lglasso's bic is 9224.85499019245"
[1] "The 25th simulation:"
[1] "two-community heter data are generated"
[1] "heter data are generated"
[1] "heter data are generated"
 [1] "lglasso's bic is 26342.0973556591" "lglasso's bic is 20767.5059418348"
 [3] "lglasso's bic is 16613.2471427472" "lglasso's bic is 14209.617122487" 
 [5] "lglasso's bic is 12350.7459778091" "lglasso's bic is 11306.1921221614"
 [7] "lglasso's bic is 10712.3189866068" "lglasso's bic is 10542.8766795987"
 [9] "lglasso's bic is 10549.9381792864" "lglasso's bic is 10657.6993647838"
[11] "lglasso's bic is 10782.0958774632" "lglasso's bic is 10953.4540651796"
[13] "lglasso's bic is 11130.8038964809" "lglasso's bic is 11315.1572214515"
[15] "lglasso's bic is 11530.7652231828" "lglasso's bic is 11737.3337795364"
[17] "lglasso's bic is 12005.2508794328" "lglasso's bic is 12206.057036991" 
[19] "lglasso's bic is 12626.0572234855" "lglasso's bic is 12862.2788264846"
[1] "The 26th simulation:"
[1] "two-community heter data are generated"
[1] "heter data are generated"
[1] "heter data are generated"
 [1] "lglasso's bic is 28346.9454300635" "lglasso's bic is 22810.8975750723"
 [3] "lglasso's bic is 18679.2704071502" "lglasso's bic is 16200.7369083184"
 [5] "lglasso's bic is 14488.3112234091" "lglasso's bic is 13320.0558202441"
 [7] "lglasso's bic is 12970.5945208466" "lglasso's bic is 12624.2463204963"
 [9] "lglasso's bic is 12543.119970158"  "lglasso's bic is 12623.896534224" 
[11] "lglasso's bic is 12729.3410518644" "lglasso's bic is 12872.6957661685"
[13] "lglasso's bic is 13042.2264558991" "lglasso's bic is 13290.1117242439"
[15] "lglasso's bic is 13521.0801796239" "lglasso's bic is 13694.7584422921"
[17] "lglasso's bic is 13875.5742913692" "lglasso's bic is 14203.6313895952"
[19] "lglasso's bic is 14479.2469482235" "lglasso's bic is 14743.5738985692"
[1] "The 27th simulation:"
[1] "two-community heter data are generated"
[1] "heter data are generated"
[1] "heter data are generated"
 [1] "lglasso's bic is 33485.9404533481" "lglasso's bic is 28232.0883247247"
 [3] "lglasso's bic is 24538.7109260847" "lglasso's bic is 21526.3273958201"
 [5] "lglasso's bic is 19545.1301107382" "lglasso's bic is 18266.0565291777"
 [7] "lglasso's bic is 17610.849700607"  "lglasso's bic is 17267.7724025817"
 [9] "lglasso's bic is 17157.9182909526" "lglasso's bic is 17248.0698080414"
[11] "lglasso's bic is 17291.9507900773" "lglasso's bic is 17415.8063754573"
[13] "lglasso's bic is 17583.3871285494" "lglasso's bic is 17730.4008323393"
[15] "lglasso's bic is 17864.5206090551" "lglasso's bic is 18020.0322096379"
[17] "lglasso's bic is 18410.3019889242" "lglasso's bic is 18567.1660622492"
[19] "lglasso's bic is 18814.7043063905" "lglasso's bic is 18967.8807847907"
[1] "The 28th simulation:"
[1] "two-community heter data are generated"
[1] "heter data are generated"
[1] "heter data are generated"
 [1] "lglasso's bic is 28804.9245028624" "lglasso's bic is 23500.8084331209"
 [3] "lglasso's bic is 19501.339826015"  "lglasso's bic is 16793.81922879"  
 [5] "lglasso's bic is 14613.2983137849" "lglasso's bic is 13572.9341185798"
 [7] "lglasso's bic is 12986.8561041839" "lglasso's bic is 12816.9478004684"
 [9] "lglasso's bic is 12792.9928730911" "lglasso's bic is 12865.0758132149"
[11] "lglasso's bic is 12990.1902411367" "lglasso's bic is 13159.6757054149"
[13] "lglasso's bic is 13572.9491435624" "lglasso's bic is 13767.738258487" 
[15] "lglasso's bic is 14002.9775435689" "lglasso's bic is 14179.398310518" 
[17] "lglasso's bic is 14546.3855520964" "lglasso's bic is 14787.3803998523"
[19] "lglasso's bic is 15007.2669417772" "lglasso's bic is 15174.3137606624"
[1] "The 29th simulation:"
[1] "two-community heter data are generated"
[1] "heter data are generated"
[1] "heter data are generated"
 [1] "lglasso's bic is 21461.653850751"  "lglasso's bic is 15568.030667733" 
 [3] "lglasso's bic is 12214.6898166412" "lglasso's bic is 9947.48611778239"
 [5] "lglasso's bic is 8243.90233632126" "lglasso's bic is 7134.32667581016"
 [7] "lglasso's bic is 6488.75685512491" "lglasso's bic is 6253.42132033909"
 [9] "lglasso's bic is 6151.52165427509" "lglasso's bic is 6219.05949153794"
[11] "lglasso's bic is 6354.76639149859" "lglasso's bic is 6538.93706052948"
[13] "lglasso's bic is 6932.66414077591" "lglasso's bic is 7134.72500268222"
[15] "lglasso's bic is 7583.97855465977" "lglasso's bic is 7765.93167466147"
[17] "lglasso's bic is 8210.04622988993" "lglasso's bic is 8711.00631188434"
[19] "lglasso's bic is 8979.74879479054" "lglasso's bic is 9249.55561577539"
[1] "The 30th simulation:"
[1] "two-community heter data are generated"
[1] "heter data are generated"
[1] "heter data are generated"
 [1] "lglasso's bic is 30512.5228539375" "lglasso's bic is 25243.5148767399"
 [3] "lglasso's bic is 21497.9029816833" "lglasso's bic is 18480.6662598549"
 [5] "lglasso's bic is 16781.6811360372" "lglasso's bic is 15561.6066839123"
 [7] "lglasso's bic is 14919.5332111647" "lglasso's bic is 14958.6484798255"
 [9] "lglasso's bic is 14802.4935334204" "lglasso's bic is 14751.0443759017"
[11] "lglasso's bic is 14850.4170472339" "lglasso's bic is 14950.8292709502"
[13] "lglasso's bic is 15121.1993338346" "lglasso's bic is 15256.4496613022"
[15] "lglasso's bic is 15420.0541227458" "lglasso's bic is 15565.1683675886"
[17] "lglasso's bic is 15721.7098943956" "lglasso's bic is 15906.5298771705"
[19] "lglasso's bic is 16071.0506085486" "lglasso's bic is 16221.7864733019"
[1] "The 31th simulation:"
[1] "two-community heter data are generated"
[1] "heter data are generated"
[1] "heter data are generated"
 [1] "lglasso's bic is 30451.2435423245" "lglasso's bic is 24764.9286658305"
 [3] "lglasso's bic is 20895.3957880417" "lglasso's bic is 18193.2066720602"
 [5] "lglasso's bic is 16558.8115318239" "lglasso's bic is 15660.5395539306"
 [7] "lglasso's bic is 15044.9669341142" "lglasso's bic is 14732.6717575188"
 [9] "lglasso's bic is 14669.7714265041" "lglasso's bic is 14810.9719658612"
[11] "lglasso's bic is 15055.4548883507" "lglasso's bic is 15192.1604643016"
[13] "lglasso's bic is 15371.7511717158" "lglasso's bic is 15583.2107837719"
[15] "lglasso's bic is 15740.4521781602" "lglasso's bic is 15940.9445788438"
[17] "lglasso's bic is 16311.7545452162" "lglasso's bic is 16484.5893473263"
[19] "lglasso's bic is 16656.9620919569" "lglasso's bic is 16894.9714842257"
[1] "The 32th simulation:"
[1] "two-community heter data are generated"
[1] "heter data are generated"
[1] "heter data are generated"
 [1] "lglasso's bic is 29132.8198436751" "lglasso's bic is 23808.1422997354"
 [3] "lglasso's bic is 19729.8824562047" "lglasso's bic is 17207.8885888668"
 [5] "lglasso's bic is 15520.7612534527" "lglasso's bic is 14458.7953112641"
 [7] "lglasso's bic is 13734.0415159283" "lglasso's bic is 13473.74535126"  
 [9] "lglasso's bic is 13390.0766267884" "lglasso's bic is 13456.1209234165"
[11] "lglasso's bic is 13613.2828607778" "lglasso's bic is 13792.1911240254"
[13] "lglasso's bic is 13952.4708268989" "lglasso's bic is 14138.6600909702"
[15] "lglasso's bic is 14313.7980214981" "lglasso's bic is 14621.624752477" 
[17] "lglasso's bic is 15042.1492235156" "lglasso's bic is 15217.8822925336"
[19] "lglasso's bic is 15435.4420048859" "lglasso's bic is 15686.9042399174"
[1] "The 33th simulation:"
[1] "two-community heter data are generated"
[1] "heter data are generated"
[1] "heter data are generated"
 [1] "lglasso's bic is 24767.8331543146" "lglasso's bic is 19024.4883142441"
 [3] "lglasso's bic is 15304.3676726778" "lglasso's bic is 12687.4177564719"
 [5] "lglasso's bic is 11046.4973505041" "lglasso's bic is 10282.8533330901"
 [7] "lglasso's bic is 9756.31477877485" "lglasso's bic is 9648.33185606087"
 [9] "lglasso's bic is 9797.90373767323" "lglasso's bic is 9873.6423820807" 
[11] "lglasso's bic is 10079.0522415137" "lglasso's bic is 10334.9977922715"
[13] "lglasso's bic is 10873.3171186021" "lglasso's bic is 11178.8568399959"
[15] "lglasso's bic is 11431.1026180029" "lglasso's bic is 11706.378464211" 
[17] "lglasso's bic is 12057.8809004354" "lglasso's bic is 12477.4965297001"
[19] "lglasso's bic is 12714.0187845583" "lglasso's bic is 12936.2461532969"
[1] "The 34th simulation:"
[1] "two-community heter data are generated"
[1] "heter data are generated"
[1] "heter data are generated"
 [1] "lglasso's bic is 21125.877987598"  "lglasso's bic is 15519.2801569161"
 [3] "lglasso's bic is 11793.3335931837" "lglasso's bic is 8989.3930891483" 
 [5] "lglasso's bic is 7294.8610729426"  "lglasso's bic is 6311.24183078296"
 [7] "lglasso's bic is 5859.96473273875" "lglasso's bic is 5688.56232522587"
 [9] "lglasso's bic is 5687.12108402327" "lglasso's bic is 5795.82956776575"
[11] "lglasso's bic is 5892.40620801238" "lglasso's bic is 6061.97465053754"
[13] "lglasso's bic is 6283.98021860461" "lglasso's bic is 6469.02793113496"
[15] "lglasso's bic is 6638.5382436264"  "lglasso's bic is 6823.56472961501"
[17] "lglasso's bic is 7018.12869776969" "lglasso's bic is 7207.38604944653"
[19] "lglasso's bic is 7472.95057843955" "lglasso's bic is 7675.90127173827"
[1] "The 35th simulation:"
[1] "two-community heter data are generated"
[1] "heter data are generated"
[1] "heter data are generated"
 [1] "lglasso's bic is 29946.5801948971" "lglasso's bic is 24500.3887969687"
 [3] "lglasso's bic is 20607.5562014765" "lglasso's bic is 17923.6191193885"
 [5] "lglasso's bic is 16033.6790913056" "lglasso's bic is 14836.7332002188"
 [7] "lglasso's bic is 14344.1627747016" "lglasso's bic is 14031.5417611299"
 [9] "lglasso's bic is 14053.9456863585" "lglasso's bic is 14131.3764622443"
[11] "lglasso's bic is 14391.8740240085" "lglasso's bic is 14535.9946174446"
[13] "lglasso's bic is 14700.9988959239" "lglasso's bic is 14981.7546210438"
[15] "lglasso's bic is 15141.6512156351" "lglasso's bic is 15324.8348007259"
[17] "lglasso's bic is 15516.9705869069" "lglasso's bic is 15686.5778252686"
[19] "lglasso's bic is 15950.6638463682" "lglasso's bic is 16296.2984345365"
[1] "The 36th simulation:"
[1] "two-community heter data are generated"
[1] "heter data are generated"
[1] "heter data are generated"
 [1] "lglasso's bic is 21922.6220389165" "lglasso's bic is 16299.6289612592"
 [3] "lglasso's bic is 12494.3868422907" "lglasso's bic is 9926.63349206384"
 [5] "lglasso's bic is 8245.56031764288" "lglasso's bic is 7251.6813877416" 
 [7] "lglasso's bic is 6765.77888079781" "lglasso's bic is 6712.61844302715"
 [9] "lglasso's bic is 6697.17446184441" "lglasso's bic is 6873.6496628899" 
[11] "lglasso's bic is 7007.87968143831" "lglasso's bic is 7209.67621264604"
[13] "lglasso's bic is 7497.69859281244" "lglasso's bic is 7890.76629047411"
[15] "lglasso's bic is 8120.81033879332" "lglasso's bic is 8636.47693702671"
[17] "lglasso's bic is 8934.75225665206" "lglasso's bic is 9255.84894507816"
[19] "lglasso's bic is 9562.0855087672"  "lglasso's bic is 9809.99459058987"
[1] "The 37th simulation:"
[1] "two-community heter data are generated"
[1] "heter data are generated"
[1] "heter data are generated"
 [1] "lglasso's bic is 22509.8893700558" "lglasso's bic is 17333.2639138209"
 [3] "lglasso's bic is 13362.1257550926" "lglasso's bic is 10554.5541412948"
 [5] "lglasso's bic is 8614.52068833042" "lglasso's bic is 7463.80818169908"
 [7] "lglasso's bic is 7042.64952752442" "lglasso's bic is 6706.36149004845"
 [9] "lglasso's bic is 6544.07760819533" "lglasso's bic is 6582.64688043071"
[11] "lglasso's bic is 6644.9404175402"  "lglasso's bic is 6755.76278220645"
[13] "lglasso's bic is 7032.74312060221" "lglasso's bic is 7211.52588336133"
[15] "lglasso's bic is 7352.56750458779" "lglasso's bic is 7548.01238625844"
[17] "lglasso's bic is 8009.24886931487" "lglasso's bic is 8141.71911672033"
[19] "lglasso's bic is 8282.84823297636" "lglasso's bic is 8427.32397558073"
[1] "The 38th simulation:"
[1] "two-community heter data are generated"
[1] "heter data are generated"
[1] "heter data are generated"
 [1] "lglasso's bic is 30402.9583545683" "lglasso's bic is 24873.6084128937"
 [3] "lglasso's bic is 20958.5138736957" "lglasso's bic is 18242.9565607221"
 [5] "lglasso's bic is 16360.967079263"  "lglasso's bic is 15186.9623067501"
 [7] "lglasso's bic is 14426.432429635"  "lglasso's bic is 14219.1073161232"
 [9] "lglasso's bic is 14058.9318784363" "lglasso's bic is 14230.3851445126"
[11] "lglasso's bic is 14374.5251429005" "lglasso's bic is 14462.762279447" 
[13] "lglasso's bic is 14591.3809362242" "lglasso's bic is 14706.6467127774"
[15] "lglasso's bic is 14835.8313862793" "lglasso's bic is 15001.9780275237"
[17] "lglasso's bic is 15179.2026521854" "lglasso's bic is 15408.2646841724"
[19] "lglasso's bic is 15573.3298204904" "lglasso's bic is 15709.318455998" 
[1] "The 39th simulation:"
[1] "two-community heter data are generated"
[1] "heter data are generated"
[1] "heter data are generated"
 [1] "lglasso's bic is 24665.5514737034" "lglasso's bic is 18797.7735873613"
 [3] "lglasso's bic is 14964.611181109"  "lglasso's bic is 12419.0928269452"
 [5] "lglasso's bic is 10792.8568933156" "lglasso's bic is 9813.80136482145"
 [7] "lglasso's bic is 9522.44619096369" "lglasso's bic is 9238.6988031841" 
 [9] "lglasso's bic is 9251.35460330852" "lglasso's bic is 9345.95330363619"
[11] "lglasso's bic is 9560.15887436293" "lglasso's bic is 10207.7238709676"
[13] "lglasso's bic is 10365.5002316289" "lglasso's bic is 10552.2186903813"
[15] "lglasso's bic is 10871.9238767588" "lglasso's bic is 11083.0551522528"
[17] "lglasso's bic is 11363.8114498724" "lglasso's bic is 11560.8123140868"
[19] "lglasso's bic is 11751.8785394889" "lglasso's bic is 11970.8316015447"
[1] "The 40th simulation:"
[1] "two-community heter data are generated"
[1] "heter data are generated"
[1] "heter data are generated"
 [1] "lglasso's bic is 29130.3822430301" "lglasso's bic is 24062.3574974434"
 [3] "lglasso's bic is 20124.3211058878" "lglasso's bic is 17325.2591463673"
 [5] "lglasso's bic is 15301.4113430376" "lglasso's bic is 14160.1202960025"
 [7] "lglasso's bic is 13502.2123735952" "lglasso's bic is 13144.3989143103"
 [9] "lglasso's bic is 13035.3838578594" "lglasso's bic is 13278.2908571048"
[11] "lglasso's bic is 13353.5957222736" "lglasso's bic is 13473.837672551" 
[13] "lglasso's bic is 13692.1971933906" "lglasso's bic is 13828.5003823495"
[15] "lglasso's bic is 14121.3533560805" "lglasso's bic is 14574.9129224115"
[17] "lglasso's bic is 14764.7793876867" "lglasso's bic is 14918.9029737078"
[19] "lglasso's bic is 15077.1061402079" "lglasso's bic is 15225.463938384" 
[1] "The 41th simulation:"
[1] "two-community heter data are generated"
[1] "heter data are generated"
[1] "heter data are generated"
 [1] "lglasso's bic is 24692.6354678314" "lglasso's bic is 19409.5612354612"
 [3] "lglasso's bic is 15500.2027036714" "lglasso's bic is 12950.0116081954"
 [5] "lglasso's bic is 11169.8274633622" "lglasso's bic is 10133.178504501" 
 [7] "lglasso's bic is 9576.79088926542" "lglasso's bic is 9319.59205652482"
 [9] "lglasso's bic is 9293.87886870233" "lglasso's bic is 9423.60005740121"
[11] "lglasso's bic is 9663.89995446366" "lglasso's bic is 9821.6224761395" 
[13] "lglasso's bic is 10027.5021424856" "lglasso's bic is 10236.8081915373"
[15] "lglasso's bic is 10482.7975707631" "lglasso's bic is 10833.4163191296"
[17] "lglasso's bic is 11246.7645199092" "lglasso's bic is 11604.7657901087"
[19] "lglasso's bic is 12378.2699394612" "lglasso's bic is 12651.3168365366"
[1] "The 42th simulation:"
[1] "two-community heter data are generated"
[1] "heter data are generated"
[1] "heter data are generated"
 [1] "lglasso's bic is 29071.7084369568" "lglasso's bic is 23675.2951115451"
 [3] "lglasso's bic is 19910.96907131"   "lglasso's bic is 17144.292539297" 
 [5] "lglasso's bic is 15198.1750637884" "lglasso's bic is 14157.8849942726"
 [7] "lglasso's bic is 13421.1371666051" "lglasso's bic is 13234.2513351589"
 [9] "lglasso's bic is 13215.772285655"  "lglasso's bic is 13201.1685507488"
[11] "lglasso's bic is 13303.8923883402" "lglasso's bic is 13565.2392055051"
[13] "lglasso's bic is 13746.4492375941" "lglasso's bic is 13913.921023908" 
[15] "lglasso's bic is 14510.7162504154" "lglasso's bic is 14710.0650003241"
[17] "lglasso's bic is 14864.6270656483" "lglasso's bic is 15063.3399224516"
[19] "lglasso's bic is 15390.6272413498" "lglasso's bic is 15588.2860802447"
[1] "The 43th simulation:"
[1] "two-community heter data are generated"
[1] "heter data are generated"
[1] "heter data are generated"
 [1] "lglasso's bic is 24541.4682934164" "lglasso's bic is 19106.9632042329"
 [3] "lglasso's bic is 15201.5983106601" "lglasso's bic is 12417.85310895"  
 [5] "lglasso's bic is 10687.8435884231" "lglasso's bic is 9562.21741951319"
 [7] "lglasso's bic is 9052.40619252831" "lglasso's bic is 8957.50654088754"
 [9] "lglasso's bic is 8905.43261946283" "lglasso's bic is 9353.49740011953"
[11] "lglasso's bic is 9404.32787894683" "lglasso's bic is 9750.80085658713"
[13] "lglasso's bic is 9907.85597843571" "lglasso's bic is 10048.4283138533"
[15] "lglasso's bic is 10197.0848801148" "lglasso's bic is 10353.2338158237"
[17] "lglasso's bic is 10514.774246462"  "lglasso's bic is 11201.6631466248"
[19] "lglasso's bic is 11347.7924857873" "lglasso's bic is 11685.9242620102"
[1] "The 44th simulation:"
[1] "two-community heter data are generated"
[1] "heter data are generated"
[1] "heter data are generated"
 [1] "lglasso's bic is 26132.3056451935" "lglasso's bic is 20413.0736342109"
 [3] "lglasso's bic is 16631.7467462818" "lglasso's bic is 13908.1324739932"
 [5] "lglasso's bic is 12099.2622744997" "lglasso's bic is 10818.7828578723"
 [7] "lglasso's bic is 10532.9904646703" "lglasso's bic is 10264.766412929" 
 [9] "lglasso's bic is 10170.8326522882" "lglasso's bic is 10235.4572810701"
[11] "lglasso's bic is 10339.1340635321" "lglasso's bic is 10483.6620180177"
[13] "lglasso's bic is 10649.1069837872" "lglasso's bic is 10965.9272158896"
[15] "lglasso's bic is 11159.0988208658" "lglasso's bic is 11441.4510575798"
[17] "lglasso's bic is 11612.5155998266" "lglasso's bic is 11782.6353159018"
[19] "lglasso's bic is 11934.0552473009" "lglasso's bic is 12099.6227930544"
[1] "The 45th simulation:"
[1] "two-community heter data are generated"
[1] "heter data are generated"
[1] "heter data are generated"
 [1] "lglasso's bic is 31069.1979238725" "lglasso's bic is 25881.4856414445"
 [3] "lglasso's bic is 21825.419770728"  "lglasso's bic is 18885.1948159068"
 [5] "lglasso's bic is 17046.1968503519" "lglasso's bic is 15929.6596879224"
 [7] "lglasso's bic is 15141.7007500931" "lglasso's bic is 14867.323345338" 
 [9] "lglasso's bic is 14845.0500928111" "lglasso's bic is 14854.1866133964"
[11] "lglasso's bic is 14973.664917075"  "lglasso's bic is 15089.2255258199"
[13] "lglasso's bic is 15199.535738999"  "lglasso's bic is 15388.4071615939"
[15] "lglasso's bic is 15526.4262622494" "lglasso's bic is 15758.1664358871"
[17] "lglasso's bic is 15977.97099437"   "lglasso's bic is 16118.8713487432"
[19] "lglasso's bic is 16266.8185620593" "lglasso's bic is 16688.4320274741"
[1] "The 46th simulation:"
[1] "two-community heter data are generated"
[1] "heter data are generated"
[1] "heter data are generated"
 [1] "lglasso's bic is 28334.7172723444" "lglasso's bic is 22777.7937126416"
 [3] "lglasso's bic is 18812.8248894594" "lglasso's bic is 16080.8922178996"
 [5] "lglasso's bic is 14188.995743228"  "lglasso's bic is 13039.7194508899"
 [7] "lglasso's bic is 12565.6657618172" "lglasso's bic is 12480.0236920949"
 [9] "lglasso's bic is 12429.7289693317" "lglasso's bic is 12481.3854747572"
[11] "lglasso's bic is 12572.3873081873" "lglasso's bic is 12693.1821253158"
[13] "lglasso's bic is 12846.5787736753" "lglasso's bic is 13212.5880570354"
[15] "lglasso's bic is 13442.564097592"  "lglasso's bic is 13609.4749601181"
[17] "lglasso's bic is 13890.1535605278" "lglasso's bic is 14042.2777120158"
[19] "lglasso's bic is 14206.6178319678" "lglasso's bic is 14356.8940469064"
[1] "The 47th simulation:"
[1] "two-community heter data are generated"
[1] "heter data are generated"
[1] "heter data are generated"
 [1] "lglasso's bic is 20588.5658945541" "lglasso's bic is 14747.5944607136"
 [3] "lglasso's bic is 10846.6880835435" "lglasso's bic is 8155.76386111943"
 [5] "lglasso's bic is 6274.04665275869" "lglasso's bic is 5292.4717513193" 
 [7] "lglasso's bic is 4909.93670520596" "lglasso's bic is 4754.13295081883"
 [9] "lglasso's bic is 4735.02735534529" "lglasso's bic is 4883.89765551413"
[11] "lglasso's bic is 5034.54992650454" "lglasso's bic is 5354.1632608507" 
[13] "lglasso's bic is 5577.1988161612"  "lglasso's bic is 5830.66607868194"
[15] "lglasso's bic is 6040.42390636519" "lglasso's bic is 6238.88644897024"
[17] "lglasso's bic is 6983.12173470178" "lglasso's bic is 7218.24060844717"
[19] "lglasso's bic is 7420.55503259777" "lglasso's bic is 7622.07941672448"
[1] "The 48th simulation:"
[1] "two-community heter data are generated"
[1] "heter data are generated"
[1] "heter data are generated"
 [1] "lglasso's bic is 26885.5373865513" "lglasso's bic is 21335.0564057121"
 [3] "lglasso's bic is 17592.9617471545" "lglasso's bic is 14923.1980614322"
 [5] "lglasso's bic is 13059.000025203"  "lglasso's bic is 11975.8647234231"
 [7] "lglasso's bic is 11304.0341083755" "lglasso's bic is 11074.4180483996"
 [9] "lglasso's bic is 11151.9164212521" "lglasso's bic is 11278.3415152424"
[11] "lglasso's bic is 11468.4353497407" "lglasso's bic is 11785.3275660197"
[13] "lglasso's bic is 12054.8856498024" "lglasso's bic is 12512.1654571692"
[15] "lglasso's bic is 12724.0482336515" "lglasso's bic is 13177.8401724713"
[17] "lglasso's bic is 13421.331631783"  "lglasso's bic is 14203.133793447" 
[19] "lglasso's bic is 14456.3436717432" "lglasso's bic is 14677.6441655391"
[1] "The 49th simulation:"
[1] "two-community heter data are generated"
[1] "heter data are generated"
[1] "heter data are generated"
 [1] "lglasso's bic is 35690.64757253"   "lglasso's bic is 30619.9687229024"
 [3] "lglasso's bic is 26702.7492790886" "lglasso's bic is 23695.1288379447"
 [5] "lglasso's bic is 21865.9836438578" "lglasso's bic is 20734.5745821043"
 [7] "lglasso's bic is 20095.4880640023" "lglasso's bic is 19749.7571183992"
 [9] "lglasso's bic is 19556.3305493634" "lglasso's bic is 19568.0954725399"
[11] "lglasso's bic is 19774.9687997722" "lglasso's bic is 19851.4279361913"
[13] "lglasso's bic is 20001.0667421154" "lglasso's bic is 20153.9467505472"
[15] "lglasso's bic is 20282.0271071159" "lglasso's bic is 20418.2401613983"
[17] "lglasso's bic is 20552.6278361833" "lglasso's bic is 20703.0553278443"
[19] "lglasso's bic is 20898.7166597569" "lglasso's bic is 21151.4748097976"
[1] "The 50th simulation:"
[1] "two-community heter data are generated"
[1] "heter data are generated"
[1] "heter data are generated"
 [1] "lglasso's bic is 20621.0663836756" "lglasso's bic is 14719.3890630189"
 [3] "lglasso's bic is 10633.2647825618" "lglasso's bic is 7907.51390002287"
 [5] "lglasso's bic is 6219.35196888854" "lglasso's bic is 5344.04195878879"
 [7] "lglasso's bic is 4950.62357630586" "lglasso's bic is 4833.74731746364"
 [9] "lglasso's bic is 4915.43387070887" "lglasso's bic is 5180.56217104462"
[11] "lglasso's bic is 5469.88383983654" "lglasso's bic is 5752.3284966043" 
[13] "lglasso's bic is 5951.91865184134" "lglasso's bic is 6185.01384352918"
[15] "lglasso's bic is 6389.42094945666" "lglasso's bic is 6597.25243978012"
[17] "lglasso's bic is 6808.12767303039" "lglasso's bic is 7248.03522588405"
[19] "lglasso's bic is 7460.81011217587" "lglasso's bic is 8007.90065974042"
There were 50 or more warnings (use warnings() to see the first 50)
> save(simures,file="subject=40_time=20_uu2=0.2.Rd")
> q("no")
> proc.time()
    user   system  elapsed 
45895.07   107.32 50828.51 
