
R version 4.1.2 (2021-11-01) -- "Bird Hippie"
Copyright (C) 2021 The R Foundation for Statistical Computing
Platform: x86_64-pc-linux-gnu (64-bit)

R is free software and comes with ABSOLUTELY NO WARRANTY.
You are welcome to redistribute it under certain conditions.
Type 'license()' or 'licence()' for distribution details.

  Natural language support but running in an English locale

R is a collaborative project with many contributors.
Type 'contributors()' for more information and
'citation()' on how to cite R or R packages in publications.

Type 'demo()' for some demos, 'help()' for on-line help, or
'help.start()' for an HTML browser interface to help.
Type 'q()' to quit R.

> library("lglasso")
> library("glasso")
> library("BDgraph")
> library("GGMselect")
Loading required package: mvtnorm

Attaching package: 'mvtnorm'

The following object is masked from 'package:BDgraph':

    rmvnorm

> library("Matrix")
> m=40
> n=30
> uu2=0.4
> Nsim=50
> rho=vector("list",5)
> rho[[1]]=seq(0.001,0.3,length=20)
> rho[[2]]=seq(0.001,0.3,length=20)
> rho[[3]]=seq(0.001,0.3,length=20)
> rho[[4]]=seq(0.00001,0.1,length=10)
> rho[[5]]=seq(0.00001,0.1,length=10)
> set.seed(m+n+uu2)
> simures=power_compare1(m=m,n=n,p=80,coe=c(2,0,0),l=Nsim,rho=rho,prob=0.01,heter=T,community2=T,uu=c(0.1,uu2),zirate=c(0.2, 0.8))
[1] "The 1th simulation:"
[1] "two-community heter data are generated"
[1] "heter data are generated"
[1] "heter data are generated"
 [1] "lglasso's bic is 34498.5494848525" "lglasso's bic is 27982.2168270753"
 [3] "lglasso's bic is 23508.7341947281" "lglasso's bic is 20418.1905011758"
 [5] "lglasso's bic is 18688.2216319301" "lglasso's bic is 17736.6944974929"
 [7] "lglasso's bic is 17371.9196791827" "lglasso's bic is 17408.5550038024"
 [9] "lglasso's bic is 17608.4585721519" "lglasso's bic is 17919.8048523066"
[11] "lglasso's bic is 18216.7952359136" "lglasso's bic is 18713.5609901965"
[13] "lglasso's bic is 19335.076706575"  "lglasso's bic is 19560.9824467603"
[15] "lglasso's bic is 19794.1239197659" "lglasso's bic is 20088.6967002108"
[17] "lglasso's bic is 20344.4235698176" "lglasso's bic is 20593.4367914742"
[19] "lglasso's bic is 20964.6366205956" "lglasso's bic is 21252.4463965111"
[1] "The 2th simulation:"
[1] "two-community heter data are generated"
[1] "heter data are generated"
[1] "heter data are generated"
 [1] "lglasso's bic is 31841.068035602"  "lglasso's bic is 25091.2075472244"
 [3] "lglasso's bic is 20294.3678544764" "lglasso's bic is 17478.788209828" 
 [5] "lglasso's bic is 15815.8203012535" "lglasso's bic is 14982.9662477673"
 [7] "lglasso's bic is 14825.06300048"   "lglasso's bic is 14926.6363381236"
 [9] "lglasso's bic is 15071.4010033839" "lglasso's bic is 15311.4681914142"
[11] "lglasso's bic is 15553.7222103716" "lglasso's bic is 16088.7451196227"
[13] "lglasso's bic is 16338.457175294"  "lglasso's bic is 16597.4698420603"
[15] "lglasso's bic is 16882.6204340918" "lglasso's bic is 17237.4451136747"
[17] "lglasso's bic is 17715.1028376195" "lglasso's bic is 18045.9748328038"
[19] "lglasso's bic is 18706.3429895718" "lglasso's bic is 19030.0885811901"
[1] "The 3th simulation:"
[1] "two-community heter data are generated"
[1] "heter data are generated"
[1] "heter data are generated"
 [1] "lglasso's bic is 36602.8765080149" "lglasso's bic is 30261.8334185181"
 [3] "lglasso's bic is 25838.0371006002" "lglasso's bic is 22863.7761782636"
 [5] "lglasso's bic is 21071.2096517783" "lglasso's bic is 20044.1669095902"
 [7] "lglasso's bic is 19657.3543069786" "lglasso's bic is 20156.8321501691"
 [9] "lglasso's bic is 20153.4937828504" "lglasso's bic is 20252.5377281193"
[11] "lglasso's bic is 20424.6098647957" "lglasso's bic is 20697.5749664272"
[13] "lglasso's bic is 20908.7325033609" "lglasso's bic is 21134.6137525762"
[15] "lglasso's bic is 21368.0221212235" "lglasso's bic is 21609.7808558946"
[17] "lglasso's bic is 21882.0948456007" "lglasso's bic is 22989.0274886217"
[19] "lglasso's bic is 23200.3960376886" "lglasso's bic is 23437.2643754565"
[1] "The 4th simulation:"
[1] "two-community heter data are generated"
[1] "heter data are generated"
[1] "heter data are generated"
 [1] "lglasso's bic is 16806.0993305186" "lglasso's bic is 9584.65591254493"
 [3] "lglasso's bic is 5484.53949430004" "lglasso's bic is 3197.30200659252"
 [5] "lglasso's bic is 2390.89730670929" "lglasso's bic is 1989.31441917146"
 [7] "lglasso's bic is 2118.19976293474" "lglasso's bic is 2391.83448977707"
 [9] "lglasso's bic is 2836.27462916508" "lglasso's bic is 3337.05155730972"
[11] "lglasso's bic is 3903.64316866189" "lglasso's bic is 4394.05201550257"
[13] "lglasso's bic is 5221.67501395153" "lglasso's bic is 5776.81955060081"
[15] "lglasso's bic is 6275.76972381569" "lglasso's bic is 6918.90296437388"
[17] "lglasso's bic is 7380.88306478978" "lglasso's bic is 7959.06234645021"
[19] "lglasso's bic is 8397.26252403235" "lglasso's bic is 8973.64805419779"
[1] "The 5th simulation:"
[1] "two-community heter data are generated"
[1] "heter data are generated"
[1] "heter data are generated"
 [1] "lglasso's bic is 24753.2964514417" "lglasso's bic is 18289.5280934599"
 [3] "lglasso's bic is 13913.6014866272" "lglasso's bic is 10861.366171923" 
 [5] "lglasso's bic is 9038.07463566254" "lglasso's bic is 8264.96838966328"
 [7] "lglasso's bic is 7976.76636259008" "lglasso's bic is 7822.07319424179"
 [9] "lglasso's bic is 7965.08369183435" "lglasso's bic is 8179.74706176665"
[11] "lglasso's bic is 8523.36510776286" "lglasso's bic is 8728.34403895586"
[13] "lglasso's bic is 9142.18915520851" "lglasso's bic is 9564.11393738772"
[15] "lglasso's bic is 9877.56380970972" "lglasso's bic is 10176.1379004989"
[17] "lglasso's bic is 10387.6898123911" "lglasso's bic is 10612.5747237996"
[19] "lglasso's bic is 10838.7918197026" "lglasso's bic is 11084.0608453256"
[1] "The 6th simulation:"
[1] "two-community heter data are generated"
[1] "heter data are generated"
[1] "heter data are generated"
 [1] "lglasso's bic is 33692.3376897297" "lglasso's bic is 27377.0620398054"
 [3] "lglasso's bic is 22822.1266493385" "lglasso's bic is 19901.6502588418"
 [5] "lglasso's bic is 17967.8605897272" "lglasso's bic is 17188.421808432" 
 [7] "lglasso's bic is 17014.6850955973" "lglasso's bic is 17092.5515276831"
 [9] "lglasso's bic is 17232.0036347895" "lglasso's bic is 17472.5849706802"
[11] "lglasso's bic is 17693.300476404"  "lglasso's bic is 17936.5840614324"
[13] "lglasso's bic is 18270.629743675"  "lglasso's bic is 18659.428660186" 
[15] "lglasso's bic is 19606.201180708"  "lglasso's bic is 19909.1296118624"
[17] "lglasso's bic is 20158.2654029553" "lglasso's bic is 20409.5349099492"
[19] "lglasso's bic is 20677.1716366033" "lglasso's bic is 21037.1894162932"
[1] "The 7th simulation:"
[1] "two-community heter data are generated"
[1] "heter data are generated"
[1] "heter data are generated"
 [1] "lglasso's bic is 39138.518958211"  "lglasso's bic is 32351.1973019679"
 [3] "lglasso's bic is 27990.8255959887" "lglasso's bic is 24888.2399628851"
 [5] "lglasso's bic is 23584.4852616443" "lglasso's bic is 22758.4338509984"
 [7] "lglasso's bic is 22470.4429167075" "lglasso's bic is 22413.6983525036"
 [9] "lglasso's bic is 22506.797775244"  "lglasso's bic is 22885.2910515964"
[11] "lglasso's bic is 23120.3167148493" "lglasso's bic is 23402.6237629698"
[13] "lglasso's bic is 23775.9612316611" "lglasso's bic is 24343.0981429547"
[15] "lglasso's bic is 24594.304934038"  "lglasso's bic is 24836.202265024" 
[17] "lglasso's bic is 25128.5794484604" "lglasso's bic is 25383.4064692456"
[19] "lglasso's bic is 25769.1365891956" "lglasso's bic is 26201.3877723651"
[1] "The 8th simulation:"
[1] "two-community heter data are generated"
[1] "heter data are generated"
[1] "heter data are generated"
 [1] "lglasso's bic is 28160.0428474871" "lglasso's bic is 21502.8576352191"
 [3] "lglasso's bic is 16955.269542431"  "lglasso's bic is 13924.6886105516"
 [5] "lglasso's bic is 12380.7235617143" "lglasso's bic is 11575.5782592198"
 [7] "lglasso's bic is 11275.7626922258" "lglasso's bic is 11268.8903598631"
 [9] "lglasso's bic is 11363.154238569"  "lglasso's bic is 11544.0760930814"
[11] "lglasso's bic is 11791.442401313"  "lglasso's bic is 12090.1586606174"
[13] "lglasso's bic is 12464.1386198018" "lglasso's bic is 12711.7393674803"
[15] "lglasso's bic is 12973.4131019198" "lglasso's bic is 13243.4911028114"
[17] "lglasso's bic is 13518.7440145059" "lglasso's bic is 14092.9766518801"
[19] "lglasso's bic is 14683.564291591"  "lglasso's bic is 15000.4291409824"
[1] "The 9th simulation:"
[1] "two-community heter data are generated"
[1] "heter data are generated"
[1] "heter data are generated"
 [1] "lglasso's bic is 36353.0015655236" "lglasso's bic is 29769.632093789" 
 [3] "lglasso's bic is 25263.1775978998" "lglasso's bic is 22267.7944886883"
 [5] "lglasso's bic is 20394.7775089316" "lglasso's bic is 19456.671856834" 
 [7] "lglasso's bic is 19055.2730401694" "lglasso's bic is 19160.6321578982"
 [9] "lglasso's bic is 19300.6254501609" "lglasso's bic is 19413.9974102888"
[11] "lglasso's bic is 19596.5292347089" "lglasso's bic is 19778.5902762171"
[13] "lglasso's bic is 19968.2316511391" "lglasso's bic is 20433.5183337227"
[15] "lglasso's bic is 20740.4253199514" "lglasso's bic is 21114.0011830326"
[17] "lglasso's bic is 21354.9691185113" "lglasso's bic is 21579.9489864109"
[19] "lglasso's bic is 21790.425023893"  "lglasso's bic is 22033.8892292796"
[1] "The 10th simulation:"
[1] "two-community heter data are generated"
[1] "heter data are generated"
[1] "heter data are generated"
 [1] "lglasso's bic is 45488.9066008097" "lglasso's bic is 39216.5628134724"
 [3] "lglasso's bic is 34931.5996455058" "lglasso's bic is 31883.8579744802"
 [5] "lglasso's bic is 29944.9675385238" "lglasso's bic is 29141.6533397798"
 [7] "lglasso's bic is 28847.0486093951" "lglasso's bic is 28654.4988852534"
 [9] "lglasso's bic is 28644.3799812171" "lglasso's bic is 28890.1360419339"
[11] "lglasso's bic is 29035.1617292927" "lglasso's bic is 29268.233288388" 
[13] "lglasso's bic is 29485.1578181436" "lglasso's bic is 29674.4892600184"
[15] "lglasso's bic is 30079.0102732777" "lglasso's bic is 30283.716440256" 
[17] "lglasso's bic is 30639.8968653664" "lglasso's bic is 31056.3191022962"
[19] "lglasso's bic is 31316.613015613"  "lglasso's bic is 31572.1932290801"
[1] "The 11th simulation:"
[1] "two-community heter data are generated"
[1] "heter data are generated"
[1] "heter data are generated"
 [1] "lglasso's bic is 32942.1562720405" "lglasso's bic is 26130.8984370723"
 [3] "lglasso's bic is 21448.4120083947" "lglasso's bic is 18259.8685003799"
 [5] "lglasso's bic is 16485.3847864031" "lglasso's bic is 15749.0766316126"
 [7] "lglasso's bic is 15526.5414675699" "lglasso's bic is 15607.6466997374"
 [9] "lglasso's bic is 15703.8934650875" "lglasso's bic is 15917.0246550874"
[11] "lglasso's bic is 16113.2500635958" "lglasso's bic is 16379.9121125369"
[13] "lglasso's bic is 16820.669503993"  "lglasso's bic is 17044.608131452" 
[15] "lglasso's bic is 17636.0078064601" "lglasso's bic is 17894.0766862725"
[17] "lglasso's bic is 18166.3423041335" "lglasso's bic is 18619.3856922103"
[19] "lglasso's bic is 19379.6852159294" "lglasso's bic is 19615.6955551662"
[1] "The 12th simulation:"
[1] "two-community heter data are generated"
[1] "heter data are generated"
[1] "heter data are generated"
 [1] "lglasso's bic is 38399.9481644724" "lglasso's bic is 31532.8573087679"
 [3] "lglasso's bic is 26950.1289809893" "lglasso's bic is 23878.3882682154"
 [5] "lglasso's bic is 22160.9765128657" "lglasso's bic is 21325.5845142903"
 [7] "lglasso's bic is 21019.3051973143" "lglasso's bic is 20922.3467605317"
 [9] "lglasso's bic is 20984.4785724251" "lglasso's bic is 21186.5044991649"
[11] "lglasso's bic is 21644.6132370788" "lglasso's bic is 22117.6078793153"
[13] "lglasso's bic is 22450.5741675355" "lglasso's bic is 22608.0361522892"
[15] "lglasso's bic is 22805.3446382428" "lglasso's bic is 23279.4062875441"
[17] "lglasso's bic is 23455.8000397107" "lglasso's bic is 23637.8613022206"
[19] "lglasso's bic is 23826.4781918828" "lglasso's bic is 24174.4991761336"
[1] "The 13th simulation:"
[1] "two-community heter data are generated"
[1] "heter data are generated"
[1] "heter data are generated"
 [1] "lglasso's bic is 40360.1571652061" "lglasso's bic is 33754.7591256271"
 [3] "lglasso's bic is 29281.1724540606" "lglasso's bic is 26582.1613824189"
 [5] "lglasso's bic is 24779.0458999865" "lglasso's bic is 23923.1480416181"
 [7] "lglasso's bic is 23519.3592802056" "lglasso's bic is 23516.4924949762"
 [9] "lglasso's bic is 23631.6967257951" "lglasso's bic is 23982.8716655969"
[11] "lglasso's bic is 24168.3077726698" "lglasso's bic is 24371.3631598833"
[13] "lglasso's bic is 24596.6113367092" "lglasso's bic is 24838.3667315212"
[15] "lglasso's bic is 25100.8349403405" "lglasso's bic is 25563.4029536289"
[17] "lglasso's bic is 25819.4148684839" "lglasso's bic is 26075.8393196862"
[19] "lglasso's bic is 26320.9233574965" "lglasso's bic is 26569.2333914617"
[1] "The 14th simulation:"
[1] "two-community heter data are generated"
[1] "heter data are generated"
[1] "heter data are generated"
 [1] "lglasso's bic is 36199.6764872757" "lglasso's bic is 29453.6643132395"
 [3] "lglasso's bic is 25039.2066681213" "lglasso's bic is 22013.1630513277"
 [5] "lglasso's bic is 20029.8706849424" "lglasso's bic is 19305.2808366669"
 [7] "lglasso's bic is 18954.0002331728" "lglasso's bic is 18858.1653943997"
 [9] "lglasso's bic is 19151.5168991647" "lglasso's bic is 19279.1006469476"
[11] "lglasso's bic is 19439.9798099495" "lglasso's bic is 19796.4610883032"
[13] "lglasso's bic is 19984.4050645455" "lglasso's bic is 20930.2165984899"
[15] "lglasso's bic is 21328.8932265755" "lglasso's bic is 21584.9701843735"
[17] "lglasso's bic is 21941.2527173078" "lglasso's bic is 22137.4697645546"
[19] "lglasso's bic is 22314.3586040014" "lglasso's bic is 22502.9928288144"
[1] "The 15th simulation:"
[1] "two-community heter data are generated"
[1] "heter data are generated"
[1] "heter data are generated"
 [1] "lglasso's bic is 27450.4352295291" "lglasso's bic is 20587.6587067839"
 [3] "lglasso's bic is 15829.7324587033" "lglasso's bic is 12787.6057217764"
 [5] "lglasso's bic is 11173.1673170243" "lglasso's bic is 10329.7730649967"
 [7] "lglasso's bic is 10003.8483892724" "lglasso's bic is 9954.9036582274" 
 [9] "lglasso's bic is 9996.4239439545"  "lglasso's bic is 10145.6159981366"
[11] "lglasso's bic is 10324.966016195"  "lglasso's bic is 10511.1315377627"
[13] "lglasso's bic is 10755.2863883898" "lglasso's bic is 11288.8728511511"
[15] "lglasso's bic is 11480.7298930493" "lglasso's bic is 11679.8467962304"
[17] "lglasso's bic is 11964.7407301303" "lglasso's bic is 12174.7894806916"
[19] "lglasso's bic is 12578.9747746673" "lglasso's bic is 12810.8541194741"
[1] "The 16th simulation:"
[1] "two-community heter data are generated"
[1] "heter data are generated"
[1] "heter data are generated"
 [1] "lglasso's bic is 29254.0595477239" "lglasso's bic is 22272.2610444435"
 [3] "lglasso's bic is 17612.4151632244" "lglasso's bic is 14612.2443044497"
 [5] "lglasso's bic is 13236.540402451"  "lglasso's bic is 12669.8664176846"
 [7] "lglasso's bic is 12356.1185684242" "lglasso's bic is 12699.410851963" 
 [9] "lglasso's bic is 12813.3965542699" "lglasso's bic is 12994.2871275876"
[11] "lglasso's bic is 13244.2284248665" "lglasso's bic is 13646.183797516" 
[13] "lglasso's bic is 13899.5682950578" "lglasso's bic is 14344.5295691959"
[15] "lglasso's bic is 14586.3786874235" "lglasso's bic is 15096.9503234948"
[17] "lglasso's bic is 15320.2733592198" "lglasso's bic is 15561.0287588745"
[19] "lglasso's bic is 15921.1366511457" "lglasso's bic is 16230.2634807185"
[1] "The 17th simulation:"
[1] "two-community heter data are generated"
[1] "heter data are generated"
[1] "heter data are generated"
 [1] "lglasso's bic is 28529.3064855351" "lglasso's bic is 22083.1404471921"
 [3] "lglasso's bic is 17325.0526070546" "lglasso's bic is 14419.0745887785"
 [5] "lglasso's bic is 12566.1826648421" "lglasso's bic is 11645.5453556894"
 [7] "lglasso's bic is 11337.1977711952" "lglasso's bic is 11271.5528010546"
 [9] "lglasso's bic is 11434.7581002391" "lglasso's bic is 11641.5736169471"
[11] "lglasso's bic is 11829.1467355034" "lglasso's bic is 12034.2366219742"
[13] "lglasso's bic is 12508.7542954353" "lglasso's bic is 12727.925933312" 
[15] "lglasso's bic is 13056.6531483933" "lglasso's bic is 13610.3602363404"
[17] "lglasso's bic is 13836.4428723508" "lglasso's bic is 14155.7820608639"
[19] "lglasso's bic is 15023.4127815588" "lglasso's bic is 15245.9383348154"
[1] "The 18th simulation:"
[1] "two-community heter data are generated"
[1] "heter data are generated"
[1] "heter data are generated"
 [1] "lglasso's bic is 38102.9289215937" "lglasso's bic is 31179.5104789536"
 [3] "lglasso's bic is 26835.2167294556" "lglasso's bic is 24407.1393132723"
 [5] "lglasso's bic is 22851.0566155046" "lglasso's bic is 22003.618525367" 
 [7] "lglasso's bic is 21554.6516443712" "lglasso's bic is 21607.7617647066"
 [9] "lglasso's bic is 21953.3933812085" "lglasso's bic is 22263.783374139" 
[11] "lglasso's bic is 22799.820845703"  "lglasso's bic is 23173.117749599" 
[13] "lglasso's bic is 23566.209578452"  "lglasso's bic is 23860.5461063602"
[15] "lglasso's bic is 24478.4368283714" "lglasso's bic is 25410.6321942879"
[17] "lglasso's bic is 25762.3530177571" "lglasso's bic is 26090.0075626497"
[19] "lglasso's bic is 26615.5977139313" "lglasso's bic is 26933.0592502773"
[1] "The 19th simulation:"
[1] "two-community heter data are generated"
[1] "heter data are generated"
[1] "heter data are generated"
 [1] "lglasso's bic is 32629.6527120068" "lglasso's bic is 26061.9852191255"
 [3] "lglasso's bic is 21490.3449609091" "lglasso's bic is 18123.0329607465"
 [5] "lglasso's bic is 16309.1228360931" "lglasso's bic is 15482.7079500139"
 [7] "lglasso's bic is 15096.5559511252" "lglasso's bic is 15127.7935915042"
 [9] "lglasso's bic is 15307.6042581677" "lglasso's bic is 15534.6798514561"
[11] "lglasso's bic is 15699.8819128398" "lglasso's bic is 15912.3637072719"
[13] "lglasso's bic is 16154.0654844167" "lglasso's bic is 16819.3007281904"
[15] "lglasso's bic is 17016.4706727916" "lglasso's bic is 17209.27843436"  
[17] "lglasso's bic is 18813.442295629"  "lglasso's bic is 18987.5121327431"
[19] "lglasso's bic is 19166.6297631332" "lglasso's bic is 19342.0072608514"
[1] "The 20th simulation:"
[1] "two-community heter data are generated"
[1] "heter data are generated"
[1] "heter data are generated"
 [1] "lglasso's bic is 35142.2157585142" "lglasso's bic is 28484.0937150334"
 [3] "lglasso's bic is 23874.7809203773" "lglasso's bic is 21179.2097179539"
 [5] "lglasso's bic is 19720.6851049844" "lglasso's bic is 19066.7659348941"
 [7] "lglasso's bic is 19155.9959586465" "lglasso's bic is 19213.9086685711"
 [9] "lglasso's bic is 19350.0700533114" "lglasso's bic is 19572.8333699193"
[11] "lglasso's bic is 19849.9908105103" "lglasso's bic is 20135.4224456511"
[13] "lglasso's bic is 20450.6848961587" "lglasso's bic is 20910.6105884701"
[15] "lglasso's bic is 21198.080670636"  "lglasso's bic is 21497.7774710419"
[17] "lglasso's bic is 22408.7667479354" "lglasso's bic is 22697.3191864716"
[19] "lglasso's bic is 23083.7104078217" "lglasso's bic is 23581.1272934286"
[1] "The 21th simulation:"
[1] "two-community heter data are generated"
[1] "heter data are generated"
[1] "heter data are generated"
 [1] "lglasso's bic is 36765.4604724762" "lglasso's bic is 29964.6314300605"
 [3] "lglasso's bic is 25267.473638679"  "lglasso's bic is 22313.7707882415"
 [5] "lglasso's bic is 20686.7706322663" "lglasso's bic is 19886.1201602459"
 [7] "lglasso's bic is 19395.6115055809" "lglasso's bic is 19307.2981271535"
 [9] "lglasso's bic is 19409.14144801"   "lglasso's bic is 19557.0903476674"
[11] "lglasso's bic is 19735.8933027337" "lglasso's bic is 19925.8862733478"
[13] "lglasso's bic is 20748.586878353"  "lglasso's bic is 20923.7477792717"
[15] "lglasso's bic is 21116.3385044482" "lglasso's bic is 21315.0598464913"
[17] "lglasso's bic is 21574.3412745976" "lglasso's bic is 22181.913115087" 
[19] "lglasso's bic is 22553.6868448086" "lglasso's bic is 22797.683875094" 
[1] "The 22th simulation:"
[1] "two-community heter data are generated"
[1] "heter data are generated"
[1] "heter data are generated"
 [1] "lglasso's bic is 34064.5848520602" "lglasso's bic is 27119.7948163499"
 [3] "lglasso's bic is 22514.4979531062" "lglasso's bic is 19688.6986355844"
 [5] "lglasso's bic is 18168.3665113509" "lglasso's bic is 17298.9557486135"
 [7] "lglasso's bic is 17206.0571098069" "lglasso's bic is 17358.8094455748"
 [9] "lglasso's bic is 17672.1424212355" "lglasso's bic is 17937.6411079529"
[11] "lglasso's bic is 18397.7442346014" "lglasso's bic is 18810.1329743345"
[13] "lglasso's bic is 19474.3821320822" "lglasso's bic is 19756.6671102457"
[15] "lglasso's bic is 20131.3068141389" "lglasso's bic is 20472.0466391035"
[17] "lglasso's bic is 20780.9866101029" "lglasso's bic is 21411.4180842254"
[19] "lglasso's bic is 21694.4788439727" "lglasso's bic is 22089.5164700702"
[1] "The 23th simulation:"
[1] "two-community heter data are generated"
[1] "heter data are generated"
[1] "heter data are generated"
 [1] "lglasso's bic is 23848.5996142154" "lglasso's bic is 16821.6859126397"
 [3] "lglasso's bic is 13125.0693385239" "lglasso's bic is 11031.2909303055"
 [5] "lglasso's bic is 9805.13497633644" "lglasso's bic is 9505.8833948677" 
 [7] "lglasso's bic is 9530.52275031289" "lglasso's bic is 9853.90671799473"
 [9] "lglasso's bic is 10642.128043071"  "lglasso's bic is 11096.6042672899"
[11] "lglasso's bic is 11593.9598412"    "lglasso's bic is 12197.9947364384"
[13] "lglasso's bic is 12657.4296382858" "lglasso's bic is 13569.20687324"  
[15] "lglasso's bic is 14139.6507461394" "lglasso's bic is 14578.9242891124"
[17] "lglasso's bic is 15038.8954952829" "lglasso's bic is 15596.0249779916"
[19] "lglasso's bic is 16024.0670248625" "lglasso's bic is 16510.0674730197"
[1] "The 24th simulation:"
[1] "two-community heter data are generated"
[1] "heter data are generated"
[1] "heter data are generated"
 [1] "lglasso's bic is 31855.5068519871" "lglasso's bic is 25273.1468837622"
 [3] "lglasso's bic is 20518.5726398966" "lglasso's bic is 17490.246963777" 
 [5] "lglasso's bic is 15716.09483571"   "lglasso's bic is 14893.2886844431"
 [7] "lglasso's bic is 14783.7955607306" "lglasso's bic is 14667.0724002308"
 [9] "lglasso's bic is 14896.1263762268" "lglasso's bic is 15059.8475742333"
[11] "lglasso's bic is 15269.2418474149" "lglasso's bic is 15470.6976503344"
[13] "lglasso's bic is 15692.0394292669" "lglasso's bic is 16376.6664316091"
[15] "lglasso's bic is 16782.2004210659" "lglasso's bic is 16996.8744288517"
[17] "lglasso's bic is 17217.5304656172" "lglasso's bic is 17499.7380134912"
[19] "lglasso's bic is 17725.6787326761" "lglasso's bic is 18648.2088160085"
[1] "The 25th simulation:"
[1] "two-community heter data are generated"
[1] "heter data are generated"
[1] "heter data are generated"
 [1] "lglasso's bic is 40924.5754456788" "lglasso's bic is 35511.9629370563"
 [3] "lglasso's bic is 30924.9590923076" "lglasso's bic is 27571.4590465662"
 [5] "lglasso's bic is 25782.338889217"  "lglasso's bic is 24620.3048131436"
 [7] "lglasso's bic is 24087.7837418985" "lglasso's bic is 23851.2110328089"
 [9] "lglasso's bic is 23854.9894083482" "lglasso's bic is 24187.6310462493"
[11] "lglasso's bic is 24354.8605910229" "lglasso's bic is 24524.2889598002"
[13] "lglasso's bic is 24688.688760097"  "lglasso's bic is 24950.8703000142"
[15] "lglasso's bic is 25324.3517060335" "lglasso's bic is 25508.9817333918"
[17] "lglasso's bic is 25689.4981180808" "lglasso's bic is 26110.0378098596"
[19] "lglasso's bic is 26310.0575333838" "lglasso's bic is 26627.1436793949"
[1] "The 26th simulation:"
[1] "two-community heter data are generated"
[1] "heter data are generated"
[1] "heter data are generated"
 [1] "lglasso's bic is 38097.1338960913" "lglasso's bic is 31634.4303701424"
 [3] "lglasso's bic is 27042.0651849111" "lglasso's bic is 23929.5916158065"
 [5] "lglasso's bic is 22198.4066185029" "lglasso's bic is 21549.5552939522"
 [7] "lglasso's bic is 21329.1061711281" "lglasso's bic is 21264.2079992601"
 [9] "lglasso's bic is 21258.851579252"  "lglasso's bic is 21338.3502445228"
[11] "lglasso's bic is 21520.9990269599" "lglasso's bic is 21723.8333336831"
[13] "lglasso's bic is 21974.0880781033" "lglasso's bic is 22242.6545108887"
[15] "lglasso's bic is 22446.6501856372" "lglasso's bic is 22674.3904350787"
[17] "lglasso's bic is 23136.998187012"  "lglasso's bic is 23593.1693179882"
[19] "lglasso's bic is 23910.8383497835" "lglasso's bic is 24124.622321327" 
[1] "The 27th simulation:"
[1] "two-community heter data are generated"
[1] "heter data are generated"
[1] "heter data are generated"
 [1] "lglasso's bic is 37756.9926449664" "lglasso's bic is 31111.926368772" 
 [3] "lglasso's bic is 26572.672447794"  "lglasso's bic is 23462.3476453667"
 [5] "lglasso's bic is 21637.9375647251" "lglasso's bic is 20806.7291763938"
 [7] "lglasso's bic is 20445.8310612158" "lglasso's bic is 20328.3591149273"
 [9] "lglasso's bic is 20375.9569076473" "lglasso's bic is 20499.1489228169"
[11] "lglasso's bic is 20620.9073662988" "lglasso's bic is 20779.3950070794"
[13] "lglasso's bic is 20946.3012532769" "lglasso's bic is 21197.0691107772"
[15] "lglasso's bic is 21479.1021826846" "lglasso's bic is 21894.4609972841"
[17] "lglasso's bic is 22287.5322839551" "lglasso's bic is 22490.9316442129"
[19] "lglasso's bic is 23156.5657215541" "lglasso's bic is 23512.9423023505"
[1] "The 28th simulation:"
[1] "two-community heter data are generated"
[1] "heter data are generated"
[1] "heter data are generated"
 [1] "lglasso's bic is 40015.226066062"  "lglasso's bic is 33180.0922998815"
 [3] "lglasso's bic is 28646.2485610725" "lglasso's bic is 25589.0543097129"
 [5] "lglasso's bic is 24277.8945083525" "lglasso's bic is 23314.8393350019"
 [7] "lglasso's bic is 22908.244403852"  "lglasso's bic is 22732.0689594506"
 [9] "lglasso's bic is 22795.4674502143" "lglasso's bic is 22913.7647414143"
[11] "lglasso's bic is 23425.9426457055" "lglasso's bic is 23612.0424250732"
[13] "lglasso's bic is 23814.5126771442" "lglasso's bic is 24002.7108514054"
[15] "lglasso's bic is 24368.6006402142" "lglasso's bic is 24578.6156175404"
[17] "lglasso's bic is 24808.2953004459" "lglasso's bic is 25007.9236686713"
[19] "lglasso's bic is 25217.7527019325" "lglasso's bic is 25421.3951381763"
[1] "The 29th simulation:"
[1] "two-community heter data are generated"
[1] "heter data are generated"
[1] "heter data are generated"
 [1] "lglasso's bic is 37180.246825795"  "lglasso's bic is 30472.6793494678"
 [3] "lglasso's bic is 25808.3383152999" "lglasso's bic is 22852.1951050192"
 [5] "lglasso's bic is 21142.7813412128" "lglasso's bic is 20365.1768187769"
 [7] "lglasso's bic is 19965.683263377"  "lglasso's bic is 19981.1345272386"
 [9] "lglasso's bic is 20085.3667290865" "lglasso's bic is 20328.2749688376"
[11] "lglasso's bic is 20620.3448332553" "lglasso's bic is 21014.0024993923"
[13] "lglasso's bic is 21286.6494045636" "lglasso's bic is 22429.4217757001"
[15] "lglasso's bic is 22859.0700477171" "lglasso's bic is 23149.6228119338"
[17] "lglasso's bic is 23373.3439884442" "lglasso's bic is 23640.2877922405"
[19] "lglasso's bic is 23970.0372930426" "lglasso's bic is 24307.3814761768"
[1] "The 30th simulation:"
[1] "two-community heter data are generated"
[1] "heter data are generated"
[1] "heter data are generated"
 [1] "lglasso's bic is 38114.0619298584" "lglasso's bic is 31937.4677572938"
 [3] "lglasso's bic is 27022.1602639971" "lglasso's bic is 24034.1116190039"
 [5] "lglasso's bic is 22138.8294143469" "lglasso's bic is 21199.8982753572"
 [7] "lglasso's bic is 20936.0045633738" "lglasso's bic is 20879.8539180125"
 [9] "lglasso's bic is 20981.5124934843" "lglasso's bic is 21951.4929782292"
[11] "lglasso's bic is 22143.3877063455" "lglasso's bic is 22354.5395039941"
[13] "lglasso's bic is 22568.2479846323" "lglasso's bic is 22791.0021894603"
[15] "lglasso's bic is 23157.746377753"  "lglasso's bic is 23882.2163609395"
[17] "lglasso's bic is 24124.2519099194" "lglasso's bic is 24358.5174397473"
[19] "lglasso's bic is 24595.1776213569" "lglasso's bic is 24871.1306172754"
[1] "The 31th simulation:"
[1] "two-community heter data are generated"
[1] "heter data are generated"
[1] "heter data are generated"
 [1] "lglasso's bic is 40875.937467986"  "lglasso's bic is 34345.375291083" 
 [3] "lglasso's bic is 29870.906405166"  "lglasso's bic is 26837.6999868886"
 [5] "lglasso's bic is 24960.0128482419" "lglasso's bic is 23962.6739493321"
 [7] "lglasso's bic is 23704.5560398072" "lglasso's bic is 23717.4340405937"
 [9] "lglasso's bic is 23779.9077773128" "lglasso's bic is 24062.0167185321"
[11] "lglasso's bic is 24352.8177080068" "lglasso's bic is 24679.0915878451"
[13] "lglasso's bic is 24907.1901050538" "lglasso's bic is 25142.7339852674"
[15] "lglasso's bic is 25384.9632658876" "lglasso's bic is 25971.4398990036"
[17] "lglasso's bic is 26257.4843476011" "lglasso's bic is 26625.0028839689"
[19] "lglasso's bic is 26875.9088479407" "lglasso's bic is 27125.9456094425"
[1] "The 32th simulation:"
[1] "two-community heter data are generated"
[1] "heter data are generated"
[1] "heter data are generated"
 [1] "lglasso's bic is 30682.2570764756" "lglasso's bic is 23857.5089741684"
 [3] "lglasso's bic is 19207.4768513061" "lglasso's bic is 16305.4217934073"
 [5] "lglasso's bic is 14778.3574305787" "lglasso's bic is 14779.4655080005"
 [7] "lglasso's bic is 14290.4184518895" "lglasso's bic is 14216.7339692327"
 [9] "lglasso's bic is 14249.8627243011" "lglasso's bic is 14392.5319145325"
[11] "lglasso's bic is 14571.144449731"  "lglasso's bic is 14793.8804139641"
[13] "lglasso's bic is 15425.1244173725" "lglasso's bic is 15846.6405383944"
[15] "lglasso's bic is 16228.8138235844" "lglasso's bic is 16448.8486769114"
[17] "lglasso's bic is 16650.4115362428" "lglasso's bic is 16847.3006272381"
[19] "lglasso's bic is 17205.5957185909" "lglasso's bic is 17922.3922222256"
[1] "The 33th simulation:"
[1] "two-community heter data are generated"
[1] "heter data are generated"
[1] "heter data are generated"
 [1] "lglasso's bic is 29694.83450858"   "lglasso's bic is 23046.3133370388"
 [3] "lglasso's bic is 18706.8850241527" "lglasso's bic is 15830.2314569173"
 [5] "lglasso's bic is 14184.8547187875" "lglasso's bic is 13356.1121995235"
 [7] "lglasso's bic is 13402.9826491077" "lglasso's bic is 13401.4159307096"
 [9] "lglasso's bic is 13567.8936771498" "lglasso's bic is 13774.1877599259"
[11] "lglasso's bic is 14033.2424806047" "lglasso's bic is 14288.5892854247"
[13] "lglasso's bic is 14645.90430609"   "lglasso's bic is 14908.1238794453"
[15] "lglasso's bic is 15418.4861287397" "lglasso's bic is 15685.0582522919"
[17] "lglasso's bic is 16255.0464261956" "lglasso's bic is 16817.6427545802"
[19] "lglasso's bic is 17090.8472312867" "lglasso's bic is 17361.4870088619"
[1] "The 34th simulation:"
[1] "two-community heter data are generated"
[1] "heter data are generated"
[1] "heter data are generated"
 [1] "lglasso's bic is 33553.8509783148" "lglasso's bic is 27188.8044623129"
 [3] "lglasso's bic is 22665.7560436208" "lglasso's bic is 19702.8233490649"
 [5] "lglasso's bic is 18206.8486199972" "lglasso's bic is 17390.7166778899"
 [7] "lglasso's bic is 17119.1145480164" "lglasso's bic is 17119.6321524024"
 [9] "lglasso's bic is 17276.1349610887" "lglasso's bic is 17652.3678107685"
[11] "lglasso's bic is 18077.3429850061" "lglasso's bic is 18357.6291226382"
[13] "lglasso's bic is 18796.9072611025" "lglasso's bic is 19124.3736376122"
[15] "lglasso's bic is 19780.5950676974" "lglasso's bic is 20075.6838320609"
[17] "lglasso's bic is 20352.5664768736" "lglasso's bic is 20658.3307487128"
[19] "lglasso's bic is 20973.1936893951" "lglasso's bic is 21276.8028242237"
[1] "The 35th simulation:"
[1] "two-community heter data are generated"
[1] "heter data are generated"
[1] "heter data are generated"
 [1] "lglasso's bic is 33791.5054850213" "lglasso's bic is 27019.1246923204"
 [3] "lglasso's bic is 22635.1979933635" "lglasso's bic is 19865.7964866209"
 [5] "lglasso's bic is 18107.2775607765" "lglasso's bic is 17320.8662128867"
 [7] "lglasso's bic is 17286.1363203766" "lglasso's bic is 17597.8576229079"
 [9] "lglasso's bic is 17679.0917782007" "lglasso's bic is 18090.0023027648"
[11] "lglasso's bic is 18306.6095389564" "lglasso's bic is 18562.6640811596"
[13] "lglasso's bic is 18825.7816207209" "lglasso's bic is 19137.5882001402"
[15] "lglasso's bic is 19602.8935739183" "lglasso's bic is 19867.7147693077"
[17] "lglasso's bic is 20157.7145811614" "lglasso's bic is 20439.0674388704"
[19] "lglasso's bic is 20724.62026889"   "lglasso's bic is 21051.6120514834"
[1] "The 36th simulation:"
[1] "two-community heter data are generated"
[1] "heter data are generated"
[1] "heter data are generated"
 [1] "lglasso's bic is 26094.2855290219" "lglasso's bic is 18916.479640185" 
 [3] "lglasso's bic is 14286.4043426925" "lglasso's bic is 11368.3259078183"
 [5] "lglasso's bic is 9903.15472435853" "lglasso's bic is 9290.56106849082"
 [7] "lglasso's bic is 9025.90747706522" "lglasso's bic is 9091.77783234969"
 [9] "lglasso's bic is 9331.05787912287" "lglasso's bic is 9969.80048937595"
[11] "lglasso's bic is 10573.3986447472" "lglasso's bic is 10805.5465467224"
[13] "lglasso's bic is 11200.0463442481" "lglasso's bic is 11456.1492611932"
[15] "lglasso's bic is 11908.8694618869" "lglasso's bic is 12194.0432400247"
[17] "lglasso's bic is 12693.410339173"  "lglasso's bic is 13057.0671941411"
[19] "lglasso's bic is 13399.3653857379" "lglasso's bic is 13666.0680589636"
[1] "The 37th simulation:"
[1] "two-community heter data are generated"
[1] "heter data are generated"
[1] "heter data are generated"
 [1] "lglasso's bic is 30205.9759177059" "lglasso's bic is 23618.9505858163"
 [3] "lglasso's bic is 18735.4057621255" "lglasso's bic is 15677.6764959938"
 [5] "lglasso's bic is 14173.474885671"  "lglasso's bic is 13247.6155940371"
 [7] "lglasso's bic is 12961.4425709494" "lglasso's bic is 13004.0639381325"
 [9] "lglasso's bic is 13302.317790982"  "lglasso's bic is 13539.03400675"  
[11] "lglasso's bic is 13821.7612938181" "lglasso's bic is 14079.1904059613"
[13] "lglasso's bic is 14402.2770957007" "lglasso's bic is 14661.6956701532"
[15] "lglasso's bic is 15391.3467667602" "lglasso's bic is 15619.5466377193"
[17] "lglasso's bic is 16033.6076849274" "lglasso's bic is 16266.5643796905"
[19] "lglasso's bic is 16501.5785495208" "lglasso's bic is 16747.8129615669"
[1] "The 38th simulation:"
[1] "two-community heter data are generated"
[1] "heter data are generated"
[1] "heter data are generated"
 [1] "lglasso's bic is 25599.658899554"  "lglasso's bic is 18806.8991713841"
 [3] "lglasso's bic is 14243.1901913549" "lglasso's bic is 11542.1388919999"
 [5] "lglasso's bic is 10036.9968084143" "lglasso's bic is 9288.03517751302"
 [7] "lglasso's bic is 9016.56812151072" "lglasso's bic is 8957.39140299229"
 [9] "lglasso's bic is 9101.91414203752" "lglasso's bic is 9587.74692777331"
[11] "lglasso's bic is 9897.44591318909" "lglasso's bic is 10296.4413370576"
[13] "lglasso's bic is 10730.4627099202" "lglasso's bic is 11006.8078458177"
[15] "lglasso's bic is 11591.2404564735" "lglasso's bic is 11905.3099858117"
[17] "lglasso's bic is 12424.232982437"  "lglasso's bic is 12669.0979376117"
[19] "lglasso's bic is 12918.8289963156" "lglasso's bic is 13163.4657792404"
[1] "The 39th simulation:"
[1] "two-community heter data are generated"
[1] "heter data are generated"
[1] "heter data are generated"
 [1] "lglasso's bic is 19929.6576339378" "lglasso's bic is 12367.3032832289"
 [3] "lglasso's bic is 8432.55872596789" "lglasso's bic is 6455.95676092769"
 [5] "lglasso's bic is 5199.72730548673" "lglasso's bic is 4758.25928826813"
 [7] "lglasso's bic is 4780.64739444387" "lglasso's bic is 5201.32658724987"
 [9] "lglasso's bic is 5682.89105345436" "lglasso's bic is 6157.96446823442"
[11] "lglasso's bic is 6651.67610812367" "lglasso's bic is 7178.03181148034"
[13] "lglasso's bic is 8169.54632758373" "lglasso's bic is 8637.21079597879"
[15] "lglasso's bic is 9616.47610394026" "lglasso's bic is 10276.1994400019"
[17] "lglasso's bic is 10916.017962385"  "lglasso's bic is 11597.8561391854"
[19] "lglasso's bic is 12141.1278283426" "lglasso's bic is 12797.3435465677"
[1] "The 40th simulation:"
[1] "two-community heter data are generated"
[1] "heter data are generated"
[1] "heter data are generated"
 [1] "lglasso's bic is 37258.4028623179" "lglasso's bic is 31213.6572379253"
 [3] "lglasso's bic is 26326.4965130455" "lglasso's bic is 22844.5492033746"
 [5] "lglasso's bic is 20898.8164210635" "lglasso's bic is 19962.8985075629"
 [7] "lglasso's bic is 19716.8495814706" "lglasso's bic is 19833.6787740592"
 [9] "lglasso's bic is 20118.1892085303" "lglasso's bic is 20217.2823561294"
[11] "lglasso's bic is 20359.3037777695" "lglasso's bic is 20538.049928285" 
[13] "lglasso's bic is 20803.4235611151" "lglasso's bic is 21053.2653661603"
[15] "lglasso's bic is 21253.295368495"  "lglasso's bic is 21608.8887621985"
[17] "lglasso's bic is 22178.0321422297" "lglasso's bic is 22379.9105193301"
[19] "lglasso's bic is 22811.9707564765" "lglasso's bic is 22990.8292457124"
[1] "The 41th simulation:"
[1] "two-community heter data are generated"
[1] "heter data are generated"
[1] "heter data are generated"
 [1] "lglasso's bic is 41844.4046189853" "lglasso's bic is 35339.3548964004"
 [3] "lglasso's bic is 30817.7181015649" "lglasso's bic is 27912.7768206175"
 [5] "lglasso's bic is 26425.8722876984" "lglasso's bic is 25554.2747235947"
 [7] "lglasso's bic is 25231.7531953204" "lglasso's bic is 25718.8960127822"
 [9] "lglasso's bic is 25813.6884731106" "lglasso's bic is 26109.0576286502"
[11] "lglasso's bic is 26331.8493030515" "lglasso's bic is 26595.3074906122"
[13] "lglasso's bic is 26970.4764568164" "lglasso's bic is 27248.1273537429"
[15] "lglasso's bic is 27531.391348542"  "lglasso's bic is 27825.307145998" 
[17] "lglasso's bic is 28117.6817283317" "lglasso's bic is 28413.9321519399"
[19] "lglasso's bic is 29392.5080032405" "lglasso's bic is 29742.5836398653"
[1] "The 42th simulation:"
[1] "two-community heter data are generated"
[1] "heter data are generated"
[1] "heter data are generated"
 [1] "lglasso's bic is 42051.0167794689" "lglasso's bic is 35691.8440318121"
 [3] "lglasso's bic is 30993.9925790141" "lglasso's bic is 27923.0705616632"
 [5] "lglasso's bic is 25941.5947403417" "lglasso's bic is 24937.6526384518"
 [7] "lglasso's bic is 24583.550787155"  "lglasso's bic is 24479.0771843858"
 [9] "lglasso's bic is 24595.6385463434" "lglasso's bic is 24749.7063495738"
[11] "lglasso's bic is 24882.0123721183" "lglasso's bic is 25029.7221676821"
[13] "lglasso's bic is 25234.9028751882" "lglasso's bic is 25461.9721015919"
[15] "lglasso's bic is 26021.6048210056" "lglasso's bic is 26201.2291068575"
[17] "lglasso's bic is 26425.7293596708" "lglasso's bic is 27367.4551355307"
[19] "lglasso's bic is 27538.849354977"  "lglasso's bic is 27819.9553578185"
[1] "The 43th simulation:"
[1] "two-community heter data are generated"
[1] "heter data are generated"
[1] "heter data are generated"
 [1] "lglasso's bic is 27171.8662501092" "lglasso's bic is 19513.7385565961"
 [3] "lglasso's bic is 15266.2131559203" "lglasso's bic is 12718.0405025046"
 [5] "lglasso's bic is 11586.1439573774" "lglasso's bic is 11106.2065065546"
 [7] "lglasso's bic is 10885.0243714604" "lglasso's bic is 11521.7896519292"
 [9] "lglasso's bic is 11788.711682827"  "lglasso's bic is 12032.3292736002"
[11] "lglasso's bic is 12492.1625443371" "lglasso's bic is 12799.1640980175"
[13] "lglasso's bic is 13350.8500449913" "lglasso's bic is 13716.2997755912"
[15] "lglasso's bic is 14073.8373873877" "lglasso's bic is 14591.4935643407"
[17] "lglasso's bic is 15030.2525234109" "lglasso's bic is 15430.3580294751"
[19] "lglasso's bic is 15744.6155455583" "lglasso's bic is 16090.9028586847"
[1] "The 44th simulation:"
[1] "two-community heter data are generated"
[1] "heter data are generated"
[1] "heter data are generated"
 [1] "lglasso's bic is 42535.8670113684" "lglasso's bic is 36248.3188372175"
 [3] "lglasso's bic is 31505.5428927788" "lglasso's bic is 28272.6476702655"
 [5] "lglasso's bic is 26229.0152128513" "lglasso's bic is 25261.7438422179"
 [7] "lglasso's bic is 24991.3354116013" "lglasso's bic is 25161.8522976936"
 [9] "lglasso's bic is 25250.8816091189" "lglasso's bic is 25367.0976416081"
[11] "lglasso's bic is 25498.1175451868" "lglasso's bic is 25970.3858567075"
[13] "lglasso's bic is 26131.3826384203" "lglasso's bic is 26487.9026172083"
[15] "lglasso's bic is 26645.0604967857" "lglasso's bic is 26892.9643038787"
[17] "lglasso's bic is 27056.7654297998" "lglasso's bic is 27230.585745458" 
[19] "lglasso's bic is 27402.2958066456" "lglasso's bic is 27924.9325262238"
[1] "The 45th simulation:"
[1] "two-community heter data are generated"
[1] "heter data are generated"
[1] "heter data are generated"
 [1] "lglasso's bic is 32571.4109721379" "lglasso's bic is 25825.0858441576"
 [3] "lglasso's bic is 21558.2011934833" "lglasso's bic is 18468.7791024871"
 [5] "lglasso's bic is 16782.3774466729" "lglasso's bic is 16007.7749861617"
 [7] "lglasso's bic is 15758.0163778057" "lglasso's bic is 15728.8317905239"
 [9] "lglasso's bic is 15953.0684764008" "lglasso's bic is 16255.5610947288"
[11] "lglasso's bic is 16461.1622555292" "lglasso's bic is 16960.3469229163"
[13] "lglasso's bic is 17433.7920295201" "lglasso's bic is 17681.6945273569"
[15] "lglasso's bic is 18025.3657897952" "lglasso's bic is 18442.4740169773"
[17] "lglasso's bic is 19517.9956248693" "lglasso's bic is 19712.3202392234"
[19] "lglasso's bic is 20203.5849437158" "lglasso's bic is 20451.0813556725"
[1] "The 46th simulation:"
[1] "two-community heter data are generated"
[1] "heter data are generated"
[1] "heter data are generated"
 [1] "lglasso's bic is 22009.1212909299" "lglasso's bic is 14996.1905741597"
 [3] "lglasso's bic is 10498.3592618919" "lglasso's bic is 7706.35661357734"
 [5] "lglasso's bic is 6014.55196770774" "lglasso's bic is 5208.93617285108"
 [7] "lglasso's bic is 5145.39418035267" "lglasso's bic is 5084.25507027306"
 [9] "lglasso's bic is 5270.79625476248" "lglasso's bic is 5560.51114871946"
[11] "lglasso's bic is 5847.82825706781" "lglasso's bic is 6123.51364740592"
[13] "lglasso's bic is 6438.61445686184" "lglasso's bic is 7050.41454090444"
[15] "lglasso's bic is 7798.34201434715" "lglasso's bic is 8128.67300547597"
[17] "lglasso's bic is 8444.40022197373" "lglasso's bic is 8754.3591267312" 
[19] "lglasso's bic is 9118.11553356808" "lglasso's bic is 9407.90049204996"
[1] "The 47th simulation:"
[1] "two-community heter data are generated"
[1] "heter data are generated"
[1] "heter data are generated"
 [1] "lglasso's bic is 31747.7675446475" "lglasso's bic is 24580.556965479" 
 [3] "lglasso's bic is 20292.1756593715" "lglasso's bic is 17362.3510416877"
 [5] "lglasso's bic is 15712.3234095209" "lglasso's bic is 15050.4782415327"
 [7] "lglasso's bic is 15274.964152002"  "lglasso's bic is 15274.724870611" 
 [9] "lglasso's bic is 15276.2729428278" "lglasso's bic is 15530.3776608125"
[11] "lglasso's bic is 15816.9770418872" "lglasso's bic is 16237.3903131374"
[13] "lglasso's bic is 16534.6370157849" "lglasso's bic is 16773.459898774" 
[15] "lglasso's bic is 17272.0734086949" "lglasso's bic is 17549.9259795051"
[17] "lglasso's bic is 17879.9804884092" "lglasso's bic is 18174.1691139704"
[19] "lglasso's bic is 18453.9268434792" "lglasso's bic is 18762.6119893305"
[1] "The 48th simulation:"
[1] "two-community heter data are generated"
[1] "heter data are generated"
[1] "heter data are generated"
 [1] "lglasso's bic is 25779.2459736169" "lglasso's bic is 18913.6033512638"
 [3] "lglasso's bic is 14938.2552145631" "lglasso's bic is 12482.6108432609"
 [5] "lglasso's bic is 10703.0718738986" "lglasso's bic is 10224.0129824918"
 [7] "lglasso's bic is 9899.85038101901" "lglasso's bic is 9921.15202145037"
 [9] "lglasso's bic is 10128.6627035871" "lglasso's bic is 10362.7454782787"
[11] "lglasso's bic is 10672.5716006793" "lglasso's bic is 10933.6283912105"
[13] "lglasso's bic is 11367.1900549843" "lglasso's bic is 12024.3244822519"
[15] "lglasso's bic is 12346.9306807664" "lglasso's bic is 12719.5528053602"
[17] "lglasso's bic is 13134.1956758787" "lglasso's bic is 13507.6101353828"
[19] "lglasso's bic is 14191.9217704929" "lglasso's bic is 14661.030226351" 
[1] "The 49th simulation:"
[1] "two-community heter data are generated"
[1] "heter data are generated"
[1] "heter data are generated"
 [1] "lglasso's bic is 33243.9532753576" "lglasso's bic is 26741.0971480563"
 [3] "lglasso's bic is 22262.8534813976" "lglasso's bic is 18922.9312215788"
 [5] "lglasso's bic is 17200.8821931724" "lglasso's bic is 16310.2502751791"
 [7] "lglasso's bic is 16203.5518935237" "lglasso's bic is 16104.9660599017"
 [9] "lglasso's bic is 16255.6337057558" "lglasso's bic is 16390.1005242716"
[11] "lglasso's bic is 16528.5800580013" "lglasso's bic is 16871.1145824995"
[13] "lglasso's bic is 17417.8514619723" "lglasso's bic is 17580.7978755492"
[15] "lglasso's bic is 17741.3457647363" "lglasso's bic is 17927.9535425395"
[17] "lglasso's bic is 18115.8421338739" "lglasso's bic is 18286.5985655697"
[19] "lglasso's bic is 18469.8203164697" "lglasso's bic is 18741.4152738237"
[1] "The 50th simulation:"
[1] "two-community heter data are generated"
[1] "heter data are generated"
[1] "heter data are generated"
 [1] "lglasso's bic is 28177.7382731258" "lglasso's bic is 21374.9273348838"
 [3] "lglasso's bic is 16848.405878195"  "lglasso's bic is 14295.6194951992"
 [5] "lglasso's bic is 12777.9651309233" "lglasso's bic is 12132.5605757879"
 [7] "lglasso's bic is 11857.9143161392" "lglasso's bic is 11918.9549607923"
 [9] "lglasso's bic is 12130.3246792669" "lglasso's bic is 12362.6014221984"
[11] "lglasso's bic is 12616.4997733017" "lglasso's bic is 12936.6149726288"
[13] "lglasso's bic is 13226.1704736703" "lglasso's bic is 13567.5366312454"
[15] "lglasso's bic is 13873.0055907294" "lglasso's bic is 14447.1269332911"
[17] "lglasso's bic is 14770.9577645837" "lglasso's bic is 15132.3556182528"
[19] "lglasso's bic is 16170.1199219614" "lglasso's bic is 16747.0152708573"
There were 50 or more warnings (use warnings() to see the first 50)
> save(simures,file="subject=40_time=30_uu2=0.4.Rd")
> q("no")
> proc.time()
     user    system   elapsed 
63186.963   121.321 67652.917 
