
R version 4.1.2 (2021-11-01) -- "Bird Hippie"
Copyright (C) 2021 The R Foundation for Statistical Computing
Platform: x86_64-pc-linux-gnu (64-bit)

R is free software and comes with ABSOLUTELY NO WARRANTY.
You are welcome to redistribute it under certain conditions.
Type 'license()' or 'licence()' for distribution details.

  Natural language support but running in an English locale

R is a collaborative project with many contributors.
Type 'contributors()' for more information and
'citation()' on how to cite R or R packages in publications.

Type 'demo()' for some demos, 'help()' for on-line help, or
'help.start()' for an HTML browser interface to help.
Type 'q()' to quit R.

> library("lglasso")
> library("glasso")
> library("BDgraph")
> library("GGMselect")
Loading required package: mvtnorm

Attaching package: 'mvtnorm'

The following object is masked from 'package:BDgraph':

    rmvnorm

> library("Matrix")
> m=40
> n=10
> uu2=0.3
> Nsim=50
> rho=vector("list",5)
> rho[[1]]=seq(0.001,0.3,length=20)
> rho[[2]]=seq(0.001,0.3,length=20)
> rho[[3]]=seq(0.001,0.3,length=20)
> rho[[4]]=seq(0.00001,0.1,length=10)
> rho[[5]]=seq(0.00001,0.1,length=10)
> set.seed(m+n+uu2)
> simures=power_compare1(m=m,n=n,p=80,coe=c(2,0,0),l=Nsim,rho=rho,prob=0.01,heter=T,community2=T,uu=c(0.1,uu2),zirate=c(0.2, 0.8))
[1] "The 1th simulation:"
[1] "two-community heter data are generated"
[1] "heter data are generated"
[1] "heter data are generated"
 [1] "lglasso's bic is 17343.2200379551" "lglasso's bic is 13346.0900993572"
 [3] "lglasso's bic is 10502.8303702735" "lglasso's bic is 8577.08349001246"
 [5] "lglasso's bic is 6999.90885159108" "lglasso's bic is 5865.73259358816"
 [7] "lglasso's bic is 5144.71563577931" "lglasso's bic is 4525.87813063536"
 [9] "lglasso's bic is 4107.31517697972" "lglasso's bic is 3892.87500963727"
[11] "lglasso's bic is 3786.61728905582" "lglasso's bic is 3773.63394349513"
[13] "lglasso's bic is 3881.05536367725" "lglasso's bic is 4021.40117668041"
[15] "lglasso's bic is 4126.07381188974" "lglasso's bic is 4283.87377878407"
[17] "lglasso's bic is 4393.25914712227" "lglasso's bic is 4510.26227998299"
[19] "lglasso's bic is 4723.86222881524" "lglasso's bic is 4827.72837591259"
[1] "The 2th simulation:"
[1] "two-community heter data are generated"
[1] "heter data are generated"
[1] "heter data are generated"
 [1] "lglasso's bic is 15503.8833497076" "lglasso's bic is 11164.4552012564"
 [3] "lglasso's bic is 8512.24238876087" "lglasso's bic is 6703.67565471207"
 [5] "lglasso's bic is 5505.48164991652" "lglasso's bic is 4427.62431326827"
 [7] "lglasso's bic is 3699.09689321481" "lglasso's bic is 3152.37509805198"
 [9] "lglasso's bic is 2906.17064136146" "lglasso's bic is 2810.65095601056"
[11] "lglasso's bic is 2848.95828158153" "lglasso's bic is 2998.93208513859"
[13] "lglasso's bic is 3191.88330679947" "lglasso's bic is 3308.11616339787"
[15] "lglasso's bic is 3478.83932756279" "lglasso's bic is 3640.28003191304"
[17] "lglasso's bic is 3837.9603367011"  "lglasso's bic is 3976.98323359133"
[19] "lglasso's bic is 4123.8807157622"  "lglasso's bic is 4306.56809379736"
[1] "The 3th simulation:"
[1] "two-community heter data are generated"
[1] "heter data are generated"
[1] "heter data are generated"
 [1] "lglasso's bic is 14363.9257880941" "lglasso's bic is 10272.1379657263"
 [3] "lglasso's bic is 7264.3058463953"  "lglasso's bic is 5102.4243885161" 
 [5] "lglasso's bic is 3379.26360078634" "lglasso's bic is 2294.03960316905"
 [7] "lglasso's bic is 1667.03181035765" "lglasso's bic is 1153.61387933747"
 [9] "lglasso's bic is 863.151702811567" "lglasso's bic is 801.768216561585"
[11] "lglasso's bic is 983.732780643836" "lglasso's bic is 1037.14409598693"
[13] "lglasso's bic is 1170.46392196341" "lglasso's bic is 1265.00196490416"
[15] "lglasso's bic is 1421.11014541192" "lglasso's bic is 1533.71017568542"
[17] "lglasso's bic is 1628.33248786023" "lglasso's bic is 1721.91330216183"
[19] "lglasso's bic is 1823.82580811882" "lglasso's bic is 1928.14891774007"
[1] "The 4th simulation:"
[1] "two-community heter data are generated"
[1] "heter data are generated"
[1] "heter data are generated"
 [1] "lglasso's bic is 14603.4233940594" "lglasso's bic is 10116.0271011149"
 [3] "lglasso's bic is 7421.55859346551" "lglasso's bic is 5725.32466596252"
 [5] "lglasso's bic is 4350.48157832365" "lglasso's bic is 3203.12268468486"
 [7] "lglasso's bic is 2602.01287303703" "lglasso's bic is 2047.81984362699"
 [9] "lglasso's bic is 1852.88397766096" "lglasso's bic is 1710.0555555579" 
[11] "lglasso's bic is 1758.71579564873" "lglasso's bic is 1886.89312390124"
[13] "lglasso's bic is 2289.02071948209" "lglasso's bic is 2406.35530830381"
[15] "lglasso's bic is 2543.88360700879" "lglasso's bic is 2680.65756030416"
[17] "lglasso's bic is 2881.68585833057" "lglasso's bic is 3030.98486017691"
[19] "lglasso's bic is 3210.19992274632" "lglasso's bic is 3480.96974399694"
[1] "The 5th simulation:"
[1] "two-community heter data are generated"
[1] "heter data are generated"
[1] "heter data are generated"
 [1] "lglasso's bic is 17471.2417923999" "lglasso's bic is 13653.9733361445"
 [3] "lglasso's bic is 10755.2188473844" "lglasso's bic is 8691.25361362298"
 [5] "lglasso's bic is 6986.79163129509" "lglasso's bic is 5871.32991853514"
 [7] "lglasso's bic is 5154.37473164991" "lglasso's bic is 4555.45985461704"
 [9] "lglasso's bic is 4302.90989066549" "lglasso's bic is 4182.95772292623"
[11] "lglasso's bic is 4136.56128492182" "lglasso's bic is 4213.39035902196"
[13] "lglasso's bic is 4408.42298810836" "lglasso's bic is 4748.87507252606"
[15] "lglasso's bic is 4863.98654928224" "lglasso's bic is 5042.01699455657"
[17] "lglasso's bic is 5122.86015053398" "lglasso's bic is 5358.94911314483"
[19] "lglasso's bic is 5444.96208431507" "lglasso's bic is 5547.30485892768"
[1] "The 6th simulation:"
[1] "two-community heter data are generated"
[1] "heter data are generated"
[1] "heter data are generated"
 [1] "lglasso's bic is 19512.7406510655" "lglasso's bic is 15709.3869407666"
 [3] "lglasso's bic is 13054.0743812702" "lglasso's bic is 10813.9057242507"
 [5] "lglasso's bic is 9176.67887842194" "lglasso's bic is 7752.92539203445"
 [7] "lglasso's bic is 6973.64068000952" "lglasso's bic is 6483.7430205744" 
 [9] "lglasso's bic is 6135.4179533909"  "lglasso's bic is 5996.974434144"  
[11] "lglasso's bic is 6003.11995165947" "lglasso's bic is 6018.78403443533"
[13] "lglasso's bic is 6073.96501591473" "lglasso's bic is 6169.28912299446"
[15] "lglasso's bic is 6261.56129058362" "lglasso's bic is 6395.71151829729"
[17] "lglasso's bic is 6548.37294457871" "lglasso's bic is 6929.5363467026" 
[19] "lglasso's bic is 7040.23298708828" "lglasso's bic is 7209.30053946224"
[1] "The 7th simulation:"
[1] "two-community heter data are generated"
[1] "heter data are generated"
[1] "heter data are generated"
 [1] "lglasso's bic is 18024.5850238058" "lglasso's bic is 14103.6405420484"
 [3] "lglasso's bic is 11090.8529721104" "lglasso's bic is 8751.18886329288"
 [5] "lglasso's bic is 7159.17338924015" "lglasso's bic is 6073.47601129943"
 [7] "lglasso's bic is 5283.91499242695" "lglasso's bic is 4887.56598392885"
 [9] "lglasso's bic is 4533.72214526176" "lglasso's bic is 4511.51765462916"
[11] "lglasso's bic is 4525.95068277483" "lglasso's bic is 4581.72131721896"
[13] "lglasso's bic is 4669.57687378431" "lglasso's bic is 4756.84431640788"
[15] "lglasso's bic is 4920.5255508566"  "lglasso's bic is 5029.78054877768"
[17] "lglasso's bic is 5170.67594942917" "lglasso's bic is 5274.67846941946"
[19] "lglasso's bic is 5407.8104109295"  "lglasso's bic is 5671.49927791623"
[1] "The 8th simulation:"
[1] "two-community heter data are generated"
[1] "heter data are generated"
[1] "heter data are generated"
 [1] "lglasso's bic is 12584.2982932944"  "lglasso's bic is 8231.92464710082" 
 [3] "lglasso's bic is 5555.38493684319"  "lglasso's bic is 3553.53688807998" 
 [5] "lglasso's bic is 1979.01025030283"  "lglasso's bic is 1008.90271928329" 
 [7] "lglasso's bic is 265.24700743394"   "lglasso's bic is -125.733325276372"
 [9] "lglasso's bic is -347.916703151766" "lglasso's bic is -427.342115350989"
[11] "lglasso's bic is -408.853004176088" "lglasso's bic is -220.725413149357"
[13] "lglasso's bic is -118.996963877764" "lglasso's bic is 150.844175580931" 
[15] "lglasso's bic is 313.929921345643"  "lglasso's bic is 518.120398426078" 
[17] "lglasso's bic is 638.742628709954"  "lglasso's bic is 757.351284859437" 
[19] "lglasso's bic is 1189.92549594469"  "lglasso's bic is 1354.20098724181" 
[1] "The 9th simulation:"
[1] "two-community heter data are generated"
[1] "heter data are generated"
[1] "heter data are generated"
 [1] "lglasso's bic is 18254.9493584211" "lglasso's bic is 14355.0664246304"
 [3] "lglasso's bic is 11458.9218491761" "lglasso's bic is 9018.25640022601"
 [5] "lglasso's bic is 7525.32685207127" "lglasso's bic is 6391.13715772681"
 [7] "lglasso's bic is 5406.60008191469" "lglasso's bic is 5007.65018830993"
 [9] "lglasso's bic is 4673.1390269972"  "lglasso's bic is 4497.00246656712"
[11] "lglasso's bic is 4439.25195876476" "lglasso's bic is 4441.0890931026" 
[13] "lglasso's bic is 4511.01496141227" "lglasso's bic is 4648.0553581769" 
[15] "lglasso's bic is 4827.72919923378" "lglasso's bic is 4914.39971268216"
[17] "lglasso's bic is 5002.40701905633" "lglasso's bic is 5096.85136150861"
[19] "lglasso's bic is 5202.46415672046" "lglasso's bic is 5348.01379663344"
[1] "The 10th simulation:"
[1] "two-community heter data are generated"
[1] "heter data are generated"
[1] "heter data are generated"
 [1] "lglasso's bic is 18417.9172659544" "lglasso's bic is 14575.0991086191"
 [3] "lglasso's bic is 11715.9485188202" "lglasso's bic is 9594.95496017222"
 [5] "lglasso's bic is 8079.81493315178" "lglasso's bic is 6707.85119813343"
 [7] "lglasso's bic is 5766.70345231967" "lglasso's bic is 5213.71008336383"
 [9] "lglasso's bic is 4973.3247504537"  "lglasso's bic is 4701.0769878948" 
[11] "lglasso's bic is 4623.62092765504" "lglasso's bic is 4698.90182884649"
[13] "lglasso's bic is 4768.42962602542" "lglasso's bic is 4889.71401636799"
[15] "lglasso's bic is 4967.73147699324" "lglasso's bic is 5042.2121175295" 
[17] "lglasso's bic is 5129.2445578578"  "lglasso's bic is 5253.88731853946"
[19] "lglasso's bic is 5388.29975242668" "lglasso's bic is 5608.65716340488"
[1] "The 11th simulation:"
[1] "two-community heter data are generated"
[1] "heter data are generated"
[1] "heter data are generated"
 [1] "lglasso's bic is 7445.45396420404"  "lglasso's bic is 2610.46517771709" 
 [3] "lglasso's bic is 800.430754734362"  "lglasso's bic is -241.073114217614"
 [5] "lglasso's bic is -1207.5763590228"  "lglasso's bic is -1896.57599175601"
 [7] "lglasso's bic is -2415.38916978378" "lglasso's bic is -2477.29544415741"
 [9] "lglasso's bic is -2425.52541487373" "lglasso's bic is -2302.13687677852"
[11] "lglasso's bic is -2122.8570087099"  "lglasso's bic is -1738.53631229248"
[13] "lglasso's bic is -1488.75079429535" "lglasso's bic is -1016.86331096583"
[15] "lglasso's bic is -774.367682710842" "lglasso's bic is -512.763806917698"
[17] "lglasso's bic is -270.594344692715" "lglasso's bic is -21.7418460322932"
[19] "lglasso's bic is 225.484140194923"  "lglasso's bic is 459.422878215629" 
[1] "The 12th simulation:"
[1] "two-community heter data are generated"
[1] "heter data are generated"
[1] "heter data are generated"
 [1] "lglasso's bic is 15080.2051411441" "lglasso's bic is 10724.1141153335"
 [3] "lglasso's bic is 8005.61262098497" "lglasso's bic is 5916.04926234305"
 [5] "lglasso's bic is 4455.88563045364" "lglasso's bic is 3553.37073329969"
 [7] "lglasso's bic is 2960.28240561571" "lglasso's bic is 2446.88337799437"
 [9] "lglasso's bic is 2143.26813442668" "lglasso's bic is 2153.47441073821"
[11] "lglasso's bic is 2228.0001919916"  "lglasso's bic is 2306.70778675723"
[13] "lglasso's bic is 2357.62029547387" "lglasso's bic is 2450.07623977922"
[15] "lglasso's bic is 2545.8381137982"  "lglasso's bic is 2678.50627611469"
[17] "lglasso's bic is 2819.95968211639" "lglasso's bic is 2944.52390093509"
[19] "lglasso's bic is 3092.69359937708" "lglasso's bic is 3253.76996827613"
[1] "The 13th simulation:"
[1] "two-community heter data are generated"
[1] "heter data are generated"
[1] "heter data are generated"
 [1] "lglasso's bic is 20783.7297397541" "lglasso's bic is 16852.1712150106"
 [3] "lglasso's bic is 13960.1880523011" "lglasso's bic is 12121.5336229788"
 [5] "lglasso's bic is 10427.2935259023" "lglasso's bic is 9209.18109286981"
 [7] "lglasso's bic is 8454.89147175157" "lglasso's bic is 7864.57227446719"
 [9] "lglasso's bic is 7523.82273648506" "lglasso's bic is 7442.46311960842"
[11] "lglasso's bic is 7376.44960407369" "lglasso's bic is 7350.34584044255"
[13] "lglasso's bic is 7400.77876145114" "lglasso's bic is 7498.59704950115"
[15] "lglasso's bic is 7589.99232703972" "lglasso's bic is 7681.62033655328"
[17] "lglasso's bic is 7803.42825714751" "lglasso's bic is 7930.99513886203"
[19] "lglasso's bic is 8088.77861739824" "lglasso's bic is 8201.19088582854"
[1] "The 14th simulation:"
[1] "two-community heter data are generated"
[1] "heter data are generated"
[1] "heter data are generated"
 [1] "lglasso's bic is 15766.287234288"  "lglasso's bic is 11591.0452575791"
 [3] "lglasso's bic is 8756.48842113937" "lglasso's bic is 6719.32242565269"
 [5] "lglasso's bic is 5116.71437127491" "lglasso's bic is 4324.27958834621"
 [7] "lglasso's bic is 3572.75777487252" "lglasso's bic is 3059.31595594468"
 [9] "lglasso's bic is 2751.19867238982" "lglasso's bic is 2660.8911283018" 
[11] "lglasso's bic is 2688.96293295113" "lglasso's bic is 2757.26578340587"
[13] "lglasso's bic is 2874.96063030168" "lglasso's bic is 2980.0039489386" 
[15] "lglasso's bic is 3077.9925933078"  "lglasso's bic is 3214.90234070908"
[17] "lglasso's bic is 3340.95818520732" "lglasso's bic is 3517.98025035095"
[19] "lglasso's bic is 3772.35868068741" "lglasso's bic is 3916.06952484225"
[1] "The 15th simulation:"
[1] "two-community heter data are generated"
[1] "heter data are generated"
[1] "heter data are generated"
 [1] "lglasso's bic is 12324.6998821732" "lglasso's bic is 7857.64532677369"
 [3] "lglasso's bic is 5204.61416668735" "lglasso's bic is 3380.03296601468"
 [5] "lglasso's bic is 2121.58059594741" "lglasso's bic is 1390.85021707928"
 [7] "lglasso's bic is 755.697009509571" "lglasso's bic is 448.418184061298"
 [9] "lglasso's bic is 215.429988850339" "lglasso's bic is 263.489804087082"
[11] "lglasso's bic is 351.332918240444" "lglasso's bic is 433.978848319035"
[13] "lglasso's bic is 628.102426910739" "lglasso's bic is 773.062014660921"
[15] "lglasso's bic is 944.009510688612" "lglasso's bic is 1182.40646890135"
[17] "lglasso's bic is 1420.35084751367" "lglasso's bic is 1719.21999132538"
[19] "lglasso's bic is 1906.54874537899" "lglasso's bic is 2164.06745193973"
[1] "The 16th simulation:"
[1] "two-community heter data are generated"
[1] "heter data are generated"
[1] "heter data are generated"
 [1] "lglasso's bic is 18935.709797292"  "lglasso's bic is 14806.9626256792"
 [3] "lglasso's bic is 12042.3117388742" "lglasso's bic is 9953.43944908078"
 [5] "lglasso's bic is 8357.95044475352" "lglasso's bic is 7330.18112964153"
 [7] "lglasso's bic is 6582.83372937554" "lglasso's bic is 6197.11547745912"
 [9] "lglasso's bic is 5899.21625861344" "lglasso's bic is 5793.04931443004"
[11] "lglasso's bic is 5798.23657205404" "lglasso's bic is 5803.87325793695"
[13] "lglasso's bic is 5923.56557433167" "lglasso's bic is 6015.15801496239"
[15] "lglasso's bic is 6159.10942108338" "lglasso's bic is 6392.50414132682"
[17] "lglasso's bic is 6527.71013381901" "lglasso's bic is 6668.16072187274"
[19] "lglasso's bic is 6800.41272564296" "lglasso's bic is 6939.1752758987" 
[1] "The 17th simulation:"
[1] "two-community heter data are generated"
[1] "heter data are generated"
[1] "heter data are generated"
 [1] "lglasso's bic is 16702.4263652694" "lglasso's bic is 12713.6822602766"
 [3] "lglasso's bic is 9968.2971183491"  "lglasso's bic is 7973.23438420067"
 [5] "lglasso's bic is 6294.68351741425" "lglasso's bic is 5106.7646267294" 
 [7] "lglasso's bic is 4257.41366512902" "lglasso's bic is 3706.1415468354" 
 [9] "lglasso's bic is 3542.06519319386" "lglasso's bic is 3422.64086103329"
[11] "lglasso's bic is 3505.18962852765" "lglasso's bic is 3515.3573804394" 
[13] "lglasso's bic is 3604.68348378457" "lglasso's bic is 3695.79593270353"
[15] "lglasso's bic is 3862.3804123051"  "lglasso's bic is 3970.49060368446"
[17] "lglasso's bic is 4088.45018892307" "lglasso's bic is 4242.27711972728"
[19] "lglasso's bic is 4381.38978222464" "lglasso's bic is 4480.77616399043"
[1] "The 18th simulation:"
[1] "two-community heter data are generated"
[1] "heter data are generated"
[1] "heter data are generated"
 [1] "lglasso's bic is 17477.1538564545" "lglasso's bic is 13918.6209553282"
 [3] "lglasso's bic is 11241.5065673299" "lglasso's bic is 9215.64104073394"
 [5] "lglasso's bic is 7776.64080365377" "lglasso's bic is 6797.09990522889"
 [7] "lglasso's bic is 4176.06763114983" "lglasso's bic is 3706.97238352153"
 [9] "lglasso's bic is 3453.8371976166"  "lglasso's bic is 3404.21969592048"
[11] "lglasso's bic is 3453.43111766674" "lglasso's bic is 3548.77353641879"
[13] "lglasso's bic is 3621.29761229604" "lglasso's bic is 3747.03070053803"
[15] "lglasso's bic is 3849.83780881563" "lglasso's bic is 3968.16312544601"
[17] "lglasso's bic is 4931.17528639709" "lglasso's bic is 5089.88914705381"
[19] "lglasso's bic is 5228.45497197255" "lglasso's bic is 5325.22879617262"
[1] "The 19th simulation:"
[1] "two-community heter data are generated"
[1] "heter data are generated"
[1] "heter data are generated"
 [1] "lglasso's bic is 20908.6199555098" "lglasso's bic is 17045.1784380361"
 [3] "lglasso's bic is 14196.6950008516" "lglasso's bic is 12073.9653658824"
 [5] "lglasso's bic is 10209.3922187056" "lglasso's bic is 8936.77859684242"
 [7] "lglasso's bic is 7998.27974453181" "lglasso's bic is 7529.71424067522"
 [9] "lglasso's bic is 7245.56434201374" "lglasso's bic is 7132.91681590207"
[11] "lglasso's bic is 7101.20838310982" "lglasso's bic is 7167.6258365469" 
[13] "lglasso's bic is 7216.29338408952" "lglasso's bic is 7324.39595351826"
[15] "lglasso's bic is 7393.54805465708" "lglasso's bic is 7585.24184679632"
[17] "lglasso's bic is 7723.67136933246" "lglasso's bic is 7827.96277684092"
[19] "lglasso's bic is 8112.05347596257" "lglasso's bic is 8206.40952553918"
[1] "The 20th simulation:"
[1] "two-community heter data are generated"
[1] "heter data are generated"
[1] "heter data are generated"
 [1] "lglasso's bic is 16051.9042704489" "lglasso's bic is 12336.1847957119"
 [3] "lglasso's bic is 9724.26103252859" "lglasso's bic is 7720.89751828211"
 [5] "lglasso's bic is 6307.61176246149" "lglasso's bic is 5144.47586438037"
 [7] "lglasso's bic is 4309.13151819265" "lglasso's bic is 3854.36964572463"
 [9] "lglasso's bic is 2100.46614503972" "lglasso's bic is 2022.02963336571"
[11] "lglasso's bic is 2054.83134731776" "lglasso's bic is 2123.71410953015"
[13] "lglasso's bic is 3298.83317048134" "lglasso's bic is 3322.78978587873"
[15] "lglasso's bic is 3435.15901187199" "lglasso's bic is 3517.42822390697"
[17] "lglasso's bic is 3708.28790301343" "lglasso's bic is 3884.41672726651"
[19] "lglasso's bic is 3983.64493963887" "lglasso's bic is 4094.89672585885"
[1] "The 21th simulation:"
[1] "two-community heter data are generated"
[1] "heter data are generated"
[1] "heter data are generated"
 [1] "lglasso's bic is 14043.3763224516" "lglasso's bic is 9874.1806155927" 
 [3] "lglasso's bic is 6561.44585718281" "lglasso's bic is 4350.92775331973"
 [5] "lglasso's bic is 2992.96087424549" "lglasso's bic is 1909.52138491818"
 [7] "lglasso's bic is 1237.10396962883" "lglasso's bic is 895.560729055928"
 [9] "lglasso's bic is 751.902697825261" "lglasso's bic is 882.21295887304" 
[11] "lglasso's bic is 837.518360894547" "lglasso's bic is 950.099350559519"
[13] "lglasso's bic is 1047.0220005268"  "lglasso's bic is 1309.53921376609"
[15] "lglasso's bic is 1418.81547046013" "lglasso's bic is 1546.40033858774"
[17] "lglasso's bic is 1670.39667983829" "lglasso's bic is 1792.98178708686"
[19] "lglasso's bic is 1942.46577319767" "lglasso's bic is 2204.61549909214"
[1] "The 22th simulation:"
[1] "two-community heter data are generated"
[1] "heter data are generated"
[1] "heter data are generated"
 [1] "lglasso's bic is 15364.1249691809" "lglasso's bic is 11496.5769536154"
 [3] "lglasso's bic is 8491.59126341286" "lglasso's bic is 6617.49812939792"
 [5] "lglasso's bic is 4884.63222875789" "lglasso's bic is 3874.80534798925"
 [7] "lglasso's bic is 3229.52712538517" "lglasso's bic is 2532.74895194271"
 [9] "lglasso's bic is 2233.69996931287" "lglasso's bic is 2068.10890769726"
[11] "lglasso's bic is 2012.06922475425" "lglasso's bic is 2027.8310924466" 
[13] "lglasso's bic is 2096.58960548206" "lglasso's bic is 2182.95842663485"
[15] "lglasso's bic is 2286.13294489582" "lglasso's bic is 2393.24619006062"
[17] "lglasso's bic is 2485.77189430698" "lglasso's bic is 2611.06734428396"
[19] "lglasso's bic is 2710.15433183763" "lglasso's bic is 3105.15116489593"
[1] "The 23th simulation:"
[1] "two-community heter data are generated"
[1] "heter data are generated"
[1] "heter data are generated"
 [1] "lglasso's bic is 15231.870119774"  "lglasso's bic is 10722.9797469962"
 [3] "lglasso's bic is 8127.68704287952" "lglasso's bic is 6253.99511134619"
 [5] "lglasso's bic is 4740.61293848705" "lglasso's bic is 3764.11050142108"
 [7] "lglasso's bic is 3118.74265545342" "lglasso's bic is 2827.71922447032"
 [9] "lglasso's bic is 2741.90722153986" "lglasso's bic is 2669.15769779815"
[11] "lglasso's bic is 2669.89649133762" "lglasso's bic is 2881.8664816978" 
[13] "lglasso's bic is 3017.54543356745" "lglasso's bic is 3159.4221706649" 
[15] "lglasso's bic is 3350.27623833196" "lglasso's bic is 3591.24451522689"
[17] "lglasso's bic is 3772.67230580216" "lglasso's bic is 3940.38652786417"
[19] "lglasso's bic is 4146.48940172046" "lglasso's bic is 4341.33679471826"
[1] "The 24th simulation:"
[1] "two-community heter data are generated"
[1] "heter data are generated"
[1] "heter data are generated"
 [1] "lglasso's bic is 19728.0988908938" "lglasso's bic is 15811.5701586817"
 [3] "lglasso's bic is 12865.2628743592" "lglasso's bic is 10384.75350659"  
 [5] "lglasso's bic is 9008.91546922777" "lglasso's bic is 7999.12267240363"
 [7] "lglasso's bic is 7118.16709630413" "lglasso's bic is 6592.27217079547"
 [9] "lglasso's bic is 6295.76129959894" "lglasso's bic is 6234.67454112721"
[11] "lglasso's bic is 6194.45225779842" "lglasso's bic is 6241.99727636859"
[13] "lglasso's bic is 6347.88202546406" "lglasso's bic is 6466.20715506345"
[15] "lglasso's bic is 6621.24158527666" "lglasso's bic is 6738.64826770768"
[17] "lglasso's bic is 6952.94208739452" "lglasso's bic is 7131.47462226181"
[19] "lglasso's bic is 7243.31821569223" "lglasso's bic is 7368.00058291254"
[1] "The 25th simulation:"
[1] "two-community heter data are generated"
[1] "heter data are generated"
[1] "heter data are generated"
 [1] "lglasso's bic is 13111.6224052403" "lglasso's bic is 8821.60466669996"
 [3] "lglasso's bic is 6007.36533174437" "lglasso's bic is 4062.29515801781"
 [5] "lglasso's bic is 2595.68033282742" "lglasso's bic is 1631.9421521182" 
 [7] "lglasso's bic is 994.258352170298" "lglasso's bic is 667.442202861233"
 [9] "lglasso's bic is 513.075366975491" "lglasso's bic is 441.494595701402"
[11] "lglasso's bic is 575.684833226131" "lglasso's bic is 661.24187099124" 
[13] "lglasso's bic is 819.975447374791" "lglasso's bic is 1178.47772285457"
[15] "lglasso's bic is 1325.73364035332" "lglasso's bic is 1475.32763226787"
[17] "lglasso's bic is 1893.37566384661" "lglasso's bic is 2327.48210603578"
[19] "lglasso's bic is 2464.36830492562" "lglasso's bic is 2603.0691422337" 
[1] "The 26th simulation:"
[1] "two-community heter data are generated"
[1] "heter data are generated"
[1] "heter data are generated"
 [1] "lglasso's bic is 18421.4012149676" "lglasso's bic is 14633.2636837424"
 [3] "lglasso's bic is 11567.6964749112" "lglasso's bic is 9612.57022228205"
 [5] "lglasso's bic is 7885.51092670086" "lglasso's bic is 6620.08266284878"
 [7] "lglasso's bic is 5873.49878686359" "lglasso's bic is 5223.91639089504"
 [9] "lglasso's bic is 5039.27730797462" "lglasso's bic is 4931.69499565441"
[11] "lglasso's bic is 4837.95403049629" "lglasso's bic is 4824.10629425359"
[13] "lglasso's bic is 4893.47223485654" "lglasso's bic is 5003.92024059306"
[15] "lglasso's bic is 5125.97965920793" "lglasso's bic is 5201.7986003283" 
[17] "lglasso's bic is 5268.35328222751" "lglasso's bic is 5351.64285814183"
[19] "lglasso's bic is 5449.30395809243" "lglasso's bic is 5607.14423148949"
[1] "The 27th simulation:"
[1] "two-community heter data are generated"
[1] "heter data are generated"
[1] "heter data are generated"
 [1] "lglasso's bic is 16168.8283524784" "lglasso's bic is 12482.6165254371"
 [3] "lglasso's bic is 9465.40655758206" "lglasso's bic is 7483.79003900819"
 [5] "lglasso's bic is 5789.56604571955" "lglasso's bic is 4516.12994710661"
 [7] "lglasso's bic is 3723.67479867174" "lglasso's bic is 3225.75366878235"
 [9] "lglasso's bic is 2883.37897641172" "lglasso's bic is 2792.09837679085"
[11] "lglasso's bic is 2740.78277874143" "lglasso's bic is 2812.43665362005"
[13] "lglasso's bic is 3160.77957411202" "lglasso's bic is 3232.98344150426"
[15] "lglasso's bic is 3306.12424443024" "lglasso's bic is 3401.8647948003" 
[17] "lglasso's bic is 3515.73158237967" "lglasso's bic is 3618.28510163691"
[19] "lglasso's bic is 3711.83335619902" "lglasso's bic is 3832.74369747317"
[1] "The 28th simulation:"
[1] "two-community heter data are generated"
[1] "heter data are generated"
[1] "heter data are generated"
 [1] "lglasso's bic is 17106.5455716785" "lglasso's bic is 13451.0406913596"
 [3] "lglasso's bic is 11061.9708485262" "lglasso's bic is 8781.59786943185"
 [5] "lglasso's bic is 7439.81938861799" "lglasso's bic is 6025.6897271321" 
 [7] "lglasso's bic is 5194.63097950522" "lglasso's bic is 4669.74972601067"
 [9] "lglasso's bic is 4351.32053899637" "lglasso's bic is 4102.67750319521"
[11] "lglasso's bic is 3913.8473438757"  "lglasso's bic is 3938.34296638891"
[13] "lglasso's bic is 3939.35400833983" "lglasso's bic is 3994.1793158889" 
[15] "lglasso's bic is 4102.54537718711" "lglasso's bic is 4163.03009903"   
[17] "lglasso's bic is 4254.37223246416" "lglasso's bic is 4398.29066115842"
[19] "lglasso's bic is 4488.49011539838" "lglasso's bic is 4561.03665346649"
[1] "The 29th simulation:"
[1] "two-community heter data are generated"
[1] "heter data are generated"
[1] "heter data are generated"
 [1] "lglasso's bic is 18090.9404557507" "lglasso's bic is 14380.8155164984"
 [3] "lglasso's bic is 11470.8854457157" "lglasso's bic is 9419.93763223806"
 [5] "lglasso's bic is 7819.9215658928"  "lglasso's bic is 6610.42325493101"
 [7] "lglasso's bic is 5787.84028682738" "lglasso's bic is 5272.78424114943"
 [9] "lglasso's bic is 5010.46185088545" "lglasso's bic is 4931.41707869685"
[11] "lglasso's bic is 4963.16949345831" "lglasso's bic is 5055.92586263062"
[13] "lglasso's bic is 5126.74403539444" "lglasso's bic is 5300.26477940976"
[15] "lglasso's bic is 5415.5357869596"  "lglasso's bic is 5521.11103258418"
[17] "lglasso's bic is 5641.50452031334" "lglasso's bic is 5765.49151060293"
[19] "lglasso's bic is 5889.01429212294" "lglasso's bic is 6023.45064062848"
[1] "The 30th simulation:"
[1] "two-community heter data are generated"
[1] "heter data are generated"
[1] "heter data are generated"
 [1] "lglasso's bic is 17522.4472541116" "lglasso's bic is 13669.3976726133"
 [3] "lglasso's bic is 10689.4263719244" "lglasso's bic is 8581.65140900623"
 [5] "lglasso's bic is 6992.33767201605" "lglasso's bic is 5811.75167441959"
 [7] "lglasso's bic is 5111.11539432629" "lglasso's bic is 4590.43419333636"
 [9] "lglasso's bic is 4288.65231954532" "lglasso's bic is 4158.5842484874" 
[11] "lglasso's bic is 4141.44192602754" "lglasso's bic is 4248.06930002855"
[13] "lglasso's bic is 4286.08728678472" "lglasso's bic is 4359.299982357"  
[15] "lglasso's bic is 4511.86536868213" "lglasso's bic is 4620.69669471181"
[17] "lglasso's bic is 4830.03120512115" "lglasso's bic is 4912.86346118543"
[19] "lglasso's bic is 5192.54115055036" "lglasso's bic is 5282.34702484842"
[1] "The 31th simulation:"
[1] "two-community heter data are generated"
[1] "heter data are generated"
[1] "heter data are generated"
 [1] "lglasso's bic is 17585.6347199664" "lglasso's bic is 13775.5717792806"
 [3] "lglasso's bic is 10769.6625711835" "lglasso's bic is 8372.29068382213"
 [5] "lglasso's bic is 6798.74919358674" "lglasso's bic is 5833.56454180576"
 [7] "lglasso's bic is 5067.03661919372" "lglasso's bic is 4680.60137774931"
 [9] "lglasso's bic is 4419.30542691175" "lglasso's bic is 4338.04088906197"
[11] "lglasso's bic is 4327.59763319023" "lglasso's bic is 4478.68987130102"
[13] "lglasso's bic is 4487.79822852349" "lglasso's bic is 4601.13977455774"
[15] "lglasso's bic is 4699.27672368169" "lglasso's bic is 4859.24014282624"
[17] "lglasso's bic is 4970.46223110645" "lglasso's bic is 5111.39565163521"
[19] "lglasso's bic is 5298.99916874222" "lglasso's bic is 5498.41879408942"
[1] "The 32th simulation:"
[1] "two-community heter data are generated"
[1] "heter data are generated"
[1] "heter data are generated"
 [1] "lglasso's bic is 15273.0197606637" "lglasso's bic is 11305.8115812793"
 [3] "lglasso's bic is 8537.19952681388" "lglasso's bic is 6527.20846438906"
 [5] "lglasso's bic is 5068.89431214921" "lglasso's bic is 3864.78740837137"
 [7] "lglasso's bic is 3298.20459718665" "lglasso's bic is 3055.25390233324"
 [9] "lglasso's bic is 2747.68790108172" "lglasso's bic is 2593.88534090995"
[11] "lglasso's bic is 2560.29143388316" "lglasso's bic is 2591.75571150314"
[13] "lglasso's bic is 2646.72569982028" "lglasso's bic is 2750.07922398208"
[15] "lglasso's bic is 2915.39899884991" "lglasso's bic is 3020.70927812878"
[17] "lglasso's bic is 3202.68470703036" "lglasso's bic is 3328.08693804896"
[19] "lglasso's bic is 3482.51350597636" "lglasso's bic is 3685.79104949442"
[1] "The 33th simulation:"
[1] "two-community heter data are generated"
[1] "heter data are generated"
[1] "heter data are generated"
 [1] "lglasso's bic is 18366.2988018994" "lglasso's bic is 14502.4401769085"
 [3] "lglasso's bic is 11572.3021534366" "lglasso's bic is 9288.35311129466"
 [5] "lglasso's bic is 7426.12668262768" "lglasso's bic is 6228.95059385053"
 [7] "lglasso's bic is 5497.78636740515" "lglasso's bic is 5025.72750320448"
 [9] "lglasso's bic is 4760.58271977369" "lglasso's bic is 4652.12423911458"
[11] "lglasso's bic is 4674.39646599111" "lglasso's bic is 4692.57134736697"
[13] "lglasso's bic is 4733.16451157267" "lglasso's bic is 4809.86235227363"
[15] "lglasso's bic is 4953.09411916618" "lglasso's bic is 5045.8291879369" 
[17] "lglasso's bic is 5151.48415163048" "lglasso's bic is 5322.40159867011"
[19] "lglasso's bic is 5402.84055409153" "lglasso's bic is 5635.45055731802"
[1] "The 34th simulation:"
[1] "two-community heter data are generated"
[1] "heter data are generated"
[1] "heter data are generated"
 [1] "lglasso's bic is 18094.857123641"  "lglasso's bic is 14327.9776275971"
 [3] "lglasso's bic is 11314.669566501"  "lglasso's bic is 9154.32757118595"
 [5] "lglasso's bic is 7523.08912079677" "lglasso's bic is 6263.45511832517"
 [7] "lglasso's bic is 5481.41694566965" "lglasso's bic is 5005.54624752218"
 [9] "lglasso's bic is 4735.89339047444" "lglasso's bic is 4633.05222191868"
[11] "lglasso's bic is 4564.36004908717" "lglasso's bic is 4606.50803390626"
[13] "lglasso's bic is 4665.82542291316" "lglasso's bic is 4761.93818901574"
[15] "lglasso's bic is 4851.01406589851" "lglasso's bic is 4962.19399408795"
[17] "lglasso's bic is 5070.2457757582"  "lglasso's bic is 5183.43377722702"
[19] "lglasso's bic is 5317.48516869926" "lglasso's bic is 5511.15188329989"
[1] "The 35th simulation:"
[1] "two-community heter data are generated"
[1] "heter data are generated"
[1] "heter data are generated"
 [1] "lglasso's bic is 17017.838710741"  "lglasso's bic is 12699.7956414591"
 [3] "lglasso's bic is 9981.68109438934" "lglasso's bic is 7817.3200802797" 
 [5] "lglasso's bic is 6115.81693853926" "lglasso's bic is 5028.44545311665"
 [7] "lglasso's bic is 4228.67727151291" "lglasso's bic is 3793.03745439077"
 [9] "lglasso's bic is 3568.20753227909" "lglasso's bic is 3506.58875007051"
[11] "lglasso's bic is 3470.88592106805" "lglasso's bic is 3542.17288999418"
[13] "lglasso's bic is 3701.67189311019" "lglasso's bic is 3868.53253033653"
[15] "lglasso's bic is 3996.42900581045" "lglasso's bic is 4177.39748821224"
[17] "lglasso's bic is 4284.87384744617" "lglasso's bic is 4445.05060874009"
[19] "lglasso's bic is 4563.03976145669" "lglasso's bic is 4709.47895944738"
[1] "The 36th simulation:"
[1] "two-community heter data are generated"
[1] "heter data are generated"
[1] "heter data are generated"
 [1] "lglasso's bic is 18616.1480587288" "lglasso's bic is 14406.6323001533"
 [3] "lglasso's bic is 11660.0679536358" "lglasso's bic is 9526.4750972035" 
 [5] "lglasso's bic is 7950.95719334"    "lglasso's bic is 6842.30112900101"
 [7] "lglasso's bic is 5894.76934965806" "lglasso's bic is 5254.96704679924"
 [9] "lglasso's bic is 4988.8026336786"  "lglasso's bic is 4846.0412649295" 
[11] "lglasso's bic is 4805.21804240142" "lglasso's bic is 4854.57912015653"
[13] "lglasso's bic is 4891.42548430859" "lglasso's bic is 4961.18827325145"
[15] "lglasso's bic is 5071.23330791336" "lglasso's bic is 5174.14758468145"
[17] "lglasso's bic is 5320.57031309614" "lglasso's bic is 5424.1571087303" 
[19] "lglasso's bic is 5581.78678884587" "lglasso's bic is 5683.06190080453"
[1] "The 37th simulation:"
[1] "two-community heter data are generated"
[1] "heter data are generated"
[1] "heter data are generated"
 [1] "lglasso's bic is 13785.9998961462" "lglasso's bic is 9508.02702450187"
 [3] "lglasso's bic is 6789.23370097595" "lglasso's bic is 4842.88164756641"
 [5] "lglasso's bic is 3576.19341122577" "lglasso's bic is 2781.11366724105"
 [7] "lglasso's bic is 2195.55541316955" "lglasso's bic is 1771.56875607595"
 [9] "lglasso's bic is 1458.2394611364"  "lglasso's bic is 1312.18487318916"
[11] "lglasso's bic is 1316.87628806783" "lglasso's bic is 1479.01982155308"
[13] "lglasso's bic is 1683.15029963149" "lglasso's bic is 1797.80748296027"
[15] "lglasso's bic is 1921.31543904392" "lglasso's bic is 2080.31581545049"
[17] "lglasso's bic is 2247.93313442927" "lglasso's bic is 2394.60735029847"
[19] "lglasso's bic is 2701.40748778394" "lglasso's bic is 2858.82903814775"
[1] "The 38th simulation:"
[1] "two-community heter data are generated"
[1] "heter data are generated"
[1] "heter data are generated"
 [1] "lglasso's bic is 15565.8322666546" "lglasso's bic is 11253.0701551538"
 [3] "lglasso's bic is 8330.98573439898" "lglasso's bic is 6188.12614014776"
 [5] "lglasso's bic is 4603.34550761146" "lglasso's bic is 3430.07408649124"
 [7] "lglasso's bic is 2931.97215682055" "lglasso's bic is 2526.28545026494"
 [9] "lglasso's bic is 2264.085924045"   "lglasso's bic is 2226.64416784847"
[11] "lglasso's bic is 2263.31288712172" "lglasso's bic is 2346.54898967941"
[13] "lglasso's bic is 2450.72654996573" "lglasso's bic is 2684.8215346855" 
[15] "lglasso's bic is 2808.41160578455" "lglasso's bic is 2942.85623775462"
[17] "lglasso's bic is 3058.42915208722" "lglasso's bic is 3205.81976424702"
[19] "lglasso's bic is 3340.56132558669" "lglasso's bic is 3465.80603684465"
[1] "The 39th simulation:"
[1] "two-community heter data are generated"
[1] "heter data are generated"
[1] "heter data are generated"
 [1] "lglasso's bic is 20780.4158457937" "lglasso's bic is 17040.5246927834"
 [3] "lglasso's bic is 14097.3760399168" "lglasso's bic is 11876.3157796596"
 [5] "lglasso's bic is 10171.438189804"  "lglasso's bic is 8850.87533392155"
 [7] "lglasso's bic is 8022.95730725809" "lglasso's bic is 7394.01564976371"
 [9] "lglasso's bic is 7033.45284890193" "lglasso's bic is 6972.35588300731"
[11] "lglasso's bic is 6865.08230922371" "lglasso's bic is 6957.68888140599"
[13] "lglasso's bic is 6997.53673648578" "lglasso's bic is 7080.96153744532"
[15] "lglasso's bic is 7163.86406661645" "lglasso's bic is 7230.66589105624"
[17] "lglasso's bic is 7353.69977945412" "lglasso's bic is 7450.1522109084" 
[19] "lglasso's bic is 7524.58984430019" "lglasso's bic is 7618.52130178191"
[1] "The 40th simulation:"
[1] "two-community heter data are generated"
[1] "heter data are generated"
[1] "heter data are generated"
 [1] "lglasso's bic is 18638.0568780168" "lglasso's bic is 14584.7086746648"
 [3] "lglasso's bic is 11961.5563800332" "lglasso's bic is 9454.59323674394"
 [5] "lglasso's bic is 7828.24246281939" "lglasso's bic is 6684.92731220521"
 [7] "lglasso's bic is 5976.79909050889" "lglasso's bic is 5456.92567339406"
 [9] "lglasso's bic is 5295.76158781526" "lglasso's bic is 5103.63254689116"
[11] "lglasso's bic is 5048.5560437576"  "lglasso's bic is 5118.0324643205" 
[13] "lglasso's bic is 5180.66125046985" "lglasso's bic is 5276.48301533092"
[15] "lglasso's bic is 5389.45977157955" "lglasso's bic is 5505.33387139159"
[17] "lglasso's bic is 5680.83655997324" "lglasso's bic is 6118.69285208414"
[19] "lglasso's bic is 6225.68787055666" "lglasso's bic is 6341.87178602258"
[1] "The 41th simulation:"
[1] "two-community heter data are generated"
[1] "heter data are generated"
[1] "heter data are generated"
 [1] "lglasso's bic is 17323.8398893103" "lglasso's bic is 13240.3486027656"
 [3] "lglasso's bic is 10457.7551279883" "lglasso's bic is 8412.17822482552"
 [5] "lglasso's bic is 6688.74515141424" "lglasso's bic is 5566.81469035919"
 [7] "lglasso's bic is 4870.22469643618" "lglasso's bic is 4478.18973074117"
 [9] "lglasso's bic is 4208.91722081719" "lglasso's bic is 4090.16920911049"
[11] "lglasso's bic is 4078.5543386422"  "lglasso's bic is 4140.25070982175"
[13] "lglasso's bic is 4310.90765749873" "lglasso's bic is 4433.94697062463"
[15] "lglasso's bic is 4552.00582094627" "lglasso's bic is 4676.02449627193"
[17] "lglasso's bic is 4786.48741981927" "lglasso's bic is 4910.70212398507"
[19] "lglasso's bic is 5116.29125583091" "lglasso's bic is 5320.98473104617"
[1] "The 42th simulation:"
[1] "two-community heter data are generated"
[1] "heter data are generated"
[1] "heter data are generated"
 [1] "lglasso's bic is 14020.9060889775" "lglasso's bic is 9631.84187458046"
 [3] "lglasso's bic is 6508.57709871553" "lglasso's bic is 4350.14345704662"
 [5] "lglasso's bic is 3015.28114845075" "lglasso's bic is 1939.94432779131"
 [7] "lglasso's bic is 1214.22045207879" "lglasso's bic is 784.248807056632"
 [9] "lglasso's bic is 730.352944859157" "lglasso's bic is 679.423298749235"
[11] "lglasso's bic is 691.430573366706" "lglasso's bic is 722.151791554351"
[13] "lglasso's bic is 844.229798590117" "lglasso's bic is 1067.91547393118"
[15] "lglasso's bic is 1168.47421195866" "lglasso's bic is 1302.06406166466"
[17] "lglasso's bic is 1403.59190545378" "lglasso's bic is 1595.2305927737" 
[19] "lglasso's bic is 1690.98306297595" "lglasso's bic is 1825.29600038371"
[1] "The 43th simulation:"
[1] "two-community heter data are generated"
[1] "heter data are generated"
[1] "heter data are generated"
 [1] "lglasso's bic is 19280.0467202355" "lglasso's bic is 15062.1987387697"
 [3] "lglasso's bic is 12230.5317086707" "lglasso's bic is 10155.2329052942"
 [5] "lglasso's bic is 8588.63748477153" "lglasso's bic is 7637.28783941482"
 [7] "lglasso's bic is 6852.81430177307" "lglasso's bic is 6342.53999336074"
 [9] "lglasso's bic is 6089.58562447712" "lglasso's bic is 5958.03635547416"
[11] "lglasso's bic is 6133.52271095794" "lglasso's bic is 6215.32859513791"
[13] "lglasso's bic is 6377.78506325138" "lglasso's bic is 6463.04233743673"
[15] "lglasso's bic is 6541.86480302208" "lglasso's bic is 6644.00501875126"
[17] "lglasso's bic is 6871.68198365021" "lglasso's bic is 6991.66872083634"
[19] "lglasso's bic is 7114.44366583164" "lglasso's bic is 7342.39821341069"
[1] "The 44th simulation:"
[1] "two-community heter data are generated"
[1] "heter data are generated"
[1] "heter data are generated"
 [1] "lglasso's bic is 18329.7526251828" "lglasso's bic is 14521.7868394565"
 [3] "lglasso's bic is 11751.7413930666" "lglasso's bic is 9652.18956105414"
 [5] "lglasso's bic is 8070.69922046265" "lglasso's bic is 6966.61263476547"
 [7] "lglasso's bic is 6133.96089003408" "lglasso's bic is 5698.57205083433"
 [9] "lglasso's bic is 5388.39088302886" "lglasso's bic is 5178.51763675679"
[11] "lglasso's bic is 5069.01883993167" "lglasso's bic is 4970.60566676799"
[13] "lglasso's bic is 5134.07359384094" "lglasso's bic is 5202.34078826849"
[15] "lglasso's bic is 5269.41191726301" "lglasso's bic is 5404.72033296253"
[17] "lglasso's bic is 5501.61895655275" "lglasso's bic is 5614.47751904597"
[19] "lglasso's bic is 5760.69076910781" "lglasso's bic is 5965.15164243106"
[1] "The 45th simulation:"
[1] "two-community heter data are generated"
[1] "heter data are generated"
[1] "heter data are generated"
 [1] "lglasso's bic is 14990.1820085743" "lglasso's bic is 10878.4846387384"
 [3] "lglasso's bic is 8129.50097818492" "lglasso's bic is 6454.188629943"  
 [5] "lglasso's bic is 4887.01532773719" "lglasso's bic is 3767.08981849252"
 [7] "lglasso's bic is 3212.37048425459" "lglasso's bic is 2776.97246991663"
 [9] "lglasso's bic is 2393.50346341144" "lglasso's bic is 2239.49651762362"
[11] "lglasso's bic is 2235.10069938665" "lglasso's bic is 2367.83763216029"
[13] "lglasso's bic is 2443.5371443479"  "lglasso's bic is 2535.85779649822"
[15] "lglasso's bic is 2654.75101593392" "lglasso's bic is 2798.13780722908"
[17] "lglasso's bic is 2915.81007158722" "lglasso's bic is 3265.89885158567"
[19] "lglasso's bic is 3419.64356959762" "lglasso's bic is 3583.03117592554"
[1] "The 46th simulation:"
[1] "two-community heter data are generated"
[1] "heter data are generated"
[1] "heter data are generated"
 [1] "lglasso's bic is 20524.5214252795" "lglasso's bic is 16612.8541576012"
 [3] "lglasso's bic is 13799.2781213752" "lglasso's bic is 11694.428989517" 
 [5] "lglasso's bic is 9982.93291067947" "lglasso's bic is 8975.86033131508"
 [7] "lglasso's bic is 8217.99838345805" "lglasso's bic is 7587.34524779124"
 [9] "lglasso's bic is 7283.9806640224"  "lglasso's bic is 7095.62314948191"
[11] "lglasso's bic is 7105.07592154548" "lglasso's bic is 7090.24437201271"
[13] "lglasso's bic is 7186.51453910412" "lglasso's bic is 7303.43406575399"
[15] "lglasso's bic is 7485.78576288229" "lglasso's bic is 7584.00657909309"
[17] "lglasso's bic is 7675.99399274221" "lglasso's bic is 7793.73207327811"
[19] "lglasso's bic is 7980.68037378905" "lglasso's bic is 8086.59568530586"
[1] "The 47th simulation:"
[1] "two-community heter data are generated"
[1] "heter data are generated"
[1] "heter data are generated"
 [1] "lglasso's bic is 19548.7724902469" "lglasso's bic is 15346.3471506255"
 [3] "lglasso's bic is 12179.4408575518" "lglasso's bic is 10246.3479052661"
 [5] "lglasso's bic is 8835.0308178222"  "lglasso's bic is 7830.78938035718"
 [7] "lglasso's bic is 7079.77888823826" "lglasso's bic is 6494.84799176677"
 [9] "lglasso's bic is 6308.30216914236" "lglasso's bic is 6159.78537872118"
[11] "lglasso's bic is 6145.94424153756" "lglasso's bic is 6198.20571600362"
[13] "lglasso's bic is 6277.44366868077" "lglasso's bic is 6373.44383459306"
[15] "lglasso's bic is 6506.11561970551" "lglasso's bic is 6621.04196882229"
[17] "lglasso's bic is 6737.31559451811" "lglasso's bic is 6918.41188916416"
[19] "lglasso's bic is 7111.36415655399" "lglasso's bic is 7324.72246732541"
[1] "The 48th simulation:"
[1] "two-community heter data are generated"
[1] "heter data are generated"
[1] "heter data are generated"
 [1] "lglasso's bic is 18716.1351676965" "lglasso's bic is 14577.2777051148"
 [3] "lglasso's bic is 11991.9029580079" "lglasso's bic is 9958.93366291663"
 [5] "lglasso's bic is 8592.90612093811" "lglasso's bic is 7403.44726530354"
 [7] "lglasso's bic is 6664.77259455775" "lglasso's bic is 6164.64771420066"
 [9] "lglasso's bic is 5779.23981283497" "lglasso's bic is 5615.38731158095"
[11] "lglasso's bic is 5577.9202886008"  "lglasso's bic is 5657.28444597465"
[13] "lglasso's bic is 5743.84247411244" "lglasso's bic is 5819.91797236472"
[15] "lglasso's bic is 5889.16653692358" "lglasso's bic is 6043.41066962111"
[17] "lglasso's bic is 6226.04856971253" "lglasso's bic is 6343.41093586812"
[19] "lglasso's bic is 6529.42915987321" "lglasso's bic is 6645.25981484367"
[1] "The 49th simulation:"
[1] "two-community heter data are generated"
[1] "heter data are generated"
[1] "heter data are generated"
 [1] "lglasso's bic is 18229.3102683134" "lglasso's bic is 14130.9748117315"
 [3] "lglasso's bic is 11487.0547473837" "lglasso's bic is 9511.87831129006"
 [5] "lglasso's bic is 7897.94935526075" "lglasso's bic is 6607.75477046005"
 [7] "lglasso's bic is 5821.06926437757" "lglasso's bic is 5283.05522505193"
 [9] "lglasso's bic is 4900.55959078638" "lglasso's bic is 4847.37411129548"
[11] "lglasso's bic is 4859.20783763115" "lglasso's bic is 4922.16492489905"
[13] "lglasso's bic is 5061.50657665346" "lglasso's bic is 5145.02646368389"
[15] "lglasso's bic is 5242.29288504733" "lglasso's bic is 5530.06625822009"
[17] "lglasso's bic is 5638.08183918392" "lglasso's bic is 5748.90297631739"
[19] "lglasso's bic is 5909.75728344828" "lglasso's bic is 6032.49888118129"
[1] "The 50th simulation:"
[1] "two-community heter data are generated"
[1] "heter data are generated"
[1] "heter data are generated"
 [1] "lglasso's bic is 19010.0242514373" "lglasso's bic is 14934.1925659716"
 [3] "lglasso's bic is 12136.489180668"  "lglasso's bic is 10431.7825845909"
 [5] "lglasso's bic is 8832.43506762373" "lglasso's bic is 7729.66066949619"
 [7] "lglasso's bic is 7021.6786432013"  "lglasso's bic is 6670.75898444139"
 [9] "lglasso's bic is 6290.38448510945" "lglasso's bic is 6176.46616709055"
[11] "lglasso's bic is 6293.79278548274" "lglasso's bic is 6305.24586142408"
[13] "lglasso's bic is 6331.60234688815" "lglasso's bic is 6443.14510636139"
[15] "lglasso's bic is 6550.67846249687" "lglasso's bic is 6710.89977912258"
[17] "lglasso's bic is 6833.54508153185" "lglasso's bic is 7077.30102356192"
[19] "lglasso's bic is 7193.88017999301" "lglasso's bic is 7356.83025054465"
There were 50 or more warnings (use warnings() to see the first 50)
> save(simures,file="subject=40_time=10_uu2=0.3.Rd")
> q("no")
> proc.time()
     user    system   elapsed 
28017.887   124.341 34086.154 
