
R version 4.1.2 (2021-11-01) -- "Bird Hippie"
Copyright (C) 2021 The R Foundation for Statistical Computing
Platform: x86_64-pc-linux-gnu (64-bit)

R is free software and comes with ABSOLUTELY NO WARRANTY.
You are welcome to redistribute it under certain conditions.
Type 'license()' or 'licence()' for distribution details.

  Natural language support but running in an English locale

R is a collaborative project with many contributors.
Type 'contributors()' for more information and
'citation()' on how to cite R or R packages in publications.

Type 'demo()' for some demos, 'help()' for on-line help, or
'help.start()' for an HTML browser interface to help.
Type 'q()' to quit R.

> library("lglasso")
> library("glasso")
> library("BDgraph")
> library("GGMselect")
Loading required package: mvtnorm

Attaching package: 'mvtnorm'

The following object is masked from 'package:BDgraph':

    rmvnorm

> library("Matrix")
> m=20
> n=10
> uu2=0.2
> Nsim=50
> rho=vector("list",5)
> rho[[1]]=seq(0.001,0.3,length=20)
> rho[[2]]=seq(0.001,0.3,length=20)
> rho[[3]]=seq(0.001,0.3,length=20)
> rho[[4]]=seq(0.00001,0.1,length=10)
> rho[[5]]=seq(0.00001,0.1,length=10)
> set.seed(m+n+uu2)
> simures=power_compare1(m=m,n=n,p=80,coe=c(2,0,0),l=Nsim,rho=rho,prob=0.01,heter=T,community2=T,uu=c(0.1,uu2),zirate=c(0.2, 0.8))
[1] "The 1th simulation:"
[1] "two-community heter data are generated"
[1] "heter data are generated"
[1] "heter data are generated"
 [1] "lglasso's bic is 14299.7075465259" "lglasso's bic is 11856.3148262172"
 [3] "lglasso's bic is 9641.38930597454" "lglasso's bic is 8354.61626204133"
 [5] "lglasso's bic is 7063.01362590312" "lglasso's bic is 6022.39438302821"
 [7] "lglasso's bic is 5288.09557528331" "lglasso's bic is 4661.54279272842"
 [9] "lglasso's bic is 4277.62894315611" "lglasso's bic is 3875.65583135456"
[11] "lglasso's bic is 3522.15207988817" "lglasso's bic is 3365.86347068309"
[13] "lglasso's bic is 3270.79417801278" "lglasso's bic is 3220.4960177155" 
[15] "lglasso's bic is 3453.85747120154" "lglasso's bic is 3449.55597732515"
[17] "lglasso's bic is 3457.18141258287" "lglasso's bic is 3480.42545073281"
[19] "lglasso's bic is 3795.92273020604" "lglasso's bic is 3841.40169608907"
[1] "The 2th simulation:"
[1] "two-community heter data are generated"
[1] "heter data are generated"
[1] "heter data are generated"
 [1] "lglasso's bic is 14894.6617281647" "lglasso's bic is 12261.1326428068"
 [3] "lglasso's bic is 10793.7493865736" "lglasso's bic is 9456.31093513572"
 [5] "lglasso's bic is 8347.94131958179" "lglasso's bic is 7301.03907903869"
 [7] "lglasso's bic is 6551.08424656604" "lglasso's bic is 5840.79175049212"
 [9] "lglasso's bic is 5250.94296237479" "lglasso's bic is 4873.30173651049"
[11] "lglasso's bic is 4533.57763037124" "lglasso's bic is 4367.02162602845"
[13] "lglasso's bic is 4214.46928931405" "lglasso's bic is 4128.13900393442"
[15] "lglasso's bic is 4056.93741450642" "lglasso's bic is 4016.18019609333"
[17] "lglasso's bic is 4020.89500007339" "lglasso's bic is 4160.44111934793"
[19] "lglasso's bic is 4221.55475758227" "lglasso's bic is 4267.87508613246"
[1] "The 3th simulation:"
[1] "two-community heter data are generated"
[1] "heter data are generated"
[1] "heter data are generated"
 [1] "lglasso's bic is 13784.6959697604" "lglasso's bic is 11123.801629749" 
 [3] "lglasso's bic is 9323.35585395046" "lglasso's bic is 7928.19483377172"
 [5] "lglasso's bic is 6870.84493496008" "lglasso's bic is 5974.19870439076"
 [7] "lglasso's bic is 5201.22013676334" "lglasso's bic is 4683.0103394432" 
 [9] "lglasso's bic is 4222.5890774823"  "lglasso's bic is 3834.86591747376"
[11] "lglasso's bic is 3529.37006239067" "lglasso's bic is 3274.94718550999"
[13] "lglasso's bic is 3020.45730124282" "lglasso's bic is 2957.45041956378"
[15] "lglasso's bic is 2925.76465479499" "lglasso's bic is 2918.68417981136"
[17] "lglasso's bic is 2922.41652256725" "lglasso's bic is 2948.64528989623"
[19] "lglasso's bic is 2997.51850556259" "lglasso's bic is 3080.72779166299"
[1] "The 4th simulation:"
[1] "two-community heter data are generated"
[1] "heter data are generated"
[1] "heter data are generated"
 [1] "lglasso's bic is 15950.6144250266" "lglasso's bic is 13221.8197321089"
 [3] "lglasso's bic is 11530.2301903002" "lglasso's bic is 10140.1420974098"
 [5] "lglasso's bic is 9090.0440072234"  "lglasso's bic is 8090.1656231378" 
 [7] "lglasso's bic is 7339.62117777802" "lglasso's bic is 6551.81423902114"
 [9] "lglasso's bic is 5870.68558067227" "lglasso's bic is 5439.53030081929"
[11] "lglasso's bic is 5133.03745790171" "lglasso's bic is 5015.86150511795"
[13] "lglasso's bic is 4857.74699105984" "lglasso's bic is 4748.07436510098"
[15] "lglasso's bic is 4705.96377870156" "lglasso's bic is 4724.22228242652"
[17] "lglasso's bic is 4778.22711687778" "lglasso's bic is 4816.29720819912"
[19] "lglasso's bic is 4851.6095902794"  "lglasso's bic is 4887.65631834408"
[1] "The 5th simulation:"
[1] "two-community heter data are generated"
[1] "heter data are generated"
[1] "heter data are generated"
 [1] "lglasso's bic is 12790.7200246884" "lglasso's bic is 10530.8488452376"
 [3] "lglasso's bic is 8614.33057264928" "lglasso's bic is 7086.59900962652"
 [5] "lglasso's bic is 5938.17113410402" "lglasso's bic is 4990.1296032787" 
 [7] "lglasso's bic is 4329.87447626354" "lglasso's bic is 3707.44885532919"
 [9] "lglasso's bic is 3171.96625885213" "lglasso's bic is 2623.81517862703"
[11] "lglasso's bic is 2243.15914762476" "lglasso's bic is 2105.80096573736"
[13] "lglasso's bic is 2034.32100048771" "lglasso's bic is 1979.04820107141"
[15] "lglasso's bic is 1958.09702433327" "lglasso's bic is 1933.33743176594"
[17] "lglasso's bic is 1970.35839666008" "lglasso's bic is 2026.27576641019"
[19] "lglasso's bic is 2154.01119290015" "lglasso's bic is 2227.87320103169"
[1] "The 6th simulation:"
[1] "two-community heter data are generated"
[1] "heter data are generated"
[1] "heter data are generated"
 [1] "lglasso's bic is 12543.123841194"  "lglasso's bic is 9950.15592167731"
 [3] "lglasso's bic is 8378.38453646622" "lglasso's bic is 7177.44731989987"
 [5] "lglasso's bic is 5865.58323448891" "lglasso's bic is 4865.15800166826"
 [7] "lglasso's bic is 4081.83110439525" "lglasso's bic is 3480.70246044004"
 [9] "lglasso's bic is 2923.98865136255" "lglasso's bic is 2651.47795158595"
[11] "lglasso's bic is 2265.96593338684" "lglasso's bic is 2043.51781397665"
[13] "lglasso's bic is 1856.22949554552" "lglasso's bic is 1722.69504192371"
[15] "lglasso's bic is 1643.65364083803" "lglasso's bic is 1654.60259654838"
[17] "lglasso's bic is 1708.69083484337" "lglasso's bic is 1745.31811613855"
[19] "lglasso's bic is 1838.89916608305" "lglasso's bic is 1903.35396446508"
[1] "The 7th simulation:"
[1] "two-community heter data are generated"
[1] "heter data are generated"
[1] "heter data are generated"
 [1] "lglasso's bic is 11993.7949406721" "lglasso's bic is 9420.02120232501"
 [3] "lglasso's bic is 7820.45970034887" "lglasso's bic is 6800.95317756907"
 [5] "lglasso's bic is 5981.02084725832" "lglasso's bic is 5206.48214776214"
 [7] "lglasso's bic is 4133.94502430285" "lglasso's bic is 5054.66684647246"
 [9] "lglasso's bic is 4629.13678559068" "lglasso's bic is 2657.80141784531"
[11] "lglasso's bic is 2441.96323511422" "lglasso's bic is 2207.70961915161"
[13] "lglasso's bic is 3286.49830643455" "lglasso's bic is 3074.5205509995" 
[15] "lglasso's bic is 2997.7160359046"  "lglasso's bic is 2887.47130500584"
[17] "lglasso's bic is 2800.01875801622" "lglasso's bic is 2771.64833552155"
[19] "lglasso's bic is 2801.39100841841" "lglasso's bic is 2854.69442768588"
[1] "The 8th simulation:"
[1] "two-community heter data are generated"
[1] "heter data are generated"
[1] "heter data are generated"
 [1] "lglasso's bic is 12978.7795931421" "lglasso's bic is 10361.6990383193"
 [3] "lglasso's bic is 8419.91948327104" "lglasso's bic is 7038.16872171311"
 [5] "lglasso's bic is 6029.96849527086" "lglasso's bic is 5240.55652666926"
 [7] "lglasso's bic is 4592.06732050215" "lglasso's bic is 3887.44581377673"
 [9] "lglasso's bic is 3344.59505612935" "lglasso's bic is 2975.3710358361" 
[11] "lglasso's bic is 2676.54624366497" "lglasso's bic is 2512.39192220639"
[13] "lglasso's bic is 2573.02263090475" "lglasso's bic is 2434.57990696684"
[15] "lglasso's bic is 2424.11902013087" "lglasso's bic is 2489.81186048294"
[17] "lglasso's bic is 2504.19453640748" "lglasso's bic is 2568.31009696728"
[19] "lglasso's bic is 2626.86739278314" "lglasso's bic is 2727.9825712134" 
[1] "The 9th simulation:"
[1] "two-community heter data are generated"
[1] "heter data are generated"
[1] "heter data are generated"
 [1] "lglasso's bic is 12224.4237130772" "lglasso's bic is 9827.20409546439"
 [3] "lglasso's bic is 8143.46264820826" "lglasso's bic is 6796.56083234237"
 [5] "lglasso's bic is 5612.47759480175" "lglasso's bic is 5170.73559888077"
 [7] "lglasso's bic is 4318.28480622935" "lglasso's bic is 3671.24704738347"
 [9] "lglasso's bic is 2580.41882802017" "lglasso's bic is 2733.64909779113"
[11] "lglasso's bic is 2435.69006639873" "lglasso's bic is 2258.50568431316"
[13] "lglasso's bic is 2153.73494036122" "lglasso's bic is 1999.27109263428"
[15] "lglasso's bic is 1987.03754886622" "lglasso's bic is 1990.0280624504" 
[17] "lglasso's bic is 1971.64311287475" "lglasso's bic is 1984.01504260549"
[19] "lglasso's bic is 2041.26270197506" "lglasso's bic is 2088.16077712033"
[1] "The 10th simulation:"
[1] "two-community heter data are generated"
[1] "heter data are generated"
[1] "heter data are generated"
 [1] "lglasso's bic is 13130.294816851"  "lglasso's bic is 10652.7281412325"
 [3] "lglasso's bic is 9012.05397723147" "lglasso's bic is 7653.22076887371"
 [5] "lglasso's bic is 6305.81367660677" "lglasso's bic is 5245.21955325657"
 [7] "lglasso's bic is 4447.42099214683" "lglasso's bic is 3792.26081096273"
 [9] "lglasso's bic is 3265.99457001087" "lglasso's bic is 2831.88062223929"
[11] "lglasso's bic is 2569.08377197091" "lglasso's bic is 2450.69338809645"
[13] "lglasso's bic is 2282.41851942826" "lglasso's bic is 2288.03719477126"
[15] "lglasso's bic is 2301.99032000469" "lglasso's bic is 2309.46266963777"
[17] "lglasso's bic is 2324.81035481273" "lglasso's bic is 2364.0087717983" 
[19] "lglasso's bic is 2465.99421215505" "lglasso's bic is 2518.45223378732"
[1] "The 11th simulation:"
[1] "two-community heter data are generated"
[1] "heter data are generated"
[1] "heter data are generated"
 [1] "lglasso's bic is 14122.2649187173" "lglasso's bic is 11495.0196831139"
 [3] "lglasso's bic is 9991.6358632485"  "lglasso's bic is 8516.14201188856"
 [5] "lglasso's bic is 7331.11501967425" "lglasso's bic is 6578.19976792698"
 [7] "lglasso's bic is 5694.30093413679" "lglasso's bic is 5037.80172770094"
 [9] "lglasso's bic is 4483.02672783295" "lglasso's bic is 3972.63532239826"
[11] "lglasso's bic is 3704.91064653343" "lglasso's bic is 3566.7163590124" 
[13] "lglasso's bic is 3507.44709279107" "lglasso's bic is 3468.57668049151"
[15] "lglasso's bic is 3453.74273775905" "lglasso's bic is 3472.19168650563"
[17] "lglasso's bic is 3708.63809585441" "lglasso's bic is 3782.63501215327"
[19] "lglasso's bic is 3803.67534846441" "lglasso's bic is 3861.9796695638" 
[1] "The 12th simulation:"
[1] "two-community heter data are generated"
[1] "heter data are generated"
[1] "heter data are generated"
 [1] "lglasso's bic is 12495.1920262804" "lglasso's bic is 9896.18214661066"
 [3] "lglasso's bic is 8317.82388319921" "lglasso's bic is 6914.31162436311"
 [5] "lglasso's bic is 5686.31700319849" "lglasso's bic is 4730.98319685864"
 [7] "lglasso's bic is 3867.8857570621"  "lglasso's bic is 3216.81584196267"
 [9] "lglasso's bic is 2717.26481765102" "lglasso's bic is 2435.36147128066"
[11] "lglasso's bic is 2061.08511315334" "lglasso's bic is 1764.86589118278"
[13] "lglasso's bic is 1643.0143144852"  "lglasso's bic is 1553.2511144111" 
[15] "lglasso's bic is 1493.86495639385" "lglasso's bic is 1548.42288615141"
[17] "lglasso's bic is 1549.87611452748" "lglasso's bic is 1553.98729535035"
[19] "lglasso's bic is 1569.64122381022" "lglasso's bic is 1609.58001973611"
[1] "The 13th simulation:"
[1] "two-community heter data are generated"
[1] "heter data are generated"
[1] "heter data are generated"
 [1] "lglasso's bic is 12801.7832494661" "lglasso's bic is 10095.2796100583"
 [3] "lglasso's bic is 8256.75782878468" "lglasso's bic is 6770.50106664596"
 [5] "lglasso's bic is 5649.35588177853" "lglasso's bic is 4840.24201310236"
 [7] "lglasso's bic is 4156.86588968409" "lglasso's bic is 3611.94048489196"
 [9] "lglasso's bic is 2984.44757796414" "lglasso's bic is 2525.95273381724"
[11] "lglasso's bic is 2317.77740585015" "lglasso's bic is 2204.70255817346"
[13] "lglasso's bic is 2031.23980054706" "lglasso's bic is 1982.46512585733"
[15] "lglasso's bic is 1959.12032107801" "lglasso's bic is 1918.24610634653"
[17] "lglasso's bic is 2023.77904867035" "lglasso's bic is 2072.24396426046"
[19] "lglasso's bic is 2144.41264380565" "lglasso's bic is 2188.47971586793"
[1] "The 14th simulation:"
[1] "two-community heter data are generated"
[1] "heter data are generated"
[1] "heter data are generated"
 [1] "lglasso's bic is 13552.7549124059" "lglasso's bic is 11261.985290506" 
 [3] "lglasso's bic is 9474.25785665903" "lglasso's bic is 7878.7246431091" 
 [5] "lglasso's bic is 6663.65012000613" "lglasso's bic is 5513.22717778641"
 [7] "lglasso's bic is 4619.55406500381" "lglasso's bic is 3939.62909431581"
 [9] "lglasso's bic is 3318.06584140772" "lglasso's bic is 2982.83677989174"
[11] "lglasso's bic is 2747.99713135646" "lglasso's bic is 2609.11149996264"
[13] "lglasso's bic is 2485.08878807421" "lglasso's bic is 2468.95396449441"
[15] "lglasso's bic is 2407.97724493477" "lglasso's bic is 2372.88076297687"
[17] "lglasso's bic is 2373.57714588625" "lglasso's bic is 2410.4651839886" 
[19] "lglasso's bic is 2431.97609023751" "lglasso's bic is 2465.97852888461"
[1] "The 15th simulation:"
[1] "two-community heter data are generated"
[1] "heter data are generated"
[1] "heter data are generated"
 [1] "lglasso's bic is 14423.8831048859" "lglasso's bic is 11842.6967540209"
 [3] "lglasso's bic is 10021.3335572849" "lglasso's bic is 8633.17810339369"
 [5] "lglasso's bic is 7251.0779923473"  "lglasso's bic is 6265.23446092866"
 [7] "lglasso's bic is 5571.24763426362" "lglasso's bic is 4895.07585179517"
 [9] "lglasso's bic is 4397.77666031554" "lglasso's bic is 4070.86084365352"
[11] "lglasso's bic is 3817.95970811006" "lglasso's bic is 3683.92155445276"
[13] "lglasso's bic is 3613.73449385673" "lglasso's bic is 3603.16373125982"
[15] "lglasso's bic is 3548.84092001198" "lglasso's bic is 3576.01341530853"
[17] "lglasso's bic is 3591.42106733784" "lglasso's bic is 3683.48413056483"
[19] "lglasso's bic is 3833.66555637284" "lglasso's bic is 3894.79181713784"
[1] "The 16th simulation:"
[1] "two-community heter data are generated"
[1] "heter data are generated"
[1] "heter data are generated"
 [1] "lglasso's bic is 12408.3538239124" "lglasso's bic is 10332.8777465145"
 [3] "lglasso's bic is 9088.23183418672" "lglasso's bic is 7646.63353335286"
 [5] "lglasso's bic is 6378.85024827411" "lglasso's bic is 5329.99356603262"
 [7] "lglasso's bic is 4488.66704762495" "lglasso's bic is 3880.66846214564"
 [9] "lglasso's bic is 3399.62581484993" "lglasso's bic is 2955.96601264954"
[11] "lglasso's bic is 2572.40903981123" "lglasso's bic is 2296.80924037427"
[13] "lglasso's bic is 2113.38121629363" "lglasso's bic is 1938.82774984046"
[15] "lglasso's bic is 1844.44457012932" "lglasso's bic is 1802.33942911787"
[17] "lglasso's bic is 1780.58426805594" "lglasso's bic is 1759.59477670141"
[19] "lglasso's bic is 1873.11301897731" "lglasso's bic is 1883.98660590181"
[1] "The 17th simulation:"
[1] "two-community heter data are generated"
[1] "heter data are generated"
[1] "heter data are generated"
 [1] "lglasso's bic is 12530.5598620582" "lglasso's bic is 9880.55727042886"
 [3] "lglasso's bic is 8011.89628943016" "lglasso's bic is 6754.44292954728"
 [5] "lglasso's bic is 5666.82690433253" "lglasso's bic is 4724.76026318525"
 [7] "lglasso's bic is 3830.92515433347" "lglasso's bic is 3173.64327794188"
 [9] "lglasso's bic is 2732.03231830762" "lglasso's bic is 2389.56574073105"
[11] "lglasso's bic is 2081.40390035234" "lglasso's bic is 1949.35916258024"
[13] "lglasso's bic is 1872.07198862816" "lglasso's bic is 1823.61324811528"
[15] "lglasso's bic is 1822.15699353359" "lglasso's bic is 1814.96092253922"
[17] "lglasso's bic is 1829.4197862712"  "lglasso's bic is 1878.3906029587" 
[19] "lglasso's bic is 1944.40764314581" "lglasso's bic is 2047.44281240056"
[1] "The 18th simulation:"
[1] "two-community heter data are generated"
[1] "heter data are generated"
[1] "heter data are generated"
 [1] "lglasso's bic is 13735.3531955268" "lglasso's bic is 11236.4605992839"
 [3] "lglasso's bic is 9345.62970323349" "lglasso's bic is 7747.46281200841"
 [5] "lglasso's bic is 6711.85640884635" "lglasso's bic is 5674.46149415445"
 [7] "lglasso's bic is 5039.12021977489" "lglasso's bic is 4249.67893036225"
 [9] "lglasso's bic is 3798.2229203486"  "lglasso's bic is 3364.75437964542"
[11] "lglasso's bic is 3119.51429761233" "lglasso's bic is 2957.31534497884"
[13] "lglasso's bic is 2891.61198664483" "lglasso's bic is 2828.68048920301"
[15] "lglasso's bic is 2806.98793171695" "lglasso's bic is 2892.29662023557"
[17] "lglasso's bic is 2922.34906365597" "lglasso's bic is 2933.18735442988"
[19] "lglasso's bic is 3126.64921063582" "lglasso's bic is 3174.42932956231"
[1] "The 19th simulation:"
[1] "two-community heter data are generated"
[1] "heter data are generated"
[1] "heter data are generated"
 [1] "lglasso's bic is 13979.062236828"  "lglasso's bic is 11512.3743177597"
 [3] "lglasso's bic is 9672.56255234394" "lglasso's bic is 8106.75845922215"
 [5] "lglasso's bic is 7077.7837680036"  "lglasso's bic is 6090.75891566457"
 [7] "lglasso's bic is 5571.83868177752" "lglasso's bic is 4875.22141644448"
 [9] "lglasso's bic is 4325.63801588189" "lglasso's bic is 3954.1868298079" 
[11] "lglasso's bic is 3582.07385675342" "lglasso's bic is 3286.73626999311"
[13] "lglasso's bic is 3160.14098040431" "lglasso's bic is 3047.55887711615"
[15] "lglasso's bic is 3024.95303683654" "lglasso's bic is 3036.34194301919"
[17] "lglasso's bic is 3034.77116800666" "lglasso's bic is 3082.99925464157"
[19] "lglasso's bic is 3109.52624776833" "lglasso's bic is 3312.72811233131"
[1] "The 20th simulation:"
[1] "two-community heter data are generated"
[1] "heter data are generated"
[1] "heter data are generated"
 [1] "lglasso's bic is 13090.0236829779" "lglasso's bic is 10480.6026073753"
 [3] "lglasso's bic is 8500.26804529745" "lglasso's bic is 6975.1195245304" 
 [5] "lglasso's bic is 5708.20127058808" "lglasso's bic is 4961.12077834317"
 [7] "lglasso's bic is 4077.00205480057" "lglasso's bic is 3571.32257063562"
 [9] "lglasso's bic is 3086.76916735996" "lglasso's bic is 2758.56232024855"
[11] "lglasso's bic is 2525.33570688558" "lglasso's bic is 2567.40925100396"
[13] "lglasso's bic is 2393.74185756866" "lglasso's bic is 2328.30638071751"
[15] "lglasso's bic is 2283.2028017963"  "lglasso's bic is 2247.74168847416"
[17] "lglasso's bic is 2269.17887278516" "lglasso's bic is 2261.00639771865"
[19] "lglasso's bic is 2443.25922849131" "lglasso's bic is 2487.8443850263" 
[1] "The 21th simulation:"
[1] "two-community heter data are generated"
[1] "heter data are generated"
[1] "heter data are generated"
 [1] "lglasso's bic is 14602.0834847"    "lglasso's bic is 12485.9011781343"
 [3] "lglasso's bic is 10938.8339116149" "lglasso's bic is 9373.50136524788"
 [5] "lglasso's bic is 8045.19664922082" "lglasso's bic is 7185.79056516635"
 [7] "lglasso's bic is 6417.87743102869" "lglasso's bic is 5864.83461448078"
 [9] "lglasso's bic is 5282.34736460488" "lglasso's bic is 4838.60732439245"
[11] "lglasso's bic is 4562.15063261272" "lglasso's bic is 4318.13846436998"
[13] "lglasso's bic is 4155.94760892121" "lglasso's bic is 4090.7644477948" 
[15] "lglasso's bic is 4008.31198113415" "lglasso's bic is 3961.41567403023"
[17] "lglasso's bic is 3959.00224281469" "lglasso's bic is 3958.73014398865"
[19] "lglasso's bic is 4031.65256629193" "lglasso's bic is 4079.27769567259"
[1] "The 22th simulation:"
[1] "two-community heter data are generated"
[1] "heter data are generated"
[1] "heter data are generated"
 [1] "lglasso's bic is 15509.1344522923" "lglasso's bic is 13176.3718398876"
 [3] "lglasso's bic is 11474.1931803461" "lglasso's bic is 10160.0735647686"
 [5] "lglasso's bic is 9158.76363456651" "lglasso's bic is 8180.66235133397"
 [7] "lglasso's bic is 7389.125351055"   "lglasso's bic is 6873.05574002132"
 [9] "lglasso's bic is 6221.84879795021" "lglasso's bic is 5756.68908902052"
[11] "lglasso's bic is 5438.31516106281" "lglasso's bic is 5166.93170748272"
[13] "lglasso's bic is 5040.90066663574" "lglasso's bic is 5001.32992544104"
[15] "lglasso's bic is 4983.33247124021" "lglasso's bic is 4927.57860086227"
[17] "lglasso's bic is 4943.44474749187" "lglasso's bic is 4957.89799831623"
[19] "lglasso's bic is 4998.06255302921" "lglasso's bic is 5034.70373710287"
[1] "The 23th simulation:"
[1] "two-community heter data are generated"
[1] "heter data are generated"
[1] "heter data are generated"
 [1] "lglasso's bic is 13710.8283393965" "lglasso's bic is 11266.9646768927"
 [3] "lglasso's bic is 9471.97047696712" "lglasso's bic is 8057.43740176009"
 [5] "lglasso's bic is 6982.82260076609" "lglasso's bic is 6093.54974477006"
 [7] "lglasso's bic is 5281.79096569744" "lglasso's bic is 4764.28853308615"
 [9] "lglasso's bic is 4237.37547760422" "lglasso's bic is 3797.48653591986"
[11] "lglasso's bic is 3504.17100079476" "lglasso's bic is 3266.32267488247"
[13] "lglasso's bic is 3141.57930885139" "lglasso's bic is 3149.63765648806"
[15] "lglasso's bic is 3162.68789283353" "lglasso's bic is 3171.78888286086"
[17] "lglasso's bic is 3165.16624524066" "lglasso's bic is 3299.32032933132"
[19] "lglasso's bic is 3331.4804869527"  "lglasso's bic is 3374.65836613576"
[1] "The 24th simulation:"
[1] "two-community heter data are generated"
[1] "heter data are generated"
[1] "heter data are generated"
 [1] "lglasso's bic is 14166.9972415127" "lglasso's bic is 11967.4308878779"
 [3] "lglasso's bic is 10283.2902075161" "lglasso's bic is 8799.68521385145"
 [5] "lglasso's bic is 7565.43547895293" "lglasso's bic is 6402.74387175466"
 [7] "lglasso's bic is 5652.26979465721" "lglasso's bic is 5082.92502263485"
 [9] "lglasso's bic is 4401.01029231681" "lglasso's bic is 3937.8036492456" 
[11] "lglasso's bic is 3683.05298851062" "lglasso's bic is 3498.04417573836"
[13] "lglasso's bic is 3382.59033734794" "lglasso's bic is 3258.76391956815"
[15] "lglasso's bic is 3232.26331735937" "lglasso's bic is 3230.916841637"  
[17] "lglasso's bic is 3210.41794464976" "lglasso's bic is 3259.10202392137"
[19] "lglasso's bic is 3279.79290874865" "lglasso's bic is 3338.67290260928"
[1] "The 25th simulation:"
[1] "two-community heter data are generated"
[1] "heter data are generated"
[1] "heter data are generated"
 [1] "lglasso's bic is 12528.9948605553" "lglasso's bic is 9694.85389225346"
 [3] "lglasso's bic is 7758.83358128364" "lglasso's bic is 6130.4106852644" 
 [5] "lglasso's bic is 4944.95204367043" "lglasso's bic is 4139.8702270974" 
 [7] "lglasso's bic is 3286.77622567576" "lglasso's bic is 2683.5166130846" 
 [9] "lglasso's bic is 2170.54227535161" "lglasso's bic is 1899.29890004343"
[11] "lglasso's bic is 1607.8073879458"  "lglasso's bic is 1482.38235065036"
[13] "lglasso's bic is 1395.85539296629" "lglasso's bic is 1354.05199379161"
[15] "lglasso's bic is 1333.6092292235"  "lglasso's bic is 1358.79250309417"
[17] "lglasso's bic is 1435.62548499617" "lglasso's bic is 1497.86250307273"
[19] "lglasso's bic is 1557.25054519854" "lglasso's bic is 1618.94968018615"
[1] "The 26th simulation:"
[1] "two-community heter data are generated"
[1] "heter data are generated"
[1] "heter data are generated"
 [1] "lglasso's bic is 13458.0893097994" "lglasso's bic is 10922.4629262667"
 [3] "lglasso's bic is 9183.95134309946" "lglasso's bic is 7839.81861400976"
 [5] "lglasso's bic is 6554.31336779658" "lglasso's bic is 5449.15056407721"
 [7] "lglasso's bic is 4628.39616437358" "lglasso's bic is 3827.21381898466"
 [9] "lglasso's bic is 3383.79708536653" "lglasso's bic is 2997.11626635253"
[11] "lglasso's bic is 2817.42608758886" "lglasso's bic is 2614.94992077157"
[13] "lglasso's bic is 2522.90584917275" "lglasso's bic is 2644.85552295636"
[15] "lglasso's bic is 2567.26369611361" "lglasso's bic is 2570.0840844596" 
[17] "lglasso's bic is 2619.66876104255" "lglasso's bic is 2637.42280878092"
[19] "lglasso's bic is 2672.41520498163" "lglasso's bic is 2728.31072411771"
[1] "The 27th simulation:"
[1] "two-community heter data are generated"
[1] "heter data are generated"
[1] "heter data are generated"
 [1] "lglasso's bic is 13908.081128482"  "lglasso's bic is 11835.528337075" 
 [3] "lglasso's bic is 10115.9204429534" "lglasso's bic is 8440.39510787033"
 [5] "lglasso's bic is 7288.1029232323"  "lglasso's bic is 6377.93348042402"
 [7] "lglasso's bic is 5603.15660804333" "lglasso's bic is 4912.37106318109"
 [9] "lglasso's bic is 4323.1363785944"  "lglasso's bic is 3850.17523489437"
[11] "lglasso's bic is 3561.94459817009" "lglasso's bic is 3315.65471306768"
[13] "lglasso's bic is 3130.34300690597" "lglasso's bic is 3079.99619349312"
[15] "lglasso's bic is 3005.42724725133" "lglasso's bic is 2951.40115724332"
[17] "lglasso's bic is 2953.75228618393" "lglasso's bic is 2951.55993677499"
[19] "lglasso's bic is 2976.20527738776" "lglasso's bic is 3028.67359395437"
[1] "The 28th simulation:"
[1] "two-community heter data are generated"
[1] "heter data are generated"
[1] "heter data are generated"
 [1] "lglasso's bic is 12049.0028577537" "lglasso's bic is 10019.4372751347"
 [3] "lglasso's bic is 8547.68456166264" "lglasso's bic is 7204.89715609189"
 [5] "lglasso's bic is 5989.75385253627" "lglasso's bic is 5030.40279024945"
 [7] "lglasso's bic is 4316.08678061697" "lglasso's bic is 3641.7181609929" 
 [9] "lglasso's bic is 3098.60884830704" "lglasso's bic is 2570.55764541943"
[11] "lglasso's bic is 2233.66804449678" "lglasso's bic is 1872.12327027417"
[13] "lglasso's bic is 1629.80605032961" "lglasso's bic is 1470.16826254992"
[15] "lglasso's bic is 1371.91243573172" "lglasso's bic is 1389.57022653836"
[17] "lglasso's bic is 1350.56576511028" "lglasso's bic is 1283.16273726636"
[19] "lglasso's bic is 1307.36837461428" "lglasso's bic is 1393.57263295947"
[1] "The 29th simulation:"
[1] "two-community heter data are generated"
[1] "heter data are generated"
[1] "heter data are generated"
 [1] "lglasso's bic is 13344.1922545348" "lglasso's bic is 10994.5318065264"
 [3] "lglasso's bic is 9316.68069130743" "lglasso's bic is 7757.8454547102" 
 [5] "lglasso's bic is 6624.19974715259" "lglasso's bic is 5621.23779123213"
 [7] "lglasso's bic is 4762.53279375888" "lglasso's bic is 3677.49271559132"
 [9] "lglasso's bic is 3220.52234744972" "lglasso's bic is 2969.33503174123"
[11] "lglasso's bic is 2641.63342416537" "lglasso's bic is 2465.2269293349" 
[13] "lglasso's bic is 2341.34374979683" "lglasso's bic is 2293.40420616073"
[15] "lglasso's bic is 2209.20400685188" "lglasso's bic is 2244.50127839875"
[17] "lglasso's bic is 2245.71683772857" "lglasso's bic is 2443.95510413692"
[19] "lglasso's bic is 2456.46442256333" "lglasso's bic is 2522.80697447123"
[1] "The 30th simulation:"
[1] "two-community heter data are generated"
[1] "heter data are generated"
[1] "heter data are generated"
 [1] "lglasso's bic is 11343.0162570827" "lglasso's bic is 8626.98444241545"
 [3] "lglasso's bic is 6977.22249751282" "lglasso's bic is 5454.57145485563"
 [5] "lglasso's bic is 4274.26341015528" "lglasso's bic is 3399.31375317626"
 [7] "lglasso's bic is 2570.83790386216" "lglasso's bic is 2044.1394570253" 
 [9] "lglasso's bic is 1643.91455481575" "lglasso's bic is 1287.835627091"  
[11] "lglasso's bic is 1000.50364493705" "lglasso's bic is 880.75934628197" 
[13] "lglasso's bic is 947.062279830557" "lglasso's bic is 995.844972805408"
[15] "lglasso's bic is 957.479396188669" "lglasso's bic is 949.812984921125"
[17] "lglasso's bic is 977.075540449117" "lglasso's bic is 1027.99170696265"
[19] "lglasso's bic is 1173.16330417637" "lglasso's bic is 1236.66661938511"
[1] "The 31th simulation:"
[1] "two-community heter data are generated"
[1] "heter data are generated"
[1] "heter data are generated"
 [1] "lglasso's bic is 13463.4138653803" "lglasso's bic is 10822.9925753867"
 [3] "lglasso's bic is 9302.36134742366" "lglasso's bic is 7823.88900357693"
 [5] "lglasso's bic is 6694.58729727963" "lglasso's bic is 5725.25092687514"
 [7] "lglasso's bic is 4996.15171092541" "lglasso's bic is 4227.12823844874"
 [9] "lglasso's bic is 3708.92436690514" "lglasso's bic is 3364.63904499324"
[11] "lglasso's bic is 3073.69323781091" "lglasso's bic is 2885.35501529841"
[13] "lglasso's bic is 2804.21072576898" "lglasso's bic is 2784.78520968813"
[15] "lglasso's bic is 2755.63459404991" "lglasso's bic is 2791.24613394296"
[17] "lglasso's bic is 2821.00435153078" "lglasso's bic is 2945.21858473686"
[19] "lglasso's bic is 3063.88904062915" "lglasso's bic is 3094.38808792387"
[1] "The 32th simulation:"
[1] "two-community heter data are generated"
[1] "heter data are generated"
[1] "heter data are generated"
 [1] "lglasso's bic is 14103.7345753037" "lglasso's bic is 11407.8345253636"
 [3] "lglasso's bic is 9570.06967301098" "lglasso's bic is 8435.52652205628"
 [5] "lglasso's bic is 7648.4174487414"  "lglasso's bic is 6613.72638302603"
 [7] "lglasso's bic is 5736.07567677055" "lglasso's bic is 5098.02312154788"
 [9] "lglasso's bic is 4534.95074700537" "lglasso's bic is 4134.50386702634"
[11] "lglasso's bic is 3418.91213549653" "lglasso's bic is 3261.13722528287"
[13] "lglasso's bic is 3169.87095690613" "lglasso's bic is 3241.05089202495"
[15] "lglasso's bic is 3077.95946660972" "lglasso's bic is 3068.20093427343"
[17] "lglasso's bic is 3209.16378959219" "lglasso's bic is 3239.00948562595"
[19] "lglasso's bic is 3264.91520651697" "lglasso's bic is 3313.98625901725"
[1] "The 33th simulation:"
[1] "two-community heter data are generated"
[1] "heter data are generated"
[1] "heter data are generated"
 [1] "lglasso's bic is 14176.2461879676" "lglasso's bic is 11641.5093497948"
 [3] "lglasso's bic is 9931.98380929418" "lglasso's bic is 8391.06670480226"
 [5] "lglasso's bic is 7274.79267271278" "lglasso's bic is 6352.56943847898"
 [7] "lglasso's bic is 5698.89961498015" "lglasso's bic is 5198.41270786244"
 [9] "lglasso's bic is 4682.7836328093"  "lglasso's bic is 4248.44918897213"
[11] "lglasso's bic is 4011.57321910865" "lglasso's bic is 3703.8274621468" 
[13] "lglasso's bic is 3573.06815464664" "lglasso's bic is 3437.4899798051" 
[15] "lglasso's bic is 3387.16375696823" "lglasso's bic is 3364.80952992743"
[17] "lglasso's bic is 3360.9764156941"  "lglasso's bic is 3402.14737449307"
[19] "lglasso's bic is 3446.47898837"    "lglasso's bic is 3483.73805724872"
[1] "The 34th simulation:"
[1] "two-community heter data are generated"
[1] "heter data are generated"
[1] "heter data are generated"
 [1] "lglasso's bic is 13600.5171300661" "lglasso's bic is 11217.7257450375"
 [3] "lglasso's bic is 9313.35746592142" "lglasso's bic is 7997.6918831714" 
 [5] "lglasso's bic is 6797.76711138514" "lglasso's bic is 5926.15112311315"
 [7] "lglasso's bic is 5136.57058396044" "lglasso's bic is 4498.36268624213"
 [9] "lglasso's bic is 3845.21958608176" "lglasso's bic is 3514.9645833695" 
[11] "lglasso's bic is 3154.96602994244" "lglasso's bic is 2987.58723362678"
[13] "lglasso's bic is 2841.66480459636" "lglasso's bic is 2822.75724749183"
[15] "lglasso's bic is 2771.95274462021" "lglasso's bic is 2759.37619396724"
[17] "lglasso's bic is 2803.91218772908" "lglasso's bic is 2887.01769295906"
[19] "lglasso's bic is 2893.59725424444" "lglasso's bic is 2941.21753407232"
[1] "The 35th simulation:"
[1] "two-community heter data are generated"
[1] "heter data are generated"
[1] "heter data are generated"
 [1] "lglasso's bic is 15367.2775474209" "lglasso's bic is 12970.1787820527"
 [3] "lglasso's bic is 11186.3636302462" "lglasso's bic is 9964.2884348766" 
 [5] "lglasso's bic is 8698.81472856364" "lglasso's bic is 7611.1894763351" 
 [7] "lglasso's bic is 6770.63887338112" "lglasso's bic is 6148.67013147588"
 [9] "lglasso's bic is 5545.60581677304" "lglasso's bic is 5050.27442627201"
[11] "lglasso's bic is 4738.75663500518" "lglasso's bic is 4558.30156485333"
[13] "lglasso's bic is 4425.19263094581" "lglasso's bic is 4248.69523584695"
[15] "lglasso's bic is 4175.21905629384" "lglasso's bic is 4152.21355929752"
[17] "lglasso's bic is 4101.14630557857" "lglasso's bic is 4123.42210312491"
[19] "lglasso's bic is 4134.79895861787" "lglasso's bic is 4186.58182268046"
[1] "The 36th simulation:"
[1] "two-community heter data are generated"
[1] "heter data are generated"
[1] "heter data are generated"
 [1] "lglasso's bic is 14141.5868404382" "lglasso's bic is 11652.5958508899"
 [3] "lglasso's bic is 9964.17806565451" "lglasso's bic is 8554.41925307349"
 [5] "lglasso's bic is 7320.42955232763" "lglasso's bic is 6289.73480774206"
 [7] "lglasso's bic is 5482.21092245118" "lglasso's bic is 4640.79234540904"
 [9] "lglasso's bic is 4143.50283344099" "lglasso's bic is 3777.73071805203"
[11] "lglasso's bic is 3481.17060237487" "lglasso's bic is 3376.63778610464"
[13] "lglasso's bic is 3328.98834035309" "lglasso's bic is 3220.03705597463"
[15] "lglasso's bic is 3164.18039623766" "lglasso's bic is 3166.67893792061"
[17] "lglasso's bic is 3162.20190022245" "lglasso's bic is 3170.40194685521"
[19] "lglasso's bic is 3195.82301749867" "lglasso's bic is 3241.78092527403"
[1] "The 37th simulation:"
[1] "two-community heter data are generated"
[1] "heter data are generated"
[1] "heter data are generated"
 [1] "lglasso's bic is 15171.8336664008" "lglasso's bic is 12572.585569693" 
 [3] "lglasso's bic is 10570.297834533"  "lglasso's bic is 9099.9171887488" 
 [5] "lglasso's bic is 7904.09896502437" "lglasso's bic is 6918.97388100645"
 [7] "lglasso's bic is 6148.62010938481" "lglasso's bic is 5670.80906066049"
 [9] "lglasso's bic is 5148.58781969937" "lglasso's bic is 4796.24593054069"
[11] "lglasso's bic is 4516.50276982625" "lglasso's bic is 4297.01269457326"
[13] "lglasso's bic is 4134.43510605192" "lglasso's bic is 4028.03762162779"
[15] "lglasso's bic is 4003.3534753499"  "lglasso's bic is 4016.30286604724"
[17] "lglasso's bic is 4005.37717525358" "lglasso's bic is 4035.91648271486"
[19] "lglasso's bic is 4050.834358645"   "lglasso's bic is 4082.84030536815"
[1] "The 38th simulation:"
[1] "two-community heter data are generated"
[1] "heter data are generated"
[1] "heter data are generated"
 [1] "lglasso's bic is 12347.3898140897" "lglasso's bic is 9350.15326074662"
 [3] "lglasso's bic is 7701.64357137992" "lglasso's bic is 6469.00907651323"
 [5] "lglasso's bic is 5342.16115399641" "lglasso's bic is 4355.08647753965"
 [7] "lglasso's bic is 3555.61816438299" "lglasso's bic is 2965.54156039095"
 [9] "lglasso's bic is 2398.58824727786" "lglasso's bic is 2078.72531010921"
[11] "lglasso's bic is 1844.77212953696" "lglasso's bic is 1727.05091706285"
[13] "lglasso's bic is 1670.96902552802" "lglasso's bic is 1665.04714624856"
[15] "lglasso's bic is 1718.87924927774" "lglasso's bic is 1756.73358481423"
[17] "lglasso's bic is 1864.11881594113" "lglasso's bic is 1936.07457780895"
[19] "lglasso's bic is 2021.45729600668" "lglasso's bic is 2094.70339090091"
[1] "The 39th simulation:"
[1] "two-community heter data are generated"
[1] "heter data are generated"
[1] "heter data are generated"
 [1] "lglasso's bic is 14549.5793739485" "lglasso's bic is 12070.9603894494"
 [3] "lglasso's bic is 10061.8318875071" "lglasso's bic is 8719.87512294448"
 [5] "lglasso's bic is 7588.5131758926"  "lglasso's bic is 6675.43320845497"
 [7] "lglasso's bic is 5653.68623897016" "lglasso's bic is 5017.19846624302"
 [9] "lglasso's bic is 4513.49269257997" "lglasso's bic is 4194.86004303798"
[11] "lglasso's bic is 3908.05019954541" "lglasso's bic is 3706.4322252908" 
[13] "lglasso's bic is 3646.94348845536" "lglasso's bic is 3599.6047299972" 
[15] "lglasso's bic is 3594.23188608662" "lglasso's bic is 3614.07160777949"
[17] "lglasso's bic is 3765.21290649003" "lglasso's bic is 3771.34737555336"
[19] "lglasso's bic is 3873.81889926252" "lglasso's bic is 3918.17173224457"
[1] "The 40th simulation:"
[1] "two-community heter data are generated"
[1] "heter data are generated"
[1] "heter data are generated"
 [1] "lglasso's bic is 14394.3051694277" "lglasso's bic is 11828.7930218471"
 [3] "lglasso's bic is 9929.75311392563" "lglasso's bic is 8416.18517040393"
 [5] "lglasso's bic is 7601.980126154"   "lglasso's bic is 6687.72324776544"
 [7] "lglasso's bic is 6043.68854681839" "lglasso's bic is 5380.44058582987"
 [9] "lglasso's bic is 4845.25960325235" "lglasso's bic is 4494.75668232756"
[11] "lglasso's bic is 4154.73348308028" "lglasso's bic is 3901.2569088828" 
[13] "lglasso's bic is 3795.82660112784" "lglasso's bic is 3637.92848759299"
[15] "lglasso's bic is 3620.76526750372" "lglasso's bic is 3611.06933829196"
[17] "lglasso's bic is 3701.46187933565" "lglasso's bic is 3820.83039614556"
[19] "lglasso's bic is 3868.52341176561" "lglasso's bic is 3893.56137161244"
[1] "The 41th simulation:"
[1] "two-community heter data are generated"
[1] "heter data are generated"
[1] "heter data are generated"
 [1] "lglasso's bic is 14407.1429015"    "lglasso's bic is 11886.1772828391"
 [3] "lglasso's bic is 9999.33742342163" "lglasso's bic is 8502.0896017856" 
 [5] "lglasso's bic is 7486.30730382298" "lglasso's bic is 6522.65281427817"
 [7] "lglasso's bic is 5810.2643711166"  "lglasso's bic is 5105.41239746578"
 [9] "lglasso's bic is 4566.92018282067" "lglasso's bic is 4153.14606484473"
[11] "lglasso's bic is 3895.26845962571" "lglasso's bic is 3770.90199578258"
[13] "lglasso's bic is 3667.89291332906" "lglasso's bic is 3603.29288563822"
[15] "lglasso's bic is 3702.97261990244" "lglasso's bic is 3667.07694323492"
[17] "lglasso's bic is 3692.34916857058" "lglasso's bic is 3717.03812936235"
[19] "lglasso's bic is 3866.25809312204" "lglasso's bic is 3926.27516089241"
[1] "The 42th simulation:"
[1] "two-community heter data are generated"
[1] "heter data are generated"
[1] "heter data are generated"
 [1] "lglasso's bic is 10789.904198862"  "lglasso's bic is 8097.57883910918"
 [3] "lglasso's bic is 6376.57535453289" "lglasso's bic is 5054.12578370737"
 [5] "lglasso's bic is 3868.16891087418" "lglasso's bic is 2768.21250600536"
 [7] "lglasso's bic is 2106.84696675203" "lglasso's bic is 1598.65930330594"
 [9] "lglasso's bic is 1140.03234081665" "lglasso's bic is 855.020203550087"
[11] "lglasso's bic is 782.779650495835" "lglasso's bic is 635.179659730444"
[13] "lglasso's bic is 534.721352466366" "lglasso's bic is 476.724645349705"
[15] "lglasso's bic is 468.836306931862" "lglasso's bic is 463.38423061282" 
[17] "lglasso's bic is 514.195599828938" "lglasso's bic is 579.344013774412"
[19] "lglasso's bic is 648.311301573954" "lglasso's bic is 723.023048405461"
[1] "The 43th simulation:"
[1] "two-community heter data are generated"
[1] "heter data are generated"
[1] "heter data are generated"
 [1] "lglasso's bic is 13677.1318711428" "lglasso's bic is 11164.7402948409"
 [3] "lglasso's bic is 9444.85516798845" "lglasso's bic is 8037.98575948189"
 [5] "lglasso's bic is 7084.44794071815" "lglasso's bic is 6025.69836451605"
 [7] "lglasso's bic is 5224.19460215454" "lglasso's bic is 4560.54189264365"
 [9] "lglasso's bic is 3950.11185517044" "lglasso's bic is 3477.97113518169"
[11] "lglasso's bic is 3214.76253257029" "lglasso's bic is 3015.0755171267" 
[13] "lglasso's bic is 2861.14914560906" "lglasso's bic is 2815.83878529218"
[15] "lglasso's bic is 2727.15157607219" "lglasso's bic is 2713.11239208565"
[17] "lglasso's bic is 2707.7875552964"  "lglasso's bic is 2755.09436070116"
[19] "lglasso's bic is 2785.50393762612" "lglasso's bic is 2819.41409056581"
[1] "The 44th simulation:"
[1] "two-community heter data are generated"
[1] "heter data are generated"
[1] "heter data are generated"
 [1] "lglasso's bic is 13086.838111402"  "lglasso's bic is 10397.5725016325"
 [3] "lglasso's bic is 8941.6841163623"  "lglasso's bic is 7468.9675122538" 
 [5] "lglasso's bic is 6300.50689105677" "lglasso's bic is 5303.29785513906"
 [7] "lglasso's bic is 4479.94099469863" "lglasso's bic is 3844.63640896576"
 [9] "lglasso's bic is 3289.74321465558" "lglasso's bic is 2972.83664718308"
[11] "lglasso's bic is 2682.21916228822" "lglasso's bic is 2548.41279588252"
[13] "lglasso's bic is 2338.38780210092" "lglasso's bic is 2250.75536959769"
[15] "lglasso's bic is 2242.78112072176" "lglasso's bic is 2273.87045930244"
[17] "lglasso's bic is 2305.99820197658" "lglasso's bic is 2341.82620197371"
[19] "lglasso's bic is 2379.72402860562" "lglasso's bic is 2750.86899814215"
[1] "The 45th simulation:"
[1] "two-community heter data are generated"
[1] "heter data are generated"
[1] "heter data are generated"
 [1] "lglasso's bic is 13244.1448998847" "lglasso's bic is 10816.5295404502"
 [3] "lglasso's bic is 9056.21543952167" "lglasso's bic is 7431.36582190428"
 [5] "lglasso's bic is 6207.02334942638" "lglasso's bic is 5214.4326608802" 
 [7] "lglasso's bic is 4318.88171228702" "lglasso's bic is 3709.68199827843"
 [9] "lglasso's bic is 3176.20843872601" "lglasso's bic is 2694.04333606046"
[11] "lglasso's bic is 2464.83619216868" "lglasso's bic is 2291.51289705789"
[13] "lglasso's bic is 2221.00610235914" "lglasso's bic is 2209.2226143186" 
[15] "lglasso's bic is 2179.97698324947" "lglasso's bic is 2245.21115142605"
[17] "lglasso's bic is 2258.41137963163" "lglasso's bic is 2286.49800992491"
[19] "lglasso's bic is 2319.99494537667" "lglasso's bic is 2359.87634519972"
[1] "The 46th simulation:"
[1] "two-community heter data are generated"
[1] "heter data are generated"
[1] "heter data are generated"
 [1] "lglasso's bic is 14951.2340551165" "lglasso's bic is 12660.3295116538"
 [3] "lglasso's bic is 10925.0769657606" "lglasso's bic is 9763.87099389749"
 [5] "lglasso's bic is 8521.47519918811" "lglasso's bic is 7597.34338351754"
 [7] "lglasso's bic is 6658.99094359342" "lglasso's bic is 5977.26298867095"
 [9] "lglasso's bic is 5367.07617052937" "lglasso's bic is 5007.30666848311"
[11] "lglasso's bic is 4642.44181851707" "lglasso's bic is 4385.33365212444"
[13] "lglasso's bic is 4298.02725023987" "lglasso's bic is 4202.52032275216"
[15] "lglasso's bic is 4181.74526940529" "lglasso's bic is 4143.6204415614" 
[17] "lglasso's bic is 4171.11506338551" "lglasso's bic is 4179.79341412746"
[19] "lglasso's bic is 4210.43004497988" "lglasso's bic is 4268.48466929231"
[1] "The 47th simulation:"
[1] "two-community heter data are generated"
[1] "heter data are generated"
[1] "heter data are generated"
 [1] "lglasso's bic is 14588.569154251"  "lglasso's bic is 12373.7477899889"
 [3] "lglasso's bic is 10734.2523024932" "lglasso's bic is 9371.89772821317"
 [5] "lglasso's bic is 8283.33005534031" "lglasso's bic is 7324.38335979681"
 [7] "lglasso's bic is 6465.67598241445" "lglasso's bic is 5688.06100587616"
 [9] "lglasso's bic is 5042.13344896621" "lglasso's bic is 4761.78975026129"
[11] "lglasso's bic is 4520.67577357951" "lglasso's bic is 4311.73961186785"
[13] "lglasso's bic is 4175.55826535275" "lglasso's bic is 4002.4663468301" 
[15] "lglasso's bic is 3950.23384216133" "lglasso's bic is 3927.30157461306"
[17] "lglasso's bic is 3962.63702224981" "lglasso's bic is 3977.04468943837"
[19] "lglasso's bic is 4001.97684535859" "lglasso's bic is 4100.43651684284"
[1] "The 48th simulation:"
[1] "two-community heter data are generated"
[1] "heter data are generated"
[1] "heter data are generated"
 [1] "lglasso's bic is 16337.5971560176" "lglasso's bic is 13946.6298506194"
 [3] "lglasso's bic is 12156.7864499963" "lglasso's bic is 11020.6107793362"
 [5] "lglasso's bic is 9937.44051102261" "lglasso's bic is 9006.80281783258"
 [7] "lglasso's bic is 8024.3002122367"  "lglasso's bic is 7375.26368724926"
 [9] "lglasso's bic is 6801.05935353595" "lglasso's bic is 6304.63011102244"
[11] "lglasso's bic is 5957.94989854341" "lglasso's bic is 5661.37827493145"
[13] "lglasso's bic is 5421.72498324505" "lglasso's bic is 5293.86852065372"
[15] "lglasso's bic is 5213.52052843888" "lglasso's bic is 5126.60322651582"
[17] "lglasso's bic is 5098.94079367737" "lglasso's bic is 5128.18900696384"
[19] "lglasso's bic is 5147.63210623092" "lglasso's bic is 5148.23151595772"
[1] "The 49th simulation:"
[1] "two-community heter data are generated"
[1] "heter data are generated"
[1] "heter data are generated"
 [1] "lglasso's bic is 12764.1082034747" "lglasso's bic is 10267.1515751836"
 [3] "lglasso's bic is 8542.16447592052" "lglasso's bic is 6895.49806147634"
 [5] "lglasso's bic is 5629.38322679612" "lglasso's bic is 4749.54323306437"
 [7] "lglasso's bic is 4065.33854371339" "lglasso's bic is 3273.79602574031"
 [9] "lglasso's bic is 2805.90491627996" "lglasso's bic is 2417.71763186878"
[11] "lglasso's bic is 2207.27183219937" "lglasso's bic is 2094.15334131861"
[13] "lglasso's bic is 1988.84155107346" "lglasso's bic is 1948.69901035156"
[15] "lglasso's bic is 1956.89286921581" "lglasso's bic is 1990.97448158649"
[17] "lglasso's bic is 2021.62247049987" "lglasso's bic is 2097.0357265755" 
[19] "lglasso's bic is 2144.1448198386"  "lglasso's bic is 2381.03076174719"
[1] "The 50th simulation:"
[1] "two-community heter data are generated"
[1] "heter data are generated"
[1] "heter data are generated"
 [1] "lglasso's bic is 11650.4025655053" "lglasso's bic is 9405.28126856693"
 [3] "lglasso's bic is 7828.20756767327" "lglasso's bic is 6419.72428274425"
 [5] "lglasso's bic is 5264.06925792277" "lglasso's bic is 4221.0185191543" 
 [7] "lglasso's bic is 3452.78715704912" "lglasso's bic is 2787.95728948553"
 [9] "lglasso's bic is 2259.76654209518" "lglasso's bic is 1664.52908535552"
[11] "lglasso's bic is 1376.18837956749" "lglasso's bic is 1199.69366365478"
[13] "lglasso's bic is 1049.04276628534" "lglasso's bic is 898.354643043504"
[15] "lglasso's bic is 855.363429881222" "lglasso's bic is 866.189942034705"
[17] "lglasso's bic is 825.698045850625" "lglasso's bic is 1050.80068651888"
[19] "lglasso's bic is 1058.98309711674" "lglasso's bic is 1081.49595059027"
There were 50 or more warnings (use warnings() to see the first 50)
> save(simures,file="subject=20_time=10_uu2=0.2.Rd")
> q("no")
> proc.time()
    user   system  elapsed 
14215.29    72.62 17759.66 
